<?xml version="1.0" encoding="UTF-8"?>
<testsuite xmlns:xsi="http://www.w3.org/2001/XMLSchema-instance" xsi:noNamespaceSchemaLocation="https://maven.apache.org/surefire/maven-surefire-plugin/xsd/surefire-test-report-3.0.xsd" version="3.0" name="TestSuite" time="407.597" tests="13" errors="0" skipped="0" failures="0">
  <properties>
    <property name="java.specification.version" value="17"/>
    <property name="sun.cpu.isalist" value="amd64"/>
    <property name="sun.jnu.encoding" value="Cp1252"/>
    <property name="java.class.path" value="C:\Users\super\eclipse-AppiumProject\demo_app\target\test-classes;C:\Users\super\eclipse-AppiumProject\demo_app\target\classes;C:\Users\super\.m2\repository\io\appium\java-client\8.6.0\java-client-8.6.0.jar;C:\Users\super\.m2\repository\org\seleniumhq\selenium\selenium-api\4.13.0\selenium-api-4.13.0.jar;C:\Users\super\.m2\repository\org\seleniumhq\selenium\selenium-remote-driver\4.13.0\selenium-remote-driver-4.13.0.jar;C:\Users\super\.m2\repository\com\google\auto\service\auto-service-annotations\1.1.1\auto-service-annotations-1.1.1.jar;C:\Users\super\.m2\repository\com\google\guava\guava\32.1.2-jre\guava-32.1.2-jre.jar;C:\Users\super\.m2\repository\com\google\guava\failureaccess\1.0.1\failureaccess-1.0.1.jar;C:\Users\super\.m2\repository\com\google\guava\listenablefuture\9999.0-empty-to-avoid-conflict-with-guava\listenablefuture-9999.0-empty-to-avoid-conflict-with-guava.jar;C:\Users\super\.m2\repository\com\google\code\findbugs\jsr305\3.0.2\jsr305-3.0.2.jar;C:\Users\super\.m2\repository\org\checkerframework\checker-qual\3.33.0\checker-qual-3.33.0.jar;C:\Users\super\.m2\repository\com\google\errorprone\error_prone_annotations\2.18.0\error_prone_annotations-2.18.0.jar;C:\Users\super\.m2\repository\com\google\j2objc\j2objc-annotations\2.8\j2objc-annotations-2.8.jar;C:\Users\super\.m2\repository\io\netty\netty-buffer\4.1.96.Final\netty-buffer-4.1.96.Final.jar;C:\Users\super\.m2\repository\io\netty\netty-codec-http\4.1.96.Final\netty-codec-http-4.1.96.Final.jar;C:\Users\super\.m2\repository\io\netty\netty-codec\4.1.96.Final\netty-codec-4.1.96.Final.jar;C:\Users\super\.m2\repository\io\netty\netty-handler\4.1.96.Final\netty-handler-4.1.96.Final.jar;C:\Users\super\.m2\repository\io\netty\netty-common\4.1.96.Final\netty-common-4.1.96.Final.jar;C:\Users\super\.m2\repository\io\netty\netty-transport-classes-epoll\4.1.96.Final\netty-transport-classes-epoll-4.1.96.Final.jar;C:\Users\super\.m2\repository\io\netty\netty-transport-classes-kqueue\4.1.96.Final\netty-transport-classes-kqueue-4.1.96.Final.jar;C:\Users\super\.m2\repository\io\netty\netty-transport-native-epoll\4.1.96.Final\netty-transport-native-epoll-4.1.96.Final.jar;C:\Users\super\.m2\repository\io\netty\netty-transport-native-kqueue\4.1.96.Final\netty-transport-native-kqueue-4.1.96.Final.jar;C:\Users\super\.m2\repository\io\netty\netty-transport-native-unix-common\4.1.96.Final\netty-transport-native-unix-common-4.1.96.Final.jar;C:\Users\super\.m2\repository\io\netty\netty-transport\4.1.96.Final\netty-transport-4.1.96.Final.jar;C:\Users\super\.m2\repository\io\netty\netty-resolver\4.1.96.Final\netty-resolver-4.1.96.Final.jar;C:\Users\super\.m2\repository\io\opentelemetry\opentelemetry-api\1.28.0\opentelemetry-api-1.28.0.jar;C:\Users\super\.m2\repository\io\opentelemetry\opentelemetry-context\1.28.0\opentelemetry-context-1.28.0.jar;C:\Users\super\.m2\repository\io\opentelemetry\opentelemetry-exporter-logging\1.28.0\opentelemetry-exporter-logging-1.28.0.jar;C:\Users\super\.m2\repository\io\opentelemetry\opentelemetry-sdk-metrics\1.28.0\opentelemetry-sdk-metrics-1.28.0.jar;C:\Users\super\.m2\repository\io\opentelemetry\opentelemetry-extension-incubator\1.28.0-alpha\opentelemetry-extension-incubator-1.28.0-alpha.jar;C:\Users\super\.m2\repository\io\opentelemetry\opentelemetry-sdk-logs\1.28.0\opentelemetry-sdk-logs-1.28.0.jar;C:\Users\super\.m2\repository\io\opentelemetry\opentelemetry-sdk-common\1.28.0\opentelemetry-sdk-common-1.28.0.jar;C:\Users\super\.m2\repository\io\opentelemetry\opentelemetry-sdk-extension-autoconfigure-spi\1.28.0\opentelemetry-sdk-extension-autoconfigure-spi-1.28.0.jar;C:\Users\super\.m2\repository\io\opentelemetry\opentelemetry-sdk-extension-autoconfigure\1.28.0\opentelemetry-sdk-extension-autoconfigure-1.28.0.jar;C:\Users\super\.m2\repository\io\opentelemetry\opentelemetry-api-events\1.28.0-alpha\opentelemetry-api-events-1.28.0-alpha.jar;C:\Users\super\.m2\repository\io\opentelemetry\opentelemetry-sdk-trace\1.28.0\opentelemetry-sdk-trace-1.28.0.jar;C:\Users\super\.m2\repository\io\opentelemetry\opentelemetry-sdk\1.28.0\opentelemetry-sdk-1.28.0.jar;C:\Users\super\.m2\repository\io\opentelemetry\opentelemetry-semconv\1.28.0-alpha\opentelemetry-semconv-1.28.0-alpha.jar;C:\Users\super\.m2\repository\net\bytebuddy\byte-buddy\1.14.5\byte-buddy-1.14.5.jar;C:\Users\super\.m2\repository\org\asynchttpclient\async-http-client\2.12.3\async-http-client-2.12.3.jar;C:\Users\super\.m2\repository\org\asynchttpclient\async-http-client-netty-utils\2.12.3\async-http-client-netty-utils-2.12.3.jar;C:\Users\super\.m2\repository\io\netty\netty-codec-socks\4.1.60.Final\netty-codec-socks-4.1.60.Final.jar;C:\Users\super\.m2\repository\io\netty\netty-handler-proxy\4.1.60.Final\netty-handler-proxy-4.1.60.Final.jar;C:\Users\super\.m2\repository\io\netty\netty-transport-native-epoll\4.1.60.Final\netty-transport-native-epoll-4.1.60.Final-linux-x86_64.jar;C:\Users\super\.m2\repository\io\netty\netty-transport-native-kqueue\4.1.60.Final\netty-transport-native-kqueue-4.1.60.Final-osx-x86_64.jar;C:\Users\super\.m2\repository\com\typesafe\netty\netty-reactive-streams\2.0.4\netty-reactive-streams-2.0.4.jar;C:\Users\super\.m2\repository\com\sun\activation\jakarta.activation\1.2.2\jakarta.activation-1.2.2.jar;C:\Users\super\.m2\repository\org\seleniumhq\selenium\selenium-http\4.13.0\selenium-http-4.13.0.jar;C:\Users\super\.m2\repository\dev\failsafe\failsafe\3.3.2\failsafe-3.3.2.jar;C:\Users\super\.m2\repository\org\seleniumhq\selenium\selenium-json\4.13.0\selenium-json-4.13.0.jar;C:\Users\super\.m2\repository\org\seleniumhq\selenium\selenium-manager\4.13.0\selenium-manager-4.13.0.jar;C:\Users\super\.m2\repository\org\seleniumhq\selenium\selenium-os\4.13.0\selenium-os-4.13.0.jar;C:\Users\super\.m2\repository\org\apache\commons\commons-exec\1.3\commons-exec-1.3.jar;C:\Users\super\.m2\repository\org\seleniumhq\selenium\selenium-support\4.13.0\selenium-support-4.13.0.jar;C:\Users\super\.m2\repository\com\google\code\gson\gson\2.10.1\gson-2.10.1.jar;C:\Users\super\.m2\repository\org\apache\commons\commons-lang3\3.13.0\commons-lang3-3.13.0.jar;C:\Users\super\.m2\repository\org\slf4j\slf4j-api\2.0.9\slf4j-api-2.0.9.jar;C:\Users\super\.m2\repository\org\testng\testng\7.8.0\testng-7.8.0.jar;C:\Users\super\.m2\repository\com\beust\jcommander\1.82\jcommander-1.82.jar;C:\Users\super\.m2\repository\org\webjars\jquery\3.6.1\jquery-3.6.1.jar;C:\Users\super\.m2\repository\com\fasterxml\jackson\core\jackson-databind\2.16.0-rc1\jackson-databind-2.16.0-rc1.jar;C:\Users\super\.m2\repository\com\fasterxml\jackson\core\jackson-annotations\2.16.0-rc1\jackson-annotations-2.16.0-rc1.jar;C:\Users\super\.m2\repository\com\fasterxml\jackson\core\jackson-core\2.16.0-rc1\jackson-core-2.16.0-rc1.jar;C:\Users\super\.m2\repository\commons-io\commons-io\2.15.0\commons-io-2.15.0.jar;C:\Users\super\.m2\repository\com\aventstack\extentreports\5.1.1\extentreports-5.1.1.jar;C:\Users\super\.m2\repository\io\reactivex\rxjava3\rxjava\3.1.6\rxjava-3.1.6.jar;C:\Users\super\.m2\repository\org\reactivestreams\reactive-streams\1.0.4\reactive-streams-1.0.4.jar;C:\Users\super\.m2\repository\org\freemarker\freemarker\2.3.32\freemarker-2.3.32.jar;C:\Users\super\.m2\repository\org\projectlombok\lombok\1.18.26\lombok-1.18.26.jar;C:\Users\super\.m2\repository\org\seleniumhq\selenium\selenium-java\4.15.0\selenium-java-4.15.0.jar;C:\Users\super\.m2\repository\org\seleniumhq\selenium\selenium-chrome-driver\4.15.0\selenium-chrome-driver-4.15.0.jar;C:\Users\super\.m2\repository\org\seleniumhq\selenium\selenium-chromium-driver\4.15.0\selenium-chromium-driver-4.15.0.jar;C:\Users\super\.m2\repository\org\seleniumhq\selenium\selenium-devtools-v117\4.15.0\selenium-devtools-v117-4.15.0.jar;C:\Users\super\.m2\repository\org\seleniumhq\selenium\selenium-devtools-v118\4.15.0\selenium-devtools-v118-4.15.0.jar;C:\Users\super\.m2\repository\org\seleniumhq\selenium\selenium-devtools-v119\4.15.0\selenium-devtools-v119-4.15.0.jar;C:\Users\super\.m2\repository\org\seleniumhq\selenium\selenium-devtools-v85\4.15.0\selenium-devtools-v85-4.15.0.jar;C:\Users\super\.m2\repository\org\seleniumhq\selenium\selenium-edge-driver\4.15.0\selenium-edge-driver-4.15.0.jar;C:\Users\super\.m2\repository\org\seleniumhq\selenium\selenium-firefox-driver\4.15.0\selenium-firefox-driver-4.15.0.jar;C:\Users\super\.m2\repository\org\seleniumhq\selenium\selenium-ie-driver\4.15.0\selenium-ie-driver-4.15.0.jar;C:\Users\super\.m2\repository\org\seleniumhq\selenium\selenium-safari-driver\4.15.0\selenium-safari-driver-4.15.0.jar;"/>
    <property name="java.vm.vendor" value="Oracle Corporation"/>
    <property name="sun.arch.data.model" value="64"/>
    <property name="user.variant" value=""/>
    <property name="java.vendor.url" value="https://java.oracle.com/"/>
    <property name="user.timezone" value="America/Los_Angeles"/>
    <property name="os.name" value="Windows 10"/>
    <property name="java.vm.specification.version" value="17"/>
    <property name="sun.java.launcher" value="SUN_STANDARD"/>
    <property name="user.country" value="US"/>
    <property name="sun.boot.library.path" value="C:\Program Files\Java\jdk-17\bin"/>
    <property name="sun.java.command" value="C:\Users\super\AppData\Local\Temp\surefire16253226476035994651\surefirebooter-20240205214340689_3.jar C:\Users\super\AppData\Local\Temp\surefire16253226476035994651 2024-02-05T21-43-40_551-jvmRun1 surefire-20240205214340689_1tmp surefire_0-20240205214340689_2tmp"/>
    <property name="jdk.debug" value="release"/>
    <property name="surefire.test.class.path" value="C:\Users\super\eclipse-AppiumProject\demo_app\target\test-classes;C:\Users\super\eclipse-AppiumProject\demo_app\target\classes;C:\Users\super\.m2\repository\io\appium\java-client\8.6.0\java-client-8.6.0.jar;C:\Users\super\.m2\repository\org\seleniumhq\selenium\selenium-api\4.13.0\selenium-api-4.13.0.jar;C:\Users\super\.m2\repository\org\seleniumhq\selenium\selenium-remote-driver\4.13.0\selenium-remote-driver-4.13.0.jar;C:\Users\super\.m2\repository\com\google\auto\service\auto-service-annotations\1.1.1\auto-service-annotations-1.1.1.jar;C:\Users\super\.m2\repository\com\google\guava\guava\32.1.2-jre\guava-32.1.2-jre.jar;C:\Users\super\.m2\repository\com\google\guava\failureaccess\1.0.1\failureaccess-1.0.1.jar;C:\Users\super\.m2\repository\com\google\guava\listenablefuture\9999.0-empty-to-avoid-conflict-with-guava\listenablefuture-9999.0-empty-to-avoid-conflict-with-guava.jar;C:\Users\super\.m2\repository\com\google\code\findbugs\jsr305\3.0.2\jsr305-3.0.2.jar;C:\Users\super\.m2\repository\org\checkerframework\checker-qual\3.33.0\checker-qual-3.33.0.jar;C:\Users\super\.m2\repository\com\google\errorprone\error_prone_annotations\2.18.0\error_prone_annotations-2.18.0.jar;C:\Users\super\.m2\repository\com\google\j2objc\j2objc-annotations\2.8\j2objc-annotations-2.8.jar;C:\Users\super\.m2\repository\io\netty\netty-buffer\4.1.96.Final\netty-buffer-4.1.96.Final.jar;C:\Users\super\.m2\repository\io\netty\netty-codec-http\4.1.96.Final\netty-codec-http-4.1.96.Final.jar;C:\Users\super\.m2\repository\io\netty\netty-codec\4.1.96.Final\netty-codec-4.1.96.Final.jar;C:\Users\super\.m2\repository\io\netty\netty-handler\4.1.96.Final\netty-handler-4.1.96.Final.jar;C:\Users\super\.m2\repository\io\netty\netty-common\4.1.96.Final\netty-common-4.1.96.Final.jar;C:\Users\super\.m2\repository\io\netty\netty-transport-classes-epoll\4.1.96.Final\netty-transport-classes-epoll-4.1.96.Final.jar;C:\Users\super\.m2\repository\io\netty\netty-transport-classes-kqueue\4.1.96.Final\netty-transport-classes-kqueue-4.1.96.Final.jar;C:\Users\super\.m2\repository\io\netty\netty-transport-native-epoll\4.1.96.Final\netty-transport-native-epoll-4.1.96.Final.jar;C:\Users\super\.m2\repository\io\netty\netty-transport-native-kqueue\4.1.96.Final\netty-transport-native-kqueue-4.1.96.Final.jar;C:\Users\super\.m2\repository\io\netty\netty-transport-native-unix-common\4.1.96.Final\netty-transport-native-unix-common-4.1.96.Final.jar;C:\Users\super\.m2\repository\io\netty\netty-transport\4.1.96.Final\netty-transport-4.1.96.Final.jar;C:\Users\super\.m2\repository\io\netty\netty-resolver\4.1.96.Final\netty-resolver-4.1.96.Final.jar;C:\Users\super\.m2\repository\io\opentelemetry\opentelemetry-api\1.28.0\opentelemetry-api-1.28.0.jar;C:\Users\super\.m2\repository\io\opentelemetry\opentelemetry-context\1.28.0\opentelemetry-context-1.28.0.jar;C:\Users\super\.m2\repository\io\opentelemetry\opentelemetry-exporter-logging\1.28.0\opentelemetry-exporter-logging-1.28.0.jar;C:\Users\super\.m2\repository\io\opentelemetry\opentelemetry-sdk-metrics\1.28.0\opentelemetry-sdk-metrics-1.28.0.jar;C:\Users\super\.m2\repository\io\opentelemetry\opentelemetry-extension-incubator\1.28.0-alpha\opentelemetry-extension-incubator-1.28.0-alpha.jar;C:\Users\super\.m2\repository\io\opentelemetry\opentelemetry-sdk-logs\1.28.0\opentelemetry-sdk-logs-1.28.0.jar;C:\Users\super\.m2\repository\io\opentelemetry\opentelemetry-sdk-common\1.28.0\opentelemetry-sdk-common-1.28.0.jar;C:\Users\super\.m2\repository\io\opentelemetry\opentelemetry-sdk-extension-autoconfigure-spi\1.28.0\opentelemetry-sdk-extension-autoconfigure-spi-1.28.0.jar;C:\Users\super\.m2\repository\io\opentelemetry\opentelemetry-sdk-extension-autoconfigure\1.28.0\opentelemetry-sdk-extension-autoconfigure-1.28.0.jar;C:\Users\super\.m2\repository\io\opentelemetry\opentelemetry-api-events\1.28.0-alpha\opentelemetry-api-events-1.28.0-alpha.jar;C:\Users\super\.m2\repository\io\opentelemetry\opentelemetry-sdk-trace\1.28.0\opentelemetry-sdk-trace-1.28.0.jar;C:\Users\super\.m2\repository\io\opentelemetry\opentelemetry-sdk\1.28.0\opentelemetry-sdk-1.28.0.jar;C:\Users\super\.m2\repository\io\opentelemetry\opentelemetry-semconv\1.28.0-alpha\opentelemetry-semconv-1.28.0-alpha.jar;C:\Users\super\.m2\repository\net\bytebuddy\byte-buddy\1.14.5\byte-buddy-1.14.5.jar;C:\Users\super\.m2\repository\org\asynchttpclient\async-http-client\2.12.3\async-http-client-2.12.3.jar;C:\Users\super\.m2\repository\org\asynchttpclient\async-http-client-netty-utils\2.12.3\async-http-client-netty-utils-2.12.3.jar;C:\Users\super\.m2\repository\io\netty\netty-codec-socks\4.1.60.Final\netty-codec-socks-4.1.60.Final.jar;C:\Users\super\.m2\repository\io\netty\netty-handler-proxy\4.1.60.Final\netty-handler-proxy-4.1.60.Final.jar;C:\Users\super\.m2\repository\io\netty\netty-transport-native-epoll\4.1.60.Final\netty-transport-native-epoll-4.1.60.Final-linux-x86_64.jar;C:\Users\super\.m2\repository\io\netty\netty-transport-native-kqueue\4.1.60.Final\netty-transport-native-kqueue-4.1.60.Final-osx-x86_64.jar;C:\Users\super\.m2\repository\com\typesafe\netty\netty-reactive-streams\2.0.4\netty-reactive-streams-2.0.4.jar;C:\Users\super\.m2\repository\com\sun\activation\jakarta.activation\1.2.2\jakarta.activation-1.2.2.jar;C:\Users\super\.m2\repository\org\seleniumhq\selenium\selenium-http\4.13.0\selenium-http-4.13.0.jar;C:\Users\super\.m2\repository\dev\failsafe\failsafe\3.3.2\failsafe-3.3.2.jar;C:\Users\super\.m2\repository\org\seleniumhq\selenium\selenium-json\4.13.0\selenium-json-4.13.0.jar;C:\Users\super\.m2\repository\org\seleniumhq\selenium\selenium-manager\4.13.0\selenium-manager-4.13.0.jar;C:\Users\super\.m2\repository\org\seleniumhq\selenium\selenium-os\4.13.0\selenium-os-4.13.0.jar;C:\Users\super\.m2\repository\org\apache\commons\commons-exec\1.3\commons-exec-1.3.jar;C:\Users\super\.m2\repository\org\seleniumhq\selenium\selenium-support\4.13.0\selenium-support-4.13.0.jar;C:\Users\super\.m2\repository\com\google\code\gson\gson\2.10.1\gson-2.10.1.jar;C:\Users\super\.m2\repository\org\apache\commons\commons-lang3\3.13.0\commons-lang3-3.13.0.jar;C:\Users\super\.m2\repository\org\slf4j\slf4j-api\2.0.9\slf4j-api-2.0.9.jar;C:\Users\super\.m2\repository\org\testng\testng\7.8.0\testng-7.8.0.jar;C:\Users\super\.m2\repository\com\beust\jcommander\1.82\jcommander-1.82.jar;C:\Users\super\.m2\repository\org\webjars\jquery\3.6.1\jquery-3.6.1.jar;C:\Users\super\.m2\repository\com\fasterxml\jackson\core\jackson-databind\2.16.0-rc1\jackson-databind-2.16.0-rc1.jar;C:\Users\super\.m2\repository\com\fasterxml\jackson\core\jackson-annotations\2.16.0-rc1\jackson-annotations-2.16.0-rc1.jar;C:\Users\super\.m2\repository\com\fasterxml\jackson\core\jackson-core\2.16.0-rc1\jackson-core-2.16.0-rc1.jar;C:\Users\super\.m2\repository\commons-io\commons-io\2.15.0\commons-io-2.15.0.jar;C:\Users\super\.m2\repository\com\aventstack\extentreports\5.1.1\extentreports-5.1.1.jar;C:\Users\super\.m2\repository\io\reactivex\rxjava3\rxjava\3.1.6\rxjava-3.1.6.jar;C:\Users\super\.m2\repository\org\reactivestreams\reactive-streams\1.0.4\reactive-streams-1.0.4.jar;C:\Users\super\.m2\repository\org\freemarker\freemarker\2.3.32\freemarker-2.3.32.jar;C:\Users\super\.m2\repository\org\projectlombok\lombok\1.18.26\lombok-1.18.26.jar;C:\Users\super\.m2\repository\org\seleniumhq\selenium\selenium-java\4.15.0\selenium-java-4.15.0.jar;C:\Users\super\.m2\repository\org\seleniumhq\selenium\selenium-chrome-driver\4.15.0\selenium-chrome-driver-4.15.0.jar;C:\Users\super\.m2\repository\org\seleniumhq\selenium\selenium-chromium-driver\4.15.0\selenium-chromium-driver-4.15.0.jar;C:\Users\super\.m2\repository\org\seleniumhq\selenium\selenium-devtools-v117\4.15.0\selenium-devtools-v117-4.15.0.jar;C:\Users\super\.m2\repository\org\seleniumhq\selenium\selenium-devtools-v118\4.15.0\selenium-devtools-v118-4.15.0.jar;C:\Users\super\.m2\repository\org\seleniumhq\selenium\selenium-devtools-v119\4.15.0\selenium-devtools-v119-4.15.0.jar;C:\Users\super\.m2\repository\org\seleniumhq\selenium\selenium-devtools-v85\4.15.0\selenium-devtools-v85-4.15.0.jar;C:\Users\super\.m2\repository\org\seleniumhq\selenium\selenium-edge-driver\4.15.0\selenium-edge-driver-4.15.0.jar;C:\Users\super\.m2\repository\org\seleniumhq\selenium\selenium-firefox-driver\4.15.0\selenium-firefox-driver-4.15.0.jar;C:\Users\super\.m2\repository\org\seleniumhq\selenium\selenium-ie-driver\4.15.0\selenium-ie-driver-4.15.0.jar;C:\Users\super\.m2\repository\org\seleniumhq\selenium\selenium-safari-driver\4.15.0\selenium-safari-driver-4.15.0.jar;"/>
    <property name="sun.cpu.endian" value="little"/>
    <property name="user.home" value="C:\Users\super"/>
    <property name="user.language" value="en"/>
    <property name="ipAddress" value="127.0.0.1"/>
    <property name="java.specification.vendor" value="Oracle Corporation"/>
    <property name="java.version.date" value="2023-04-18"/>
    <property name="java.home" value="C:\Program Files\Java\jdk-17"/>
    <property name="file.separator" value="\"/>
    <property name="basedir" value="C:\Users\super\eclipse-AppiumProject\demo_app"/>
    <property name="java.vm.compressedOopsMode" value="Zero based"/>
    <property name="line.separator" value="&#10;"/>
    <property name="java.vm.specification.vendor" value="Oracle Corporation"/>
    <property name="java.specification.name" value="Java Platform API Specification"/>
    <property name="surefire.real.class.path" value="C:\Users\super\AppData\Local\Temp\surefire16253226476035994651\surefirebooter-20240205214340689_3.jar"/>
    <property name="user.script" value=""/>
    <property name="sun.management.compiler" value="HotSpot 64-Bit Tiered Compilers"/>
    <property name="java.runtime.version" value="17.0.7+8-LTS-224"/>
    <property name="user.name" value="super"/>
    <property name="path.separator" value=";"/>
    <property name="os.version" value="10.0"/>
    <property name="java.runtime.name" value="Java(TM) SE Runtime Environment"/>
    <property name="file.encoding" value="Cp1252"/>
    <property name="java.vm.name" value="Java HotSpot(TM) 64-Bit Server VM"/>
    <property name="localRepository" value="C:\Users\super\.m2\repository"/>
    <property name="java.vendor.url.bug" value="https://bugreport.java.com/bugreport/"/>
    <property name="java.io.tmpdir" value="C:\Users\super\AppData\Local\Temp\"/>
    <property name="java.version" value="17.0.7"/>
    <property name="user.dir" value="C:\Users\super\eclipse-AppiumProject\demo_app"/>
    <property name="os.arch" value="amd64"/>
    <property name="java.vm.specification.name" value="Java Virtual Machine Specification"/>
    <property name="sun.os.patch.level" value=""/>
    <property name="native.encoding" value="Cp1252"/>
    <property name="java.library.path" value="C:\Program Files\Java\jdk-17\bin;C:\Windows\Sun\Java\bin;C:\Windows\system32;C:\Windows;C:\Program Files\Common Files\Oracle\Java\javapath;C:\Program Files (x86)\Common Files\Oracle\Java\javapath;C:\Windows\system32;C:\Windows;C:\Windows\System32\Wbem;C:\Windows\System32\WindowsPowerShell\v1.0\;C:\Windows\System32\OpenSSH\;C:\Users\super\Desktop\Study\Appium\cmdline-tools\bin\platform-tools;C:\Users\super\Desktop\Study\Appium\android-11\lib;C:\Program Files (x86)\dotnet\;C:\Program Files\dotnet\;C:\Program Files\Java\jdk-17\bin\;C:\Users\super\Desktop\Study\apache-maven-3.9.4\bin\;C:\Program Files\Git\cmd;C:\Users\super\Desktop\Study\Appium\cmdline-tools\bin\tools\bin;C:\Users\super\Desktop\Study\Appium\cmdline-tools\bin\tools;C:\Program Files\nodejs\;C:\Program Files\nodejs\node_modules\npm\bin;C:\Program Files\MySQL\MySQL Shell 8.0\bin\;C:\Users\super\AppData\Local\Programs\Python\Python39\Scripts\;C:\Users\super\AppData\Local\Programs\Python\Python39\;C:\Users\super\AppData\Local\Microsoft\WindowsApps;C:\Program Files\JetBrains\PyCharm Community Edition 2021.1.1\bin;;C:\Program Files\Java\jdk-16.0.1;C:\Users\super\AppData\Roaming\npm;."/>
    <property name="java.vm.info" value="mixed mode, sharing"/>
    <property name="java.vendor" value="Oracle Corporation"/>
    <property name="java.vm.version" value="17.0.7+8-LTS-224"/>
    <property name="sun.io.unicode.encoding" value="UnicodeLittle"/>
    <property name="java.class.version" value="61.0"/>
  </properties>
  <testcase name="SanityPurchase[{country=United States, address2=999, city=San Diego, address1=123 Test Ave, zipcode=92131, password=10203040, productcolor=blue, fullname=Bob Fisher, state=California, cardnumber=1234 1234 1234 123, securitycode=345, username=bob@example.com, expdate=06/26}](1)" classname="testCases.TC1_MakePurchase" time="58.517">
    <system-out><![CDATA[&amp#27;[35m[Appium]&amp#27;[39m Welcome to Appium v2.2.1
&amp#27;[35m[Appium]&amp#27;[39m Non-default server args:
&amp#27;[35m[Appium]&amp#27;[39m { address: &amp#27;[32m'127.0.0.1'&amp#27;[39m }
&amp#27;[35m[Appium]&amp#27;[39m Attempting to load driver uiautomator2...
&amp#27;[35m[Appium]&amp#27;[39m Requiring driver at C:\Users\super\.appium\node_modules\appium-uiautomator2-driver
&amp#27;[35m[Appium]&amp#27;[39m Appium REST http interface listener started on http://127.0.0.1:4723
&amp#27;[35m[Appium]&amp#27;[39m Available drivers:
&amp#27;[35m[Appium]&amp#27;[39m   - uiautomator2@2.32.3 (automationName 'UiAutomator2')
&amp#27;[35m[Appium]&amp#27;[39m No plugins have been installed. Use the "appium plugin" command to install the one(s) you want to use.
&amp#27;[38;5;0m[HTTP]&amp#27;[0m &amp#27;[37m-->&amp#27;[39m &amp#27;[37mGET&amp#27;[39m &amp#27;[37m/status&amp#27;[39m
&amp#27;[38;5;0m[HTTP]&amp#27;[0m &amp#27;[90m{}&amp#27;[39m
&amp#27;[38;5;16m[AppiumDriver@6bb1]&amp#27;[0m Calling AppiumDriver.getStatus() with args: []
&amp#27;[38;5;16m[AppiumDriver@6bb1]&amp#27;[0m Responding to client with driver.getStatus() result: {"ready":true,"message":"The server is ready to accept new connections","build":{"version":"2.2.1"}}
&amp#27;[38;5;0m[HTTP]&amp#27;[0m &amp#27;[37m<-- GET /status &amp#27;[39m&amp#27;[32m200&amp#27;[39m &amp#27;[90m6 ms - 110&amp#27;[39m
&amp#27;[38;5;0m[HTTP]&amp#27;[0m &amp#27;[90m&amp#27;[39m
&amp#27;[38;5;0m[HTTP]&amp#27;[0m Request idempotency key: 7e72621f-837e-4cb5-a4f4-da6547fd5cb9
&amp#27;[38;5;0m[HTTP]&amp#27;[0m &amp#27;[37m-->&amp#27;[39m &amp#27;[37mPOST&amp#27;[39m &amp#27;[37m/session&amp#27;[39m
&amp#27;[38;5;0m[HTTP]&amp#27;[0m &amp#27;[90m{"capabilities":{"firstMatch":[{}],"alwaysMatch":{"appium:app":"C:\\Users\\super\\eclipse-AppiumProject\\demo_app\\src\\test\\java\\testResources\\Android-MyDemoAppRN.1.3.0.build-244.apk","appium:automationName":"UIAutomator2","appium:chromedriverExecutable":"C:\\Users\\super\\Desktop\\Study\\Appium\\chromedriver120\\chromedriver.exe","platformName":"ANDROID"}}}&amp#27;[39m
&amp#27;[38;5;16m[AppiumDriver@6bb1]&amp#27;[0m Calling AppiumDriver.createSession() with args: [null,null,{"firstMatch":[{}],"alwaysMatch":{"appium:app":"C:\\Users\\super\\eclipse-AppiumProject\\demo_app\\src\\test\\java\\testResources\\Android-MyDemoAppRN.1.3.0.build-244.apk","appium:automationName":"UIAutomator2","appium:chromedriverExecutable":"C:\\Users\\super\\Desktop\\Study\\Appium\\chromedriver120\\chromedriver.exe","platformName":"ANDROID"}}]
&amp#27;[38;5;16m[AppiumDriver@6bb1]&amp#27;[0m Event 'newSessionRequested' logged at 1707198228439 (21:43:48 GMT-0800 (Pacific Standard Time))
&amp#27;[35m[Appium]&amp#27;[39m Attempting to find matching driver for automationName 'UIAutomator2' and platformName 'ANDROID'
&amp#27;[35m[Appium]&amp#27;[39m The 'uiautomator2' driver was installed and matched caps.
&amp#27;[35m[Appium]&amp#27;[39m Will require it at C:\Users\super\.appium\node_modules\appium-uiautomator2-driver
&amp#27;[35m[Appium]&amp#27;[39m Requiring driver at C:\Users\super\.appium\node_modules\appium-uiautomator2-driver
&amp#27;[38;5;16m[AppiumDriver@6bb1]&amp#27;[0m Appium v2.2.1 creating new AndroidUiautomator2Driver (v2.32.3) session
&amp#27;[38;5;16m[AppiumDriver@6bb1]&amp#27;[0m Checking BaseDriver versions for Appium and AndroidUiautomator2Driver
&amp#27;[38;5;16m[AppiumDriver@6bb1]&amp#27;[0m Appium's BaseDriver version is 9.4.1
&amp#27;[38;5;16m[AppiumDriver@6bb1]&amp#27;[0m AndroidUiautomator2Driver's BaseDriver version is 9.4.1
&amp#27;[38;5;32m[AndroidUiautomator2Driver@dabd]&amp#27;[0m Creating session with W3C capabilities: {
&amp#27;[38;5;32m[AndroidUiautomator2Driver@dabd]&amp#27;[0m   "alwaysMatch": {
&amp#27;[38;5;32m[AndroidUiautomator2Driver@dabd]&amp#27;[0m     "platformName": "ANDROID",
&amp#27;[38;5;32m[AndroidUiautomator2Driver@dabd]&amp#27;[0m     "appium:app": "C:\\Users\\super\\eclipse-AppiumProject\\demo_app\\src\\test\\java\\testResources\\Android-MyDemoAppRN.1.3.0.build-244.apk",
&amp#27;[38;5;32m[AndroidUiautomator2Driver@dabd]&amp#27;[0m     "appium:automationName": "UIAutomator2",
&amp#27;[38;5;32m[AndroidUiautomator2Driver@dabd]&amp#27;[0m     "appium:chromedriverExecutable": "C:\\Users\\super\\Desktop\\Study\\Appium\\chromedriver120\\chromedriver.exe"
&amp#27;[38;5;32m[AndroidUiautomator2Driver@dabd]&amp#27;[0m   },
&amp#27;[38;5;32m[AndroidUiautomator2Driver@dabd]&amp#27;[0m   "firstMatch": [
&amp#27;[38;5;32m[AndroidUiautomator2Driver@dabd]&amp#27;[0m     {}
&amp#27;[38;5;32m[AndroidUiautomator2Driver@dabd]&amp#27;[0m   ]
&amp#27;[38;5;32m[AndroidUiautomator2Driver@dabd]&amp#27;[0m }
&amp#27;[38;5;32m[AndroidUiautomator2Driver@dabd (47571b8e)]&amp#27;[0m Session created with session id: 47571b8e-6191-4ef5-a875-b0f0dcd05976
&amp#27;[38;5;48m[BaseDriver]&amp#27;[0m Using local app 'C:\Users\super\eclipse-AppiumProject\demo_app\src\test\java\testResources\Android-MyDemoAppRN.1.3.0.build-244.apk'
&amp#27;[38;5;32m[AndroidUiautomator2Driver@dabd (47571b8e)]&amp#27;[0m Checking whether app is actually present
&amp#27;[38;5;64m[ADB]&amp#27;[0m Found 2 'build-tools' folders under 'C:\Users\super\Desktop\Study\Appium\cmdline-tools\bin' (newest first):
&amp#27;[38;5;64m[ADB]&amp#27;[0m     C:\Users\super\Desktop\Study\Appium\cmdline-tools\bin\build-tools\34.0.0
&amp#27;[38;5;64m[ADB]&amp#27;[0m     C:\Users\super\Desktop\Study\Appium\cmdline-tools\bin\build-tools\33.0.1
&amp#27;[38;5;64m[ADB]&amp#27;[0m Using 'adb.exe' from 'C:\Users\super\Desktop\Study\Appium\cmdline-tools\bin\platform-tools\adb.exe'
&amp#27;[38;5;64m[ADB]&amp#27;[0m Running 'C:\Users\super\Desktop\Study\Appium\cmdline-tools\bin\platform-tools\adb.exe -P 5037 start-server'
&amp#27;[38;5;80m[AndroidDriver]&amp#27;[0m Retrieving device list
&amp#27;[38;5;64m[ADB]&amp#27;[0m Trying to find connected Android devices
&amp#27;[38;5;64m[ADB]&amp#27;[0m Getting connected devices
&amp#27;[38;5;64m[ADB]&amp#27;[0m Connected devices: [{"udid":"LMG900TMW8KJ7DTSOB","state":"device"}]
&amp#27;[38;5;80m[AndroidDriver]&amp#27;[0m Using device: LMG900TMW8KJ7DTSOB
&amp#27;[38;5;64m[ADB]&amp#27;[0m Using 'adb.exe' from 'C:\Users\super\Desktop\Study\Appium\cmdline-tools\bin\platform-tools\adb.exe'
&amp#27;[38;5;64m[ADB]&amp#27;[0m Running 'C:\Users\super\Desktop\Study\Appium\cmdline-tools\bin\platform-tools\adb.exe -P 5037 start-server'
&amp#27;[38;5;64m[ADB]&amp#27;[0m Setting device id to LMG900TMW8KJ7DTSOB
&amp#27;[38;5;64m[ADB]&amp#27;[0m Running 'C:\Users\super\Desktop\Study\Appium\cmdline-tools\bin\platform-tools\adb.exe -P 5037 -s LMG900TMW8KJ7DTSOB shell getprop ro.build.version.sdk'
&amp#27;[38;5;64m[ADB]&amp#27;[0m Current device property 'ro.build.version.sdk': 31
&amp#27;[38;5;64m[ADB]&amp#27;[0m Getting device platform version
&amp#27;[38;5;64m[ADB]&amp#27;[0m Running 'C:\Users\super\Desktop\Study\Appium\cmdline-tools\bin\platform-tools\adb.exe -P 5037 -s LMG900TMW8KJ7DTSOB shell getprop ro.build.version.release'
&amp#27;[38;5;64m[ADB]&amp#27;[0m Current device property 'ro.build.version.release': 12
&amp#27;[38;5;64m[ADB]&amp#27;[0m Device API level: 31
&amp#27;[38;5;32m[AndroidUiautomator2Driver@dabd (47571b8e)]&amp#27;[0m Relaxing hidden api policy
&amp#27;[38;5;64m[ADB]&amp#27;[0m Running 'C:\Users\super\Desktop\Study\Appium\cmdline-tools\bin\platform-tools\adb.exe -P 5037 -s LMG900TMW8KJ7DTSOB shell 'settings put global hidden_api_policy_pre_p_apps 1;settings put global hidden_api_policy_p_apps 1;settings put global hidden_api_policy 1''
&amp#27;[38;5;80m[AndroidDriver]&amp#27;[0m Parsing package and activity from app manifest
&amp#27;[38;5;64m[ADB]&amp#27;[0m Package name: 'com.saucelabs.mydemoapp.rn'
&amp#27;[38;5;64m[ADB]&amp#27;[0m Main activity name: 'com.saucelabs.mydemoapp.rn.MainActivity'
&amp#27;[38;5;80m[AndroidDriver]&amp#27;[0m Parsed package and activity are: com.saucelabs.mydemoapp.rn/com.saucelabs.mydemoapp.rn.MainActivity
&amp#27;[38;5;80m[AndroidDriver]&amp#27;[0m Pushing settings apk to device...
&amp#27;[38;5;64m[ADB]&amp#27;[0m Getting package info for 'io.appium.settings'
&amp#27;[38;5;64m[ADB]&amp#27;[0m Running 'C:\Users\super\Desktop\Study\Appium\cmdline-tools\bin\platform-tools\adb.exe -P 5037 -s LMG900TMW8KJ7DTSOB shell dumpsys package io.appium.settings'
&amp#27;[38;5;64m[ADB]&amp#27;[0m The version name of the installed 'io.appium.settings' is greater or equal to the application version name ('5.1.2' >= '5.1.2')
&amp#27;[38;5;64m[ADB]&amp#27;[0m There is no need to install/upgrade 'C:\Users\super\.appium\node_modules\appium-uiautomator2-driver\node_modules\io.appium.settings\apks\settings_apk-debug.apk'
&amp#27;[38;5;64m[ADB]&amp#27;[0m Getting IDs of all 'io.appium.settings' processes
&amp#27;[38;5;64m[ADB]&amp#27;[0m Running 'C:\Users\super\Desktop\Study\Appium\cmdline-tools\bin\platform-tools\adb.exe -P 5037 -s LMG900TMW8KJ7DTSOB shell 'pgrep --help; echo $?''
&amp#27;[38;5;64m[ADB]&amp#27;[0m Running 'C:\Users\super\Desktop\Study\Appium\cmdline-tools\bin\platform-tools\adb.exe -P 5037 -s LMG900TMW8KJ7DTSOB shell pgrep -f \(\[\[:blank:\]\]\|\^\)io\.appium\.settings\(\[\[:blank:\]\]\|\$\)'
&amp#27;[38;5;80m[AndroidDriver]&amp#27;[0m io.appium.settings is already running. There is no need to reset its permissions.
&amp#27;[38;5;64m[ADB]&amp#27;[0m Running 'C:\Users\super\Desktop\Study\Appium\cmdline-tools\bin\platform-tools\adb.exe -P 5037 -s LMG900TMW8KJ7DTSOB shell appops set io.appium.settings android:mock_location allow'
&amp#27;[38;5;64m[ADB]&amp#27;[0m Running 'C:\Users\super\Desktop\Study\Appium\cmdline-tools\bin\platform-tools\adb.exe -P 5037 -s LMG900TMW8KJ7DTSOB shell "[ -e '/data/local/tmp/mock_apps.json' ] && echo __PASS__"'
&amp#27;[38;5;64m[ADB]&amp#27;[0m Running 'C:\Users\super\Desktop\Study\Appium\cmdline-tools\bin\platform-tools\adb.exe -P 5037 -s LMG900TMW8KJ7DTSOB shell cat /data/local/tmp/mock_apps.json'
&amp#27;[38;5;96m[Logcat]&amp#27;[0m Starting logs capture with command: C:\\Users\\super\\Desktop\\Study\\Appium\\cmdline-tools\\bin\\platform-tools\\adb.exe -P 5037 -s LMG900TMW8KJ7DTSOB logcat -v threadtime
&amp#27;[38;5;32m[AndroidUiautomator2Driver@dabd (47571b8e)]&amp#27;[0m Forwarding UiAutomator2 Server port 6790 to local port 8201
&amp#27;[38;5;64m[ADB]&amp#27;[0m Forwarding system: 8201 to device: 6790
&amp#27;[38;5;64m[ADB]&amp#27;[0m Running 'C:\Users\super\Desktop\Study\Appium\cmdline-tools\bin\platform-tools\adb.exe -P 5037 -s LMG900TMW8KJ7DTSOB forward tcp:8201 tcp:6790'
&amp#27;[38;5;64m[ADB]&amp#27;[0m Checking app cert for C:\Users\super\.appium\node_modules\appium-uiautomator2-driver\node_modules\appium-uiautomator2-server\apks\appium-uiautomator2-server-v5.12.7.apk
&amp#27;[38;5;64m[ADB]&amp#27;[0m Checking app cert for C:\Users\super\.appium\node_modules\appium-uiautomator2-driver\node_modules\appium-uiautomator2-server\apks\appium-uiautomator2-server-debug-androidTest.apk
&amp#27;[38;5;64m[ADB]&amp#27;[0m Using 'apksigner.jar' from 'C:\Users\super\Desktop\Study\Appium\cmdline-tools\bin\build-tools\34.0.0\lib\apksigner.jar'
&amp#27;[38;5;64m[ADB]&amp#27;[0m Starting apksigner: 'C:\\Program Files\\Java\\jdk-17\\bin\\java.exe' -Xmx1024M -Xss1m -jar C:\\Users\\super\\Desktop\\Study\\Appium\\cmdline-tools\\bin\\build-tools\\34.0.0\\lib\\apksigner.jar verify --print-certs C:\\Users\\super\\.appium\\node_modules\\appium-uiautomator2-driver\\node_modules\\appium-uiautomator2-server\\apks\\appium-uiautomator2-server-debug-androidTest.apk
&amp#27;[38;5;64m[ADB]&amp#27;[0m Starting apksigner: 'C:\\Program Files\\Java\\jdk-17\\bin\\java.exe' -Xmx1024M -Xss1m -jar C:\\Users\\super\\Desktop\\Study\\Appium\\cmdline-tools\\bin\\build-tools\\34.0.0\\lib\\apksigner.jar verify --print-certs C:\\Users\\super\\.appium\\node_modules\\appium-uiautomator2-driver\\node_modules\\appium-uiautomator2-server\\apks\\appium-uiautomator2-server-v5.12.7.apk
&amp#27;[38;5;64m[ADB]&amp#27;[0m apksigner stdout: Signer #1 certificate DN: EMAILADDRESS=android@android.com, CN=Android, OU=Android, O=Android, L=Mountain View, ST=California, C=US
&amp#27;[38;5;64m[ADB]&amp#27;[0m Signer #1 certificate SHA-256 digest: a40da80a59d170caa950cf15c18c454d47a39b26989d8b640ecd745ba71bf5dc
&amp#27;[38;5;64m[ADB]&amp#27;[0m Signer #1 certificate SHA-1 digest: 61ed377e85d386a8dfee6b864bd85b0bfaa5af81
&amp#27;[38;5;64m[ADB]&amp#27;[0m Signer #1 certificate MD5 digest: e89b158e4bcf988ebd09eb83f5378e87
&amp#27;[38;5;64m[ADB]&amp#27;[0m 
&amp#27;[38;5;64m[ADB]&amp#27;[0m sha256 hash did match for 'appium-uiautomator2-server-debug-androidTest.apk'
&amp#27;[38;5;64m[ADB]&amp#27;[0m 'C:\Users\super\.appium\node_modules\appium-uiautomator2-driver\node_modules\appium-uiautomator2-server\apks\appium-uiautomator2-server-debug-androidTest.apk' is signed with the default certificate
&amp#27;[38;5;64m[ADB]&amp#27;[0m Getting install status for io.appium.uiautomator2.server.test
&amp#27;[38;5;64m[ADB]&amp#27;[0m Running 'C:\Users\super\Desktop\Study\Appium\cmdline-tools\bin\platform-tools\adb.exe -P 5037 -s LMG900TMW8KJ7DTSOB shell pm path io.appium.uiautomator2.server.test'
&amp#27;[38;5;64m[ADB]&amp#27;[0m 'io.appium.uiautomator2.server.test' is installed
&amp#27;[38;5;64m[ADB]&amp#27;[0m apksigner stdout: Signer #1 certificate DN: EMAILADDRESS=android@android.com, CN=Android, OU=Android, O=Android, L=Mountain View, ST=California, C=US
&amp#27;[38;5;64m[ADB]&amp#27;[0m Signer #1 certificate SHA-256 digest: a40da80a59d170caa950cf15c18c454d47a39b26989d8b640ecd745ba71bf5dc
&amp#27;[38;5;64m[ADB]&amp#27;[0m Signer #1 certificate SHA-1 digest: 61ed377e85d386a8dfee6b864bd85b0bfaa5af81
&amp#27;[38;5;64m[ADB]&amp#27;[0m Signer #1 certificate MD5 digest: e89b158e4bcf988ebd09eb83f5378e87
&amp#27;[38;5;64m[ADB]&amp#27;[0m 
&amp#27;[38;5;64m[ADB]&amp#27;[0m sha256 hash did match for 'appium-uiautomator2-server-v5.12.7.apk'
&amp#27;[38;5;64m[ADB]&amp#27;[0m 'C:\Users\super\.appium\node_modules\appium-uiautomator2-driver\node_modules\appium-uiautomator2-server\apks\appium-uiautomator2-server-v5.12.7.apk' is signed with the default certificate
&amp#27;[38;5;64m[ADB]&amp#27;[0m Getting package info for 'io.appium.uiautomator2.server'
&amp#27;[38;5;64m[ADB]&amp#27;[0m Running 'C:\Users\super\Desktop\Study\Appium\cmdline-tools\bin\platform-tools\adb.exe -P 5037 -s LMG900TMW8KJ7DTSOB shell dumpsys package io.appium.uiautomator2.server'
&amp#27;[38;5;64m[ADB]&amp#27;[0m The version name of the installed 'io.appium.uiautomator2.server' is greater or equal to the application version name ('5.12.7' >= '5.12.7')
&amp#27;[38;5;32m[AndroidUiautomator2Driver@dabd (47571b8e)]&amp#27;[0m Server packages status: [{"wasSigned":true,"installState":"sameVersionInstalled","appPath":"C:\\Users\\super\\.appium\\node_modules\\appium-uiautomator2-driver\\node_modules\\appium-uiautomator2-server\\apks\\appium-uiautomator2-server-v5.12.7.apk","appId":"io.appium.uiautomator2.server"},{"wasSigned":true,"installState":"sameVersionInstalled","appPath":"C:\\Users\\super\\.appium\\node_modules\\appium-uiautomator2-driver\\node_modules\\appium-uiautomator2-server\\apks\\appium-uiautomator2-server-debug-androidTest.apk","appId":"io.appium.uiautomator2.server.test"}]
&amp#27;[38;5;32m[AndroidUiautomator2Driver@dabd (47571b8e)]&amp#27;[0m Server packages are not going to be (re)installed
&amp#27;[38;5;32m[AndroidUiautomator2Driver@dabd (47571b8e)]&amp#27;[0m Waiting up to 30000ms for services to be available
&amp#27;[38;5;64m[ADB]&amp#27;[0m Running 'C:\Users\super\Desktop\Study\Appium\cmdline-tools\bin\platform-tools\adb.exe -P 5037 -s LMG900TMW8KJ7DTSOB shell pm list instrumentation'
&amp#27;[38;5;32m[AndroidUiautomator2Driver@dabd (47571b8e)]&amp#27;[0m Instrumentation target 'io.appium.uiautomator2.server.test/androidx.test.runner.AndroidJUnitRunner' is available
&amp#27;[38;5;64m[ADB]&amp#27;[0m Adding packages ["io.appium.settings","io.appium.uiautomator2.server","io.appium.uiautomator2.server.test"] to Doze whitelist
&amp#27;[38;5;64m[ADB]&amp#27;[0m Got the following command chunks to execute: [["dumpsys","deviceidle","whitelist","+io.appium.settings",";","dumpsys","deviceidle","whitelist","+io.appium.uiautomator2.server",";","dumpsys","deviceidle","whitelist","+io.appium.uiautomator2.server.test",";"]]
&amp#27;[38;5;64m[ADB]&amp#27;[0m Running 'C:\Users\super\Desktop\Study\Appium\cmdline-tools\bin\platform-tools\adb.exe -P 5037 -s LMG900TMW8KJ7DTSOB shell dumpsys deviceidle whitelist +io.appium.settings ; dumpsys deviceidle whitelist +io.appium.uiautomator2.server ; dumpsys deviceidle whitelist +io.appium.uiautomator2.server.test ;'
&amp#27;[38;5;64m[ADB]&amp#27;[0m Checking app cert for C:\Users\super\eclipse-AppiumProject\demo_app\src\test\java\testResources\Android-MyDemoAppRN.1.3.0.build-244.apk
&amp#27;[38;5;64m[ADB]&amp#27;[0m Starting apksigner: 'C:\\Program Files\\Java\\jdk-17\\bin\\java.exe' -Xmx1024M -Xss1m -jar C:\\Users\\super\\Desktop\\Study\\Appium\\cmdline-tools\\bin\\build-tools\\34.0.0\\lib\\apksigner.jar verify --print-certs C:\\Users\\super\\eclipse-AppiumProject\\demo_app\\src\\test\\java\\testResources\\Android-MyDemoAppRN.1.3.0.build-244.apk
&amp#27;[38;5;64m[ADB]&amp#27;[0m apksigner stdout: Signer #1 certificate DN: CN=Android Debug, OU=Android, O=Unknown, L=Unknown, ST=Unknown, C=US
&amp#27;[38;5;64m[ADB]&amp#27;[0m Signer #1 certificate SHA-256 digest: fac61745dc0903786fb9ede62a962b399f7348f0bb6f899b8332667591033b9c
&amp#27;[38;5;64m[ADB]&amp#27;[0m Signer #1 certificate SHA-1 digest: 5e8f16062ea3cd2c4a0d547876baa6f38cabf625
&amp#27;[38;5;64m[ADB]&amp#27;[0m Signer #1 certificate MD5 digest: 20f46148b72d8e5e5ca23d37a4f41490
&amp#27;[38;5;64m[ADB]&amp#27;[0m 
&amp#27;[38;5;64m[ADB]&amp#27;[0m 'C:\Users\super\eclipse-AppiumProject\demo_app\src\test\java\testResources\Android-MyDemoAppRN.1.3.0.build-244.apk' is signed with a non-default certificate
&amp#27;[38;5;64m[ADB]&amp#27;[0m Getting package info for 'com.saucelabs.mydemoapp.rn'
&amp#27;[38;5;64m[ADB]&amp#27;[0m Running 'C:\Users\super\Desktop\Study\Appium\cmdline-tools\bin\platform-tools\adb.exe -P 5037 -s LMG900TMW8KJ7DTSOB shell dumpsys package com.saucelabs.mydemoapp.rn'
&amp#27;[38;5;64m[ADB]&amp#27;[0m The version name of the installed 'com.saucelabs.mydemoapp.rn' is greater or equal to the application version name ('1.3.0' >= '1.3.0')
&amp#27;[38;5;64m[ADB]&amp#27;[0m There is no need to install/upgrade 'C:\Users\super\eclipse-AppiumProject\demo_app\src\test\java\testResources\Android-MyDemoAppRN.1.3.0.build-244.apk'
&amp#27;[38;5;80m[AndroidDriver]&amp#27;[0m Performing fast reset on 'com.saucelabs.mydemoapp.rn'
&amp#27;[38;5;64m[ADB]&amp#27;[0m Getting install status for com.saucelabs.mydemoapp.rn
&amp#27;[38;5;64m[ADB]&amp#27;[0m Running 'C:\Users\super\Desktop\Study\Appium\cmdline-tools\bin\platform-tools\adb.exe -P 5037 -s LMG900TMW8KJ7DTSOB shell pm path com.saucelabs.mydemoapp.rn'
&amp#27;[38;5;64m[ADB]&amp#27;[0m 'com.saucelabs.mydemoapp.rn' is installed
&amp#27;[38;5;64m[ADB]&amp#27;[0m Running 'C:\Users\super\Desktop\Study\Appium\cmdline-tools\bin\platform-tools\adb.exe -P 5037 -s LMG900TMW8KJ7DTSOB shell am force-stop com.saucelabs.mydemoapp.rn'
&amp#27;[38;5;64m[ADB]&amp#27;[0m Running 'C:\Users\super\Desktop\Study\Appium\cmdline-tools\bin\platform-tools\adb.exe -P 5037 -s LMG900TMW8KJ7DTSOB shell pm clear com.saucelabs.mydemoapp.rn'
&amp#27;[38;5;80m[AndroidDriver]&amp#27;[0m Performed fast reset on the installed 'com.saucelabs.mydemoapp.rn' application (stop and clear)
&amp#27;[38;5;32m[AndroidUiautomator2Driver@dabd (47571b8e)]&amp#27;[0m Performing shallow cleanup of automation leftovers
&amp#27;[38;5;32m[AndroidUiautomator2Driver@dabd (47571b8e)]&amp#27;[0m No obsolete sessions have been detected (socket hang up)
&amp#27;[38;5;64m[ADB]&amp#27;[0m Running 'C:\Users\super\Desktop\Study\Appium\cmdline-tools\bin\platform-tools\adb.exe -P 5037 -s LMG900TMW8KJ7DTSOB shell am force-stop io.appium.uiautomator2.server.test'
&amp#27;[38;5;32m[AndroidUiautomator2Driver@dabd (47571b8e)]&amp#27;[0m Starting UIAutomator2 server 5.12.7
&amp#27;[38;5;32m[AndroidUiautomator2Driver@dabd (47571b8e)]&amp#27;[0m Using UIAutomator2 server from 'C:\Users\super\.appium\node_modules\appium-uiautomator2-driver\node_modules\appium-uiautomator2-server\apks\appium-uiautomator2-server-v5.12.7.apk' and test from 'C:\Users\super\.appium\node_modules\appium-uiautomator2-driver\node_modules\appium-uiautomator2-server\apks\appium-uiautomator2-server-debug-androidTest.apk'
&amp#27;[38;5;32m[AndroidUiautomator2Driver@dabd (47571b8e)]&amp#27;[0m Waiting up to 30000ms for UiAutomator2 to be online...
&amp#27;[38;5;64m[ADB]&amp#27;[0m Creating ADB subprocess with args: ["-P","5037","-s","LMG900TMW8KJ7DTSOB","shell","am","instrument","-w","-e","disableAnalytics","true","io.appium.uiautomator2.server.test/androidx.test.runner.AndroidJUnitRunner"]
&amp#27;[38;5;32m[AndroidUiautomator2Driver@dabd (47571b8e)]&amp#27;[0m Matched '/status' to command name 'getStatus'
&amp#27;[38;5;32m[AndroidUiautomator2Driver@dabd (47571b8e)]&amp#27;[0m Proxying [GET /status] to [GET http://127.0.0.1:8201/status] with no body
&amp#27;[38;5;32m[AndroidUiautomator2Driver@dabd (47571b8e)]&amp#27;[0m socket hang up
&amp#27;[38;5;32m[AndroidUiautomator2Driver@dabd (47571b8e)]&amp#27;[0m Matched '/status' to command name 'getStatus'
&amp#27;[38;5;32m[AndroidUiautomator2Driver@dabd (47571b8e)]&amp#27;[0m Proxying [GET /status] to [GET http://127.0.0.1:8201/status] with no body
&amp#27;[38;5;32m[AndroidUiautomator2Driver@dabd (47571b8e)]&amp#27;[0m socket hang up
&amp#27;[38;5;112m[Instrumentation]&amp#27;[0m io.appium.uiautomator2.server.test.AppiumUiAutomator2Server:
&amp#27;[38;5;32m[AndroidUiautomator2Driver@dabd (47571b8e)]&amp#27;[0m Matched '/status' to command name 'getStatus'
&amp#27;[38;5;32m[AndroidUiautomator2Driver@dabd (47571b8e)]&amp#27;[0m Proxying [GET /status] to [GET http://127.0.0.1:8201/status] with no body
&amp#27;[38;5;32m[AndroidUiautomator2Driver@dabd (47571b8e)]&amp#27;[0m socket hang up
&amp#27;[38;5;32m[AndroidUiautomator2Driver@dabd (47571b8e)]&amp#27;[0m Matched '/status' to command name 'getStatus'
&amp#27;[38;5;32m[AndroidUiautomator2Driver@dabd (47571b8e)]&amp#27;[0m Proxying [GET /status] to [GET http://127.0.0.1:8201/status] with no body
&amp#27;[38;5;32m[AndroidUiautomator2Driver@dabd (47571b8e)]&amp#27;[0m Got response with status 200: {"sessionId":"None","value":{"message":"UiAutomator2 Server is ready to accept commands","ready":true}}
&amp#27;[38;5;32m[AndroidUiautomator2Driver@dabd (47571b8e)]&amp#27;[0m The initialization of the instrumentation process took 3197ms
&amp#27;[38;5;32m[AndroidUiautomator2Driver@dabd (47571b8e)]&amp#27;[0m Matched '/session' to command name 'createSession'
&amp#27;[38;5;32m[AndroidUiautomator2Driver@dabd (47571b8e)]&amp#27;[0m Proxying [POST /session] to [POST http://127.0.0.1:8201/session] with body: {"capabilities":{"firstMatch":[{"platformName":"ANDROID","app":"C:\\Users\\super\\eclipse-AppiumProject\\demo_app\\src\\test\\java\\testResources\\Android-MyDemoAppRN.1.3.0.build-244.apk","automationName":"UIAutomator2","chromedriverExecutable":"C:\\Users\\super\\Desktop\\Study\\Appium\\chromedriver120\\chromedriver.exe","platform":"LINUX","webStorageEnabled":false,"takesScreenshot":true,"javascriptEnabled":true,"databaseEnabled":false,"networkConnectionEnabled":true,"locationContextEnabled":false,"warnings":{},"desired":{"platformName":"ANDROID","app":"C:\\Users\\super\\eclipse-AppiumProject\\demo_app\\src\\test\\java\\testResources\\Android-MyDemoAppRN.1.3.0.build-244.apk","automationName":"UIAutomator2","chromedriverExecutable":"C:\\Users\\super\\Desktop\\Study\\Appium\\chromedriver120\\chromedriver.exe"},"deviceName":"LMG900TMW8KJ7DTSOB","deviceUDID":"LMG900TMW8KJ7DTSOB","appPackage":"com.saucelabs.mydemoapp.rn"}],"alwaysMatch":{}}}
&amp#27;[38;5;32m[AndroidUiautomator2Driver@dabd (47571b8e)]&amp#27;[0m Got response with status 200: {"sessionId":"e99dcc09-a0f0-48bb-8a0b-d829d4323b82","value":{"capabilities":{"firstMatch":[{"platformName":"ANDROID","app":"C:\\Users\\super\\eclipse-AppiumProject\\demo_app\\src\\test\\java\\testResources\\Android-MyDemoAppRN.1.3.0.build-244.apk","automationName":"UIAutomator2","chromedriverExecutable":"C:\\Users\\super\\Desktop\\Study\\Appium\\chromedriver120\\chromedriver.exe","platform":"LINUX","webStorageEnabled":false,"takesScreenshot":true,"javascriptEnabled":true,"databaseEnabled":false,"networkConnectionEnabled":true,"locationContextEnabled":false,"warnings":{},"desired":{"platformName":"ANDROID","app":"C:\\Users\\super\\eclipse-AppiumProject\\demo_app\\src\\test\\java\\testResources\\Android-MyDemoAppRN.1.3.0.build-244.apk","automationName":"UIAutomator2","chromedriverExecutable":"C:\\Users\\super\\Desktop\\Study\\Appium\\chromedriver120\\chromedriver.exe"},"deviceName":"LMG900TMW8KJ7DTSOB","deviceUDID":"LMG900TMW8KJ7DTSOB","appPackage":"com.saucelabs.mydemoapp.rn"}],"alwaysMatch":{}},"sessionId"...
&amp#27;[38;5;32m[AndroidUiautomator2Driver@dabd (47571b8e)]&amp#27;[0m Determined the downstream protocol as 'W3C'
&amp#27;[38;5;32m[AndroidUiautomator2Driver@dabd (47571b8e)]&amp#27;[0m Proxying [GET /appium/device/pixel_ratio] to [GET http://127.0.0.1:8201/session/e99dcc09-a0f0-48bb-8a0b-d829d4323b82/appium/device/pixel_ratio] with no body
&amp#27;[38;5;32m[AndroidUiautomator2Driver@dabd (47571b8e)]&amp#27;[0m Matched '/appium/device/system_bars' to command name 'getSystemBars'
&amp#27;[38;5;32m[AndroidUiautomator2Driver@dabd (47571b8e)]&amp#27;[0m Proxying [GET /appium/device/system_bars] to [GET http://127.0.0.1:8201/session/e99dcc09-a0f0-48bb-8a0b-d829d4323b82/appium/device/system_bars] with no body
&amp#27;[38;5;32m[AndroidUiautomator2Driver@dabd (47571b8e)]&amp#27;[0m Matched '/window/current/size' to command name 'getWindowSize'
&amp#27;[38;5;32m[AndroidUiautomator2Driver@dabd (47571b8e)]&amp#27;[0m Proxying [GET /window/current/size] to [GET http://127.0.0.1:8201/session/e99dcc09-a0f0-48bb-8a0b-d829d4323b82/window/current/size] with no body
&amp#27;[38;5;32m[AndroidUiautomator2Driver@dabd (47571b8e)]&amp#27;[0m Proxying [GET /appium/device/info] to [GET http://127.0.0.1:8201/session/e99dcc09-a0f0-48bb-8a0b-d829d4323b82/appium/device/info] with no body
&amp#27;[38;5;64m[ADB]&amp#27;[0m Running 'C:\Users\super\Desktop\Study\Appium\cmdline-tools\bin\platform-tools\adb.exe -P 5037 -s LMG900TMW8KJ7DTSOB shell dumpsys window'
&amp#27;[38;5;32m[AndroidUiautomator2Driver@dabd (47571b8e)]&amp#27;[0m Got response with status 200: {"sessionId":"e99dcc09-a0f0-48bb-8a0b-d829d4323b82","value":2.625}
&amp#27;[38;5;32m[AndroidUiautomator2Driver@dabd (47571b8e)]&amp#27;[0m Got response with status 200: {"sessionId":"e99dcc09-a0f0-48bb-8a0b-d829d4323b82","value":{"height":2342,"width":1080}}
&amp#27;[38;5;32m[AndroidUiautomator2Driver@dabd (47571b8e)]&amp#27;[0m Got response with status 200: {"sessionId":"e99dcc09-a0f0-48bb-8a0b-d829d4323b82","value":{"statusBar":76}}
&amp#27;[38;5;32m[AndroidUiautomator2Driver@dabd (47571b8e)]&amp#27;[0m Got response with status 200: {"sessionId":"e99dcc09-a0f0-48bb-8a0b-d829d4323b82","value":{"androidId":"cdc734c4260e7e2f","apiVersion":"31","bluetooth":{"state":"OFF"},"brand":"lge","carrierName":"","displayDensity":420,"locale":"en_US","manufacturer":"LGE","model":"LM-G900TM","networks":[{"capabilities":{"SSID":null,"linkDownBandwidthKbps":60000,"linkUpstreamBandwidthKbps":12000,"networkCapabilities":"NET_CAPABILITY_NOT_METERED,NET_CAPABILITY_INTERNET,NET_CAPABILITY_NOT_RESTRICTED,NET_CAPABILITY_TRUSTED,NET_CAPABILITY_NOT_VPN,NET_CAPABILITY_VALIDATED,NET_CAPABILITY_NOT_ROAMING,NET_CAPABILITY_FOREGROUND,NET_CAPABILITY_NOT_CONGESTED,NET_CAPABILITY_NOT_SUSPENDED","signalStrength":-62,"transportTypes":"TRANSPORT_WIFI"},"detailedState":"CONNECTED","extraInfo":"","isAvailable":true,"isConnected":true,"isFailover":false,"isRoaming":false,"state":"CONNECTED","subtype":-1,"subtypeName":"","type":1,"typeName":"WIFI"}],"platformVersion":"12","realDisplaySize":"1080x2460","timeZone":"America/Los_Angeles"}}
&amp#27;[38;5;80m[AndroidDriver]&amp#27;[0m Screen already unlocked, doing nothing
&amp#27;[38;5;32m[AndroidUiautomator2Driver@dabd (47571b8e)]&amp#27;[0m Starting 'com.saucelabs.mydemoapp.rn/com.saucelabs.mydemoapp.rn.MainActivity and waiting for 'com.saucelabs.mydemoapp.rn/com.saucelabs.mydemoapp.rn.MainActivity'
&amp#27;[38;5;64m[ADB]&amp#27;[0m Running 'C:\Users\super\Desktop\Study\Appium\cmdline-tools\bin\platform-tools\adb.exe -P 5037 -s LMG900TMW8KJ7DTSOB shell am start -W -n com.saucelabs.mydemoapp.rn/com.saucelabs.mydemoapp.rn.MainActivity -S -a android.intent.action.MAIN -c android.intent.category.LAUNCHER -f 0x10200000'
&amp#27;[38;5;64m[ADB]&amp#27;[0m Waiting up to 20000ms for activity matching pkg: 'com.saucelabs.mydemoapp.rn' and activity: 'com.saucelabs.mydemoapp.rn.MainActivity' to be focused
&amp#27;[38;5;64m[ADB]&amp#27;[0m Possible activities, to be checked: 'com.saucelabs.mydemoapp.rn.MainActivity', 'com.saucelabs.mydemoapp.rn.com.saucelabs.mydemoapp.rn.MainActivity'
&amp#27;[38;5;64m[ADB]&amp#27;[0m Getting focused package and activity
&amp#27;[38;5;64m[ADB]&amp#27;[0m Running 'C:\Users\super\Desktop\Study\Appium\cmdline-tools\bin\platform-tools\adb.exe -P 5037 -s LMG900TMW8KJ7DTSOB shell dumpsys window displays'
&amp#27;[38;5;64m[ADB]&amp#27;[0m Found package: 'com.saucelabs.mydemoapp.rn' and fully qualified activity name : 'com.saucelabs.mydemoapp.rn.MainActivity'
&amp#27;[38;5;16m[AppiumDriver@6bb1]&amp#27;[0m New AndroidUiautomator2Driver session created successfully, session 47571b8e-6191-4ef5-a875-b0f0dcd05976 added to master session list
&amp#27;[38;5;16m[AppiumDriver@6bb1]&amp#27;[0m Event 'newSessionStarted' logged at 1707198236882 (21:43:56 GMT-0800 (Pacific Standard Time))
&amp#27;[38;5;32m[AndroidUiautomator2Driver@dabd (47571b8e)]&amp#27;[0m Cached the protocol value 'W3C' for the new session 47571b8e-6191-4ef5-a875-b0f0dcd05976
&amp#27;[38;5;32m[AndroidUiautomator2Driver@dabd (47571b8e)]&amp#27;[0m Responding to client with driver.createSession() result: {"capabilities":{"platformName":"ANDROID","app":"C:\\Users\\super\\eclipse-AppiumProject\\demo_app\\src\\test\\java\\testResources\\Android-MyDemoAppRN.1.3.0.build-244.apk","automationName":"UIAutomator2","chromedriverExecutable":"C:\\Users\\super\\Desktop\\Study\\Appium\\chromedriver120\\chromedriver.exe","platform":"LINUX","webStorageEnabled":false,"takesScreenshot":true,"javascriptEnabled":true,"databaseEnabled":false,"networkConnectionEnabled":true,"locationContextEnabled":false,"warnings":{},"desired":{"platformName":"ANDROID","app":"C:\\Users\\super\\eclipse-AppiumProject\\demo_app\\src\\test\\java\\testResources\\Android-MyDemoAppRN.1.3.0.build-244.apk","automationName":"UIAutomator2","chromedriverExecutable":"C:\\Users\\super\\Desktop\\Study\\Appium\\chromedriver120\\chromedriver.exe"},"deviceName":"LMG900TMW8KJ7DTSOB","deviceUDID":"LMG900TMW8KJ7DTSOB","appPackage":"com.saucelabs.mydemoapp.rn","pixelRatio":"2.625","statBarHeight":76,"viewportRect":{"left":0,"top":76,"width":1080,"height":2266},"dev...
&amp#27;[38;5;0m[HTTP]&amp#27;[0m &amp#27;[37m<-- POST /session &amp#27;[39m&amp#27;[32m200&amp#27;[39m &amp#27;[90m8445 ms - 1232&amp#27;[39m
&amp#27;[38;5;0m[HTTP]&amp#27;[0m &amp#27;[90m&amp#27;[39m
&amp#27;[38;5;0m[HTTP]&amp#27;[0m &amp#27;[37m-->&amp#27;[39m &amp#27;[37mPOST&amp#27;[39m &amp#27;[37m/session/47571b8e-6191-4ef5-a875-b0f0dcd05976/timeouts&amp#27;[39m
&amp#27;[38;5;0m[HTTP]&amp#27;[0m &amp#27;[90m{"implicit":10000}&amp#27;[39m
&amp#27;[38;5;32m[AndroidUiautomator2Driver@dabd (47571b8e)]&amp#27;[0m Calling AppiumDriver.timeouts() with args: [null,null,null,null,10000,"47571b8e-6191-4ef5-a875-b0f0dcd05976"]
&amp#27;[38;5;32m[AndroidUiautomator2Driver@dabd (47571b8e)]&amp#27;[0m W3C timeout argument: {"implicit":10000}}
&amp#27;[38;5;32m[AndroidUiautomator2Driver@dabd (47571b8e)]&amp#27;[0m Set implicit wait to 10000ms
&amp#27;[38;5;32m[AndroidUiautomator2Driver@dabd (47571b8e)]&amp#27;[0m Responding to client with driver.timeouts() result: null
&amp#27;[38;5;0m[HTTP]&amp#27;[0m &amp#27;[37m<-- POST /session/47571b8e-6191-4ef5-a875-b0f0dcd05976/timeouts &amp#27;[39m&amp#27;[32m200&amp#27;[39m &amp#27;[90m3 ms - 14&amp#27;[39m
&amp#27;[38;5;0m[HTTP]&amp#27;[0m &amp#27;[90m&amp#27;[39m
&amp#27;[38;5;0m[HTTP]&amp#27;[0m &amp#27;[37m-->&amp#27;[39m &amp#27;[37mGET&amp#27;[39m &amp#27;[37m/session/47571b8e-6191-4ef5-a875-b0f0dcd05976/context&amp#27;[39m
&amp#27;[38;5;0m[HTTP]&amp#27;[0m &amp#27;[90m{}&amp#27;[39m
&amp#27;[38;5;32m[AndroidUiautomator2Driver@dabd (47571b8e)]&amp#27;[0m Calling AppiumDriver.getCurrentContext() with args: ["47571b8e-6191-4ef5-a875-b0f0dcd05976"]
&amp#27;[38;5;32m[AndroidUiautomator2Driver@dabd (47571b8e)]&amp#27;[0m Responding to client with driver.getCurrentContext() result: "NATIVE_APP"
&amp#27;[38;5;0m[HTTP]&amp#27;[0m &amp#27;[37m<-- GET /session/47571b8e-6191-4ef5-a875-b0f0dcd05976/context &amp#27;[39m&amp#27;[32m200&amp#27;[39m &amp#27;[90m6 ms - 22&amp#27;[39m
&amp#27;[38;5;0m[HTTP]&amp#27;[0m &amp#27;[90m&amp#27;[39m
&amp#27;[38;5;0m[HTTP]&amp#27;[0m &amp#27;[37m-->&amp#27;[39m &amp#27;[37mPOST&amp#27;[39m &amp#27;[37m/session/47571b8e-6191-4ef5-a875-b0f0dcd05976/element&amp#27;[39m
&amp#27;[38;5;0m[HTTP]&amp#27;[0m &amp#27;[90m{"using":"accessibility id","value":"open menu"}&amp#27;[39m
&amp#27;[38;5;32m[AndroidUiautomator2Driver@dabd (47571b8e)]&amp#27;[0m Calling AppiumDriver.findElement() with args: ["accessibility id","open menu","47571b8e-6191-4ef5-a875-b0f0dcd05976"]
&amp#27;[38;5;32m[AndroidUiautomator2Driver@dabd (47571b8e)]&amp#27;[0m Valid locator strategies for this request: xpath, id, class name, accessibility id, css selector, -android uiautomator
&amp#27;[38;5;32m[AndroidUiautomator2Driver@dabd (47571b8e)]&amp#27;[0m Waiting up to 10000 ms for condition
&amp#27;[38;5;32m[AndroidUiautomator2Driver@dabd (47571b8e)]&amp#27;[0m Matched '/element' to command name 'findElement'
&amp#27;[38;5;32m[AndroidUiautomator2Driver@dabd (47571b8e)]&amp#27;[0m Proxying [POST /element] to [POST http://127.0.0.1:8201/session/e99dcc09-a0f0-48bb-8a0b-d829d4323b82/element] with body: {"strategy":"accessibility id","selector":"open menu","context":"","multiple":false}
&amp#27;[38;5;32m[AndroidUiautomator2Driver@dabd (47571b8e)]&amp#27;[0m Got response with status 200: {"sessionId":"e99dcc09-a0f0-48bb-8a0b-d829d4323b82","value":{"ELEMENT":"00000000-0000-0594-ffff-ffff00000022","element-6066-11e4-a52e-4f735466cecf":"00000000-0000-0594-ffff-ffff00000022"}}
&amp#27;[38;5;32m[AndroidUiautomator2Driver@dabd (47571b8e)]&amp#27;[0m Responding to client with driver.findElement() result: {"element-6066-11e4-a52e-4f735466cecf":"00000000-0000-0594-ffff-ffff00000022","ELEMENT":"00000000-0000-0594-ffff-ffff00000022"}
&amp#27;[38;5;0m[HTTP]&amp#27;[0m &amp#27;[37m<-- POST /session/47571b8e-6191-4ef5-a875-b0f0dcd05976/element &amp#27;[39m&amp#27;[32m200&amp#27;[39m &amp#27;[90m149 ms - 137&amp#27;[39m
&amp#27;[38;5;0m[HTTP]&amp#27;[0m &amp#27;[90m&amp#27;[39m
&amp#27;[38;5;0m[HTTP]&amp#27;[0m &amp#27;[37m-->&amp#27;[39m &amp#27;[37mGET&amp#27;[39m &amp#27;[37m/session/47571b8e-6191-4ef5-a875-b0f0dcd05976/element/00000000-0000-0594-ffff-ffff00000022/displayed&amp#27;[39m
&amp#27;[38;5;0m[HTTP]&amp#27;[0m &amp#27;[90m{}&amp#27;[39m
&amp#27;[38;5;32m[AndroidUiautomator2Driver@dabd (47571b8e)]&amp#27;[0m Calling AppiumDriver.elementDisplayed() with args: ["00000000-0000-0594-ffff-ffff00000022","47571b8e-6191-4ef5-a875-b0f0dcd05976"]
&amp#27;[38;5;32m[AndroidUiautomator2Driver@dabd (47571b8e)]&amp#27;[0m Matched '/element/00000000-0000-0594-ffff-ffff00000022/attribute/displayed' to command name 'getAttribute'
&amp#27;[38;5;32m[AndroidUiautomator2Driver@dabd (47571b8e)]&amp#27;[0m Proxying [GET /element/00000000-0000-0594-ffff-ffff00000022/attribute/displayed] to [GET http://127.0.0.1:8201/session/e99dcc09-a0f0-48bb-8a0b-d829d4323b82/element/00000000-0000-0594-ffff-ffff00000022/attribute/displayed] with no body
&amp#27;[38;5;32m[AndroidUiautomator2Driver@dabd (47571b8e)]&amp#27;[0m Got response with status 200: {"sessionId":"e99dcc09-a0f0-48bb-8a0b-d829d4323b82","value":"true"}
&amp#27;[38;5;32m[AndroidUiautomator2Driver@dabd (47571b8e)]&amp#27;[0m Responding to client with driver.elementDisplayed() result: true
&amp#27;[38;5;0m[HTTP]&amp#27;[0m &amp#27;[37m<-- GET /session/47571b8e-6191-4ef5-a875-b0f0dcd05976/element/00000000-0000-0594-ffff-ffff00000022/displayed &amp#27;[39m&amp#27;[32m200&amp#27;[39m &amp#27;[90m509 ms - 14&amp#27;[39m
&amp#27;[38;5;0m[HTTP]&amp#27;[0m &amp#27;[90m&amp#27;[39m
&amp#27;[38;5;0m[HTTP]&amp#27;[0m &amp#27;[37m-->&amp#27;[39m &amp#27;[37mGET&amp#27;[39m &amp#27;[37m/session/47571b8e-6191-4ef5-a875-b0f0dcd05976/context&amp#27;[39m
&amp#27;[38;5;0m[HTTP]&amp#27;[0m &amp#27;[90m{}&amp#27;[39m
&amp#27;[38;5;32m[AndroidUiautomator2Driver@dabd (47571b8e)]&amp#27;[0m Calling AppiumDriver.getCurrentContext() with args: ["47571b8e-6191-4ef5-a875-b0f0dcd05976"]
&amp#27;[38;5;32m[AndroidUiautomator2Driver@dabd (47571b8e)]&amp#27;[0m Responding to client with driver.getCurrentContext() result: "NATIVE_APP"
&amp#27;[38;5;0m[HTTP]&amp#27;[0m &amp#27;[37m<-- GET /session/47571b8e-6191-4ef5-a875-b0f0dcd05976/context &amp#27;[39m&amp#27;[32m200&amp#27;[39m &amp#27;[90m3 ms - 22&amp#27;[39m
&amp#27;[38;5;0m[HTTP]&amp#27;[0m &amp#27;[90m&amp#27;[39m
&amp#27;[38;5;0m[HTTP]&amp#27;[0m &amp#27;[37m-->&amp#27;[39m &amp#27;[37mPOST&amp#27;[39m &amp#27;[37m/session/47571b8e-6191-4ef5-a875-b0f0dcd05976/element&amp#27;[39m
&amp#27;[38;5;0m[HTTP]&amp#27;[0m &amp#27;[90m{"using":"accessibility id","value":"open menu"}&amp#27;[39m
&amp#27;[38;5;32m[AndroidUiautomator2Driver@dabd (47571b8e)]&amp#27;[0m Calling AppiumDriver.findElement() with args: ["accessibility id","open menu","47571b8e-6191-4ef5-a875-b0f0dcd05976"]
&amp#27;[38;5;32m[AndroidUiautomator2Driver@dabd (47571b8e)]&amp#27;[0m Valid locator strategies for this request: xpath, id, class name, accessibility id, css selector, -android uiautomator
&amp#27;[38;5;32m[AndroidUiautomator2Driver@dabd (47571b8e)]&amp#27;[0m Waiting up to 10000 ms for condition
&amp#27;[38;5;32m[AndroidUiautomator2Driver@dabd (47571b8e)]&amp#27;[0m Matched '/element' to command name 'findElement'
&amp#27;[38;5;32m[AndroidUiautomator2Driver@dabd (47571b8e)]&amp#27;[0m Proxying [POST /element] to [POST http://127.0.0.1:8201/session/e99dcc09-a0f0-48bb-8a0b-d829d4323b82/element] with body: {"strategy":"accessibility id","selector":"open menu","context":"","multiple":false}
&amp#27;[38;5;32m[AndroidUiautomator2Driver@dabd (47571b8e)]&amp#27;[0m Got response with status 200: {"sessionId":"e99dcc09-a0f0-48bb-8a0b-d829d4323b82","value":{"ELEMENT":"00000000-0000-0594-ffff-ffff00000022","element-6066-11e4-a52e-4f735466cecf":"00000000-0000-0594-ffff-ffff00000022"}}
&amp#27;[38;5;32m[AndroidUiautomator2Driver@dabd (47571b8e)]&amp#27;[0m Responding to client with driver.findElement() result: {"element-6066-11e4-a52e-4f735466cecf":"00000000-0000-0594-ffff-ffff00000022","ELEMENT":"00000000-0000-0594-ffff-ffff00000022"}
&amp#27;[38;5;0m[HTTP]&amp#27;[0m &amp#27;[37m<-- POST /session/47571b8e-6191-4ef5-a875-b0f0dcd05976/element &amp#27;[39m&amp#27;[32m200&amp#27;[39m &amp#27;[90m219 ms - 137&amp#27;[39m
&amp#27;[38;5;0m[HTTP]&amp#27;[0m &amp#27;[90m&amp#27;[39m
&amp#27;[38;5;0m[HTTP]&amp#27;[0m &amp#27;[37m-->&amp#27;[39m &amp#27;[37mGET&amp#27;[39m &amp#27;[37m/session/47571b8e-6191-4ef5-a875-b0f0dcd05976/element/00000000-0000-0594-ffff-ffff00000022/enabled&amp#27;[39m
&amp#27;[38;5;0m[HTTP]&amp#27;[0m &amp#27;[90m{}&amp#27;[39m
&amp#27;[38;5;32m[AndroidUiautomator2Driver@dabd (47571b8e)]&amp#27;[0m Calling AppiumDriver.elementEnabled() with args: ["00000000-0000-0594-ffff-ffff00000022","47571b8e-6191-4ef5-a875-b0f0dcd05976"]
&amp#27;[38;5;32m[AndroidUiautomator2Driver@dabd (47571b8e)]&amp#27;[0m Matched '/element/00000000-0000-0594-ffff-ffff00000022/attribute/enabled' to command name 'getAttribute'
&amp#27;[38;5;32m[AndroidUiautomator2Driver@dabd (47571b8e)]&amp#27;[0m Proxying [GET /element/00000000-0000-0594-ffff-ffff00000022/attribute/enabled] to [GET http://127.0.0.1:8201/session/e99dcc09-a0f0-48bb-8a0b-d829d4323b82/element/00000000-0000-0594-ffff-ffff00000022/attribute/enabled] with no body
&amp#27;[38;5;32m[AndroidUiautomator2Driver@dabd (47571b8e)]&amp#27;[0m Got response with status 200: {"sessionId":"e99dcc09-a0f0-48bb-8a0b-d829d4323b82","value":"true"}
&amp#27;[38;5;32m[AndroidUiautomator2Driver@dabd (47571b8e)]&amp#27;[0m Responding to client with driver.elementEnabled() result: true
&amp#27;[38;5;0m[HTTP]&amp#27;[0m &amp#27;[37m<-- GET /session/47571b8e-6191-4ef5-a875-b0f0dcd05976/element/00000000-0000-0594-ffff-ffff00000022/enabled &amp#27;[39m&amp#27;[32m200&amp#27;[39m &amp#27;[90m67 ms - 14&amp#27;[39m
&amp#27;[38;5;0m[HTTP]&amp#27;[0m &amp#27;[90m&amp#27;[39m
&amp#27;[38;5;0m[HTTP]&amp#27;[0m &amp#27;[37m-->&amp#27;[39m &amp#27;[37mGET&amp#27;[39m &amp#27;[37m/session/47571b8e-6191-4ef5-a875-b0f0dcd05976/context&amp#27;[39m
&amp#27;[38;5;0m[HTTP]&amp#27;[0m &amp#27;[90m{}&amp#27;[39m
&amp#27;[38;5;32m[AndroidUiautomator2Driver@dabd (47571b8e)]&amp#27;[0m Calling AppiumDriver.getCurrentContext() with args: ["47571b8e-6191-4ef5-a875-b0f0dcd05976"]
&amp#27;[38;5;32m[AndroidUiautomator2Driver@dabd (47571b8e)]&amp#27;[0m Responding to client with driver.getCurrentContext() result: "NATIVE_APP"
&amp#27;[38;5;0m[HTTP]&amp#27;[0m &amp#27;[37m<-- GET /session/47571b8e-6191-4ef5-a875-b0f0dcd05976/context &amp#27;[39m&amp#27;[32m200&amp#27;[39m &amp#27;[90m1 ms - 22&amp#27;[39m
&amp#27;[38;5;0m[HTTP]&amp#27;[0m &amp#27;[90m&amp#27;[39m
&amp#27;[38;5;0m[HTTP]&amp#27;[0m &amp#27;[37m-->&amp#27;[39m &amp#27;[37mPOST&amp#27;[39m &amp#27;[37m/session/47571b8e-6191-4ef5-a875-b0f0dcd05976/element&amp#27;[39m
&amp#27;[38;5;0m[HTTP]&amp#27;[0m &amp#27;[90m{"using":"accessibility id","value":"open menu"}&amp#27;[39m
&amp#27;[38;5;32m[AndroidUiautomator2Driver@dabd (47571b8e)]&amp#27;[0m Calling AppiumDriver.findElement() with args: ["accessibility id","open menu","47571b8e-6191-4ef5-a875-b0f0dcd05976"]
&amp#27;[38;5;32m[AndroidUiautomator2Driver@dabd (47571b8e)]&amp#27;[0m Valid locator strategies for this request: xpath, id, class name, accessibility id, css selector, -android uiautomator
&amp#27;[38;5;32m[AndroidUiautomator2Driver@dabd (47571b8e)]&amp#27;[0m Waiting up to 10000 ms for condition
&amp#27;[38;5;32m[AndroidUiautomator2Driver@dabd (47571b8e)]&amp#27;[0m Matched '/element' to command name 'findElement'
&amp#27;[38;5;32m[AndroidUiautomator2Driver@dabd (47571b8e)]&amp#27;[0m Proxying [POST /element] to [POST http://127.0.0.1:8201/session/e99dcc09-a0f0-48bb-8a0b-d829d4323b82/element] with body: {"strategy":"accessibility id","selector":"open menu","context":"","multiple":false}
&amp#27;[38;5;32m[AndroidUiautomator2Driver@dabd (47571b8e)]&amp#27;[0m Got response with status 200: {"sessionId":"e99dcc09-a0f0-48bb-8a0b-d829d4323b82","value":{"ELEMENT":"00000000-0000-0594-ffff-ffff00000022","element-6066-11e4-a52e-4f735466cecf":"00000000-0000-0594-ffff-ffff00000022"}}
&amp#27;[38;5;32m[AndroidUiautomator2Driver@dabd (47571b8e)]&amp#27;[0m Responding to client with driver.findElement() result: {"element-6066-11e4-a52e-4f735466cecf":"00000000-0000-0594-ffff-ffff00000022","ELEMENT":"00000000-0000-0594-ffff-ffff00000022"}
&amp#27;[38;5;0m[HTTP]&amp#27;[0m &amp#27;[37m<-- POST /session/47571b8e-6191-4ef5-a875-b0f0dcd05976/element &amp#27;[39m&amp#27;[32m200&amp#27;[39m &amp#27;[90m167 ms - 137&amp#27;[39m
&amp#27;[38;5;0m[HTTP]&amp#27;[0m &amp#27;[90m&amp#27;[39m
&amp#27;[38;5;0m[HTTP]&amp#27;[0m &amp#27;[37m-->&amp#27;[39m &amp#27;[37mPOST&amp#27;[39m &amp#27;[37m/session/47571b8e-6191-4ef5-a875-b0f0dcd05976/element/00000000-0000-0594-ffff-ffff00000022/click&amp#27;[39m
&amp#27;[38;5;0m[HTTP]&amp#27;[0m &amp#27;[90m{"id":"00000000-0000-0594-ffff-ffff00000022"}&amp#27;[39m
&amp#27;[38;5;32m[AndroidUiautomator2Driver@dabd (47571b8e)]&amp#27;[0m Calling AppiumDriver.click() with args: ["00000000-0000-0594-ffff-ffff00000022","47571b8e-6191-4ef5-a875-b0f0dcd05976"]
&amp#27;[38;5;32m[AndroidUiautomator2Driver@dabd (47571b8e)]&amp#27;[0m Matched '/element/00000000-0000-0594-ffff-ffff00000022/click' to command name 'click'
&amp#27;[38;5;32m[AndroidUiautomator2Driver@dabd (47571b8e)]&amp#27;[0m Proxying [POST /element/00000000-0000-0594-ffff-ffff00000022/click] to [POST http://127.0.0.1:8201/session/e99dcc09-a0f0-48bb-8a0b-d829d4323b82/element/00000000-0000-0594-ffff-ffff00000022/click] with body: {"element":"00000000-0000-0594-ffff-ffff00000022"}
&amp#27;[38;5;32m[AndroidUiautomator2Driver@dabd (47571b8e)]&amp#27;[0m Got response with status 200: {"sessionId":"e99dcc09-a0f0-48bb-8a0b-d829d4323b82","value":null}
&amp#27;[38;5;32m[AndroidUiautomator2Driver@dabd (47571b8e)]&amp#27;[0m Responding to client with driver.click() result: null
&amp#27;[38;5;0m[HTTP]&amp#27;[0m &amp#27;[37m<-- POST /session/47571b8e-6191-4ef5-a875-b0f0dcd05976/element/00000000-0000-0594-ffff-ffff00000022/click &amp#27;[39m&amp#27;[32m200&amp#27;[39m &amp#27;[90m98 ms - 14&amp#27;[39m
&amp#27;[38;5;0m[HTTP]&amp#27;[0m &amp#27;[90m&amp#27;[39m
&amp#27;[38;5;0m[HTTP]&amp#27;[0m &amp#27;[37m-->&amp#27;[39m &amp#27;[37mGET&amp#27;[39m &amp#27;[37m/session/47571b8e-6191-4ef5-a875-b0f0dcd05976/context&amp#27;[39m
&amp#27;[38;5;0m[HTTP]&amp#27;[0m &amp#27;[90m{}&amp#27;[39m
&amp#27;[38;5;32m[AndroidUiautomator2Driver@dabd (47571b8e)]&amp#27;[0m Calling AppiumDriver.getCurrentContext() with args: ["47571b8e-6191-4ef5-a875-b0f0dcd05976"]
&amp#27;[38;5;32m[AndroidUiautomator2Driver@dabd (47571b8e)]&amp#27;[0m Responding to client with driver.getCurrentContext() result: "NATIVE_APP"
&amp#27;[38;5;0m[HTTP]&amp#27;[0m &amp#27;[37m<-- GET /session/47571b8e-6191-4ef5-a875-b0f0dcd05976/context &amp#27;[39m&amp#27;[32m200&amp#27;[39m &amp#27;[90m1 ms - 22&amp#27;[39m
&amp#27;[38;5;0m[HTTP]&amp#27;[0m &amp#27;[90m&amp#27;[39m
&amp#27;[38;5;0m[HTTP]&amp#27;[0m &amp#27;[37m-->&amp#27;[39m &amp#27;[37mPOST&amp#27;[39m &amp#27;[37m/session/47571b8e-6191-4ef5-a875-b0f0dcd05976/element&amp#27;[39m
&amp#27;[38;5;0m[HTTP]&amp#27;[0m &amp#27;[90m{"using":"accessibility id","value":"menu item catalog"}&amp#27;[39m
&amp#27;[38;5;32m[AndroidUiautomator2Driver@dabd (47571b8e)]&amp#27;[0m Calling AppiumDriver.findElement() with args: ["accessibility id","menu item catalog","47571b8e-6191-4ef5-a875-b0f0dcd05976"]
&amp#27;[38;5;32m[AndroidUiautomator2Driver@dabd (47571b8e)]&amp#27;[0m Valid locator strategies for this request: xpath, id, class name, accessibility id, css selector, -android uiautomator
&amp#27;[38;5;32m[AndroidUiautomator2Driver@dabd (47571b8e)]&amp#27;[0m Waiting up to 10000 ms for condition
&amp#27;[38;5;32m[AndroidUiautomator2Driver@dabd (47571b8e)]&amp#27;[0m Matched '/element' to command name 'findElement'
&amp#27;[38;5;32m[AndroidUiautomator2Driver@dabd (47571b8e)]&amp#27;[0m Proxying [POST /element] to [POST http://127.0.0.1:8201/session/e99dcc09-a0f0-48bb-8a0b-d829d4323b82/element] with body: {"strategy":"accessibility id","selector":"menu item catalog","context":"","multiple":false}
&amp#27;[38;5;32m[AndroidUiautomator2Driver@dabd (47571b8e)]&amp#27;[0m Got response with status 200: {"sessionId":"e99dcc09-a0f0-48bb-8a0b-d829d4323b82","value":{"ELEMENT":"00000000-0000-0594-ffff-ffff00000090","element-6066-11e4-a52e-4f735466cecf":"00000000-0000-0594-ffff-ffff00000090"}}
&amp#27;[38;5;32m[AndroidUiautomator2Driver@dabd (47571b8e)]&amp#27;[0m Responding to client with driver.findElement() result: {"element-6066-11e4-a52e-4f735466cecf":"00000000-0000-0594-ffff-ffff00000090","ELEMENT":"00000000-0000-0594-ffff-ffff00000090"}
&amp#27;[38;5;0m[HTTP]&amp#27;[0m &amp#27;[37m<-- POST /session/47571b8e-6191-4ef5-a875-b0f0dcd05976/element &amp#27;[39m&amp#27;[32m200&amp#27;[39m &amp#27;[90m373 ms - 137&amp#27;[39m
&amp#27;[38;5;0m[HTTP]&amp#27;[0m &amp#27;[90m&amp#27;[39m
&amp#27;[38;5;0m[HTTP]&amp#27;[0m &amp#27;[37m-->&amp#27;[39m &amp#27;[37mPOST&amp#27;[39m &amp#27;[37m/session/47571b8e-6191-4ef5-a875-b0f0dcd05976/element/00000000-0000-0594-ffff-ffff00000090/click&amp#27;[39m
&amp#27;[38;5;0m[HTTP]&amp#27;[0m &amp#27;[90m{"id":"00000000-0000-0594-ffff-ffff00000090"}&amp#27;[39m
&amp#27;[38;5;32m[AndroidUiautomator2Driver@dabd (47571b8e)]&amp#27;[0m Calling AppiumDriver.click() with args: ["00000000-0000-0594-ffff-ffff00000090","47571b8e-6191-4ef5-a875-b0f0dcd05976"]
&amp#27;[38;5;32m[AndroidUiautomator2Driver@dabd (47571b8e)]&amp#27;[0m Matched '/element/00000000-0000-0594-ffff-ffff00000090/click' to command name 'click'
&amp#27;[38;5;32m[AndroidUiautomator2Driver@dabd (47571b8e)]&amp#27;[0m Proxying [POST /element/00000000-0000-0594-ffff-ffff00000090/click] to [POST http://127.0.0.1:8201/session/e99dcc09-a0f0-48bb-8a0b-d829d4323b82/element/00000000-0000-0594-ffff-ffff00000090/click] with body: {"element":"00000000-0000-0594-ffff-ffff00000090"}
&amp#27;[38;5;32m[AndroidUiautomator2Driver@dabd (47571b8e)]&amp#27;[0m Got response with status 200: {"sessionId":"e99dcc09-a0f0-48bb-8a0b-d829d4323b82","value":null}
&amp#27;[38;5;32m[AndroidUiautomator2Driver@dabd (47571b8e)]&amp#27;[0m Responding to client with driver.click() result: null
&amp#27;[38;5;0m[HTTP]&amp#27;[0m &amp#27;[37m<-- POST /session/47571b8e-6191-4ef5-a875-b0f0dcd05976/element/00000000-0000-0594-ffff-ffff00000090/click &amp#27;[39m&amp#27;[32m200&amp#27;[39m &amp#27;[90m1397 ms - 14&amp#27;[39m
&amp#27;[38;5;0m[HTTP]&amp#27;[0m &amp#27;[90m&amp#27;[39m
&amp#27;[38;5;0m[HTTP]&amp#27;[0m &amp#27;[37m-->&amp#27;[39m &amp#27;[37mGET&amp#27;[39m &amp#27;[37m/session/47571b8e-6191-4ef5-a875-b0f0dcd05976/context&amp#27;[39m
&amp#27;[38;5;0m[HTTP]&amp#27;[0m &amp#27;[90m{}&amp#27;[39m
&amp#27;[38;5;32m[AndroidUiautomator2Driver@dabd (47571b8e)]&amp#27;[0m Calling AppiumDriver.getCurrentContext() with args: ["47571b8e-6191-4ef5-a875-b0f0dcd05976"]
&amp#27;[38;5;32m[AndroidUiautomator2Driver@dabd (47571b8e)]&amp#27;[0m Responding to client with driver.getCurrentContext() result: "NATIVE_APP"
&amp#27;[38;5;0m[HTTP]&amp#27;[0m &amp#27;[37m<-- GET /session/47571b8e-6191-4ef5-a875-b0f0dcd05976/context &amp#27;[39m&amp#27;[32m200&amp#27;[39m &amp#27;[90m1 ms - 22&amp#27;[39m
&amp#27;[38;5;0m[HTTP]&amp#27;[0m &amp#27;[90m&amp#27;[39m
&amp#27;[38;5;0m[HTTP]&amp#27;[0m &amp#27;[37m-->&amp#27;[39m &amp#27;[37mPOST&amp#27;[39m &amp#27;[37m/session/47571b8e-6191-4ef5-a875-b0f0dcd05976/element&amp#27;[39m
&amp#27;[38;5;0m[HTTP]&amp#27;[0m &amp#27;[90m{"using":"xpath","value":"//android.view.ViewGroup[@content-desc='container header']/android.widget.TextView"}&amp#27;[39m
&amp#27;[38;5;32m[AndroidUiautomator2Driver@dabd (47571b8e)]&amp#27;[0m Calling AppiumDriver.findElement() with args: ["xpath","//android.view.ViewGroup[@content-desc='container header']/android.widget.TextView","47571b8e-6191-4ef5-a875-b0f0dcd05976"]
&amp#27;[38;5;32m[AndroidUiautomator2Driver@dabd (47571b8e)]&amp#27;[0m Valid locator strategies for this request: xpath, id, class name, accessibility id, css selector, -android uiautomator
&amp#27;[38;5;32m[AndroidUiautomator2Driver@dabd (47571b8e)]&amp#27;[0m Waiting up to 10000 ms for condition
&amp#27;[38;5;32m[AndroidUiautomator2Driver@dabd (47571b8e)]&amp#27;[0m Matched '/element' to command name 'findElement'
&amp#27;[38;5;32m[AndroidUiautomator2Driver@dabd (47571b8e)]&amp#27;[0m Proxying [POST /element] to [POST http://127.0.0.1:8201/session/e99dcc09-a0f0-48bb-8a0b-d829d4323b82/element] with body: {"strategy":"xpath","selector":"//android.view.ViewGroup[@content-desc='container header']/android.widget.TextView","context":"","multiple":false}
&amp#27;[38;5;32m[AndroidUiautomator2Driver@dabd (47571b8e)]&amp#27;[0m Got response with status 200: {"sessionId":"e99dcc09-a0f0-48bb-8a0b-d829d4323b82","value":{"ELEMENT":"00000000-0000-0594-ffff-ffff00000030","element-6066-11e4-a52e-4f735466cecf":"00000000-0000-0594-ffff-ffff00000030"}}
&amp#27;[38;5;32m[AndroidUiautomator2Driver@dabd (47571b8e)]&amp#27;[0m Responding to client with driver.findElement() result: {"element-6066-11e4-a52e-4f735466cecf":"00000000-0000-0594-ffff-ffff00000030","ELEMENT":"00000000-0000-0594-ffff-ffff00000030"}
&amp#27;[38;5;0m[HTTP]&amp#27;[0m &amp#27;[37m<-- POST /session/47571b8e-6191-4ef5-a875-b0f0dcd05976/element &amp#27;[39m&amp#27;[32m200&amp#27;[39m &amp#27;[90m2484 ms - 137&amp#27;[39m
&amp#27;[38;5;0m[HTTP]&amp#27;[0m &amp#27;[90m&amp#27;[39m
&amp#27;[38;5;0m[HTTP]&amp#27;[0m &amp#27;[37m-->&amp#27;[39m &amp#27;[37mGET&amp#27;[39m &amp#27;[37m/session/47571b8e-6191-4ef5-a875-b0f0dcd05976/element/00000000-0000-0594-ffff-ffff00000030/displayed&amp#27;[39m
&amp#27;[38;5;0m[HTTP]&amp#27;[0m &amp#27;[90m{}&amp#27;[39m
&amp#27;[38;5;32m[AndroidUiautomator2Driver@dabd (47571b8e)]&amp#27;[0m Calling AppiumDriver.elementDisplayed() with args: ["00000000-0000-0594-ffff-ffff00000030","47571b8e-6191-4ef5-a875-b0f0dcd05976"]
&amp#27;[38;5;32m[AndroidUiautomator2Driver@dabd (47571b8e)]&amp#27;[0m Matched '/element/00000000-0000-0594-ffff-ffff00000030/attribute/displayed' to command name 'getAttribute'
&amp#27;[38;5;32m[AndroidUiautomator2Driver@dabd (47571b8e)]&amp#27;[0m Proxying [GET /element/00000000-0000-0594-ffff-ffff00000030/attribute/displayed] to [GET http://127.0.0.1:8201/session/e99dcc09-a0f0-48bb-8a0b-d829d4323b82/element/00000000-0000-0594-ffff-ffff00000030/attribute/displayed] with no body
&amp#27;[38;5;32m[AndroidUiautomator2Driver@dabd (47571b8e)]&amp#27;[0m Got response with status 200: {"sessionId":"e99dcc09-a0f0-48bb-8a0b-d829d4323b82","value":"true"}
&amp#27;[38;5;32m[AndroidUiautomator2Driver@dabd (47571b8e)]&amp#27;[0m Responding to client with driver.elementDisplayed() result: true
&amp#27;[38;5;0m[HTTP]&amp#27;[0m &amp#27;[37m<-- GET /session/47571b8e-6191-4ef5-a875-b0f0dcd05976/element/00000000-0000-0594-ffff-ffff00000030/displayed &amp#27;[39m&amp#27;[32m200&amp#27;[39m &amp#27;[90m28 ms - 14&amp#27;[39m
&amp#27;[38;5;0m[HTTP]&amp#27;[0m &amp#27;[90m&amp#27;[39m
&amp#27;[38;5;0m[HTTP]&amp#27;[0m &amp#27;[37m-->&amp#27;[39m &amp#27;[37mGET&amp#27;[39m &amp#27;[37m/session/47571b8e-6191-4ef5-a875-b0f0dcd05976/context&amp#27;[39m
&amp#27;[38;5;0m[HTTP]&amp#27;[0m &amp#27;[90m{}&amp#27;[39m
&amp#27;[38;5;32m[AndroidUiautomator2Driver@dabd (47571b8e)]&amp#27;[0m Calling AppiumDriver.getCurrentContext() with args: ["47571b8e-6191-4ef5-a875-b0f0dcd05976"]
&amp#27;[38;5;32m[AndroidUiautomator2Driver@dabd (47571b8e)]&amp#27;[0m Responding to client with driver.getCurrentContext() result: "NATIVE_APP"
&amp#27;[38;5;0m[HTTP]&amp#27;[0m &amp#27;[37m<-- GET /session/47571b8e-6191-4ef5-a875-b0f0dcd05976/context &amp#27;[39m&amp#27;[32m200&amp#27;[39m &amp#27;[90m1 ms - 22&amp#27;[39m
&amp#27;[38;5;0m[HTTP]&amp#27;[0m &amp#27;[90m&amp#27;[39m
&amp#27;[38;5;0m[HTTP]&amp#27;[0m &amp#27;[37m-->&amp#27;[39m &amp#27;[37mPOST&amp#27;[39m &amp#27;[37m/session/47571b8e-6191-4ef5-a875-b0f0dcd05976/element&amp#27;[39m
&amp#27;[38;5;0m[HTTP]&amp#27;[0m &amp#27;[90m{"using":"xpath","value":"//android.view.ViewGroup[@content-desc='container header']/android.widget.TextView"}&amp#27;[39m
&amp#27;[38;5;32m[AndroidUiautomator2Driver@dabd (47571b8e)]&amp#27;[0m Calling AppiumDriver.findElement() with args: ["xpath","//android.view.ViewGroup[@content-desc='container header']/android.widget.TextView","47571b8e-6191-4ef5-a875-b0f0dcd05976"]
&amp#27;[38;5;32m[AndroidUiautomator2Driver@dabd (47571b8e)]&amp#27;[0m Valid locator strategies for this request: xpath, id, class name, accessibility id, css selector, -android uiautomator
&amp#27;[38;5;32m[AndroidUiautomator2Driver@dabd (47571b8e)]&amp#27;[0m Waiting up to 10000 ms for condition
&amp#27;[38;5;32m[AndroidUiautomator2Driver@dabd (47571b8e)]&amp#27;[0m Matched '/element' to command name 'findElement'
&amp#27;[38;5;32m[AndroidUiautomator2Driver@dabd (47571b8e)]&amp#27;[0m Proxying [POST /element] to [POST http://127.0.0.1:8201/session/e99dcc09-a0f0-48bb-8a0b-d829d4323b82/element] with body: {"strategy":"xpath","selector":"//android.view.ViewGroup[@content-desc='container header']/android.widget.TextView","context":"","multiple":false}
&amp#27;[38;5;32m[AndroidUiautomator2Driver@dabd (47571b8e)]&amp#27;[0m Got response with status 200: {"sessionId":"e99dcc09-a0f0-48bb-8a0b-d829d4323b82","value":{"ELEMENT":"00000000-0000-0594-ffff-ffff00000030","element-6066-11e4-a52e-4f735466cecf":"00000000-0000-0594-ffff-ffff00000030"}}
&amp#27;[38;5;32m[AndroidUiautomator2Driver@dabd (47571b8e)]&amp#27;[0m Responding to client with driver.findElement() result: {"element-6066-11e4-a52e-4f735466cecf":"00000000-0000-0594-ffff-ffff00000030","ELEMENT":"00000000-0000-0594-ffff-ffff00000030"}
&amp#27;[38;5;0m[HTTP]&amp#27;[0m &amp#27;[37m<-- POST /session/47571b8e-6191-4ef5-a875-b0f0dcd05976/element &amp#27;[39m&amp#27;[32m200&amp#27;[39m &amp#27;[90m928 ms - 137&amp#27;[39m
&amp#27;[38;5;0m[HTTP]&amp#27;[0m &amp#27;[90m&amp#27;[39m
&amp#27;[38;5;0m[HTTP]&amp#27;[0m &amp#27;[37m-->&amp#27;[39m &amp#27;[37mGET&amp#27;[39m &amp#27;[37m/session/47571b8e-6191-4ef5-a875-b0f0dcd05976/element/00000000-0000-0594-ffff-ffff00000030/text&amp#27;[39m
&amp#27;[38;5;0m[HTTP]&amp#27;[0m &amp#27;[90m{}&amp#27;[39m
&amp#27;[38;5;32m[AndroidUiautomator2Driver@dabd (47571b8e)]&amp#27;[0m Driver proxy active, passing request on via HTTP proxy
&amp#27;[38;5;32m[AndroidUiautomator2Driver@dabd (47571b8e)]&amp#27;[0m Matched '/session/47571b8e-6191-4ef5-a875-b0f0dcd05976/element/00000000-0000-0594-ffff-ffff00000030/text' to command name 'getText'
&amp#27;[38;5;32m[AndroidUiautomator2Driver@dabd (47571b8e)]&amp#27;[0m Proxying [GET /session/47571b8e-6191-4ef5-a875-b0f0dcd05976/element/00000000-0000-0594-ffff-ffff00000030/text] to [GET http://127.0.0.1:8201/session/e99dcc09-a0f0-48bb-8a0b-d829d4323b82/element/00000000-0000-0594-ffff-ffff00000030/text] with no body
&amp#27;[38;5;32m[AndroidUiautomator2Driver@dabd (47571b8e)]&amp#27;[0m Got response with status 200: {"sessionId":"e99dcc09-a0f0-48bb-8a0b-d829d4323b82","value":"Products"}
&amp#27;[38;5;32m[AndroidUiautomator2Driver@dabd (47571b8e)]&amp#27;[0m Replacing sessionId e99dcc09-a0f0-48bb-8a0b-d829d4323b82 with 47571b8e-6191-4ef5-a875-b0f0dcd05976
&amp#27;[38;5;0m[HTTP]&amp#27;[0m &amp#27;[37m<-- GET /session/47571b8e-6191-4ef5-a875-b0f0dcd05976/element/00000000-0000-0594-ffff-ffff00000030/text &amp#27;[39m&amp#27;[32m200&amp#27;[39m &amp#27;[90m26 ms - 71&amp#27;[39m
&amp#27;[38;5;0m[HTTP]&amp#27;[0m &amp#27;[90m&amp#27;[39m
&amp#27;[38;5;0m[HTTP]&amp#27;[0m &amp#27;[37m-->&amp#27;[39m &amp#27;[37mGET&amp#27;[39m &amp#27;[37m/session/47571b8e-6191-4ef5-a875-b0f0dcd05976/context&amp#27;[39m
&amp#27;[38;5;0m[HTTP]&amp#27;[0m &amp#27;[90m{}&amp#27;[39m
&amp#27;[38;5;32m[AndroidUiautomator2Driver@dabd (47571b8e)]&amp#27;[0m Calling AppiumDriver.getCurrentContext() with args: ["47571b8e-6191-4ef5-a875-b0f0dcd05976"]
&amp#27;[38;5;32m[AndroidUiautomator2Driver@dabd (47571b8e)]&amp#27;[0m Responding to client with driver.getCurrentContext() result: "NATIVE_APP"
&amp#27;[38;5;0m[HTTP]&amp#27;[0m &amp#27;[37m<-- GET /session/47571b8e-6191-4ef5-a875-b0f0dcd05976/context &amp#27;[39m&amp#27;[32m200&amp#27;[39m &amp#27;[90m1 ms - 22&amp#27;[39m
&amp#27;[38;5;0m[HTTP]&amp#27;[0m &amp#27;[90m&amp#27;[39m
&amp#27;[38;5;0m[HTTP]&amp#27;[0m &amp#27;[37m-->&amp#27;[39m &amp#27;[37mPOST&amp#27;[39m &amp#27;[37m/session/47571b8e-6191-4ef5-a875-b0f0dcd05976/element&amp#27;[39m
&amp#27;[38;5;0m[HTTP]&amp#27;[0m &amp#27;[90m{"using":"accessibility id","value":"open menu"}&amp#27;[39m
&amp#27;[38;5;32m[AndroidUiautomator2Driver@dabd (47571b8e)]&amp#27;[0m Calling AppiumDriver.findElement() with args: ["accessibility id","open menu","47571b8e-6191-4ef5-a875-b0f0dcd05976"]
&amp#27;[38;5;32m[AndroidUiautomator2Driver@dabd (47571b8e)]&amp#27;[0m Valid locator strategies for this request: xpath, id, class name, accessibility id, css selector, -android uiautomator
&amp#27;[38;5;32m[AndroidUiautomator2Driver@dabd (47571b8e)]&amp#27;[0m Waiting up to 10000 ms for condition
&amp#27;[38;5;32m[AndroidUiautomator2Driver@dabd (47571b8e)]&amp#27;[0m Matched '/element' to command name 'findElement'
&amp#27;[38;5;32m[AndroidUiautomator2Driver@dabd (47571b8e)]&amp#27;[0m Proxying [POST /element] to [POST http://127.0.0.1:8201/session/e99dcc09-a0f0-48bb-8a0b-d829d4323b82/element] with body: {"strategy":"accessibility id","selector":"open menu","context":"","multiple":false}
&amp#27;[38;5;32m[AndroidUiautomator2Driver@dabd (47571b8e)]&amp#27;[0m Got response with status 200: {"sessionId":"e99dcc09-a0f0-48bb-8a0b-d829d4323b82","value":{"ELEMENT":"00000000-0000-0594-ffff-ffff00000022","element-6066-11e4-a52e-4f735466cecf":"00000000-0000-0594-ffff-ffff00000022"}}
&amp#27;[38;5;32m[AndroidUiautomator2Driver@dabd (47571b8e)]&amp#27;[0m Responding to client with driver.findElement() result: {"element-6066-11e4-a52e-4f735466cecf":"00000000-0000-0594-ffff-ffff00000022","ELEMENT":"00000000-0000-0594-ffff-ffff00000022"}
&amp#27;[38;5;0m[HTTP]&amp#27;[0m &amp#27;[37m<-- POST /session/47571b8e-6191-4ef5-a875-b0f0dcd05976/element &amp#27;[39m&amp#27;[32m200&amp#27;[39m &amp#27;[90m120 ms - 137&amp#27;[39m
&amp#27;[38;5;0m[HTTP]&amp#27;[0m &amp#27;[90m&amp#27;[39m
&amp#27;[38;5;0m[HTTP]&amp#27;[0m &amp#27;[37m-->&amp#27;[39m &amp#27;[37mGET&amp#27;[39m &amp#27;[37m/session/47571b8e-6191-4ef5-a875-b0f0dcd05976/element/00000000-0000-0594-ffff-ffff00000022/displayed&amp#27;[39m
&amp#27;[38;5;0m[HTTP]&amp#27;[0m &amp#27;[90m{}&amp#27;[39m
&amp#27;[38;5;32m[AndroidUiautomator2Driver@dabd (47571b8e)]&amp#27;[0m Calling AppiumDriver.elementDisplayed() with args: ["00000000-0000-0594-ffff-ffff00000022","47571b8e-6191-4ef5-a875-b0f0dcd05976"]
&amp#27;[38;5;32m[AndroidUiautomator2Driver@dabd (47571b8e)]&amp#27;[0m Matched '/element/00000000-0000-0594-ffff-ffff00000022/attribute/displayed' to command name 'getAttribute'
&amp#27;[38;5;32m[AndroidUiautomator2Driver@dabd (47571b8e)]&amp#27;[0m Proxying [GET /element/00000000-0000-0594-ffff-ffff00000022/attribute/displayed] to [GET http://127.0.0.1:8201/session/e99dcc09-a0f0-48bb-8a0b-d829d4323b82/element/00000000-0000-0594-ffff-ffff00000022/attribute/displayed] with no body
&amp#27;[38;5;32m[AndroidUiautomator2Driver@dabd (47571b8e)]&amp#27;[0m Got response with status 200: {"sessionId":"e99dcc09-a0f0-48bb-8a0b-d829d4323b82","value":"true"}
&amp#27;[38;5;32m[AndroidUiautomator2Driver@dabd (47571b8e)]&amp#27;[0m Responding to client with driver.elementDisplayed() result: true
&amp#27;[38;5;0m[HTTP]&amp#27;[0m &amp#27;[37m<-- GET /session/47571b8e-6191-4ef5-a875-b0f0dcd05976/element/00000000-0000-0594-ffff-ffff00000022/displayed &amp#27;[39m&amp#27;[32m200&amp#27;[39m &amp#27;[90m28 ms - 14&amp#27;[39m
&amp#27;[38;5;0m[HTTP]&amp#27;[0m &amp#27;[90m&amp#27;[39m
&amp#27;[38;5;0m[HTTP]&amp#27;[0m &amp#27;[37m-->&amp#27;[39m &amp#27;[37mGET&amp#27;[39m &amp#27;[37m/session/47571b8e-6191-4ef5-a875-b0f0dcd05976/context&amp#27;[39m
&amp#27;[38;5;0m[HTTP]&amp#27;[0m &amp#27;[90m{}&amp#27;[39m
&amp#27;[38;5;32m[AndroidUiautomator2Driver@dabd (47571b8e)]&amp#27;[0m Calling AppiumDriver.getCurrentContext() with args: ["47571b8e-6191-4ef5-a875-b0f0dcd05976"]
&amp#27;[38;5;32m[AndroidUiautomator2Driver@dabd (47571b8e)]&amp#27;[0m Responding to client with driver.getCurrentContext() result: "NATIVE_APP"
&amp#27;[38;5;0m[HTTP]&amp#27;[0m &amp#27;[37m<-- GET /session/47571b8e-6191-4ef5-a875-b0f0dcd05976/context &amp#27;[39m&amp#27;[32m200&amp#27;[39m &amp#27;[90m1 ms - 22&amp#27;[39m
&amp#27;[38;5;0m[HTTP]&amp#27;[0m &amp#27;[90m&amp#27;[39m
&amp#27;[38;5;0m[HTTP]&amp#27;[0m &amp#27;[37m-->&amp#27;[39m &amp#27;[37mPOST&amp#27;[39m &amp#27;[37m/session/47571b8e-6191-4ef5-a875-b0f0dcd05976/element&amp#27;[39m
&amp#27;[38;5;0m[HTTP]&amp#27;[0m &amp#27;[90m{"using":"accessibility id","value":"open menu"}&amp#27;[39m
&amp#27;[38;5;32m[AndroidUiautomator2Driver@dabd (47571b8e)]&amp#27;[0m Calling AppiumDriver.findElement() with args: ["accessibility id","open menu","47571b8e-6191-4ef5-a875-b0f0dcd05976"]
&amp#27;[38;5;32m[AndroidUiautomator2Driver@dabd (47571b8e)]&amp#27;[0m Valid locator strategies for this request: xpath, id, class name, accessibility id, css selector, -android uiautomator
&amp#27;[38;5;32m[AndroidUiautomator2Driver@dabd (47571b8e)]&amp#27;[0m Waiting up to 10000 ms for condition
&amp#27;[38;5;32m[AndroidUiautomator2Driver@dabd (47571b8e)]&amp#27;[0m Matched '/element' to command name 'findElement'
&amp#27;[38;5;32m[AndroidUiautomator2Driver@dabd (47571b8e)]&amp#27;[0m Proxying [POST /element] to [POST http://127.0.0.1:8201/session/e99dcc09-a0f0-48bb-8a0b-d829d4323b82/element] with body: {"strategy":"accessibility id","selector":"open menu","context":"","multiple":false}
&amp#27;[38;5;32m[AndroidUiautomator2Driver@dabd (47571b8e)]&amp#27;[0m Got response with status 200: {"sessionId":"e99dcc09-a0f0-48bb-8a0b-d829d4323b82","value":{"ELEMENT":"00000000-0000-0594-ffff-ffff00000022","element-6066-11e4-a52e-4f735466cecf":"00000000-0000-0594-ffff-ffff00000022"}}
&amp#27;[38;5;32m[AndroidUiautomator2Driver@dabd (47571b8e)]&amp#27;[0m Responding to client with driver.findElement() result: {"element-6066-11e4-a52e-4f735466cecf":"00000000-0000-0594-ffff-ffff00000022","ELEMENT":"00000000-0000-0594-ffff-ffff00000022"}
&amp#27;[38;5;0m[HTTP]&amp#27;[0m &amp#27;[37m<-- POST /session/47571b8e-6191-4ef5-a875-b0f0dcd05976/element &amp#27;[39m&amp#27;[32m200&amp#27;[39m &amp#27;[90m119 ms - 137&amp#27;[39m
&amp#27;[38;5;0m[HTTP]&amp#27;[0m &amp#27;[90m&amp#27;[39m
&amp#27;[38;5;0m[HTTP]&amp#27;[0m &amp#27;[37m-->&amp#27;[39m &amp#27;[37mGET&amp#27;[39m &amp#27;[37m/session/47571b8e-6191-4ef5-a875-b0f0dcd05976/element/00000000-0000-0594-ffff-ffff00000022/enabled&amp#27;[39m
&amp#27;[38;5;0m[HTTP]&amp#27;[0m &amp#27;[90m{}&amp#27;[39m
&amp#27;[38;5;32m[AndroidUiautomator2Driver@dabd (47571b8e)]&amp#27;[0m Calling AppiumDriver.elementEnabled() with args: ["00000000-0000-0594-ffff-ffff00000022","47571b8e-6191-4ef5-a875-b0f0dcd05976"]
&amp#27;[38;5;32m[AndroidUiautomator2Driver@dabd (47571b8e)]&amp#27;[0m Matched '/element/00000000-0000-0594-ffff-ffff00000022/attribute/enabled' to command name 'getAttribute'
&amp#27;[38;5;32m[AndroidUiautomator2Driver@dabd (47571b8e)]&amp#27;[0m Proxying [GET /element/00000000-0000-0594-ffff-ffff00000022/attribute/enabled] to [GET http://127.0.0.1:8201/session/e99dcc09-a0f0-48bb-8a0b-d829d4323b82/element/00000000-0000-0594-ffff-ffff00000022/attribute/enabled] with no body
&amp#27;[38;5;32m[AndroidUiautomator2Driver@dabd (47571b8e)]&amp#27;[0m Got response with status 200: {"sessionId":"e99dcc09-a0f0-48bb-8a0b-d829d4323b82","value":"true"}
&amp#27;[38;5;32m[AndroidUiautomator2Driver@dabd (47571b8e)]&amp#27;[0m Responding to client with driver.elementEnabled() result: true
&amp#27;[38;5;0m[HTTP]&amp#27;[0m &amp#27;[37m<-- GET /session/47571b8e-6191-4ef5-a875-b0f0dcd05976/element/00000000-0000-0594-ffff-ffff00000022/enabled &amp#27;[39m&amp#27;[32m200&amp#27;[39m &amp#27;[90m29 ms - 14&amp#27;[39m
&amp#27;[38;5;0m[HTTP]&amp#27;[0m &amp#27;[90m&amp#27;[39m
&amp#27;[38;5;0m[HTTP]&amp#27;[0m &amp#27;[37m-->&amp#27;[39m &amp#27;[37mGET&amp#27;[39m &amp#27;[37m/session/47571b8e-6191-4ef5-a875-b0f0dcd05976/context&amp#27;[39m
&amp#27;[38;5;0m[HTTP]&amp#27;[0m &amp#27;[90m{}&amp#27;[39m
&amp#27;[38;5;32m[AndroidUiautomator2Driver@dabd (47571b8e)]&amp#27;[0m Calling AppiumDriver.getCurrentContext() with args: ["47571b8e-6191-4ef5-a875-b0f0dcd05976"]
&amp#27;[38;5;32m[AndroidUiautomator2Driver@dabd (47571b8e)]&amp#27;[0m Responding to client with driver.getCurrentContext() result: "NATIVE_APP"
&amp#27;[38;5;0m[HTTP]&amp#27;[0m &amp#27;[37m<-- GET /session/47571b8e-6191-4ef5-a875-b0f0dcd05976/context &amp#27;[39m&amp#27;[32m200&amp#27;[39m &amp#27;[90m1 ms - 22&amp#27;[39m
&amp#27;[38;5;0m[HTTP]&amp#27;[0m &amp#27;[90m&amp#27;[39m
&amp#27;[38;5;0m[HTTP]&amp#27;[0m &amp#27;[37m-->&amp#27;[39m &amp#27;[37mPOST&amp#27;[39m &amp#27;[37m/session/47571b8e-6191-4ef5-a875-b0f0dcd05976/element&amp#27;[39m
&amp#27;[38;5;0m[HTTP]&amp#27;[0m &amp#27;[90m{"using":"accessibility id","value":"open menu"}&amp#27;[39m
&amp#27;[38;5;32m[AndroidUiautomator2Driver@dabd (47571b8e)]&amp#27;[0m Calling AppiumDriver.findElement() with args: ["accessibility id","open menu","47571b8e-6191-4ef5-a875-b0f0dcd05976"]
&amp#27;[38;5;32m[AndroidUiautomator2Driver@dabd (47571b8e)]&amp#27;[0m Valid locator strategies for this request: xpath, id, class name, accessibility id, css selector, -android uiautomator
&amp#27;[38;5;32m[AndroidUiautomator2Driver@dabd (47571b8e)]&amp#27;[0m Waiting up to 10000 ms for condition
&amp#27;[38;5;32m[AndroidUiautomator2Driver@dabd (47571b8e)]&amp#27;[0m Matched '/element' to command name 'findElement'
&amp#27;[38;5;32m[AndroidUiautomator2Driver@dabd (47571b8e)]&amp#27;[0m Proxying [POST /element] to [POST http://127.0.0.1:8201/session/e99dcc09-a0f0-48bb-8a0b-d829d4323b82/element] with body: {"strategy":"accessibility id","selector":"open menu","context":"","multiple":false}
&amp#27;[38;5;32m[AndroidUiautomator2Driver@dabd (47571b8e)]&amp#27;[0m Got response with status 200: {"sessionId":"e99dcc09-a0f0-48bb-8a0b-d829d4323b82","value":{"ELEMENT":"00000000-0000-0594-ffff-ffff00000022","element-6066-11e4-a52e-4f735466cecf":"00000000-0000-0594-ffff-ffff00000022"}}
&amp#27;[38;5;32m[AndroidUiautomator2Driver@dabd (47571b8e)]&amp#27;[0m Responding to client with driver.findElement() result: {"element-6066-11e4-a52e-4f735466cecf":"00000000-0000-0594-ffff-ffff00000022","ELEMENT":"00000000-0000-0594-ffff-ffff00000022"}
&amp#27;[38;5;0m[HTTP]&amp#27;[0m &amp#27;[37m<-- POST /session/47571b8e-6191-4ef5-a875-b0f0dcd05976/element &amp#27;[39m&amp#27;[32m200&amp#27;[39m &amp#27;[90m127 ms - 137&amp#27;[39m
&amp#27;[38;5;0m[HTTP]&amp#27;[0m &amp#27;[90m&amp#27;[39m
&amp#27;[38;5;0m[HTTP]&amp#27;[0m &amp#27;[37m-->&amp#27;[39m &amp#27;[37mPOST&amp#27;[39m &amp#27;[37m/session/47571b8e-6191-4ef5-a875-b0f0dcd05976/element/00000000-0000-0594-ffff-ffff00000022/click&amp#27;[39m
&amp#27;[38;5;0m[HTTP]&amp#27;[0m &amp#27;[90m{"id":"00000000-0000-0594-ffff-ffff00000022"}&amp#27;[39m
&amp#27;[38;5;32m[AndroidUiautomator2Driver@dabd (47571b8e)]&amp#27;[0m Calling AppiumDriver.click() with args: ["00000000-0000-0594-ffff-ffff00000022","47571b8e-6191-4ef5-a875-b0f0dcd05976"]
&amp#27;[38;5;32m[AndroidUiautomator2Driver@dabd (47571b8e)]&amp#27;[0m Matched '/element/00000000-0000-0594-ffff-ffff00000022/click' to command name 'click'
&amp#27;[38;5;32m[AndroidUiautomator2Driver@dabd (47571b8e)]&amp#27;[0m Proxying [POST /element/00000000-0000-0594-ffff-ffff00000022/click] to [POST http://127.0.0.1:8201/session/e99dcc09-a0f0-48bb-8a0b-d829d4323b82/element/00000000-0000-0594-ffff-ffff00000022/click] with body: {"element":"00000000-0000-0594-ffff-ffff00000022"}
&amp#27;[38;5;32m[AndroidUiautomator2Driver@dabd (47571b8e)]&amp#27;[0m Got response with status 200: {"sessionId":"e99dcc09-a0f0-48bb-8a0b-d829d4323b82","value":null}
&amp#27;[38;5;32m[AndroidUiautomator2Driver@dabd (47571b8e)]&amp#27;[0m Responding to client with driver.click() result: null
&amp#27;[38;5;0m[HTTP]&amp#27;[0m &amp#27;[37m<-- POST /session/47571b8e-6191-4ef5-a875-b0f0dcd05976/element/00000000-0000-0594-ffff-ffff00000022/click &amp#27;[39m&amp#27;[32m200&amp#27;[39m &amp#27;[90m71 ms - 14&amp#27;[39m
&amp#27;[38;5;0m[HTTP]&amp#27;[0m &amp#27;[90m&amp#27;[39m
&amp#27;[38;5;0m[HTTP]&amp#27;[0m &amp#27;[37m-->&amp#27;[39m &amp#27;[37mGET&amp#27;[39m &amp#27;[37m/session/47571b8e-6191-4ef5-a875-b0f0dcd05976/context&amp#27;[39m
&amp#27;[38;5;0m[HTTP]&amp#27;[0m &amp#27;[90m{}&amp#27;[39m
&amp#27;[38;5;32m[AndroidUiautomator2Driver@dabd (47571b8e)]&amp#27;[0m Calling AppiumDriver.getCurrentContext() with args: ["47571b8e-6191-4ef5-a875-b0f0dcd05976"]
&amp#27;[38;5;32m[AndroidUiautomator2Driver@dabd (47571b8e)]&amp#27;[0m Responding to client with driver.getCurrentContext() result: "NATIVE_APP"
&amp#27;[38;5;0m[HTTP]&amp#27;[0m &amp#27;[37m<-- GET /session/47571b8e-6191-4ef5-a875-b0f0dcd05976/context &amp#27;[39m&amp#27;[32m200&amp#27;[39m &amp#27;[90m1 ms - 22&amp#27;[39m
&amp#27;[38;5;0m[HTTP]&amp#27;[0m &amp#27;[90m&amp#27;[39m
&amp#27;[38;5;0m[HTTP]&amp#27;[0m &amp#27;[37m-->&amp#27;[39m &amp#27;[37mPOST&amp#27;[39m &amp#27;[37m/session/47571b8e-6191-4ef5-a875-b0f0dcd05976/element&amp#27;[39m
&amp#27;[38;5;0m[HTTP]&amp#27;[0m &amp#27;[90m{"using":"accessibility id","value":"menu item log in"}&amp#27;[39m
&amp#27;[38;5;32m[AndroidUiautomator2Driver@dabd (47571b8e)]&amp#27;[0m Calling AppiumDriver.findElement() with args: ["accessibility id","menu item log in","47571b8e-6191-4ef5-a875-b0f0dcd05976"]
&amp#27;[38;5;32m[AndroidUiautomator2Driver@dabd (47571b8e)]&amp#27;[0m Valid locator strategies for this request: xpath, id, class name, accessibility id, css selector, -android uiautomator
&amp#27;[38;5;32m[AndroidUiautomator2Driver@dabd (47571b8e)]&amp#27;[0m Waiting up to 10000 ms for condition
&amp#27;[38;5;32m[AndroidUiautomator2Driver@dabd (47571b8e)]&amp#27;[0m Matched '/element' to command name 'findElement'
&amp#27;[38;5;32m[AndroidUiautomator2Driver@dabd (47571b8e)]&amp#27;[0m Proxying [POST /element] to [POST http://127.0.0.1:8201/session/e99dcc09-a0f0-48bb-8a0b-d829d4323b82/element] with body: {"strategy":"accessibility id","selector":"menu item log in","context":"","multiple":false}
&amp#27;[38;5;32m[AndroidUiautomator2Driver@dabd (47571b8e)]&amp#27;[0m Got response with status 200: {"sessionId":"e99dcc09-a0f0-48bb-8a0b-d829d4323b82","value":{"ELEMENT":"00000000-0000-0594-ffff-ffff000000a0","element-6066-11e4-a52e-4f735466cecf":"00000000-0000-0594-ffff-ffff000000a0"}}
&amp#27;[38;5;32m[AndroidUiautomator2Driver@dabd (47571b8e)]&amp#27;[0m Responding to client with driver.findElement() result: {"element-6066-11e4-a52e-4f735466cecf":"00000000-0000-0594-ffff-ffff000000a0","ELEMENT":"00000000-0000-0594-ffff-ffff000000a0"}
&amp#27;[38;5;0m[HTTP]&amp#27;[0m &amp#27;[37m<-- POST /session/47571b8e-6191-4ef5-a875-b0f0dcd05976/element &amp#27;[39m&amp#27;[32m200&amp#27;[39m &amp#27;[90m332 ms - 137&amp#27;[39m
&amp#27;[38;5;0m[HTTP]&amp#27;[0m &amp#27;[90m&amp#27;[39m
&amp#27;[38;5;0m[HTTP]&amp#27;[0m &amp#27;[37m-->&amp#27;[39m &amp#27;[37mPOST&amp#27;[39m &amp#27;[37m/session/47571b8e-6191-4ef5-a875-b0f0dcd05976/element/00000000-0000-0594-ffff-ffff000000a0/click&amp#27;[39m
&amp#27;[38;5;0m[HTTP]&amp#27;[0m &amp#27;[90m{"id":"00000000-0000-0594-ffff-ffff000000a0"}&amp#27;[39m
&amp#27;[38;5;32m[AndroidUiautomator2Driver@dabd (47571b8e)]&amp#27;[0m Calling AppiumDriver.click() with args: ["00000000-0000-0594-ffff-ffff000000a0","47571b8e-6191-4ef5-a875-b0f0dcd05976"]
&amp#27;[38;5;32m[AndroidUiautomator2Driver@dabd (47571b8e)]&amp#27;[0m Matched '/element/00000000-0000-0594-ffff-ffff000000a0/click' to command name 'click'
&amp#27;[38;5;32m[AndroidUiautomator2Driver@dabd (47571b8e)]&amp#27;[0m Proxying [POST /element/00000000-0000-0594-ffff-ffff000000a0/click] to [POST http://127.0.0.1:8201/session/e99dcc09-a0f0-48bb-8a0b-d829d4323b82/element/00000000-0000-0594-ffff-ffff000000a0/click] with body: {"element":"00000000-0000-0594-ffff-ffff000000a0"}
&amp#27;[38;5;32m[AndroidUiautomator2Driver@dabd (47571b8e)]&amp#27;[0m Got response with status 200: {"sessionId":"e99dcc09-a0f0-48bb-8a0b-d829d4323b82","value":null}
&amp#27;[38;5;32m[AndroidUiautomator2Driver@dabd (47571b8e)]&amp#27;[0m Responding to client with driver.click() result: null
&amp#27;[38;5;0m[HTTP]&amp#27;[0m &amp#27;[37m<-- POST /session/47571b8e-6191-4ef5-a875-b0f0dcd05976/element/00000000-0000-0594-ffff-ffff000000a0/click &amp#27;[39m&amp#27;[32m200&amp#27;[39m &amp#27;[90m1276 ms - 14&amp#27;[39m
&amp#27;[38;5;0m[HTTP]&amp#27;[0m &amp#27;[90m&amp#27;[39m
&amp#27;[38;5;0m[HTTP]&amp#27;[0m &amp#27;[37m-->&amp#27;[39m &amp#27;[37mGET&amp#27;[39m &amp#27;[37m/session/47571b8e-6191-4ef5-a875-b0f0dcd05976/context&amp#27;[39m
&amp#27;[38;5;0m[HTTP]&amp#27;[0m &amp#27;[90m{}&amp#27;[39m
&amp#27;[38;5;32m[AndroidUiautomator2Driver@dabd (47571b8e)]&amp#27;[0m Calling AppiumDriver.getCurrentContext() with args: ["47571b8e-6191-4ef5-a875-b0f0dcd05976"]
&amp#27;[38;5;32m[AndroidUiautomator2Driver@dabd (47571b8e)]&amp#27;[0m Responding to client with driver.getCurrentContext() result: "NATIVE_APP"
&amp#27;[38;5;0m[HTTP]&amp#27;[0m &amp#27;[37m<-- GET /session/47571b8e-6191-4ef5-a875-b0f0dcd05976/context &amp#27;[39m&amp#27;[32m200&amp#27;[39m &amp#27;[90m1 ms - 22&amp#27;[39m
&amp#27;[38;5;0m[HTTP]&amp#27;[0m &amp#27;[90m&amp#27;[39m
&amp#27;[38;5;0m[HTTP]&amp#27;[0m &amp#27;[37m-->&amp#27;[39m &amp#27;[37mPOST&amp#27;[39m &amp#27;[37m/session/47571b8e-6191-4ef5-a875-b0f0dcd05976/element&amp#27;[39m
&amp#27;[38;5;0m[HTTP]&amp#27;[0m &amp#27;[90m{"using":"accessibility id","value":"Username input field"}&amp#27;[39m
&amp#27;[38;5;32m[AndroidUiautomator2Driver@dabd (47571b8e)]&amp#27;[0m Calling AppiumDriver.findElement() with args: ["accessibility id","Username input field","47571b8e-6191-4ef5-a875-b0f0dcd05976"]
&amp#27;[38;5;32m[AndroidUiautomator2Driver@dabd (47571b8e)]&amp#27;[0m Valid locator strategies for this request: xpath, id, class name, accessibility id, css selector, -android uiautomator
&amp#27;[38;5;32m[AndroidUiautomator2Driver@dabd (47571b8e)]&amp#27;[0m Waiting up to 10000 ms for condition
&amp#27;[38;5;32m[AndroidUiautomator2Driver@dabd (47571b8e)]&amp#27;[0m Matched '/element' to command name 'findElement'
&amp#27;[38;5;32m[AndroidUiautomator2Driver@dabd (47571b8e)]&amp#27;[0m Proxying [POST /element] to [POST http://127.0.0.1:8201/session/e99dcc09-a0f0-48bb-8a0b-d829d4323b82/element] with body: {"strategy":"accessibility id","selector":"Username input field","context":"","multiple":false}
&amp#27;[38;5;32m[AndroidUiautomator2Driver@dabd (47571b8e)]&amp#27;[0m Got response with status 200: {"sessionId":"e99dcc09-a0f0-48bb-8a0b-d829d4323b82","value":{"ELEMENT":"00000000-0000-0594-ffff-ffff000000be","element-6066-11e4-a52e-4f735466cecf":"00000000-0000-0594-ffff-ffff000000be"}}
&amp#27;[38;5;32m[AndroidUiautomator2Driver@dabd (47571b8e)]&amp#27;[0m Responding to client with driver.findElement() result: {"element-6066-11e4-a52e-4f735466cecf":"00000000-0000-0594-ffff-ffff000000be","ELEMENT":"00000000-0000-0594-ffff-ffff000000be"}
&amp#27;[38;5;0m[HTTP]&amp#27;[0m &amp#27;[37m<-- POST /session/47571b8e-6191-4ef5-a875-b0f0dcd05976/element &amp#27;[39m&amp#27;[32m200&amp#27;[39m &amp#27;[90m1425 ms - 137&amp#27;[39m
&amp#27;[38;5;0m[HTTP]&amp#27;[0m &amp#27;[90m&amp#27;[39m
&amp#27;[38;5;0m[HTTP]&amp#27;[0m &amp#27;[37m-->&amp#27;[39m &amp#27;[37mPOST&amp#27;[39m &amp#27;[37m/session/47571b8e-6191-4ef5-a875-b0f0dcd05976/element/00000000-0000-0594-ffff-ffff000000be/value&amp#27;[39m
&amp#27;[38;5;0m[HTTP]&amp#27;[0m &amp#27;[90m{"id":"00000000-0000-0594-ffff-ffff000000be","text":"bob@example.com","value":["b","o","b","@","e","x","a","m","p","l","e",".","c","o","m"]}&amp#27;[39m
&amp#27;[38;5;32m[AndroidUiautomator2Driver@dabd (47571b8e)]&amp#27;[0m Calling AppiumDriver.setValue() with args: [["b","o","b","@","e","x","a","m","p","l","e",".","c","o","m"],"00000000-0000-0594-ffff-ffff000000be","47571b8e-6191-4ef5-a875-b0f0dcd05976"]
&amp#27;[38;5;32m[AndroidUiautomator2Driver@dabd (47571b8e)]&amp#27;[0m Matched '/element/00000000-0000-0594-ffff-ffff000000be/value' to command name 'setValue'
&amp#27;[38;5;32m[AndroidUiautomator2Driver@dabd (47571b8e)]&amp#27;[0m Added 'value' property ["b","o","b","@","e","x","a","m","p","l","e",".","c","o","m"] to 'setValue' request body
&amp#27;[38;5;32m[AndroidUiautomator2Driver@dabd (47571b8e)]&amp#27;[0m Proxying [POST /element/00000000-0000-0594-ffff-ffff000000be/value] to [POST http://127.0.0.1:8201/session/e99dcc09-a0f0-48bb-8a0b-d829d4323b82/element/00000000-0000-0594-ffff-ffff000000be/value] with body: {"elementId":"00000000-0000-0594-ffff-ffff000000be","text":"bob@example.com","replace":false,"value":["b","o","b","@","e","x","a","m","p","l","e",".","c","o","m"]}
&amp#27;[38;5;32m[AndroidUiautomator2Driver@dabd (47571b8e)]&amp#27;[0m Got response with status 200: {"sessionId":"e99dcc09-a0f0-48bb-8a0b-d829d4323b82","value":null}
&amp#27;[38;5;32m[AndroidUiautomator2Driver@dabd (47571b8e)]&amp#27;[0m Responding to client with driver.setValue() result: null
&amp#27;[38;5;0m[HTTP]&amp#27;[0m &amp#27;[37m<-- POST /session/47571b8e-6191-4ef5-a875-b0f0dcd05976/element/00000000-0000-0594-ffff-ffff000000be/value &amp#27;[39m&amp#27;[32m200&amp#27;[39m &amp#27;[90m140 ms - 14&amp#27;[39m
&amp#27;[38;5;0m[HTTP]&amp#27;[0m &amp#27;[90m&amp#27;[39m
&amp#27;[38;5;0m[HTTP]&amp#27;[0m &amp#27;[37m-->&amp#27;[39m &amp#27;[37mGET&amp#27;[39m &amp#27;[37m/session/47571b8e-6191-4ef5-a875-b0f0dcd05976/context&amp#27;[39m
&amp#27;[38;5;0m[HTTP]&amp#27;[0m &amp#27;[90m{}&amp#27;[39m
&amp#27;[38;5;32m[AndroidUiautomator2Driver@dabd (47571b8e)]&amp#27;[0m Calling AppiumDriver.getCurrentContext() with args: ["47571b8e-6191-4ef5-a875-b0f0dcd05976"]
&amp#27;[38;5;32m[AndroidUiautomator2Driver@dabd (47571b8e)]&amp#27;[0m Responding to client with driver.getCurrentContext() result: "NATIVE_APP"
&amp#27;[38;5;0m[HTTP]&amp#27;[0m &amp#27;[37m<-- GET /session/47571b8e-6191-4ef5-a875-b0f0dcd05976/context &amp#27;[39m&amp#27;[32m200&amp#27;[39m &amp#27;[90m1 ms - 22&amp#27;[39m
&amp#27;[38;5;0m[HTTP]&amp#27;[0m &amp#27;[90m&amp#27;[39m
&amp#27;[38;5;0m[HTTP]&amp#27;[0m &amp#27;[37m-->&amp#27;[39m &amp#27;[37mPOST&amp#27;[39m &amp#27;[37m/session/47571b8e-6191-4ef5-a875-b0f0dcd05976/element&amp#27;[39m
&amp#27;[38;5;0m[HTTP]&amp#27;[0m &amp#27;[90m{"using":"accessibility id","value":"Password input field"}&amp#27;[39m
&amp#27;[38;5;32m[AndroidUiautomator2Driver@dabd (47571b8e)]&amp#27;[0m Calling AppiumDriver.findElement() with args: ["accessibility id","Password input field","47571b8e-6191-4ef5-a875-b0f0dcd05976"]
&amp#27;[38;5;32m[AndroidUiautomator2Driver@dabd (47571b8e)]&amp#27;[0m Valid locator strategies for this request: xpath, id, class name, accessibility id, css selector, -android uiautomator
&amp#27;[38;5;32m[AndroidUiautomator2Driver@dabd (47571b8e)]&amp#27;[0m Waiting up to 10000 ms for condition
&amp#27;[38;5;32m[AndroidUiautomator2Driver@dabd (47571b8e)]&amp#27;[0m Matched '/element' to command name 'findElement'
&amp#27;[38;5;32m[AndroidUiautomator2Driver@dabd (47571b8e)]&amp#27;[0m Proxying [POST /element] to [POST http://127.0.0.1:8201/session/e99dcc09-a0f0-48bb-8a0b-d829d4323b82/element] with body: {"strategy":"accessibility id","selector":"Password input field","context":"","multiple":false}
&amp#27;[38;5;32m[AndroidUiautomator2Driver@dabd (47571b8e)]&amp#27;[0m Got response with status 200: {"sessionId":"e99dcc09-a0f0-48bb-8a0b-d829d4323b82","value":{"ELEMENT":"00000000-0000-0594-ffff-ffff000000c1","element-6066-11e4-a52e-4f735466cecf":"00000000-0000-0594-ffff-ffff000000c1"}}
&amp#27;[38;5;32m[AndroidUiautomator2Driver@dabd (47571b8e)]&amp#27;[0m Responding to client with driver.findElement() result: {"element-6066-11e4-a52e-4f735466cecf":"00000000-0000-0594-ffff-ffff000000c1","ELEMENT":"00000000-0000-0594-ffff-ffff000000c1"}
&amp#27;[38;5;0m[HTTP]&amp#27;[0m &amp#27;[37m<-- POST /session/47571b8e-6191-4ef5-a875-b0f0dcd05976/element &amp#27;[39m&amp#27;[32m200&amp#27;[39m &amp#27;[90m636 ms - 137&amp#27;[39m
&amp#27;[38;5;0m[HTTP]&amp#27;[0m &amp#27;[90m&amp#27;[39m
&amp#27;[38;5;0m[HTTP]&amp#27;[0m &amp#27;[37m-->&amp#27;[39m &amp#27;[37mPOST&amp#27;[39m &amp#27;[37m/session/47571b8e-6191-4ef5-a875-b0f0dcd05976/element/00000000-0000-0594-ffff-ffff000000c1/value&amp#27;[39m
&amp#27;[38;5;0m[HTTP]&amp#27;[0m &amp#27;[90m{"id":"00000000-0000-0594-ffff-ffff000000c1","text":"10203040","value":["1","0","2","0","3","0","4","0"]}&amp#27;[39m
&amp#27;[38;5;32m[AndroidUiautomator2Driver@dabd (47571b8e)]&amp#27;[0m Calling AppiumDriver.setValue() with args: [["1","0","2","0","3","0","4","0"],"00000000-0000-0594-ffff-ffff000000c1","47571b8e-6191-4ef5-a875-b0f0dcd05976"]
&amp#27;[38;5;32m[AndroidUiautomator2Driver@dabd (47571b8e)]&amp#27;[0m Matched '/element/00000000-0000-0594-ffff-ffff000000c1/value' to command name 'setValue'
&amp#27;[38;5;32m[AndroidUiautomator2Driver@dabd (47571b8e)]&amp#27;[0m Added 'value' property ["1","0","2","0","3","0","4","0"] to 'setValue' request body
&amp#27;[38;5;32m[AndroidUiautomator2Driver@dabd (47571b8e)]&amp#27;[0m Proxying [POST /element/00000000-0000-0594-ffff-ffff000000c1/value] to [POST http://127.0.0.1:8201/session/e99dcc09-a0f0-48bb-8a0b-d829d4323b82/element/00000000-0000-0594-ffff-ffff000000c1/value] with body: {"elementId":"00000000-0000-0594-ffff-ffff000000c1","text":"10203040","replace":false,"value":["1","0","2","0","3","0","4","0"]}
&amp#27;[38;5;32m[AndroidUiautomator2Driver@dabd (47571b8e)]&amp#27;[0m Got response with status 200: {"sessionId":"e99dcc09-a0f0-48bb-8a0b-d829d4323b82","value":null}
&amp#27;[38;5;32m[AndroidUiautomator2Driver@dabd (47571b8e)]&amp#27;[0m Responding to client with driver.setValue() result: null
&amp#27;[38;5;0m[HTTP]&amp#27;[0m &amp#27;[37m<-- POST /session/47571b8e-6191-4ef5-a875-b0f0dcd05976/element/00000000-0000-0594-ffff-ffff000000c1/value &amp#27;[39m&amp#27;[32m200&amp#27;[39m &amp#27;[90m39 ms - 14&amp#27;[39m
&amp#27;[38;5;0m[HTTP]&amp#27;[0m &amp#27;[90m&amp#27;[39m
&amp#27;[38;5;0m[HTTP]&amp#27;[0m &amp#27;[37m-->&amp#27;[39m &amp#27;[37mGET&amp#27;[39m &amp#27;[37m/session/47571b8e-6191-4ef5-a875-b0f0dcd05976/context&amp#27;[39m
&amp#27;[38;5;0m[HTTP]&amp#27;[0m &amp#27;[90m{}&amp#27;[39m
&amp#27;[38;5;32m[AndroidUiautomator2Driver@dabd (47571b8e)]&amp#27;[0m Calling AppiumDriver.getCurrentContext() with args: ["47571b8e-6191-4ef5-a875-b0f0dcd05976"]
&amp#27;[38;5;32m[AndroidUiautomator2Driver@dabd (47571b8e)]&amp#27;[0m Responding to client with driver.getCurrentContext() result: "NATIVE_APP"
&amp#27;[38;5;0m[HTTP]&amp#27;[0m &amp#27;[37m<-- GET /session/47571b8e-6191-4ef5-a875-b0f0dcd05976/context &amp#27;[39m&amp#27;[32m200&amp#27;[39m &amp#27;[90m1 ms - 22&amp#27;[39m
&amp#27;[38;5;0m[HTTP]&amp#27;[0m &amp#27;[90m&amp#27;[39m
&amp#27;[38;5;0m[HTTP]&amp#27;[0m &amp#27;[37m-->&amp#27;[39m &amp#27;[37mPOST&amp#27;[39m &amp#27;[37m/session/47571b8e-6191-4ef5-a875-b0f0dcd05976/element&amp#27;[39m
&amp#27;[38;5;0m[HTTP]&amp#27;[0m &amp#27;[90m{"using":"accessibility id","value":"Login button"}&amp#27;[39m
&amp#27;[38;5;32m[AndroidUiautomator2Driver@dabd (47571b8e)]&amp#27;[0m Calling AppiumDriver.findElement() with args: ["accessibility id","Login button","47571b8e-6191-4ef5-a875-b0f0dcd05976"]
&amp#27;[38;5;32m[AndroidUiautomator2Driver@dabd (47571b8e)]&amp#27;[0m Valid locator strategies for this request: xpath, id, class name, accessibility id, css selector, -android uiautomator
&amp#27;[38;5;32m[AndroidUiautomator2Driver@dabd (47571b8e)]&amp#27;[0m Waiting up to 10000 ms for condition
&amp#27;[38;5;32m[AndroidUiautomator2Driver@dabd (47571b8e)]&amp#27;[0m Matched '/element' to command name 'findElement'
&amp#27;[38;5;32m[AndroidUiautomator2Driver@dabd (47571b8e)]&amp#27;[0m Proxying [POST /element] to [POST http://127.0.0.1:8201/session/e99dcc09-a0f0-48bb-8a0b-d829d4323b82/element] with body: {"strategy":"accessibility id","selector":"Login button","context":"","multiple":false}
&amp#27;[38;5;32m[AndroidUiautomator2Driver@dabd (47571b8e)]&amp#27;[0m Got response with status 200: {"sessionId":"e99dcc09-a0f0-48bb-8a0b-d829d4323b82","value":{"ELEMENT":"00000000-0000-0594-ffff-ffff000000c4","element-6066-11e4-a52e-4f735466cecf":"00000000-0000-0594-ffff-ffff000000c4"}}
&amp#27;[38;5;32m[AndroidUiautomator2Driver@dabd (47571b8e)]&amp#27;[0m Responding to client with driver.findElement() result: {"element-6066-11e4-a52e-4f735466cecf":"00000000-0000-0594-ffff-ffff000000c4","ELEMENT":"00000000-0000-0594-ffff-ffff000000c4"}
&amp#27;[38;5;0m[HTTP]&amp#27;[0m &amp#27;[37m<-- POST /session/47571b8e-6191-4ef5-a875-b0f0dcd05976/element &amp#27;[39m&amp#27;[32m200&amp#27;[39m &amp#27;[90m819 ms - 137&amp#27;[39m
&amp#27;[38;5;0m[HTTP]&amp#27;[0m &amp#27;[90m&amp#27;[39m
&amp#27;[38;5;0m[HTTP]&amp#27;[0m &amp#27;[37m-->&amp#27;[39m &amp#27;[37mPOST&amp#27;[39m &amp#27;[37m/session/47571b8e-6191-4ef5-a875-b0f0dcd05976/element/00000000-0000-0594-ffff-ffff000000c4/click&amp#27;[39m
&amp#27;[38;5;0m[HTTP]&amp#27;[0m &amp#27;[90m{"id":"00000000-0000-0594-ffff-ffff000000c4"}&amp#27;[39m
&amp#27;[38;5;32m[AndroidUiautomator2Driver@dabd (47571b8e)]&amp#27;[0m Calling AppiumDriver.click() with args: ["00000000-0000-0594-ffff-ffff000000c4","47571b8e-6191-4ef5-a875-b0f0dcd05976"]
&amp#27;[38;5;32m[AndroidUiautomator2Driver@dabd (47571b8e)]&amp#27;[0m Matched '/element/00000000-0000-0594-ffff-ffff000000c4/click' to command name 'click'
&amp#27;[38;5;32m[AndroidUiautomator2Driver@dabd (47571b8e)]&amp#27;[0m Proxying [POST /element/00000000-0000-0594-ffff-ffff000000c4/click] to [POST http://127.0.0.1:8201/session/e99dcc09-a0f0-48bb-8a0b-d829d4323b82/element/00000000-0000-0594-ffff-ffff000000c4/click] with body: {"element":"00000000-0000-0594-ffff-ffff000000c4"}
&amp#27;[38;5;32m[AndroidUiautomator2Driver@dabd (47571b8e)]&amp#27;[0m Got response with status 200: {"sessionId":"e99dcc09-a0f0-48bb-8a0b-d829d4323b82","value":null}
&amp#27;[38;5;32m[AndroidUiautomator2Driver@dabd (47571b8e)]&amp#27;[0m Responding to client with driver.click() result: null
&amp#27;[38;5;0m[HTTP]&amp#27;[0m &amp#27;[37m<-- POST /session/47571b8e-6191-4ef5-a875-b0f0dcd05976/element/00000000-0000-0594-ffff-ffff000000c4/click &amp#27;[39m&amp#27;[32m200&amp#27;[39m &amp#27;[90m86 ms - 14&amp#27;[39m
&amp#27;[38;5;0m[HTTP]&amp#27;[0m &amp#27;[90m&amp#27;[39m
&amp#27;[38;5;0m[HTTP]&amp#27;[0m &amp#27;[37m-->&amp#27;[39m &amp#27;[37mGET&amp#27;[39m &amp#27;[37m/session/47571b8e-6191-4ef5-a875-b0f0dcd05976/context&amp#27;[39m
&amp#27;[38;5;0m[HTTP]&amp#27;[0m &amp#27;[90m{}&amp#27;[39m
&amp#27;[38;5;32m[AndroidUiautomator2Driver@dabd (47571b8e)]&amp#27;[0m Calling AppiumDriver.getCurrentContext() with args: ["47571b8e-6191-4ef5-a875-b0f0dcd05976"]
&amp#27;[38;5;32m[AndroidUiautomator2Driver@dabd (47571b8e)]&amp#27;[0m Responding to client with driver.getCurrentContext() result: "NATIVE_APP"
&amp#27;[38;5;0m[HTTP]&amp#27;[0m &amp#27;[37m<-- GET /session/47571b8e-6191-4ef5-a875-b0f0dcd05976/context &amp#27;[39m&amp#27;[32m200&amp#27;[39m &amp#27;[90m1 ms - 22&amp#27;[39m
&amp#27;[38;5;0m[HTTP]&amp#27;[0m &amp#27;[90m&amp#27;[39m
&amp#27;[38;5;0m[HTTP]&amp#27;[0m &amp#27;[37m-->&amp#27;[39m &amp#27;[37mPOST&amp#27;[39m &amp#27;[37m/session/47571b8e-6191-4ef5-a875-b0f0dcd05976/element&amp#27;[39m
&amp#27;[38;5;0m[HTTP]&amp#27;[0m &amp#27;[90m{"using":"xpath","value":"//android.view.ViewGroup[@content-desc='container header']/android.widget.TextView"}&amp#27;[39m
&amp#27;[38;5;32m[AndroidUiautomator2Driver@dabd (47571b8e)]&amp#27;[0m Calling AppiumDriver.findElement() with args: ["xpath","//android.view.ViewGroup[@content-desc='container header']/android.widget.TextView","47571b8e-6191-4ef5-a875-b0f0dcd05976"]
&amp#27;[38;5;32m[AndroidUiautomator2Driver@dabd (47571b8e)]&amp#27;[0m Valid locator strategies for this request: xpath, id, class name, accessibility id, css selector, -android uiautomator
&amp#27;[38;5;32m[AndroidUiautomator2Driver@dabd (47571b8e)]&amp#27;[0m Waiting up to 10000 ms for condition
&amp#27;[38;5;32m[AndroidUiautomator2Driver@dabd (47571b8e)]&amp#27;[0m Matched '/element' to command name 'findElement'
&amp#27;[38;5;32m[AndroidUiautomator2Driver@dabd (47571b8e)]&amp#27;[0m Proxying [POST /element] to [POST http://127.0.0.1:8201/session/e99dcc09-a0f0-48bb-8a0b-d829d4323b82/element] with body: {"strategy":"xpath","selector":"//android.view.ViewGroup[@content-desc='container header']/android.widget.TextView","context":"","multiple":false}
&amp#27;[38;5;32m[AndroidUiautomator2Driver@dabd (47571b8e)]&amp#27;[0m Got response with status 200: {"sessionId":"e99dcc09-a0f0-48bb-8a0b-d829d4323b82","value":{"ELEMENT":"00000000-0000-0594-ffff-ffff00000030","element-6066-11e4-a52e-4f735466cecf":"00000000-0000-0594-ffff-ffff00000030"}}
&amp#27;[38;5;32m[AndroidUiautomator2Driver@dabd (47571b8e)]&amp#27;[0m Responding to client with driver.findElement() result: {"element-6066-11e4-a52e-4f735466cecf":"00000000-0000-0594-ffff-ffff00000030","ELEMENT":"00000000-0000-0594-ffff-ffff00000030"}
&amp#27;[38;5;0m[HTTP]&amp#27;[0m &amp#27;[37m<-- POST /session/47571b8e-6191-4ef5-a875-b0f0dcd05976/element &amp#27;[39m&amp#27;[32m200&amp#27;[39m &amp#27;[90m1263 ms - 137&amp#27;[39m
&amp#27;[38;5;0m[HTTP]&amp#27;[0m &amp#27;[90m&amp#27;[39m
&amp#27;[38;5;0m[HTTP]&amp#27;[0m &amp#27;[37m-->&amp#27;[39m &amp#27;[37mGET&amp#27;[39m &amp#27;[37m/session/47571b8e-6191-4ef5-a875-b0f0dcd05976/element/00000000-0000-0594-ffff-ffff00000030/displayed&amp#27;[39m
&amp#27;[38;5;0m[HTTP]&amp#27;[0m &amp#27;[90m{}&amp#27;[39m
&amp#27;[38;5;32m[AndroidUiautomator2Driver@dabd (47571b8e)]&amp#27;[0m Calling AppiumDriver.elementDisplayed() with args: ["00000000-0000-0594-ffff-ffff00000030","47571b8e-6191-4ef5-a875-b0f0dcd05976"]
&amp#27;[38;5;32m[AndroidUiautomator2Driver@dabd (47571b8e)]&amp#27;[0m Matched '/element/00000000-0000-0594-ffff-ffff00000030/attribute/displayed' to command name 'getAttribute'
&amp#27;[38;5;32m[AndroidUiautomator2Driver@dabd (47571b8e)]&amp#27;[0m Proxying [GET /element/00000000-0000-0594-ffff-ffff00000030/attribute/displayed] to [GET http://127.0.0.1:8201/session/e99dcc09-a0f0-48bb-8a0b-d829d4323b82/element/00000000-0000-0594-ffff-ffff00000030/attribute/displayed] with no body
&amp#27;[38;5;32m[AndroidUiautomator2Driver@dabd (47571b8e)]&amp#27;[0m Got response with status 200: {"sessionId":"e99dcc09-a0f0-48bb-8a0b-d829d4323b82","value":"true"}
&amp#27;[38;5;32m[AndroidUiautomator2Driver@dabd (47571b8e)]&amp#27;[0m Responding to client with driver.elementDisplayed() result: true
&amp#27;[38;5;0m[HTTP]&amp#27;[0m &amp#27;[37m<-- GET /session/47571b8e-6191-4ef5-a875-b0f0dcd05976/element/00000000-0000-0594-ffff-ffff00000030/displayed &amp#27;[39m&amp#27;[32m200&amp#27;[39m &amp#27;[90m30 ms - 14&amp#27;[39m
&amp#27;[38;5;0m[HTTP]&amp#27;[0m &amp#27;[90m&amp#27;[39m
&amp#27;[38;5;0m[HTTP]&amp#27;[0m &amp#27;[37m-->&amp#27;[39m &amp#27;[37mGET&amp#27;[39m &amp#27;[37m/session/47571b8e-6191-4ef5-a875-b0f0dcd05976/context&amp#27;[39m
&amp#27;[38;5;0m[HTTP]&amp#27;[0m &amp#27;[90m{}&amp#27;[39m
&amp#27;[38;5;32m[AndroidUiautomator2Driver@dabd (47571b8e)]&amp#27;[0m Calling AppiumDriver.getCurrentContext() with args: ["47571b8e-6191-4ef5-a875-b0f0dcd05976"]
&amp#27;[38;5;32m[AndroidUiautomator2Driver@dabd (47571b8e)]&amp#27;[0m Responding to client with driver.getCurrentContext() result: "NATIVE_APP"
&amp#27;[38;5;0m[HTTP]&amp#27;[0m &amp#27;[37m<-- GET /session/47571b8e-6191-4ef5-a875-b0f0dcd05976/context &amp#27;[39m&amp#27;[32m200&amp#27;[39m &amp#27;[90m1 ms - 22&amp#27;[39m
&amp#27;[38;5;0m[HTTP]&amp#27;[0m &amp#27;[90m&amp#27;[39m
&amp#27;[38;5;0m[HTTP]&amp#27;[0m &amp#27;[37m-->&amp#27;[39m &amp#27;[37mPOST&amp#27;[39m &amp#27;[37m/session/47571b8e-6191-4ef5-a875-b0f0dcd05976/element&amp#27;[39m
&amp#27;[38;5;0m[HTTP]&amp#27;[0m &amp#27;[90m{"using":"xpath","value":"//android.view.ViewGroup[@content-desc='container header']/android.widget.TextView"}&amp#27;[39m
&amp#27;[38;5;32m[AndroidUiautomator2Driver@dabd (47571b8e)]&amp#27;[0m Calling AppiumDriver.findElement() with args: ["xpath","//android.view.ViewGroup[@content-desc='container header']/android.widget.TextView","47571b8e-6191-4ef5-a875-b0f0dcd05976"]
&amp#27;[38;5;32m[AndroidUiautomator2Driver@dabd (47571b8e)]&amp#27;[0m Valid locator strategies for this request: xpath, id, class name, accessibility id, css selector, -android uiautomator
&amp#27;[38;5;32m[AndroidUiautomator2Driver@dabd (47571b8e)]&amp#27;[0m Waiting up to 10000 ms for condition
&amp#27;[38;5;32m[AndroidUiautomator2Driver@dabd (47571b8e)]&amp#27;[0m Matched '/element' to command name 'findElement'
&amp#27;[38;5;32m[AndroidUiautomator2Driver@dabd (47571b8e)]&amp#27;[0m Proxying [POST /element] to [POST http://127.0.0.1:8201/session/e99dcc09-a0f0-48bb-8a0b-d829d4323b82/element] with body: {"strategy":"xpath","selector":"//android.view.ViewGroup[@content-desc='container header']/android.widget.TextView","context":"","multiple":false}
&amp#27;[38;5;32m[AndroidUiautomator2Driver@dabd (47571b8e)]&amp#27;[0m Got response with status 200: {"sessionId":"e99dcc09-a0f0-48bb-8a0b-d829d4323b82","value":{"ELEMENT":"00000000-0000-0594-ffff-ffff00000030","element-6066-11e4-a52e-4f735466cecf":"00000000-0000-0594-ffff-ffff00000030"}}
&amp#27;[38;5;32m[AndroidUiautomator2Driver@dabd (47571b8e)]&amp#27;[0m Responding to client with driver.findElement() result: {"element-6066-11e4-a52e-4f735466cecf":"00000000-0000-0594-ffff-ffff00000030","ELEMENT":"00000000-0000-0594-ffff-ffff00000030"}
&amp#27;[38;5;0m[HTTP]&amp#27;[0m &amp#27;[37m<-- POST /session/47571b8e-6191-4ef5-a875-b0f0dcd05976/element &amp#27;[39m&amp#27;[32m200&amp#27;[39m &amp#27;[90m994 ms - 137&amp#27;[39m
&amp#27;[38;5;0m[HTTP]&amp#27;[0m &amp#27;[90m&amp#27;[39m
&amp#27;[38;5;0m[HTTP]&amp#27;[0m &amp#27;[37m-->&amp#27;[39m &amp#27;[37mGET&amp#27;[39m &amp#27;[37m/session/47571b8e-6191-4ef5-a875-b0f0dcd05976/element/00000000-0000-0594-ffff-ffff00000030/text&amp#27;[39m
&amp#27;[38;5;0m[HTTP]&amp#27;[0m &amp#27;[90m{}&amp#27;[39m
&amp#27;[38;5;32m[AndroidUiautomator2Driver@dabd (47571b8e)]&amp#27;[0m Driver proxy active, passing request on via HTTP proxy
&amp#27;[38;5;32m[AndroidUiautomator2Driver@dabd (47571b8e)]&amp#27;[0m Matched '/session/47571b8e-6191-4ef5-a875-b0f0dcd05976/element/00000000-0000-0594-ffff-ffff00000030/text' to command name 'getText'
&amp#27;[38;5;32m[AndroidUiautomator2Driver@dabd (47571b8e)]&amp#27;[0m Proxying [GET /session/47571b8e-6191-4ef5-a875-b0f0dcd05976/element/00000000-0000-0594-ffff-ffff00000030/text] to [GET http://127.0.0.1:8201/session/e99dcc09-a0f0-48bb-8a0b-d829d4323b82/element/00000000-0000-0594-ffff-ffff00000030/text] with no body
&amp#27;[38;5;32m[AndroidUiautomator2Driver@dabd (47571b8e)]&amp#27;[0m Got response with status 200: {"sessionId":"e99dcc09-a0f0-48bb-8a0b-d829d4323b82","value":"Products"}
&amp#27;[38;5;32m[AndroidUiautomator2Driver@dabd (47571b8e)]&amp#27;[0m Replacing sessionId e99dcc09-a0f0-48bb-8a0b-d829d4323b82 with 47571b8e-6191-4ef5-a875-b0f0dcd05976
&amp#27;[38;5;0m[HTTP]&amp#27;[0m &amp#27;[37m<-- GET /session/47571b8e-6191-4ef5-a875-b0f0dcd05976/element/00000000-0000-0594-ffff-ffff00000030/text &amp#27;[39m&amp#27;[32m200&amp#27;[39m &amp#27;[90m27 ms - 71&amp#27;[39m
&amp#27;[38;5;0m[HTTP]&amp#27;[0m &amp#27;[90m&amp#27;[39m
&amp#27;[38;5;0m[HTTP]&amp#27;[0m &amp#27;[37m-->&amp#27;[39m &amp#27;[37mGET&amp#27;[39m &amp#27;[37m/session/47571b8e-6191-4ef5-a875-b0f0dcd05976/context&amp#27;[39m
&amp#27;[38;5;0m[HTTP]&amp#27;[0m &amp#27;[90m{}&amp#27;[39m
&amp#27;[38;5;32m[AndroidUiautomator2Driver@dabd (47571b8e)]&amp#27;[0m Calling AppiumDriver.getCurrentContext() with args: ["47571b8e-6191-4ef5-a875-b0f0dcd05976"]
&amp#27;[38;5;32m[AndroidUiautomator2Driver@dabd (47571b8e)]&amp#27;[0m Responding to client with driver.getCurrentContext() result: "NATIVE_APP"
&amp#27;[38;5;0m[HTTP]&amp#27;[0m &amp#27;[37m<-- GET /session/47571b8e-6191-4ef5-a875-b0f0dcd05976/context &amp#27;[39m&amp#27;[32m200&amp#27;[39m &amp#27;[90m1 ms - 22&amp#27;[39m
&amp#27;[38;5;0m[HTTP]&amp#27;[0m &amp#27;[90m&amp#27;[39m
&amp#27;[38;5;0m[HTTP]&amp#27;[0m &amp#27;[37m-->&amp#27;[39m &amp#27;[37mPOST&amp#27;[39m &amp#27;[37m/session/47571b8e-6191-4ef5-a875-b0f0dcd05976/elements&amp#27;[39m
&amp#27;[38;5;0m[HTTP]&amp#27;[0m &amp#27;[90m{"using":"xpath","value":"//android.view.ViewGroup[@content-desc='store item']"}&amp#27;[39m
&amp#27;[38;5;32m[AndroidUiautomator2Driver@dabd (47571b8e)]&amp#27;[0m Calling AppiumDriver.findElements() with args: ["xpath","//android.view.ViewGroup[@content-desc='store item']","47571b8e-6191-4ef5-a875-b0f0dcd05976"]
&amp#27;[38;5;32m[AndroidUiautomator2Driver@dabd (47571b8e)]&amp#27;[0m Valid locator strategies for this request: xpath, id, class name, accessibility id, css selector, -android uiautomator
&amp#27;[38;5;32m[AndroidUiautomator2Driver@dabd (47571b8e)]&amp#27;[0m Waiting up to 10000 ms for condition
&amp#27;[38;5;32m[AndroidUiautomator2Driver@dabd (47571b8e)]&amp#27;[0m Matched '/elements' to command name 'findElements'
&amp#27;[38;5;32m[AndroidUiautomator2Driver@dabd (47571b8e)]&amp#27;[0m Proxying [POST /elements] to [POST http://127.0.0.1:8201/session/e99dcc09-a0f0-48bb-8a0b-d829d4323b82/elements] with body: {"strategy":"xpath","selector":"//android.view.ViewGroup[@content-desc='store item']","context":"","multiple":true}
&amp#27;[38;5;32m[AndroidUiautomator2Driver@dabd (47571b8e)]&amp#27;[0m Got response with status 200: {"sessionId":"e99dcc09-a0f0-48bb-8a0b-d829d4323b82","value":[{"ELEMENT":"00000000-0000-0594-ffff-ffff00000032","element-6066-11e4-a52e-4f735466cecf":"00000000-0000-0594-ffff-ffff00000032"},{"ELEMENT":"00000000-0000-0594-ffff-ffff00000041","element-6066-11e4-a52e-4f735466cecf":"00000000-0000-0594-ffff-ffff00000041"},{"ELEMENT":"00000000-0000-0594-ffff-ffff00000051","element-6066-11e4-a52e-4f735466cecf":"00000000-0000-0594-ffff-ffff00000051"},{"ELEMENT":"00000000-0000-0594-ffff-ffff00000060","element-6066-11e4-a52e-4f735466cecf":"00000000-0000-0594-ffff-ffff00000060"},{"ELEMENT":"00000000-0000-0594-ffff-ffff00000070","element-6066-11e4-a52e-4f735466cecf":"00000000-0000-0594-ffff-ffff00000070"},{"ELEMENT":"00000000-0000-0594-ffff-ffff0000007f","element-6066-11e4-a52e-4f735466cecf":"00000000-0000-0594-ffff-ffff0000007f"}]}
&amp#27;[38;5;32m[AndroidUiautomator2Driver@dabd (47571b8e)]&amp#27;[0m Responding to client with driver.findElements() result: [{"element-6066-11e4-a52e-4f735466cecf":"00000000-0000-0594-ffff-ffff00000032","ELEMENT":"00000000-0000-0594-ffff-ffff00000032"},{"element-6066-11e4-a52e-4f735466cecf":"00000000-0000-0594-ffff-ffff00000041","ELEMENT":"00000000-0000-0594-ffff-ffff00000041"},{"element-6066-11e4-a52e-4f735466cecf":"00000000-0000-0594-ffff-ffff00000051","ELEMENT":"00000000-0000-0594-ffff-ffff00000051"},{"element-6066-11e4-a52e-4f735466cecf":"00000000-0000-0594-ffff-ffff00000060","ELEMENT":"00000000-0000-0594-ffff-ffff00000060"},{"element-6066-11e4-a52e-4f735466cecf":"00000000-0000-0594-ffff-ffff00000070","ELEMENT":"00000000-0000-0594-ffff-ffff00000070"},{"element-6066-11e4-a52e-4f735466cecf":"00000000-0000-0594-ffff-ffff0000007f","ELEMENT":"00000000-0000-0594-ffff-ffff0000007f"}]
&amp#27;[38;5;0m[HTTP]&amp#27;[0m &amp#27;[37m<-- POST /session/47571b8e-6191-4ef5-a875-b0f0dcd05976/elements &amp#27;[39m&amp#27;[32m200&amp#27;[39m &amp#27;[90m702 ms - 779&amp#27;[39m
&amp#27;[38;5;0m[HTTP]&amp#27;[0m &amp#27;[90m&amp#27;[39m
&amp#27;[38;5;0m[HTTP]&amp#27;[0m &amp#27;[37m-->&amp#27;[39m &amp#27;[37mPOST&amp#27;[39m &amp#27;[37m/session/47571b8e-6191-4ef5-a875-b0f0dcd05976/element/00000000-0000-0594-ffff-ffff00000032/element&amp#27;[39m
&amp#27;[38;5;0m[HTTP]&amp#27;[0m &amp#27;[90m{"id":"00000000-0000-0594-ffff-ffff00000032","using":"class name","value":"android.widget.ImageView"}&amp#27;[39m
&amp#27;[38;5;32m[AndroidUiautomator2Driver@dabd (47571b8e)]&amp#27;[0m Calling AppiumDriver.findElementFromElement() with args: ["class name","android.widget.ImageView","00000000-0000-0594-ffff-ffff00000032","47571b8e-6191-4ef5-a875-b0f0dcd05976"]
&amp#27;[38;5;32m[AndroidUiautomator2Driver@dabd (47571b8e)]&amp#27;[0m Valid locator strategies for this request: xpath, id, class name, accessibility id, css selector, -android uiautomator
&amp#27;[38;5;32m[AndroidUiautomator2Driver@dabd (47571b8e)]&amp#27;[0m Waiting up to 10000 ms for condition
&amp#27;[38;5;32m[AndroidUiautomator2Driver@dabd (47571b8e)]&amp#27;[0m Matched '/element' to command name 'findElement'
&amp#27;[38;5;32m[AndroidUiautomator2Driver@dabd (47571b8e)]&amp#27;[0m Proxying [POST /element] to [POST http://127.0.0.1:8201/session/e99dcc09-a0f0-48bb-8a0b-d829d4323b82/element] with body: {"strategy":"class name","selector":"android.widget.ImageView","context":"00000000-0000-0594-ffff-ffff00000032","multiple":false}
&amp#27;[38;5;32m[AndroidUiautomator2Driver@dabd (47571b8e)]&amp#27;[0m Got response with status 200: {"sessionId":"e99dcc09-a0f0-48bb-8a0b-d829d4323b82","value":{"ELEMENT":"00000000-0000-0594-ffff-ffff00000034","element-6066-11e4-a52e-4f735466cecf":"00000000-0000-0594-ffff-ffff00000034"}}
&amp#27;[38;5;32m[AndroidUiautomator2Driver@dabd (47571b8e)]&amp#27;[0m Responding to client with driver.findElementFromElement() result: {"element-6066-11e4-a52e-4f735466cecf":"00000000-0000-0594-ffff-ffff00000034","ELEMENT":"00000000-0000-0594-ffff-ffff00000034"}
&amp#27;[38;5;0m[HTTP]&amp#27;[0m &amp#27;[37m<-- POST /session/47571b8e-6191-4ef5-a875-b0f0dcd05976/element/00000000-0000-0594-ffff-ffff00000032/element &amp#27;[39m&amp#27;[32m200&amp#27;[39m &amp#27;[90m42 ms - 137&amp#27;[39m
&amp#27;[38;5;0m[HTTP]&amp#27;[0m &amp#27;[90m&amp#27;[39m
&amp#27;[38;5;0m[HTTP]&amp#27;[0m &amp#27;[37m-->&amp#27;[39m &amp#27;[37mPOST&amp#27;[39m &amp#27;[37m/session/47571b8e-6191-4ef5-a875-b0f0dcd05976/element/00000000-0000-0594-ffff-ffff00000034/click&amp#27;[39m
&amp#27;[38;5;0m[HTTP]&amp#27;[0m &amp#27;[90m{"id":"00000000-0000-0594-ffff-ffff00000034"}&amp#27;[39m
&amp#27;[38;5;32m[AndroidUiautomator2Driver@dabd (47571b8e)]&amp#27;[0m Calling AppiumDriver.click() with args: ["00000000-0000-0594-ffff-ffff00000034","47571b8e-6191-4ef5-a875-b0f0dcd05976"]
&amp#27;[38;5;32m[AndroidUiautomator2Driver@dabd (47571b8e)]&amp#27;[0m Matched '/element/00000000-0000-0594-ffff-ffff00000034/click' to command name 'click'
&amp#27;[38;5;32m[AndroidUiautomator2Driver@dabd (47571b8e)]&amp#27;[0m Proxying [POST /element/00000000-0000-0594-ffff-ffff00000034/click] to [POST http://127.0.0.1:8201/session/e99dcc09-a0f0-48bb-8a0b-d829d4323b82/element/00000000-0000-0594-ffff-ffff00000034/click] with body: {"element":"00000000-0000-0594-ffff-ffff00000034"}
&amp#27;[38;5;32m[AndroidUiautomator2Driver@dabd (47571b8e)]&amp#27;[0m Got response with status 200: {"sessionId":"e99dcc09-a0f0-48bb-8a0b-d829d4323b82","value":null}
&amp#27;[38;5;32m[AndroidUiautomator2Driver@dabd (47571b8e)]&amp#27;[0m Responding to client with driver.click() result: null
&amp#27;[38;5;0m[HTTP]&amp#27;[0m &amp#27;[37m<-- POST /session/47571b8e-6191-4ef5-a875-b0f0dcd05976/element/00000000-0000-0594-ffff-ffff00000034/click &amp#27;[39m&amp#27;[32m200&amp#27;[39m &amp#27;[90m60 ms - 14&amp#27;[39m
&amp#27;[38;5;0m[HTTP]&amp#27;[0m &amp#27;[90m&amp#27;[39m
&amp#27;[38;5;0m[HTTP]&amp#27;[0m &amp#27;[37m-->&amp#27;[39m &amp#27;[37mGET&amp#27;[39m &amp#27;[37m/session/47571b8e-6191-4ef5-a875-b0f0dcd05976/context&amp#27;[39m
&amp#27;[38;5;0m[HTTP]&amp#27;[0m &amp#27;[90m{}&amp#27;[39m
&amp#27;[38;5;32m[AndroidUiautomator2Driver@dabd (47571b8e)]&amp#27;[0m Calling AppiumDriver.getCurrentContext() with args: ["47571b8e-6191-4ef5-a875-b0f0dcd05976"]
&amp#27;[38;5;32m[AndroidUiautomator2Driver@dabd (47571b8e)]&amp#27;[0m Responding to client with driver.getCurrentContext() result: "NATIVE_APP"
&amp#27;[38;5;0m[HTTP]&amp#27;[0m &amp#27;[37m<-- GET /session/47571b8e-6191-4ef5-a875-b0f0dcd05976/context &amp#27;[39m&amp#27;[32m200&amp#27;[39m &amp#27;[90m1 ms - 22&amp#27;[39m
&amp#27;[38;5;0m[HTTP]&amp#27;[0m &amp#27;[90m&amp#27;[39m
&amp#27;[38;5;0m[HTTP]&amp#27;[0m &amp#27;[37m-->&amp#27;[39m &amp#27;[37mPOST&amp#27;[39m &amp#27;[37m/session/47571b8e-6191-4ef5-a875-b0f0dcd05976/element&amp#27;[39m
&amp#27;[38;5;0m[HTTP]&amp#27;[0m &amp#27;[90m{"using":"accessibility id","value":"Add To Cart button"}&amp#27;[39m
&amp#27;[38;5;32m[AndroidUiautomator2Driver@dabd (47571b8e)]&amp#27;[0m Calling AppiumDriver.findElement() with args: ["accessibility id","Add To Cart button","47571b8e-6191-4ef5-a875-b0f0dcd05976"]
&amp#27;[38;5;32m[AndroidUiautomator2Driver@dabd (47571b8e)]&amp#27;[0m Valid locator strategies for this request: xpath, id, class name, accessibility id, css selector, -android uiautomator
&amp#27;[38;5;32m[AndroidUiautomator2Driver@dabd (47571b8e)]&amp#27;[0m Waiting up to 10000 ms for condition
&amp#27;[38;5;32m[AndroidUiautomator2Driver@dabd (47571b8e)]&amp#27;[0m Matched '/element' to command name 'findElement'
&amp#27;[38;5;32m[AndroidUiautomator2Driver@dabd (47571b8e)]&amp#27;[0m Proxying [POST /element] to [POST http://127.0.0.1:8201/session/e99dcc09-a0f0-48bb-8a0b-d829d4323b82/element] with body: {"strategy":"accessibility id","selector":"Add To Cart button","context":"","multiple":false}
&amp#27;[38;5;32m[AndroidUiautomator2Driver@dabd (47571b8e)]&amp#27;[0m Got response with status 200: {"sessionId":"e99dcc09-a0f0-48bb-8a0b-d829d4323b82","value":{"ELEMENT":"00000000-0000-0594-ffff-ffff00000124","element-6066-11e4-a52e-4f735466cecf":"00000000-0000-0594-ffff-ffff00000124"}}
&amp#27;[38;5;32m[AndroidUiautomator2Driver@dabd (47571b8e)]&amp#27;[0m Responding to client with driver.findElement() result: {"element-6066-11e4-a52e-4f735466cecf":"00000000-0000-0594-ffff-ffff00000124","ELEMENT":"00000000-0000-0594-ffff-ffff00000124"}
&amp#27;[38;5;0m[HTTP]&amp#27;[0m &amp#27;[37m<-- POST /session/47571b8e-6191-4ef5-a875-b0f0dcd05976/element &amp#27;[39m&amp#27;[32m200&amp#27;[39m &amp#27;[90m700 ms - 137&amp#27;[39m
&amp#27;[38;5;0m[HTTP]&amp#27;[0m &amp#27;[90m&amp#27;[39m
&amp#27;[38;5;0m[HTTP]&amp#27;[0m &amp#27;[37m-->&amp#27;[39m &amp#27;[37mPOST&amp#27;[39m &amp#27;[37m/session/47571b8e-6191-4ef5-a875-b0f0dcd05976/element/00000000-0000-0594-ffff-ffff00000124/click&amp#27;[39m
&amp#27;[38;5;0m[HTTP]&amp#27;[0m &amp#27;[90m{"id":"00000000-0000-0594-ffff-ffff00000124"}&amp#27;[39m
&amp#27;[38;5;32m[AndroidUiautomator2Driver@dabd (47571b8e)]&amp#27;[0m Calling AppiumDriver.click() with args: ["00000000-0000-0594-ffff-ffff00000124","47571b8e-6191-4ef5-a875-b0f0dcd05976"]
&amp#27;[38;5;32m[AndroidUiautomator2Driver@dabd (47571b8e)]&amp#27;[0m Matched '/element/00000000-0000-0594-ffff-ffff00000124/click' to command name 'click'
&amp#27;[38;5;32m[AndroidUiautomator2Driver@dabd (47571b8e)]&amp#27;[0m Proxying [POST /element/00000000-0000-0594-ffff-ffff00000124/click] to [POST http://127.0.0.1:8201/session/e99dcc09-a0f0-48bb-8a0b-d829d4323b82/element/00000000-0000-0594-ffff-ffff00000124/click] with body: {"element":"00000000-0000-0594-ffff-ffff00000124"}
&amp#27;[38;5;32m[AndroidUiautomator2Driver@dabd (47571b8e)]&amp#27;[0m Got response with status 200: {"sessionId":"e99dcc09-a0f0-48bb-8a0b-d829d4323b82","value":null}
&amp#27;[38;5;32m[AndroidUiautomator2Driver@dabd (47571b8e)]&amp#27;[0m Responding to client with driver.click() result: null
&amp#27;[38;5;0m[HTTP]&amp#27;[0m &amp#27;[37m<-- POST /session/47571b8e-6191-4ef5-a875-b0f0dcd05976/element/00000000-0000-0594-ffff-ffff00000124/click &amp#27;[39m&amp#27;[32m200&amp#27;[39m &amp#27;[90m55 ms - 14&amp#27;[39m
&amp#27;[38;5;0m[HTTP]&amp#27;[0m &amp#27;[90m&amp#27;[39m
&amp#27;[38;5;0m[HTTP]&amp#27;[0m &amp#27;[37m-->&amp#27;[39m &amp#27;[37mGET&amp#27;[39m &amp#27;[37m/session/47571b8e-6191-4ef5-a875-b0f0dcd05976/context&amp#27;[39m
&amp#27;[38;5;0m[HTTP]&amp#27;[0m &amp#27;[90m{}&amp#27;[39m
&amp#27;[38;5;32m[AndroidUiautomator2Driver@dabd (47571b8e)]&amp#27;[0m Calling AppiumDriver.getCurrentContext() with args: ["47571b8e-6191-4ef5-a875-b0f0dcd05976"]
&amp#27;[38;5;32m[AndroidUiautomator2Driver@dabd (47571b8e)]&amp#27;[0m Responding to client with driver.getCurrentContext() result: "NATIVE_APP"
&amp#27;[38;5;0m[HTTP]&amp#27;[0m &amp#27;[37m<-- GET /session/47571b8e-6191-4ef5-a875-b0f0dcd05976/context &amp#27;[39m&amp#27;[32m200&amp#27;[39m &amp#27;[90m1 ms - 22&amp#27;[39m
&amp#27;[38;5;0m[HTTP]&amp#27;[0m &amp#27;[90m&amp#27;[39m
&amp#27;[38;5;0m[HTTP]&amp#27;[0m &amp#27;[37m-->&amp#27;[39m &amp#27;[37mPOST&amp#27;[39m &amp#27;[37m/session/47571b8e-6191-4ef5-a875-b0f0dcd05976/element&amp#27;[39m
&amp#27;[38;5;0m[HTTP]&amp#27;[0m &amp#27;[90m{"using":"xpath","value":"//android.view.ViewGroup[@content-desc='cart badge']/android.widget.TextView"}&amp#27;[39m
&amp#27;[38;5;32m[AndroidUiautomator2Driver@dabd (47571b8e)]&amp#27;[0m Calling AppiumDriver.findElement() with args: ["xpath","//android.view.ViewGroup[@content-desc='cart badge']/android.widget.TextView","47571b8e-6191-4ef5-a875-b0f0dcd05976"]
&amp#27;[38;5;32m[AndroidUiautomator2Driver@dabd (47571b8e)]&amp#27;[0m Valid locator strategies for this request: xpath, id, class name, accessibility id, css selector, -android uiautomator
&amp#27;[38;5;32m[AndroidUiautomator2Driver@dabd (47571b8e)]&amp#27;[0m Waiting up to 10000 ms for condition
&amp#27;[38;5;32m[AndroidUiautomator2Driver@dabd (47571b8e)]&amp#27;[0m Matched '/element' to command name 'findElement'
&amp#27;[38;5;32m[AndroidUiautomator2Driver@dabd (47571b8e)]&amp#27;[0m Proxying [POST /element] to [POST http://127.0.0.1:8201/session/e99dcc09-a0f0-48bb-8a0b-d829d4323b82/element] with body: {"strategy":"xpath","selector":"//android.view.ViewGroup[@content-desc='cart badge']/android.widget.TextView","context":"","multiple":false}
&amp#27;[38;5;32m[AndroidUiautomator2Driver@dabd (47571b8e)]&amp#27;[0m Got response with status 404: {"sessionId":"e99dcc09-a0f0-48bb-8a0b-d829d4323b82","value":{"error":"no such element","message":"An element could not be located on the page using the given search parameters","stacktrace":"io.appium.uiautomator2.common.exceptions.ElementNotFoundException: An element could not be located on the page using the given search parameters\n\tat io.appium.uiautomator2.utils.ElementLocationHelpers.findElement(ElementLocationHelpers.java:156)\n\tat io.appium.uiautomator2.handler.FindElement.safeHandle(FindElement.java:60)\n\tat io.appium.uiautomator2.handler.request.SafeRequestHandler.handle(SafeRequestHandler.java:59)\n\tat io.appium.uiautomator2.server.AppiumServlet.handleRequest(AppiumServlet.java:277)\n\tat io.appium.uiautomator2.server.AppiumServlet.handleHttpRequest(AppiumServlet.java:271)\n\tat io.appium.uiautomator2.http.ServerHandler.channelRead(ServerHandler.java:77)\n\tat io.netty.channel.AbstractChannelHandlerContext.invokeChannelRead(AbstractChannelHandlerContext.java:366)\n\tat io.netty.channel.Abstr...
&amp#27;[38;5;128m[W3C]&amp#27;[0m Matched W3C error code 'no such element' to NoSuchElementError
&amp#27;[38;5;32m[AndroidUiautomator2Driver@dabd (47571b8e)]&amp#27;[0m Waited for 211 ms so far
&amp#27;[38;5;32m[AndroidUiautomator2Driver@dabd (47571b8e)]&amp#27;[0m Matched '/element' to command name 'findElement'
&amp#27;[38;5;32m[AndroidUiautomator2Driver@dabd (47571b8e)]&amp#27;[0m Proxying [POST /element] to [POST http://127.0.0.1:8201/session/e99dcc09-a0f0-48bb-8a0b-d829d4323b82/element] with body: {"strategy":"xpath","selector":"//android.view.ViewGroup[@content-desc='cart badge']/android.widget.TextView","context":"","multiple":false}
&amp#27;[38;5;32m[AndroidUiautomator2Driver@dabd (47571b8e)]&amp#27;[0m Got response with status 200: {"sessionId":"e99dcc09-a0f0-48bb-8a0b-d829d4323b82","value":{"ELEMENT":"00000000-0000-0594-ffff-ffff00000131","element-6066-11e4-a52e-4f735466cecf":"00000000-0000-0594-ffff-ffff00000131"}}
&amp#27;[38;5;32m[AndroidUiautomator2Driver@dabd (47571b8e)]&amp#27;[0m Responding to client with driver.findElement() result: {"element-6066-11e4-a52e-4f735466cecf":"00000000-0000-0594-ffff-ffff00000131","ELEMENT":"00000000-0000-0594-ffff-ffff00000131"}
&amp#27;[38;5;0m[HTTP]&amp#27;[0m &amp#27;[37m<-- POST /session/47571b8e-6191-4ef5-a875-b0f0dcd05976/element &amp#27;[39m&amp#27;[32m200&amp#27;[39m &amp#27;[90m1209 ms - 137&amp#27;[39m
&amp#27;[38;5;0m[HTTP]&amp#27;[0m &amp#27;[90m&amp#27;[39m
&amp#27;[38;5;0m[HTTP]&amp#27;[0m &amp#27;[37m-->&amp#27;[39m &amp#27;[37mGET&amp#27;[39m &amp#27;[37m/session/47571b8e-6191-4ef5-a875-b0f0dcd05976/element/00000000-0000-0594-ffff-ffff00000131/displayed&amp#27;[39m
&amp#27;[38;5;0m[HTTP]&amp#27;[0m &amp#27;[90m{}&amp#27;[39m
&amp#27;[38;5;32m[AndroidUiautomator2Driver@dabd (47571b8e)]&amp#27;[0m Calling AppiumDriver.elementDisplayed() with args: ["00000000-0000-0594-ffff-ffff00000131","47571b8e-6191-4ef5-a875-b0f0dcd05976"]
&amp#27;[38;5;32m[AndroidUiautomator2Driver@dabd (47571b8e)]&amp#27;[0m Matched '/element/00000000-0000-0594-ffff-ffff00000131/attribute/displayed' to command name 'getAttribute'
&amp#27;[38;5;32m[AndroidUiautomator2Driver@dabd (47571b8e)]&amp#27;[0m Proxying [GET /element/00000000-0000-0594-ffff-ffff00000131/attribute/displayed] to [GET http://127.0.0.1:8201/session/e99dcc09-a0f0-48bb-8a0b-d829d4323b82/element/00000000-0000-0594-ffff-ffff00000131/attribute/displayed] with no body
&amp#27;[38;5;32m[AndroidUiautomator2Driver@dabd (47571b8e)]&amp#27;[0m Got response with status 200: {"sessionId":"e99dcc09-a0f0-48bb-8a0b-d829d4323b82","value":"true"}
&amp#27;[38;5;32m[AndroidUiautomator2Driver@dabd (47571b8e)]&amp#27;[0m Responding to client with driver.elementDisplayed() result: true
&amp#27;[38;5;0m[HTTP]&amp#27;[0m &amp#27;[37m<-- GET /session/47571b8e-6191-4ef5-a875-b0f0dcd05976/element/00000000-0000-0594-ffff-ffff00000131/displayed &amp#27;[39m&amp#27;[32m200&amp#27;[39m &amp#27;[90m26 ms - 14&amp#27;[39m
&amp#27;[38;5;0m[HTTP]&amp#27;[0m &amp#27;[90m&amp#27;[39m
&amp#27;[38;5;0m[HTTP]&amp#27;[0m &amp#27;[37m-->&amp#27;[39m &amp#27;[37mGET&amp#27;[39m &amp#27;[37m/session/47571b8e-6191-4ef5-a875-b0f0dcd05976/context&amp#27;[39m
&amp#27;[38;5;0m[HTTP]&amp#27;[0m &amp#27;[90m{}&amp#27;[39m
&amp#27;[38;5;32m[AndroidUiautomator2Driver@dabd (47571b8e)]&amp#27;[0m Calling AppiumDriver.getCurrentContext() with args: ["47571b8e-6191-4ef5-a875-b0f0dcd05976"]
&amp#27;[38;5;32m[AndroidUiautomator2Driver@dabd (47571b8e)]&amp#27;[0m Responding to client with driver.getCurrentContext() result: "NATIVE_APP"
&amp#27;[38;5;0m[HTTP]&amp#27;[0m &amp#27;[37m<-- GET /session/47571b8e-6191-4ef5-a875-b0f0dcd05976/context &amp#27;[39m&amp#27;[32m200&amp#27;[39m &amp#27;[90m1 ms - 22&amp#27;[39m
&amp#27;[38;5;0m[HTTP]&amp#27;[0m &amp#27;[90m&amp#27;[39m
&amp#27;[38;5;0m[HTTP]&amp#27;[0m &amp#27;[37m-->&amp#27;[39m &amp#27;[37mPOST&amp#27;[39m &amp#27;[37m/session/47571b8e-6191-4ef5-a875-b0f0dcd05976/element&amp#27;[39m
&amp#27;[38;5;0m[HTTP]&amp#27;[0m &amp#27;[90m{"using":"xpath","value":"//android.view.ViewGroup[@content-desc='cart badge']/android.widget.TextView"}&amp#27;[39m
&amp#27;[38;5;32m[AndroidUiautomator2Driver@dabd (47571b8e)]&amp#27;[0m Calling AppiumDriver.findElement() with args: ["xpath","//android.view.ViewGroup[@content-desc='cart badge']/android.widget.TextView","47571b8e-6191-4ef5-a875-b0f0dcd05976"]
&amp#27;[38;5;32m[AndroidUiautomator2Driver@dabd (47571b8e)]&amp#27;[0m Valid locator strategies for this request: xpath, id, class name, accessibility id, css selector, -android uiautomator
&amp#27;[38;5;32m[AndroidUiautomator2Driver@dabd (47571b8e)]&amp#27;[0m Waiting up to 10000 ms for condition
&amp#27;[38;5;32m[AndroidUiautomator2Driver@dabd (47571b8e)]&amp#27;[0m Matched '/element' to command name 'findElement'
&amp#27;[38;5;32m[AndroidUiautomator2Driver@dabd (47571b8e)]&amp#27;[0m Proxying [POST /element] to [POST http://127.0.0.1:8201/session/e99dcc09-a0f0-48bb-8a0b-d829d4323b82/element] with body: {"strategy":"xpath","selector":"//android.view.ViewGroup[@content-desc='cart badge']/android.widget.TextView","context":"","multiple":false}
&amp#27;[38;5;32m[AndroidUiautomator2Driver@dabd (47571b8e)]&amp#27;[0m Got response with status 200: {"sessionId":"e99dcc09-a0f0-48bb-8a0b-d829d4323b82","value":{"ELEMENT":"00000000-0000-0594-ffff-ffff00000131","element-6066-11e4-a52e-4f735466cecf":"00000000-0000-0594-ffff-ffff00000131"}}
&amp#27;[38;5;32m[AndroidUiautomator2Driver@dabd (47571b8e)]&amp#27;[0m Responding to client with driver.findElement() result: {"element-6066-11e4-a52e-4f735466cecf":"00000000-0000-0594-ffff-ffff00000131","ELEMENT":"00000000-0000-0594-ffff-ffff00000131"}
&amp#27;[38;5;0m[HTTP]&amp#27;[0m &amp#27;[37m<-- POST /session/47571b8e-6191-4ef5-a875-b0f0dcd05976/element &amp#27;[39m&amp#27;[32m200&amp#27;[39m &amp#27;[90m543 ms - 137&amp#27;[39m
&amp#27;[38;5;0m[HTTP]&amp#27;[0m &amp#27;[90m&amp#27;[39m
&amp#27;[38;5;0m[HTTP]&amp#27;[0m &amp#27;[37m-->&amp#27;[39m &amp#27;[37mGET&amp#27;[39m &amp#27;[37m/session/47571b8e-6191-4ef5-a875-b0f0dcd05976/element/00000000-0000-0594-ffff-ffff00000131/text&amp#27;[39m
&amp#27;[38;5;0m[HTTP]&amp#27;[0m &amp#27;[90m{}&amp#27;[39m
&amp#27;[38;5;32m[AndroidUiautomator2Driver@dabd (47571b8e)]&amp#27;[0m Driver proxy active, passing request on via HTTP proxy
&amp#27;[38;5;32m[AndroidUiautomator2Driver@dabd (47571b8e)]&amp#27;[0m Matched '/session/47571b8e-6191-4ef5-a875-b0f0dcd05976/element/00000000-0000-0594-ffff-ffff00000131/text' to command name 'getText'
&amp#27;[38;5;32m[AndroidUiautomator2Driver@dabd (47571b8e)]&amp#27;[0m Proxying [GET /session/47571b8e-6191-4ef5-a875-b0f0dcd05976/element/00000000-0000-0594-ffff-ffff00000131/text] to [GET http://127.0.0.1:8201/session/e99dcc09-a0f0-48bb-8a0b-d829d4323b82/element/00000000-0000-0594-ffff-ffff00000131/text] with no body
&amp#27;[38;5;32m[AndroidUiautomator2Driver@dabd (47571b8e)]&amp#27;[0m Got response with status 200: {"sessionId":"e99dcc09-a0f0-48bb-8a0b-d829d4323b82","value":"1"}
&amp#27;[38;5;32m[AndroidUiautomator2Driver@dabd (47571b8e)]&amp#27;[0m Replacing sessionId e99dcc09-a0f0-48bb-8a0b-d829d4323b82 with 47571b8e-6191-4ef5-a875-b0f0dcd05976
&amp#27;[38;5;0m[HTTP]&amp#27;[0m &amp#27;[37m<-- GET /session/47571b8e-6191-4ef5-a875-b0f0dcd05976/element/00000000-0000-0594-ffff-ffff00000131/text &amp#27;[39m&amp#27;[32m200&amp#27;[39m &amp#27;[90m31 ms - 64&amp#27;[39m
&amp#27;[38;5;0m[HTTP]&amp#27;[0m &amp#27;[90m&amp#27;[39m
&amp#27;[38;5;0m[HTTP]&amp#27;[0m &amp#27;[37m-->&amp#27;[39m &amp#27;[37mPOST&amp#27;[39m &amp#27;[37m/session/47571b8e-6191-4ef5-a875-b0f0dcd05976/back&amp#27;[39m
&amp#27;[38;5;0m[HTTP]&amp#27;[0m &amp#27;[90m{}&amp#27;[39m
&amp#27;[38;5;32m[AndroidUiautomator2Driver@dabd (47571b8e)]&amp#27;[0m Driver proxy active, passing request on via HTTP proxy
&amp#27;[38;5;32m[AndroidUiautomator2Driver@dabd (47571b8e)]&amp#27;[0m Matched '/session/47571b8e-6191-4ef5-a875-b0f0dcd05976/back' to command name 'back'
&amp#27;[38;5;32m[AndroidUiautomator2Driver@dabd (47571b8e)]&amp#27;[0m Proxying [POST /session/47571b8e-6191-4ef5-a875-b0f0dcd05976/back] to [POST http://127.0.0.1:8201/session/e99dcc09-a0f0-48bb-8a0b-d829d4323b82/back] with body: {}
&amp#27;[38;5;32m[AndroidUiautomator2Driver@dabd (47571b8e)]&amp#27;[0m Got response with status 200: {"sessionId":"e99dcc09-a0f0-48bb-8a0b-d829d4323b82","value":null}
&amp#27;[38;5;32m[AndroidUiautomator2Driver@dabd (47571b8e)]&amp#27;[0m Replacing sessionId e99dcc09-a0f0-48bb-8a0b-d829d4323b82 with 47571b8e-6191-4ef5-a875-b0f0dcd05976
&amp#27;[38;5;0m[HTTP]&amp#27;[0m &amp#27;[37m<-- POST /session/47571b8e-6191-4ef5-a875-b0f0dcd05976/back &amp#27;[39m&amp#27;[32m200&amp#27;[39m &amp#27;[90m237 ms - 65&amp#27;[39m
&amp#27;[38;5;0m[HTTP]&amp#27;[0m &amp#27;[90m&amp#27;[39m
&amp#27;[38;5;0m[HTTP]&amp#27;[0m &amp#27;[37m-->&amp#27;[39m &amp#27;[37mGET&amp#27;[39m &amp#27;[37m/session/47571b8e-6191-4ef5-a875-b0f0dcd05976/context&amp#27;[39m
&amp#27;[38;5;0m[HTTP]&amp#27;[0m &amp#27;[90m{}&amp#27;[39m
&amp#27;[38;5;32m[AndroidUiautomator2Driver@dabd (47571b8e)]&amp#27;[0m Calling AppiumDriver.getCurrentContext() with args: ["47571b8e-6191-4ef5-a875-b0f0dcd05976"]
&amp#27;[38;5;32m[AndroidUiautomator2Driver@dabd (47571b8e)]&amp#27;[0m Responding to client with driver.getCurrentContext() result: "NATIVE_APP"
&amp#27;[38;5;0m[HTTP]&amp#27;[0m &amp#27;[37m<-- GET /session/47571b8e-6191-4ef5-a875-b0f0dcd05976/context &amp#27;[39m&amp#27;[32m200&amp#27;[39m &amp#27;[90m1 ms - 22&amp#27;[39m
&amp#27;[38;5;0m[HTTP]&amp#27;[0m &amp#27;[90m&amp#27;[39m
&amp#27;[38;5;0m[HTTP]&amp#27;[0m &amp#27;[37m-->&amp#27;[39m &amp#27;[37mPOST&amp#27;[39m &amp#27;[37m/session/47571b8e-6191-4ef5-a875-b0f0dcd05976/elements&amp#27;[39m
&amp#27;[38;5;0m[HTTP]&amp#27;[0m &amp#27;[90m{"using":"xpath","value":"//android.view.ViewGroup[@content-desc='store item']"}&amp#27;[39m
&amp#27;[38;5;32m[AndroidUiautomator2Driver@dabd (47571b8e)]&amp#27;[0m Calling AppiumDriver.findElements() with args: ["xpath","//android.view.ViewGroup[@content-desc='store item']","47571b8e-6191-4ef5-a875-b0f0dcd05976"]
&amp#27;[38;5;32m[AndroidUiautomator2Driver@dabd (47571b8e)]&amp#27;[0m Valid locator strategies for this request: xpath, id, class name, accessibility id, css selector, -android uiautomator
&amp#27;[38;5;32m[AndroidUiautomator2Driver@dabd (47571b8e)]&amp#27;[0m Waiting up to 10000 ms for condition
&amp#27;[38;5;32m[AndroidUiautomator2Driver@dabd (47571b8e)]&amp#27;[0m Matched '/elements' to command name 'findElements'
&amp#27;[38;5;32m[AndroidUiautomator2Driver@dabd (47571b8e)]&amp#27;[0m Proxying [POST /elements] to [POST http://127.0.0.1:8201/session/e99dcc09-a0f0-48bb-8a0b-d829d4323b82/elements] with body: {"strategy":"xpath","selector":"//android.view.ViewGroup[@content-desc='store item']","context":"","multiple":true}
&amp#27;[38;5;32m[AndroidUiautomator2Driver@dabd (47571b8e)]&amp#27;[0m Got response with status 200: {"sessionId":"e99dcc09-a0f0-48bb-8a0b-d829d4323b82","value":[{"ELEMENT":"00000000-0000-0594-ffff-ffff00000032","element-6066-11e4-a52e-4f735466cecf":"00000000-0000-0594-ffff-ffff00000032"},{"ELEMENT":"00000000-0000-0594-ffff-ffff00000041","element-6066-11e4-a52e-4f735466cecf":"00000000-0000-0594-ffff-ffff00000041"},{"ELEMENT":"00000000-0000-0594-ffff-ffff00000051","element-6066-11e4-a52e-4f735466cecf":"00000000-0000-0594-ffff-ffff00000051"},{"ELEMENT":"00000000-0000-0594-ffff-ffff00000060","element-6066-11e4-a52e-4f735466cecf":"00000000-0000-0594-ffff-ffff00000060"},{"ELEMENT":"00000000-0000-0594-ffff-ffff00000070","element-6066-11e4-a52e-4f735466cecf":"00000000-0000-0594-ffff-ffff00000070"},{"ELEMENT":"00000000-0000-0594-ffff-ffff0000007f","element-6066-11e4-a52e-4f735466cecf":"00000000-0000-0594-ffff-ffff0000007f"}]}
&amp#27;[38;5;32m[AndroidUiautomator2Driver@dabd (47571b8e)]&amp#27;[0m Responding to client with driver.findElements() result: [{"element-6066-11e4-a52e-4f735466cecf":"00000000-0000-0594-ffff-ffff00000032","ELEMENT":"00000000-0000-0594-ffff-ffff00000032"},{"element-6066-11e4-a52e-4f735466cecf":"00000000-0000-0594-ffff-ffff00000041","ELEMENT":"00000000-0000-0594-ffff-ffff00000041"},{"element-6066-11e4-a52e-4f735466cecf":"00000000-0000-0594-ffff-ffff00000051","ELEMENT":"00000000-0000-0594-ffff-ffff00000051"},{"element-6066-11e4-a52e-4f735466cecf":"00000000-0000-0594-ffff-ffff00000060","ELEMENT":"00000000-0000-0594-ffff-ffff00000060"},{"element-6066-11e4-a52e-4f735466cecf":"00000000-0000-0594-ffff-ffff00000070","ELEMENT":"00000000-0000-0594-ffff-ffff00000070"},{"element-6066-11e4-a52e-4f735466cecf":"00000000-0000-0594-ffff-ffff0000007f","ELEMENT":"00000000-0000-0594-ffff-ffff0000007f"}]
&amp#27;[38;5;0m[HTTP]&amp#27;[0m &amp#27;[37m<-- POST /session/47571b8e-6191-4ef5-a875-b0f0dcd05976/elements &amp#27;[39m&amp#27;[32m200&amp#27;[39m &amp#27;[90m2260 ms - 779&amp#27;[39m
&amp#27;[38;5;0m[HTTP]&amp#27;[0m &amp#27;[90m&amp#27;[39m
&amp#27;[38;5;0m[HTTP]&amp#27;[0m &amp#27;[37m-->&amp#27;[39m &amp#27;[37mPOST&amp#27;[39m &amp#27;[37m/session/47571b8e-6191-4ef5-a875-b0f0dcd05976/element/00000000-0000-0594-ffff-ffff00000041/element&amp#27;[39m
&amp#27;[38;5;0m[HTTP]&amp#27;[0m &amp#27;[90m{"id":"00000000-0000-0594-ffff-ffff00000041","using":"class name","value":"android.widget.ImageView"}&amp#27;[39m
&amp#27;[38;5;32m[AndroidUiautomator2Driver@dabd (47571b8e)]&amp#27;[0m Calling AppiumDriver.findElementFromElement() with args: ["class name","android.widget.ImageView","00000000-0000-0594-ffff-ffff00000041","47571b8e-6191-4ef5-a875-b0f0dcd05976"]
&amp#27;[38;5;32m[AndroidUiautomator2Driver@dabd (47571b8e)]&amp#27;[0m Valid locator strategies for this request: xpath, id, class name, accessibility id, css selector, -android uiautomator
&amp#27;[38;5;32m[AndroidUiautomator2Driver@dabd (47571b8e)]&amp#27;[0m Waiting up to 10000 ms for condition
&amp#27;[38;5;32m[AndroidUiautomator2Driver@dabd (47571b8e)]&amp#27;[0m Matched '/element' to command name 'findElement'
&amp#27;[38;5;32m[AndroidUiautomator2Driver@dabd (47571b8e)]&amp#27;[0m Proxying [POST /element] to [POST http://127.0.0.1:8201/session/e99dcc09-a0f0-48bb-8a0b-d829d4323b82/element] with body: {"strategy":"class name","selector":"android.widget.ImageView","context":"00000000-0000-0594-ffff-ffff00000041","multiple":false}
&amp#27;[38;5;32m[AndroidUiautomator2Driver@dabd (47571b8e)]&amp#27;[0m Got response with status 200: {"sessionId":"e99dcc09-a0f0-48bb-8a0b-d829d4323b82","value":{"ELEMENT":"00000000-0000-0594-ffff-ffff00000043","element-6066-11e4-a52e-4f735466cecf":"00000000-0000-0594-ffff-ffff00000043"}}
&amp#27;[38;5;32m[AndroidUiautomator2Driver@dabd (47571b8e)]&amp#27;[0m Responding to client with driver.findElementFromElement() result: {"element-6066-11e4-a52e-4f735466cecf":"00000000-0000-0594-ffff-ffff00000043","ELEMENT":"00000000-0000-0594-ffff-ffff00000043"}
&amp#27;[38;5;0m[HTTP]&amp#27;[0m &amp#27;[37m<-- POST /session/47571b8e-6191-4ef5-a875-b0f0dcd05976/element/00000000-0000-0594-ffff-ffff00000041/element &amp#27;[39m&amp#27;[32m200&amp#27;[39m &amp#27;[90m40 ms - 137&amp#27;[39m
&amp#27;[38;5;0m[HTTP]&amp#27;[0m &amp#27;[90m&amp#27;[39m
&amp#27;[38;5;0m[HTTP]&amp#27;[0m &amp#27;[37m-->&amp#27;[39m &amp#27;[37mPOST&amp#27;[39m &amp#27;[37m/session/47571b8e-6191-4ef5-a875-b0f0dcd05976/element/00000000-0000-0594-ffff-ffff00000043/click&amp#27;[39m
&amp#27;[38;5;0m[HTTP]&amp#27;[0m &amp#27;[90m{"id":"00000000-0000-0594-ffff-ffff00000043"}&amp#27;[39m
&amp#27;[38;5;32m[AndroidUiautomator2Driver@dabd (47571b8e)]&amp#27;[0m Calling AppiumDriver.click() with args: ["00000000-0000-0594-ffff-ffff00000043","47571b8e-6191-4ef5-a875-b0f0dcd05976"]
&amp#27;[38;5;32m[AndroidUiautomator2Driver@dabd (47571b8e)]&amp#27;[0m Matched '/element/00000000-0000-0594-ffff-ffff00000043/click' to command name 'click'
&amp#27;[38;5;32m[AndroidUiautomator2Driver@dabd (47571b8e)]&amp#27;[0m Proxying [POST /element/00000000-0000-0594-ffff-ffff00000043/click] to [POST http://127.0.0.1:8201/session/e99dcc09-a0f0-48bb-8a0b-d829d4323b82/element/00000000-0000-0594-ffff-ffff00000043/click] with body: {"element":"00000000-0000-0594-ffff-ffff00000043"}
&amp#27;[38;5;32m[AndroidUiautomator2Driver@dabd (47571b8e)]&amp#27;[0m Got response with status 200: {"sessionId":"e99dcc09-a0f0-48bb-8a0b-d829d4323b82","value":null}
&amp#27;[38;5;32m[AndroidUiautomator2Driver@dabd (47571b8e)]&amp#27;[0m Responding to client with driver.click() result: null
&amp#27;[38;5;0m[HTTP]&amp#27;[0m &amp#27;[37m<-- POST /session/47571b8e-6191-4ef5-a875-b0f0dcd05976/element/00000000-0000-0594-ffff-ffff00000043/click &amp#27;[39m&amp#27;[32m200&amp#27;[39m &amp#27;[90m56 ms - 14&amp#27;[39m
&amp#27;[38;5;0m[HTTP]&amp#27;[0m &amp#27;[90m&amp#27;[39m
&amp#27;[38;5;0m[HTTP]&amp#27;[0m &amp#27;[37m-->&amp#27;[39m &amp#27;[37mGET&amp#27;[39m &amp#27;[37m/session/47571b8e-6191-4ef5-a875-b0f0dcd05976/context&amp#27;[39m
&amp#27;[38;5;0m[HTTP]&amp#27;[0m &amp#27;[90m{}&amp#27;[39m
&amp#27;[38;5;32m[AndroidUiautomator2Driver@dabd (47571b8e)]&amp#27;[0m Calling AppiumDriver.getCurrentContext() with args: ["47571b8e-6191-4ef5-a875-b0f0dcd05976"]
&amp#27;[38;5;32m[AndroidUiautomator2Driver@dabd (47571b8e)]&amp#27;[0m Responding to client with driver.getCurrentContext() result: "NATIVE_APP"
&amp#27;[38;5;0m[HTTP]&amp#27;[0m &amp#27;[37m<-- GET /session/47571b8e-6191-4ef5-a875-b0f0dcd05976/context &amp#27;[39m&amp#27;[32m200&amp#27;[39m &amp#27;[90m1 ms - 22&amp#27;[39m
&amp#27;[38;5;0m[HTTP]&amp#27;[0m &amp#27;[90m&amp#27;[39m
&amp#27;[38;5;0m[HTTP]&amp#27;[0m &amp#27;[37m-->&amp#27;[39m &amp#27;[37mPOST&amp#27;[39m &amp#27;[37m/session/47571b8e-6191-4ef5-a875-b0f0dcd05976/element&amp#27;[39m
&amp#27;[38;5;0m[HTTP]&amp#27;[0m &amp#27;[90m{"using":"accessibility id","value":"Add To Cart button"}&amp#27;[39m
&amp#27;[38;5;32m[AndroidUiautomator2Driver@dabd (47571b8e)]&amp#27;[0m Calling AppiumDriver.findElement() with args: ["accessibility id","Add To Cart button","47571b8e-6191-4ef5-a875-b0f0dcd05976"]
&amp#27;[38;5;32m[AndroidUiautomator2Driver@dabd (47571b8e)]&amp#27;[0m Valid locator strategies for this request: xpath, id, class name, accessibility id, css selector, -android uiautomator
&amp#27;[38;5;32m[AndroidUiautomator2Driver@dabd (47571b8e)]&amp#27;[0m Waiting up to 10000 ms for condition
&amp#27;[38;5;32m[AndroidUiautomator2Driver@dabd (47571b8e)]&amp#27;[0m Matched '/element' to command name 'findElement'
&amp#27;[38;5;32m[AndroidUiautomator2Driver@dabd (47571b8e)]&amp#27;[0m Proxying [POST /element] to [POST http://127.0.0.1:8201/session/e99dcc09-a0f0-48bb-8a0b-d829d4323b82/element] with body: {"strategy":"accessibility id","selector":"Add To Cart button","context":"","multiple":false}
&amp#27;[38;5;32m[AndroidUiautomator2Driver@dabd (47571b8e)]&amp#27;[0m Got response with status 200: {"sessionId":"e99dcc09-a0f0-48bb-8a0b-d829d4323b82","value":{"ELEMENT":"00000000-0000-0594-ffff-ffff00000153","element-6066-11e4-a52e-4f735466cecf":"00000000-0000-0594-ffff-ffff00000153"}}
&amp#27;[38;5;32m[AndroidUiautomator2Driver@dabd (47571b8e)]&amp#27;[0m Responding to client with driver.findElement() result: {"element-6066-11e4-a52e-4f735466cecf":"00000000-0000-0594-ffff-ffff00000153","ELEMENT":"00000000-0000-0594-ffff-ffff00000153"}
&amp#27;[38;5;0m[HTTP]&amp#27;[0m &amp#27;[37m<-- POST /session/47571b8e-6191-4ef5-a875-b0f0dcd05976/element &amp#27;[39m&amp#27;[32m200&amp#27;[39m &amp#27;[90m1062 ms - 137&amp#27;[39m
&amp#27;[38;5;0m[HTTP]&amp#27;[0m &amp#27;[90m&amp#27;[39m
&amp#27;[38;5;0m[HTTP]&amp#27;[0m &amp#27;[37m-->&amp#27;[39m &amp#27;[37mPOST&amp#27;[39m &amp#27;[37m/session/47571b8e-6191-4ef5-a875-b0f0dcd05976/element/00000000-0000-0594-ffff-ffff00000153/click&amp#27;[39m
&amp#27;[38;5;0m[HTTP]&amp#27;[0m &amp#27;[90m{"id":"00000000-0000-0594-ffff-ffff00000153"}&amp#27;[39m
&amp#27;[38;5;32m[AndroidUiautomator2Driver@dabd (47571b8e)]&amp#27;[0m Calling AppiumDriver.click() with args: ["00000000-0000-0594-ffff-ffff00000153","47571b8e-6191-4ef5-a875-b0f0dcd05976"]
&amp#27;[38;5;32m[AndroidUiautomator2Driver@dabd (47571b8e)]&amp#27;[0m Matched '/element/00000000-0000-0594-ffff-ffff00000153/click' to command name 'click'
&amp#27;[38;5;32m[AndroidUiautomator2Driver@dabd (47571b8e)]&amp#27;[0m Proxying [POST /element/00000000-0000-0594-ffff-ffff00000153/click] to [POST http://127.0.0.1:8201/session/e99dcc09-a0f0-48bb-8a0b-d829d4323b82/element/00000000-0000-0594-ffff-ffff00000153/click] with body: {"element":"00000000-0000-0594-ffff-ffff00000153"}
&amp#27;[38;5;32m[AndroidUiautomator2Driver@dabd (47571b8e)]&amp#27;[0m Got response with status 200: {"sessionId":"e99dcc09-a0f0-48bb-8a0b-d829d4323b82","value":null}
&amp#27;[38;5;32m[AndroidUiautomator2Driver@dabd (47571b8e)]&amp#27;[0m Responding to client with driver.click() result: null
&amp#27;[38;5;0m[HTTP]&amp#27;[0m &amp#27;[37m<-- POST /session/47571b8e-6191-4ef5-a875-b0f0dcd05976/element/00000000-0000-0594-ffff-ffff00000153/click &amp#27;[39m&amp#27;[32m200&amp#27;[39m &amp#27;[90m98 ms - 14&amp#27;[39m
&amp#27;[38;5;0m[HTTP]&amp#27;[0m &amp#27;[90m&amp#27;[39m
&amp#27;[38;5;0m[HTTP]&amp#27;[0m &amp#27;[37m-->&amp#27;[39m &amp#27;[37mGET&amp#27;[39m &amp#27;[37m/session/47571b8e-6191-4ef5-a875-b0f0dcd05976/context&amp#27;[39m
&amp#27;[38;5;0m[HTTP]&amp#27;[0m &amp#27;[90m{}&amp#27;[39m
&amp#27;[38;5;32m[AndroidUiautomator2Driver@dabd (47571b8e)]&amp#27;[0m Calling AppiumDriver.getCurrentContext() with args: ["47571b8e-6191-4ef5-a875-b0f0dcd05976"]
&amp#27;[38;5;32m[AndroidUiautomator2Driver@dabd (47571b8e)]&amp#27;[0m Responding to client with driver.getCurrentContext() result: "NATIVE_APP"
&amp#27;[38;5;0m[HTTP]&amp#27;[0m &amp#27;[37m<-- GET /session/47571b8e-6191-4ef5-a875-b0f0dcd05976/context &amp#27;[39m&amp#27;[32m200&amp#27;[39m &amp#27;[90m1 ms - 22&amp#27;[39m
&amp#27;[38;5;0m[HTTP]&amp#27;[0m &amp#27;[90m&amp#27;[39m
&amp#27;[38;5;0m[HTTP]&amp#27;[0m &amp#27;[37m-->&amp#27;[39m &amp#27;[37mPOST&amp#27;[39m &amp#27;[37m/session/47571b8e-6191-4ef5-a875-b0f0dcd05976/element&amp#27;[39m
&amp#27;[38;5;0m[HTTP]&amp#27;[0m &amp#27;[90m{"using":"xpath","value":"//android.view.ViewGroup[@content-desc='cart badge']/android.widget.TextView"}&amp#27;[39m
&amp#27;[38;5;32m[AndroidUiautomator2Driver@dabd (47571b8e)]&amp#27;[0m Calling AppiumDriver.findElement() with args: ["xpath","//android.view.ViewGroup[@content-desc='cart badge']/android.widget.TextView","47571b8e-6191-4ef5-a875-b0f0dcd05976"]
&amp#27;[38;5;32m[AndroidUiautomator2Driver@dabd (47571b8e)]&amp#27;[0m Valid locator strategies for this request: xpath, id, class name, accessibility id, css selector, -android uiautomator
&amp#27;[38;5;32m[AndroidUiautomator2Driver@dabd (47571b8e)]&amp#27;[0m Waiting up to 10000 ms for condition
&amp#27;[38;5;32m[AndroidUiautomator2Driver@dabd (47571b8e)]&amp#27;[0m Matched '/element' to command name 'findElement'
&amp#27;[38;5;32m[AndroidUiautomator2Driver@dabd (47571b8e)]&amp#27;[0m Proxying [POST /element] to [POST http://127.0.0.1:8201/session/e99dcc09-a0f0-48bb-8a0b-d829d4323b82/element] with body: {"strategy":"xpath","selector":"//android.view.ViewGroup[@content-desc='cart badge']/android.widget.TextView","context":"","multiple":false}
&amp#27;[38;5;32m[AndroidUiautomator2Driver@dabd (47571b8e)]&amp#27;[0m Got response with status 200: {"sessionId":"e99dcc09-a0f0-48bb-8a0b-d829d4323b82","value":{"ELEMENT":"00000000-0000-0594-ffff-ffff0000015f","element-6066-11e4-a52e-4f735466cecf":"00000000-0000-0594-ffff-ffff0000015f"}}
&amp#27;[38;5;32m[AndroidUiautomator2Driver@dabd (47571b8e)]&amp#27;[0m Responding to client with driver.findElement() result: {"element-6066-11e4-a52e-4f735466cecf":"00000000-0000-0594-ffff-ffff0000015f","ELEMENT":"00000000-0000-0594-ffff-ffff0000015f"}
&amp#27;[38;5;0m[HTTP]&amp#27;[0m &amp#27;[37m<-- POST /session/47571b8e-6191-4ef5-a875-b0f0dcd05976/element &amp#27;[39m&amp#27;[32m200&amp#27;[39m &amp#27;[90m788 ms - 137&amp#27;[39m
&amp#27;[38;5;0m[HTTP]&amp#27;[0m &amp#27;[90m&amp#27;[39m
&amp#27;[38;5;0m[HTTP]&amp#27;[0m &amp#27;[37m-->&amp#27;[39m &amp#27;[37mGET&amp#27;[39m &amp#27;[37m/session/47571b8e-6191-4ef5-a875-b0f0dcd05976/element/00000000-0000-0594-ffff-ffff0000015f/displayed&amp#27;[39m
&amp#27;[38;5;0m[HTTP]&amp#27;[0m &amp#27;[90m{}&amp#27;[39m
&amp#27;[38;5;32m[AndroidUiautomator2Driver@dabd (47571b8e)]&amp#27;[0m Calling AppiumDriver.elementDisplayed() with args: ["00000000-0000-0594-ffff-ffff0000015f","47571b8e-6191-4ef5-a875-b0f0dcd05976"]
&amp#27;[38;5;32m[AndroidUiautomator2Driver@dabd (47571b8e)]&amp#27;[0m Matched '/element/00000000-0000-0594-ffff-ffff0000015f/attribute/displayed' to command name 'getAttribute'
&amp#27;[38;5;32m[AndroidUiautomator2Driver@dabd (47571b8e)]&amp#27;[0m Proxying [GET /element/00000000-0000-0594-ffff-ffff0000015f/attribute/displayed] to [GET http://127.0.0.1:8201/session/e99dcc09-a0f0-48bb-8a0b-d829d4323b82/element/00000000-0000-0594-ffff-ffff0000015f/attribute/displayed] with no body
&amp#27;[38;5;32m[AndroidUiautomator2Driver@dabd (47571b8e)]&amp#27;[0m Got response with status 200: {"sessionId":"e99dcc09-a0f0-48bb-8a0b-d829d4323b82","value":"true"}
&amp#27;[38;5;32m[AndroidUiautomator2Driver@dabd (47571b8e)]&amp#27;[0m Responding to client with driver.elementDisplayed() result: true
&amp#27;[38;5;0m[HTTP]&amp#27;[0m &amp#27;[37m<-- GET /session/47571b8e-6191-4ef5-a875-b0f0dcd05976/element/00000000-0000-0594-ffff-ffff0000015f/displayed &amp#27;[39m&amp#27;[32m200&amp#27;[39m &amp#27;[90m29 ms - 14&amp#27;[39m
&amp#27;[38;5;0m[HTTP]&amp#27;[0m &amp#27;[90m&amp#27;[39m
&amp#27;[38;5;0m[HTTP]&amp#27;[0m &amp#27;[37m-->&amp#27;[39m &amp#27;[37mGET&amp#27;[39m &amp#27;[37m/session/47571b8e-6191-4ef5-a875-b0f0dcd05976/context&amp#27;[39m
&amp#27;[38;5;0m[HTTP]&amp#27;[0m &amp#27;[90m{}&amp#27;[39m
&amp#27;[38;5;32m[AndroidUiautomator2Driver@dabd (47571b8e)]&amp#27;[0m Calling AppiumDriver.getCurrentContext() with args: ["47571b8e-6191-4ef5-a875-b0f0dcd05976"]
&amp#27;[38;5;32m[AndroidUiautomator2Driver@dabd (47571b8e)]&amp#27;[0m Responding to client with driver.getCurrentContext() result: "NATIVE_APP"
&amp#27;[38;5;0m[HTTP]&amp#27;[0m &amp#27;[37m<-- GET /session/47571b8e-6191-4ef5-a875-b0f0dcd05976/context &amp#27;[39m&amp#27;[32m200&amp#27;[39m &amp#27;[90m1 ms - 22&amp#27;[39m
&amp#27;[38;5;0m[HTTP]&amp#27;[0m &amp#27;[90m&amp#27;[39m
&amp#27;[38;5;0m[HTTP]&amp#27;[0m &amp#27;[37m-->&amp#27;[39m &amp#27;[37mPOST&amp#27;[39m &amp#27;[37m/session/47571b8e-6191-4ef5-a875-b0f0dcd05976/element&amp#27;[39m
&amp#27;[38;5;0m[HTTP]&amp#27;[0m &amp#27;[90m{"using":"xpath","value":"//android.view.ViewGroup[@content-desc='cart badge']/android.widget.TextView"}&amp#27;[39m
&amp#27;[38;5;32m[AndroidUiautomator2Driver@dabd (47571b8e)]&amp#27;[0m Calling AppiumDriver.findElement() with args: ["xpath","//android.view.ViewGroup[@content-desc='cart badge']/android.widget.TextView","47571b8e-6191-4ef5-a875-b0f0dcd05976"]
&amp#27;[38;5;32m[AndroidUiautomator2Driver@dabd (47571b8e)]&amp#27;[0m Valid locator strategies for this request: xpath, id, class name, accessibility id, css selector, -android uiautomator
&amp#27;[38;5;32m[AndroidUiautomator2Driver@dabd (47571b8e)]&amp#27;[0m Waiting up to 10000 ms for condition
&amp#27;[38;5;32m[AndroidUiautomator2Driver@dabd (47571b8e)]&amp#27;[0m Matched '/element' to command name 'findElement'
&amp#27;[38;5;32m[AndroidUiautomator2Driver@dabd (47571b8e)]&amp#27;[0m Proxying [POST /element] to [POST http://127.0.0.1:8201/session/e99dcc09-a0f0-48bb-8a0b-d829d4323b82/element] with body: {"strategy":"xpath","selector":"//android.view.ViewGroup[@content-desc='cart badge']/android.widget.TextView","context":"","multiple":false}
&amp#27;[38;5;32m[AndroidUiautomator2Driver@dabd (47571b8e)]&amp#27;[0m Got response with status 200: {"sessionId":"e99dcc09-a0f0-48bb-8a0b-d829d4323b82","value":{"ELEMENT":"00000000-0000-0594-ffff-ffff0000015f","element-6066-11e4-a52e-4f735466cecf":"00000000-0000-0594-ffff-ffff0000015f"}}
&amp#27;[38;5;32m[AndroidUiautomator2Driver@dabd (47571b8e)]&amp#27;[0m Responding to client with driver.findElement() result: {"element-6066-11e4-a52e-4f735466cecf":"00000000-0000-0594-ffff-ffff0000015f","ELEMENT":"00000000-0000-0594-ffff-ffff0000015f"}
&amp#27;[38;5;0m[HTTP]&amp#27;[0m &amp#27;[37m<-- POST /session/47571b8e-6191-4ef5-a875-b0f0dcd05976/element &amp#27;[39m&amp#27;[32m200&amp#27;[39m &amp#27;[90m417 ms - 137&amp#27;[39m
&amp#27;[38;5;0m[HTTP]&amp#27;[0m &amp#27;[90m&amp#27;[39m
&amp#27;[38;5;0m[HTTP]&amp#27;[0m &amp#27;[37m-->&amp#27;[39m &amp#27;[37mGET&amp#27;[39m &amp#27;[37m/session/47571b8e-6191-4ef5-a875-b0f0dcd05976/element/00000000-0000-0594-ffff-ffff0000015f/text&amp#27;[39m
&amp#27;[38;5;0m[HTTP]&amp#27;[0m &amp#27;[90m{}&amp#27;[39m
&amp#27;[38;5;32m[AndroidUiautomator2Driver@dabd (47571b8e)]&amp#27;[0m Driver proxy active, passing request on via HTTP proxy
&amp#27;[38;5;32m[AndroidUiautomator2Driver@dabd (47571b8e)]&amp#27;[0m Matched '/session/47571b8e-6191-4ef5-a875-b0f0dcd05976/element/00000000-0000-0594-ffff-ffff0000015f/text' to command name 'getText'
&amp#27;[38;5;32m[AndroidUiautomator2Driver@dabd (47571b8e)]&amp#27;[0m Proxying [GET /session/47571b8e-6191-4ef5-a875-b0f0dcd05976/element/00000000-0000-0594-ffff-ffff0000015f/text] to [GET http://127.0.0.1:8201/session/e99dcc09-a0f0-48bb-8a0b-d829d4323b82/element/00000000-0000-0594-ffff-ffff0000015f/text] with no body
&amp#27;[38;5;32m[AndroidUiautomator2Driver@dabd (47571b8e)]&amp#27;[0m Got response with status 200: {"sessionId":"e99dcc09-a0f0-48bb-8a0b-d829d4323b82","value":"2"}
&amp#27;[38;5;32m[AndroidUiautomator2Driver@dabd (47571b8e)]&amp#27;[0m Replacing sessionId e99dcc09-a0f0-48bb-8a0b-d829d4323b82 with 47571b8e-6191-4ef5-a875-b0f0dcd05976
&amp#27;[38;5;0m[HTTP]&amp#27;[0m &amp#27;[37m<-- GET /session/47571b8e-6191-4ef5-a875-b0f0dcd05976/element/00000000-0000-0594-ffff-ffff0000015f/text &amp#27;[39m&amp#27;[32m200&amp#27;[39m &amp#27;[90m26 ms - 64&amp#27;[39m
&amp#27;[38;5;0m[HTTP]&amp#27;[0m &amp#27;[90m&amp#27;[39m
&amp#27;[38;5;0m[HTTP]&amp#27;[0m &amp#27;[37m-->&amp#27;[39m &amp#27;[37mGET&amp#27;[39m &amp#27;[37m/session/47571b8e-6191-4ef5-a875-b0f0dcd05976/context&amp#27;[39m
&amp#27;[38;5;0m[HTTP]&amp#27;[0m &amp#27;[90m{}&amp#27;[39m
&amp#27;[38;5;32m[AndroidUiautomator2Driver@dabd (47571b8e)]&amp#27;[0m Calling AppiumDriver.getCurrentContext() with args: ["47571b8e-6191-4ef5-a875-b0f0dcd05976"]
&amp#27;[38;5;32m[AndroidUiautomator2Driver@dabd (47571b8e)]&amp#27;[0m Responding to client with driver.getCurrentContext() result: "NATIVE_APP"
&amp#27;[38;5;0m[HTTP]&amp#27;[0m &amp#27;[37m<-- GET /session/47571b8e-6191-4ef5-a875-b0f0dcd05976/context &amp#27;[39m&amp#27;[32m200&amp#27;[39m &amp#27;[90m1 ms - 22&amp#27;[39m
&amp#27;[38;5;0m[HTTP]&amp#27;[0m &amp#27;[90m&amp#27;[39m
&amp#27;[38;5;0m[HTTP]&amp#27;[0m &amp#27;[37m-->&amp#27;[39m &amp#27;[37mPOST&amp#27;[39m &amp#27;[37m/session/47571b8e-6191-4ef5-a875-b0f0dcd05976/element&amp#27;[39m
&amp#27;[38;5;0m[HTTP]&amp#27;[0m &amp#27;[90m{"using":"accessibility id","value":"cart badge"}&amp#27;[39m
&amp#27;[38;5;32m[AndroidUiautomator2Driver@dabd (47571b8e)]&amp#27;[0m Calling AppiumDriver.findElement() with args: ["accessibility id","cart badge","47571b8e-6191-4ef5-a875-b0f0dcd05976"]
&amp#27;[38;5;32m[AndroidUiautomator2Driver@dabd (47571b8e)]&amp#27;[0m Valid locator strategies for this request: xpath, id, class name, accessibility id, css selector, -android uiautomator
&amp#27;[38;5;32m[AndroidUiautomator2Driver@dabd (47571b8e)]&amp#27;[0m Waiting up to 10000 ms for condition
&amp#27;[38;5;32m[AndroidUiautomator2Driver@dabd (47571b8e)]&amp#27;[0m Matched '/element' to command name 'findElement'
&amp#27;[38;5;32m[AndroidUiautomator2Driver@dabd (47571b8e)]&amp#27;[0m Proxying [POST /element] to [POST http://127.0.0.1:8201/session/e99dcc09-a0f0-48bb-8a0b-d829d4323b82/element] with body: {"strategy":"accessibility id","selector":"cart badge","context":"","multiple":false}
&amp#27;[38;5;32m[AndroidUiautomator2Driver@dabd (47571b8e)]&amp#27;[0m Got response with status 200: {"sessionId":"e99dcc09-a0f0-48bb-8a0b-d829d4323b82","value":{"ELEMENT":"00000000-0000-0594-ffff-ffff0000015e","element-6066-11e4-a52e-4f735466cecf":"00000000-0000-0594-ffff-ffff0000015e"}}
&amp#27;[38;5;32m[AndroidUiautomator2Driver@dabd (47571b8e)]&amp#27;[0m Responding to client with driver.findElement() result: {"element-6066-11e4-a52e-4f735466cecf":"00000000-0000-0594-ffff-ffff0000015e","ELEMENT":"00000000-0000-0594-ffff-ffff0000015e"}
&amp#27;[38;5;0m[HTTP]&amp#27;[0m &amp#27;[37m<-- POST /session/47571b8e-6191-4ef5-a875-b0f0dcd05976/element &amp#27;[39m&amp#27;[32m200&amp#27;[39m &amp#27;[90m134 ms - 137&amp#27;[39m
&amp#27;[38;5;0m[HTTP]&amp#27;[0m &amp#27;[90m&amp#27;[39m
&amp#27;[38;5;0m[HTTP]&amp#27;[0m &amp#27;[37m-->&amp#27;[39m &amp#27;[37mPOST&amp#27;[39m &amp#27;[37m/session/47571b8e-6191-4ef5-a875-b0f0dcd05976/element/00000000-0000-0594-ffff-ffff0000015e/click&amp#27;[39m
&amp#27;[38;5;0m[HTTP]&amp#27;[0m &amp#27;[90m{"id":"00000000-0000-0594-ffff-ffff0000015e"}&amp#27;[39m
&amp#27;[38;5;32m[AndroidUiautomator2Driver@dabd (47571b8e)]&amp#27;[0m Calling AppiumDriver.click() with args: ["00000000-0000-0594-ffff-ffff0000015e","47571b8e-6191-4ef5-a875-b0f0dcd05976"]
&amp#27;[38;5;32m[AndroidUiautomator2Driver@dabd (47571b8e)]&amp#27;[0m Matched '/element/00000000-0000-0594-ffff-ffff0000015e/click' to command name 'click'
&amp#27;[38;5;32m[AndroidUiautomator2Driver@dabd (47571b8e)]&amp#27;[0m Proxying [POST /element/00000000-0000-0594-ffff-ffff0000015e/click] to [POST http://127.0.0.1:8201/session/e99dcc09-a0f0-48bb-8a0b-d829d4323b82/element/00000000-0000-0594-ffff-ffff0000015e/click] with body: {"element":"00000000-0000-0594-ffff-ffff0000015e"}
&amp#27;[38;5;32m[AndroidUiautomator2Driver@dabd (47571b8e)]&amp#27;[0m Got response with status 200: {"sessionId":"e99dcc09-a0f0-48bb-8a0b-d829d4323b82","value":null}
&amp#27;[38;5;32m[AndroidUiautomator2Driver@dabd (47571b8e)]&amp#27;[0m Responding to client with driver.click() result: null
&amp#27;[38;5;0m[HTTP]&amp#27;[0m &amp#27;[37m<-- POST /session/47571b8e-6191-4ef5-a875-b0f0dcd05976/element/00000000-0000-0594-ffff-ffff0000015e/click &amp#27;[39m&amp#27;[32m200&amp#27;[39m &amp#27;[90m57 ms - 14&amp#27;[39m
&amp#27;[38;5;0m[HTTP]&amp#27;[0m &amp#27;[90m&amp#27;[39m
&amp#27;[38;5;0m[HTTP]&amp#27;[0m &amp#27;[37m-->&amp#27;[39m &amp#27;[37mGET&amp#27;[39m &amp#27;[37m/session/47571b8e-6191-4ef5-a875-b0f0dcd05976/context&amp#27;[39m
&amp#27;[38;5;0m[HTTP]&amp#27;[0m &amp#27;[90m{}&amp#27;[39m
&amp#27;[38;5;32m[AndroidUiautomator2Driver@dabd (47571b8e)]&amp#27;[0m Calling AppiumDriver.getCurrentContext() with args: ["47571b8e-6191-4ef5-a875-b0f0dcd05976"]
&amp#27;[38;5;32m[AndroidUiautomator2Driver@dabd (47571b8e)]&amp#27;[0m Responding to client with driver.getCurrentContext() result: "NATIVE_APP"
&amp#27;[38;5;0m[HTTP]&amp#27;[0m &amp#27;[37m<-- GET /session/47571b8e-6191-4ef5-a875-b0f0dcd05976/context &amp#27;[39m&amp#27;[32m200&amp#27;[39m &amp#27;[90m1 ms - 22&amp#27;[39m
&amp#27;[38;5;0m[HTTP]&amp#27;[0m &amp#27;[90m&amp#27;[39m
&amp#27;[38;5;0m[HTTP]&amp#27;[0m &amp#27;[37m-->&amp#27;[39m &amp#27;[37mPOST&amp#27;[39m &amp#27;[37m/session/47571b8e-6191-4ef5-a875-b0f0dcd05976/element&amp#27;[39m
&amp#27;[38;5;0m[HTTP]&amp#27;[0m &amp#27;[90m{"using":"accessibility id","value":"total price"}&amp#27;[39m
&amp#27;[38;5;32m[AndroidUiautomator2Driver@dabd (47571b8e)]&amp#27;[0m Calling AppiumDriver.findElement() with args: ["accessibility id","total price","47571b8e-6191-4ef5-a875-b0f0dcd05976"]
&amp#27;[38;5;32m[AndroidUiautomator2Driver@dabd (47571b8e)]&amp#27;[0m Valid locator strategies for this request: xpath, id, class name, accessibility id, css selector, -android uiautomator
&amp#27;[38;5;32m[AndroidUiautomator2Driver@dabd (47571b8e)]&amp#27;[0m Waiting up to 10000 ms for condition
&amp#27;[38;5;32m[AndroidUiautomator2Driver@dabd (47571b8e)]&amp#27;[0m Matched '/element' to command name 'findElement'
&amp#27;[38;5;32m[AndroidUiautomator2Driver@dabd (47571b8e)]&amp#27;[0m Proxying [POST /element] to [POST http://127.0.0.1:8201/session/e99dcc09-a0f0-48bb-8a0b-d829d4323b82/element] with body: {"strategy":"accessibility id","selector":"total price","context":"","multiple":false}
&amp#27;[38;5;32m[AndroidUiautomator2Driver@dabd (47571b8e)]&amp#27;[0m Got response with status 200: {"sessionId":"e99dcc09-a0f0-48bb-8a0b-d829d4323b82","value":{"ELEMENT":"00000000-0000-0594-ffff-ffff0000019d","element-6066-11e4-a52e-4f735466cecf":"00000000-0000-0594-ffff-ffff0000019d"}}
&amp#27;[38;5;32m[AndroidUiautomator2Driver@dabd (47571b8e)]&amp#27;[0m Responding to client with driver.findElement() result: {"element-6066-11e4-a52e-4f735466cecf":"00000000-0000-0594-ffff-ffff0000019d","ELEMENT":"00000000-0000-0594-ffff-ffff0000019d"}
&amp#27;[38;5;0m[HTTP]&amp#27;[0m &amp#27;[37m<-- POST /session/47571b8e-6191-4ef5-a875-b0f0dcd05976/element &amp#27;[39m&amp#27;[32m200&amp#27;[39m &amp#27;[90m654 ms - 137&amp#27;[39m
&amp#27;[38;5;0m[HTTP]&amp#27;[0m &amp#27;[90m&amp#27;[39m
&amp#27;[38;5;0m[HTTP]&amp#27;[0m &amp#27;[37m-->&amp#27;[39m &amp#27;[37mGET&amp#27;[39m &amp#27;[37m/session/47571b8e-6191-4ef5-a875-b0f0dcd05976/element/00000000-0000-0594-ffff-ffff0000019d/text&amp#27;[39m
&amp#27;[38;5;0m[HTTP]&amp#27;[0m &amp#27;[90m{}&amp#27;[39m
&amp#27;[38;5;32m[AndroidUiautomator2Driver@dabd (47571b8e)]&amp#27;[0m Driver proxy active, passing request on via HTTP proxy
&amp#27;[38;5;32m[AndroidUiautomator2Driver@dabd (47571b8e)]&amp#27;[0m Matched '/session/47571b8e-6191-4ef5-a875-b0f0dcd05976/element/00000000-0000-0594-ffff-ffff0000019d/text' to command name 'getText'
&amp#27;[38;5;32m[AndroidUiautomator2Driver@dabd (47571b8e)]&amp#27;[0m Proxying [GET /session/47571b8e-6191-4ef5-a875-b0f0dcd05976/element/00000000-0000-0594-ffff-ffff0000019d/text] to [GET http://127.0.0.1:8201/session/e99dcc09-a0f0-48bb-8a0b-d829d4323b82/element/00000000-0000-0594-ffff-ffff0000019d/text] with no body
&amp#27;[38;5;32m[AndroidUiautomator2Driver@dabd (47571b8e)]&amp#27;[0m Got response with status 200: {"sessionId":"e99dcc09-a0f0-48bb-8a0b-d829d4323b82","value":"$39.98"}
&amp#27;[38;5;32m[AndroidUiautomator2Driver@dabd (47571b8e)]&amp#27;[0m Replacing sessionId e99dcc09-a0f0-48bb-8a0b-d829d4323b82 with 47571b8e-6191-4ef5-a875-b0f0dcd05976
&amp#27;[38;5;0m[HTTP]&amp#27;[0m &amp#27;[37m<-- GET /session/47571b8e-6191-4ef5-a875-b0f0dcd05976/element/00000000-0000-0594-ffff-ffff0000019d/text &amp#27;[39m&amp#27;[32m200&amp#27;[39m &amp#27;[90m31 ms - 69&amp#27;[39m
&amp#27;[38;5;0m[HTTP]&amp#27;[0m &amp#27;[90m&amp#27;[39m
&amp#27;[38;5;0m[HTTP]&amp#27;[0m &amp#27;[37m-->&amp#27;[39m &amp#27;[37mGET&amp#27;[39m &amp#27;[37m/session/47571b8e-6191-4ef5-a875-b0f0dcd05976/context&amp#27;[39m
&amp#27;[38;5;0m[HTTP]&amp#27;[0m &amp#27;[90m{}&amp#27;[39m
&amp#27;[38;5;32m[AndroidUiautomator2Driver@dabd (47571b8e)]&amp#27;[0m Calling AppiumDriver.getCurrentContext() with args: ["47571b8e-6191-4ef5-a875-b0f0dcd05976"]
&amp#27;[38;5;32m[AndroidUiautomator2Driver@dabd (47571b8e)]&amp#27;[0m Responding to client with driver.getCurrentContext() result: "NATIVE_APP"
&amp#27;[38;5;0m[HTTP]&amp#27;[0m &amp#27;[37m<-- GET /session/47571b8e-6191-4ef5-a875-b0f0dcd05976/context &amp#27;[39m&amp#27;[32m200&amp#27;[39m &amp#27;[90m1 ms - 22&amp#27;[39m
&amp#27;[38;5;0m[HTTP]&amp#27;[0m &amp#27;[90m&amp#27;[39m
&amp#27;[38;5;0m[HTTP]&amp#27;[0m &amp#27;[37m-->&amp#27;[39m &amp#27;[37mPOST&amp#27;[39m &amp#27;[37m/session/47571b8e-6191-4ef5-a875-b0f0dcd05976/elements&amp#27;[39m
&amp#27;[38;5;0m[HTTP]&amp#27;[0m &amp#27;[90m{"using":"xpath","value":"//android.widget.TextView[@content-desc='product price']"}&amp#27;[39m
&amp#27;[38;5;32m[AndroidUiautomator2Driver@dabd (47571b8e)]&amp#27;[0m Calling AppiumDriver.findElements() with args: ["xpath","//android.widget.TextView[@content-desc='product price']","47571b8e-6191-4ef5-a875-b0f0dcd05976"]
&amp#27;[38;5;32m[AndroidUiautomator2Driver@dabd (47571b8e)]&amp#27;[0m Valid locator strategies for this request: xpath, id, class name, accessibility id, css selector, -android uiautomator
&amp#27;[38;5;32m[AndroidUiautomator2Driver@dabd (47571b8e)]&amp#27;[0m Waiting up to 10000 ms for condition
&amp#27;[38;5;32m[AndroidUiautomator2Driver@dabd (47571b8e)]&amp#27;[0m Matched '/elements' to command name 'findElements'
&amp#27;[38;5;32m[AndroidUiautomator2Driver@dabd (47571b8e)]&amp#27;[0m Proxying [POST /elements] to [POST http://127.0.0.1:8201/session/e99dcc09-a0f0-48bb-8a0b-d829d4323b82/elements] with body: {"strategy":"xpath","selector":"//android.widget.TextView[@content-desc='product price']","context":"","multiple":true}
&amp#27;[38;5;32m[AndroidUiautomator2Driver@dabd (47571b8e)]&amp#27;[0m Got response with status 200: {"sessionId":"e99dcc09-a0f0-48bb-8a0b-d829d4323b82","value":[{"ELEMENT":"00000000-0000-0594-ffff-ffff00000166","element-6066-11e4-a52e-4f735466cecf":"00000000-0000-0594-ffff-ffff00000166"},{"ELEMENT":"00000000-0000-0594-ffff-ffff0000017f","element-6066-11e4-a52e-4f735466cecf":"00000000-0000-0594-ffff-ffff0000017f"}]}
&amp#27;[38;5;32m[AndroidUiautomator2Driver@dabd (47571b8e)]&amp#27;[0m Responding to client with driver.findElements() result: [{"element-6066-11e4-a52e-4f735466cecf":"00000000-0000-0594-ffff-ffff00000166","ELEMENT":"00000000-0000-0594-ffff-ffff00000166"},{"element-6066-11e4-a52e-4f735466cecf":"00000000-0000-0594-ffff-ffff0000017f","ELEMENT":"00000000-0000-0594-ffff-ffff0000017f"}]
&amp#27;[38;5;0m[HTTP]&amp#27;[0m &amp#27;[37m<-- POST /session/47571b8e-6191-4ef5-a875-b0f0dcd05976/elements &amp#27;[39m&amp#27;[32m200&amp#27;[39m &amp#27;[90m621 ms - 267&amp#27;[39m
&amp#27;[38;5;0m[HTTP]&amp#27;[0m &amp#27;[90m&amp#27;[39m
&amp#27;[38;5;0m[HTTP]&amp#27;[0m &amp#27;[37m-->&amp#27;[39m &amp#27;[37mGET&amp#27;[39m &amp#27;[37m/session/47571b8e-6191-4ef5-a875-b0f0dcd05976/context&amp#27;[39m
&amp#27;[38;5;0m[HTTP]&amp#27;[0m &amp#27;[90m{}&amp#27;[39m
&amp#27;[38;5;32m[AndroidUiautomator2Driver@dabd (47571b8e)]&amp#27;[0m Calling AppiumDriver.getCurrentContext() with args: ["47571b8e-6191-4ef5-a875-b0f0dcd05976"]
&amp#27;[38;5;32m[AndroidUiautomator2Driver@dabd (47571b8e)]&amp#27;[0m Responding to client with driver.getCurrentContext() result: "NATIVE_APP"
&amp#27;[38;5;0m[HTTP]&amp#27;[0m &amp#27;[37m<-- GET /session/47571b8e-6191-4ef5-a875-b0f0dcd05976/context &amp#27;[39m&amp#27;[32m200&amp#27;[39m &amp#27;[90m1 ms - 22&amp#27;[39m
&amp#27;[38;5;0m[HTTP]&amp#27;[0m &amp#27;[90m&amp#27;[39m
&amp#27;[38;5;0m[HTTP]&amp#27;[0m &amp#27;[37m-->&amp#27;[39m &amp#27;[37mPOST&amp#27;[39m &amp#27;[37m/session/47571b8e-6191-4ef5-a875-b0f0dcd05976/elements&amp#27;[39m
&amp#27;[38;5;0m[HTTP]&amp#27;[0m &amp#27;[90m{"using":"xpath","value":"//android.widget.TextView[@content-desc='product price']"}&amp#27;[39m
&amp#27;[38;5;32m[AndroidUiautomator2Driver@dabd (47571b8e)]&amp#27;[0m Calling AppiumDriver.findElements() with args: ["xpath","//android.widget.TextView[@content-desc='product price']","47571b8e-6191-4ef5-a875-b0f0dcd05976"]
&amp#27;[38;5;32m[AndroidUiautomator2Driver@dabd (47571b8e)]&amp#27;[0m Valid locator strategies for this request: xpath, id, class name, accessibility id, css selector, -android uiautomator
&amp#27;[38;5;32m[AndroidUiautomator2Driver@dabd (47571b8e)]&amp#27;[0m Waiting up to 10000 ms for condition
&amp#27;[38;5;32m[AndroidUiautomator2Driver@dabd (47571b8e)]&amp#27;[0m Matched '/elements' to command name 'findElements'
&amp#27;[38;5;32m[AndroidUiautomator2Driver@dabd (47571b8e)]&amp#27;[0m Proxying [POST /elements] to [POST http://127.0.0.1:8201/session/e99dcc09-a0f0-48bb-8a0b-d829d4323b82/elements] with body: {"strategy":"xpath","selector":"//android.widget.TextView[@content-desc='product price']","context":"","multiple":true}
&amp#27;[38;5;32m[AndroidUiautomator2Driver@dabd (47571b8e)]&amp#27;[0m Got response with status 200: {"sessionId":"e99dcc09-a0f0-48bb-8a0b-d829d4323b82","value":[{"ELEMENT":"00000000-0000-0594-ffff-ffff00000166","element-6066-11e4-a52e-4f735466cecf":"00000000-0000-0594-ffff-ffff00000166"},{"ELEMENT":"00000000-0000-0594-ffff-ffff0000017f","element-6066-11e4-a52e-4f735466cecf":"00000000-0000-0594-ffff-ffff0000017f"}]}
&amp#27;[38;5;32m[AndroidUiautomator2Driver@dabd (47571b8e)]&amp#27;[0m Responding to client with driver.findElements() result: [{"element-6066-11e4-a52e-4f735466cecf":"00000000-0000-0594-ffff-ffff00000166","ELEMENT":"00000000-0000-0594-ffff-ffff00000166"},{"element-6066-11e4-a52e-4f735466cecf":"00000000-0000-0594-ffff-ffff0000017f","ELEMENT":"00000000-0000-0594-ffff-ffff0000017f"}]
&amp#27;[38;5;0m[HTTP]&amp#27;[0m &amp#27;[37m<-- POST /session/47571b8e-6191-4ef5-a875-b0f0dcd05976/elements &amp#27;[39m&amp#27;[32m200&amp#27;[39m &amp#27;[90m607 ms - 267&amp#27;[39m
&amp#27;[38;5;0m[HTTP]&amp#27;[0m &amp#27;[90m&amp#27;[39m
&amp#27;[38;5;0m[HTTP]&amp#27;[0m &amp#27;[37m-->&amp#27;[39m &amp#27;[37mGET&amp#27;[39m &amp#27;[37m/session/47571b8e-6191-4ef5-a875-b0f0dcd05976/element/00000000-0000-0594-ffff-ffff00000166/text&amp#27;[39m
&amp#27;[38;5;0m[HTTP]&amp#27;[0m &amp#27;[90m{}&amp#27;[39m
&amp#27;[38;5;32m[AndroidUiautomator2Driver@dabd (47571b8e)]&amp#27;[0m Driver proxy active, passing request on via HTTP proxy
&amp#27;[38;5;32m[AndroidUiautomator2Driver@dabd (47571b8e)]&amp#27;[0m Matched '/session/47571b8e-6191-4ef5-a875-b0f0dcd05976/element/00000000-0000-0594-ffff-ffff00000166/text' to command name 'getText'
&amp#27;[38;5;32m[AndroidUiautomator2Driver@dabd (47571b8e)]&amp#27;[0m Proxying [GET /session/47571b8e-6191-4ef5-a875-b0f0dcd05976/element/00000000-0000-0594-ffff-ffff00000166/text] to [GET http://127.0.0.1:8201/session/e99dcc09-a0f0-48bb-8a0b-d829d4323b82/element/00000000-0000-0594-ffff-ffff00000166/text] with no body
&amp#27;[38;5;32m[AndroidUiautomator2Driver@dabd (47571b8e)]&amp#27;[0m Got response with status 200: {"sessionId":"e99dcc09-a0f0-48bb-8a0b-d829d4323b82","value":"$29.99"}
&amp#27;[38;5;32m[AndroidUiautomator2Driver@dabd (47571b8e)]&amp#27;[0m Replacing sessionId e99dcc09-a0f0-48bb-8a0b-d829d4323b82 with 47571b8e-6191-4ef5-a875-b0f0dcd05976
&amp#27;[38;5;0m[HTTP]&amp#27;[0m &amp#27;[37m<-- GET /session/47571b8e-6191-4ef5-a875-b0f0dcd05976/element/00000000-0000-0594-ffff-ffff00000166/text &amp#27;[39m&amp#27;[32m200&amp#27;[39m &amp#27;[90m29 ms - 69&amp#27;[39m
&amp#27;[38;5;0m[HTTP]&amp#27;[0m &amp#27;[90m&amp#27;[39m
&amp#27;[38;5;0m[HTTP]&amp#27;[0m &amp#27;[37m-->&amp#27;[39m &amp#27;[37mGET&amp#27;[39m &amp#27;[37m/session/47571b8e-6191-4ef5-a875-b0f0dcd05976/context&amp#27;[39m
&amp#27;[38;5;0m[HTTP]&amp#27;[0m &amp#27;[90m{}&amp#27;[39m
&amp#27;[38;5;32m[AndroidUiautomator2Driver@dabd (47571b8e)]&amp#27;[0m Calling AppiumDriver.getCurrentContext() with args: ["47571b8e-6191-4ef5-a875-b0f0dcd05976"]
&amp#27;[38;5;32m[AndroidUiautomator2Driver@dabd (47571b8e)]&amp#27;[0m Responding to client with driver.getCurrentContext() result: "NATIVE_APP"
&amp#27;[38;5;0m[HTTP]&amp#27;[0m &amp#27;[37m<-- GET /session/47571b8e-6191-4ef5-a875-b0f0dcd05976/context &amp#27;[39m&amp#27;[32m200&amp#27;[39m &amp#27;[90m1 ms - 22&amp#27;[39m
&amp#27;[38;5;0m[HTTP]&amp#27;[0m &amp#27;[90m&amp#27;[39m
&amp#27;[38;5;0m[HTTP]&amp#27;[0m &amp#27;[37m-->&amp#27;[39m &amp#27;[37mPOST&amp#27;[39m &amp#27;[37m/session/47571b8e-6191-4ef5-a875-b0f0dcd05976/elements&amp#27;[39m
&amp#27;[38;5;0m[HTTP]&amp#27;[0m &amp#27;[90m{"using":"xpath","value":"//android.view.ViewGroup[@content-desc='counter amount']/android.widget.TextView"}&amp#27;[39m
&amp#27;[38;5;32m[AndroidUiautomator2Driver@dabd (47571b8e)]&amp#27;[0m Calling AppiumDriver.findElements() with args: ["xpath","//android.view.ViewGroup[@content-desc='counter amount']/android.widget.TextView","47571b8e-6191-4ef5-a875-b0f0dcd05976"]
&amp#27;[38;5;32m[AndroidUiautomator2Driver@dabd (47571b8e)]&amp#27;[0m Valid locator strategies for this request: xpath, id, class name, accessibility id, css selector, -android uiautomator
&amp#27;[38;5;32m[AndroidUiautomator2Driver@dabd (47571b8e)]&amp#27;[0m Waiting up to 10000 ms for condition
&amp#27;[38;5;32m[AndroidUiautomator2Driver@dabd (47571b8e)]&amp#27;[0m Matched '/elements' to command name 'findElements'
&amp#27;[38;5;32m[AndroidUiautomator2Driver@dabd (47571b8e)]&amp#27;[0m Proxying [POST /elements] to [POST http://127.0.0.1:8201/session/e99dcc09-a0f0-48bb-8a0b-d829d4323b82/elements] with body: {"strategy":"xpath","selector":"//android.view.ViewGroup[@content-desc='counter amount']/android.widget.TextView","context":"","multiple":true}
&amp#27;[38;5;32m[AndroidUiautomator2Driver@dabd (47571b8e)]&amp#27;[0m Got response with status 200: {"sessionId":"e99dcc09-a0f0-48bb-8a0b-d829d4323b82","value":[{"ELEMENT":"00000000-0000-0594-ffff-ffff00000177","element-6066-11e4-a52e-4f735466cecf":"00000000-0000-0594-ffff-ffff00000177"},{"ELEMENT":"00000000-0000-0594-ffff-ffff00000190","element-6066-11e4-a52e-4f735466cecf":"00000000-0000-0594-ffff-ffff00000190"}]}
&amp#27;[38;5;32m[AndroidUiautomator2Driver@dabd (47571b8e)]&amp#27;[0m Responding to client with driver.findElements() result: [{"element-6066-11e4-a52e-4f735466cecf":"00000000-0000-0594-ffff-ffff00000177","ELEMENT":"00000000-0000-0594-ffff-ffff00000177"},{"element-6066-11e4-a52e-4f735466cecf":"00000000-0000-0594-ffff-ffff00000190","ELEMENT":"00000000-0000-0594-ffff-ffff00000190"}]
&amp#27;[38;5;0m[HTTP]&amp#27;[0m &amp#27;[37m<-- POST /session/47571b8e-6191-4ef5-a875-b0f0dcd05976/elements &amp#27;[39m&amp#27;[32m200&amp#27;[39m &amp#27;[90m696 ms - 267&amp#27;[39m
&amp#27;[38;5;0m[HTTP]&amp#27;[0m &amp#27;[90m&amp#27;[39m
&amp#27;[38;5;0m[HTTP]&amp#27;[0m &amp#27;[37m-->&amp#27;[39m &amp#27;[37mGET&amp#27;[39m &amp#27;[37m/session/47571b8e-6191-4ef5-a875-b0f0dcd05976/element/00000000-0000-0594-ffff-ffff00000177/text&amp#27;[39m
&amp#27;[38;5;0m[HTTP]&amp#27;[0m &amp#27;[90m{}&amp#27;[39m
&amp#27;[38;5;32m[AndroidUiautomator2Driver@dabd (47571b8e)]&amp#27;[0m Driver proxy active, passing request on via HTTP proxy
&amp#27;[38;5;32m[AndroidUiautomator2Driver@dabd (47571b8e)]&amp#27;[0m Matched '/session/47571b8e-6191-4ef5-a875-b0f0dcd05976/element/00000000-0000-0594-ffff-ffff00000177/text' to command name 'getText'
&amp#27;[38;5;32m[AndroidUiautomator2Driver@dabd (47571b8e)]&amp#27;[0m Proxying [GET /session/47571b8e-6191-4ef5-a875-b0f0dcd05976/element/00000000-0000-0594-ffff-ffff00000177/text] to [GET http://127.0.0.1:8201/session/e99dcc09-a0f0-48bb-8a0b-d829d4323b82/element/00000000-0000-0594-ffff-ffff00000177/text] with no body
&amp#27;[38;5;32m[AndroidUiautomator2Driver@dabd (47571b8e)]&amp#27;[0m Got response with status 200: {"sessionId":"e99dcc09-a0f0-48bb-8a0b-d829d4323b82","value":"1"}
&amp#27;[38;5;32m[AndroidUiautomator2Driver@dabd (47571b8e)]&amp#27;[0m Replacing sessionId e99dcc09-a0f0-48bb-8a0b-d829d4323b82 with 47571b8e-6191-4ef5-a875-b0f0dcd05976
&amp#27;[38;5;0m[HTTP]&amp#27;[0m &amp#27;[37m<-- GET /session/47571b8e-6191-4ef5-a875-b0f0dcd05976/element/00000000-0000-0594-ffff-ffff00000177/text &amp#27;[39m&amp#27;[32m200&amp#27;[39m &amp#27;[90m28 ms - 64&amp#27;[39m
&amp#27;[38;5;0m[HTTP]&amp#27;[0m &amp#27;[90m&amp#27;[39m
&amp#27;[38;5;0m[HTTP]&amp#27;[0m &amp#27;[37m-->&amp#27;[39m &amp#27;[37mGET&amp#27;[39m &amp#27;[37m/session/47571b8e-6191-4ef5-a875-b0f0dcd05976/context&amp#27;[39m
&amp#27;[38;5;0m[HTTP]&amp#27;[0m &amp#27;[90m{}&amp#27;[39m
&amp#27;[38;5;32m[AndroidUiautomator2Driver@dabd (47571b8e)]&amp#27;[0m Calling AppiumDriver.getCurrentContext() with args: ["47571b8e-6191-4ef5-a875-b0f0dcd05976"]
&amp#27;[38;5;32m[AndroidUiautomator2Driver@dabd (47571b8e)]&amp#27;[0m Responding to client with driver.getCurrentContext() result: "NATIVE_APP"
&amp#27;[38;5;0m[HTTP]&amp#27;[0m &amp#27;[37m<-- GET /session/47571b8e-6191-4ef5-a875-b0f0dcd05976/context &amp#27;[39m&amp#27;[32m200&amp#27;[39m &amp#27;[90m1 ms - 22&amp#27;[39m
&amp#27;[38;5;0m[HTTP]&amp#27;[0m &amp#27;[90m&amp#27;[39m
&amp#27;[38;5;0m[HTTP]&amp#27;[0m &amp#27;[37m-->&amp#27;[39m &amp#27;[37mPOST&amp#27;[39m &amp#27;[37m/session/47571b8e-6191-4ef5-a875-b0f0dcd05976/elements&amp#27;[39m
&amp#27;[38;5;0m[HTTP]&amp#27;[0m &amp#27;[90m{"using":"xpath","value":"//android.widget.TextView[@content-desc='product price']"}&amp#27;[39m
&amp#27;[38;5;32m[AndroidUiautomator2Driver@dabd (47571b8e)]&amp#27;[0m Calling AppiumDriver.findElements() with args: ["xpath","//android.widget.TextView[@content-desc='product price']","47571b8e-6191-4ef5-a875-b0f0dcd05976"]
&amp#27;[38;5;32m[AndroidUiautomator2Driver@dabd (47571b8e)]&amp#27;[0m Valid locator strategies for this request: xpath, id, class name, accessibility id, css selector, -android uiautomator
&amp#27;[38;5;32m[AndroidUiautomator2Driver@dabd (47571b8e)]&amp#27;[0m Waiting up to 10000 ms for condition
&amp#27;[38;5;32m[AndroidUiautomator2Driver@dabd (47571b8e)]&amp#27;[0m Matched '/elements' to command name 'findElements'
&amp#27;[38;5;32m[AndroidUiautomator2Driver@dabd (47571b8e)]&amp#27;[0m Proxying [POST /elements] to [POST http://127.0.0.1:8201/session/e99dcc09-a0f0-48bb-8a0b-d829d4323b82/elements] with body: {"strategy":"xpath","selector":"//android.widget.TextView[@content-desc='product price']","context":"","multiple":true}
&amp#27;[38;5;32m[AndroidUiautomator2Driver@dabd (47571b8e)]&amp#27;[0m Got response with status 200: {"sessionId":"e99dcc09-a0f0-48bb-8a0b-d829d4323b82","value":[{"ELEMENT":"00000000-0000-0594-ffff-ffff00000166","element-6066-11e4-a52e-4f735466cecf":"00000000-0000-0594-ffff-ffff00000166"},{"ELEMENT":"00000000-0000-0594-ffff-ffff0000017f","element-6066-11e4-a52e-4f735466cecf":"00000000-0000-0594-ffff-ffff0000017f"}]}
&amp#27;[38;5;32m[AndroidUiautomator2Driver@dabd (47571b8e)]&amp#27;[0m Responding to client with driver.findElements() result: [{"element-6066-11e4-a52e-4f735466cecf":"00000000-0000-0594-ffff-ffff00000166","ELEMENT":"00000000-0000-0594-ffff-ffff00000166"},{"element-6066-11e4-a52e-4f735466cecf":"00000000-0000-0594-ffff-ffff0000017f","ELEMENT":"00000000-0000-0594-ffff-ffff0000017f"}]
&amp#27;[38;5;0m[HTTP]&amp#27;[0m &amp#27;[37m<-- POST /session/47571b8e-6191-4ef5-a875-b0f0dcd05976/elements &amp#27;[39m&amp#27;[32m200&amp#27;[39m &amp#27;[90m575 ms - 267&amp#27;[39m
&amp#27;[38;5;0m[HTTP]&amp#27;[0m &amp#27;[90m&amp#27;[39m
&amp#27;[38;5;0m[HTTP]&amp#27;[0m &amp#27;[37m-->&amp#27;[39m &amp#27;[37mGET&amp#27;[39m &amp#27;[37m/session/47571b8e-6191-4ef5-a875-b0f0dcd05976/context&amp#27;[39m
&amp#27;[38;5;0m[HTTP]&amp#27;[0m &amp#27;[90m{}&amp#27;[39m
&amp#27;[38;5;32m[AndroidUiautomator2Driver@dabd (47571b8e)]&amp#27;[0m Calling AppiumDriver.getCurrentContext() with args: ["47571b8e-6191-4ef5-a875-b0f0dcd05976"]
&amp#27;[38;5;32m[AndroidUiautomator2Driver@dabd (47571b8e)]&amp#27;[0m Responding to client with driver.getCurrentContext() result: "NATIVE_APP"
&amp#27;[38;5;0m[HTTP]&amp#27;[0m &amp#27;[37m<-- GET /session/47571b8e-6191-4ef5-a875-b0f0dcd05976/context &amp#27;[39m&amp#27;[32m200&amp#27;[39m &amp#27;[90m1 ms - 22&amp#27;[39m
&amp#27;[38;5;0m[HTTP]&amp#27;[0m &amp#27;[90m&amp#27;[39m
&amp#27;[38;5;0m[HTTP]&amp#27;[0m &amp#27;[37m-->&amp#27;[39m &amp#27;[37mPOST&amp#27;[39m &amp#27;[37m/session/47571b8e-6191-4ef5-a875-b0f0dcd05976/elements&amp#27;[39m
&amp#27;[38;5;0m[HTTP]&amp#27;[0m &amp#27;[90m{"using":"xpath","value":"//android.widget.TextView[@content-desc='product price']"}&amp#27;[39m
&amp#27;[38;5;32m[AndroidUiautomator2Driver@dabd (47571b8e)]&amp#27;[0m Calling AppiumDriver.findElements() with args: ["xpath","//android.widget.TextView[@content-desc='product price']","47571b8e-6191-4ef5-a875-b0f0dcd05976"]
&amp#27;[38;5;32m[AndroidUiautomator2Driver@dabd (47571b8e)]&amp#27;[0m Valid locator strategies for this request: xpath, id, class name, accessibility id, css selector, -android uiautomator
&amp#27;[38;5;32m[AndroidUiautomator2Driver@dabd (47571b8e)]&amp#27;[0m Waiting up to 10000 ms for condition
&amp#27;[38;5;32m[AndroidUiautomator2Driver@dabd (47571b8e)]&amp#27;[0m Matched '/elements' to command name 'findElements'
&amp#27;[38;5;32m[AndroidUiautomator2Driver@dabd (47571b8e)]&amp#27;[0m Proxying [POST /elements] to [POST http://127.0.0.1:8201/session/e99dcc09-a0f0-48bb-8a0b-d829d4323b82/elements] with body: {"strategy":"xpath","selector":"//android.widget.TextView[@content-desc='product price']","context":"","multiple":true}
&amp#27;[38;5;32m[AndroidUiautomator2Driver@dabd (47571b8e)]&amp#27;[0m Got response with status 200: {"sessionId":"e99dcc09-a0f0-48bb-8a0b-d829d4323b82","value":[{"ELEMENT":"00000000-0000-0594-ffff-ffff00000166","element-6066-11e4-a52e-4f735466cecf":"00000000-0000-0594-ffff-ffff00000166"},{"ELEMENT":"00000000-0000-0594-ffff-ffff0000017f","element-6066-11e4-a52e-4f735466cecf":"00000000-0000-0594-ffff-ffff0000017f"}]}
&amp#27;[38;5;32m[AndroidUiautomator2Driver@dabd (47571b8e)]&amp#27;[0m Responding to client with driver.findElements() result: [{"element-6066-11e4-a52e-4f735466cecf":"00000000-0000-0594-ffff-ffff00000166","ELEMENT":"00000000-0000-0594-ffff-ffff00000166"},{"element-6066-11e4-a52e-4f735466cecf":"00000000-0000-0594-ffff-ffff0000017f","ELEMENT":"00000000-0000-0594-ffff-ffff0000017f"}]
&amp#27;[38;5;0m[HTTP]&amp#27;[0m &amp#27;[37m<-- POST /session/47571b8e-6191-4ef5-a875-b0f0dcd05976/elements &amp#27;[39m&amp#27;[32m200&amp#27;[39m &amp#27;[90m673 ms - 267&amp#27;[39m
&amp#27;[38;5;0m[HTTP]&amp#27;[0m &amp#27;[90m&amp#27;[39m
&amp#27;[38;5;0m[HTTP]&amp#27;[0m &amp#27;[37m-->&amp#27;[39m &amp#27;[37mGET&amp#27;[39m &amp#27;[37m/session/47571b8e-6191-4ef5-a875-b0f0dcd05976/element/00000000-0000-0594-ffff-ffff0000017f/text&amp#27;[39m
&amp#27;[38;5;0m[HTTP]&amp#27;[0m &amp#27;[90m{}&amp#27;[39m
&amp#27;[38;5;32m[AndroidUiautomator2Driver@dabd (47571b8e)]&amp#27;[0m Driver proxy active, passing request on via HTTP proxy
&amp#27;[38;5;32m[AndroidUiautomator2Driver@dabd (47571b8e)]&amp#27;[0m Matched '/session/47571b8e-6191-4ef5-a875-b0f0dcd05976/element/00000000-0000-0594-ffff-ffff0000017f/text' to command name 'getText'
&amp#27;[38;5;32m[AndroidUiautomator2Driver@dabd (47571b8e)]&amp#27;[0m Proxying [GET /session/47571b8e-6191-4ef5-a875-b0f0dcd05976/element/00000000-0000-0594-ffff-ffff0000017f/text] to [GET http://127.0.0.1:8201/session/e99dcc09-a0f0-48bb-8a0b-d829d4323b82/element/00000000-0000-0594-ffff-ffff0000017f/text] with no body
&amp#27;[38;5;32m[AndroidUiautomator2Driver@dabd (47571b8e)]&amp#27;[0m Got response with status 200: {"sessionId":"e99dcc09-a0f0-48bb-8a0b-d829d4323b82","value":"$9.99"}
&amp#27;[38;5;32m[AndroidUiautomator2Driver@dabd (47571b8e)]&amp#27;[0m Replacing sessionId e99dcc09-a0f0-48bb-8a0b-d829d4323b82 with 47571b8e-6191-4ef5-a875-b0f0dcd05976
&amp#27;[38;5;0m[HTTP]&amp#27;[0m &amp#27;[37m<-- GET /session/47571b8e-6191-4ef5-a875-b0f0dcd05976/element/00000000-0000-0594-ffff-ffff0000017f/text &amp#27;[39m&amp#27;[32m200&amp#27;[39m &amp#27;[90m29 ms - 68&amp#27;[39m
&amp#27;[38;5;0m[HTTP]&amp#27;[0m &amp#27;[90m&amp#27;[39m
&amp#27;[38;5;0m[HTTP]&amp#27;[0m &amp#27;[37m-->&amp#27;[39m &amp#27;[37mGET&amp#27;[39m &amp#27;[37m/session/47571b8e-6191-4ef5-a875-b0f0dcd05976/context&amp#27;[39m
&amp#27;[38;5;0m[HTTP]&amp#27;[0m &amp#27;[90m{}&amp#27;[39m
&amp#27;[38;5;32m[AndroidUiautomator2Driver@dabd (47571b8e)]&amp#27;[0m Calling AppiumDriver.getCurrentContext() with args: ["47571b8e-6191-4ef5-a875-b0f0dcd05976"]
&amp#27;[38;5;32m[AndroidUiautomator2Driver@dabd (47571b8e)]&amp#27;[0m Responding to client with driver.getCurrentContext() result: "NATIVE_APP"
&amp#27;[38;5;0m[HTTP]&amp#27;[0m &amp#27;[37m<-- GET /session/47571b8e-6191-4ef5-a875-b0f0dcd05976/context &amp#27;[39m&amp#27;[32m200&amp#27;[39m &amp#27;[90m1 ms - 22&amp#27;[39m
&amp#27;[38;5;0m[HTTP]&amp#27;[0m &amp#27;[90m&amp#27;[39m
&amp#27;[38;5;0m[HTTP]&amp#27;[0m &amp#27;[37m-->&amp#27;[39m &amp#27;[37mPOST&amp#27;[39m &amp#27;[37m/session/47571b8e-6191-4ef5-a875-b0f0dcd05976/elements&amp#27;[39m
&amp#27;[38;5;0m[HTTP]&amp#27;[0m &amp#27;[90m{"using":"xpath","value":"//android.view.ViewGroup[@content-desc='counter amount']/android.widget.TextView"}&amp#27;[39m
&amp#27;[38;5;32m[AndroidUiautomator2Driver@dabd (47571b8e)]&amp#27;[0m Calling AppiumDriver.findElements() with args: ["xpath","//android.view.ViewGroup[@content-desc='counter amount']/android.widget.TextView","47571b8e-6191-4ef5-a875-b0f0dcd05976"]
&amp#27;[38;5;32m[AndroidUiautomator2Driver@dabd (47571b8e)]&amp#27;[0m Valid locator strategies for this request: xpath, id, class name, accessibility id, css selector, -android uiautomator
&amp#27;[38;5;32m[AndroidUiautomator2Driver@dabd (47571b8e)]&amp#27;[0m Waiting up to 10000 ms for condition
&amp#27;[38;5;32m[AndroidUiautomator2Driver@dabd (47571b8e)]&amp#27;[0m Matched '/elements' to command name 'findElements'
&amp#27;[38;5;32m[AndroidUiautomator2Driver@dabd (47571b8e)]&amp#27;[0m Proxying [POST /elements] to [POST http://127.0.0.1:8201/session/e99dcc09-a0f0-48bb-8a0b-d829d4323b82/elements] with body: {"strategy":"xpath","selector":"//android.view.ViewGroup[@content-desc='counter amount']/android.widget.TextView","context":"","multiple":true}
&amp#27;[38;5;32m[AndroidUiautomator2Driver@dabd (47571b8e)]&amp#27;[0m Got response with status 200: {"sessionId":"e99dcc09-a0f0-48bb-8a0b-d829d4323b82","value":[{"ELEMENT":"00000000-0000-0594-ffff-ffff00000177","element-6066-11e4-a52e-4f735466cecf":"00000000-0000-0594-ffff-ffff00000177"},{"ELEMENT":"00000000-0000-0594-ffff-ffff00000190","element-6066-11e4-a52e-4f735466cecf":"00000000-0000-0594-ffff-ffff00000190"}]}
&amp#27;[38;5;32m[AndroidUiautomator2Driver@dabd (47571b8e)]&amp#27;[0m Responding to client with driver.findElements() result: [{"element-6066-11e4-a52e-4f735466cecf":"00000000-0000-0594-ffff-ffff00000177","ELEMENT":"00000000-0000-0594-ffff-ffff00000177"},{"element-6066-11e4-a52e-4f735466cecf":"00000000-0000-0594-ffff-ffff00000190","ELEMENT":"00000000-0000-0594-ffff-ffff00000190"}]
&amp#27;[38;5;0m[HTTP]&amp#27;[0m &amp#27;[37m<-- POST /session/47571b8e-6191-4ef5-a875-b0f0dcd05976/elements &amp#27;[39m&amp#27;[32m200&amp#27;[39m &amp#27;[90m729 ms - 267&amp#27;[39m
&amp#27;[38;5;0m[HTTP]&amp#27;[0m &amp#27;[90m&amp#27;[39m
&amp#27;[38;5;0m[HTTP]&amp#27;[0m &amp#27;[37m-->&amp#27;[39m &amp#27;[37mGET&amp#27;[39m &amp#27;[37m/session/47571b8e-6191-4ef5-a875-b0f0dcd05976/element/00000000-0000-0594-ffff-ffff00000190/text&amp#27;[39m
&amp#27;[38;5;0m[HTTP]&amp#27;[0m &amp#27;[90m{}&amp#27;[39m
&amp#27;[38;5;32m[AndroidUiautomator2Driver@dabd (47571b8e)]&amp#27;[0m Driver proxy active, passing request on via HTTP proxy
&amp#27;[38;5;32m[AndroidUiautomator2Driver@dabd (47571b8e)]&amp#27;[0m Matched '/session/47571b8e-6191-4ef5-a875-b0f0dcd05976/element/00000000-0000-0594-ffff-ffff00000190/text' to command name 'getText'
&amp#27;[38;5;32m[AndroidUiautomator2Driver@dabd (47571b8e)]&amp#27;[0m Proxying [GET /session/47571b8e-6191-4ef5-a875-b0f0dcd05976/element/00000000-0000-0594-ffff-ffff00000190/text] to [GET http://127.0.0.1:8201/session/e99dcc09-a0f0-48bb-8a0b-d829d4323b82/element/00000000-0000-0594-ffff-ffff00000190/text] with no body
&amp#27;[38;5;32m[AndroidUiautomator2Driver@dabd (47571b8e)]&amp#27;[0m Got response with status 200: {"sessionId":"e99dcc09-a0f0-48bb-8a0b-d829d4323b82","value":"1"}
&amp#27;[38;5;32m[AndroidUiautomator2Driver@dabd (47571b8e)]&amp#27;[0m Replacing sessionId e99dcc09-a0f0-48bb-8a0b-d829d4323b82 with 47571b8e-6191-4ef5-a875-b0f0dcd05976
&amp#27;[38;5;0m[HTTP]&amp#27;[0m &amp#27;[37m<-- GET /session/47571b8e-6191-4ef5-a875-b0f0dcd05976/element/00000000-0000-0594-ffff-ffff00000190/text &amp#27;[39m&amp#27;[32m200&amp#27;[39m &amp#27;[90m33 ms - 64&amp#27;[39m
&amp#27;[38;5;0m[HTTP]&amp#27;[0m &amp#27;[90m&amp#27;[39m
&amp#27;[38;5;0m[HTTP]&amp#27;[0m &amp#27;[37m-->&amp#27;[39m &amp#27;[37mGET&amp#27;[39m &amp#27;[37m/session/47571b8e-6191-4ef5-a875-b0f0dcd05976/context&amp#27;[39m
&amp#27;[38;5;0m[HTTP]&amp#27;[0m &amp#27;[90m{}&amp#27;[39m
&amp#27;[38;5;32m[AndroidUiautomator2Driver@dabd (47571b8e)]&amp#27;[0m Calling AppiumDriver.getCurrentContext() with args: ["47571b8e-6191-4ef5-a875-b0f0dcd05976"]
&amp#27;[38;5;32m[AndroidUiautomator2Driver@dabd (47571b8e)]&amp#27;[0m Responding to client with driver.getCurrentContext() result: "NATIVE_APP"
&amp#27;[38;5;0m[HTTP]&amp#27;[0m &amp#27;[37m<-- GET /session/47571b8e-6191-4ef5-a875-b0f0dcd05976/context &amp#27;[39m&amp#27;[32m200&amp#27;[39m &amp#27;[90m1 ms - 22&amp#27;[39m
&amp#27;[38;5;0m[HTTP]&amp#27;[0m &amp#27;[90m&amp#27;[39m
&amp#27;[38;5;0m[HTTP]&amp#27;[0m &amp#27;[37m-->&amp#27;[39m &amp#27;[37mPOST&amp#27;[39m &amp#27;[37m/session/47571b8e-6191-4ef5-a875-b0f0dcd05976/elements&amp#27;[39m
&amp#27;[38;5;0m[HTTP]&amp#27;[0m &amp#27;[90m{"using":"xpath","value":"//android.widget.TextView[@content-desc='product price']"}&amp#27;[39m
&amp#27;[38;5;32m[AndroidUiautomator2Driver@dabd (47571b8e)]&amp#27;[0m Calling AppiumDriver.findElements() with args: ["xpath","//android.widget.TextView[@content-desc='product price']","47571b8e-6191-4ef5-a875-b0f0dcd05976"]
&amp#27;[38;5;32m[AndroidUiautomator2Driver@dabd (47571b8e)]&amp#27;[0m Valid locator strategies for this request: xpath, id, class name, accessibility id, css selector, -android uiautomator
&amp#27;[38;5;32m[AndroidUiautomator2Driver@dabd (47571b8e)]&amp#27;[0m Waiting up to 10000 ms for condition
&amp#27;[38;5;32m[AndroidUiautomator2Driver@dabd (47571b8e)]&amp#27;[0m Matched '/elements' to command name 'findElements'
&amp#27;[38;5;32m[AndroidUiautomator2Driver@dabd (47571b8e)]&amp#27;[0m Proxying [POST /elements] to [POST http://127.0.0.1:8201/session/e99dcc09-a0f0-48bb-8a0b-d829d4323b82/elements] with body: {"strategy":"xpath","selector":"//android.widget.TextView[@content-desc='product price']","context":"","multiple":true}
&amp#27;[38;5;32m[AndroidUiautomator2Driver@dabd (47571b8e)]&amp#27;[0m Got response with status 200: {"sessionId":"e99dcc09-a0f0-48bb-8a0b-d829d4323b82","value":[{"ELEMENT":"00000000-0000-0594-ffff-ffff00000166","element-6066-11e4-a52e-4f735466cecf":"00000000-0000-0594-ffff-ffff00000166"},{"ELEMENT":"00000000-0000-0594-ffff-ffff0000017f","element-6066-11e4-a52e-4f735466cecf":"00000000-0000-0594-ffff-ffff0000017f"}]}
&amp#27;[38;5;32m[AndroidUiautomator2Driver@dabd (47571b8e)]&amp#27;[0m Responding to client with driver.findElements() result: [{"element-6066-11e4-a52e-4f735466cecf":"00000000-0000-0594-ffff-ffff00000166","ELEMENT":"00000000-0000-0594-ffff-ffff00000166"},{"element-6066-11e4-a52e-4f735466cecf":"00000000-0000-0594-ffff-ffff0000017f","ELEMENT":"00000000-0000-0594-ffff-ffff0000017f"}]
&amp#27;[38;5;0m[HTTP]&amp#27;[0m &amp#27;[37m<-- POST /session/47571b8e-6191-4ef5-a875-b0f0dcd05976/elements &amp#27;[39m&amp#27;[32m200&amp#27;[39m &amp#27;[90m595 ms - 267&amp#27;[39m
&amp#27;[38;5;0m[HTTP]&amp#27;[0m &amp#27;[90m&amp#27;[39m
&amp#27;[38;5;0m[HTTP]&amp#27;[0m &amp#27;[37m-->&amp#27;[39m &amp#27;[37mGET&amp#27;[39m &amp#27;[37m/session/47571b8e-6191-4ef5-a875-b0f0dcd05976/context&amp#27;[39m
&amp#27;[38;5;0m[HTTP]&amp#27;[0m &amp#27;[90m{}&amp#27;[39m
&amp#27;[38;5;32m[AndroidUiautomator2Driver@dabd (47571b8e)]&amp#27;[0m Calling AppiumDriver.getCurrentContext() with args: ["47571b8e-6191-4ef5-a875-b0f0dcd05976"]
&amp#27;[38;5;32m[AndroidUiautomator2Driver@dabd (47571b8e)]&amp#27;[0m Responding to client with driver.getCurrentContext() result: "NATIVE_APP"
&amp#27;[38;5;0m[HTTP]&amp#27;[0m &amp#27;[37m<-- GET /session/47571b8e-6191-4ef5-a875-b0f0dcd05976/context &amp#27;[39m&amp#27;[32m200&amp#27;[39m &amp#27;[90m1 ms - 22&amp#27;[39m
&amp#27;[38;5;0m[HTTP]&amp#27;[0m &amp#27;[90m&amp#27;[39m
&amp#27;[38;5;0m[HTTP]&amp#27;[0m &amp#27;[37m-->&amp#27;[39m &amp#27;[37mPOST&amp#27;[39m &amp#27;[37m/session/47571b8e-6191-4ef5-a875-b0f0dcd05976/element&amp#27;[39m
&amp#27;[38;5;0m[HTTP]&amp#27;[0m &amp#27;[90m{"using":"accessibility id","value":"Proceed To Checkout button"}&amp#27;[39m
&amp#27;[38;5;32m[AndroidUiautomator2Driver@dabd (47571b8e)]&amp#27;[0m Calling AppiumDriver.findElement() with args: ["accessibility id","Proceed To Checkout button","47571b8e-6191-4ef5-a875-b0f0dcd05976"]
&amp#27;[38;5;32m[AndroidUiautomator2Driver@dabd (47571b8e)]&amp#27;[0m Valid locator strategies for this request: xpath, id, class name, accessibility id, css selector, -android uiautomator
&amp#27;[38;5;32m[AndroidUiautomator2Driver@dabd (47571b8e)]&amp#27;[0m Waiting up to 10000 ms for condition
&amp#27;[38;5;32m[AndroidUiautomator2Driver@dabd (47571b8e)]&amp#27;[0m Matched '/element' to command name 'findElement'
&amp#27;[38;5;32m[AndroidUiautomator2Driver@dabd (47571b8e)]&amp#27;[0m Proxying [POST /element] to [POST http://127.0.0.1:8201/session/e99dcc09-a0f0-48bb-8a0b-d829d4323b82/element] with body: {"strategy":"accessibility id","selector":"Proceed To Checkout button","context":"","multiple":false}
&amp#27;[38;5;32m[AndroidUiautomator2Driver@dabd (47571b8e)]&amp#27;[0m Got response with status 200: {"sessionId":"e99dcc09-a0f0-48bb-8a0b-d829d4323b82","value":{"ELEMENT":"00000000-0000-0594-ffff-ffff0000019e","element-6066-11e4-a52e-4f735466cecf":"00000000-0000-0594-ffff-ffff0000019e"}}
&amp#27;[38;5;32m[AndroidUiautomator2Driver@dabd (47571b8e)]&amp#27;[0m Responding to client with driver.findElement() result: {"element-6066-11e4-a52e-4f735466cecf":"00000000-0000-0594-ffff-ffff0000019e","ELEMENT":"00000000-0000-0594-ffff-ffff0000019e"}
&amp#27;[38;5;0m[HTTP]&amp#27;[0m &amp#27;[37m<-- POST /session/47571b8e-6191-4ef5-a875-b0f0dcd05976/element &amp#27;[39m&amp#27;[32m200&amp#27;[39m &amp#27;[90m446 ms - 137&amp#27;[39m
&amp#27;[38;5;0m[HTTP]&amp#27;[0m &amp#27;[90m&amp#27;[39m
&amp#27;[38;5;0m[HTTP]&amp#27;[0m &amp#27;[37m-->&amp#27;[39m &amp#27;[37mPOST&amp#27;[39m &amp#27;[37m/session/47571b8e-6191-4ef5-a875-b0f0dcd05976/element/00000000-0000-0594-ffff-ffff0000019e/click&amp#27;[39m
&amp#27;[38;5;0m[HTTP]&amp#27;[0m &amp#27;[90m{"id":"00000000-0000-0594-ffff-ffff0000019e"}&amp#27;[39m
&amp#27;[38;5;32m[AndroidUiautomator2Driver@dabd (47571b8e)]&amp#27;[0m Calling AppiumDriver.click() with args: ["00000000-0000-0594-ffff-ffff0000019e","47571b8e-6191-4ef5-a875-b0f0dcd05976"]
&amp#27;[38;5;32m[AndroidUiautomator2Driver@dabd (47571b8e)]&amp#27;[0m Matched '/element/00000000-0000-0594-ffff-ffff0000019e/click' to command name 'click'
&amp#27;[38;5;32m[AndroidUiautomator2Driver@dabd (47571b8e)]&amp#27;[0m Proxying [POST /element/00000000-0000-0594-ffff-ffff0000019e/click] to [POST http://127.0.0.1:8201/session/e99dcc09-a0f0-48bb-8a0b-d829d4323b82/element/00000000-0000-0594-ffff-ffff0000019e/click] with body: {"element":"00000000-0000-0594-ffff-ffff0000019e"}
&amp#27;[38;5;32m[AndroidUiautomator2Driver@dabd (47571b8e)]&amp#27;[0m Got response with status 200: {"sessionId":"e99dcc09-a0f0-48bb-8a0b-d829d4323b82","value":null}
&amp#27;[38;5;32m[AndroidUiautomator2Driver@dabd (47571b8e)]&amp#27;[0m Responding to client with driver.click() result: null
&amp#27;[38;5;0m[HTTP]&amp#27;[0m &amp#27;[37m<-- POST /session/47571b8e-6191-4ef5-a875-b0f0dcd05976/element/00000000-0000-0594-ffff-ffff0000019e/click &amp#27;[39m&amp#27;[32m200&amp#27;[39m &amp#27;[90m122 ms - 14&amp#27;[39m
&amp#27;[38;5;0m[HTTP]&amp#27;[0m &amp#27;[90m&amp#27;[39m
&amp#27;[38;5;0m[HTTP]&amp#27;[0m &amp#27;[37m-->&amp#27;[39m &amp#27;[37mGET&amp#27;[39m &amp#27;[37m/session/47571b8e-6191-4ef5-a875-b0f0dcd05976/context&amp#27;[39m
&amp#27;[38;5;0m[HTTP]&amp#27;[0m &amp#27;[90m{}&amp#27;[39m
&amp#27;[38;5;32m[AndroidUiautomator2Driver@dabd (47571b8e)]&amp#27;[0m Calling AppiumDriver.getCurrentContext() with args: ["47571b8e-6191-4ef5-a875-b0f0dcd05976"]
&amp#27;[38;5;32m[AndroidUiautomator2Driver@dabd (47571b8e)]&amp#27;[0m Responding to client with driver.getCurrentContext() result: "NATIVE_APP"
&amp#27;[38;5;0m[HTTP]&amp#27;[0m &amp#27;[37m<-- GET /session/47571b8e-6191-4ef5-a875-b0f0dcd05976/context &amp#27;[39m&amp#27;[32m200&amp#27;[39m &amp#27;[90m1 ms - 22&amp#27;[39m
&amp#27;[38;5;0m[HTTP]&amp#27;[0m &amp#27;[90m&amp#27;[39m
&amp#27;[38;5;0m[HTTP]&amp#27;[0m &amp#27;[37m-->&amp#27;[39m &amp#27;[37mPOST&amp#27;[39m &amp#27;[37m/session/47571b8e-6191-4ef5-a875-b0f0dcd05976/element&amp#27;[39m
&amp#27;[38;5;0m[HTTP]&amp#27;[0m &amp#27;[90m{"using":"xpath","value":"//android.widget.TextView[contains(@text,'shipping')]"}&amp#27;[39m
&amp#27;[38;5;32m[AndroidUiautomator2Driver@dabd (47571b8e)]&amp#27;[0m Calling AppiumDriver.findElement() with args: ["xpath","//android.widget.TextView[contains(@text,'shipping')]","47571b8e-6191-4ef5-a875-b0f0dcd05976"]
&amp#27;[38;5;32m[AndroidUiautomator2Driver@dabd (47571b8e)]&amp#27;[0m Valid locator strategies for this request: xpath, id, class name, accessibility id, css selector, -android uiautomator
&amp#27;[38;5;32m[AndroidUiautomator2Driver@dabd (47571b8e)]&amp#27;[0m Waiting up to 10000 ms for condition
&amp#27;[38;5;32m[AndroidUiautomator2Driver@dabd (47571b8e)]&amp#27;[0m Matched '/element' to command name 'findElement'
&amp#27;[38;5;32m[AndroidUiautomator2Driver@dabd (47571b8e)]&amp#27;[0m Proxying [POST /element] to [POST http://127.0.0.1:8201/session/e99dcc09-a0f0-48bb-8a0b-d829d4323b82/element] with body: {"strategy":"xpath","selector":"//android.widget.TextView[contains(@text,'shipping')]","context":"","multiple":false}
&amp#27;[38;5;32m[AndroidUiautomator2Driver@dabd (47571b8e)]&amp#27;[0m Got response with status 200: {"sessionId":"e99dcc09-a0f0-48bb-8a0b-d829d4323b82","value":{"ELEMENT":"00000000-0000-0594-ffff-ffff000001ae","element-6066-11e4-a52e-4f735466cecf":"00000000-0000-0594-ffff-ffff000001ae"}}
&amp#27;[38;5;32m[AndroidUiautomator2Driver@dabd (47571b8e)]&amp#27;[0m Responding to client with driver.findElement() result: {"element-6066-11e4-a52e-4f735466cecf":"00000000-0000-0594-ffff-ffff000001ae","ELEMENT":"00000000-0000-0594-ffff-ffff000001ae"}
&amp#27;[38;5;0m[HTTP]&amp#27;[0m &amp#27;[37m<-- POST /session/47571b8e-6191-4ef5-a875-b0f0dcd05976/element &amp#27;[39m&amp#27;[32m200&amp#27;[39m &amp#27;[90m1325 ms - 137&amp#27;[39m
&amp#27;[38;5;0m[HTTP]&amp#27;[0m &amp#27;[90m&amp#27;[39m
&amp#27;[38;5;0m[HTTP]&amp#27;[0m &amp#27;[37m-->&amp#27;[39m &amp#27;[37mGET&amp#27;[39m &amp#27;[37m/session/47571b8e-6191-4ef5-a875-b0f0dcd05976/element/00000000-0000-0594-ffff-ffff000001ae/text&amp#27;[39m
&amp#27;[38;5;0m[HTTP]&amp#27;[0m &amp#27;[90m{}&amp#27;[39m
&amp#27;[38;5;32m[AndroidUiautomator2Driver@dabd (47571b8e)]&amp#27;[0m Driver proxy active, passing request on via HTTP proxy
&amp#27;[38;5;32m[AndroidUiautomator2Driver@dabd (47571b8e)]&amp#27;[0m Matched '/session/47571b8e-6191-4ef5-a875-b0f0dcd05976/element/00000000-0000-0594-ffff-ffff000001ae/text' to command name 'getText'
&amp#27;[38;5;32m[AndroidUiautomator2Driver@dabd (47571b8e)]&amp#27;[0m Proxying [GET /session/47571b8e-6191-4ef5-a875-b0f0dcd05976/element/00000000-0000-0594-ffff-ffff000001ae/text] to [GET http://127.0.0.1:8201/session/e99dcc09-a0f0-48bb-8a0b-d829d4323b82/element/00000000-0000-0594-ffff-ffff000001ae/text] with no body
&amp#27;[38;5;32m[AndroidUiautomator2Driver@dabd (47571b8e)]&amp#27;[0m Got response with status 200: {"sessionId":"e99dcc09-a0f0-48bb-8a0b-d829d4323b82","value":"Enter a shipping address"}
&amp#27;[38;5;32m[AndroidUiautomator2Driver@dabd (47571b8e)]&amp#27;[0m Replacing sessionId e99dcc09-a0f0-48bb-8a0b-d829d4323b82 with 47571b8e-6191-4ef5-a875-b0f0dcd05976
&amp#27;[38;5;0m[HTTP]&amp#27;[0m &amp#27;[37m<-- GET /session/47571b8e-6191-4ef5-a875-b0f0dcd05976/element/00000000-0000-0594-ffff-ffff000001ae/text &amp#27;[39m&amp#27;[32m200&amp#27;[39m &amp#27;[90m51 ms - 87&amp#27;[39m
&amp#27;[38;5;0m[HTTP]&amp#27;[0m &amp#27;[90m&amp#27;[39m
&amp#27;[38;5;0m[HTTP]&amp#27;[0m &amp#27;[37m-->&amp#27;[39m &amp#27;[37mGET&amp#27;[39m &amp#27;[37m/session/47571b8e-6191-4ef5-a875-b0f0dcd05976/context&amp#27;[39m
&amp#27;[38;5;0m[HTTP]&amp#27;[0m &amp#27;[90m{}&amp#27;[39m
&amp#27;[38;5;32m[AndroidUiautomator2Driver@dabd (47571b8e)]&amp#27;[0m Calling AppiumDriver.getCurrentContext() with args: ["47571b8e-6191-4ef5-a875-b0f0dcd05976"]
&amp#27;[38;5;32m[AndroidUiautomator2Driver@dabd (47571b8e)]&amp#27;[0m Responding to client with driver.getCurrentContext() result: "NATIVE_APP"
&amp#27;[38;5;0m[HTTP]&amp#27;[0m &amp#27;[37m<-- GET /session/47571b8e-6191-4ef5-a875-b0f0dcd05976/context &amp#27;[39m&amp#27;[32m200&amp#27;[39m &amp#27;[90m1 ms - 22&amp#27;[39m
&amp#27;[38;5;0m[HTTP]&amp#27;[0m &amp#27;[90m&amp#27;[39m
&amp#27;[38;5;0m[HTTP]&amp#27;[0m &amp#27;[37m-->&amp#27;[39m &amp#27;[37mPOST&amp#27;[39m &amp#27;[37m/session/47571b8e-6191-4ef5-a875-b0f0dcd05976/element&amp#27;[39m
&amp#27;[38;5;0m[HTTP]&amp#27;[0m &amp#27;[90m{"using":"accessibility id","value":"Full Name* input field"}&amp#27;[39m
&amp#27;[38;5;32m[AndroidUiautomator2Driver@dabd (47571b8e)]&amp#27;[0m Calling AppiumDriver.findElement() with args: ["accessibility id","Full Name* input field","47571b8e-6191-4ef5-a875-b0f0dcd05976"]
&amp#27;[38;5;32m[AndroidUiautomator2Driver@dabd (47571b8e)]&amp#27;[0m Valid locator strategies for this request: xpath, id, class name, accessibility id, css selector, -android uiautomator
&amp#27;[38;5;32m[AndroidUiautomator2Driver@dabd (47571b8e)]&amp#27;[0m Waiting up to 10000 ms for condition
&amp#27;[38;5;32m[AndroidUiautomator2Driver@dabd (47571b8e)]&amp#27;[0m Matched '/element' to command name 'findElement'
&amp#27;[38;5;32m[AndroidUiautomator2Driver@dabd (47571b8e)]&amp#27;[0m Proxying [POST /element] to [POST http://127.0.0.1:8201/session/e99dcc09-a0f0-48bb-8a0b-d829d4323b82/element] with body: {"strategy":"accessibility id","selector":"Full Name* input field","context":"","multiple":false}
&amp#27;[38;5;32m[AndroidUiautomator2Driver@dabd (47571b8e)]&amp#27;[0m Got response with status 200: {"sessionId":"e99dcc09-a0f0-48bb-8a0b-d829d4323b82","value":{"ELEMENT":"00000000-0000-0594-ffff-ffff000001b0","element-6066-11e4-a52e-4f735466cecf":"00000000-0000-0594-ffff-ffff000001b0"}}
&amp#27;[38;5;32m[AndroidUiautomator2Driver@dabd (47571b8e)]&amp#27;[0m Responding to client with driver.findElement() result: {"element-6066-11e4-a52e-4f735466cecf":"00000000-0000-0594-ffff-ffff000001b0","ELEMENT":"00000000-0000-0594-ffff-ffff000001b0"}
&amp#27;[38;5;0m[HTTP]&amp#27;[0m &amp#27;[37m<-- POST /session/47571b8e-6191-4ef5-a875-b0f0dcd05976/element &amp#27;[39m&amp#27;[32m200&amp#27;[39m &amp#27;[90m242 ms - 137&amp#27;[39m
&amp#27;[38;5;0m[HTTP]&amp#27;[0m &amp#27;[90m&amp#27;[39m
&amp#27;[38;5;0m[HTTP]&amp#27;[0m &amp#27;[37m-->&amp#27;[39m &amp#27;[37mPOST&amp#27;[39m &amp#27;[37m/session/47571b8e-6191-4ef5-a875-b0f0dcd05976/element/00000000-0000-0594-ffff-ffff000001b0/value&amp#27;[39m
&amp#27;[38;5;0m[HTTP]&amp#27;[0m &amp#27;[90m{"id":"00000000-0000-0594-ffff-ffff000001b0","text":"Bob Fisher","value":["B","o","b"," ","F","i","s","h","e","r"]}&amp#27;[39m
&amp#27;[38;5;32m[AndroidUiautomator2Driver@dabd (47571b8e)]&amp#27;[0m Calling AppiumDriver.setValue() with args: [["B","o","b"," ","F","i","s","h","e","r"],"00000000-0000-0594-ffff-ffff000001b0","47571b8e-6191-4ef5-a875-b0f0dcd05976"]
&amp#27;[38;5;32m[AndroidUiautomator2Driver@dabd (47571b8e)]&amp#27;[0m Matched '/element/00000000-0000-0594-ffff-ffff000001b0/value' to command name 'setValue'
&amp#27;[38;5;32m[AndroidUiautomator2Driver@dabd (47571b8e)]&amp#27;[0m Added 'value' property ["B","o","b"," ","F","i","s","h","e","r"] to 'setValue' request body
&amp#27;[38;5;32m[AndroidUiautomator2Driver@dabd (47571b8e)]&amp#27;[0m Proxying [POST /element/00000000-0000-0594-ffff-ffff000001b0/value] to [POST http://127.0.0.1:8201/session/e99dcc09-a0f0-48bb-8a0b-d829d4323b82/element/00000000-0000-0594-ffff-ffff000001b0/value] with body: {"elementId":"00000000-0000-0594-ffff-ffff000001b0","text":"Bob Fisher","replace":false,"value":["B","o","b"," ","F","i","s","h","e","r"]}
&amp#27;[38;5;32m[AndroidUiautomator2Driver@dabd (47571b8e)]&amp#27;[0m Got response with status 200: {"sessionId":"e99dcc09-a0f0-48bb-8a0b-d829d4323b82","value":null}
&amp#27;[38;5;32m[AndroidUiautomator2Driver@dabd (47571b8e)]&amp#27;[0m Responding to client with driver.setValue() result: null
&amp#27;[38;5;0m[HTTP]&amp#27;[0m &amp#27;[37m<-- POST /session/47571b8e-6191-4ef5-a875-b0f0dcd05976/element/00000000-0000-0594-ffff-ffff000001b0/value &amp#27;[39m&amp#27;[32m200&amp#27;[39m &amp#27;[90m596 ms - 14&amp#27;[39m
&amp#27;[38;5;0m[HTTP]&amp#27;[0m &amp#27;[90m&amp#27;[39m
&amp#27;[38;5;0m[HTTP]&amp#27;[0m &amp#27;[37m-->&amp#27;[39m &amp#27;[37mPOST&amp#27;[39m &amp#27;[37m/session/47571b8e-6191-4ef5-a875-b0f0dcd05976/execute/sync&amp#27;[39m
&amp#27;[38;5;0m[HTTP]&amp#27;[0m &amp#27;[90m{"script":"mobile: hideKeyboard","args":[]}&amp#27;[39m
&amp#27;[38;5;32m[AndroidUiautomator2Driver@dabd (47571b8e)]&amp#27;[0m Calling AppiumDriver.execute() with args: ["mobile: hideKeyboard",[],"47571b8e-6191-4ef5-a875-b0f0dcd05976"]
&amp#27;[38;5;32m[AndroidUiautomator2Driver@dabd (47571b8e)]&amp#27;[0m Executing method 'mobile: hideKeyboard'
&amp#27;[38;5;64m[ADB]&amp#27;[0m Running 'C:\Users\super\Desktop\Study\Appium\cmdline-tools\bin\platform-tools\adb.exe -P 5037 -s LMG900TMW8KJ7DTSOB shell dumpsys input_method'
&amp#27;[38;5;64m[ADB]&amp#27;[0m Keyboard has no UI; no closing necessary
&amp#27;[38;5;32m[AndroidUiautomator2Driver@dabd (47571b8e)]&amp#27;[0m Responding to client with driver.execute() result: false
&amp#27;[38;5;0m[HTTP]&amp#27;[0m &amp#27;[37m<-- POST /session/47571b8e-6191-4ef5-a875-b0f0dcd05976/execute/sync &amp#27;[39m&amp#27;[32m200&amp#27;[39m &amp#27;[90m85 ms - 15&amp#27;[39m
&amp#27;[38;5;0m[HTTP]&amp#27;[0m &amp#27;[90m&amp#27;[39m
&amp#27;[38;5;0m[HTTP]&amp#27;[0m &amp#27;[37m-->&amp#27;[39m &amp#27;[37mGET&amp#27;[39m &amp#27;[37m/session/47571b8e-6191-4ef5-a875-b0f0dcd05976/context&amp#27;[39m
&amp#27;[38;5;0m[HTTP]&amp#27;[0m &amp#27;[90m{}&amp#27;[39m
&amp#27;[38;5;32m[AndroidUiautomator2Driver@dabd (47571b8e)]&amp#27;[0m Calling AppiumDriver.getCurrentContext() with args: ["47571b8e-6191-4ef5-a875-b0f0dcd05976"]
&amp#27;[38;5;32m[AndroidUiautomator2Driver@dabd (47571b8e)]&amp#27;[0m Responding to client with driver.getCurrentContext() result: "NATIVE_APP"
&amp#27;[38;5;0m[HTTP]&amp#27;[0m &amp#27;[37m<-- GET /session/47571b8e-6191-4ef5-a875-b0f0dcd05976/context &amp#27;[39m&amp#27;[32m200&amp#27;[39m &amp#27;[90m1 ms - 22&amp#27;[39m
&amp#27;[38;5;0m[HTTP]&amp#27;[0m &amp#27;[90m&amp#27;[39m
&amp#27;[38;5;0m[HTTP]&amp#27;[0m &amp#27;[37m-->&amp#27;[39m &amp#27;[37mPOST&amp#27;[39m &amp#27;[37m/session/47571b8e-6191-4ef5-a875-b0f0dcd05976/element&amp#27;[39m
&amp#27;[38;5;0m[HTTP]&amp#27;[0m &amp#27;[90m{"using":"accessibility id","value":"Address Line 1* input field"}&amp#27;[39m
&amp#27;[38;5;32m[AndroidUiautomator2Driver@dabd (47571b8e)]&amp#27;[0m Calling AppiumDriver.findElement() with args: ["accessibility id","Address Line 1* input field","47571b8e-6191-4ef5-a875-b0f0dcd05976"]
&amp#27;[38;5;32m[AndroidUiautomator2Driver@dabd (47571b8e)]&amp#27;[0m Valid locator strategies for this request: xpath, id, class name, accessibility id, css selector, -android uiautomator
&amp#27;[38;5;32m[AndroidUiautomator2Driver@dabd (47571b8e)]&amp#27;[0m Waiting up to 10000 ms for condition
&amp#27;[38;5;32m[AndroidUiautomator2Driver@dabd (47571b8e)]&amp#27;[0m Matched '/element' to command name 'findElement'
&amp#27;[38;5;32m[AndroidUiautomator2Driver@dabd (47571b8e)]&amp#27;[0m Proxying [POST /element] to [POST http://127.0.0.1:8201/session/e99dcc09-a0f0-48bb-8a0b-d829d4323b82/element] with body: {"strategy":"accessibility id","selector":"Address Line 1* input field","context":"","multiple":false}
&amp#27;[38;5;32m[AndroidUiautomator2Driver@dabd (47571b8e)]&amp#27;[0m Got response with status 200: {"sessionId":"e99dcc09-a0f0-48bb-8a0b-d829d4323b82","value":{"ELEMENT":"00000000-0000-0594-ffff-ffff000001b3","element-6066-11e4-a52e-4f735466cecf":"00000000-0000-0594-ffff-ffff000001b3"}}
&amp#27;[38;5;32m[AndroidUiautomator2Driver@dabd (47571b8e)]&amp#27;[0m Responding to client with driver.findElement() result: {"element-6066-11e4-a52e-4f735466cecf":"00000000-0000-0594-ffff-ffff000001b3","ELEMENT":"00000000-0000-0594-ffff-ffff000001b3"}
&amp#27;[38;5;0m[HTTP]&amp#27;[0m &amp#27;[37m<-- POST /session/47571b8e-6191-4ef5-a875-b0f0dcd05976/element &amp#27;[39m&amp#27;[32m200&amp#27;[39m &amp#27;[90m550 ms - 137&amp#27;[39m
&amp#27;[38;5;0m[HTTP]&amp#27;[0m &amp#27;[90m&amp#27;[39m
&amp#27;[38;5;0m[HTTP]&amp#27;[0m &amp#27;[37m-->&amp#27;[39m &amp#27;[37mPOST&amp#27;[39m &amp#27;[37m/session/47571b8e-6191-4ef5-a875-b0f0dcd05976/element/00000000-0000-0594-ffff-ffff000001b3/value&amp#27;[39m
&amp#27;[38;5;0m[HTTP]&amp#27;[0m &amp#27;[90m{"id":"00000000-0000-0594-ffff-ffff000001b3","text":"123 Test Ave","value":["1","2","3"," ","T","e","s","t"," ","A","v","e"]}&amp#27;[39m
&amp#27;[38;5;32m[AndroidUiautomator2Driver@dabd (47571b8e)]&amp#27;[0m Calling AppiumDriver.setValue() with args: [["1","2","3"," ","T","e","s","t"," ","A","v","e"],"00000000-0000-0594-ffff-ffff000001b3","47571b8e-6191-4ef5-a875-b0f0dcd05976"]
&amp#27;[38;5;32m[AndroidUiautomator2Driver@dabd (47571b8e)]&amp#27;[0m Matched '/element/00000000-0000-0594-ffff-ffff000001b3/value' to command name 'setValue'
&amp#27;[38;5;32m[AndroidUiautomator2Driver@dabd (47571b8e)]&amp#27;[0m Added 'value' property ["1","2","3"," ","T","e","s","t"," ","A","v","e"] to 'setValue' request body
&amp#27;[38;5;32m[AndroidUiautomator2Driver@dabd (47571b8e)]&amp#27;[0m Proxying [POST /element/00000000-0000-0594-ffff-ffff000001b3/value] to [POST http://127.0.0.1:8201/session/e99dcc09-a0f0-48bb-8a0b-d829d4323b82/element/00000000-0000-0594-ffff-ffff000001b3/value] with body: {"elementId":"00000000-0000-0594-ffff-ffff000001b3","text":"123 Test Ave","replace":false,"value":["1","2","3"," ","T","e","s","t"," ","A","v","e"]}
&amp#27;[38;5;32m[AndroidUiautomator2Driver@dabd (47571b8e)]&amp#27;[0m Got response with status 200: {"sessionId":"e99dcc09-a0f0-48bb-8a0b-d829d4323b82","value":null}
&amp#27;[38;5;32m[AndroidUiautomator2Driver@dabd (47571b8e)]&amp#27;[0m Responding to client with driver.setValue() result: null
&amp#27;[38;5;0m[HTTP]&amp#27;[0m &amp#27;[37m<-- POST /session/47571b8e-6191-4ef5-a875-b0f0dcd05976/element/00000000-0000-0594-ffff-ffff000001b3/value &amp#27;[39m&amp#27;[32m200&amp#27;[39m &amp#27;[90m77 ms - 14&amp#27;[39m
&amp#27;[38;5;0m[HTTP]&amp#27;[0m &amp#27;[90m&amp#27;[39m
&amp#27;[38;5;0m[HTTP]&amp#27;[0m &amp#27;[37m-->&amp#27;[39m &amp#27;[37mGET&amp#27;[39m &amp#27;[37m/session/47571b8e-6191-4ef5-a875-b0f0dcd05976/context&amp#27;[39m
&amp#27;[38;5;0m[HTTP]&amp#27;[0m &amp#27;[90m{}&amp#27;[39m
&amp#27;[38;5;32m[AndroidUiautomator2Driver@dabd (47571b8e)]&amp#27;[0m Calling AppiumDriver.getCurrentContext() with args: ["47571b8e-6191-4ef5-a875-b0f0dcd05976"]
&amp#27;[38;5;32m[AndroidUiautomator2Driver@dabd (47571b8e)]&amp#27;[0m Responding to client with driver.getCurrentContext() result: "NATIVE_APP"
&amp#27;[38;5;0m[HTTP]&amp#27;[0m &amp#27;[37m<-- GET /session/47571b8e-6191-4ef5-a875-b0f0dcd05976/context &amp#27;[39m&amp#27;[32m200&amp#27;[39m &amp#27;[90m1 ms - 22&amp#27;[39m
&amp#27;[38;5;0m[HTTP]&amp#27;[0m &amp#27;[90m&amp#27;[39m
&amp#27;[38;5;0m[HTTP]&amp#27;[0m &amp#27;[37m-->&amp#27;[39m &amp#27;[37mPOST&amp#27;[39m &amp#27;[37m/session/47571b8e-6191-4ef5-a875-b0f0dcd05976/element&amp#27;[39m
&amp#27;[38;5;0m[HTTP]&amp#27;[0m &amp#27;[90m{"using":"accessibility id","value":"Address Line 2 input field"}&amp#27;[39m
&amp#27;[38;5;32m[AndroidUiautomator2Driver@dabd (47571b8e)]&amp#27;[0m Calling AppiumDriver.findElement() with args: ["accessibility id","Address Line 2 input field","47571b8e-6191-4ef5-a875-b0f0dcd05976"]
&amp#27;[38;5;32m[AndroidUiautomator2Driver@dabd (47571b8e)]&amp#27;[0m Valid locator strategies for this request: xpath, id, class name, accessibility id, css selector, -android uiautomator
&amp#27;[38;5;32m[AndroidUiautomator2Driver@dabd (47571b8e)]&amp#27;[0m Waiting up to 10000 ms for condition
&amp#27;[38;5;32m[AndroidUiautomator2Driver@dabd (47571b8e)]&amp#27;[0m Matched '/element' to command name 'findElement'
&amp#27;[38;5;32m[AndroidUiautomator2Driver@dabd (47571b8e)]&amp#27;[0m Proxying [POST /element] to [POST http://127.0.0.1:8201/session/e99dcc09-a0f0-48bb-8a0b-d829d4323b82/element] with body: {"strategy":"accessibility id","selector":"Address Line 2 input field","context":"","multiple":false}
&amp#27;[38;5;32m[AndroidUiautomator2Driver@dabd (47571b8e)]&amp#27;[0m Got response with status 200: {"sessionId":"e99dcc09-a0f0-48bb-8a0b-d829d4323b82","value":{"ELEMENT":"00000000-0000-0594-ffff-ffff000001b6","element-6066-11e4-a52e-4f735466cecf":"00000000-0000-0594-ffff-ffff000001b6"}}
&amp#27;[38;5;32m[AndroidUiautomator2Driver@dabd (47571b8e)]&amp#27;[0m Responding to client with driver.findElement() result: {"element-6066-11e4-a52e-4f735466cecf":"00000000-0000-0594-ffff-ffff000001b6","ELEMENT":"00000000-0000-0594-ffff-ffff000001b6"}
&amp#27;[38;5;0m[HTTP]&amp#27;[0m &amp#27;[37m<-- POST /session/47571b8e-6191-4ef5-a875-b0f0dcd05976/element &amp#27;[39m&amp#27;[32m200&amp#27;[39m &amp#27;[90m964 ms - 137&amp#27;[39m
&amp#27;[38;5;0m[HTTP]&amp#27;[0m &amp#27;[90m&amp#27;[39m
&amp#27;[38;5;0m[HTTP]&amp#27;[0m &amp#27;[37m-->&amp#27;[39m &amp#27;[37mPOST&amp#27;[39m &amp#27;[37m/session/47571b8e-6191-4ef5-a875-b0f0dcd05976/element/00000000-0000-0594-ffff-ffff000001b6/value&amp#27;[39m
&amp#27;[38;5;0m[HTTP]&amp#27;[0m &amp#27;[90m{"id":"00000000-0000-0594-ffff-ffff000001b6","text":"999","value":["9","9","9"]}&amp#27;[39m
&amp#27;[38;5;32m[AndroidUiautomator2Driver@dabd (47571b8e)]&amp#27;[0m Calling AppiumDriver.setValue() with args: [["9","9","9"],"00000000-0000-0594-ffff-ffff000001b6","47571b8e-6191-4ef5-a875-b0f0dcd05976"]
&amp#27;[38;5;32m[AndroidUiautomator2Driver@dabd (47571b8e)]&amp#27;[0m Matched '/element/00000000-0000-0594-ffff-ffff000001b6/value' to command name 'setValue'
&amp#27;[38;5;32m[AndroidUiautomator2Driver@dabd (47571b8e)]&amp#27;[0m Added 'value' property ["9","9","9"] to 'setValue' request body
&amp#27;[38;5;32m[AndroidUiautomator2Driver@dabd (47571b8e)]&amp#27;[0m Proxying [POST /element/00000000-0000-0594-ffff-ffff000001b6/value] to [POST http://127.0.0.1:8201/session/e99dcc09-a0f0-48bb-8a0b-d829d4323b82/element/00000000-0000-0594-ffff-ffff000001b6/value] with body: {"elementId":"00000000-0000-0594-ffff-ffff000001b6","text":"999","replace":false,"value":["9","9","9"]}
&amp#27;[38;5;32m[AndroidUiautomator2Driver@dabd (47571b8e)]&amp#27;[0m Got response with status 200: {"sessionId":"e99dcc09-a0f0-48bb-8a0b-d829d4323b82","value":null}
&amp#27;[38;5;32m[AndroidUiautomator2Driver@dabd (47571b8e)]&amp#27;[0m Responding to client with driver.setValue() result: null
&amp#27;[38;5;0m[HTTP]&amp#27;[0m &amp#27;[37m<-- POST /session/47571b8e-6191-4ef5-a875-b0f0dcd05976/element/00000000-0000-0594-ffff-ffff000001b6/value &amp#27;[39m&amp#27;[32m200&amp#27;[39m &amp#27;[90m609 ms - 14&amp#27;[39m
&amp#27;[38;5;0m[HTTP]&amp#27;[0m &amp#27;[90m&amp#27;[39m
&amp#27;[38;5;0m[HTTP]&amp#27;[0m &amp#27;[37m-->&amp#27;[39m &amp#27;[37mGET&amp#27;[39m &amp#27;[37m/session/47571b8e-6191-4ef5-a875-b0f0dcd05976/context&amp#27;[39m
&amp#27;[38;5;0m[HTTP]&amp#27;[0m &amp#27;[90m{}&amp#27;[39m
&amp#27;[38;5;32m[AndroidUiautomator2Driver@dabd (47571b8e)]&amp#27;[0m Calling AppiumDriver.getCurrentContext() with args: ["47571b8e-6191-4ef5-a875-b0f0dcd05976"]
&amp#27;[38;5;32m[AndroidUiautomator2Driver@dabd (47571b8e)]&amp#27;[0m Responding to client with driver.getCurrentContext() result: "NATIVE_APP"
&amp#27;[38;5;0m[HTTP]&amp#27;[0m &amp#27;[37m<-- GET /session/47571b8e-6191-4ef5-a875-b0f0dcd05976/context &amp#27;[39m&amp#27;[32m200&amp#27;[39m &amp#27;[90m1 ms - 22&amp#27;[39m
&amp#27;[38;5;0m[HTTP]&amp#27;[0m &amp#27;[90m&amp#27;[39m
&amp#27;[38;5;0m[HTTP]&amp#27;[0m &amp#27;[37m-->&amp#27;[39m &amp#27;[37mPOST&amp#27;[39m &amp#27;[37m/session/47571b8e-6191-4ef5-a875-b0f0dcd05976/element&amp#27;[39m
&amp#27;[38;5;0m[HTTP]&amp#27;[0m &amp#27;[90m{"using":"accessibility id","value":"City* input field"}&amp#27;[39m
&amp#27;[38;5;32m[AndroidUiautomator2Driver@dabd (47571b8e)]&amp#27;[0m Calling AppiumDriver.findElement() with args: ["accessibility id","City* input field","47571b8e-6191-4ef5-a875-b0f0dcd05976"]
&amp#27;[38;5;32m[AndroidUiautomator2Driver@dabd (47571b8e)]&amp#27;[0m Valid locator strategies for this request: xpath, id, class name, accessibility id, css selector, -android uiautomator
&amp#27;[38;5;32m[AndroidUiautomator2Driver@dabd (47571b8e)]&amp#27;[0m Waiting up to 10000 ms for condition
&amp#27;[38;5;32m[AndroidUiautomator2Driver@dabd (47571b8e)]&amp#27;[0m Matched '/element' to command name 'findElement'
&amp#27;[38;5;32m[AndroidUiautomator2Driver@dabd (47571b8e)]&amp#27;[0m Proxying [POST /element] to [POST http://127.0.0.1:8201/session/e99dcc09-a0f0-48bb-8a0b-d829d4323b82/element] with body: {"strategy":"accessibility id","selector":"City* input field","context":"","multiple":false}
&amp#27;[38;5;32m[AndroidUiautomator2Driver@dabd (47571b8e)]&amp#27;[0m Got response with status 200: {"sessionId":"e99dcc09-a0f0-48bb-8a0b-d829d4323b82","value":{"ELEMENT":"00000000-0000-0594-ffff-ffff000001b9","element-6066-11e4-a52e-4f735466cecf":"00000000-0000-0594-ffff-ffff000001b9"}}
&amp#27;[38;5;32m[AndroidUiautomator2Driver@dabd (47571b8e)]&amp#27;[0m Responding to client with driver.findElement() result: {"element-6066-11e4-a52e-4f735466cecf":"00000000-0000-0594-ffff-ffff000001b9","ELEMENT":"00000000-0000-0594-ffff-ffff000001b9"}
&amp#27;[38;5;0m[HTTP]&amp#27;[0m &amp#27;[37m<-- POST /session/47571b8e-6191-4ef5-a875-b0f0dcd05976/element &amp#27;[39m&amp#27;[32m200&amp#27;[39m &amp#27;[90m705 ms - 137&amp#27;[39m
&amp#27;[38;5;0m[HTTP]&amp#27;[0m &amp#27;[90m&amp#27;[39m
&amp#27;[38;5;0m[HTTP]&amp#27;[0m &amp#27;[37m-->&amp#27;[39m &amp#27;[37mPOST&amp#27;[39m &amp#27;[37m/session/47571b8e-6191-4ef5-a875-b0f0dcd05976/element/00000000-0000-0594-ffff-ffff000001b9/value&amp#27;[39m
&amp#27;[38;5;0m[HTTP]&amp#27;[0m &amp#27;[90m{"id":"00000000-0000-0594-ffff-ffff000001b9","text":"San Diego","value":["S","a","n"," ","D","i","e","g","o"]}&amp#27;[39m
&amp#27;[38;5;32m[AndroidUiautomator2Driver@dabd (47571b8e)]&amp#27;[0m Calling AppiumDriver.setValue() with args: [["S","a","n"," ","D","i","e","g","o"],"00000000-0000-0594-ffff-ffff000001b9","47571b8e-6191-4ef5-a875-b0f0dcd05976"]
&amp#27;[38;5;32m[AndroidUiautomator2Driver@dabd (47571b8e)]&amp#27;[0m Matched '/element/00000000-0000-0594-ffff-ffff000001b9/value' to command name 'setValue'
&amp#27;[38;5;32m[AndroidUiautomator2Driver@dabd (47571b8e)]&amp#27;[0m Added 'value' property ["S","a","n"," ","D","i","e","g","o"] to 'setValue' request body
&amp#27;[38;5;32m[AndroidUiautomator2Driver@dabd (47571b8e)]&amp#27;[0m Proxying [POST /element/00000000-0000-0594-ffff-ffff000001b9/value] to [POST http://127.0.0.1:8201/session/e99dcc09-a0f0-48bb-8a0b-d829d4323b82/element/00000000-0000-0594-ffff-ffff000001b9/value] with body: {"elementId":"00000000-0000-0594-ffff-ffff000001b9","text":"San Diego","replace":false,"value":["S","a","n"," ","D","i","e","g","o"]}
&amp#27;[38;5;32m[AndroidUiautomator2Driver@dabd (47571b8e)]&amp#27;[0m Got response with status 200: {"sessionId":"e99dcc09-a0f0-48bb-8a0b-d829d4323b82","value":null}
&amp#27;[38;5;32m[AndroidUiautomator2Driver@dabd (47571b8e)]&amp#27;[0m Responding to client with driver.setValue() result: null
&amp#27;[38;5;0m[HTTP]&amp#27;[0m &amp#27;[37m<-- POST /session/47571b8e-6191-4ef5-a875-b0f0dcd05976/element/00000000-0000-0594-ffff-ffff000001b9/value &amp#27;[39m&amp#27;[32m200&amp#27;[39m &amp#27;[90m94 ms - 14&amp#27;[39m
&amp#27;[38;5;0m[HTTP]&amp#27;[0m &amp#27;[90m&amp#27;[39m
&amp#27;[38;5;0m[HTTP]&amp#27;[0m &amp#27;[37m-->&amp#27;[39m &amp#27;[37mGET&amp#27;[39m &amp#27;[37m/session/47571b8e-6191-4ef5-a875-b0f0dcd05976/context&amp#27;[39m
&amp#27;[38;5;0m[HTTP]&amp#27;[0m &amp#27;[90m{}&amp#27;[39m
&amp#27;[38;5;32m[AndroidUiautomator2Driver@dabd (47571b8e)]&amp#27;[0m Calling AppiumDriver.getCurrentContext() with args: ["47571b8e-6191-4ef5-a875-b0f0dcd05976"]
&amp#27;[38;5;32m[AndroidUiautomator2Driver@dabd (47571b8e)]&amp#27;[0m Responding to client with driver.getCurrentContext() result: "NATIVE_APP"
&amp#27;[38;5;0m[HTTP]&amp#27;[0m &amp#27;[37m<-- GET /session/47571b8e-6191-4ef5-a875-b0f0dcd05976/context &amp#27;[39m&amp#27;[32m200&amp#27;[39m &amp#27;[90m1 ms - 22&amp#27;[39m
&amp#27;[38;5;0m[HTTP]&amp#27;[0m &amp#27;[90m&amp#27;[39m
&amp#27;[38;5;0m[HTTP]&amp#27;[0m &amp#27;[37m-->&amp#27;[39m &amp#27;[37mPOST&amp#27;[39m &amp#27;[37m/session/47571b8e-6191-4ef5-a875-b0f0dcd05976/element&amp#27;[39m
&amp#27;[38;5;0m[HTTP]&amp#27;[0m &amp#27;[90m{"using":"accessibility id","value":"State/Region input field"}&amp#27;[39m
&amp#27;[38;5;32m[AndroidUiautomator2Driver@dabd (47571b8e)]&amp#27;[0m Calling AppiumDriver.findElement() with args: ["accessibility id","State/Region input field","47571b8e-6191-4ef5-a875-b0f0dcd05976"]
&amp#27;[38;5;32m[AndroidUiautomator2Driver@dabd (47571b8e)]&amp#27;[0m Valid locator strategies for this request: xpath, id, class name, accessibility id, css selector, -android uiautomator
&amp#27;[38;5;32m[AndroidUiautomator2Driver@dabd (47571b8e)]&amp#27;[0m Waiting up to 10000 ms for condition
&amp#27;[38;5;32m[AndroidUiautomator2Driver@dabd (47571b8e)]&amp#27;[0m Matched '/element' to command name 'findElement'
&amp#27;[38;5;32m[AndroidUiautomator2Driver@dabd (47571b8e)]&amp#27;[0m Proxying [POST /element] to [POST http://127.0.0.1:8201/session/e99dcc09-a0f0-48bb-8a0b-d829d4323b82/element] with body: {"strategy":"accessibility id","selector":"State/Region input field","context":"","multiple":false}
&amp#27;[38;5;32m[AndroidUiautomator2Driver@dabd (47571b8e)]&amp#27;[0m Got response with status 200: {"sessionId":"e99dcc09-a0f0-48bb-8a0b-d829d4323b82","value":{"ELEMENT":"00000000-0000-0594-ffff-ffff000001bc","element-6066-11e4-a52e-4f735466cecf":"00000000-0000-0594-ffff-ffff000001bc"}}
&amp#27;[38;5;32m[AndroidUiautomator2Driver@dabd (47571b8e)]&amp#27;[0m Responding to client with driver.findElement() result: {"element-6066-11e4-a52e-4f735466cecf":"00000000-0000-0594-ffff-ffff000001bc","ELEMENT":"00000000-0000-0594-ffff-ffff000001bc"}
&amp#27;[38;5;0m[HTTP]&amp#27;[0m &amp#27;[37m<-- POST /session/47571b8e-6191-4ef5-a875-b0f0dcd05976/element &amp#27;[39m&amp#27;[32m200&amp#27;[39m &amp#27;[90m722 ms - 137&amp#27;[39m
&amp#27;[38;5;0m[HTTP]&amp#27;[0m &amp#27;[90m&amp#27;[39m
&amp#27;[38;5;0m[HTTP]&amp#27;[0m &amp#27;[37m-->&amp#27;[39m &amp#27;[37mPOST&amp#27;[39m &amp#27;[37m/session/47571b8e-6191-4ef5-a875-b0f0dcd05976/element/00000000-0000-0594-ffff-ffff000001bc/value&amp#27;[39m
&amp#27;[38;5;0m[HTTP]&amp#27;[0m &amp#27;[90m{"id":"00000000-0000-0594-ffff-ffff000001bc","text":"California","value":["C","a","l","i","f","o","r","n","i","a"]}&amp#27;[39m
&amp#27;[38;5;32m[AndroidUiautomator2Driver@dabd (47571b8e)]&amp#27;[0m Calling AppiumDriver.setValue() with args: [["C","a","l","i","f","o","r","n","i","a"],"00000000-0000-0594-ffff-ffff000001bc","47571b8e-6191-4ef5-a875-b0f0dcd05976"]
&amp#27;[38;5;32m[AndroidUiautomator2Driver@dabd (47571b8e)]&amp#27;[0m Matched '/element/00000000-0000-0594-ffff-ffff000001bc/value' to command name 'setValue'
&amp#27;[38;5;32m[AndroidUiautomator2Driver@dabd (47571b8e)]&amp#27;[0m Added 'value' property ["C","a","l","i","f","o","r","n","i","a"] to 'setValue' request body
&amp#27;[38;5;32m[AndroidUiautomator2Driver@dabd (47571b8e)]&amp#27;[0m Proxying [POST /element/00000000-0000-0594-ffff-ffff000001bc/value] to [POST http://127.0.0.1:8201/session/e99dcc09-a0f0-48bb-8a0b-d829d4323b82/element/00000000-0000-0594-ffff-ffff000001bc/value] with body: {"elementId":"00000000-0000-0594-ffff-ffff000001bc","text":"California","replace":false,"value":["C","a","l","i","f","o","r","n","i","a"]}
&amp#27;[38;5;32m[AndroidUiautomator2Driver@dabd (47571b8e)]&amp#27;[0m Got response with status 200: {"sessionId":"e99dcc09-a0f0-48bb-8a0b-d829d4323b82","value":null}
&amp#27;[38;5;32m[AndroidUiautomator2Driver@dabd (47571b8e)]&amp#27;[0m Responding to client with driver.setValue() result: null
&amp#27;[38;5;0m[HTTP]&amp#27;[0m &amp#27;[37m<-- POST /session/47571b8e-6191-4ef5-a875-b0f0dcd05976/element/00000000-0000-0594-ffff-ffff000001bc/value &amp#27;[39m&amp#27;[32m200&amp#27;[39m &amp#27;[90m813 ms - 14&amp#27;[39m
&amp#27;[38;5;0m[HTTP]&amp#27;[0m &amp#27;[90m&amp#27;[39m
&amp#27;[38;5;0m[HTTP]&amp#27;[0m &amp#27;[37m-->&amp#27;[39m &amp#27;[37mGET&amp#27;[39m &amp#27;[37m/session/47571b8e-6191-4ef5-a875-b0f0dcd05976/context&amp#27;[39m
&amp#27;[38;5;0m[HTTP]&amp#27;[0m &amp#27;[90m{}&amp#27;[39m
&amp#27;[38;5;32m[AndroidUiautomator2Driver@dabd (47571b8e)]&amp#27;[0m Calling AppiumDriver.getCurrentContext() with args: ["47571b8e-6191-4ef5-a875-b0f0dcd05976"]
&amp#27;[38;5;32m[AndroidUiautomator2Driver@dabd (47571b8e)]&amp#27;[0m Responding to client with driver.getCurrentContext() result: "NATIVE_APP"
&amp#27;[38;5;0m[HTTP]&amp#27;[0m &amp#27;[37m<-- GET /session/47571b8e-6191-4ef5-a875-b0f0dcd05976/context &amp#27;[39m&amp#27;[32m200&amp#27;[39m &amp#27;[90m1 ms - 22&amp#27;[39m
&amp#27;[38;5;0m[HTTP]&amp#27;[0m &amp#27;[90m&amp#27;[39m
&amp#27;[38;5;0m[HTTP]&amp#27;[0m &amp#27;[37m-->&amp#27;[39m &amp#27;[37mPOST&amp#27;[39m &amp#27;[37m/session/47571b8e-6191-4ef5-a875-b0f0dcd05976/element&amp#27;[39m
&amp#27;[38;5;0m[HTTP]&amp#27;[0m &amp#27;[90m{"using":"accessibility id","value":"Zip Code* input field"}&amp#27;[39m
&amp#27;[38;5;32m[AndroidUiautomator2Driver@dabd (47571b8e)]&amp#27;[0m Calling AppiumDriver.findElement() with args: ["accessibility id","Zip Code* input field","47571b8e-6191-4ef5-a875-b0f0dcd05976"]
&amp#27;[38;5;32m[AndroidUiautomator2Driver@dabd (47571b8e)]&amp#27;[0m Valid locator strategies for this request: xpath, id, class name, accessibility id, css selector, -android uiautomator
&amp#27;[38;5;32m[AndroidUiautomator2Driver@dabd (47571b8e)]&amp#27;[0m Waiting up to 10000 ms for condition
&amp#27;[38;5;32m[AndroidUiautomator2Driver@dabd (47571b8e)]&amp#27;[0m Matched '/element' to command name 'findElement'
&amp#27;[38;5;32m[AndroidUiautomator2Driver@dabd (47571b8e)]&amp#27;[0m Proxying [POST /element] to [POST http://127.0.0.1:8201/session/e99dcc09-a0f0-48bb-8a0b-d829d4323b82/element] with body: {"strategy":"accessibility id","selector":"Zip Code* input field","context":"","multiple":false}
&amp#27;[38;5;32m[AndroidUiautomator2Driver@dabd (47571b8e)]&amp#27;[0m Got response with status 200: {"sessionId":"e99dcc09-a0f0-48bb-8a0b-d829d4323b82","value":{"ELEMENT":"00000000-0000-0594-ffff-ffff000001bf","element-6066-11e4-a52e-4f735466cecf":"00000000-0000-0594-ffff-ffff000001bf"}}
&amp#27;[38;5;32m[AndroidUiautomator2Driver@dabd (47571b8e)]&amp#27;[0m Responding to client with driver.findElement() result: {"element-6066-11e4-a52e-4f735466cecf":"00000000-0000-0594-ffff-ffff000001bf","ELEMENT":"00000000-0000-0594-ffff-ffff000001bf"}
&amp#27;[38;5;0m[HTTP]&amp#27;[0m &amp#27;[37m<-- POST /session/47571b8e-6191-4ef5-a875-b0f0dcd05976/element &amp#27;[39m&amp#27;[32m200&amp#27;[39m &amp#27;[90m732 ms - 137&amp#27;[39m
&amp#27;[38;5;0m[HTTP]&amp#27;[0m &amp#27;[90m&amp#27;[39m
&amp#27;[38;5;0m[HTTP]&amp#27;[0m &amp#27;[37m-->&amp#27;[39m &amp#27;[37mPOST&amp#27;[39m &amp#27;[37m/session/47571b8e-6191-4ef5-a875-b0f0dcd05976/element/00000000-0000-0594-ffff-ffff000001bf/value&amp#27;[39m
&amp#27;[38;5;0m[HTTP]&amp#27;[0m &amp#27;[90m{"id":"00000000-0000-0594-ffff-ffff000001bf","text":"92131","value":["9","2","1","3","1"]}&amp#27;[39m
&amp#27;[38;5;32m[AndroidUiautomator2Driver@dabd (47571b8e)]&amp#27;[0m Calling AppiumDriver.setValue() with args: [["9","2","1","3","1"],"00000000-0000-0594-ffff-ffff000001bf","47571b8e-6191-4ef5-a875-b0f0dcd05976"]
&amp#27;[38;5;32m[AndroidUiautomator2Driver@dabd (47571b8e)]&amp#27;[0m Matched '/element/00000000-0000-0594-ffff-ffff000001bf/value' to command name 'setValue'
&amp#27;[38;5;32m[AndroidUiautomator2Driver@dabd (47571b8e)]&amp#27;[0m Added 'value' property ["9","2","1","3","1"] to 'setValue' request body
&amp#27;[38;5;32m[AndroidUiautomator2Driver@dabd (47571b8e)]&amp#27;[0m Proxying [POST /element/00000000-0000-0594-ffff-ffff000001bf/value] to [POST http://127.0.0.1:8201/session/e99dcc09-a0f0-48bb-8a0b-d829d4323b82/element/00000000-0000-0594-ffff-ffff000001bf/value] with body: {"elementId":"00000000-0000-0594-ffff-ffff000001bf","text":"92131","replace":false,"value":["9","2","1","3","1"]}
&amp#27;[38;5;32m[AndroidUiautomator2Driver@dabd (47571b8e)]&amp#27;[0m Got response with status 200: {"sessionId":"e99dcc09-a0f0-48bb-8a0b-d829d4323b82","value":null}
&amp#27;[38;5;32m[AndroidUiautomator2Driver@dabd (47571b8e)]&amp#27;[0m Responding to client with driver.setValue() result: null
&amp#27;[38;5;0m[HTTP]&amp#27;[0m &amp#27;[37m<-- POST /session/47571b8e-6191-4ef5-a875-b0f0dcd05976/element/00000000-0000-0594-ffff-ffff000001bf/value &amp#27;[39m&amp#27;[32m200&amp#27;[39m &amp#27;[90m610 ms - 14&amp#27;[39m
&amp#27;[38;5;0m[HTTP]&amp#27;[0m &amp#27;[90m&amp#27;[39m
&amp#27;[38;5;0m[HTTP]&amp#27;[0m &amp#27;[37m-->&amp#27;[39m &amp#27;[37mGET&amp#27;[39m &amp#27;[37m/session/47571b8e-6191-4ef5-a875-b0f0dcd05976/context&amp#27;[39m
&amp#27;[38;5;0m[HTTP]&amp#27;[0m &amp#27;[90m{}&amp#27;[39m
&amp#27;[38;5;32m[AndroidUiautomator2Driver@dabd (47571b8e)]&amp#27;[0m Calling AppiumDriver.getCurrentContext() with args: ["47571b8e-6191-4ef5-a875-b0f0dcd05976"]
&amp#27;[38;5;32m[AndroidUiautomator2Driver@dabd (47571b8e)]&amp#27;[0m Responding to client with driver.getCurrentContext() result: "NATIVE_APP"
&amp#27;[38;5;0m[HTTP]&amp#27;[0m &amp#27;[37m<-- GET /session/47571b8e-6191-4ef5-a875-b0f0dcd05976/context &amp#27;[39m&amp#27;[32m200&amp#27;[39m &amp#27;[90m1 ms - 22&amp#27;[39m
&amp#27;[38;5;0m[HTTP]&amp#27;[0m &amp#27;[90m&amp#27;[39m
&amp#27;[38;5;0m[HTTP]&amp#27;[0m &amp#27;[37m-->&amp#27;[39m &amp#27;[37mPOST&amp#27;[39m &amp#27;[37m/session/47571b8e-6191-4ef5-a875-b0f0dcd05976/element&amp#27;[39m
&amp#27;[38;5;0m[HTTP]&amp#27;[0m &amp#27;[90m{"using":"accessibility id","value":"Country* input field"}&amp#27;[39m
&amp#27;[38;5;32m[AndroidUiautomator2Driver@dabd (47571b8e)]&amp#27;[0m Calling AppiumDriver.findElement() with args: ["accessibility id","Country* input field","47571b8e-6191-4ef5-a875-b0f0dcd05976"]
&amp#27;[38;5;32m[AndroidUiautomator2Driver@dabd (47571b8e)]&amp#27;[0m Valid locator strategies for this request: xpath, id, class name, accessibility id, css selector, -android uiautomator
&amp#27;[38;5;32m[AndroidUiautomator2Driver@dabd (47571b8e)]&amp#27;[0m Waiting up to 10000 ms for condition
&amp#27;[38;5;32m[AndroidUiautomator2Driver@dabd (47571b8e)]&amp#27;[0m Matched '/element' to command name 'findElement'
&amp#27;[38;5;32m[AndroidUiautomator2Driver@dabd (47571b8e)]&amp#27;[0m Proxying [POST /element] to [POST http://127.0.0.1:8201/session/e99dcc09-a0f0-48bb-8a0b-d829d4323b82/element] with body: {"strategy":"accessibility id","selector":"Country* input field","context":"","multiple":false}
&amp#27;[38;5;32m[AndroidUiautomator2Driver@dabd (47571b8e)]&amp#27;[0m Got response with status 200: {"sessionId":"e99dcc09-a0f0-48bb-8a0b-d829d4323b82","value":{"ELEMENT":"00000000-0000-0594-ffff-ffff000001c2","element-6066-11e4-a52e-4f735466cecf":"00000000-0000-0594-ffff-ffff000001c2"}}
&amp#27;[38;5;32m[AndroidUiautomator2Driver@dabd (47571b8e)]&amp#27;[0m Responding to client with driver.findElement() result: {"element-6066-11e4-a52e-4f735466cecf":"00000000-0000-0594-ffff-ffff000001c2","ELEMENT":"00000000-0000-0594-ffff-ffff000001c2"}
&amp#27;[38;5;0m[HTTP]&amp#27;[0m &amp#27;[37m<-- POST /session/47571b8e-6191-4ef5-a875-b0f0dcd05976/element &amp#27;[39m&amp#27;[32m200&amp#27;[39m &amp#27;[90m750 ms - 137&amp#27;[39m
&amp#27;[38;5;0m[HTTP]&amp#27;[0m &amp#27;[90m&amp#27;[39m
&amp#27;[38;5;0m[HTTP]&amp#27;[0m &amp#27;[37m-->&amp#27;[39m &amp#27;[37mPOST&amp#27;[39m &amp#27;[37m/session/47571b8e-6191-4ef5-a875-b0f0dcd05976/element/00000000-0000-0594-ffff-ffff000001c2/value&amp#27;[39m
&amp#27;[38;5;0m[HTTP]&amp#27;[0m &amp#27;[90m{"id":"00000000-0000-0594-ffff-ffff000001c2","text":"United States","value":["U","n","i","t","e","d"," ","S","t","a","t","e","s"]}&amp#27;[39m
&amp#27;[38;5;32m[AndroidUiautomator2Driver@dabd (47571b8e)]&amp#27;[0m Calling AppiumDriver.setValue() with args: [["U","n","i","t","e","d"," ","S","t","a","t","e","s"],"00000000-0000-0594-ffff-ffff000001c2","47571b8e-6191-4ef5-a875-b0f0dcd05976"]
&amp#27;[38;5;32m[AndroidUiautomator2Driver@dabd (47571b8e)]&amp#27;[0m Matched '/element/00000000-0000-0594-ffff-ffff000001c2/value' to command name 'setValue'
&amp#27;[38;5;32m[AndroidUiautomator2Driver@dabd (47571b8e)]&amp#27;[0m Added 'value' property ["U","n","i","t","e","d"," ","S","t","a","t","e","s"] to 'setValue' request body
&amp#27;[38;5;32m[AndroidUiautomator2Driver@dabd (47571b8e)]&amp#27;[0m Proxying [POST /element/00000000-0000-0594-ffff-ffff000001c2/value] to [POST http://127.0.0.1:8201/session/e99dcc09-a0f0-48bb-8a0b-d829d4323b82/element/00000000-0000-0594-ffff-ffff000001c2/value] with body: {"elementId":"00000000-0000-0594-ffff-ffff000001c2","text":"United States","replace":false,"value":["U","n","i","t","e","d"," ","S","t","a","t","e","s"]}
&amp#27;[38;5;32m[AndroidUiautomator2Driver@dabd (47571b8e)]&amp#27;[0m Got response with status 200: {"sessionId":"e99dcc09-a0f0-48bb-8a0b-d829d4323b82","value":null}
&amp#27;[38;5;32m[AndroidUiautomator2Driver@dabd (47571b8e)]&amp#27;[0m Responding to client with driver.setValue() result: null
&amp#27;[38;5;0m[HTTP]&amp#27;[0m &amp#27;[37m<-- POST /session/47571b8e-6191-4ef5-a875-b0f0dcd05976/element/00000000-0000-0594-ffff-ffff000001c2/value &amp#27;[39m&amp#27;[32m200&amp#27;[39m &amp#27;[90m101 ms - 14&amp#27;[39m
&amp#27;[38;5;0m[HTTP]&amp#27;[0m &amp#27;[90m&amp#27;[39m
&amp#27;[38;5;0m[HTTP]&amp#27;[0m &amp#27;[37m-->&amp#27;[39m &amp#27;[37mGET&amp#27;[39m &amp#27;[37m/session/47571b8e-6191-4ef5-a875-b0f0dcd05976/context&amp#27;[39m
&amp#27;[38;5;0m[HTTP]&amp#27;[0m &amp#27;[90m{}&amp#27;[39m
&amp#27;[38;5;32m[AndroidUiautomator2Driver@dabd (47571b8e)]&amp#27;[0m Calling AppiumDriver.getCurrentContext() with args: ["47571b8e-6191-4ef5-a875-b0f0dcd05976"]
&amp#27;[38;5;32m[AndroidUiautomator2Driver@dabd (47571b8e)]&amp#27;[0m Responding to client with driver.getCurrentContext() result: "NATIVE_APP"
&amp#27;[38;5;0m[HTTP]&amp#27;[0m &amp#27;[37m<-- GET /session/47571b8e-6191-4ef5-a875-b0f0dcd05976/context &amp#27;[39m&amp#27;[32m200&amp#27;[39m &amp#27;[90m1 ms - 22&amp#27;[39m
&amp#27;[38;5;0m[HTTP]&amp#27;[0m &amp#27;[90m&amp#27;[39m
&amp#27;[38;5;0m[HTTP]&amp#27;[0m &amp#27;[37m-->&amp#27;[39m &amp#27;[37mPOST&amp#27;[39m &amp#27;[37m/session/47571b8e-6191-4ef5-a875-b0f0dcd05976/element&amp#27;[39m
&amp#27;[38;5;0m[HTTP]&amp#27;[0m &amp#27;[90m{"using":"accessibility id","value":"To Payment button"}&amp#27;[39m
&amp#27;[38;5;32m[AndroidUiautomator2Driver@dabd (47571b8e)]&amp#27;[0m Calling AppiumDriver.findElement() with args: ["accessibility id","To Payment button","47571b8e-6191-4ef5-a875-b0f0dcd05976"]
&amp#27;[38;5;32m[AndroidUiautomator2Driver@dabd (47571b8e)]&amp#27;[0m Valid locator strategies for this request: xpath, id, class name, accessibility id, css selector, -android uiautomator
&amp#27;[38;5;32m[AndroidUiautomator2Driver@dabd (47571b8e)]&amp#27;[0m Waiting up to 10000 ms for condition
&amp#27;[38;5;32m[AndroidUiautomator2Driver@dabd (47571b8e)]&amp#27;[0m Matched '/element' to command name 'findElement'
&amp#27;[38;5;32m[AndroidUiautomator2Driver@dabd (47571b8e)]&amp#27;[0m Proxying [POST /element] to [POST http://127.0.0.1:8201/session/e99dcc09-a0f0-48bb-8a0b-d829d4323b82/element] with body: {"strategy":"accessibility id","selector":"To Payment button","context":"","multiple":false}
&amp#27;[38;5;32m[AndroidUiautomator2Driver@dabd (47571b8e)]&amp#27;[0m Got response with status 200: {"sessionId":"e99dcc09-a0f0-48bb-8a0b-d829d4323b82","value":{"ELEMENT":"00000000-0000-0594-ffff-ffff000001c5","element-6066-11e4-a52e-4f735466cecf":"00000000-0000-0594-ffff-ffff000001c5"}}
&amp#27;[38;5;32m[AndroidUiautomator2Driver@dabd (47571b8e)]&amp#27;[0m Responding to client with driver.findElement() result: {"element-6066-11e4-a52e-4f735466cecf":"00000000-0000-0594-ffff-ffff000001c5","ELEMENT":"00000000-0000-0594-ffff-ffff000001c5"}
&amp#27;[38;5;0m[HTTP]&amp#27;[0m &amp#27;[37m<-- POST /session/47571b8e-6191-4ef5-a875-b0f0dcd05976/element &amp#27;[39m&amp#27;[32m200&amp#27;[39m &amp#27;[90m774 ms - 137&amp#27;[39m
&amp#27;[38;5;0m[HTTP]&amp#27;[0m &amp#27;[90m&amp#27;[39m
&amp#27;[38;5;0m[HTTP]&amp#27;[0m &amp#27;[37m-->&amp#27;[39m &amp#27;[37mPOST&amp#27;[39m &amp#27;[37m/session/47571b8e-6191-4ef5-a875-b0f0dcd05976/element/00000000-0000-0594-ffff-ffff000001c5/click&amp#27;[39m
&amp#27;[38;5;0m[HTTP]&amp#27;[0m &amp#27;[90m{"id":"00000000-0000-0594-ffff-ffff000001c5"}&amp#27;[39m
&amp#27;[38;5;32m[AndroidUiautomator2Driver@dabd (47571b8e)]&amp#27;[0m Calling AppiumDriver.click() with args: ["00000000-0000-0594-ffff-ffff000001c5","47571b8e-6191-4ef5-a875-b0f0dcd05976"]
&amp#27;[38;5;32m[AndroidUiautomator2Driver@dabd (47571b8e)]&amp#27;[0m Matched '/element/00000000-0000-0594-ffff-ffff000001c5/click' to command name 'click'
&amp#27;[38;5;32m[AndroidUiautomator2Driver@dabd (47571b8e)]&amp#27;[0m Proxying [POST /element/00000000-0000-0594-ffff-ffff000001c5/click] to [POST http://127.0.0.1:8201/session/e99dcc09-a0f0-48bb-8a0b-d829d4323b82/element/00000000-0000-0594-ffff-ffff000001c5/click] with body: {"element":"00000000-0000-0594-ffff-ffff000001c5"}
&amp#27;[38;5;32m[AndroidUiautomator2Driver@dabd (47571b8e)]&amp#27;[0m Got response with status 200: {"sessionId":"e99dcc09-a0f0-48bb-8a0b-d829d4323b82","value":null}
&amp#27;[38;5;32m[AndroidUiautomator2Driver@dabd (47571b8e)]&amp#27;[0m Responding to client with driver.click() result: null
&amp#27;[38;5;0m[HTTP]&amp#27;[0m &amp#27;[37m<-- POST /session/47571b8e-6191-4ef5-a875-b0f0dcd05976/element/00000000-0000-0594-ffff-ffff000001c5/click &amp#27;[39m&amp#27;[32m200&amp#27;[39m &amp#27;[90m75 ms - 14&amp#27;[39m
&amp#27;[38;5;0m[HTTP]&amp#27;[0m &amp#27;[90m&amp#27;[39m
&amp#27;[38;5;0m[HTTP]&amp#27;[0m &amp#27;[37m-->&amp#27;[39m &amp#27;[37mGET&amp#27;[39m &amp#27;[37m/session/47571b8e-6191-4ef5-a875-b0f0dcd05976/context&amp#27;[39m
&amp#27;[38;5;0m[HTTP]&amp#27;[0m &amp#27;[90m{}&amp#27;[39m
&amp#27;[38;5;32m[AndroidUiautomator2Driver@dabd (47571b8e)]&amp#27;[0m Calling AppiumDriver.getCurrentContext() with args: ["47571b8e-6191-4ef5-a875-b0f0dcd05976"]
&amp#27;[38;5;32m[AndroidUiautomator2Driver@dabd (47571b8e)]&amp#27;[0m Responding to client with driver.getCurrentContext() result: "NATIVE_APP"
&amp#27;[38;5;0m[HTTP]&amp#27;[0m &amp#27;[37m<-- GET /session/47571b8e-6191-4ef5-a875-b0f0dcd05976/context &amp#27;[39m&amp#27;[32m200&amp#27;[39m &amp#27;[90m1 ms - 22&amp#27;[39m
&amp#27;[38;5;0m[HTTP]&amp#27;[0m &amp#27;[90m&amp#27;[39m
&amp#27;[38;5;0m[HTTP]&amp#27;[0m &amp#27;[37m-->&amp#27;[39m &amp#27;[37mPOST&amp#27;[39m &amp#27;[37m/session/47571b8e-6191-4ef5-a875-b0f0dcd05976/element&amp#27;[39m
&amp#27;[38;5;0m[HTTP]&amp#27;[0m &amp#27;[90m{"using":"xpath","value":"//android.widget.TextView[contains(@text,'payment')]"}&amp#27;[39m
&amp#27;[38;5;32m[AndroidUiautomator2Driver@dabd (47571b8e)]&amp#27;[0m Calling AppiumDriver.findElement() with args: ["xpath","//android.widget.TextView[contains(@text,'payment')]","47571b8e-6191-4ef5-a875-b0f0dcd05976"]
&amp#27;[38;5;32m[AndroidUiautomator2Driver@dabd (47571b8e)]&amp#27;[0m Valid locator strategies for this request: xpath, id, class name, accessibility id, css selector, -android uiautomator
&amp#27;[38;5;32m[AndroidUiautomator2Driver@dabd (47571b8e)]&amp#27;[0m Waiting up to 10000 ms for condition
&amp#27;[38;5;32m[AndroidUiautomator2Driver@dabd (47571b8e)]&amp#27;[0m Matched '/element' to command name 'findElement'
&amp#27;[38;5;32m[AndroidUiautomator2Driver@dabd (47571b8e)]&amp#27;[0m Proxying [POST /element] to [POST http://127.0.0.1:8201/session/e99dcc09-a0f0-48bb-8a0b-d829d4323b82/element] with body: {"strategy":"xpath","selector":"//android.widget.TextView[contains(@text,'payment')]","context":"","multiple":false}
&amp#27;[38;5;32m[AndroidUiautomator2Driver@dabd (47571b8e)]&amp#27;[0m Got response with status 200: {"sessionId":"e99dcc09-a0f0-48bb-8a0b-d829d4323b82","value":{"ELEMENT":"00000000-0000-0594-ffff-ffff000001de","element-6066-11e4-a52e-4f735466cecf":"00000000-0000-0594-ffff-ffff000001de"}}
&amp#27;[38;5;32m[AndroidUiautomator2Driver@dabd (47571b8e)]&amp#27;[0m Responding to client with driver.findElement() result: {"element-6066-11e4-a52e-4f735466cecf":"00000000-0000-0594-ffff-ffff000001de","ELEMENT":"00000000-0000-0594-ffff-ffff000001de"}
&amp#27;[38;5;0m[HTTP]&amp#27;[0m &amp#27;[37m<-- POST /session/47571b8e-6191-4ef5-a875-b0f0dcd05976/element &amp#27;[39m&amp#27;[32m200&amp#27;[39m &amp#27;[90m521 ms - 137&amp#27;[39m
&amp#27;[38;5;0m[HTTP]&amp#27;[0m &amp#27;[90m&amp#27;[39m
&amp#27;[38;5;0m[HTTP]&amp#27;[0m &amp#27;[37m-->&amp#27;[39m &amp#27;[37mGET&amp#27;[39m &amp#27;[37m/session/47571b8e-6191-4ef5-a875-b0f0dcd05976/element/00000000-0000-0594-ffff-ffff000001de/text&amp#27;[39m
&amp#27;[38;5;0m[HTTP]&amp#27;[0m &amp#27;[90m{}&amp#27;[39m
&amp#27;[38;5;32m[AndroidUiautomator2Driver@dabd (47571b8e)]&amp#27;[0m Driver proxy active, passing request on via HTTP proxy
&amp#27;[38;5;32m[AndroidUiautomator2Driver@dabd (47571b8e)]&amp#27;[0m Matched '/session/47571b8e-6191-4ef5-a875-b0f0dcd05976/element/00000000-0000-0594-ffff-ffff000001de/text' to command name 'getText'
&amp#27;[38;5;32m[AndroidUiautomator2Driver@dabd (47571b8e)]&amp#27;[0m Proxying [GET /session/47571b8e-6191-4ef5-a875-b0f0dcd05976/element/00000000-0000-0594-ffff-ffff000001de/text] to [GET http://127.0.0.1:8201/session/e99dcc09-a0f0-48bb-8a0b-d829d4323b82/element/00000000-0000-0594-ffff-ffff000001de/text] with no body
&amp#27;[38;5;32m[AndroidUiautomator2Driver@dabd (47571b8e)]&amp#27;[0m Got response with status 200: {"sessionId":"e99dcc09-a0f0-48bb-8a0b-d829d4323b82","value":"Enter a payment method"}
&amp#27;[38;5;32m[AndroidUiautomator2Driver@dabd (47571b8e)]&amp#27;[0m Replacing sessionId e99dcc09-a0f0-48bb-8a0b-d829d4323b82 with 47571b8e-6191-4ef5-a875-b0f0dcd05976
&amp#27;[38;5;0m[HTTP]&amp#27;[0m &amp#27;[37m<-- GET /session/47571b8e-6191-4ef5-a875-b0f0dcd05976/element/00000000-0000-0594-ffff-ffff000001de/text &amp#27;[39m&amp#27;[32m200&amp#27;[39m &amp#27;[90m531 ms - 85&amp#27;[39m
&amp#27;[38;5;0m[HTTP]&amp#27;[0m &amp#27;[90m&amp#27;[39m
&amp#27;[38;5;0m[HTTP]&amp#27;[0m &amp#27;[37m-->&amp#27;[39m &amp#27;[37mGET&amp#27;[39m &amp#27;[37m/session/47571b8e-6191-4ef5-a875-b0f0dcd05976/context&amp#27;[39m
&amp#27;[38;5;0m[HTTP]&amp#27;[0m &amp#27;[90m{}&amp#27;[39m
&amp#27;[38;5;32m[AndroidUiautomator2Driver@dabd (47571b8e)]&amp#27;[0m Calling AppiumDriver.getCurrentContext() with args: ["47571b8e-6191-4ef5-a875-b0f0dcd05976"]
&amp#27;[38;5;32m[AndroidUiautomator2Driver@dabd (47571b8e)]&amp#27;[0m Responding to client with driver.getCurrentContext() result: "NATIVE_APP"
&amp#27;[38;5;0m[HTTP]&amp#27;[0m &amp#27;[37m<-- GET /session/47571b8e-6191-4ef5-a875-b0f0dcd05976/context &amp#27;[39m&amp#27;[32m200&amp#27;[39m &amp#27;[90m1 ms - 22&amp#27;[39m
&amp#27;[38;5;0m[HTTP]&amp#27;[0m &amp#27;[90m&amp#27;[39m
&amp#27;[38;5;0m[HTTP]&amp#27;[0m &amp#27;[37m-->&amp#27;[39m &amp#27;[37mPOST&amp#27;[39m &amp#27;[37m/session/47571b8e-6191-4ef5-a875-b0f0dcd05976/elements&amp#27;[39m
&amp#27;[38;5;0m[HTTP]&amp#27;[0m &amp#27;[90m{"using":"xpath","value":"//android.widget.TextView[@text='Full Name*']"}&amp#27;[39m
&amp#27;[38;5;32m[AndroidUiautomator2Driver@dabd (47571b8e)]&amp#27;[0m Calling AppiumDriver.findElements() with args: ["xpath","//android.widget.TextView[@text='Full Name*']","47571b8e-6191-4ef5-a875-b0f0dcd05976"]
&amp#27;[38;5;32m[AndroidUiautomator2Driver@dabd (47571b8e)]&amp#27;[0m Valid locator strategies for this request: xpath, id, class name, accessibility id, css selector, -android uiautomator
&amp#27;[38;5;32m[AndroidUiautomator2Driver@dabd (47571b8e)]&amp#27;[0m Waiting up to 10000 ms for condition
&amp#27;[38;5;32m[AndroidUiautomator2Driver@dabd (47571b8e)]&amp#27;[0m Matched '/elements' to command name 'findElements'
&amp#27;[38;5;32m[AndroidUiautomator2Driver@dabd (47571b8e)]&amp#27;[0m Proxying [POST /elements] to [POST http://127.0.0.1:8201/session/e99dcc09-a0f0-48bb-8a0b-d829d4323b82/elements] with body: {"strategy":"xpath","selector":"//android.widget.TextView[@text='Full Name*']","context":"","multiple":true}
&amp#27;[38;5;32m[AndroidUiautomator2Driver@dabd (47571b8e)]&amp#27;[0m Got response with status 200: {"sessionId":"e99dcc09-a0f0-48bb-8a0b-d829d4323b82","value":[{"ELEMENT":"00000000-0000-0594-ffff-ffff000001e3","element-6066-11e4-a52e-4f735466cecf":"00000000-0000-0594-ffff-ffff000001e3"}]}
&amp#27;[38;5;32m[AndroidUiautomator2Driver@dabd (47571b8e)]&amp#27;[0m Responding to client with driver.findElements() result: [{"element-6066-11e4-a52e-4f735466cecf":"00000000-0000-0594-ffff-ffff000001e3","ELEMENT":"00000000-0000-0594-ffff-ffff000001e3"}]
&amp#27;[38;5;0m[HTTP]&amp#27;[0m &amp#27;[37m<-- POST /session/47571b8e-6191-4ef5-a875-b0f0dcd05976/elements &amp#27;[39m&amp#27;[32m200&amp#27;[39m &amp#27;[90m449 ms - 139&amp#27;[39m
&amp#27;[38;5;0m[HTTP]&amp#27;[0m &amp#27;[90m&amp#27;[39m
&amp#27;[38;5;0m[HTTP]&amp#27;[0m &amp#27;[37m-->&amp#27;[39m &amp#27;[37mGET&amp#27;[39m &amp#27;[37m/session/47571b8e-6191-4ef5-a875-b0f0dcd05976/context&amp#27;[39m
&amp#27;[38;5;0m[HTTP]&amp#27;[0m &amp#27;[90m{}&amp#27;[39m
&amp#27;[38;5;32m[AndroidUiautomator2Driver@dabd (47571b8e)]&amp#27;[0m Calling AppiumDriver.getCurrentContext() with args: ["47571b8e-6191-4ef5-a875-b0f0dcd05976"]
&amp#27;[38;5;32m[AndroidUiautomator2Driver@dabd (47571b8e)]&amp#27;[0m Responding to client with driver.getCurrentContext() result: "NATIVE_APP"
&amp#27;[38;5;0m[HTTP]&amp#27;[0m &amp#27;[37m<-- GET /session/47571b8e-6191-4ef5-a875-b0f0dcd05976/context &amp#27;[39m&amp#27;[32m200&amp#27;[39m &amp#27;[90m1 ms - 22&amp#27;[39m
&amp#27;[38;5;0m[HTTP]&amp#27;[0m &amp#27;[90m&amp#27;[39m
&amp#27;[38;5;0m[HTTP]&amp#27;[0m &amp#27;[37m-->&amp#27;[39m &amp#27;[37mPOST&amp#27;[39m &amp#27;[37m/session/47571b8e-6191-4ef5-a875-b0f0dcd05976/element&amp#27;[39m
&amp#27;[38;5;0m[HTTP]&amp#27;[0m &amp#27;[90m{"using":"accessibility id","value":"Full Name* input field"}&amp#27;[39m
&amp#27;[38;5;32m[AndroidUiautomator2Driver@dabd (47571b8e)]&amp#27;[0m Calling AppiumDriver.findElement() with args: ["accessibility id","Full Name* input field","47571b8e-6191-4ef5-a875-b0f0dcd05976"]
&amp#27;[38;5;32m[AndroidUiautomator2Driver@dabd (47571b8e)]&amp#27;[0m Valid locator strategies for this request: xpath, id, class name, accessibility id, css selector, -android uiautomator
&amp#27;[38;5;32m[AndroidUiautomator2Driver@dabd (47571b8e)]&amp#27;[0m Waiting up to 10000 ms for condition
&amp#27;[38;5;32m[AndroidUiautomator2Driver@dabd (47571b8e)]&amp#27;[0m Matched '/element' to command name 'findElement'
&amp#27;[38;5;32m[AndroidUiautomator2Driver@dabd (47571b8e)]&amp#27;[0m Proxying [POST /element] to [POST http://127.0.0.1:8201/session/e99dcc09-a0f0-48bb-8a0b-d829d4323b82/element] with body: {"strategy":"accessibility id","selector":"Full Name* input field","context":"","multiple":false}
&amp#27;[38;5;32m[AndroidUiautomator2Driver@dabd (47571b8e)]&amp#27;[0m Got response with status 200: {"sessionId":"e99dcc09-a0f0-48bb-8a0b-d829d4323b82","value":{"ELEMENT":"00000000-0000-0594-ffff-ffff000001e4","element-6066-11e4-a52e-4f735466cecf":"00000000-0000-0594-ffff-ffff000001e4"}}
&amp#27;[38;5;32m[AndroidUiautomator2Driver@dabd (47571b8e)]&amp#27;[0m Responding to client with driver.findElement() result: {"element-6066-11e4-a52e-4f735466cecf":"00000000-0000-0594-ffff-ffff000001e4","ELEMENT":"00000000-0000-0594-ffff-ffff000001e4"}
&amp#27;[38;5;0m[HTTP]&amp#27;[0m &amp#27;[37m<-- POST /session/47571b8e-6191-4ef5-a875-b0f0dcd05976/element &amp#27;[39m&amp#27;[32m200&amp#27;[39m &amp#27;[90m179 ms - 137&amp#27;[39m
&amp#27;[38;5;0m[HTTP]&amp#27;[0m &amp#27;[90m&amp#27;[39m
&amp#27;[38;5;0m[HTTP]&amp#27;[0m &amp#27;[37m-->&amp#27;[39m &amp#27;[37mPOST&amp#27;[39m &amp#27;[37m/session/47571b8e-6191-4ef5-a875-b0f0dcd05976/element/00000000-0000-0594-ffff-ffff000001e4/value&amp#27;[39m
&amp#27;[38;5;0m[HTTP]&amp#27;[0m &amp#27;[90m{"id":"00000000-0000-0594-ffff-ffff000001e4","text":"Bob Fisher","value":["B","o","b"," ","F","i","s","h","e","r"]}&amp#27;[39m
&amp#27;[38;5;32m[AndroidUiautomator2Driver@dabd (47571b8e)]&amp#27;[0m Calling AppiumDriver.setValue() with args: [["B","o","b"," ","F","i","s","h","e","r"],"00000000-0000-0594-ffff-ffff000001e4","47571b8e-6191-4ef5-a875-b0f0dcd05976"]
&amp#27;[38;5;32m[AndroidUiautomator2Driver@dabd (47571b8e)]&amp#27;[0m Matched '/element/00000000-0000-0594-ffff-ffff000001e4/value' to command name 'setValue'
&amp#27;[38;5;32m[AndroidUiautomator2Driver@dabd (47571b8e)]&amp#27;[0m Added 'value' property ["B","o","b"," ","F","i","s","h","e","r"] to 'setValue' request body
&amp#27;[38;5;32m[AndroidUiautomator2Driver@dabd (47571b8e)]&amp#27;[0m Proxying [POST /element/00000000-0000-0594-ffff-ffff000001e4/value] to [POST http://127.0.0.1:8201/session/e99dcc09-a0f0-48bb-8a0b-d829d4323b82/element/00000000-0000-0594-ffff-ffff000001e4/value] with body: {"elementId":"00000000-0000-0594-ffff-ffff000001e4","text":"Bob Fisher","replace":false,"value":["B","o","b"," ","F","i","s","h","e","r"]}
&amp#27;[38;5;32m[AndroidUiautomator2Driver@dabd (47571b8e)]&amp#27;[0m Got response with status 200: {"sessionId":"e99dcc09-a0f0-48bb-8a0b-d829d4323b82","value":null}
&amp#27;[38;5;32m[AndroidUiautomator2Driver@dabd (47571b8e)]&amp#27;[0m Responding to client with driver.setValue() result: null
&amp#27;[38;5;0m[HTTP]&amp#27;[0m &amp#27;[37m<-- POST /session/47571b8e-6191-4ef5-a875-b0f0dcd05976/element/00000000-0000-0594-ffff-ffff000001e4/value &amp#27;[39m&amp#27;[32m200&amp#27;[39m &amp#27;[90m80 ms - 14&amp#27;[39m
&amp#27;[38;5;0m[HTTP]&amp#27;[0m &amp#27;[90m&amp#27;[39m
&amp#27;[38;5;0m[HTTP]&amp#27;[0m &amp#27;[37m-->&amp#27;[39m &amp#27;[37mGET&amp#27;[39m &amp#27;[37m/session/47571b8e-6191-4ef5-a875-b0f0dcd05976/context&amp#27;[39m
&amp#27;[38;5;0m[HTTP]&amp#27;[0m &amp#27;[90m{}&amp#27;[39m
&amp#27;[38;5;32m[AndroidUiautomator2Driver@dabd (47571b8e)]&amp#27;[0m Calling AppiumDriver.getCurrentContext() with args: ["47571b8e-6191-4ef5-a875-b0f0dcd05976"]
&amp#27;[38;5;32m[AndroidUiautomator2Driver@dabd (47571b8e)]&amp#27;[0m Responding to client with driver.getCurrentContext() result: "NATIVE_APP"
&amp#27;[38;5;0m[HTTP]&amp#27;[0m &amp#27;[37m<-- GET /session/47571b8e-6191-4ef5-a875-b0f0dcd05976/context &amp#27;[39m&amp#27;[32m200&amp#27;[39m &amp#27;[90m1 ms - 22&amp#27;[39m
&amp#27;[38;5;0m[HTTP]&amp#27;[0m &amp#27;[90m&amp#27;[39m
&amp#27;[38;5;0m[HTTP]&amp#27;[0m &amp#27;[37m-->&amp#27;[39m &amp#27;[37mPOST&amp#27;[39m &amp#27;[37m/session/47571b8e-6191-4ef5-a875-b0f0dcd05976/element&amp#27;[39m
&amp#27;[38;5;0m[HTTP]&amp#27;[0m &amp#27;[90m{"using":"accessibility id","value":"Card Number* input field"}&amp#27;[39m
&amp#27;[38;5;32m[AndroidUiautomator2Driver@dabd (47571b8e)]&amp#27;[0m Calling AppiumDriver.findElement() with args: ["accessibility id","Card Number* input field","47571b8e-6191-4ef5-a875-b0f0dcd05976"]
&amp#27;[38;5;32m[AndroidUiautomator2Driver@dabd (47571b8e)]&amp#27;[0m Valid locator strategies for this request: xpath, id, class name, accessibility id, css selector, -android uiautomator
&amp#27;[38;5;32m[AndroidUiautomator2Driver@dabd (47571b8e)]&amp#27;[0m Waiting up to 10000 ms for condition
&amp#27;[38;5;32m[AndroidUiautomator2Driver@dabd (47571b8e)]&amp#27;[0m Matched '/element' to command name 'findElement'
&amp#27;[38;5;32m[AndroidUiautomator2Driver@dabd (47571b8e)]&amp#27;[0m Proxying [POST /element] to [POST http://127.0.0.1:8201/session/e99dcc09-a0f0-48bb-8a0b-d829d4323b82/element] with body: {"strategy":"accessibility id","selector":"Card Number* input field","context":"","multiple":false}
&amp#27;[38;5;32m[AndroidUiautomator2Driver@dabd (47571b8e)]&amp#27;[0m Got response with status 200: {"sessionId":"e99dcc09-a0f0-48bb-8a0b-d829d4323b82","value":{"ELEMENT":"00000000-0000-0594-ffff-ffff000001e7","element-6066-11e4-a52e-4f735466cecf":"00000000-0000-0594-ffff-ffff000001e7"}}
&amp#27;[38;5;32m[AndroidUiautomator2Driver@dabd (47571b8e)]&amp#27;[0m Responding to client with driver.findElement() result: {"element-6066-11e4-a52e-4f735466cecf":"00000000-0000-0594-ffff-ffff000001e7","ELEMENT":"00000000-0000-0594-ffff-ffff000001e7"}
&amp#27;[38;5;0m[HTTP]&amp#27;[0m &amp#27;[37m<-- POST /session/47571b8e-6191-4ef5-a875-b0f0dcd05976/element &amp#27;[39m&amp#27;[32m200&amp#27;[39m &amp#27;[90m693 ms - 137&amp#27;[39m
&amp#27;[38;5;0m[HTTP]&amp#27;[0m &amp#27;[90m&amp#27;[39m
&amp#27;[38;5;0m[HTTP]&amp#27;[0m &amp#27;[37m-->&amp#27;[39m &amp#27;[37mPOST&amp#27;[39m &amp#27;[37m/session/47571b8e-6191-4ef5-a875-b0f0dcd05976/element/00000000-0000-0594-ffff-ffff000001e7/value&amp#27;[39m
&amp#27;[38;5;0m[HTTP]&amp#27;[0m &amp#27;[90m{"id":"00000000-0000-0594-ffff-ffff000001e7","text":"1234 1234 1234 123","value":["1","2","3","4"," ","1","2","3","4"," ","1","2","3","4"," ","1","2","3"]}&amp#27;[39m
&amp#27;[38;5;32m[AndroidUiautomator2Driver@dabd (47571b8e)]&amp#27;[0m Calling AppiumDriver.setValue() with args: [["1","2","3","4"," ","1","2","3","4"," ","1","2","3","4"," ","1","2","3"],"00000000-0000-0594-ffff-ffff000001e7","47571b8e-6191-4ef5-a875-b0f0dcd05976"]
&amp#27;[38;5;32m[AndroidUiautomator2Driver@dabd (47571b8e)]&amp#27;[0m Matched '/element/00000000-0000-0594-ffff-ffff000001e7/value' to command name 'setValue'
&amp#27;[38;5;32m[AndroidUiautomator2Driver@dabd (47571b8e)]&amp#27;[0m Added 'value' property ["1","2","3","4"," ","1","2","3","4"," ","1","2","3","4"," ","1","2","3"] to 'setValue' request body
&amp#27;[38;5;32m[AndroidUiautomator2Driver@dabd (47571b8e)]&amp#27;[0m Proxying [POST /element/00000000-0000-0594-ffff-ffff000001e7/value] to [POST http://127.0.0.1:8201/session/e99dcc09-a0f0-48bb-8a0b-d829d4323b82/element/00000000-0000-0594-ffff-ffff000001e7/value] with body: {"elementId":"00000000-0000-0594-ffff-ffff000001e7","text":"1234 1234 1234 123","replace":false,"value":["1","2","3","4"," ","1","2","3","4"," ","1","2","3","4"," ","1","2","3"]}
&amp#27;[38;5;32m[AndroidUiautomator2Driver@dabd (47571b8e)]&amp#27;[0m Got response with status 200: {"sessionId":"e99dcc09-a0f0-48bb-8a0b-d829d4323b82","value":null}
&amp#27;[38;5;32m[AndroidUiautomator2Driver@dabd (47571b8e)]&amp#27;[0m Responding to client with driver.setValue() result: null
&amp#27;[38;5;0m[HTTP]&amp#27;[0m &amp#27;[37m<-- POST /session/47571b8e-6191-4ef5-a875-b0f0dcd05976/element/00000000-0000-0594-ffff-ffff000001e7/value &amp#27;[39m&amp#27;[32m200&amp#27;[39m &amp#27;[90m123 ms - 14&amp#27;[39m
&amp#27;[38;5;0m[HTTP]&amp#27;[0m &amp#27;[90m&amp#27;[39m
&amp#27;[38;5;0m[HTTP]&amp#27;[0m &amp#27;[37m-->&amp#27;[39m &amp#27;[37mGET&amp#27;[39m &amp#27;[37m/session/47571b8e-6191-4ef5-a875-b0f0dcd05976/context&amp#27;[39m
&amp#27;[38;5;0m[HTTP]&amp#27;[0m &amp#27;[90m{}&amp#27;[39m
&amp#27;[38;5;32m[AndroidUiautomator2Driver@dabd (47571b8e)]&amp#27;[0m Calling AppiumDriver.getCurrentContext() with args: ["47571b8e-6191-4ef5-a875-b0f0dcd05976"]
&amp#27;[38;5;32m[AndroidUiautomator2Driver@dabd (47571b8e)]&amp#27;[0m Responding to client with driver.getCurrentContext() result: "NATIVE_APP"
&amp#27;[38;5;0m[HTTP]&amp#27;[0m &amp#27;[37m<-- GET /session/47571b8e-6191-4ef5-a875-b0f0dcd05976/context &amp#27;[39m&amp#27;[32m200&amp#27;[39m &amp#27;[90m1 ms - 22&amp#27;[39m
&amp#27;[38;5;0m[HTTP]&amp#27;[0m &amp#27;[90m&amp#27;[39m
&amp#27;[38;5;0m[HTTP]&amp#27;[0m &amp#27;[37m-->&amp#27;[39m &amp#27;[37mPOST&amp#27;[39m &amp#27;[37m/session/47571b8e-6191-4ef5-a875-b0f0dcd05976/element&amp#27;[39m
&amp#27;[38;5;0m[HTTP]&amp#27;[0m &amp#27;[90m{"using":"accessibility id","value":"Expiration Date* input field"}&amp#27;[39m
&amp#27;[38;5;32m[AndroidUiautomator2Driver@dabd (47571b8e)]&amp#27;[0m Calling AppiumDriver.findElement() with args: ["accessibility id","Expiration Date* input field","47571b8e-6191-4ef5-a875-b0f0dcd05976"]
&amp#27;[38;5;32m[AndroidUiautomator2Driver@dabd (47571b8e)]&amp#27;[0m Valid locator strategies for this request: xpath, id, class name, accessibility id, css selector, -android uiautomator
&amp#27;[38;5;32m[AndroidUiautomator2Driver@dabd (47571b8e)]&amp#27;[0m Waiting up to 10000 ms for condition
&amp#27;[38;5;32m[AndroidUiautomator2Driver@dabd (47571b8e)]&amp#27;[0m Matched '/element' to command name 'findElement'
&amp#27;[38;5;32m[AndroidUiautomator2Driver@dabd (47571b8e)]&amp#27;[0m Proxying [POST /element] to [POST http://127.0.0.1:8201/session/e99dcc09-a0f0-48bb-8a0b-d829d4323b82/element] with body: {"strategy":"accessibility id","selector":"Expiration Date* input field","context":"","multiple":false}
&amp#27;[38;5;32m[AndroidUiautomator2Driver@dabd (47571b8e)]&amp#27;[0m Got response with status 200: {"sessionId":"e99dcc09-a0f0-48bb-8a0b-d829d4323b82","value":{"ELEMENT":"00000000-0000-0594-ffff-ffff000001ea","element-6066-11e4-a52e-4f735466cecf":"00000000-0000-0594-ffff-ffff000001ea"}}
&amp#27;[38;5;32m[AndroidUiautomator2Driver@dabd (47571b8e)]&amp#27;[0m Responding to client with driver.findElement() result: {"element-6066-11e4-a52e-4f735466cecf":"00000000-0000-0594-ffff-ffff000001ea","ELEMENT":"00000000-0000-0594-ffff-ffff000001ea"}
&amp#27;[38;5;0m[HTTP]&amp#27;[0m &amp#27;[37m<-- POST /session/47571b8e-6191-4ef5-a875-b0f0dcd05976/element &amp#27;[39m&amp#27;[32m200&amp#27;[39m &amp#27;[90m702 ms - 137&amp#27;[39m
&amp#27;[38;5;0m[HTTP]&amp#27;[0m &amp#27;[90m&amp#27;[39m
&amp#27;[38;5;0m[HTTP]&amp#27;[0m &amp#27;[37m-->&amp#27;[39m &amp#27;[37mPOST&amp#27;[39m &amp#27;[37m/session/47571b8e-6191-4ef5-a875-b0f0dcd05976/element/00000000-0000-0594-ffff-ffff000001ea/value&amp#27;[39m
&amp#27;[38;5;0m[HTTP]&amp#27;[0m &amp#27;[90m{"id":"00000000-0000-0594-ffff-ffff000001ea","text":"06/26","value":["0","6","/","2","6"]}&amp#27;[39m
&amp#27;[38;5;32m[AndroidUiautomator2Driver@dabd (47571b8e)]&amp#27;[0m Calling AppiumDriver.setValue() with args: [["0","6","/","2","6"],"00000000-0000-0594-ffff-ffff000001ea","47571b8e-6191-4ef5-a875-b0f0dcd05976"]
&amp#27;[38;5;32m[AndroidUiautomator2Driver@dabd (47571b8e)]&amp#27;[0m Matched '/element/00000000-0000-0594-ffff-ffff000001ea/value' to command name 'setValue'
&amp#27;[38;5;32m[AndroidUiautomator2Driver@dabd (47571b8e)]&amp#27;[0m Added 'value' property ["0","6","/","2","6"] to 'setValue' request body
&amp#27;[38;5;32m[AndroidUiautomator2Driver@dabd (47571b8e)]&amp#27;[0m Proxying [POST /element/00000000-0000-0594-ffff-ffff000001ea/value] to [POST http://127.0.0.1:8201/session/e99dcc09-a0f0-48bb-8a0b-d829d4323b82/element/00000000-0000-0594-ffff-ffff000001ea/value] with body: {"elementId":"00000000-0000-0594-ffff-ffff000001ea","text":"06/26","replace":false,"value":["0","6","/","2","6"]}
&amp#27;[38;5;32m[AndroidUiautomator2Driver@dabd (47571b8e)]&amp#27;[0m Got response with status 200: {"sessionId":"e99dcc09-a0f0-48bb-8a0b-d829d4323b82","value":null}
&amp#27;[38;5;32m[AndroidUiautomator2Driver@dabd (47571b8e)]&amp#27;[0m Responding to client with driver.setValue() result: null
&amp#27;[38;5;0m[HTTP]&amp#27;[0m &amp#27;[37m<-- POST /session/47571b8e-6191-4ef5-a875-b0f0dcd05976/element/00000000-0000-0594-ffff-ffff000001ea/value &amp#27;[39m&amp#27;[32m200&amp#27;[39m &amp#27;[90m624 ms - 14&amp#27;[39m
&amp#27;[38;5;0m[HTTP]&amp#27;[0m &amp#27;[90m&amp#27;[39m
&amp#27;[38;5;0m[HTTP]&amp#27;[0m &amp#27;[37m-->&amp#27;[39m &amp#27;[37mGET&amp#27;[39m &amp#27;[37m/session/47571b8e-6191-4ef5-a875-b0f0dcd05976/context&amp#27;[39m
&amp#27;[38;5;0m[HTTP]&amp#27;[0m &amp#27;[90m{}&amp#27;[39m
&amp#27;[38;5;32m[AndroidUiautomator2Driver@dabd (47571b8e)]&amp#27;[0m Calling AppiumDriver.getCurrentContext() with args: ["47571b8e-6191-4ef5-a875-b0f0dcd05976"]
&amp#27;[38;5;32m[AndroidUiautomator2Driver@dabd (47571b8e)]&amp#27;[0m Responding to client with driver.getCurrentContext() result: "NATIVE_APP"
&amp#27;[38;5;0m[HTTP]&amp#27;[0m &amp#27;[37m<-- GET /session/47571b8e-6191-4ef5-a875-b0f0dcd05976/context &amp#27;[39m&amp#27;[32m200&amp#27;[39m &amp#27;[90m1 ms - 22&amp#27;[39m
&amp#27;[38;5;0m[HTTP]&amp#27;[0m &amp#27;[90m&amp#27;[39m
&amp#27;[38;5;0m[HTTP]&amp#27;[0m &amp#27;[37m-->&amp#27;[39m &amp#27;[37mPOST&amp#27;[39m &amp#27;[37m/session/47571b8e-6191-4ef5-a875-b0f0dcd05976/element&amp#27;[39m
&amp#27;[38;5;0m[HTTP]&amp#27;[0m &amp#27;[90m{"using":"accessibility id","value":"Security Code* input field"}&amp#27;[39m
&amp#27;[38;5;32m[AndroidUiautomator2Driver@dabd (47571b8e)]&amp#27;[0m Calling AppiumDriver.findElement() with args: ["accessibility id","Security Code* input field","47571b8e-6191-4ef5-a875-b0f0dcd05976"]
&amp#27;[38;5;32m[AndroidUiautomator2Driver@dabd (47571b8e)]&amp#27;[0m Valid locator strategies for this request: xpath, id, class name, accessibility id, css selector, -android uiautomator
&amp#27;[38;5;32m[AndroidUiautomator2Driver@dabd (47571b8e)]&amp#27;[0m Waiting up to 10000 ms for condition
&amp#27;[38;5;32m[AndroidUiautomator2Driver@dabd (47571b8e)]&amp#27;[0m Matched '/element' to command name 'findElement'
&amp#27;[38;5;32m[AndroidUiautomator2Driver@dabd (47571b8e)]&amp#27;[0m Proxying [POST /element] to [POST http://127.0.0.1:8201/session/e99dcc09-a0f0-48bb-8a0b-d829d4323b82/element] with body: {"strategy":"accessibility id","selector":"Security Code* input field","context":"","multiple":false}
&amp#27;[38;5;32m[AndroidUiautomator2Driver@dabd (47571b8e)]&amp#27;[0m Got response with status 200: {"sessionId":"e99dcc09-a0f0-48bb-8a0b-d829d4323b82","value":{"ELEMENT":"00000000-0000-0594-ffff-ffff000001ed","element-6066-11e4-a52e-4f735466cecf":"00000000-0000-0594-ffff-ffff000001ed"}}
&amp#27;[38;5;32m[AndroidUiautomator2Driver@dabd (47571b8e)]&amp#27;[0m Responding to client with driver.findElement() result: {"element-6066-11e4-a52e-4f735466cecf":"00000000-0000-0594-ffff-ffff000001ed","ELEMENT":"00000000-0000-0594-ffff-ffff000001ed"}
&amp#27;[38;5;0m[HTTP]&amp#27;[0m &amp#27;[37m<-- POST /session/47571b8e-6191-4ef5-a875-b0f0dcd05976/element &amp#27;[39m&amp#27;[32m200&amp#27;[39m &amp#27;[90m709 ms - 137&amp#27;[39m
&amp#27;[38;5;0m[HTTP]&amp#27;[0m &amp#27;[90m&amp#27;[39m
&amp#27;[38;5;0m[HTTP]&amp#27;[0m &amp#27;[37m-->&amp#27;[39m &amp#27;[37mPOST&amp#27;[39m &amp#27;[37m/session/47571b8e-6191-4ef5-a875-b0f0dcd05976/element/00000000-0000-0594-ffff-ffff000001ed/value&amp#27;[39m
&amp#27;[38;5;0m[HTTP]&amp#27;[0m &amp#27;[90m{"id":"00000000-0000-0594-ffff-ffff000001ed","text":"345","value":["3","4","5"]}&amp#27;[39m
&amp#27;[38;5;32m[AndroidUiautomator2Driver@dabd (47571b8e)]&amp#27;[0m Calling AppiumDriver.setValue() with args: [["3","4","5"],"00000000-0000-0594-ffff-ffff000001ed","47571b8e-6191-4ef5-a875-b0f0dcd05976"]
&amp#27;[38;5;32m[AndroidUiautomator2Driver@dabd (47571b8e)]&amp#27;[0m Matched '/element/00000000-0000-0594-ffff-ffff000001ed/value' to command name 'setValue'
&amp#27;[38;5;32m[AndroidUiautomator2Driver@dabd (47571b8e)]&amp#27;[0m Added 'value' property ["3","4","5"] to 'setValue' request body
&amp#27;[38;5;32m[AndroidUiautomator2Driver@dabd (47571b8e)]&amp#27;[0m Proxying [POST /element/00000000-0000-0594-ffff-ffff000001ed/value] to [POST http://127.0.0.1:8201/session/e99dcc09-a0f0-48bb-8a0b-d829d4323b82/element/00000000-0000-0594-ffff-ffff000001ed/value] with body: {"elementId":"00000000-0000-0594-ffff-ffff000001ed","text":"345","replace":false,"value":["3","4","5"]}
&amp#27;[38;5;32m[AndroidUiautomator2Driver@dabd (47571b8e)]&amp#27;[0m Got response with status 200: {"sessionId":"e99dcc09-a0f0-48bb-8a0b-d829d4323b82","value":null}
&amp#27;[38;5;32m[AndroidUiautomator2Driver@dabd (47571b8e)]&amp#27;[0m Responding to client with driver.setValue() result: null
&amp#27;[38;5;0m[HTTP]&amp#27;[0m &amp#27;[37m<-- POST /session/47571b8e-6191-4ef5-a875-b0f0dcd05976/element/00000000-0000-0594-ffff-ffff000001ed/value &amp#27;[39m&amp#27;[32m200&amp#27;[39m &amp#27;[90m598 ms - 14&amp#27;[39m
&amp#27;[38;5;0m[HTTP]&amp#27;[0m &amp#27;[90m&amp#27;[39m
&amp#27;[38;5;0m[HTTP]&amp#27;[0m &amp#27;[37m-->&amp#27;[39m &amp#27;[37mGET&amp#27;[39m &amp#27;[37m/session/47571b8e-6191-4ef5-a875-b0f0dcd05976/context&amp#27;[39m
&amp#27;[38;5;0m[HTTP]&amp#27;[0m &amp#27;[90m{}&amp#27;[39m
&amp#27;[38;5;32m[AndroidUiautomator2Driver@dabd (47571b8e)]&amp#27;[0m Calling AppiumDriver.getCurrentContext() with args: ["47571b8e-6191-4ef5-a875-b0f0dcd05976"]
&amp#27;[38;5;32m[AndroidUiautomator2Driver@dabd (47571b8e)]&amp#27;[0m Responding to client with driver.getCurrentContext() result: "NATIVE_APP"
&amp#27;[38;5;0m[HTTP]&amp#27;[0m &amp#27;[37m<-- GET /session/47571b8e-6191-4ef5-a875-b0f0dcd05976/context &amp#27;[39m&amp#27;[32m200&amp#27;[39m &amp#27;[90m1 ms - 22&amp#27;[39m
&amp#27;[38;5;0m[HTTP]&amp#27;[0m &amp#27;[90m&amp#27;[39m
&amp#27;[38;5;0m[HTTP]&amp#27;[0m &amp#27;[37m-->&amp#27;[39m &amp#27;[37mPOST&amp#27;[39m &amp#27;[37m/session/47571b8e-6191-4ef5-a875-b0f0dcd05976/element&amp#27;[39m
&amp#27;[38;5;0m[HTTP]&amp#27;[0m &amp#27;[90m{"using":"accessibility id","value":"Review Order button"}&amp#27;[39m
&amp#27;[38;5;32m[AndroidUiautomator2Driver@dabd (47571b8e)]&amp#27;[0m Calling AppiumDriver.findElement() with args: ["accessibility id","Review Order button","47571b8e-6191-4ef5-a875-b0f0dcd05976"]
&amp#27;[38;5;32m[AndroidUiautomator2Driver@dabd (47571b8e)]&amp#27;[0m Valid locator strategies for this request: xpath, id, class name, accessibility id, css selector, -android uiautomator
&amp#27;[38;5;32m[AndroidUiautomator2Driver@dabd (47571b8e)]&amp#27;[0m Waiting up to 10000 ms for condition
&amp#27;[38;5;32m[AndroidUiautomator2Driver@dabd (47571b8e)]&amp#27;[0m Matched '/element' to command name 'findElement'
&amp#27;[38;5;32m[AndroidUiautomator2Driver@dabd (47571b8e)]&amp#27;[0m Proxying [POST /element] to [POST http://127.0.0.1:8201/session/e99dcc09-a0f0-48bb-8a0b-d829d4323b82/element] with body: {"strategy":"accessibility id","selector":"Review Order button","context":"","multiple":false}
&amp#27;[38;5;32m[AndroidUiautomator2Driver@dabd (47571b8e)]&amp#27;[0m Got response with status 200: {"sessionId":"e99dcc09-a0f0-48bb-8a0b-d829d4323b82","value":{"ELEMENT":"00000000-0000-0594-ffff-ffff000001f6","element-6066-11e4-a52e-4f735466cecf":"00000000-0000-0594-ffff-ffff000001f6"}}
&amp#27;[38;5;32m[AndroidUiautomator2Driver@dabd (47571b8e)]&amp#27;[0m Responding to client with driver.findElement() result: {"element-6066-11e4-a52e-4f735466cecf":"00000000-0000-0594-ffff-ffff000001f6","ELEMENT":"00000000-0000-0594-ffff-ffff000001f6"}
&amp#27;[38;5;0m[HTTP]&amp#27;[0m &amp#27;[37m<-- POST /session/47571b8e-6191-4ef5-a875-b0f0dcd05976/element &amp#27;[39m&amp#27;[32m200&amp#27;[39m &amp#27;[90m761 ms - 137&amp#27;[39m
&amp#27;[38;5;0m[HTTP]&amp#27;[0m &amp#27;[90m&amp#27;[39m
&amp#27;[38;5;0m[HTTP]&amp#27;[0m &amp#27;[37m-->&amp#27;[39m &amp#27;[37mPOST&amp#27;[39m &amp#27;[37m/session/47571b8e-6191-4ef5-a875-b0f0dcd05976/element/00000000-0000-0594-ffff-ffff000001f6/click&amp#27;[39m
&amp#27;[38;5;0m[HTTP]&amp#27;[0m &amp#27;[90m{"id":"00000000-0000-0594-ffff-ffff000001f6"}&amp#27;[39m
&amp#27;[38;5;32m[AndroidUiautomator2Driver@dabd (47571b8e)]&amp#27;[0m Calling AppiumDriver.click() with args: ["00000000-0000-0594-ffff-ffff000001f6","47571b8e-6191-4ef5-a875-b0f0dcd05976"]
&amp#27;[38;5;32m[AndroidUiautomator2Driver@dabd (47571b8e)]&amp#27;[0m Matched '/element/00000000-0000-0594-ffff-ffff000001f6/click' to command name 'click'
&amp#27;[38;5;32m[AndroidUiautomator2Driver@dabd (47571b8e)]&amp#27;[0m Proxying [POST /element/00000000-0000-0594-ffff-ffff000001f6/click] to [POST http://127.0.0.1:8201/session/e99dcc09-a0f0-48bb-8a0b-d829d4323b82/element/00000000-0000-0594-ffff-ffff000001f6/click] with body: {"element":"00000000-0000-0594-ffff-ffff000001f6"}
&amp#27;[38;5;32m[AndroidUiautomator2Driver@dabd (47571b8e)]&amp#27;[0m Got response with status 200: {"sessionId":"e99dcc09-a0f0-48bb-8a0b-d829d4323b82","value":null}
&amp#27;[38;5;32m[AndroidUiautomator2Driver@dabd (47571b8e)]&amp#27;[0m Responding to client with driver.click() result: null
&amp#27;[38;5;0m[HTTP]&amp#27;[0m &amp#27;[37m<-- POST /session/47571b8e-6191-4ef5-a875-b0f0dcd05976/element/00000000-0000-0594-ffff-ffff000001f6/click &amp#27;[39m&amp#27;[32m200&amp#27;[39m &amp#27;[90m117 ms - 14&amp#27;[39m
&amp#27;[38;5;0m[HTTP]&amp#27;[0m &amp#27;[90m&amp#27;[39m
&amp#27;[38;5;0m[HTTP]&amp#27;[0m &amp#27;[37m-->&amp#27;[39m &amp#27;[37mPOST&amp#27;[39m &amp#27;[37m/session/47571b8e-6191-4ef5-a875-b0f0dcd05976/element&amp#27;[39m
&amp#27;[38;5;0m[HTTP]&amp#27;[0m &amp#27;[90m{"using":"xpath","value":"//android.widget.TextView[contains(@text,'Review')]"}&amp#27;[39m
&amp#27;[38;5;32m[AndroidUiautomator2Driver@dabd (47571b8e)]&amp#27;[0m Calling AppiumDriver.findElement() with args: ["xpath","//android.widget.TextView[contains(@text,'Review')]","47571b8e-6191-4ef5-a875-b0f0dcd05976"]
&amp#27;[38;5;32m[AndroidUiautomator2Driver@dabd (47571b8e)]&amp#27;[0m Valid locator strategies for this request: xpath, id, class name, accessibility id, css selector, -android uiautomator
&amp#27;[38;5;32m[AndroidUiautomator2Driver@dabd (47571b8e)]&amp#27;[0m Waiting up to 10000 ms for condition
&amp#27;[38;5;32m[AndroidUiautomator2Driver@dabd (47571b8e)]&amp#27;[0m Matched '/element' to command name 'findElement'
&amp#27;[38;5;32m[AndroidUiautomator2Driver@dabd (47571b8e)]&amp#27;[0m Proxying [POST /element] to [POST http://127.0.0.1:8201/session/e99dcc09-a0f0-48bb-8a0b-d829d4323b82/element] with body: {"strategy":"xpath","selector":"//android.widget.TextView[contains(@text,'Review')]","context":"","multiple":false}
&amp#27;[38;5;32m[AndroidUiautomator2Driver@dabd (47571b8e)]&amp#27;[0m Got response with status 200: {"sessionId":"e99dcc09-a0f0-48bb-8a0b-d829d4323b82","value":{"ELEMENT":"00000000-0000-0594-ffff-ffff0000020f","element-6066-11e4-a52e-4f735466cecf":"00000000-0000-0594-ffff-ffff0000020f"}}
&amp#27;[38;5;32m[AndroidUiautomator2Driver@dabd (47571b8e)]&amp#27;[0m Responding to client with driver.findElement() result: {"element-6066-11e4-a52e-4f735466cecf":"00000000-0000-0594-ffff-ffff0000020f","ELEMENT":"00000000-0000-0594-ffff-ffff0000020f"}
&amp#27;[38;5;0m[HTTP]&amp#27;[0m &amp#27;[37m<-- POST /session/47571b8e-6191-4ef5-a875-b0f0dcd05976/element &amp#27;[39m&amp#27;[32m200&amp#27;[39m &amp#27;[90m1664 ms - 137&amp#27;[39m
&amp#27;[38;5;0m[HTTP]&amp#27;[0m &amp#27;[90m&amp#27;[39m
&amp#27;[38;5;0m[HTTP]&amp#27;[0m &amp#27;[37m-->&amp#27;[39m &amp#27;[37mGET&amp#27;[39m &amp#27;[37m/session/47571b8e-6191-4ef5-a875-b0f0dcd05976/element/00000000-0000-0594-ffff-ffff0000020f/text&amp#27;[39m
&amp#27;[38;5;0m[HTTP]&amp#27;[0m &amp#27;[90m{}&amp#27;[39m
&amp#27;[38;5;32m[AndroidUiautomator2Driver@dabd (47571b8e)]&amp#27;[0m Driver proxy active, passing request on via HTTP proxy
&amp#27;[38;5;32m[AndroidUiautomator2Driver@dabd (47571b8e)]&amp#27;[0m Matched '/session/47571b8e-6191-4ef5-a875-b0f0dcd05976/element/00000000-0000-0594-ffff-ffff0000020f/text' to command name 'getText'
&amp#27;[38;5;32m[AndroidUiautomator2Driver@dabd (47571b8e)]&amp#27;[0m Proxying [GET /session/47571b8e-6191-4ef5-a875-b0f0dcd05976/element/00000000-0000-0594-ffff-ffff0000020f/text] to [GET http://127.0.0.1:8201/session/e99dcc09-a0f0-48bb-8a0b-d829d4323b82/element/00000000-0000-0594-ffff-ffff0000020f/text] with no body
&amp#27;[38;5;32m[AndroidUiautomator2Driver@dabd (47571b8e)]&amp#27;[0m Got response with status 200: {"sessionId":"e99dcc09-a0f0-48bb-8a0b-d829d4323b82","value":"Review your order"}
&amp#27;[38;5;32m[AndroidUiautomator2Driver@dabd (47571b8e)]&amp#27;[0m Replacing sessionId e99dcc09-a0f0-48bb-8a0b-d829d4323b82 with 47571b8e-6191-4ef5-a875-b0f0dcd05976
&amp#27;[38;5;0m[HTTP]&amp#27;[0m &amp#27;[37m<-- GET /session/47571b8e-6191-4ef5-a875-b0f0dcd05976/element/00000000-0000-0594-ffff-ffff0000020f/text &amp#27;[39m&amp#27;[32m200&amp#27;[39m &amp#27;[90m41 ms - 80&amp#27;[39m
&amp#27;[38;5;0m[HTTP]&amp#27;[0m &amp#27;[90m&amp#27;[39m
&amp#27;[38;5;0m[HTTP]&amp#27;[0m &amp#27;[37m-->&amp#27;[39m &amp#27;[37mGET&amp#27;[39m &amp#27;[37m/session/47571b8e-6191-4ef5-a875-b0f0dcd05976/context&amp#27;[39m
&amp#27;[38;5;0m[HTTP]&amp#27;[0m &amp#27;[90m{}&amp#27;[39m
&amp#27;[38;5;32m[AndroidUiautomator2Driver@dabd (47571b8e)]&amp#27;[0m Calling AppiumDriver.getCurrentContext() with args: ["47571b8e-6191-4ef5-a875-b0f0dcd05976"]
&amp#27;[38;5;32m[AndroidUiautomator2Driver@dabd (47571b8e)]&amp#27;[0m Responding to client with driver.getCurrentContext() result: "NATIVE_APP"
&amp#27;[38;5;0m[HTTP]&amp#27;[0m &amp#27;[37m<-- GET /session/47571b8e-6191-4ef5-a875-b0f0dcd05976/context &amp#27;[39m&amp#27;[32m200&amp#27;[39m &amp#27;[90m1 ms - 22&amp#27;[39m
&amp#27;[38;5;0m[HTTP]&amp#27;[0m &amp#27;[90m&amp#27;[39m
&amp#27;[38;5;0m[HTTP]&amp#27;[0m &amp#27;[37m-->&amp#27;[39m &amp#27;[37mPOST&amp#27;[39m &amp#27;[37m/session/47571b8e-6191-4ef5-a875-b0f0dcd05976/element&amp#27;[39m
&amp#27;[38;5;0m[HTTP]&amp#27;[0m &amp#27;[90m{"using":"xpath","value":"//android.widget.TextView[contains(@text,'Review')]"}&amp#27;[39m
&amp#27;[38;5;32m[AndroidUiautomator2Driver@dabd (47571b8e)]&amp#27;[0m Calling AppiumDriver.findElement() with args: ["xpath","//android.widget.TextView[contains(@text,'Review')]","47571b8e-6191-4ef5-a875-b0f0dcd05976"]
&amp#27;[38;5;32m[AndroidUiautomator2Driver@dabd (47571b8e)]&amp#27;[0m Valid locator strategies for this request: xpath, id, class name, accessibility id, css selector, -android uiautomator
&amp#27;[38;5;32m[AndroidUiautomator2Driver@dabd (47571b8e)]&amp#27;[0m Waiting up to 10000 ms for condition
&amp#27;[38;5;32m[AndroidUiautomator2Driver@dabd (47571b8e)]&amp#27;[0m Matched '/element' to command name 'findElement'
&amp#27;[38;5;32m[AndroidUiautomator2Driver@dabd (47571b8e)]&amp#27;[0m Proxying [POST /element] to [POST http://127.0.0.1:8201/session/e99dcc09-a0f0-48bb-8a0b-d829d4323b82/element] with body: {"strategy":"xpath","selector":"//android.widget.TextView[contains(@text,'Review')]","context":"","multiple":false}
&amp#27;[38;5;32m[AndroidUiautomator2Driver@dabd (47571b8e)]&amp#27;[0m Got response with status 200: {"sessionId":"e99dcc09-a0f0-48bb-8a0b-d829d4323b82","value":{"ELEMENT":"00000000-0000-0594-ffff-ffff0000020f","element-6066-11e4-a52e-4f735466cecf":"00000000-0000-0594-ffff-ffff0000020f"}}
&amp#27;[38;5;32m[AndroidUiautomator2Driver@dabd (47571b8e)]&amp#27;[0m Responding to client with driver.findElement() result: {"element-6066-11e4-a52e-4f735466cecf":"00000000-0000-0594-ffff-ffff0000020f","ELEMENT":"00000000-0000-0594-ffff-ffff0000020f"}
&amp#27;[38;5;0m[HTTP]&amp#27;[0m &amp#27;[37m<-- POST /session/47571b8e-6191-4ef5-a875-b0f0dcd05976/element &amp#27;[39m&amp#27;[32m200&amp#27;[39m &amp#27;[90m513 ms - 137&amp#27;[39m
&amp#27;[38;5;0m[HTTP]&amp#27;[0m &amp#27;[90m&amp#27;[39m
&amp#27;[38;5;0m[HTTP]&amp#27;[0m &amp#27;[37m-->&amp#27;[39m &amp#27;[37mGET&amp#27;[39m &amp#27;[37m/session/47571b8e-6191-4ef5-a875-b0f0dcd05976/element/00000000-0000-0594-ffff-ffff0000020f/text&amp#27;[39m
&amp#27;[38;5;0m[HTTP]&amp#27;[0m &amp#27;[90m{}&amp#27;[39m
&amp#27;[38;5;32m[AndroidUiautomator2Driver@dabd (47571b8e)]&amp#27;[0m Driver proxy active, passing request on via HTTP proxy
&amp#27;[38;5;32m[AndroidUiautomator2Driver@dabd (47571b8e)]&amp#27;[0m Matched '/session/47571b8e-6191-4ef5-a875-b0f0dcd05976/element/00000000-0000-0594-ffff-ffff0000020f/text' to command name 'getText'
&amp#27;[38;5;32m[AndroidUiautomator2Driver@dabd (47571b8e)]&amp#27;[0m Proxying [GET /session/47571b8e-6191-4ef5-a875-b0f0dcd05976/element/00000000-0000-0594-ffff-ffff0000020f/text] to [GET http://127.0.0.1:8201/session/e99dcc09-a0f0-48bb-8a0b-d829d4323b82/element/00000000-0000-0594-ffff-ffff0000020f/text] with no body
&amp#27;[38;5;32m[AndroidUiautomator2Driver@dabd (47571b8e)]&amp#27;[0m Got response with status 200: {"sessionId":"e99dcc09-a0f0-48bb-8a0b-d829d4323b82","value":"Review your order"}
&amp#27;[38;5;32m[AndroidUiautomator2Driver@dabd (47571b8e)]&amp#27;[0m Replacing sessionId e99dcc09-a0f0-48bb-8a0b-d829d4323b82 with 47571b8e-6191-4ef5-a875-b0f0dcd05976
&amp#27;[38;5;0m[HTTP]&amp#27;[0m &amp#27;[37m<-- GET /session/47571b8e-6191-4ef5-a875-b0f0dcd05976/element/00000000-0000-0594-ffff-ffff0000020f/text &amp#27;[39m&amp#27;[32m200&amp#27;[39m &amp#27;[90m24 ms - 80&amp#27;[39m
&amp#27;[38;5;0m[HTTP]&amp#27;[0m &amp#27;[90m&amp#27;[39m
&amp#27;[38;5;0m[HTTP]&amp#27;[0m &amp#27;[37m-->&amp#27;[39m &amp#27;[37mGET&amp#27;[39m &amp#27;[37m/session/47571b8e-6191-4ef5-a875-b0f0dcd05976/context&amp#27;[39m
&amp#27;[38;5;0m[HTTP]&amp#27;[0m &amp#27;[90m{}&amp#27;[39m
&amp#27;[38;5;32m[AndroidUiautomator2Driver@dabd (47571b8e)]&amp#27;[0m Calling AppiumDriver.getCurrentContext() with args: ["47571b8e-6191-4ef5-a875-b0f0dcd05976"]
&amp#27;[38;5;32m[AndroidUiautomator2Driver@dabd (47571b8e)]&amp#27;[0m Responding to client with driver.getCurrentContext() result: "NATIVE_APP"
&amp#27;[38;5;0m[HTTP]&amp#27;[0m &amp#27;[37m<-- GET /session/47571b8e-6191-4ef5-a875-b0f0dcd05976/context &amp#27;[39m&amp#27;[32m200&amp#27;[39m &amp#27;[90m1 ms - 22&amp#27;[39m
&amp#27;[38;5;0m[HTTP]&amp#27;[0m &amp#27;[90m&amp#27;[39m
&amp#27;[38;5;0m[HTTP]&amp#27;[0m &amp#27;[37m-->&amp#27;[39m &amp#27;[37mPOST&amp#27;[39m &amp#27;[37m/session/47571b8e-6191-4ef5-a875-b0f0dcd05976/element&amp#27;[39m
&amp#27;[38;5;0m[HTTP]&amp#27;[0m &amp#27;[90m{"using":"accessibility id","value":"Place Order button"}&amp#27;[39m
&amp#27;[38;5;32m[AndroidUiautomator2Driver@dabd (47571b8e)]&amp#27;[0m Calling AppiumDriver.findElement() with args: ["accessibility id","Place Order button","47571b8e-6191-4ef5-a875-b0f0dcd05976"]
&amp#27;[38;5;32m[AndroidUiautomator2Driver@dabd (47571b8e)]&amp#27;[0m Valid locator strategies for this request: xpath, id, class name, accessibility id, css selector, -android uiautomator
&amp#27;[38;5;32m[AndroidUiautomator2Driver@dabd (47571b8e)]&amp#27;[0m Waiting up to 10000 ms for condition
&amp#27;[38;5;32m[AndroidUiautomator2Driver@dabd (47571b8e)]&amp#27;[0m Matched '/element' to command name 'findElement'
&amp#27;[38;5;32m[AndroidUiautomator2Driver@dabd (47571b8e)]&amp#27;[0m Proxying [POST /element] to [POST http://127.0.0.1:8201/session/e99dcc09-a0f0-48bb-8a0b-d829d4323b82/element] with body: {"strategy":"accessibility id","selector":"Place Order button","context":"","multiple":false}
&amp#27;[38;5;32m[AndroidUiautomator2Driver@dabd (47571b8e)]&amp#27;[0m Got response with status 200: {"sessionId":"e99dcc09-a0f0-48bb-8a0b-d829d4323b82","value":{"ELEMENT":"00000000-0000-0594-ffff-ffff0000024c","element-6066-11e4-a52e-4f735466cecf":"00000000-0000-0594-ffff-ffff0000024c"}}
&amp#27;[38;5;32m[AndroidUiautomator2Driver@dabd (47571b8e)]&amp#27;[0m Responding to client with driver.findElement() result: {"element-6066-11e4-a52e-4f735466cecf":"00000000-0000-0594-ffff-ffff0000024c","ELEMENT":"00000000-0000-0594-ffff-ffff0000024c"}
&amp#27;[38;5;0m[HTTP]&amp#27;[0m &amp#27;[37m<-- POST /session/47571b8e-6191-4ef5-a875-b0f0dcd05976/element &amp#27;[39m&amp#27;[32m200&amp#27;[39m &amp#27;[90m315 ms - 137&amp#27;[39m
&amp#27;[38;5;0m[HTTP]&amp#27;[0m &amp#27;[90m&amp#27;[39m
&amp#27;[38;5;0m[HTTP]&amp#27;[0m &amp#27;[37m-->&amp#27;[39m &amp#27;[37mPOST&amp#27;[39m &amp#27;[37m/session/47571b8e-6191-4ef5-a875-b0f0dcd05976/element/00000000-0000-0594-ffff-ffff0000024c/click&amp#27;[39m
&amp#27;[38;5;0m[HTTP]&amp#27;[0m &amp#27;[90m{"id":"00000000-0000-0594-ffff-ffff0000024c"}&amp#27;[39m
&amp#27;[38;5;32m[AndroidUiautomator2Driver@dabd (47571b8e)]&amp#27;[0m Calling AppiumDriver.click() with args: ["00000000-0000-0594-ffff-ffff0000024c","47571b8e-6191-4ef5-a875-b0f0dcd05976"]
&amp#27;[38;5;32m[AndroidUiautomator2Driver@dabd (47571b8e)]&amp#27;[0m Matched '/element/00000000-0000-0594-ffff-ffff0000024c/click' to command name 'click'
&amp#27;[38;5;32m[AndroidUiautomator2Driver@dabd (47571b8e)]&amp#27;[0m Proxying [POST /element/00000000-0000-0594-ffff-ffff0000024c/click] to [POST http://127.0.0.1:8201/session/e99dcc09-a0f0-48bb-8a0b-d829d4323b82/element/00000000-0000-0594-ffff-ffff0000024c/click] with body: {"element":"00000000-0000-0594-ffff-ffff0000024c"}
&amp#27;[38;5;32m[AndroidUiautomator2Driver@dabd (47571b8e)]&amp#27;[0m Got response with status 200: {"sessionId":"e99dcc09-a0f0-48bb-8a0b-d829d4323b82","value":null}
&amp#27;[38;5;32m[AndroidUiautomator2Driver@dabd (47571b8e)]&amp#27;[0m Responding to client with driver.click() result: null
&amp#27;[38;5;0m[HTTP]&amp#27;[0m &amp#27;[37m<-- POST /session/47571b8e-6191-4ef5-a875-b0f0dcd05976/element/00000000-0000-0594-ffff-ffff0000024c/click &amp#27;[39m&amp#27;[32m200&amp#27;[39m &amp#27;[90m85 ms - 14&amp#27;[39m
&amp#27;[38;5;0m[HTTP]&amp#27;[0m &amp#27;[90m&amp#27;[39m
&amp#27;[38;5;0m[HTTP]&amp#27;[0m &amp#27;[37m-->&amp#27;[39m &amp#27;[37mGET&amp#27;[39m &amp#27;[37m/session/47571b8e-6191-4ef5-a875-b0f0dcd05976/context&amp#27;[39m
&amp#27;[38;5;0m[HTTP]&amp#27;[0m &amp#27;[90m{}&amp#27;[39m
&amp#27;[38;5;32m[AndroidUiautomator2Driver@dabd (47571b8e)]&amp#27;[0m Calling AppiumDriver.getCurrentContext() with args: ["47571b8e-6191-4ef5-a875-b0f0dcd05976"]
&amp#27;[38;5;32m[AndroidUiautomator2Driver@dabd (47571b8e)]&amp#27;[0m Responding to client with driver.getCurrentContext() result: "NATIVE_APP"
&amp#27;[38;5;0m[HTTP]&amp#27;[0m &amp#27;[37m<-- GET /session/47571b8e-6191-4ef5-a875-b0f0dcd05976/context &amp#27;[39m&amp#27;[32m200&amp#27;[39m &amp#27;[90m1 ms - 22&amp#27;[39m
&amp#27;[38;5;0m[HTTP]&amp#27;[0m &amp#27;[90m&amp#27;[39m
&amp#27;[38;5;0m[HTTP]&amp#27;[0m &amp#27;[37m-->&amp#27;[39m &amp#27;[37mPOST&amp#27;[39m &amp#27;[37m/session/47571b8e-6191-4ef5-a875-b0f0dcd05976/element&amp#27;[39m
&amp#27;[38;5;0m[HTTP]&amp#27;[0m &amp#27;[90m{"using":"xpath","value":"//android.widget.TextView[contains(@text,'Complete')]"}&amp#27;[39m
&amp#27;[38;5;32m[AndroidUiautomator2Driver@dabd (47571b8e)]&amp#27;[0m Calling AppiumDriver.findElement() with args: ["xpath","//android.widget.TextView[contains(@text,'Complete')]","47571b8e-6191-4ef5-a875-b0f0dcd05976"]
&amp#27;[38;5;32m[AndroidUiautomator2Driver@dabd (47571b8e)]&amp#27;[0m Valid locator strategies for this request: xpath, id, class name, accessibility id, css selector, -android uiautomator
&amp#27;[38;5;32m[AndroidUiautomator2Driver@dabd (47571b8e)]&amp#27;[0m Waiting up to 10000 ms for condition
&amp#27;[38;5;32m[AndroidUiautomator2Driver@dabd (47571b8e)]&amp#27;[0m Matched '/element' to command name 'findElement'
&amp#27;[38;5;32m[AndroidUiautomator2Driver@dabd (47571b8e)]&amp#27;[0m Proxying [POST /element] to [POST http://127.0.0.1:8201/session/e99dcc09-a0f0-48bb-8a0b-d829d4323b82/element] with body: {"strategy":"xpath","selector":"//android.widget.TextView[contains(@text,'Complete')]","context":"","multiple":false}
&amp#27;[38;5;32m[AndroidUiautomator2Driver@dabd (47571b8e)]&amp#27;[0m Got response with status 200: {"sessionId":"e99dcc09-a0f0-48bb-8a0b-d829d4323b82","value":{"ELEMENT":"00000000-0000-0594-ffff-ffff00000264","element-6066-11e4-a52e-4f735466cecf":"00000000-0000-0594-ffff-ffff00000264"}}
&amp#27;[38;5;32m[AndroidUiautomator2Driver@dabd (47571b8e)]&amp#27;[0m Responding to client with driver.findElement() result: {"element-6066-11e4-a52e-4f735466cecf":"00000000-0000-0594-ffff-ffff00000264","ELEMENT":"00000000-0000-0594-ffff-ffff00000264"}
&amp#27;[38;5;0m[HTTP]&amp#27;[0m &amp#27;[37m<-- POST /session/47571b8e-6191-4ef5-a875-b0f0dcd05976/element &amp#27;[39m&amp#27;[32m200&amp#27;[39m &amp#27;[90m505 ms - 137&amp#27;[39m
&amp#27;[38;5;0m[HTTP]&amp#27;[0m &amp#27;[90m&amp#27;[39m
&amp#27;[38;5;0m[HTTP]&amp#27;[0m &amp#27;[37m-->&amp#27;[39m &amp#27;[37mGET&amp#27;[39m &amp#27;[37m/session/47571b8e-6191-4ef5-a875-b0f0dcd05976/element/00000000-0000-0594-ffff-ffff00000264/text&amp#27;[39m
&amp#27;[38;5;0m[HTTP]&amp#27;[0m &amp#27;[90m{}&amp#27;[39m
&amp#27;[38;5;32m[AndroidUiautomator2Driver@dabd (47571b8e)]&amp#27;[0m Driver proxy active, passing request on via HTTP proxy
&amp#27;[38;5;32m[AndroidUiautomator2Driver@dabd (47571b8e)]&amp#27;[0m Matched '/session/47571b8e-6191-4ef5-a875-b0f0dcd05976/element/00000000-0000-0594-ffff-ffff00000264/text' to command name 'getText'
&amp#27;[38;5;32m[AndroidUiautomator2Driver@dabd (47571b8e)]&amp#27;[0m Proxying [GET /session/47571b8e-6191-4ef5-a875-b0f0dcd05976/element/00000000-0000-0594-ffff-ffff00000264/text] to [GET http://127.0.0.1:8201/session/e99dcc09-a0f0-48bb-8a0b-d829d4323b82/element/00000000-0000-0594-ffff-ffff00000264/text] with no body
&amp#27;[38;5;32m[AndroidUiautomator2Driver@dabd (47571b8e)]&amp#27;[0m Got response with status 200: {"sessionId":"e99dcc09-a0f0-48bb-8a0b-d829d4323b82","value":"Checkout Complete"}
&amp#27;[38;5;32m[AndroidUiautomator2Driver@dabd (47571b8e)]&amp#27;[0m Replacing sessionId e99dcc09-a0f0-48bb-8a0b-d829d4323b82 with 47571b8e-6191-4ef5-a875-b0f0dcd05976
&amp#27;[38;5;0m[HTTP]&amp#27;[0m &amp#27;[37m<-- GET /session/47571b8e-6191-4ef5-a875-b0f0dcd05976/element/00000000-0000-0594-ffff-ffff00000264/text &amp#27;[39m&amp#27;[32m200&amp#27;[39m &amp#27;[90m611 ms - 80&amp#27;[39m
&amp#27;[38;5;0m[HTTP]&amp#27;[0m &amp#27;[90m&amp#27;[39m
&amp#27;[38;5;0m[HTTP]&amp#27;[0m &amp#27;[37m-->&amp#27;[39m &amp#27;[37mGET&amp#27;[39m &amp#27;[37m/session/47571b8e-6191-4ef5-a875-b0f0dcd05976/context&amp#27;[39m
&amp#27;[38;5;0m[HTTP]&amp#27;[0m &amp#27;[90m{}&amp#27;[39m
&amp#27;[38;5;32m[AndroidUiautomator2Driver@dabd (47571b8e)]&amp#27;[0m Calling AppiumDriver.getCurrentContext() with args: ["47571b8e-6191-4ef5-a875-b0f0dcd05976"]
&amp#27;[38;5;32m[AndroidUiautomator2Driver@dabd (47571b8e)]&amp#27;[0m Responding to client with driver.getCurrentContext() result: "NATIVE_APP"
&amp#27;[38;5;0m[HTTP]&amp#27;[0m &amp#27;[37m<-- GET /session/47571b8e-6191-4ef5-a875-b0f0dcd05976/context &amp#27;[39m&amp#27;[32m200&amp#27;[39m &amp#27;[90m1 ms - 22&amp#27;[39m
&amp#27;[38;5;0m[HTTP]&amp#27;[0m &amp#27;[90m&amp#27;[39m
&amp#27;[38;5;0m[HTTP]&amp#27;[0m &amp#27;[37m-->&amp#27;[39m &amp#27;[37mPOST&amp#27;[39m &amp#27;[37m/session/47571b8e-6191-4ef5-a875-b0f0dcd05976/element&amp#27;[39m
&amp#27;[38;5;0m[HTTP]&amp#27;[0m &amp#27;[90m{"using":"accessibility id","value":"Continue Shopping button"}&amp#27;[39m
&amp#27;[38;5;32m[AndroidUiautomator2Driver@dabd (47571b8e)]&amp#27;[0m Calling AppiumDriver.findElement() with args: ["accessibility id","Continue Shopping button","47571b8e-6191-4ef5-a875-b0f0dcd05976"]
&amp#27;[38;5;32m[AndroidUiautomator2Driver@dabd (47571b8e)]&amp#27;[0m Valid locator strategies for this request: xpath, id, class name, accessibility id, css selector, -android uiautomator
&amp#27;[38;5;32m[AndroidUiautomator2Driver@dabd (47571b8e)]&amp#27;[0m Waiting up to 10000 ms for condition
&amp#27;[38;5;32m[AndroidUiautomator2Driver@dabd (47571b8e)]&amp#27;[0m Matched '/element' to command name 'findElement'
&amp#27;[38;5;32m[AndroidUiautomator2Driver@dabd (47571b8e)]&amp#27;[0m Proxying [POST /element] to [POST http://127.0.0.1:8201/session/e99dcc09-a0f0-48bb-8a0b-d829d4323b82/element] with body: {"strategy":"accessibility id","selector":"Continue Shopping button","context":"","multiple":false}
&amp#27;[38;5;32m[AndroidUiautomator2Driver@dabd (47571b8e)]&amp#27;[0m Got response with status 200: {"sessionId":"e99dcc09-a0f0-48bb-8a0b-d829d4323b82","value":{"ELEMENT":"00000000-0000-0594-ffff-ffff00000269","element-6066-11e4-a52e-4f735466cecf":"00000000-0000-0594-ffff-ffff00000269"}}
&amp#27;[38;5;32m[AndroidUiautomator2Driver@dabd (47571b8e)]&amp#27;[0m Responding to client with driver.findElement() result: {"element-6066-11e4-a52e-4f735466cecf":"00000000-0000-0594-ffff-ffff00000269","ELEMENT":"00000000-0000-0594-ffff-ffff00000269"}
&amp#27;[38;5;0m[HTTP]&amp#27;[0m &amp#27;[37m<-- POST /session/47571b8e-6191-4ef5-a875-b0f0dcd05976/element &amp#27;[39m&amp#27;[32m200&amp#27;[39m &amp#27;[90m75 ms - 137&amp#27;[39m
&amp#27;[38;5;0m[HTTP]&amp#27;[0m &amp#27;[90m&amp#27;[39m
&amp#27;[38;5;0m[HTTP]&amp#27;[0m &amp#27;[37m-->&amp#27;[39m &amp#27;[37mPOST&amp#27;[39m &amp#27;[37m/session/47571b8e-6191-4ef5-a875-b0f0dcd05976/element/00000000-0000-0594-ffff-ffff00000269/click&amp#27;[39m
&amp#27;[38;5;0m[HTTP]&amp#27;[0m &amp#27;[90m{"id":"00000000-0000-0594-ffff-ffff00000269"}&amp#27;[39m
&amp#27;[38;5;32m[AndroidUiautomator2Driver@dabd (47571b8e)]&amp#27;[0m Calling AppiumDriver.click() with args: ["00000000-0000-0594-ffff-ffff00000269","47571b8e-6191-4ef5-a875-b0f0dcd05976"]
&amp#27;[38;5;32m[AndroidUiautomator2Driver@dabd (47571b8e)]&amp#27;[0m Matched '/element/00000000-0000-0594-ffff-ffff00000269/click' to command name 'click'
&amp#27;[38;5;32m[AndroidUiautomator2Driver@dabd (47571b8e)]&amp#27;[0m Proxying [POST /element/00000000-0000-0594-ffff-ffff00000269/click] to [POST http://127.0.0.1:8201/session/e99dcc09-a0f0-48bb-8a0b-d829d4323b82/element/00000000-0000-0594-ffff-ffff00000269/click] with body: {"element":"00000000-0000-0594-ffff-ffff00000269"}
&amp#27;[38;5;32m[AndroidUiautomator2Driver@dabd (47571b8e)]&amp#27;[0m Got response with status 200: {"sessionId":"e99dcc09-a0f0-48bb-8a0b-d829d4323b82","value":null}
&amp#27;[38;5;32m[AndroidUiautomator2Driver@dabd (47571b8e)]&amp#27;[0m Responding to client with driver.click() result: null
&amp#27;[38;5;0m[HTTP]&amp#27;[0m &amp#27;[37m<-- POST /session/47571b8e-6191-4ef5-a875-b0f0dcd05976/element/00000000-0000-0594-ffff-ffff00000269/click &amp#27;[39m&amp#27;[32m200&amp#27;[39m &amp#27;[90m56 ms - 14&amp#27;[39m
&amp#27;[38;5;0m[HTTP]&amp#27;[0m &amp#27;[90m&amp#27;[39m
&amp#27;[38;5;0m[HTTP]&amp#27;[0m &amp#27;[37m-->&amp#27;[39m &amp#27;[37mGET&amp#27;[39m &amp#27;[37m/session/47571b8e-6191-4ef5-a875-b0f0dcd05976/context&amp#27;[39m
&amp#27;[38;5;0m[HTTP]&amp#27;[0m &amp#27;[90m{}&amp#27;[39m
&amp#27;[38;5;32m[AndroidUiautomator2Driver@dabd (47571b8e)]&amp#27;[0m Calling AppiumDriver.getCurrentContext() with args: ["47571b8e-6191-4ef5-a875-b0f0dcd05976"]
&amp#27;[38;5;32m[AndroidUiautomator2Driver@dabd (47571b8e)]&amp#27;[0m Responding to client with driver.getCurrentContext() result: "NATIVE_APP"
&amp#27;[38;5;0m[HTTP]&amp#27;[0m &amp#27;[37m<-- GET /session/47571b8e-6191-4ef5-a875-b0f0dcd05976/context &amp#27;[39m&amp#27;[32m200&amp#27;[39m &amp#27;[90m1 ms - 22&amp#27;[39m
&amp#27;[38;5;0m[HTTP]&amp#27;[0m &amp#27;[90m&amp#27;[39m
&amp#27;[38;5;0m[HTTP]&amp#27;[0m &amp#27;[37m-->&amp#27;[39m &amp#27;[37mPOST&amp#27;[39m &amp#27;[37m/session/47571b8e-6191-4ef5-a875-b0f0dcd05976/element&amp#27;[39m
&amp#27;[38;5;0m[HTTP]&amp#27;[0m &amp#27;[90m{"using":"xpath","value":"//android.view.ViewGroup[@content-desc='container header']/android.widget.TextView"}&amp#27;[39m
&amp#27;[38;5;32m[AndroidUiautomator2Driver@dabd (47571b8e)]&amp#27;[0m Calling AppiumDriver.findElement() with args: ["xpath","//android.view.ViewGroup[@content-desc='container header']/android.widget.TextView","47571b8e-6191-4ef5-a875-b0f0dcd05976"]
&amp#27;[38;5;32m[AndroidUiautomator2Driver@dabd (47571b8e)]&amp#27;[0m Valid locator strategies for this request: xpath, id, class name, accessibility id, css selector, -android uiautomator
&amp#27;[38;5;32m[AndroidUiautomator2Driver@dabd (47571b8e)]&amp#27;[0m Waiting up to 10000 ms for condition
&amp#27;[38;5;32m[AndroidUiautomator2Driver@dabd (47571b8e)]&amp#27;[0m Matched '/element' to command name 'findElement'
&amp#27;[38;5;32m[AndroidUiautomator2Driver@dabd (47571b8e)]&amp#27;[0m Proxying [POST /element] to [POST http://127.0.0.1:8201/session/e99dcc09-a0f0-48bb-8a0b-d829d4323b82/element] with body: {"strategy":"xpath","selector":"//android.view.ViewGroup[@content-desc='container header']/android.widget.TextView","context":"","multiple":false}
&amp#27;[38;5;32m[AndroidUiautomator2Driver@dabd (47571b8e)]&amp#27;[0m Got response with status 200: {"sessionId":"e99dcc09-a0f0-48bb-8a0b-d829d4323b82","value":{"ELEMENT":"00000000-0000-0594-ffff-ffff00000292","element-6066-11e4-a52e-4f735466cecf":"00000000-0000-0594-ffff-ffff00000292"}}
&amp#27;[38;5;32m[AndroidUiautomator2Driver@dabd (47571b8e)]&amp#27;[0m Responding to client with driver.findElement() result: {"element-6066-11e4-a52e-4f735466cecf":"00000000-0000-0594-ffff-ffff00000292","ELEMENT":"00000000-0000-0594-ffff-ffff00000292"}
&amp#27;[38;5;0m[HTTP]&amp#27;[0m &amp#27;[37m<-- POST /session/47571b8e-6191-4ef5-a875-b0f0dcd05976/element &amp#27;[39m&amp#27;[32m200&amp#27;[39m &amp#27;[90m1000 ms - 137&amp#27;[39m
&amp#27;[38;5;0m[HTTP]&amp#27;[0m &amp#27;[90m&amp#27;[39m
&amp#27;[38;5;0m[HTTP]&amp#27;[0m &amp#27;[37m-->&amp#27;[39m &amp#27;[37mGET&amp#27;[39m &amp#27;[37m/session/47571b8e-6191-4ef5-a875-b0f0dcd05976/element/00000000-0000-0594-ffff-ffff00000292/displayed&amp#27;[39m
&amp#27;[38;5;0m[HTTP]&amp#27;[0m &amp#27;[90m{}&amp#27;[39m
&amp#27;[38;5;32m[AndroidUiautomator2Driver@dabd (47571b8e)]&amp#27;[0m Calling AppiumDriver.elementDisplayed() with args: ["00000000-0000-0594-ffff-ffff00000292","47571b8e-6191-4ef5-a875-b0f0dcd05976"]
&amp#27;[38;5;32m[AndroidUiautomator2Driver@dabd (47571b8e)]&amp#27;[0m Matched '/element/00000000-0000-0594-ffff-ffff00000292/attribute/displayed' to command name 'getAttribute'
&amp#27;[38;5;32m[AndroidUiautomator2Driver@dabd (47571b8e)]&amp#27;[0m Proxying [GET /element/00000000-0000-0594-ffff-ffff00000292/attribute/displayed] to [GET http://127.0.0.1:8201/session/e99dcc09-a0f0-48bb-8a0b-d829d4323b82/element/00000000-0000-0594-ffff-ffff00000292/attribute/displayed] with no body
&amp#27;[38;5;32m[AndroidUiautomator2Driver@dabd (47571b8e)]&amp#27;[0m Got response with status 200: {"sessionId":"e99dcc09-a0f0-48bb-8a0b-d829d4323b82","value":"true"}
&amp#27;[38;5;32m[AndroidUiautomator2Driver@dabd (47571b8e)]&amp#27;[0m Responding to client with driver.elementDisplayed() result: true
&amp#27;[38;5;0m[HTTP]&amp#27;[0m &amp#27;[37m<-- GET /session/47571b8e-6191-4ef5-a875-b0f0dcd05976/element/00000000-0000-0594-ffff-ffff00000292/displayed &amp#27;[39m&amp#27;[32m200&amp#27;[39m &amp#27;[90m25 ms - 14&amp#27;[39m
&amp#27;[38;5;0m[HTTP]&amp#27;[0m &amp#27;[90m&amp#27;[39m
&amp#27;[38;5;0m[HTTP]&amp#27;[0m &amp#27;[37m-->&amp#27;[39m &amp#27;[37mGET&amp#27;[39m &amp#27;[37m/session/47571b8e-6191-4ef5-a875-b0f0dcd05976/context&amp#27;[39m
&amp#27;[38;5;0m[HTTP]&amp#27;[0m &amp#27;[90m{}&amp#27;[39m
&amp#27;[38;5;32m[AndroidUiautomator2Driver@dabd (47571b8e)]&amp#27;[0m Calling AppiumDriver.getCurrentContext() with args: ["47571b8e-6191-4ef5-a875-b0f0dcd05976"]
&amp#27;[38;5;32m[AndroidUiautomator2Driver@dabd (47571b8e)]&amp#27;[0m Responding to client with driver.getCurrentContext() result: "NATIVE_APP"
&amp#27;[38;5;0m[HTTP]&amp#27;[0m &amp#27;[37m<-- GET /session/47571b8e-6191-4ef5-a875-b0f0dcd05976/context &amp#27;[39m&amp#27;[32m200&amp#27;[39m &amp#27;[90m1 ms - 22&amp#27;[39m
&amp#27;[38;5;0m[HTTP]&amp#27;[0m &amp#27;[90m&amp#27;[39m
&amp#27;[38;5;0m[HTTP]&amp#27;[0m &amp#27;[37m-->&amp#27;[39m &amp#27;[37mPOST&amp#27;[39m &amp#27;[37m/session/47571b8e-6191-4ef5-a875-b0f0dcd05976/element&amp#27;[39m
&amp#27;[38;5;0m[HTTP]&amp#27;[0m &amp#27;[90m{"using":"xpath","value":"//android.view.ViewGroup[@content-desc='container header']/android.widget.TextView"}&amp#27;[39m
&amp#27;[38;5;32m[AndroidUiautomator2Driver@dabd (47571b8e)]&amp#27;[0m Calling AppiumDriver.findElement() with args: ["xpath","//android.view.ViewGroup[@content-desc='container header']/android.widget.TextView","47571b8e-6191-4ef5-a875-b0f0dcd05976"]
&amp#27;[38;5;32m[AndroidUiautomator2Driver@dabd (47571b8e)]&amp#27;[0m Valid locator strategies for this request: xpath, id, class name, accessibility id, css selector, -android uiautomator
&amp#27;[38;5;32m[AndroidUiautomator2Driver@dabd (47571b8e)]&amp#27;[0m Waiting up to 10000 ms for condition
&amp#27;[38;5;32m[AndroidUiautomator2Driver@dabd (47571b8e)]&amp#27;[0m Matched '/element' to command name 'findElement'
&amp#27;[38;5;32m[AndroidUiautomator2Driver@dabd (47571b8e)]&amp#27;[0m Proxying [POST /element] to [POST http://127.0.0.1:8201/session/e99dcc09-a0f0-48bb-8a0b-d829d4323b82/element] with body: {"strategy":"xpath","selector":"//android.view.ViewGroup[@content-desc='container header']/android.widget.TextView","context":"","multiple":false}
&amp#27;[38;5;32m[AndroidUiautomator2Driver@dabd (47571b8e)]&amp#27;[0m Got response with status 200: {"sessionId":"e99dcc09-a0f0-48bb-8a0b-d829d4323b82","value":{"ELEMENT":"00000000-0000-0594-ffff-ffff00000292","element-6066-11e4-a52e-4f735466cecf":"00000000-0000-0594-ffff-ffff00000292"}}
&amp#27;[38;5;32m[AndroidUiautomator2Driver@dabd (47571b8e)]&amp#27;[0m Responding to client with driver.findElement() result: {"element-6066-11e4-a52e-4f735466cecf":"00000000-0000-0594-ffff-ffff00000292","ELEMENT":"00000000-0000-0594-ffff-ffff00000292"}
&amp#27;[38;5;0m[HTTP]&amp#27;[0m &amp#27;[37m<-- POST /session/47571b8e-6191-4ef5-a875-b0f0dcd05976/element &amp#27;[39m&amp#27;[32m200&amp#27;[39m &amp#27;[90m900 ms - 137&amp#27;[39m
&amp#27;[38;5;0m[HTTP]&amp#27;[0m &amp#27;[90m&amp#27;[39m
&amp#27;[38;5;0m[HTTP]&amp#27;[0m &amp#27;[37m-->&amp#27;[39m &amp#27;[37mGET&amp#27;[39m &amp#27;[37m/session/47571b8e-6191-4ef5-a875-b0f0dcd05976/element/00000000-0000-0594-ffff-ffff00000292/text&amp#27;[39m
&amp#27;[38;5;0m[HTTP]&amp#27;[0m &amp#27;[90m{}&amp#27;[39m
&amp#27;[38;5;32m[AndroidUiautomator2Driver@dabd (47571b8e)]&amp#27;[0m Driver proxy active, passing request on via HTTP proxy
&amp#27;[38;5;32m[AndroidUiautomator2Driver@dabd (47571b8e)]&amp#27;[0m Matched '/session/47571b8e-6191-4ef5-a875-b0f0dcd05976/element/00000000-0000-0594-ffff-ffff00000292/text' to command name 'getText'
&amp#27;[38;5;32m[AndroidUiautomator2Driver@dabd (47571b8e)]&amp#27;[0m Proxying [GET /session/47571b8e-6191-4ef5-a875-b0f0dcd05976/element/00000000-0000-0594-ffff-ffff00000292/text] to [GET http://127.0.0.1:8201/session/e99dcc09-a0f0-48bb-8a0b-d829d4323b82/element/00000000-0000-0594-ffff-ffff00000292/text] with no body
&amp#27;[38;5;32m[AndroidUiautomator2Driver@dabd (47571b8e)]&amp#27;[0m Got response with status 200: {"sessionId":"e99dcc09-a0f0-48bb-8a0b-d829d4323b82","value":"Products"}
&amp#27;[38;5;32m[AndroidUiautomator2Driver@dabd (47571b8e)]&amp#27;[0m Replacing sessionId e99dcc09-a0f0-48bb-8a0b-d829d4323b82 with 47571b8e-6191-4ef5-a875-b0f0dcd05976
&amp#27;[38;5;0m[HTTP]&amp#27;[0m &amp#27;[37m<-- GET /session/47571b8e-6191-4ef5-a875-b0f0dcd05976/element/00000000-0000-0594-ffff-ffff00000292/text &amp#27;[39m&amp#27;[32m200&amp#27;[39m &amp#27;[90m25 ms - 71&amp#27;[39m
&amp#27;[38;5;0m[HTTP]&amp#27;[0m &amp#27;[90m&amp#27;[39m
&amp#27;[38;5;0m[HTTP]&amp#27;[0m &amp#27;[37m-->&amp#27;[39m &amp#27;[37mGET&amp#27;[39m &amp#27;[37m/session/47571b8e-6191-4ef5-a875-b0f0dcd05976/context&amp#27;[39m
&amp#27;[38;5;0m[HTTP]&amp#27;[0m &amp#27;[90m{}&amp#27;[39m
&amp#27;[38;5;32m[AndroidUiautomator2Driver@dabd (47571b8e)]&amp#27;[0m Calling AppiumDriver.getCurrentContext() with args: ["47571b8e-6191-4ef5-a875-b0f0dcd05976"]
&amp#27;[38;5;32m[AndroidUiautomator2Driver@dabd (47571b8e)]&amp#27;[0m Responding to client with driver.getCurrentContext() result: "NATIVE_APP"
&amp#27;[38;5;0m[HTTP]&amp#27;[0m &amp#27;[37m<-- GET /session/47571b8e-6191-4ef5-a875-b0f0dcd05976/context &amp#27;[39m&amp#27;[32m200&amp#27;[39m &amp#27;[90m1 ms - 22&amp#27;[39m
&amp#27;[38;5;0m[HTTP]&amp#27;[0m &amp#27;[90m&amp#27;[39m
&amp#27;[38;5;0m[HTTP]&amp#27;[0m &amp#27;[37m-->&amp#27;[39m &amp#27;[37mPOST&amp#27;[39m &amp#27;[37m/session/47571b8e-6191-4ef5-a875-b0f0dcd05976/element&amp#27;[39m
&amp#27;[38;5;0m[HTTP]&amp#27;[0m &amp#27;[90m{"using":"accessibility id","value":"open menu"}&amp#27;[39m
&amp#27;[38;5;32m[AndroidUiautomator2Driver@dabd (47571b8e)]&amp#27;[0m Calling AppiumDriver.findElement() with args: ["accessibility id","open menu","47571b8e-6191-4ef5-a875-b0f0dcd05976"]
&amp#27;[38;5;32m[AndroidUiautomator2Driver@dabd (47571b8e)]&amp#27;[0m Valid locator strategies for this request: xpath, id, class name, accessibility id, css selector, -android uiautomator
&amp#27;[38;5;32m[AndroidUiautomator2Driver@dabd (47571b8e)]&amp#27;[0m Waiting up to 10000 ms for condition
&amp#27;[38;5;32m[AndroidUiautomator2Driver@dabd (47571b8e)]&amp#27;[0m Matched '/element' to command name 'findElement'
&amp#27;[38;5;32m[AndroidUiautomator2Driver@dabd (47571b8e)]&amp#27;[0m Proxying [POST /element] to [POST http://127.0.0.1:8201/session/e99dcc09-a0f0-48bb-8a0b-d829d4323b82/element] with body: {"strategy":"accessibility id","selector":"open menu","context":"","multiple":false}
&amp#27;[38;5;32m[AndroidUiautomator2Driver@dabd (47571b8e)]&amp#27;[0m Got response with status 200: {"sessionId":"e99dcc09-a0f0-48bb-8a0b-d829d4323b82","value":{"ELEMENT":"00000000-0000-0594-ffff-ffff00000288","element-6066-11e4-a52e-4f735466cecf":"00000000-0000-0594-ffff-ffff00000288"}}
&amp#27;[38;5;32m[AndroidUiautomator2Driver@dabd (47571b8e)]&amp#27;[0m Responding to client with driver.findElement() result: {"element-6066-11e4-a52e-4f735466cecf":"00000000-0000-0594-ffff-ffff00000288","ELEMENT":"00000000-0000-0594-ffff-ffff00000288"}
&amp#27;[38;5;0m[HTTP]&amp#27;[0m &amp#27;[37m<-- POST /session/47571b8e-6191-4ef5-a875-b0f0dcd05976/element &amp#27;[39m&amp#27;[32m200&amp#27;[39m &amp#27;[90m110 ms - 137&amp#27;[39m
&amp#27;[38;5;0m[HTTP]&amp#27;[0m &amp#27;[90m&amp#27;[39m
&amp#27;[38;5;0m[HTTP]&amp#27;[0m &amp#27;[37m-->&amp#27;[39m &amp#27;[37mGET&amp#27;[39m &amp#27;[37m/session/47571b8e-6191-4ef5-a875-b0f0dcd05976/element/00000000-0000-0594-ffff-ffff00000288/displayed&amp#27;[39m
&amp#27;[38;5;0m[HTTP]&amp#27;[0m &amp#27;[90m{}&amp#27;[39m
&amp#27;[38;5;32m[AndroidUiautomator2Driver@dabd (47571b8e)]&amp#27;[0m Calling AppiumDriver.elementDisplayed() with args: ["00000000-0000-0594-ffff-ffff00000288","47571b8e-6191-4ef5-a875-b0f0dcd05976"]
&amp#27;[38;5;32m[AndroidUiautomator2Driver@dabd (47571b8e)]&amp#27;[0m Matched '/element/00000000-0000-0594-ffff-ffff00000288/attribute/displayed' to command name 'getAttribute'
&amp#27;[38;5;32m[AndroidUiautomator2Driver@dabd (47571b8e)]&amp#27;[0m Proxying [GET /element/00000000-0000-0594-ffff-ffff00000288/attribute/displayed] to [GET http://127.0.0.1:8201/session/e99dcc09-a0f0-48bb-8a0b-d829d4323b82/element/00000000-0000-0594-ffff-ffff00000288/attribute/displayed] with no body
&amp#27;[38;5;32m[AndroidUiautomator2Driver@dabd (47571b8e)]&amp#27;[0m Got response with status 200: {"sessionId":"e99dcc09-a0f0-48bb-8a0b-d829d4323b82","value":"true"}
&amp#27;[38;5;32m[AndroidUiautomator2Driver@dabd (47571b8e)]&amp#27;[0m Responding to client with driver.elementDisplayed() result: true
&amp#27;[38;5;0m[HTTP]&amp#27;[0m &amp#27;[37m<-- GET /session/47571b8e-6191-4ef5-a875-b0f0dcd05976/element/00000000-0000-0594-ffff-ffff00000288/displayed &amp#27;[39m&amp#27;[32m200&amp#27;[39m &amp#27;[90m28 ms - 14&amp#27;[39m
&amp#27;[38;5;0m[HTTP]&amp#27;[0m &amp#27;[90m&amp#27;[39m
&amp#27;[38;5;0m[HTTP]&amp#27;[0m &amp#27;[37m-->&amp#27;[39m &amp#27;[37mGET&amp#27;[39m &amp#27;[37m/session/47571b8e-6191-4ef5-a875-b0f0dcd05976/context&amp#27;[39m
&amp#27;[38;5;0m[HTTP]&amp#27;[0m &amp#27;[90m{}&amp#27;[39m
&amp#27;[38;5;32m[AndroidUiautomator2Driver@dabd (47571b8e)]&amp#27;[0m Calling AppiumDriver.getCurrentContext() with args: ["47571b8e-6191-4ef5-a875-b0f0dcd05976"]
&amp#27;[38;5;32m[AndroidUiautomator2Driver@dabd (47571b8e)]&amp#27;[0m Responding to client with driver.getCurrentContext() result: "NATIVE_APP"
&amp#27;[38;5;0m[HTTP]&amp#27;[0m &amp#27;[37m<-- GET /session/47571b8e-6191-4ef5-a875-b0f0dcd05976/context &amp#27;[39m&amp#27;[32m200&amp#27;[39m &amp#27;[90m1 ms - 22&amp#27;[39m
&amp#27;[38;5;0m[HTTP]&amp#27;[0m &amp#27;[90m&amp#27;[39m
&amp#27;[38;5;0m[HTTP]&amp#27;[0m &amp#27;[37m-->&amp#27;[39m &amp#27;[37mPOST&amp#27;[39m &amp#27;[37m/session/47571b8e-6191-4ef5-a875-b0f0dcd05976/element&amp#27;[39m
&amp#27;[38;5;0m[HTTP]&amp#27;[0m &amp#27;[90m{"using":"accessibility id","value":"open menu"}&amp#27;[39m
&amp#27;[38;5;32m[AndroidUiautomator2Driver@dabd (47571b8e)]&amp#27;[0m Calling AppiumDriver.findElement() with args: ["accessibility id","open menu","47571b8e-6191-4ef5-a875-b0f0dcd05976"]
&amp#27;[38;5;32m[AndroidUiautomator2Driver@dabd (47571b8e)]&amp#27;[0m Valid locator strategies for this request: xpath, id, class name, accessibility id, css selector, -android uiautomator
&amp#27;[38;5;32m[AndroidUiautomator2Driver@dabd (47571b8e)]&amp#27;[0m Waiting up to 10000 ms for condition
&amp#27;[38;5;32m[AndroidUiautomator2Driver@dabd (47571b8e)]&amp#27;[0m Matched '/element' to command name 'findElement'
&amp#27;[38;5;32m[AndroidUiautomator2Driver@dabd (47571b8e)]&amp#27;[0m Proxying [POST /element] to [POST http://127.0.0.1:8201/session/e99dcc09-a0f0-48bb-8a0b-d829d4323b82/element] with body: {"strategy":"accessibility id","selector":"open menu","context":"","multiple":false}
&amp#27;[38;5;32m[AndroidUiautomator2Driver@dabd (47571b8e)]&amp#27;[0m Got response with status 200: {"sessionId":"e99dcc09-a0f0-48bb-8a0b-d829d4323b82","value":{"ELEMENT":"00000000-0000-0594-ffff-ffff00000288","element-6066-11e4-a52e-4f735466cecf":"00000000-0000-0594-ffff-ffff00000288"}}
&amp#27;[38;5;32m[AndroidUiautomator2Driver@dabd (47571b8e)]&amp#27;[0m Responding to client with driver.findElement() result: {"element-6066-11e4-a52e-4f735466cecf":"00000000-0000-0594-ffff-ffff00000288","ELEMENT":"00000000-0000-0594-ffff-ffff00000288"}
&amp#27;[38;5;0m[HTTP]&amp#27;[0m &amp#27;[37m<-- POST /session/47571b8e-6191-4ef5-a875-b0f0dcd05976/element &amp#27;[39m&amp#27;[32m200&amp#27;[39m &amp#27;[90m100 ms - 137&amp#27;[39m
&amp#27;[38;5;0m[HTTP]&amp#27;[0m &amp#27;[90m&amp#27;[39m
&amp#27;[38;5;0m[HTTP]&amp#27;[0m &amp#27;[37m-->&amp#27;[39m &amp#27;[37mGET&amp#27;[39m &amp#27;[37m/session/47571b8e-6191-4ef5-a875-b0f0dcd05976/element/00000000-0000-0594-ffff-ffff00000288/enabled&amp#27;[39m
&amp#27;[38;5;0m[HTTP]&amp#27;[0m &amp#27;[90m{}&amp#27;[39m
&amp#27;[38;5;32m[AndroidUiautomator2Driver@dabd (47571b8e)]&amp#27;[0m Calling AppiumDriver.elementEnabled() with args: ["00000000-0000-0594-ffff-ffff00000288","47571b8e-6191-4ef5-a875-b0f0dcd05976"]
&amp#27;[38;5;32m[AndroidUiautomator2Driver@dabd (47571b8e)]&amp#27;[0m Matched '/element/00000000-0000-0594-ffff-ffff00000288/attribute/enabled' to command name 'getAttribute'
&amp#27;[38;5;32m[AndroidUiautomator2Driver@dabd (47571b8e)]&amp#27;[0m Proxying [GET /element/00000000-0000-0594-ffff-ffff00000288/attribute/enabled] to [GET http://127.0.0.1:8201/session/e99dcc09-a0f0-48bb-8a0b-d829d4323b82/element/00000000-0000-0594-ffff-ffff00000288/attribute/enabled] with no body
&amp#27;[38;5;32m[AndroidUiautomator2Driver@dabd (47571b8e)]&amp#27;[0m Got response with status 200: {"sessionId":"e99dcc09-a0f0-48bb-8a0b-d829d4323b82","value":"true"}
&amp#27;[38;5;32m[AndroidUiautomator2Driver@dabd (47571b8e)]&amp#27;[0m Responding to client with driver.elementEnabled() result: true
&amp#27;[38;5;0m[HTTP]&amp#27;[0m &amp#27;[37m<-- GET /session/47571b8e-6191-4ef5-a875-b0f0dcd05976/element/00000000-0000-0594-ffff-ffff00000288/enabled &amp#27;[39m&amp#27;[32m200&amp#27;[39m &amp#27;[90m25 ms - 14&amp#27;[39m
&amp#27;[38;5;0m[HTTP]&amp#27;[0m &amp#27;[90m&amp#27;[39m
&amp#27;[38;5;0m[HTTP]&amp#27;[0m &amp#27;[37m-->&amp#27;[39m &amp#27;[37mGET&amp#27;[39m &amp#27;[37m/session/47571b8e-6191-4ef5-a875-b0f0dcd05976/context&amp#27;[39m
&amp#27;[38;5;0m[HTTP]&amp#27;[0m &amp#27;[90m{}&amp#27;[39m
&amp#27;[38;5;32m[AndroidUiautomator2Driver@dabd (47571b8e)]&amp#27;[0m Calling AppiumDriver.getCurrentContext() with args: ["47571b8e-6191-4ef5-a875-b0f0dcd05976"]
&amp#27;[38;5;32m[AndroidUiautomator2Driver@dabd (47571b8e)]&amp#27;[0m Responding to client with driver.getCurrentContext() result: "NATIVE_APP"
&amp#27;[38;5;0m[HTTP]&amp#27;[0m &amp#27;[37m<-- GET /session/47571b8e-6191-4ef5-a875-b0f0dcd05976/context &amp#27;[39m&amp#27;[32m200&amp#27;[39m &amp#27;[90m1 ms - 22&amp#27;[39m
&amp#27;[38;5;0m[HTTP]&amp#27;[0m &amp#27;[90m&amp#27;[39m
&amp#27;[38;5;0m[HTTP]&amp#27;[0m &amp#27;[37m-->&amp#27;[39m &amp#27;[37mPOST&amp#27;[39m &amp#27;[37m/session/47571b8e-6191-4ef5-a875-b0f0dcd05976/element&amp#27;[39m
&amp#27;[38;5;0m[HTTP]&amp#27;[0m &amp#27;[90m{"using":"accessibility id","value":"open menu"}&amp#27;[39m
&amp#27;[38;5;32m[AndroidUiautomator2Driver@dabd (47571b8e)]&amp#27;[0m Calling AppiumDriver.findElement() with args: ["accessibility id","open menu","47571b8e-6191-4ef5-a875-b0f0dcd05976"]
&amp#27;[38;5;32m[AndroidUiautomator2Driver@dabd (47571b8e)]&amp#27;[0m Valid locator strategies for this request: xpath, id, class name, accessibility id, css selector, -android uiautomator
&amp#27;[38;5;32m[AndroidUiautomator2Driver@dabd (47571b8e)]&amp#27;[0m Waiting up to 10000 ms for condition
&amp#27;[38;5;32m[AndroidUiautomator2Driver@dabd (47571b8e)]&amp#27;[0m Matched '/element' to command name 'findElement'
&amp#27;[38;5;32m[AndroidUiautomator2Driver@dabd (47571b8e)]&amp#27;[0m Proxying [POST /element] to [POST http://127.0.0.1:8201/session/e99dcc09-a0f0-48bb-8a0b-d829d4323b82/element] with body: {"strategy":"accessibility id","selector":"open menu","context":"","multiple":false}
&amp#27;[38;5;32m[AndroidUiautomator2Driver@dabd (47571b8e)]&amp#27;[0m Got response with status 200: {"sessionId":"e99dcc09-a0f0-48bb-8a0b-d829d4323b82","value":{"ELEMENT":"00000000-0000-0594-ffff-ffff00000288","element-6066-11e4-a52e-4f735466cecf":"00000000-0000-0594-ffff-ffff00000288"}}
&amp#27;[38;5;32m[AndroidUiautomator2Driver@dabd (47571b8e)]&amp#27;[0m Responding to client with driver.findElement() result: {"element-6066-11e4-a52e-4f735466cecf":"00000000-0000-0594-ffff-ffff00000288","ELEMENT":"00000000-0000-0594-ffff-ffff00000288"}
&amp#27;[38;5;0m[HTTP]&amp#27;[0m &amp#27;[37m<-- POST /session/47571b8e-6191-4ef5-a875-b0f0dcd05976/element &amp#27;[39m&amp#27;[32m200&amp#27;[39m &amp#27;[90m112 ms - 137&amp#27;[39m
&amp#27;[38;5;0m[HTTP]&amp#27;[0m &amp#27;[90m&amp#27;[39m
&amp#27;[38;5;0m[HTTP]&amp#27;[0m &amp#27;[37m-->&amp#27;[39m &amp#27;[37mPOST&amp#27;[39m &amp#27;[37m/session/47571b8e-6191-4ef5-a875-b0f0dcd05976/element/00000000-0000-0594-ffff-ffff00000288/click&amp#27;[39m
&amp#27;[38;5;0m[HTTP]&amp#27;[0m &amp#27;[90m{"id":"00000000-0000-0594-ffff-ffff00000288"}&amp#27;[39m
&amp#27;[38;5;32m[AndroidUiautomator2Driver@dabd (47571b8e)]&amp#27;[0m Calling AppiumDriver.click() with args: ["00000000-0000-0594-ffff-ffff00000288","47571b8e-6191-4ef5-a875-b0f0dcd05976"]
&amp#27;[38;5;32m[AndroidUiautomator2Driver@dabd (47571b8e)]&amp#27;[0m Matched '/element/00000000-0000-0594-ffff-ffff00000288/click' to command name 'click'
&amp#27;[38;5;32m[AndroidUiautomator2Driver@dabd (47571b8e)]&amp#27;[0m Proxying [POST /element/00000000-0000-0594-ffff-ffff00000288/click] to [POST http://127.0.0.1:8201/session/e99dcc09-a0f0-48bb-8a0b-d829d4323b82/element/00000000-0000-0594-ffff-ffff00000288/click] with body: {"element":"00000000-0000-0594-ffff-ffff00000288"}
&amp#27;[38;5;32m[AndroidUiautomator2Driver@dabd (47571b8e)]&amp#27;[0m Got response with status 200: {"sessionId":"e99dcc09-a0f0-48bb-8a0b-d829d4323b82","value":null}
&amp#27;[38;5;32m[AndroidUiautomator2Driver@dabd (47571b8e)]&amp#27;[0m Responding to client with driver.click() result: null
&amp#27;[38;5;0m[HTTP]&amp#27;[0m &amp#27;[37m<-- POST /session/47571b8e-6191-4ef5-a875-b0f0dcd05976/element/00000000-0000-0594-ffff-ffff00000288/click &amp#27;[39m&amp#27;[32m200&amp#27;[39m &amp#27;[90m52 ms - 14&amp#27;[39m
&amp#27;[38;5;0m[HTTP]&amp#27;[0m &amp#27;[90m&amp#27;[39m
&amp#27;[38;5;0m[HTTP]&amp#27;[0m &amp#27;[37m-->&amp#27;[39m &amp#27;[37mGET&amp#27;[39m &amp#27;[37m/session/47571b8e-6191-4ef5-a875-b0f0dcd05976/context&amp#27;[39m
&amp#27;[38;5;0m[HTTP]&amp#27;[0m &amp#27;[90m{}&amp#27;[39m
&amp#27;[38;5;32m[AndroidUiautomator2Driver@dabd (47571b8e)]&amp#27;[0m Calling AppiumDriver.getCurrentContext() with args: ["47571b8e-6191-4ef5-a875-b0f0dcd05976"]
&amp#27;[38;5;32m[AndroidUiautomator2Driver@dabd (47571b8e)]&amp#27;[0m Responding to client with driver.getCurrentContext() result: "NATIVE_APP"
&amp#27;[38;5;0m[HTTP]&amp#27;[0m &amp#27;[37m<-- GET /session/47571b8e-6191-4ef5-a875-b0f0dcd05976/context &amp#27;[39m&amp#27;[32m200&amp#27;[39m &amp#27;[90m1 ms - 22&amp#27;[39m
&amp#27;[38;5;0m[HTTP]&amp#27;[0m &amp#27;[90m&amp#27;[39m
&amp#27;[38;5;0m[HTTP]&amp#27;[0m &amp#27;[37m-->&amp#27;[39m &amp#27;[37mPOST&amp#27;[39m &amp#27;[37m/session/47571b8e-6191-4ef5-a875-b0f0dcd05976/element&amp#27;[39m
&amp#27;[38;5;0m[HTTP]&amp#27;[0m &amp#27;[90m{"using":"accessibility id","value":"menu item log out"}&amp#27;[39m
&amp#27;[38;5;32m[AndroidUiautomator2Driver@dabd (47571b8e)]&amp#27;[0m Calling AppiumDriver.findElement() with args: ["accessibility id","menu item log out","47571b8e-6191-4ef5-a875-b0f0dcd05976"]
&amp#27;[38;5;32m[AndroidUiautomator2Driver@dabd (47571b8e)]&amp#27;[0m Valid locator strategies for this request: xpath, id, class name, accessibility id, css selector, -android uiautomator
&amp#27;[38;5;32m[AndroidUiautomator2Driver@dabd (47571b8e)]&amp#27;[0m Waiting up to 10000 ms for condition
&amp#27;[38;5;32m[AndroidUiautomator2Driver@dabd (47571b8e)]&amp#27;[0m Matched '/element' to command name 'findElement'
&amp#27;[38;5;32m[AndroidUiautomator2Driver@dabd (47571b8e)]&amp#27;[0m Proxying [POST /element] to [POST http://127.0.0.1:8201/session/e99dcc09-a0f0-48bb-8a0b-d829d4323b82/element] with body: {"strategy":"accessibility id","selector":"menu item log out","context":"","multiple":false}
&amp#27;[38;5;32m[AndroidUiautomator2Driver@dabd (47571b8e)]&amp#27;[0m Got response with status 200: {"sessionId":"e99dcc09-a0f0-48bb-8a0b-d829d4323b82","value":{"ELEMENT":"00000000-0000-0594-ffff-ffff000000a2","element-6066-11e4-a52e-4f735466cecf":"00000000-0000-0594-ffff-ffff000000a2"}}
&amp#27;[38;5;32m[AndroidUiautomator2Driver@dabd (47571b8e)]&amp#27;[0m Responding to client with driver.findElement() result: {"element-6066-11e4-a52e-4f735466cecf":"00000000-0000-0594-ffff-ffff000000a2","ELEMENT":"00000000-0000-0594-ffff-ffff000000a2"}
&amp#27;[38;5;0m[HTTP]&amp#27;[0m &amp#27;[37m<-- POST /session/47571b8e-6191-4ef5-a875-b0f0dcd05976/element &amp#27;[39m&amp#27;[32m200&amp#27;[39m &amp#27;[90m372 ms - 137&amp#27;[39m
&amp#27;[38;5;0m[HTTP]&amp#27;[0m &amp#27;[90m&amp#27;[39m
&amp#27;[38;5;0m[HTTP]&amp#27;[0m &amp#27;[37m-->&amp#27;[39m &amp#27;[37mPOST&amp#27;[39m &amp#27;[37m/session/47571b8e-6191-4ef5-a875-b0f0dcd05976/element/00000000-0000-0594-ffff-ffff000000a2/click&amp#27;[39m
&amp#27;[38;5;0m[HTTP]&amp#27;[0m &amp#27;[90m{"id":"00000000-0000-0594-ffff-ffff000000a2"}&amp#27;[39m
&amp#27;[38;5;32m[AndroidUiautomator2Driver@dabd (47571b8e)]&amp#27;[0m Calling AppiumDriver.click() with args: ["00000000-0000-0594-ffff-ffff000000a2","47571b8e-6191-4ef5-a875-b0f0dcd05976"]
&amp#27;[38;5;32m[AndroidUiautomator2Driver@dabd (47571b8e)]&amp#27;[0m Matched '/element/00000000-0000-0594-ffff-ffff000000a2/click' to command name 'click'
&amp#27;[38;5;32m[AndroidUiautomator2Driver@dabd (47571b8e)]&amp#27;[0m Proxying [POST /element/00000000-0000-0594-ffff-ffff000000a2/click] to [POST http://127.0.0.1:8201/session/e99dcc09-a0f0-48bb-8a0b-d829d4323b82/element/00000000-0000-0594-ffff-ffff000000a2/click] with body: {"element":"00000000-0000-0594-ffff-ffff000000a2"}
&amp#27;[38;5;32m[AndroidUiautomator2Driver@dabd (47571b8e)]&amp#27;[0m Got response with status 200: {"sessionId":"e99dcc09-a0f0-48bb-8a0b-d829d4323b82","value":null}
&amp#27;[38;5;32m[AndroidUiautomator2Driver@dabd (47571b8e)]&amp#27;[0m Responding to client with driver.click() result: null
&amp#27;[38;5;0m[HTTP]&amp#27;[0m &amp#27;[37m<-- POST /session/47571b8e-6191-4ef5-a875-b0f0dcd05976/element/00000000-0000-0594-ffff-ffff000000a2/click &amp#27;[39m&amp#27;[32m200&amp#27;[39m &amp#27;[90m1240 ms - 14&amp#27;[39m
&amp#27;[38;5;0m[HTTP]&amp#27;[0m &amp#27;[90m&amp#27;[39m
&amp#27;[38;5;0m[HTTP]&amp#27;[0m &amp#27;[37m-->&amp#27;[39m &amp#27;[37mGET&amp#27;[39m &amp#27;[37m/session/47571b8e-6191-4ef5-a875-b0f0dcd05976/context&amp#27;[39m
&amp#27;[38;5;0m[HTTP]&amp#27;[0m &amp#27;[90m{}&amp#27;[39m
&amp#27;[38;5;32m[AndroidUiautomator2Driver@dabd (47571b8e)]&amp#27;[0m Calling AppiumDriver.getCurrentContext() with args: ["47571b8e-6191-4ef5-a875-b0f0dcd05976"]
&amp#27;[38;5;32m[AndroidUiautomator2Driver@dabd (47571b8e)]&amp#27;[0m Responding to client with driver.getCurrentContext() result: "NATIVE_APP"
&amp#27;[38;5;0m[HTTP]&amp#27;[0m &amp#27;[37m<-- GET /session/47571b8e-6191-4ef5-a875-b0f0dcd05976/context &amp#27;[39m&amp#27;[32m200&amp#27;[39m &amp#27;[90m1 ms - 22&amp#27;[39m
&amp#27;[38;5;0m[HTTP]&amp#27;[0m &amp#27;[90m&amp#27;[39m
&amp#27;[38;5;0m[HTTP]&amp#27;[0m &amp#27;[37m-->&amp#27;[39m &amp#27;[37mPOST&amp#27;[39m &amp#27;[37m/session/47571b8e-6191-4ef5-a875-b0f0dcd05976/element&amp#27;[39m
&amp#27;[38;5;0m[HTTP]&amp#27;[0m &amp#27;[90m{"using":"id","value":"android:id/button1"}&amp#27;[39m
&amp#27;[38;5;32m[AndroidUiautomator2Driver@dabd (47571b8e)]&amp#27;[0m Calling AppiumDriver.findElement() with args: ["id","android:id/button1","47571b8e-6191-4ef5-a875-b0f0dcd05976"]
&amp#27;[38;5;32m[AndroidUiautomator2Driver@dabd (47571b8e)]&amp#27;[0m Valid locator strategies for this request: xpath, id, class name, accessibility id, css selector, -android uiautomator
&amp#27;[38;5;32m[AndroidUiautomator2Driver@dabd (47571b8e)]&amp#27;[0m Waiting up to 10000 ms for condition
&amp#27;[38;5;32m[AndroidUiautomator2Driver@dabd (47571b8e)]&amp#27;[0m Matched '/element' to command name 'findElement'
&amp#27;[38;5;32m[AndroidUiautomator2Driver@dabd (47571b8e)]&amp#27;[0m Proxying [POST /element] to [POST http://127.0.0.1:8201/session/e99dcc09-a0f0-48bb-8a0b-d829d4323b82/element] with body: {"strategy":"id","selector":"android:id/button1","context":"","multiple":false}
&amp#27;[38;5;32m[AndroidUiautomator2Driver@dabd (47571b8e)]&amp#27;[0m Got response with status 404: {"sessionId":"e99dcc09-a0f0-48bb-8a0b-d829d4323b82","value":{"error":"no such element","message":"An element could not be located on the page using the given search parameters","stacktrace":"io.appium.uiautomator2.common.exceptions.ElementNotFoundException: An element could not be located on the page using the given search parameters\n\tat io.appium.uiautomator2.handler.FindElement.safeHandle(FindElement.java:63)\n\tat io.appium.uiautomator2.handler.request.SafeRequestHandler.handle(SafeRequestHandler.java:59)\n\tat io.appium.uiautomator2.server.AppiumServlet.handleRequest(AppiumServlet.java:277)\n\tat io.appium.uiautomator2.server.AppiumServlet.handleHttpRequest(AppiumServlet.java:271)\n\tat io.appium.uiautomator2.http.ServerHandler.channelRead(ServerHandler.java:77)\n\tat io.netty.channel.AbstractChannelHandlerContext.invokeChannelRead(AbstractChannelHandlerContext.java:366)\n\tat io.netty.channel.AbstractChannelHandlerContext.invokeChannelRead(AbstractChannelHandlerContext.java:352)\n\tat io.netty.chann...
&amp#27;[38;5;128m[W3C]&amp#27;[0m Matched W3C error code 'no such element' to NoSuchElementError
&amp#27;[38;5;32m[AndroidUiautomator2Driver@dabd (47571b8e)]&amp#27;[0m Waited for 159 ms so far
&amp#27;[38;5;32m[AndroidUiautomator2Driver@dabd (47571b8e)]&amp#27;[0m Matched '/element' to command name 'findElement'
&amp#27;[38;5;32m[AndroidUiautomator2Driver@dabd (47571b8e)]&amp#27;[0m Proxying [POST /element] to [POST http://127.0.0.1:8201/session/e99dcc09-a0f0-48bb-8a0b-d829d4323b82/element] with body: {"strategy":"id","selector":"android:id/button1","context":"","multiple":false}
&amp#27;[38;5;32m[AndroidUiautomator2Driver@dabd (47571b8e)]&amp#27;[0m Got response with status 200: {"sessionId":"e99dcc09-a0f0-48bb-8a0b-d829d4323b82","value":{"ELEMENT":"00000000-0000-0595-ffff-ffff00000305","element-6066-11e4-a52e-4f735466cecf":"00000000-0000-0595-ffff-ffff00000305"}}
&amp#27;[38;5;32m[AndroidUiautomator2Driver@dabd (47571b8e)]&amp#27;[0m Responding to client with driver.findElement() result: {"element-6066-11e4-a52e-4f735466cecf":"00000000-0000-0595-ffff-ffff00000305","ELEMENT":"00000000-0000-0595-ffff-ffff00000305"}
&amp#27;[38;5;0m[HTTP]&amp#27;[0m &amp#27;[37m<-- POST /session/47571b8e-6191-4ef5-a875-b0f0dcd05976/element &amp#27;[39m&amp#27;[32m200&amp#27;[39m &amp#27;[90m727 ms - 137&amp#27;[39m
&amp#27;[38;5;0m[HTTP]&amp#27;[0m &amp#27;[90m&amp#27;[39m
&amp#27;[38;5;0m[HTTP]&amp#27;[0m &amp#27;[37m-->&amp#27;[39m &amp#27;[37mPOST&amp#27;[39m &amp#27;[37m/session/47571b8e-6191-4ef5-a875-b0f0dcd05976/element/00000000-0000-0595-ffff-ffff00000305/click&amp#27;[39m
&amp#27;[38;5;0m[HTTP]&amp#27;[0m &amp#27;[90m{"id":"00000000-0000-0595-ffff-ffff00000305"}&amp#27;[39m
&amp#27;[38;5;32m[AndroidUiautomator2Driver@dabd (47571b8e)]&amp#27;[0m Calling AppiumDriver.click() with args: ["00000000-0000-0595-ffff-ffff00000305","47571b8e-6191-4ef5-a875-b0f0dcd05976"]
&amp#27;[38;5;32m[AndroidUiautomator2Driver@dabd (47571b8e)]&amp#27;[0m Matched '/element/00000000-0000-0595-ffff-ffff00000305/click' to command name 'click'
&amp#27;[38;5;32m[AndroidUiautomator2Driver@dabd (47571b8e)]&amp#27;[0m Proxying [POST /element/00000000-0000-0595-ffff-ffff00000305/click] to [POST http://127.0.0.1:8201/session/e99dcc09-a0f0-48bb-8a0b-d829d4323b82/element/00000000-0000-0595-ffff-ffff00000305/click] with body: {"element":"00000000-0000-0595-ffff-ffff00000305"}
&amp#27;[38;5;32m[AndroidUiautomator2Driver@dabd (47571b8e)]&amp#27;[0m Got response with status 200: {"sessionId":"e99dcc09-a0f0-48bb-8a0b-d829d4323b82","value":null}
&amp#27;[38;5;32m[AndroidUiautomator2Driver@dabd (47571b8e)]&amp#27;[0m Responding to client with driver.click() result: null
&amp#27;[38;5;0m[HTTP]&amp#27;[0m &amp#27;[37m<-- POST /session/47571b8e-6191-4ef5-a875-b0f0dcd05976/element/00000000-0000-0595-ffff-ffff00000305/click &amp#27;[39m&amp#27;[32m200&amp#27;[39m &amp#27;[90m69 ms - 14&amp#27;[39m
&amp#27;[38;5;0m[HTTP]&amp#27;[0m &amp#27;[90m&amp#27;[39m
&amp#27;[38;5;0m[HTTP]&amp#27;[0m &amp#27;[37m-->&amp#27;[39m &amp#27;[37mGET&amp#27;[39m &amp#27;[37m/session/47571b8e-6191-4ef5-a875-b0f0dcd05976/context&amp#27;[39m
&amp#27;[38;5;0m[HTTP]&amp#27;[0m &amp#27;[90m{}&amp#27;[39m
&amp#27;[38;5;32m[AndroidUiautomator2Driver@dabd (47571b8e)]&amp#27;[0m Calling AppiumDriver.getCurrentContext() with args: ["47571b8e-6191-4ef5-a875-b0f0dcd05976"]
&amp#27;[38;5;32m[AndroidUiautomator2Driver@dabd (47571b8e)]&amp#27;[0m Responding to client with driver.getCurrentContext() result: "NATIVE_APP"
&amp#27;[38;5;0m[HTTP]&amp#27;[0m &amp#27;[37m<-- GET /session/47571b8e-6191-4ef5-a875-b0f0dcd05976/context &amp#27;[39m&amp#27;[32m200&amp#27;[39m &amp#27;[90m1 ms - 22&amp#27;[39m
&amp#27;[38;5;0m[HTTP]&amp#27;[0m &amp#27;[90m&amp#27;[39m
&amp#27;[38;5;0m[HTTP]&amp#27;[0m &amp#27;[37m-->&amp#27;[39m &amp#27;[37mPOST&amp#27;[39m &amp#27;[37m/session/47571b8e-6191-4ef5-a875-b0f0dcd05976/element&amp#27;[39m
&amp#27;[38;5;0m[HTTP]&amp#27;[0m &amp#27;[90m{"using":"class name","value":"android.widget.Button"}&amp#27;[39m
&amp#27;[38;5;32m[AndroidUiautomator2Driver@dabd (47571b8e)]&amp#27;[0m Calling AppiumDriver.findElement() with args: ["class name","android.widget.Button","47571b8e-6191-4ef5-a875-b0f0dcd05976"]
&amp#27;[38;5;32m[AndroidUiautomator2Driver@dabd (47571b8e)]&amp#27;[0m Valid locator strategies for this request: xpath, id, class name, accessibility id, css selector, -android uiautomator
&amp#27;[38;5;32m[AndroidUiautomator2Driver@dabd (47571b8e)]&amp#27;[0m Waiting up to 10000 ms for condition
&amp#27;[38;5;32m[AndroidUiautomator2Driver@dabd (47571b8e)]&amp#27;[0m Matched '/element' to command name 'findElement'
&amp#27;[38;5;32m[AndroidUiautomator2Driver@dabd (47571b8e)]&amp#27;[0m Proxying [POST /element] to [POST http://127.0.0.1:8201/session/e99dcc09-a0f0-48bb-8a0b-d829d4323b82/element] with body: {"strategy":"class name","selector":"android.widget.Button","context":"","multiple":false}
&amp#27;[38;5;32m[AndroidUiautomator2Driver@dabd (47571b8e)]&amp#27;[0m Got response with status 200: {"sessionId":"e99dcc09-a0f0-48bb-8a0b-d829d4323b82","value":{"ELEMENT":"00000000-0000-0596-ffff-ffff0000034a","element-6066-11e4-a52e-4f735466cecf":"00000000-0000-0596-ffff-ffff0000034a"}}
&amp#27;[38;5;32m[AndroidUiautomator2Driver@dabd (47571b8e)]&amp#27;[0m Responding to client with driver.findElement() result: {"element-6066-11e4-a52e-4f735466cecf":"00000000-0000-0596-ffff-ffff0000034a","ELEMENT":"00000000-0000-0596-ffff-ffff0000034a"}
&amp#27;[38;5;0m[HTTP]&amp#27;[0m &amp#27;[37m<-- POST /session/47571b8e-6191-4ef5-a875-b0f0dcd05976/element &amp#27;[39m&amp#27;[32m200&amp#27;[39m &amp#27;[90m933 ms - 137&amp#27;[39m
&amp#27;[38;5;0m[HTTP]&amp#27;[0m &amp#27;[90m&amp#27;[39m
&amp#27;[38;5;0m[HTTP]&amp#27;[0m &amp#27;[37m-->&amp#27;[39m &amp#27;[37mPOST&amp#27;[39m &amp#27;[37m/session/47571b8e-6191-4ef5-a875-b0f0dcd05976/element/00000000-0000-0596-ffff-ffff0000034a/click&amp#27;[39m
&amp#27;[38;5;0m[HTTP]&amp#27;[0m &amp#27;[90m{"id":"00000000-0000-0596-ffff-ffff0000034a"}&amp#27;[39m
&amp#27;[38;5;32m[AndroidUiautomator2Driver@dabd (47571b8e)]&amp#27;[0m Calling AppiumDriver.click() with args: ["00000000-0000-0596-ffff-ffff0000034a","47571b8e-6191-4ef5-a875-b0f0dcd05976"]
&amp#27;[38;5;32m[AndroidUiautomator2Driver@dabd (47571b8e)]&amp#27;[0m Matched '/element/00000000-0000-0596-ffff-ffff0000034a/click' to command name 'click'
&amp#27;[38;5;32m[AndroidUiautomator2Driver@dabd (47571b8e)]&amp#27;[0m Proxying [POST /element/00000000-0000-0596-ffff-ffff0000034a/click] to [POST http://127.0.0.1:8201/session/e99dcc09-a0f0-48bb-8a0b-d829d4323b82/element/00000000-0000-0596-ffff-ffff0000034a/click] with body: {"element":"00000000-0000-0596-ffff-ffff0000034a"}
&amp#27;[38;5;32m[AndroidUiautomator2Driver@dabd (47571b8e)]&amp#27;[0m Got response with status 200: {"sessionId":"e99dcc09-a0f0-48bb-8a0b-d829d4323b82","value":null}
&amp#27;[38;5;32m[AndroidUiautomator2Driver@dabd (47571b8e)]&amp#27;[0m Responding to client with driver.click() result: null
&amp#27;[38;5;0m[HTTP]&amp#27;[0m &amp#27;[37m<-- POST /session/47571b8e-6191-4ef5-a875-b0f0dcd05976/element/00000000-0000-0596-ffff-ffff0000034a/click &amp#27;[39m&amp#27;[32m200&amp#27;[39m &amp#27;[90m72 ms - 14&amp#27;[39m
&amp#27;[38;5;0m[HTTP]&amp#27;[0m &amp#27;[90m&amp#27;[39m
&amp#27;[38;5;0m[HTTP]&amp#27;[0m &amp#27;[37m-->&amp#27;[39m &amp#27;[37mGET&amp#27;[39m &amp#27;[37m/session/47571b8e-6191-4ef5-a875-b0f0dcd05976/context&amp#27;[39m
&amp#27;[38;5;0m[HTTP]&amp#27;[0m &amp#27;[90m{}&amp#27;[39m
&amp#27;[38;5;32m[AndroidUiautomator2Driver@dabd (47571b8e)]&amp#27;[0m Calling AppiumDriver.getCurrentContext() with args: ["47571b8e-6191-4ef5-a875-b0f0dcd05976"]
&amp#27;[38;5;32m[AndroidUiautomator2Driver@dabd (47571b8e)]&amp#27;[0m Responding to client with driver.getCurrentContext() result: "NATIVE_APP"
&amp#27;[38;5;0m[HTTP]&amp#27;[0m &amp#27;[37m<-- GET /session/47571b8e-6191-4ef5-a875-b0f0dcd05976/context &amp#27;[39m&amp#27;[32m200&amp#27;[39m &amp#27;[90m1 ms - 22&amp#27;[39m
&amp#27;[38;5;0m[HTTP]&amp#27;[0m &amp#27;[90m&amp#27;[39m
&amp#27;[38;5;0m[HTTP]&amp#27;[0m &amp#27;[37m-->&amp#27;[39m &amp#27;[37mPOST&amp#27;[39m &amp#27;[37m/session/47571b8e-6191-4ef5-a875-b0f0dcd05976/element&amp#27;[39m
&amp#27;[38;5;0m[HTTP]&amp#27;[0m &amp#27;[90m{"using":"accessibility id","value":"container header"}&amp#27;[39m
&amp#27;[38;5;32m[AndroidUiautomator2Driver@dabd (47571b8e)]&amp#27;[0m Calling AppiumDriver.findElement() with args: ["accessibility id","container header","47571b8e-6191-4ef5-a875-b0f0dcd05976"]
&amp#27;[38;5;32m[AndroidUiautomator2Driver@dabd (47571b8e)]&amp#27;[0m Valid locator strategies for this request: xpath, id, class name, accessibility id, css selector, -android uiautomator
&amp#27;[38;5;32m[AndroidUiautomator2Driver@dabd (47571b8e)]&amp#27;[0m Waiting up to 10000 ms for condition
&amp#27;[38;5;32m[AndroidUiautomator2Driver@dabd (47571b8e)]&amp#27;[0m Matched '/element' to command name 'findElement'
&amp#27;[38;5;32m[AndroidUiautomator2Driver@dabd (47571b8e)]&amp#27;[0m Proxying [POST /element] to [POST http://127.0.0.1:8201/session/e99dcc09-a0f0-48bb-8a0b-d829d4323b82/element] with body: {"strategy":"accessibility id","selector":"container header","context":"","multiple":false}
&amp#27;[38;5;32m[AndroidUiautomator2Driver@dabd (47571b8e)]&amp#27;[0m Got response with status 200: {"sessionId":"e99dcc09-a0f0-48bb-8a0b-d829d4323b82","value":{"ELEMENT":"00000000-0000-0594-ffff-ffff00000319","element-6066-11e4-a52e-4f735466cecf":"00000000-0000-0594-ffff-ffff00000319"}}
&amp#27;[38;5;32m[AndroidUiautomator2Driver@dabd (47571b8e)]&amp#27;[0m Responding to client with driver.findElement() result: {"element-6066-11e4-a52e-4f735466cecf":"00000000-0000-0594-ffff-ffff00000319","ELEMENT":"00000000-0000-0594-ffff-ffff00000319"}
&amp#27;[38;5;0m[HTTP]&amp#27;[0m &amp#27;[37m<-- POST /session/47571b8e-6191-4ef5-a875-b0f0dcd05976/element &amp#27;[39m&amp#27;[32m200&amp#27;[39m &amp#27;[90m846 ms - 137&amp#27;[39m
&amp#27;[38;5;0m[HTTP]&amp#27;[0m &amp#27;[90m&amp#27;[39m
&amp#27;[38;5;0m[HTTP]&amp#27;[0m &amp#27;[37m-->&amp#27;[39m &amp#27;[37mPOST&amp#27;[39m &amp#27;[37m/session/47571b8e-6191-4ef5-a875-b0f0dcd05976/element/00000000-0000-0594-ffff-ffff00000319/element&amp#27;[39m
&amp#27;[38;5;0m[HTTP]&amp#27;[0m &amp#27;[90m{"id":"00000000-0000-0594-ffff-ffff00000319","using":"class name","value":"android.widget.TextView"}&amp#27;[39m
&amp#27;[38;5;32m[AndroidUiautomator2Driver@dabd (47571b8e)]&amp#27;[0m Calling AppiumDriver.findElementFromElement() with args: ["class name","android.widget.TextView","00000000-0000-0594-ffff-ffff00000319","47571b8e-6191-4ef5-a875-b0f0dcd05976"]
&amp#27;[38;5;32m[AndroidUiautomator2Driver@dabd (47571b8e)]&amp#27;[0m Valid locator strategies for this request: xpath, id, class name, accessibility id, css selector, -android uiautomator
&amp#27;[38;5;32m[AndroidUiautomator2Driver@dabd (47571b8e)]&amp#27;[0m Waiting up to 10000 ms for condition
&amp#27;[38;5;32m[AndroidUiautomator2Driver@dabd (47571b8e)]&amp#27;[0m Matched '/element' to command name 'findElement'
&amp#27;[38;5;32m[AndroidUiautomator2Driver@dabd (47571b8e)]&amp#27;[0m Proxying [POST /element] to [POST http://127.0.0.1:8201/session/e99dcc09-a0f0-48bb-8a0b-d829d4323b82/element] with body: {"strategy":"class name","selector":"android.widget.TextView","context":"00000000-0000-0594-ffff-ffff00000319","multiple":false}
&amp#27;[38;5;32m[AndroidUiautomator2Driver@dabd (47571b8e)]&amp#27;[0m Got response with status 200: {"sessionId":"e99dcc09-a0f0-48bb-8a0b-d829d4323b82","value":{"ELEMENT":"00000000-0000-0594-ffff-ffff0000031a","element-6066-11e4-a52e-4f735466cecf":"00000000-0000-0594-ffff-ffff0000031a"}}
&amp#27;[38;5;32m[AndroidUiautomator2Driver@dabd (47571b8e)]&amp#27;[0m Responding to client with driver.findElementFromElement() result: {"element-6066-11e4-a52e-4f735466cecf":"00000000-0000-0594-ffff-ffff0000031a","ELEMENT":"00000000-0000-0594-ffff-ffff0000031a"}
&amp#27;[38;5;0m[HTTP]&amp#27;[0m &amp#27;[37m<-- POST /session/47571b8e-6191-4ef5-a875-b0f0dcd05976/element/00000000-0000-0594-ffff-ffff00000319/element &amp#27;[39m&amp#27;[32m200&amp#27;[39m &amp#27;[90m50 ms - 137&amp#27;[39m
&amp#27;[38;5;0m[HTTP]&amp#27;[0m &amp#27;[90m&amp#27;[39m
&amp#27;[38;5;0m[HTTP]&amp#27;[0m &amp#27;[37m-->&amp#27;[39m &amp#27;[37mGET&amp#27;[39m &amp#27;[37m/session/47571b8e-6191-4ef5-a875-b0f0dcd05976/element/00000000-0000-0594-ffff-ffff0000031a/text&amp#27;[39m
&amp#27;[38;5;0m[HTTP]&amp#27;[0m &amp#27;[90m{}&amp#27;[39m
&amp#27;[38;5;32m[AndroidUiautomator2Driver@dabd (47571b8e)]&amp#27;[0m Driver proxy active, passing request on via HTTP proxy
&amp#27;[38;5;32m[AndroidUiautomator2Driver@dabd (47571b8e)]&amp#27;[0m Matched '/session/47571b8e-6191-4ef5-a875-b0f0dcd05976/element/00000000-0000-0594-ffff-ffff0000031a/text' to command name 'getText'
&amp#27;[38;5;32m[AndroidUiautomator2Driver@dabd (47571b8e)]&amp#27;[0m Proxying [GET /session/47571b8e-6191-4ef5-a875-b0f0dcd05976/element/00000000-0000-0594-ffff-ffff0000031a/text] to [GET http://127.0.0.1:8201/session/e99dcc09-a0f0-48bb-8a0b-d829d4323b82/element/00000000-0000-0594-ffff-ffff0000031a/text] with no body
&amp#27;[38;5;32m[AndroidUiautomator2Driver@dabd (47571b8e)]&amp#27;[0m Got response with status 200: {"sessionId":"e99dcc09-a0f0-48bb-8a0b-d829d4323b82","value":"Login"}
&amp#27;[38;5;32m[AndroidUiautomator2Driver@dabd (47571b8e)]&amp#27;[0m Replacing sessionId e99dcc09-a0f0-48bb-8a0b-d829d4323b82 with 47571b8e-6191-4ef5-a875-b0f0dcd05976
&amp#27;[38;5;0m[HTTP]&amp#27;[0m &amp#27;[37m<-- GET /session/47571b8e-6191-4ef5-a875-b0f0dcd05976/element/00000000-0000-0594-ffff-ffff0000031a/text &amp#27;[39m&amp#27;[32m200&amp#27;[39m &amp#27;[90m28 ms - 68&amp#27;[39m
&amp#27;[38;5;0m[HTTP]&amp#27;[0m &amp#27;[90m&amp#27;[39m
]]></system-out>
    <system-err><![CDATA[SLF4J: No SLF4J providers were found.
SLF4J: Defaulting to no-operation (NOP) logger implementation
SLF4J: See https://www.slf4j.org/codes.html#noProviders for further details.
]]></system-err>
  </testcase>
  <testcase name="SanityPurchaseNotLoggedIn[{country=United States, address2=999, city=San Diego, address1=123 Test Ave, zipcode=92131, password=10203040, productcolor=blue, fullname=Bob Fisher, state=California, cardnumber=1234 1234 1234 123, securitycode=345, username=bob@example.com, expdate=06/26}](1)" classname="testCases.TC1_MakePurchase" time="58.418">
    <system-out><![CDATA[&amp#27;[38;5;0m[HTTP]&amp#27;[0m &amp#27;[37m-->&amp#27;[39m &amp#27;[37mGET&amp#27;[39m &amp#27;[37m/session/47571b8e-6191-4ef5-a875-b0f0dcd05976/context&amp#27;[39m
&amp#27;[38;5;0m[HTTP]&amp#27;[0m &amp#27;[90m{}&amp#27;[39m
&amp#27;[38;5;32m[AndroidUiautomator2Driver@dabd (47571b8e)]&amp#27;[0m Calling AppiumDriver.getCurrentContext() with args: ["47571b8e-6191-4ef5-a875-b0f0dcd05976"]
&amp#27;[38;5;32m[AndroidUiautomator2Driver@dabd (47571b8e)]&amp#27;[0m Responding to client with driver.getCurrentContext() result: "NATIVE_APP"
&amp#27;[38;5;0m[HTTP]&amp#27;[0m &amp#27;[37m<-- GET /session/47571b8e-6191-4ef5-a875-b0f0dcd05976/context &amp#27;[39m&amp#27;[32m200&amp#27;[39m &amp#27;[90m1 ms - 22&amp#27;[39m
&amp#27;[38;5;0m[HTTP]&amp#27;[0m &amp#27;[90m&amp#27;[39m
&amp#27;[38;5;0m[HTTP]&amp#27;[0m &amp#27;[37m-->&amp#27;[39m &amp#27;[37mPOST&amp#27;[39m &amp#27;[37m/session/47571b8e-6191-4ef5-a875-b0f0dcd05976/element&amp#27;[39m
&amp#27;[38;5;0m[HTTP]&amp#27;[0m &amp#27;[90m{"using":"accessibility id","value":"open menu"}&amp#27;[39m
&amp#27;[38;5;32m[AndroidUiautomator2Driver@dabd (47571b8e)]&amp#27;[0m Calling AppiumDriver.findElement() with args: ["accessibility id","open menu","47571b8e-6191-4ef5-a875-b0f0dcd05976"]
&amp#27;[38;5;32m[AndroidUiautomator2Driver@dabd (47571b8e)]&amp#27;[0m Valid locator strategies for this request: xpath, id, class name, accessibility id, css selector, -android uiautomator
&amp#27;[38;5;32m[AndroidUiautomator2Driver@dabd (47571b8e)]&amp#27;[0m Waiting up to 10000 ms for condition
&amp#27;[38;5;32m[AndroidUiautomator2Driver@dabd (47571b8e)]&amp#27;[0m Matched '/element' to command name 'findElement'
&amp#27;[38;5;32m[AndroidUiautomator2Driver@dabd (47571b8e)]&amp#27;[0m Proxying [POST /element] to [POST http://127.0.0.1:8201/session/e99dcc09-a0f0-48bb-8a0b-d829d4323b82/element] with body: {"strategy":"accessibility id","selector":"open menu","context":"","multiple":false}
&amp#27;[38;5;32m[AndroidUiautomator2Driver@dabd (47571b8e)]&amp#27;[0m Got response with status 200: {"sessionId":"e99dcc09-a0f0-48bb-8a0b-d829d4323b82","value":{"ELEMENT":"00000000-0000-0594-ffff-ffff0000032f","element-6066-11e4-a52e-4f735466cecf":"00000000-0000-0594-ffff-ffff0000032f"}}
&amp#27;[38;5;32m[AndroidUiautomator2Driver@dabd (47571b8e)]&amp#27;[0m Responding to client with driver.findElement() result: {"element-6066-11e4-a52e-4f735466cecf":"00000000-0000-0594-ffff-ffff0000032f","ELEMENT":"00000000-0000-0594-ffff-ffff0000032f"}
&amp#27;[38;5;0m[HTTP]&amp#27;[0m &amp#27;[37m<-- POST /session/47571b8e-6191-4ef5-a875-b0f0dcd05976/element &amp#27;[39m&amp#27;[32m200&amp#27;[39m &amp#27;[90m112 ms - 137&amp#27;[39m
&amp#27;[38;5;0m[HTTP]&amp#27;[0m &amp#27;[90m&amp#27;[39m
&amp#27;[38;5;0m[HTTP]&amp#27;[0m &amp#27;[37m-->&amp#27;[39m &amp#27;[37mGET&amp#27;[39m &amp#27;[37m/session/47571b8e-6191-4ef5-a875-b0f0dcd05976/element/00000000-0000-0594-ffff-ffff0000032f/displayed&amp#27;[39m
&amp#27;[38;5;0m[HTTP]&amp#27;[0m &amp#27;[90m{}&amp#27;[39m
&amp#27;[38;5;32m[AndroidUiautomator2Driver@dabd (47571b8e)]&amp#27;[0m Calling AppiumDriver.elementDisplayed() with args: ["00000000-0000-0594-ffff-ffff0000032f","47571b8e-6191-4ef5-a875-b0f0dcd05976"]
&amp#27;[38;5;32m[AndroidUiautomator2Driver@dabd (47571b8e)]&amp#27;[0m Matched '/element/00000000-0000-0594-ffff-ffff0000032f/attribute/displayed' to command name 'getAttribute'
&amp#27;[38;5;32m[AndroidUiautomator2Driver@dabd (47571b8e)]&amp#27;[0m Proxying [GET /element/00000000-0000-0594-ffff-ffff0000032f/attribute/displayed] to [GET http://127.0.0.1:8201/session/e99dcc09-a0f0-48bb-8a0b-d829d4323b82/element/00000000-0000-0594-ffff-ffff0000032f/attribute/displayed] with no body
&amp#27;[38;5;32m[AndroidUiautomator2Driver@dabd (47571b8e)]&amp#27;[0m Got response with status 200: {"sessionId":"e99dcc09-a0f0-48bb-8a0b-d829d4323b82","value":"true"}
&amp#27;[38;5;32m[AndroidUiautomator2Driver@dabd (47571b8e)]&amp#27;[0m Responding to client with driver.elementDisplayed() result: true
&amp#27;[38;5;0m[HTTP]&amp#27;[0m &amp#27;[37m<-- GET /session/47571b8e-6191-4ef5-a875-b0f0dcd05976/element/00000000-0000-0594-ffff-ffff0000032f/displayed &amp#27;[39m&amp#27;[32m200&amp#27;[39m &amp#27;[90m22 ms - 14&amp#27;[39m
&amp#27;[38;5;0m[HTTP]&amp#27;[0m &amp#27;[90m&amp#27;[39m
&amp#27;[38;5;0m[HTTP]&amp#27;[0m &amp#27;[37m-->&amp#27;[39m &amp#27;[37mGET&amp#27;[39m &amp#27;[37m/session/47571b8e-6191-4ef5-a875-b0f0dcd05976/context&amp#27;[39m
&amp#27;[38;5;0m[HTTP]&amp#27;[0m &amp#27;[90m{}&amp#27;[39m
&amp#27;[38;5;32m[AndroidUiautomator2Driver@dabd (47571b8e)]&amp#27;[0m Calling AppiumDriver.getCurrentContext() with args: ["47571b8e-6191-4ef5-a875-b0f0dcd05976"]
&amp#27;[38;5;32m[AndroidUiautomator2Driver@dabd (47571b8e)]&amp#27;[0m Responding to client with driver.getCurrentContext() result: "NATIVE_APP"
&amp#27;[38;5;0m[HTTP]&amp#27;[0m &amp#27;[37m<-- GET /session/47571b8e-6191-4ef5-a875-b0f0dcd05976/context &amp#27;[39m&amp#27;[32m200&amp#27;[39m &amp#27;[90m1 ms - 22&amp#27;[39m
&amp#27;[38;5;0m[HTTP]&amp#27;[0m &amp#27;[90m&amp#27;[39m
&amp#27;[38;5;0m[HTTP]&amp#27;[0m &amp#27;[37m-->&amp#27;[39m &amp#27;[37mPOST&amp#27;[39m &amp#27;[37m/session/47571b8e-6191-4ef5-a875-b0f0dcd05976/element&amp#27;[39m
&amp#27;[38;5;0m[HTTP]&amp#27;[0m &amp#27;[90m{"using":"accessibility id","value":"open menu"}&amp#27;[39m
&amp#27;[38;5;32m[AndroidUiautomator2Driver@dabd (47571b8e)]&amp#27;[0m Calling AppiumDriver.findElement() with args: ["accessibility id","open menu","47571b8e-6191-4ef5-a875-b0f0dcd05976"]
&amp#27;[38;5;32m[AndroidUiautomator2Driver@dabd (47571b8e)]&amp#27;[0m Valid locator strategies for this request: xpath, id, class name, accessibility id, css selector, -android uiautomator
&amp#27;[38;5;32m[AndroidUiautomator2Driver@dabd (47571b8e)]&amp#27;[0m Waiting up to 10000 ms for condition
&amp#27;[38;5;32m[AndroidUiautomator2Driver@dabd (47571b8e)]&amp#27;[0m Matched '/element' to command name 'findElement'
&amp#27;[38;5;32m[AndroidUiautomator2Driver@dabd (47571b8e)]&amp#27;[0m Proxying [POST /element] to [POST http://127.0.0.1:8201/session/e99dcc09-a0f0-48bb-8a0b-d829d4323b82/element] with body: {"strategy":"accessibility id","selector":"open menu","context":"","multiple":false}
&amp#27;[38;5;32m[AndroidUiautomator2Driver@dabd (47571b8e)]&amp#27;[0m Got response with status 200: {"sessionId":"e99dcc09-a0f0-48bb-8a0b-d829d4323b82","value":{"ELEMENT":"00000000-0000-0594-ffff-ffff0000032f","element-6066-11e4-a52e-4f735466cecf":"00000000-0000-0594-ffff-ffff0000032f"}}
&amp#27;[38;5;32m[AndroidUiautomator2Driver@dabd (47571b8e)]&amp#27;[0m Responding to client with driver.findElement() result: {"element-6066-11e4-a52e-4f735466cecf":"00000000-0000-0594-ffff-ffff0000032f","ELEMENT":"00000000-0000-0594-ffff-ffff0000032f"}
&amp#27;[38;5;0m[HTTP]&amp#27;[0m &amp#27;[37m<-- POST /session/47571b8e-6191-4ef5-a875-b0f0dcd05976/element &amp#27;[39m&amp#27;[32m200&amp#27;[39m &amp#27;[90m111 ms - 137&amp#27;[39m
&amp#27;[38;5;0m[HTTP]&amp#27;[0m &amp#27;[90m&amp#27;[39m
&amp#27;[38;5;0m[HTTP]&amp#27;[0m &amp#27;[37m-->&amp#27;[39m &amp#27;[37mGET&amp#27;[39m &amp#27;[37m/session/47571b8e-6191-4ef5-a875-b0f0dcd05976/element/00000000-0000-0594-ffff-ffff0000032f/enabled&amp#27;[39m
&amp#27;[38;5;0m[HTTP]&amp#27;[0m &amp#27;[90m{}&amp#27;[39m
&amp#27;[38;5;32m[AndroidUiautomator2Driver@dabd (47571b8e)]&amp#27;[0m Calling AppiumDriver.elementEnabled() with args: ["00000000-0000-0594-ffff-ffff0000032f","47571b8e-6191-4ef5-a875-b0f0dcd05976"]
&amp#27;[38;5;32m[AndroidUiautomator2Driver@dabd (47571b8e)]&amp#27;[0m Matched '/element/00000000-0000-0594-ffff-ffff0000032f/attribute/enabled' to command name 'getAttribute'
&amp#27;[38;5;32m[AndroidUiautomator2Driver@dabd (47571b8e)]&amp#27;[0m Proxying [GET /element/00000000-0000-0594-ffff-ffff0000032f/attribute/enabled] to [GET http://127.0.0.1:8201/session/e99dcc09-a0f0-48bb-8a0b-d829d4323b82/element/00000000-0000-0594-ffff-ffff0000032f/attribute/enabled] with no body
&amp#27;[38;5;32m[AndroidUiautomator2Driver@dabd (47571b8e)]&amp#27;[0m Got response with status 200: {"sessionId":"e99dcc09-a0f0-48bb-8a0b-d829d4323b82","value":"true"}
&amp#27;[38;5;32m[AndroidUiautomator2Driver@dabd (47571b8e)]&amp#27;[0m Responding to client with driver.elementEnabled() result: true
&amp#27;[38;5;0m[HTTP]&amp#27;[0m &amp#27;[37m<-- GET /session/47571b8e-6191-4ef5-a875-b0f0dcd05976/element/00000000-0000-0594-ffff-ffff0000032f/enabled &amp#27;[39m&amp#27;[32m200&amp#27;[39m &amp#27;[90m26 ms - 14&amp#27;[39m
&amp#27;[38;5;0m[HTTP]&amp#27;[0m &amp#27;[90m&amp#27;[39m
&amp#27;[38;5;0m[HTTP]&amp#27;[0m &amp#27;[37m-->&amp#27;[39m &amp#27;[37mGET&amp#27;[39m &amp#27;[37m/session/47571b8e-6191-4ef5-a875-b0f0dcd05976/context&amp#27;[39m
&amp#27;[38;5;0m[HTTP]&amp#27;[0m &amp#27;[90m{}&amp#27;[39m
&amp#27;[38;5;32m[AndroidUiautomator2Driver@dabd (47571b8e)]&amp#27;[0m Calling AppiumDriver.getCurrentContext() with args: ["47571b8e-6191-4ef5-a875-b0f0dcd05976"]
&amp#27;[38;5;32m[AndroidUiautomator2Driver@dabd (47571b8e)]&amp#27;[0m Responding to client with driver.getCurrentContext() result: "NATIVE_APP"
&amp#27;[38;5;0m[HTTP]&amp#27;[0m &amp#27;[37m<-- GET /session/47571b8e-6191-4ef5-a875-b0f0dcd05976/context &amp#27;[39m&amp#27;[32m200&amp#27;[39m &amp#27;[90m1 ms - 22&amp#27;[39m
&amp#27;[38;5;0m[HTTP]&amp#27;[0m &amp#27;[90m&amp#27;[39m
&amp#27;[38;5;0m[HTTP]&amp#27;[0m &amp#27;[37m-->&amp#27;[39m &amp#27;[37mPOST&amp#27;[39m &amp#27;[37m/session/47571b8e-6191-4ef5-a875-b0f0dcd05976/element&amp#27;[39m
&amp#27;[38;5;0m[HTTP]&amp#27;[0m &amp#27;[90m{"using":"accessibility id","value":"open menu"}&amp#27;[39m
&amp#27;[38;5;32m[AndroidUiautomator2Driver@dabd (47571b8e)]&amp#27;[0m Calling AppiumDriver.findElement() with args: ["accessibility id","open menu","47571b8e-6191-4ef5-a875-b0f0dcd05976"]
&amp#27;[38;5;32m[AndroidUiautomator2Driver@dabd (47571b8e)]&amp#27;[0m Valid locator strategies for this request: xpath, id, class name, accessibility id, css selector, -android uiautomator
&amp#27;[38;5;32m[AndroidUiautomator2Driver@dabd (47571b8e)]&amp#27;[0m Waiting up to 10000 ms for condition
&amp#27;[38;5;32m[AndroidUiautomator2Driver@dabd (47571b8e)]&amp#27;[0m Matched '/element' to command name 'findElement'
&amp#27;[38;5;32m[AndroidUiautomator2Driver@dabd (47571b8e)]&amp#27;[0m Proxying [POST /element] to [POST http://127.0.0.1:8201/session/e99dcc09-a0f0-48bb-8a0b-d829d4323b82/element] with body: {"strategy":"accessibility id","selector":"open menu","context":"","multiple":false}
&amp#27;[38;5;32m[AndroidUiautomator2Driver@dabd (47571b8e)]&amp#27;[0m Got response with status 200: {"sessionId":"e99dcc09-a0f0-48bb-8a0b-d829d4323b82","value":{"ELEMENT":"00000000-0000-0594-ffff-ffff0000032f","element-6066-11e4-a52e-4f735466cecf":"00000000-0000-0594-ffff-ffff0000032f"}}
&amp#27;[38;5;32m[AndroidUiautomator2Driver@dabd (47571b8e)]&amp#27;[0m Responding to client with driver.findElement() result: {"element-6066-11e4-a52e-4f735466cecf":"00000000-0000-0594-ffff-ffff0000032f","ELEMENT":"00000000-0000-0594-ffff-ffff0000032f"}
&amp#27;[38;5;0m[HTTP]&amp#27;[0m &amp#27;[37m<-- POST /session/47571b8e-6191-4ef5-a875-b0f0dcd05976/element &amp#27;[39m&amp#27;[32m200&amp#27;[39m &amp#27;[90m107 ms - 137&amp#27;[39m
&amp#27;[38;5;0m[HTTP]&amp#27;[0m &amp#27;[90m&amp#27;[39m
&amp#27;[38;5;0m[HTTP]&amp#27;[0m &amp#27;[37m-->&amp#27;[39m &amp#27;[37mPOST&amp#27;[39m &amp#27;[37m/session/47571b8e-6191-4ef5-a875-b0f0dcd05976/element/00000000-0000-0594-ffff-ffff0000032f/click&amp#27;[39m
&amp#27;[38;5;0m[HTTP]&amp#27;[0m &amp#27;[90m{"id":"00000000-0000-0594-ffff-ffff0000032f"}&amp#27;[39m
&amp#27;[38;5;32m[AndroidUiautomator2Driver@dabd (47571b8e)]&amp#27;[0m Calling AppiumDriver.click() with args: ["00000000-0000-0594-ffff-ffff0000032f","47571b8e-6191-4ef5-a875-b0f0dcd05976"]
&amp#27;[38;5;32m[AndroidUiautomator2Driver@dabd (47571b8e)]&amp#27;[0m Matched '/element/00000000-0000-0594-ffff-ffff0000032f/click' to command name 'click'
&amp#27;[38;5;32m[AndroidUiautomator2Driver@dabd (47571b8e)]&amp#27;[0m Proxying [POST /element/00000000-0000-0594-ffff-ffff0000032f/click] to [POST http://127.0.0.1:8201/session/e99dcc09-a0f0-48bb-8a0b-d829d4323b82/element/00000000-0000-0594-ffff-ffff0000032f/click] with body: {"element":"00000000-0000-0594-ffff-ffff0000032f"}
&amp#27;[38;5;32m[AndroidUiautomator2Driver@dabd (47571b8e)]&amp#27;[0m Got response with status 200: {"sessionId":"e99dcc09-a0f0-48bb-8a0b-d829d4323b82","value":null}
&amp#27;[38;5;32m[AndroidUiautomator2Driver@dabd (47571b8e)]&amp#27;[0m Responding to client with driver.click() result: null
&amp#27;[38;5;0m[HTTP]&amp#27;[0m &amp#27;[37m<-- POST /session/47571b8e-6191-4ef5-a875-b0f0dcd05976/element/00000000-0000-0594-ffff-ffff0000032f/click &amp#27;[39m&amp#27;[32m200&amp#27;[39m &amp#27;[90m75 ms - 14&amp#27;[39m
&amp#27;[38;5;0m[HTTP]&amp#27;[0m &amp#27;[90m&amp#27;[39m
&amp#27;[38;5;0m[HTTP]&amp#27;[0m &amp#27;[37m-->&amp#27;[39m &amp#27;[37mGET&amp#27;[39m &amp#27;[37m/session/47571b8e-6191-4ef5-a875-b0f0dcd05976/context&amp#27;[39m
&amp#27;[38;5;0m[HTTP]&amp#27;[0m &amp#27;[90m{}&amp#27;[39m
&amp#27;[38;5;32m[AndroidUiautomator2Driver@dabd (47571b8e)]&amp#27;[0m Calling AppiumDriver.getCurrentContext() with args: ["47571b8e-6191-4ef5-a875-b0f0dcd05976"]
&amp#27;[38;5;32m[AndroidUiautomator2Driver@dabd (47571b8e)]&amp#27;[0m Responding to client with driver.getCurrentContext() result: "NATIVE_APP"
&amp#27;[38;5;0m[HTTP]&amp#27;[0m &amp#27;[37m<-- GET /session/47571b8e-6191-4ef5-a875-b0f0dcd05976/context &amp#27;[39m&amp#27;[32m200&amp#27;[39m &amp#27;[90m1 ms - 22&amp#27;[39m
&amp#27;[38;5;0m[HTTP]&amp#27;[0m &amp#27;[90m&amp#27;[39m
&amp#27;[38;5;0m[HTTP]&amp#27;[0m &amp#27;[37m-->&amp#27;[39m &amp#27;[37mPOST&amp#27;[39m &amp#27;[37m/session/47571b8e-6191-4ef5-a875-b0f0dcd05976/element&amp#27;[39m
&amp#27;[38;5;0m[HTTP]&amp#27;[0m &amp#27;[90m{"using":"accessibility id","value":"menu item catalog"}&amp#27;[39m
&amp#27;[38;5;32m[AndroidUiautomator2Driver@dabd (47571b8e)]&amp#27;[0m Calling AppiumDriver.findElement() with args: ["accessibility id","menu item catalog","47571b8e-6191-4ef5-a875-b0f0dcd05976"]
&amp#27;[38;5;32m[AndroidUiautomator2Driver@dabd (47571b8e)]&amp#27;[0m Valid locator strategies for this request: xpath, id, class name, accessibility id, css selector, -android uiautomator
&amp#27;[38;5;32m[AndroidUiautomator2Driver@dabd (47571b8e)]&amp#27;[0m Waiting up to 10000 ms for condition
&amp#27;[38;5;32m[AndroidUiautomator2Driver@dabd (47571b8e)]&amp#27;[0m Matched '/element' to command name 'findElement'
&amp#27;[38;5;32m[AndroidUiautomator2Driver@dabd (47571b8e)]&amp#27;[0m Proxying [POST /element] to [POST http://127.0.0.1:8201/session/e99dcc09-a0f0-48bb-8a0b-d829d4323b82/element] with body: {"strategy":"accessibility id","selector":"menu item catalog","context":"","multiple":false}
&amp#27;[38;5;32m[AndroidUiautomator2Driver@dabd (47571b8e)]&amp#27;[0m Got response with status 404: {"sessionId":"e99dcc09-a0f0-48bb-8a0b-d829d4323b82","value":{"error":"no such element","message":"An element could not be located on the page using the given search parameters","stacktrace":"io.appium.uiautomator2.common.exceptions.ElementNotFoundException: An element could not be located on the page using the given search parameters\n\tat io.appium.uiautomator2.handler.FindElement.safeHandle(FindElement.java:63)\n\tat io.appium.uiautomator2.handler.request.SafeRequestHandler.handle(SafeRequestHandler.java:59)\n\tat io.appium.uiautomator2.server.AppiumServlet.handleRequest(AppiumServlet.java:277)\n\tat io.appium.uiautomator2.server.AppiumServlet.handleHttpRequest(AppiumServlet.java:271)\n\tat io.appium.uiautomator2.http.ServerHandler.channelRead(ServerHandler.java:77)\n\tat io.netty.channel.AbstractChannelHandlerContext.invokeChannelRead(AbstractChannelHandlerContext.java:366)\n\tat io.netty.channel.AbstractChannelHandlerContext.invokeChannelRead(AbstractChannelHandlerContext.java:352)\n\tat io.netty.chann...
&amp#27;[38;5;128m[W3C]&amp#27;[0m Matched W3C error code 'no such element' to NoSuchElementError
&amp#27;[38;5;32m[AndroidUiautomator2Driver@dabd (47571b8e)]&amp#27;[0m Waited for 163 ms so far
&amp#27;[38;5;32m[AndroidUiautomator2Driver@dabd (47571b8e)]&amp#27;[0m Matched '/element' to command name 'findElement'
&amp#27;[38;5;32m[AndroidUiautomator2Driver@dabd (47571b8e)]&amp#27;[0m Proxying [POST /element] to [POST http://127.0.0.1:8201/session/e99dcc09-a0f0-48bb-8a0b-d829d4323b82/element] with body: {"strategy":"accessibility id","selector":"menu item catalog","context":"","multiple":false}
&amp#27;[38;5;32m[AndroidUiautomator2Driver@dabd (47571b8e)]&amp#27;[0m Got response with status 200: {"sessionId":"e99dcc09-a0f0-48bb-8a0b-d829d4323b82","value":{"ELEMENT":"00000000-0000-0594-ffff-ffff00000090","element-6066-11e4-a52e-4f735466cecf":"00000000-0000-0594-ffff-ffff00000090"}}
&amp#27;[38;5;32m[AndroidUiautomator2Driver@dabd (47571b8e)]&amp#27;[0m Responding to client with driver.findElement() result: {"element-6066-11e4-a52e-4f735466cecf":"00000000-0000-0594-ffff-ffff00000090","ELEMENT":"00000000-0000-0594-ffff-ffff00000090"}
&amp#27;[38;5;0m[HTTP]&amp#27;[0m &amp#27;[37m<-- POST /session/47571b8e-6191-4ef5-a875-b0f0dcd05976/element &amp#27;[39m&amp#27;[32m200&amp#27;[39m &amp#27;[90m1595 ms - 137&amp#27;[39m
&amp#27;[38;5;0m[HTTP]&amp#27;[0m &amp#27;[90m&amp#27;[39m
&amp#27;[38;5;0m[HTTP]&amp#27;[0m &amp#27;[37m-->&amp#27;[39m &amp#27;[37mPOST&amp#27;[39m &amp#27;[37m/session/47571b8e-6191-4ef5-a875-b0f0dcd05976/element/00000000-0000-0594-ffff-ffff00000090/click&amp#27;[39m
&amp#27;[38;5;0m[HTTP]&amp#27;[0m &amp#27;[90m{"id":"00000000-0000-0594-ffff-ffff00000090"}&amp#27;[39m
&amp#27;[38;5;32m[AndroidUiautomator2Driver@dabd (47571b8e)]&amp#27;[0m Calling AppiumDriver.click() with args: ["00000000-0000-0594-ffff-ffff00000090","47571b8e-6191-4ef5-a875-b0f0dcd05976"]
&amp#27;[38;5;32m[AndroidUiautomator2Driver@dabd (47571b8e)]&amp#27;[0m Matched '/element/00000000-0000-0594-ffff-ffff00000090/click' to command name 'click'
&amp#27;[38;5;32m[AndroidUiautomator2Driver@dabd (47571b8e)]&amp#27;[0m Proxying [POST /element/00000000-0000-0594-ffff-ffff00000090/click] to [POST http://127.0.0.1:8201/session/e99dcc09-a0f0-48bb-8a0b-d829d4323b82/element/00000000-0000-0594-ffff-ffff00000090/click] with body: {"element":"00000000-0000-0594-ffff-ffff00000090"}
&amp#27;[38;5;32m[AndroidUiautomator2Driver@dabd (47571b8e)]&amp#27;[0m Got response with status 200: {"sessionId":"e99dcc09-a0f0-48bb-8a0b-d829d4323b82","value":null}
&amp#27;[38;5;32m[AndroidUiautomator2Driver@dabd (47571b8e)]&amp#27;[0m Responding to client with driver.click() result: null
&amp#27;[38;5;0m[HTTP]&amp#27;[0m &amp#27;[37m<-- POST /session/47571b8e-6191-4ef5-a875-b0f0dcd05976/element/00000000-0000-0594-ffff-ffff00000090/click &amp#27;[39m&amp#27;[32m200&amp#27;[39m &amp#27;[90m96 ms - 14&amp#27;[39m
&amp#27;[38;5;0m[HTTP]&amp#27;[0m &amp#27;[90m&amp#27;[39m
&amp#27;[38;5;0m[HTTP]&amp#27;[0m &amp#27;[37m-->&amp#27;[39m &amp#27;[37mGET&amp#27;[39m &amp#27;[37m/session/47571b8e-6191-4ef5-a875-b0f0dcd05976/context&amp#27;[39m
&amp#27;[38;5;0m[HTTP]&amp#27;[0m &amp#27;[90m{}&amp#27;[39m
&amp#27;[38;5;32m[AndroidUiautomator2Driver@dabd (47571b8e)]&amp#27;[0m Calling AppiumDriver.getCurrentContext() with args: ["47571b8e-6191-4ef5-a875-b0f0dcd05976"]
&amp#27;[38;5;32m[AndroidUiautomator2Driver@dabd (47571b8e)]&amp#27;[0m Responding to client with driver.getCurrentContext() result: "NATIVE_APP"
&amp#27;[38;5;0m[HTTP]&amp#27;[0m &amp#27;[37m<-- GET /session/47571b8e-6191-4ef5-a875-b0f0dcd05976/context &amp#27;[39m&amp#27;[32m200&amp#27;[39m &amp#27;[90m1 ms - 22&amp#27;[39m
&amp#27;[38;5;0m[HTTP]&amp#27;[0m &amp#27;[90m&amp#27;[39m
&amp#27;[38;5;0m[HTTP]&amp#27;[0m &amp#27;[37m-->&amp#27;[39m &amp#27;[37mPOST&amp#27;[39m &amp#27;[37m/session/47571b8e-6191-4ef5-a875-b0f0dcd05976/element&amp#27;[39m
&amp#27;[38;5;0m[HTTP]&amp#27;[0m &amp#27;[90m{"using":"xpath","value":"//android.view.ViewGroup[@content-desc='container header']/android.widget.TextView"}&amp#27;[39m
&amp#27;[38;5;32m[AndroidUiautomator2Driver@dabd (47571b8e)]&amp#27;[0m Calling AppiumDriver.findElement() with args: ["xpath","//android.view.ViewGroup[@content-desc='container header']/android.widget.TextView","47571b8e-6191-4ef5-a875-b0f0dcd05976"]
&amp#27;[38;5;32m[AndroidUiautomator2Driver@dabd (47571b8e)]&amp#27;[0m Valid locator strategies for this request: xpath, id, class name, accessibility id, css selector, -android uiautomator
&amp#27;[38;5;32m[AndroidUiautomator2Driver@dabd (47571b8e)]&amp#27;[0m Waiting up to 10000 ms for condition
&amp#27;[38;5;32m[AndroidUiautomator2Driver@dabd (47571b8e)]&amp#27;[0m Matched '/element' to command name 'findElement'
&amp#27;[38;5;32m[AndroidUiautomator2Driver@dabd (47571b8e)]&amp#27;[0m Proxying [POST /element] to [POST http://127.0.0.1:8201/session/e99dcc09-a0f0-48bb-8a0b-d829d4323b82/element] with body: {"strategy":"xpath","selector":"//android.view.ViewGroup[@content-desc='container header']/android.widget.TextView","context":"","multiple":false}
&amp#27;[38;5;32m[AndroidUiautomator2Driver@dabd (47571b8e)]&amp#27;[0m Got response with status 200: {"sessionId":"e99dcc09-a0f0-48bb-8a0b-d829d4323b82","value":{"ELEMENT":"00000000-0000-0594-ffff-ffff00000292","element-6066-11e4-a52e-4f735466cecf":"00000000-0000-0594-ffff-ffff00000292"}}
&amp#27;[38;5;32m[AndroidUiautomator2Driver@dabd (47571b8e)]&amp#27;[0m Responding to client with driver.findElement() result: {"element-6066-11e4-a52e-4f735466cecf":"00000000-0000-0594-ffff-ffff00000292","ELEMENT":"00000000-0000-0594-ffff-ffff00000292"}
&amp#27;[38;5;0m[HTTP]&amp#27;[0m &amp#27;[37m<-- POST /session/47571b8e-6191-4ef5-a875-b0f0dcd05976/element &amp#27;[39m&amp#27;[32m200&amp#27;[39m &amp#27;[90m2050 ms - 137&amp#27;[39m
&amp#27;[38;5;0m[HTTP]&amp#27;[0m &amp#27;[90m&amp#27;[39m
&amp#27;[38;5;0m[HTTP]&amp#27;[0m &amp#27;[37m-->&amp#27;[39m &amp#27;[37mGET&amp#27;[39m &amp#27;[37m/session/47571b8e-6191-4ef5-a875-b0f0dcd05976/element/00000000-0000-0594-ffff-ffff00000292/displayed&amp#27;[39m
&amp#27;[38;5;0m[HTTP]&amp#27;[0m &amp#27;[90m{}&amp#27;[39m
&amp#27;[38;5;32m[AndroidUiautomator2Driver@dabd (47571b8e)]&amp#27;[0m Calling AppiumDriver.elementDisplayed() with args: ["00000000-0000-0594-ffff-ffff00000292","47571b8e-6191-4ef5-a875-b0f0dcd05976"]
&amp#27;[38;5;32m[AndroidUiautomator2Driver@dabd (47571b8e)]&amp#27;[0m Matched '/element/00000000-0000-0594-ffff-ffff00000292/attribute/displayed' to command name 'getAttribute'
&amp#27;[38;5;32m[AndroidUiautomator2Driver@dabd (47571b8e)]&amp#27;[0m Proxying [GET /element/00000000-0000-0594-ffff-ffff00000292/attribute/displayed] to [GET http://127.0.0.1:8201/session/e99dcc09-a0f0-48bb-8a0b-d829d4323b82/element/00000000-0000-0594-ffff-ffff00000292/attribute/displayed] with no body
&amp#27;[38;5;32m[AndroidUiautomator2Driver@dabd (47571b8e)]&amp#27;[0m Got response with status 200: {"sessionId":"e99dcc09-a0f0-48bb-8a0b-d829d4323b82","value":"true"}
&amp#27;[38;5;32m[AndroidUiautomator2Driver@dabd (47571b8e)]&amp#27;[0m Responding to client with driver.elementDisplayed() result: true
&amp#27;[38;5;0m[HTTP]&amp#27;[0m &amp#27;[37m<-- GET /session/47571b8e-6191-4ef5-a875-b0f0dcd05976/element/00000000-0000-0594-ffff-ffff00000292/displayed &amp#27;[39m&amp#27;[32m200&amp#27;[39m &amp#27;[90m28 ms - 14&amp#27;[39m
&amp#27;[38;5;0m[HTTP]&amp#27;[0m &amp#27;[90m&amp#27;[39m
&amp#27;[38;5;0m[HTTP]&amp#27;[0m &amp#27;[37m-->&amp#27;[39m &amp#27;[37mGET&amp#27;[39m &amp#27;[37m/session/47571b8e-6191-4ef5-a875-b0f0dcd05976/context&amp#27;[39m
&amp#27;[38;5;0m[HTTP]&amp#27;[0m &amp#27;[90m{}&amp#27;[39m
&amp#27;[38;5;32m[AndroidUiautomator2Driver@dabd (47571b8e)]&amp#27;[0m Calling AppiumDriver.getCurrentContext() with args: ["47571b8e-6191-4ef5-a875-b0f0dcd05976"]
&amp#27;[38;5;32m[AndroidUiautomator2Driver@dabd (47571b8e)]&amp#27;[0m Responding to client with driver.getCurrentContext() result: "NATIVE_APP"
&amp#27;[38;5;0m[HTTP]&amp#27;[0m &amp#27;[37m<-- GET /session/47571b8e-6191-4ef5-a875-b0f0dcd05976/context &amp#27;[39m&amp#27;[32m200&amp#27;[39m &amp#27;[90m1 ms - 22&amp#27;[39m
&amp#27;[38;5;0m[HTTP]&amp#27;[0m &amp#27;[90m&amp#27;[39m
&amp#27;[38;5;0m[HTTP]&amp#27;[0m &amp#27;[37m-->&amp#27;[39m &amp#27;[37mPOST&amp#27;[39m &amp#27;[37m/session/47571b8e-6191-4ef5-a875-b0f0dcd05976/element&amp#27;[39m
&amp#27;[38;5;0m[HTTP]&amp#27;[0m &amp#27;[90m{"using":"xpath","value":"//android.view.ViewGroup[@content-desc='container header']/android.widget.TextView"}&amp#27;[39m
&amp#27;[38;5;32m[AndroidUiautomator2Driver@dabd (47571b8e)]&amp#27;[0m Calling AppiumDriver.findElement() with args: ["xpath","//android.view.ViewGroup[@content-desc='container header']/android.widget.TextView","47571b8e-6191-4ef5-a875-b0f0dcd05976"]
&amp#27;[38;5;32m[AndroidUiautomator2Driver@dabd (47571b8e)]&amp#27;[0m Valid locator strategies for this request: xpath, id, class name, accessibility id, css selector, -android uiautomator
&amp#27;[38;5;32m[AndroidUiautomator2Driver@dabd (47571b8e)]&amp#27;[0m Waiting up to 10000 ms for condition
&amp#27;[38;5;32m[AndroidUiautomator2Driver@dabd (47571b8e)]&amp#27;[0m Matched '/element' to command name 'findElement'
&amp#27;[38;5;32m[AndroidUiautomator2Driver@dabd (47571b8e)]&amp#27;[0m Proxying [POST /element] to [POST http://127.0.0.1:8201/session/e99dcc09-a0f0-48bb-8a0b-d829d4323b82/element] with body: {"strategy":"xpath","selector":"//android.view.ViewGroup[@content-desc='container header']/android.widget.TextView","context":"","multiple":false}
&amp#27;[38;5;32m[AndroidUiautomator2Driver@dabd (47571b8e)]&amp#27;[0m Got response with status 200: {"sessionId":"e99dcc09-a0f0-48bb-8a0b-d829d4323b82","value":{"ELEMENT":"00000000-0000-0594-ffff-ffff00000292","element-6066-11e4-a52e-4f735466cecf":"00000000-0000-0594-ffff-ffff00000292"}}
&amp#27;[38;5;32m[AndroidUiautomator2Driver@dabd (47571b8e)]&amp#27;[0m Responding to client with driver.findElement() result: {"element-6066-11e4-a52e-4f735466cecf":"00000000-0000-0594-ffff-ffff00000292","ELEMENT":"00000000-0000-0594-ffff-ffff00000292"}
&amp#27;[38;5;0m[HTTP]&amp#27;[0m &amp#27;[37m<-- POST /session/47571b8e-6191-4ef5-a875-b0f0dcd05976/element &amp#27;[39m&amp#27;[32m200&amp#27;[39m &amp#27;[90m659 ms - 137&amp#27;[39m
&amp#27;[38;5;0m[HTTP]&amp#27;[0m &amp#27;[90m&amp#27;[39m
&amp#27;[38;5;0m[HTTP]&amp#27;[0m &amp#27;[37m-->&amp#27;[39m &amp#27;[37mGET&amp#27;[39m &amp#27;[37m/session/47571b8e-6191-4ef5-a875-b0f0dcd05976/element/00000000-0000-0594-ffff-ffff00000292/text&amp#27;[39m
&amp#27;[38;5;0m[HTTP]&amp#27;[0m &amp#27;[90m{}&amp#27;[39m
&amp#27;[38;5;32m[AndroidUiautomator2Driver@dabd (47571b8e)]&amp#27;[0m Driver proxy active, passing request on via HTTP proxy
&amp#27;[38;5;32m[AndroidUiautomator2Driver@dabd (47571b8e)]&amp#27;[0m Matched '/session/47571b8e-6191-4ef5-a875-b0f0dcd05976/element/00000000-0000-0594-ffff-ffff00000292/text' to command name 'getText'
&amp#27;[38;5;32m[AndroidUiautomator2Driver@dabd (47571b8e)]&amp#27;[0m Proxying [GET /session/47571b8e-6191-4ef5-a875-b0f0dcd05976/element/00000000-0000-0594-ffff-ffff00000292/text] to [GET http://127.0.0.1:8201/session/e99dcc09-a0f0-48bb-8a0b-d829d4323b82/element/00000000-0000-0594-ffff-ffff00000292/text] with no body
&amp#27;[38;5;32m[AndroidUiautomator2Driver@dabd (47571b8e)]&amp#27;[0m Got response with status 200: {"sessionId":"e99dcc09-a0f0-48bb-8a0b-d829d4323b82","value":"Products"}
&amp#27;[38;5;32m[AndroidUiautomator2Driver@dabd (47571b8e)]&amp#27;[0m Replacing sessionId e99dcc09-a0f0-48bb-8a0b-d829d4323b82 with 47571b8e-6191-4ef5-a875-b0f0dcd05976
&amp#27;[38;5;0m[HTTP]&amp#27;[0m &amp#27;[37m<-- GET /session/47571b8e-6191-4ef5-a875-b0f0dcd05976/element/00000000-0000-0594-ffff-ffff00000292/text &amp#27;[39m&amp#27;[32m200&amp#27;[39m &amp#27;[90m24 ms - 71&amp#27;[39m
&amp#27;[38;5;0m[HTTP]&amp#27;[0m &amp#27;[90m&amp#27;[39m
&amp#27;[38;5;0m[HTTP]&amp#27;[0m &amp#27;[37m-->&amp#27;[39m &amp#27;[37mPOST&amp#27;[39m &amp#27;[37m/session/47571b8e-6191-4ef5-a875-b0f0dcd05976/element&amp#27;[39m
&amp#27;[38;5;0m[HTTP]&amp#27;[0m &amp#27;[90m{"using":"-android uiautomator","value":"new UiScrollable(new UiSelector().scrollable(true).instance(0)).scrollIntoView(new UiSelector().textContains(\"Â© 2024 Sauce Labs. All Rights Reserved. Terms of Service | Privacy Policy.\").instance(0))"}&amp#27;[39m
&amp#27;[38;5;32m[AndroidUiautomator2Driver@dabd (47571b8e)]&amp#27;[0m Calling AppiumDriver.findElement() with args: ["-android uiautomator","new UiScrollable(new UiSelector().scrollable(true).instance(0)).scrollIntoView(new UiSelector().textContains(\"Â© 2024 Sauce Labs. All Rights Reserved. Terms of Service | Privacy Policy.\").instance(0))","47571b8e-6191-4ef5-a875-b0f0dcd05976"]
&amp#27;[38;5;32m[AndroidUiautomator2Driver@dabd (47571b8e)]&amp#27;[0m Valid locator strategies for this request: xpath, id, class name, accessibility id, css selector, -android uiautomator
&amp#27;[38;5;32m[AndroidUiautomator2Driver@dabd (47571b8e)]&amp#27;[0m Waiting up to 10000 ms for condition
&amp#27;[38;5;32m[AndroidUiautomator2Driver@dabd (47571b8e)]&amp#27;[0m Matched '/element' to command name 'findElement'
&amp#27;[38;5;32m[AndroidUiautomator2Driver@dabd (47571b8e)]&amp#27;[0m Proxying [POST /element] to [POST http://127.0.0.1:8201/session/e99dcc09-a0f0-48bb-8a0b-d829d4323b82/element] with body: {"strategy":"-android uiautomator","selector":"new UiScrollable(new UiSelector().scrollable(true).instance(0)).scrollIntoView(new UiSelector().textContains(\"Â© 2024 Sauce Labs. All Rights Reserved. Terms of Service | Privacy Policy.\").instance(0))","context":"","multiple":false}
&amp#27;[38;5;32m[AndroidUiautomator2Driver@dabd (47571b8e)]&amp#27;[0m Got response with status 200: {"sessionId":"e99dcc09-a0f0-48bb-8a0b-d829d4323b82","value":{"ELEMENT":"00000000-0000-0594-ffff-ffff00000353","element-6066-11e4-a52e-4f735466cecf":"00000000-0000-0594-ffff-ffff00000353"}}
&amp#27;[38;5;32m[AndroidUiautomator2Driver@dabd (47571b8e)]&amp#27;[0m Responding to client with driver.findElement() result: {"element-6066-11e4-a52e-4f735466cecf":"00000000-0000-0594-ffff-ffff00000353","ELEMENT":"00000000-0000-0594-ffff-ffff00000353"}
&amp#27;[38;5;0m[HTTP]&amp#27;[0m &amp#27;[37m<-- POST /session/47571b8e-6191-4ef5-a875-b0f0dcd05976/element &amp#27;[39m&amp#27;[32m200&amp#27;[39m &amp#27;[90m3348 ms - 137&amp#27;[39m
&amp#27;[38;5;0m[HTTP]&amp#27;[0m &amp#27;[90m&amp#27;[39m
&amp#27;[38;5;0m[HTTP]&amp#27;[0m &amp#27;[37m-->&amp#27;[39m &amp#27;[37mGET&amp#27;[39m &amp#27;[37m/session/47571b8e-6191-4ef5-a875-b0f0dcd05976/context&amp#27;[39m
&amp#27;[38;5;0m[HTTP]&amp#27;[0m &amp#27;[90m{}&amp#27;[39m
&amp#27;[38;5;32m[AndroidUiautomator2Driver@dabd (47571b8e)]&amp#27;[0m Calling AppiumDriver.getCurrentContext() with args: ["47571b8e-6191-4ef5-a875-b0f0dcd05976"]
&amp#27;[38;5;32m[AndroidUiautomator2Driver@dabd (47571b8e)]&amp#27;[0m Responding to client with driver.getCurrentContext() result: "NATIVE_APP"
&amp#27;[38;5;0m[HTTP]&amp#27;[0m &amp#27;[37m<-- GET /session/47571b8e-6191-4ef5-a875-b0f0dcd05976/context &amp#27;[39m&amp#27;[32m200&amp#27;[39m &amp#27;[90m1 ms - 22&amp#27;[39m
&amp#27;[38;5;0m[HTTP]&amp#27;[0m &amp#27;[90m&amp#27;[39m
&amp#27;[38;5;0m[HTTP]&amp#27;[0m &amp#27;[37m-->&amp#27;[39m &amp#27;[37mPOST&amp#27;[39m &amp#27;[37m/session/47571b8e-6191-4ef5-a875-b0f0dcd05976/elements&amp#27;[39m
&amp#27;[38;5;0m[HTTP]&amp#27;[0m &amp#27;[90m{"using":"xpath","value":"//android.view.ViewGroup[@content-desc='store item']"}&amp#27;[39m
&amp#27;[38;5;32m[AndroidUiautomator2Driver@dabd (47571b8e)]&amp#27;[0m Calling AppiumDriver.findElements() with args: ["xpath","//android.view.ViewGroup[@content-desc='store item']","47571b8e-6191-4ef5-a875-b0f0dcd05976"]
&amp#27;[38;5;32m[AndroidUiautomator2Driver@dabd (47571b8e)]&amp#27;[0m Valid locator strategies for this request: xpath, id, class name, accessibility id, css selector, -android uiautomator
&amp#27;[38;5;32m[AndroidUiautomator2Driver@dabd (47571b8e)]&amp#27;[0m Waiting up to 10000 ms for condition
&amp#27;[38;5;32m[AndroidUiautomator2Driver@dabd (47571b8e)]&amp#27;[0m Matched '/elements' to command name 'findElements'
&amp#27;[38;5;32m[AndroidUiautomator2Driver@dabd (47571b8e)]&amp#27;[0m Proxying [POST /elements] to [POST http://127.0.0.1:8201/session/e99dcc09-a0f0-48bb-8a0b-d829d4323b82/elements] with body: {"strategy":"xpath","selector":"//android.view.ViewGroup[@content-desc='store item']","context":"","multiple":true}
&amp#27;[38;5;32m[AndroidUiautomator2Driver@dabd (47571b8e)]&amp#27;[0m Got response with status 200: {"sessionId":"e99dcc09-a0f0-48bb-8a0b-d829d4323b82","value":[{"ELEMENT":"00000000-0000-0594-ffff-ffff00000294","element-6066-11e4-a52e-4f735466cecf":"00000000-0000-0594-ffff-ffff00000294"},{"ELEMENT":"00000000-0000-0594-ffff-ffff000002a3","element-6066-11e4-a52e-4f735466cecf":"00000000-0000-0594-ffff-ffff000002a3"},{"ELEMENT":"00000000-0000-0594-ffff-ffff000002b3","element-6066-11e4-a52e-4f735466cecf":"00000000-0000-0594-ffff-ffff000002b3"},{"ELEMENT":"00000000-0000-0594-ffff-ffff000002c2","element-6066-11e4-a52e-4f735466cecf":"00000000-0000-0594-ffff-ffff000002c2"},{"ELEMENT":"00000000-0000-0594-ffff-ffff000002d2","element-6066-11e4-a52e-4f735466cecf":"00000000-0000-0594-ffff-ffff000002d2"},{"ELEMENT":"00000000-0000-0594-ffff-ffff000002e1","element-6066-11e4-a52e-4f735466cecf":"00000000-0000-0594-ffff-ffff000002e1"}]}
&amp#27;[38;5;32m[AndroidUiautomator2Driver@dabd (47571b8e)]&amp#27;[0m Responding to client with driver.findElements() result: [{"element-6066-11e4-a52e-4f735466cecf":"00000000-0000-0594-ffff-ffff00000294","ELEMENT":"00000000-0000-0594-ffff-ffff00000294"},{"element-6066-11e4-a52e-4f735466cecf":"00000000-0000-0594-ffff-ffff000002a3","ELEMENT":"00000000-0000-0594-ffff-ffff000002a3"},{"element-6066-11e4-a52e-4f735466cecf":"00000000-0000-0594-ffff-ffff000002b3","ELEMENT":"00000000-0000-0594-ffff-ffff000002b3"},{"element-6066-11e4-a52e-4f735466cecf":"00000000-0000-0594-ffff-ffff000002c2","ELEMENT":"00000000-0000-0594-ffff-ffff000002c2"},{"element-6066-11e4-a52e-4f735466cecf":"00000000-0000-0594-ffff-ffff000002d2","ELEMENT":"00000000-0000-0594-ffff-ffff000002d2"},{"element-6066-11e4-a52e-4f735466cecf":"00000000-0000-0594-ffff-ffff000002e1","ELEMENT":"00000000-0000-0594-ffff-ffff000002e1"}]
&amp#27;[38;5;0m[HTTP]&amp#27;[0m &amp#27;[37m<-- POST /session/47571b8e-6191-4ef5-a875-b0f0dcd05976/elements &amp#27;[39m&amp#27;[32m200&amp#27;[39m &amp#27;[90m471 ms - 779&amp#27;[39m
&amp#27;[38;5;0m[HTTP]&amp#27;[0m &amp#27;[90m&amp#27;[39m
&amp#27;[38;5;0m[HTTP]&amp#27;[0m &amp#27;[37m-->&amp#27;[39m &amp#27;[37mPOST&amp#27;[39m &amp#27;[37m/session/47571b8e-6191-4ef5-a875-b0f0dcd05976/element/00000000-0000-0594-ffff-ffff000002d2/element&amp#27;[39m
&amp#27;[38;5;0m[HTTP]&amp#27;[0m &amp#27;[90m{"id":"00000000-0000-0594-ffff-ffff000002d2","using":"class name","value":"android.widget.ImageView"}&amp#27;[39m
&amp#27;[38;5;32m[AndroidUiautomator2Driver@dabd (47571b8e)]&amp#27;[0m Calling AppiumDriver.findElementFromElement() with args: ["class name","android.widget.ImageView","00000000-0000-0594-ffff-ffff000002d2","47571b8e-6191-4ef5-a875-b0f0dcd05976"]
&amp#27;[38;5;32m[AndroidUiautomator2Driver@dabd (47571b8e)]&amp#27;[0m Valid locator strategies for this request: xpath, id, class name, accessibility id, css selector, -android uiautomator
&amp#27;[38;5;32m[AndroidUiautomator2Driver@dabd (47571b8e)]&amp#27;[0m Waiting up to 10000 ms for condition
&amp#27;[38;5;32m[AndroidUiautomator2Driver@dabd (47571b8e)]&amp#27;[0m Matched '/element' to command name 'findElement'
&amp#27;[38;5;32m[AndroidUiautomator2Driver@dabd (47571b8e)]&amp#27;[0m Proxying [POST /element] to [POST http://127.0.0.1:8201/session/e99dcc09-a0f0-48bb-8a0b-d829d4323b82/element] with body: {"strategy":"class name","selector":"android.widget.ImageView","context":"00000000-0000-0594-ffff-ffff000002d2","multiple":false}
&amp#27;[38;5;32m[AndroidUiautomator2Driver@dabd (47571b8e)]&amp#27;[0m Got response with status 200: {"sessionId":"e99dcc09-a0f0-48bb-8a0b-d829d4323b82","value":{"ELEMENT":"00000000-0000-0594-ffff-ffff000002d4","element-6066-11e4-a52e-4f735466cecf":"00000000-0000-0594-ffff-ffff000002d4"}}
&amp#27;[38;5;32m[AndroidUiautomator2Driver@dabd (47571b8e)]&amp#27;[0m Responding to client with driver.findElementFromElement() result: {"element-6066-11e4-a52e-4f735466cecf":"00000000-0000-0594-ffff-ffff000002d4","ELEMENT":"00000000-0000-0594-ffff-ffff000002d4"}
&amp#27;[38;5;0m[HTTP]&amp#27;[0m &amp#27;[37m<-- POST /session/47571b8e-6191-4ef5-a875-b0f0dcd05976/element/00000000-0000-0594-ffff-ffff000002d2/element &amp#27;[39m&amp#27;[32m200&amp#27;[39m &amp#27;[90m14 ms - 137&amp#27;[39m
&amp#27;[38;5;0m[HTTP]&amp#27;[0m &amp#27;[90m&amp#27;[39m
&amp#27;[38;5;0m[HTTP]&amp#27;[0m &amp#27;[37m-->&amp#27;[39m &amp#27;[37mPOST&amp#27;[39m &amp#27;[37m/session/47571b8e-6191-4ef5-a875-b0f0dcd05976/element/00000000-0000-0594-ffff-ffff000002d4/click&amp#27;[39m
&amp#27;[38;5;0m[HTTP]&amp#27;[0m &amp#27;[90m{"id":"00000000-0000-0594-ffff-ffff000002d4"}&amp#27;[39m
&amp#27;[38;5;32m[AndroidUiautomator2Driver@dabd (47571b8e)]&amp#27;[0m Calling AppiumDriver.click() with args: ["00000000-0000-0594-ffff-ffff000002d4","47571b8e-6191-4ef5-a875-b0f0dcd05976"]
&amp#27;[38;5;32m[AndroidUiautomator2Driver@dabd (47571b8e)]&amp#27;[0m Matched '/element/00000000-0000-0594-ffff-ffff000002d4/click' to command name 'click'
&amp#27;[38;5;32m[AndroidUiautomator2Driver@dabd (47571b8e)]&amp#27;[0m Proxying [POST /element/00000000-0000-0594-ffff-ffff000002d4/click] to [POST http://127.0.0.1:8201/session/e99dcc09-a0f0-48bb-8a0b-d829d4323b82/element/00000000-0000-0594-ffff-ffff000002d4/click] with body: {"element":"00000000-0000-0594-ffff-ffff000002d4"}
&amp#27;[38;5;32m[AndroidUiautomator2Driver@dabd (47571b8e)]&amp#27;[0m Got response with status 200: {"sessionId":"e99dcc09-a0f0-48bb-8a0b-d829d4323b82","value":null}
&amp#27;[38;5;32m[AndroidUiautomator2Driver@dabd (47571b8e)]&amp#27;[0m Responding to client with driver.click() result: null
&amp#27;[38;5;0m[HTTP]&amp#27;[0m &amp#27;[37m<-- POST /session/47571b8e-6191-4ef5-a875-b0f0dcd05976/element/00000000-0000-0594-ffff-ffff000002d4/click &amp#27;[39m&amp#27;[32m200&amp#27;[39m &amp#27;[90m46 ms - 14&amp#27;[39m
&amp#27;[38;5;0m[HTTP]&amp#27;[0m &amp#27;[90m&amp#27;[39m
&amp#27;[38;5;0m[HTTP]&amp#27;[0m &amp#27;[37m-->&amp#27;[39m &amp#27;[37mGET&amp#27;[39m &amp#27;[37m/session/47571b8e-6191-4ef5-a875-b0f0dcd05976/context&amp#27;[39m
&amp#27;[38;5;0m[HTTP]&amp#27;[0m &amp#27;[90m{}&amp#27;[39m
&amp#27;[38;5;32m[AndroidUiautomator2Driver@dabd (47571b8e)]&amp#27;[0m Calling AppiumDriver.getCurrentContext() with args: ["47571b8e-6191-4ef5-a875-b0f0dcd05976"]
&amp#27;[38;5;32m[AndroidUiautomator2Driver@dabd (47571b8e)]&amp#27;[0m Responding to client with driver.getCurrentContext() result: "NATIVE_APP"
&amp#27;[38;5;0m[HTTP]&amp#27;[0m &amp#27;[37m<-- GET /session/47571b8e-6191-4ef5-a875-b0f0dcd05976/context &amp#27;[39m&amp#27;[32m200&amp#27;[39m &amp#27;[90m1 ms - 22&amp#27;[39m
&amp#27;[38;5;0m[HTTP]&amp#27;[0m &amp#27;[90m&amp#27;[39m
&amp#27;[38;5;0m[HTTP]&amp#27;[0m &amp#27;[37m-->&amp#27;[39m &amp#27;[37mPOST&amp#27;[39m &amp#27;[37m/session/47571b8e-6191-4ef5-a875-b0f0dcd05976/element&amp#27;[39m
&amp#27;[38;5;0m[HTTP]&amp#27;[0m &amp#27;[90m{"using":"xpath","value":"//android.view.ViewGroup[@content-desc='counter amount']/android.widget.TextView"}&amp#27;[39m
&amp#27;[38;5;32m[AndroidUiautomator2Driver@dabd (47571b8e)]&amp#27;[0m Calling AppiumDriver.findElement() with args: ["xpath","//android.view.ViewGroup[@content-desc='counter amount']/android.widget.TextView","47571b8e-6191-4ef5-a875-b0f0dcd05976"]
&amp#27;[38;5;32m[AndroidUiautomator2Driver@dabd (47571b8e)]&amp#27;[0m Valid locator strategies for this request: xpath, id, class name, accessibility id, css selector, -android uiautomator
&amp#27;[38;5;32m[AndroidUiautomator2Driver@dabd (47571b8e)]&amp#27;[0m Waiting up to 10000 ms for condition
&amp#27;[38;5;32m[AndroidUiautomator2Driver@dabd (47571b8e)]&amp#27;[0m Matched '/element' to command name 'findElement'
&amp#27;[38;5;32m[AndroidUiautomator2Driver@dabd (47571b8e)]&amp#27;[0m Proxying [POST /element] to [POST http://127.0.0.1:8201/session/e99dcc09-a0f0-48bb-8a0b-d829d4323b82/element] with body: {"strategy":"xpath","selector":"//android.view.ViewGroup[@content-desc='counter amount']/android.widget.TextView","context":"","multiple":false}
&amp#27;[38;5;32m[AndroidUiautomator2Driver@dabd (47571b8e)]&amp#27;[0m Got response with status 200: {"sessionId":"e99dcc09-a0f0-48bb-8a0b-d829d4323b82","value":{"ELEMENT":"00000000-0000-0594-ffff-ffff00000374","element-6066-11e4-a52e-4f735466cecf":"00000000-0000-0594-ffff-ffff00000374"}}
&amp#27;[38;5;32m[AndroidUiautomator2Driver@dabd (47571b8e)]&amp#27;[0m Responding to client with driver.findElement() result: {"element-6066-11e4-a52e-4f735466cecf":"00000000-0000-0594-ffff-ffff00000374","ELEMENT":"00000000-0000-0594-ffff-ffff00000374"}
&amp#27;[38;5;0m[HTTP]&amp#27;[0m &amp#27;[37m<-- POST /session/47571b8e-6191-4ef5-a875-b0f0dcd05976/element &amp#27;[39m&amp#27;[32m200&amp#27;[39m &amp#27;[90m746 ms - 137&amp#27;[39m
&amp#27;[38;5;0m[HTTP]&amp#27;[0m &amp#27;[90m&amp#27;[39m
&amp#27;[38;5;0m[HTTP]&amp#27;[0m &amp#27;[37m-->&amp#27;[39m &amp#27;[37mGET&amp#27;[39m &amp#27;[37m/session/47571b8e-6191-4ef5-a875-b0f0dcd05976/element/00000000-0000-0594-ffff-ffff00000374/text&amp#27;[39m
&amp#27;[38;5;0m[HTTP]&amp#27;[0m &amp#27;[90m{}&amp#27;[39m
&amp#27;[38;5;32m[AndroidUiautomator2Driver@dabd (47571b8e)]&amp#27;[0m Driver proxy active, passing request on via HTTP proxy
&amp#27;[38;5;32m[AndroidUiautomator2Driver@dabd (47571b8e)]&amp#27;[0m Matched '/session/47571b8e-6191-4ef5-a875-b0f0dcd05976/element/00000000-0000-0594-ffff-ffff00000374/text' to command name 'getText'
&amp#27;[38;5;32m[AndroidUiautomator2Driver@dabd (47571b8e)]&amp#27;[0m Proxying [GET /session/47571b8e-6191-4ef5-a875-b0f0dcd05976/element/00000000-0000-0594-ffff-ffff00000374/text] to [GET http://127.0.0.1:8201/session/e99dcc09-a0f0-48bb-8a0b-d829d4323b82/element/00000000-0000-0594-ffff-ffff00000374/text] with no body
&amp#27;[38;5;32m[AndroidUiautomator2Driver@dabd (47571b8e)]&amp#27;[0m Got response with status 200: {"sessionId":"e99dcc09-a0f0-48bb-8a0b-d829d4323b82","value":"1"}
&amp#27;[38;5;32m[AndroidUiautomator2Driver@dabd (47571b8e)]&amp#27;[0m Replacing sessionId e99dcc09-a0f0-48bb-8a0b-d829d4323b82 with 47571b8e-6191-4ef5-a875-b0f0dcd05976
&amp#27;[38;5;0m[HTTP]&amp#27;[0m &amp#27;[37m<-- GET /session/47571b8e-6191-4ef5-a875-b0f0dcd05976/element/00000000-0000-0594-ffff-ffff00000374/text &amp#27;[39m&amp#27;[32m200&amp#27;[39m &amp#27;[90m11 ms - 64&amp#27;[39m
&amp#27;[38;5;0m[HTTP]&amp#27;[0m &amp#27;[90m&amp#27;[39m
&amp#27;[38;5;0m[HTTP]&amp#27;[0m &amp#27;[37m-->&amp#27;[39m &amp#27;[37mGET&amp#27;[39m &amp#27;[37m/session/47571b8e-6191-4ef5-a875-b0f0dcd05976/context&amp#27;[39m
&amp#27;[38;5;0m[HTTP]&amp#27;[0m &amp#27;[90m{}&amp#27;[39m
&amp#27;[38;5;32m[AndroidUiautomator2Driver@dabd (47571b8e)]&amp#27;[0m Calling AppiumDriver.getCurrentContext() with args: ["47571b8e-6191-4ef5-a875-b0f0dcd05976"]
&amp#27;[38;5;32m[AndroidUiautomator2Driver@dabd (47571b8e)]&amp#27;[0m Responding to client with driver.getCurrentContext() result: "NATIVE_APP"
&amp#27;[38;5;0m[HTTP]&amp#27;[0m &amp#27;[37m<-- GET /session/47571b8e-6191-4ef5-a875-b0f0dcd05976/context &amp#27;[39m&amp#27;[32m200&amp#27;[39m &amp#27;[90m1 ms - 22&amp#27;[39m
&amp#27;[38;5;0m[HTTP]&amp#27;[0m &amp#27;[90m&amp#27;[39m
&amp#27;[38;5;0m[HTTP]&amp#27;[0m &amp#27;[37m-->&amp#27;[39m &amp#27;[37mPOST&amp#27;[39m &amp#27;[37m/session/47571b8e-6191-4ef5-a875-b0f0dcd05976/element&amp#27;[39m
&amp#27;[38;5;0m[HTTP]&amp#27;[0m &amp#27;[90m{"using":"accessibility id","value":"counter plus button"}&amp#27;[39m
&amp#27;[38;5;32m[AndroidUiautomator2Driver@dabd (47571b8e)]&amp#27;[0m Calling AppiumDriver.findElement() with args: ["accessibility id","counter plus button","47571b8e-6191-4ef5-a875-b0f0dcd05976"]
&amp#27;[38;5;32m[AndroidUiautomator2Driver@dabd (47571b8e)]&amp#27;[0m Valid locator strategies for this request: xpath, id, class name, accessibility id, css selector, -android uiautomator
&amp#27;[38;5;32m[AndroidUiautomator2Driver@dabd (47571b8e)]&amp#27;[0m Waiting up to 10000 ms for condition
&amp#27;[38;5;32m[AndroidUiautomator2Driver@dabd (47571b8e)]&amp#27;[0m Matched '/element' to command name 'findElement'
&amp#27;[38;5;32m[AndroidUiautomator2Driver@dabd (47571b8e)]&amp#27;[0m Proxying [POST /element] to [POST http://127.0.0.1:8201/session/e99dcc09-a0f0-48bb-8a0b-d829d4323b82/element] with body: {"strategy":"accessibility id","selector":"counter plus button","context":"","multiple":false}
&amp#27;[38;5;32m[AndroidUiautomator2Driver@dabd (47571b8e)]&amp#27;[0m Got response with status 200: {"sessionId":"e99dcc09-a0f0-48bb-8a0b-d829d4323b82","value":{"ELEMENT":"00000000-0000-0594-ffff-ffff00000375","element-6066-11e4-a52e-4f735466cecf":"00000000-0000-0594-ffff-ffff00000375"}}
&amp#27;[38;5;32m[AndroidUiautomator2Driver@dabd (47571b8e)]&amp#27;[0m Responding to client with driver.findElement() result: {"element-6066-11e4-a52e-4f735466cecf":"00000000-0000-0594-ffff-ffff00000375","ELEMENT":"00000000-0000-0594-ffff-ffff00000375"}
&amp#27;[38;5;0m[HTTP]&amp#27;[0m &amp#27;[37m<-- POST /session/47571b8e-6191-4ef5-a875-b0f0dcd05976/element &amp#27;[39m&amp#27;[32m200&amp#27;[39m &amp#27;[90m64 ms - 137&amp#27;[39m
&amp#27;[38;5;0m[HTTP]&amp#27;[0m &amp#27;[90m&amp#27;[39m
&amp#27;[38;5;0m[HTTP]&amp#27;[0m &amp#27;[37m-->&amp#27;[39m &amp#27;[37mPOST&amp#27;[39m &amp#27;[37m/session/47571b8e-6191-4ef5-a875-b0f0dcd05976/element/00000000-0000-0594-ffff-ffff00000375/click&amp#27;[39m
&amp#27;[38;5;0m[HTTP]&amp#27;[0m &amp#27;[90m{"id":"00000000-0000-0594-ffff-ffff00000375"}&amp#27;[39m
&amp#27;[38;5;32m[AndroidUiautomator2Driver@dabd (47571b8e)]&amp#27;[0m Calling AppiumDriver.click() with args: ["00000000-0000-0594-ffff-ffff00000375","47571b8e-6191-4ef5-a875-b0f0dcd05976"]
&amp#27;[38;5;32m[AndroidUiautomator2Driver@dabd (47571b8e)]&amp#27;[0m Matched '/element/00000000-0000-0594-ffff-ffff00000375/click' to command name 'click'
&amp#27;[38;5;32m[AndroidUiautomator2Driver@dabd (47571b8e)]&amp#27;[0m Proxying [POST /element/00000000-0000-0594-ffff-ffff00000375/click] to [POST http://127.0.0.1:8201/session/e99dcc09-a0f0-48bb-8a0b-d829d4323b82/element/00000000-0000-0594-ffff-ffff00000375/click] with body: {"element":"00000000-0000-0594-ffff-ffff00000375"}
&amp#27;[38;5;32m[AndroidUiautomator2Driver@dabd (47571b8e)]&amp#27;[0m Got response with status 200: {"sessionId":"e99dcc09-a0f0-48bb-8a0b-d829d4323b82","value":null}
&amp#27;[38;5;32m[AndroidUiautomator2Driver@dabd (47571b8e)]&amp#27;[0m Responding to client with driver.click() result: null
&amp#27;[38;5;0m[HTTP]&amp#27;[0m &amp#27;[37m<-- POST /session/47571b8e-6191-4ef5-a875-b0f0dcd05976/element/00000000-0000-0594-ffff-ffff00000375/click &amp#27;[39m&amp#27;[32m200&amp#27;[39m &amp#27;[90m51 ms - 14&amp#27;[39m
&amp#27;[38;5;0m[HTTP]&amp#27;[0m &amp#27;[90m&amp#27;[39m
&amp#27;[38;5;0m[HTTP]&amp#27;[0m &amp#27;[37m-->&amp#27;[39m &amp#27;[37mGET&amp#27;[39m &amp#27;[37m/session/47571b8e-6191-4ef5-a875-b0f0dcd05976/context&amp#27;[39m
&amp#27;[38;5;0m[HTTP]&amp#27;[0m &amp#27;[90m{}&amp#27;[39m
&amp#27;[38;5;32m[AndroidUiautomator2Driver@dabd (47571b8e)]&amp#27;[0m Calling AppiumDriver.getCurrentContext() with args: ["47571b8e-6191-4ef5-a875-b0f0dcd05976"]
&amp#27;[38;5;32m[AndroidUiautomator2Driver@dabd (47571b8e)]&amp#27;[0m Responding to client with driver.getCurrentContext() result: "NATIVE_APP"
&amp#27;[38;5;0m[HTTP]&amp#27;[0m &amp#27;[37m<-- GET /session/47571b8e-6191-4ef5-a875-b0f0dcd05976/context &amp#27;[39m&amp#27;[32m200&amp#27;[39m &amp#27;[90m1 ms - 22&amp#27;[39m
&amp#27;[38;5;0m[HTTP]&amp#27;[0m &amp#27;[90m&amp#27;[39m
&amp#27;[38;5;0m[HTTP]&amp#27;[0m &amp#27;[37m-->&amp#27;[39m &amp#27;[37mPOST&amp#27;[39m &amp#27;[37m/session/47571b8e-6191-4ef5-a875-b0f0dcd05976/element&amp#27;[39m
&amp#27;[38;5;0m[HTTP]&amp#27;[0m &amp#27;[90m{"using":"xpath","value":"//android.view.ViewGroup[@content-desc='counter amount']/android.widget.TextView"}&amp#27;[39m
&amp#27;[38;5;32m[AndroidUiautomator2Driver@dabd (47571b8e)]&amp#27;[0m Calling AppiumDriver.findElement() with args: ["xpath","//android.view.ViewGroup[@content-desc='counter amount']/android.widget.TextView","47571b8e-6191-4ef5-a875-b0f0dcd05976"]
&amp#27;[38;5;32m[AndroidUiautomator2Driver@dabd (47571b8e)]&amp#27;[0m Valid locator strategies for this request: xpath, id, class name, accessibility id, css selector, -android uiautomator
&amp#27;[38;5;32m[AndroidUiautomator2Driver@dabd (47571b8e)]&amp#27;[0m Waiting up to 10000 ms for condition
&amp#27;[38;5;32m[AndroidUiautomator2Driver@dabd (47571b8e)]&amp#27;[0m Matched '/element' to command name 'findElement'
&amp#27;[38;5;32m[AndroidUiautomator2Driver@dabd (47571b8e)]&amp#27;[0m Proxying [POST /element] to [POST http://127.0.0.1:8201/session/e99dcc09-a0f0-48bb-8a0b-d829d4323b82/element] with body: {"strategy":"xpath","selector":"//android.view.ViewGroup[@content-desc='counter amount']/android.widget.TextView","context":"","multiple":false}
&amp#27;[38;5;32m[AndroidUiautomator2Driver@dabd (47571b8e)]&amp#27;[0m Got response with status 200: {"sessionId":"e99dcc09-a0f0-48bb-8a0b-d829d4323b82","value":{"ELEMENT":"00000000-0000-0594-ffff-ffff00000374","element-6066-11e4-a52e-4f735466cecf":"00000000-0000-0594-ffff-ffff00000374"}}
&amp#27;[38;5;32m[AndroidUiautomator2Driver@dabd (47571b8e)]&amp#27;[0m Responding to client with driver.findElement() result: {"element-6066-11e4-a52e-4f735466cecf":"00000000-0000-0594-ffff-ffff00000374","ELEMENT":"00000000-0000-0594-ffff-ffff00000374"}
&amp#27;[38;5;0m[HTTP]&amp#27;[0m &amp#27;[37m<-- POST /session/47571b8e-6191-4ef5-a875-b0f0dcd05976/element &amp#27;[39m&amp#27;[32m200&amp#27;[39m &amp#27;[90m168 ms - 137&amp#27;[39m
&amp#27;[38;5;0m[HTTP]&amp#27;[0m &amp#27;[90m&amp#27;[39m
&amp#27;[38;5;0m[HTTP]&amp#27;[0m &amp#27;[37m-->&amp#27;[39m &amp#27;[37mGET&amp#27;[39m &amp#27;[37m/session/47571b8e-6191-4ef5-a875-b0f0dcd05976/element/00000000-0000-0594-ffff-ffff00000374/text&amp#27;[39m
&amp#27;[38;5;0m[HTTP]&amp#27;[0m &amp#27;[90m{}&amp#27;[39m
&amp#27;[38;5;32m[AndroidUiautomator2Driver@dabd (47571b8e)]&amp#27;[0m Driver proxy active, passing request on via HTTP proxy
&amp#27;[38;5;32m[AndroidUiautomator2Driver@dabd (47571b8e)]&amp#27;[0m Matched '/session/47571b8e-6191-4ef5-a875-b0f0dcd05976/element/00000000-0000-0594-ffff-ffff00000374/text' to command name 'getText'
&amp#27;[38;5;32m[AndroidUiautomator2Driver@dabd (47571b8e)]&amp#27;[0m Proxying [GET /session/47571b8e-6191-4ef5-a875-b0f0dcd05976/element/00000000-0000-0594-ffff-ffff00000374/text] to [GET http://127.0.0.1:8201/session/e99dcc09-a0f0-48bb-8a0b-d829d4323b82/element/00000000-0000-0594-ffff-ffff00000374/text] with no body
&amp#27;[38;5;32m[AndroidUiautomator2Driver@dabd (47571b8e)]&amp#27;[0m Got response with status 200: {"sessionId":"e99dcc09-a0f0-48bb-8a0b-d829d4323b82","value":"2"}
&amp#27;[38;5;32m[AndroidUiautomator2Driver@dabd (47571b8e)]&amp#27;[0m Replacing sessionId e99dcc09-a0f0-48bb-8a0b-d829d4323b82 with 47571b8e-6191-4ef5-a875-b0f0dcd05976
&amp#27;[38;5;0m[HTTP]&amp#27;[0m &amp#27;[37m<-- GET /session/47571b8e-6191-4ef5-a875-b0f0dcd05976/element/00000000-0000-0594-ffff-ffff00000374/text &amp#27;[39m&amp#27;[32m200&amp#27;[39m &amp#27;[90m395 ms - 64&amp#27;[39m
&amp#27;[38;5;0m[HTTP]&amp#27;[0m &amp#27;[90m&amp#27;[39m
&amp#27;[38;5;0m[HTTP]&amp#27;[0m &amp#27;[37m-->&amp#27;[39m &amp#27;[37mGET&amp#27;[39m &amp#27;[37m/session/47571b8e-6191-4ef5-a875-b0f0dcd05976/context&amp#27;[39m
&amp#27;[38;5;0m[HTTP]&amp#27;[0m &amp#27;[90m{}&amp#27;[39m
&amp#27;[38;5;32m[AndroidUiautomator2Driver@dabd (47571b8e)]&amp#27;[0m Calling AppiumDriver.getCurrentContext() with args: ["47571b8e-6191-4ef5-a875-b0f0dcd05976"]
&amp#27;[38;5;32m[AndroidUiautomator2Driver@dabd (47571b8e)]&amp#27;[0m Responding to client with driver.getCurrentContext() result: "NATIVE_APP"
&amp#27;[38;5;0m[HTTP]&amp#27;[0m &amp#27;[37m<-- GET /session/47571b8e-6191-4ef5-a875-b0f0dcd05976/context &amp#27;[39m&amp#27;[32m200&amp#27;[39m &amp#27;[90m1 ms - 22&amp#27;[39m
&amp#27;[38;5;0m[HTTP]&amp#27;[0m &amp#27;[90m&amp#27;[39m
&amp#27;[38;5;0m[HTTP]&amp#27;[0m &amp#27;[37m-->&amp#27;[39m &amp#27;[37mPOST&amp#27;[39m &amp#27;[37m/session/47571b8e-6191-4ef5-a875-b0f0dcd05976/element&amp#27;[39m
&amp#27;[38;5;0m[HTTP]&amp#27;[0m &amp#27;[90m{"using":"accessibility id","value":"gray circle"}&amp#27;[39m
&amp#27;[38;5;32m[AndroidUiautomator2Driver@dabd (47571b8e)]&amp#27;[0m Calling AppiumDriver.findElement() with args: ["accessibility id","gray circle","47571b8e-6191-4ef5-a875-b0f0dcd05976"]
&amp#27;[38;5;32m[AndroidUiautomator2Driver@dabd (47571b8e)]&amp#27;[0m Valid locator strategies for this request: xpath, id, class name, accessibility id, css selector, -android uiautomator
&amp#27;[38;5;32m[AndroidUiautomator2Driver@dabd (47571b8e)]&amp#27;[0m Waiting up to 10000 ms for condition
&amp#27;[38;5;32m[AndroidUiautomator2Driver@dabd (47571b8e)]&amp#27;[0m Matched '/element' to command name 'findElement'
&amp#27;[38;5;32m[AndroidUiautomator2Driver@dabd (47571b8e)]&amp#27;[0m Proxying [POST /element] to [POST http://127.0.0.1:8201/session/e99dcc09-a0f0-48bb-8a0b-d829d4323b82/element] with body: {"strategy":"accessibility id","selector":"gray circle","context":"","multiple":false}
&amp#27;[38;5;32m[AndroidUiautomator2Driver@dabd (47571b8e)]&amp#27;[0m Got response with status 200: {"sessionId":"e99dcc09-a0f0-48bb-8a0b-d829d4323b82","value":{"ELEMENT":"00000000-0000-0594-ffff-ffff0000036d","element-6066-11e4-a52e-4f735466cecf":"00000000-0000-0594-ffff-ffff0000036d"}}
&amp#27;[38;5;32m[AndroidUiautomator2Driver@dabd (47571b8e)]&amp#27;[0m Responding to client with driver.findElement() result: {"element-6066-11e4-a52e-4f735466cecf":"00000000-0000-0594-ffff-ffff0000036d","ELEMENT":"00000000-0000-0594-ffff-ffff0000036d"}
&amp#27;[38;5;0m[HTTP]&amp#27;[0m &amp#27;[37m<-- POST /session/47571b8e-6191-4ef5-a875-b0f0dcd05976/element &amp#27;[39m&amp#27;[32m200&amp#27;[39m &amp#27;[90m203 ms - 137&amp#27;[39m
&amp#27;[38;5;0m[HTTP]&amp#27;[0m &amp#27;[90m&amp#27;[39m
&amp#27;[38;5;0m[HTTP]&amp#27;[0m &amp#27;[37m-->&amp#27;[39m &amp#27;[37mPOST&amp#27;[39m &amp#27;[37m/session/47571b8e-6191-4ef5-a875-b0f0dcd05976/element/00000000-0000-0594-ffff-ffff0000036d/click&amp#27;[39m
&amp#27;[38;5;0m[HTTP]&amp#27;[0m &amp#27;[90m{"id":"00000000-0000-0594-ffff-ffff0000036d"}&amp#27;[39m
&amp#27;[38;5;32m[AndroidUiautomator2Driver@dabd (47571b8e)]&amp#27;[0m Calling AppiumDriver.click() with args: ["00000000-0000-0594-ffff-ffff0000036d","47571b8e-6191-4ef5-a875-b0f0dcd05976"]
&amp#27;[38;5;32m[AndroidUiautomator2Driver@dabd (47571b8e)]&amp#27;[0m Matched '/element/00000000-0000-0594-ffff-ffff0000036d/click' to command name 'click'
&amp#27;[38;5;32m[AndroidUiautomator2Driver@dabd (47571b8e)]&amp#27;[0m Proxying [POST /element/00000000-0000-0594-ffff-ffff0000036d/click] to [POST http://127.0.0.1:8201/session/e99dcc09-a0f0-48bb-8a0b-d829d4323b82/element/00000000-0000-0594-ffff-ffff0000036d/click] with body: {"element":"00000000-0000-0594-ffff-ffff0000036d"}
&amp#27;[38;5;32m[AndroidUiautomator2Driver@dabd (47571b8e)]&amp#27;[0m Got response with status 200: {"sessionId":"e99dcc09-a0f0-48bb-8a0b-d829d4323b82","value":null}
&amp#27;[38;5;32m[AndroidUiautomator2Driver@dabd (47571b8e)]&amp#27;[0m Responding to client with driver.click() result: null
&amp#27;[38;5;0m[HTTP]&amp#27;[0m &amp#27;[37m<-- POST /session/47571b8e-6191-4ef5-a875-b0f0dcd05976/element/00000000-0000-0594-ffff-ffff0000036d/click &amp#27;[39m&amp#27;[32m200&amp#27;[39m &amp#27;[90m57 ms - 14&amp#27;[39m
&amp#27;[38;5;0m[HTTP]&amp#27;[0m &amp#27;[90m&amp#27;[39m
&amp#27;[38;5;0m[HTTP]&amp#27;[0m &amp#27;[37m-->&amp#27;[39m &amp#27;[37mGET&amp#27;[39m &amp#27;[37m/session/47571b8e-6191-4ef5-a875-b0f0dcd05976/context&amp#27;[39m
&amp#27;[38;5;0m[HTTP]&amp#27;[0m &amp#27;[90m{}&amp#27;[39m
&amp#27;[38;5;32m[AndroidUiautomator2Driver@dabd (47571b8e)]&amp#27;[0m Calling AppiumDriver.getCurrentContext() with args: ["47571b8e-6191-4ef5-a875-b0f0dcd05976"]
&amp#27;[38;5;32m[AndroidUiautomator2Driver@dabd (47571b8e)]&amp#27;[0m Responding to client with driver.getCurrentContext() result: "NATIVE_APP"
&amp#27;[38;5;0m[HTTP]&amp#27;[0m &amp#27;[37m<-- GET /session/47571b8e-6191-4ef5-a875-b0f0dcd05976/context &amp#27;[39m&amp#27;[32m200&amp#27;[39m &amp#27;[90m1 ms - 22&amp#27;[39m
&amp#27;[38;5;0m[HTTP]&amp#27;[0m &amp#27;[90m&amp#27;[39m
&amp#27;[38;5;0m[HTTP]&amp#27;[0m &amp#27;[37m-->&amp#27;[39m &amp#27;[37mPOST&amp#27;[39m &amp#27;[37m/session/47571b8e-6191-4ef5-a875-b0f0dcd05976/element&amp#27;[39m
&amp#27;[38;5;0m[HTTP]&amp#27;[0m &amp#27;[90m{"using":"accessibility id","value":"Add To Cart button"}&amp#27;[39m
&amp#27;[38;5;32m[AndroidUiautomator2Driver@dabd (47571b8e)]&amp#27;[0m Calling AppiumDriver.findElement() with args: ["accessibility id","Add To Cart button","47571b8e-6191-4ef5-a875-b0f0dcd05976"]
&amp#27;[38;5;32m[AndroidUiautomator2Driver@dabd (47571b8e)]&amp#27;[0m Valid locator strategies for this request: xpath, id, class name, accessibility id, css selector, -android uiautomator
&amp#27;[38;5;32m[AndroidUiautomator2Driver@dabd (47571b8e)]&amp#27;[0m Waiting up to 10000 ms for condition
&amp#27;[38;5;32m[AndroidUiautomator2Driver@dabd (47571b8e)]&amp#27;[0m Matched '/element' to command name 'findElement'
&amp#27;[38;5;32m[AndroidUiautomator2Driver@dabd (47571b8e)]&amp#27;[0m Proxying [POST /element] to [POST http://127.0.0.1:8201/session/e99dcc09-a0f0-48bb-8a0b-d829d4323b82/element] with body: {"strategy":"accessibility id","selector":"Add To Cart button","context":"","multiple":false}
&amp#27;[38;5;32m[AndroidUiautomator2Driver@dabd (47571b8e)]&amp#27;[0m Got response with status 200: {"sessionId":"e99dcc09-a0f0-48bb-8a0b-d829d4323b82","value":{"ELEMENT":"00000000-0000-0594-ffff-ffff00000377","element-6066-11e4-a52e-4f735466cecf":"00000000-0000-0594-ffff-ffff00000377"}}
&amp#27;[38;5;32m[AndroidUiautomator2Driver@dabd (47571b8e)]&amp#27;[0m Responding to client with driver.findElement() result: {"element-6066-11e4-a52e-4f735466cecf":"00000000-0000-0594-ffff-ffff00000377","ELEMENT":"00000000-0000-0594-ffff-ffff00000377"}
&amp#27;[38;5;0m[HTTP]&amp#27;[0m &amp#27;[37m<-- POST /session/47571b8e-6191-4ef5-a875-b0f0dcd05976/element &amp#27;[39m&amp#27;[32m200&amp#27;[39m &amp#27;[90m170 ms - 137&amp#27;[39m
&amp#27;[38;5;0m[HTTP]&amp#27;[0m &amp#27;[90m&amp#27;[39m
&amp#27;[38;5;0m[HTTP]&amp#27;[0m &amp#27;[37m-->&amp#27;[39m &amp#27;[37mPOST&amp#27;[39m &amp#27;[37m/session/47571b8e-6191-4ef5-a875-b0f0dcd05976/element/00000000-0000-0594-ffff-ffff00000377/click&amp#27;[39m
&amp#27;[38;5;0m[HTTP]&amp#27;[0m &amp#27;[90m{"id":"00000000-0000-0594-ffff-ffff00000377"}&amp#27;[39m
&amp#27;[38;5;32m[AndroidUiautomator2Driver@dabd (47571b8e)]&amp#27;[0m Calling AppiumDriver.click() with args: ["00000000-0000-0594-ffff-ffff00000377","47571b8e-6191-4ef5-a875-b0f0dcd05976"]
&amp#27;[38;5;32m[AndroidUiautomator2Driver@dabd (47571b8e)]&amp#27;[0m Matched '/element/00000000-0000-0594-ffff-ffff00000377/click' to command name 'click'
&amp#27;[38;5;32m[AndroidUiautomator2Driver@dabd (47571b8e)]&amp#27;[0m Proxying [POST /element/00000000-0000-0594-ffff-ffff00000377/click] to [POST http://127.0.0.1:8201/session/e99dcc09-a0f0-48bb-8a0b-d829d4323b82/element/00000000-0000-0594-ffff-ffff00000377/click] with body: {"element":"00000000-0000-0594-ffff-ffff00000377"}
&amp#27;[38;5;32m[AndroidUiautomator2Driver@dabd (47571b8e)]&amp#27;[0m Got response with status 200: {"sessionId":"e99dcc09-a0f0-48bb-8a0b-d829d4323b82","value":null}
&amp#27;[38;5;32m[AndroidUiautomator2Driver@dabd (47571b8e)]&amp#27;[0m Responding to client with driver.click() result: null
&amp#27;[38;5;0m[HTTP]&amp#27;[0m &amp#27;[37m<-- POST /session/47571b8e-6191-4ef5-a875-b0f0dcd05976/element/00000000-0000-0594-ffff-ffff00000377/click &amp#27;[39m&amp#27;[32m200&amp#27;[39m &amp#27;[90m51 ms - 14&amp#27;[39m
&amp#27;[38;5;0m[HTTP]&amp#27;[0m &amp#27;[90m&amp#27;[39m
&amp#27;[38;5;0m[HTTP]&amp#27;[0m &amp#27;[37m-->&amp#27;[39m &amp#27;[37mGET&amp#27;[39m &amp#27;[37m/session/47571b8e-6191-4ef5-a875-b0f0dcd05976/context&amp#27;[39m
&amp#27;[38;5;0m[HTTP]&amp#27;[0m &amp#27;[90m{}&amp#27;[39m
&amp#27;[38;5;32m[AndroidUiautomator2Driver@dabd (47571b8e)]&amp#27;[0m Calling AppiumDriver.getCurrentContext() with args: ["47571b8e-6191-4ef5-a875-b0f0dcd05976"]
&amp#27;[38;5;32m[AndroidUiautomator2Driver@dabd (47571b8e)]&amp#27;[0m Responding to client with driver.getCurrentContext() result: "NATIVE_APP"
&amp#27;[38;5;0m[HTTP]&amp#27;[0m &amp#27;[37m<-- GET /session/47571b8e-6191-4ef5-a875-b0f0dcd05976/context &amp#27;[39m&amp#27;[32m200&amp#27;[39m &amp#27;[90m1 ms - 22&amp#27;[39m
&amp#27;[38;5;0m[HTTP]&amp#27;[0m &amp#27;[90m&amp#27;[39m
&amp#27;[38;5;0m[HTTP]&amp#27;[0m &amp#27;[37m-->&amp#27;[39m &amp#27;[37mPOST&amp#27;[39m &amp#27;[37m/session/47571b8e-6191-4ef5-a875-b0f0dcd05976/element&amp#27;[39m
&amp#27;[38;5;0m[HTTP]&amp#27;[0m &amp#27;[90m{"using":"xpath","value":"//android.view.ViewGroup[@content-desc='cart badge']/android.widget.TextView"}&amp#27;[39m
&amp#27;[38;5;32m[AndroidUiautomator2Driver@dabd (47571b8e)]&amp#27;[0m Calling AppiumDriver.findElement() with args: ["xpath","//android.view.ViewGroup[@content-desc='cart badge']/android.widget.TextView","47571b8e-6191-4ef5-a875-b0f0dcd05976"]
&amp#27;[38;5;32m[AndroidUiautomator2Driver@dabd (47571b8e)]&amp#27;[0m Valid locator strategies for this request: xpath, id, class name, accessibility id, css selector, -android uiautomator
&amp#27;[38;5;32m[AndroidUiautomator2Driver@dabd (47571b8e)]&amp#27;[0m Waiting up to 10000 ms for condition
&amp#27;[38;5;32m[AndroidUiautomator2Driver@dabd (47571b8e)]&amp#27;[0m Matched '/element' to command name 'findElement'
&amp#27;[38;5;32m[AndroidUiautomator2Driver@dabd (47571b8e)]&amp#27;[0m Proxying [POST /element] to [POST http://127.0.0.1:8201/session/e99dcc09-a0f0-48bb-8a0b-d829d4323b82/element] with body: {"strategy":"xpath","selector":"//android.view.ViewGroup[@content-desc='cart badge']/android.widget.TextView","context":"","multiple":false}
&amp#27;[38;5;32m[AndroidUiautomator2Driver@dabd (47571b8e)]&amp#27;[0m Got response with status 404: {"sessionId":"e99dcc09-a0f0-48bb-8a0b-d829d4323b82","value":{"error":"no such element","message":"An element could not be located on the page using the given search parameters","stacktrace":"io.appium.uiautomator2.common.exceptions.ElementNotFoundException: An element could not be located on the page using the given search parameters\n\tat io.appium.uiautomator2.utils.ElementLocationHelpers.findElement(ElementLocationHelpers.java:156)\n\tat io.appium.uiautomator2.handler.FindElement.safeHandle(FindElement.java:60)\n\tat io.appium.uiautomator2.handler.request.SafeRequestHandler.handle(SafeRequestHandler.java:59)\n\tat io.appium.uiautomator2.server.AppiumServlet.handleRequest(AppiumServlet.java:277)\n\tat io.appium.uiautomator2.server.AppiumServlet.handleHttpRequest(AppiumServlet.java:271)\n\tat io.appium.uiautomator2.http.ServerHandler.channelRead(ServerHandler.java:77)\n\tat io.netty.channel.AbstractChannelHandlerContext.invokeChannelRead(AbstractChannelHandlerContext.java:366)\n\tat io.netty.channel.Abstr...
&amp#27;[38;5;128m[W3C]&amp#27;[0m Matched W3C error code 'no such element' to NoSuchElementError
&amp#27;[38;5;32m[AndroidUiautomator2Driver@dabd (47571b8e)]&amp#27;[0m Waited for 334 ms so far
&amp#27;[38;5;32m[AndroidUiautomator2Driver@dabd (47571b8e)]&amp#27;[0m Matched '/element' to command name 'findElement'
&amp#27;[38;5;32m[AndroidUiautomator2Driver@dabd (47571b8e)]&amp#27;[0m Proxying [POST /element] to [POST http://127.0.0.1:8201/session/e99dcc09-a0f0-48bb-8a0b-d829d4323b82/element] with body: {"strategy":"xpath","selector":"//android.view.ViewGroup[@content-desc='cart badge']/android.widget.TextView","context":"","multiple":false}
&amp#27;[38;5;32m[AndroidUiautomator2Driver@dabd (47571b8e)]&amp#27;[0m Got response with status 200: {"sessionId":"e99dcc09-a0f0-48bb-8a0b-d829d4323b82","value":{"ELEMENT":"00000000-0000-0594-ffff-ffff00000384","element-6066-11e4-a52e-4f735466cecf":"00000000-0000-0594-ffff-ffff00000384"}}
&amp#27;[38;5;32m[AndroidUiautomator2Driver@dabd (47571b8e)]&amp#27;[0m Responding to client with driver.findElement() result: {"element-6066-11e4-a52e-4f735466cecf":"00000000-0000-0594-ffff-ffff00000384","ELEMENT":"00000000-0000-0594-ffff-ffff00000384"}
&amp#27;[38;5;0m[HTTP]&amp#27;[0m &amp#27;[37m<-- POST /session/47571b8e-6191-4ef5-a875-b0f0dcd05976/element &amp#27;[39m&amp#27;[32m200&amp#27;[39m &amp#27;[90m1207 ms - 137&amp#27;[39m
&amp#27;[38;5;0m[HTTP]&amp#27;[0m &amp#27;[90m&amp#27;[39m
&amp#27;[38;5;0m[HTTP]&amp#27;[0m &amp#27;[37m-->&amp#27;[39m &amp#27;[37mGET&amp#27;[39m &amp#27;[37m/session/47571b8e-6191-4ef5-a875-b0f0dcd05976/element/00000000-0000-0594-ffff-ffff00000384/displayed&amp#27;[39m
&amp#27;[38;5;0m[HTTP]&amp#27;[0m &amp#27;[90m{}&amp#27;[39m
&amp#27;[38;5;32m[AndroidUiautomator2Driver@dabd (47571b8e)]&amp#27;[0m Calling AppiumDriver.elementDisplayed() with args: ["00000000-0000-0594-ffff-ffff00000384","47571b8e-6191-4ef5-a875-b0f0dcd05976"]
&amp#27;[38;5;32m[AndroidUiautomator2Driver@dabd (47571b8e)]&amp#27;[0m Matched '/element/00000000-0000-0594-ffff-ffff00000384/attribute/displayed' to command name 'getAttribute'
&amp#27;[38;5;32m[AndroidUiautomator2Driver@dabd (47571b8e)]&amp#27;[0m Proxying [GET /element/00000000-0000-0594-ffff-ffff00000384/attribute/displayed] to [GET http://127.0.0.1:8201/session/e99dcc09-a0f0-48bb-8a0b-d829d4323b82/element/00000000-0000-0594-ffff-ffff00000384/attribute/displayed] with no body
&amp#27;[38;5;32m[AndroidUiautomator2Driver@dabd (47571b8e)]&amp#27;[0m Got response with status 200: {"sessionId":"e99dcc09-a0f0-48bb-8a0b-d829d4323b82","value":"true"}
&amp#27;[38;5;32m[AndroidUiautomator2Driver@dabd (47571b8e)]&amp#27;[0m Responding to client with driver.elementDisplayed() result: true
&amp#27;[38;5;0m[HTTP]&amp#27;[0m &amp#27;[37m<-- GET /session/47571b8e-6191-4ef5-a875-b0f0dcd05976/element/00000000-0000-0594-ffff-ffff00000384/displayed &amp#27;[39m&amp#27;[32m200&amp#27;[39m &amp#27;[90m21 ms - 14&amp#27;[39m
&amp#27;[38;5;0m[HTTP]&amp#27;[0m &amp#27;[90m&amp#27;[39m
&amp#27;[38;5;0m[HTTP]&amp#27;[0m &amp#27;[37m-->&amp#27;[39m &amp#27;[37mGET&amp#27;[39m &amp#27;[37m/session/47571b8e-6191-4ef5-a875-b0f0dcd05976/context&amp#27;[39m
&amp#27;[38;5;0m[HTTP]&amp#27;[0m &amp#27;[90m{}&amp#27;[39m
&amp#27;[38;5;32m[AndroidUiautomator2Driver@dabd (47571b8e)]&amp#27;[0m Calling AppiumDriver.getCurrentContext() with args: ["47571b8e-6191-4ef5-a875-b0f0dcd05976"]
&amp#27;[38;5;32m[AndroidUiautomator2Driver@dabd (47571b8e)]&amp#27;[0m Responding to client with driver.getCurrentContext() result: "NATIVE_APP"
&amp#27;[38;5;0m[HTTP]&amp#27;[0m &amp#27;[37m<-- GET /session/47571b8e-6191-4ef5-a875-b0f0dcd05976/context &amp#27;[39m&amp#27;[32m200&amp#27;[39m &amp#27;[90m1 ms - 22&amp#27;[39m
&amp#27;[38;5;0m[HTTP]&amp#27;[0m &amp#27;[90m&amp#27;[39m
&amp#27;[38;5;0m[HTTP]&amp#27;[0m &amp#27;[37m-->&amp#27;[39m &amp#27;[37mPOST&amp#27;[39m &amp#27;[37m/session/47571b8e-6191-4ef5-a875-b0f0dcd05976/element&amp#27;[39m
&amp#27;[38;5;0m[HTTP]&amp#27;[0m &amp#27;[90m{"using":"xpath","value":"//android.view.ViewGroup[@content-desc='cart badge']/android.widget.TextView"}&amp#27;[39m
&amp#27;[38;5;32m[AndroidUiautomator2Driver@dabd (47571b8e)]&amp#27;[0m Calling AppiumDriver.findElement() with args: ["xpath","//android.view.ViewGroup[@content-desc='cart badge']/android.widget.TextView","47571b8e-6191-4ef5-a875-b0f0dcd05976"]
&amp#27;[38;5;32m[AndroidUiautomator2Driver@dabd (47571b8e)]&amp#27;[0m Valid locator strategies for this request: xpath, id, class name, accessibility id, css selector, -android uiautomator
&amp#27;[38;5;32m[AndroidUiautomator2Driver@dabd (47571b8e)]&amp#27;[0m Waiting up to 10000 ms for condition
&amp#27;[38;5;32m[AndroidUiautomator2Driver@dabd (47571b8e)]&amp#27;[0m Matched '/element' to command name 'findElement'
&amp#27;[38;5;32m[AndroidUiautomator2Driver@dabd (47571b8e)]&amp#27;[0m Proxying [POST /element] to [POST http://127.0.0.1:8201/session/e99dcc09-a0f0-48bb-8a0b-d829d4323b82/element] with body: {"strategy":"xpath","selector":"//android.view.ViewGroup[@content-desc='cart badge']/android.widget.TextView","context":"","multiple":false}
&amp#27;[38;5;32m[AndroidUiautomator2Driver@dabd (47571b8e)]&amp#27;[0m Got response with status 200: {"sessionId":"e99dcc09-a0f0-48bb-8a0b-d829d4323b82","value":{"ELEMENT":"00000000-0000-0594-ffff-ffff00000384","element-6066-11e4-a52e-4f735466cecf":"00000000-0000-0594-ffff-ffff00000384"}}
&amp#27;[38;5;32m[AndroidUiautomator2Driver@dabd (47571b8e)]&amp#27;[0m Responding to client with driver.findElement() result: {"element-6066-11e4-a52e-4f735466cecf":"00000000-0000-0594-ffff-ffff00000384","ELEMENT":"00000000-0000-0594-ffff-ffff00000384"}
&amp#27;[38;5;0m[HTTP]&amp#27;[0m &amp#27;[37m<-- POST /session/47571b8e-6191-4ef5-a875-b0f0dcd05976/element &amp#27;[39m&amp#27;[32m200&amp#27;[39m &amp#27;[90m406 ms - 137&amp#27;[39m
&amp#27;[38;5;0m[HTTP]&amp#27;[0m &amp#27;[90m&amp#27;[39m
&amp#27;[38;5;0m[HTTP]&amp#27;[0m &amp#27;[37m-->&amp#27;[39m &amp#27;[37mGET&amp#27;[39m &amp#27;[37m/session/47571b8e-6191-4ef5-a875-b0f0dcd05976/element/00000000-0000-0594-ffff-ffff00000384/text&amp#27;[39m
&amp#27;[38;5;0m[HTTP]&amp#27;[0m &amp#27;[90m{}&amp#27;[39m
&amp#27;[38;5;32m[AndroidUiautomator2Driver@dabd (47571b8e)]&amp#27;[0m Driver proxy active, passing request on via HTTP proxy
&amp#27;[38;5;32m[AndroidUiautomator2Driver@dabd (47571b8e)]&amp#27;[0m Matched '/session/47571b8e-6191-4ef5-a875-b0f0dcd05976/element/00000000-0000-0594-ffff-ffff00000384/text' to command name 'getText'
&amp#27;[38;5;32m[AndroidUiautomator2Driver@dabd (47571b8e)]&amp#27;[0m Proxying [GET /session/47571b8e-6191-4ef5-a875-b0f0dcd05976/element/00000000-0000-0594-ffff-ffff00000384/text] to [GET http://127.0.0.1:8201/session/e99dcc09-a0f0-48bb-8a0b-d829d4323b82/element/00000000-0000-0594-ffff-ffff00000384/text] with no body
&amp#27;[38;5;32m[AndroidUiautomator2Driver@dabd (47571b8e)]&amp#27;[0m Got response with status 200: {"sessionId":"e99dcc09-a0f0-48bb-8a0b-d829d4323b82","value":"2"}
&amp#27;[38;5;32m[AndroidUiautomator2Driver@dabd (47571b8e)]&amp#27;[0m Replacing sessionId e99dcc09-a0f0-48bb-8a0b-d829d4323b82 with 47571b8e-6191-4ef5-a875-b0f0dcd05976
&amp#27;[38;5;0m[HTTP]&amp#27;[0m &amp#27;[37m<-- GET /session/47571b8e-6191-4ef5-a875-b0f0dcd05976/element/00000000-0000-0594-ffff-ffff00000384/text &amp#27;[39m&amp#27;[32m200&amp#27;[39m &amp#27;[90m25 ms - 64&amp#27;[39m
&amp#27;[38;5;0m[HTTP]&amp#27;[0m &amp#27;[90m&amp#27;[39m
&amp#27;[38;5;0m[HTTP]&amp#27;[0m &amp#27;[37m-->&amp#27;[39m &amp#27;[37mPOST&amp#27;[39m &amp#27;[37m/session/47571b8e-6191-4ef5-a875-b0f0dcd05976/back&amp#27;[39m
&amp#27;[38;5;0m[HTTP]&amp#27;[0m &amp#27;[90m{}&amp#27;[39m
&amp#27;[38;5;32m[AndroidUiautomator2Driver@dabd (47571b8e)]&amp#27;[0m Driver proxy active, passing request on via HTTP proxy
&amp#27;[38;5;32m[AndroidUiautomator2Driver@dabd (47571b8e)]&amp#27;[0m Matched '/session/47571b8e-6191-4ef5-a875-b0f0dcd05976/back' to command name 'back'
&amp#27;[38;5;32m[AndroidUiautomator2Driver@dabd (47571b8e)]&amp#27;[0m Proxying [POST /session/47571b8e-6191-4ef5-a875-b0f0dcd05976/back] to [POST http://127.0.0.1:8201/session/e99dcc09-a0f0-48bb-8a0b-d829d4323b82/back] with body: {}
&amp#27;[38;5;32m[AndroidUiautomator2Driver@dabd (47571b8e)]&amp#27;[0m Got response with status 200: {"sessionId":"e99dcc09-a0f0-48bb-8a0b-d829d4323b82","value":null}
&amp#27;[38;5;32m[AndroidUiautomator2Driver@dabd (47571b8e)]&amp#27;[0m Replacing sessionId e99dcc09-a0f0-48bb-8a0b-d829d4323b82 with 47571b8e-6191-4ef5-a875-b0f0dcd05976
&amp#27;[38;5;0m[HTTP]&amp#27;[0m &amp#27;[37m<-- POST /session/47571b8e-6191-4ef5-a875-b0f0dcd05976/back &amp#27;[39m&amp#27;[32m200&amp#27;[39m &amp#27;[90m162 ms - 65&amp#27;[39m
&amp#27;[38;5;0m[HTTP]&amp#27;[0m &amp#27;[90m&amp#27;[39m
&amp#27;[38;5;0m[HTTP]&amp#27;[0m &amp#27;[37m-->&amp#27;[39m &amp#27;[37mGET&amp#27;[39m &amp#27;[37m/session/47571b8e-6191-4ef5-a875-b0f0dcd05976/context&amp#27;[39m
&amp#27;[38;5;0m[HTTP]&amp#27;[0m &amp#27;[90m{}&amp#27;[39m
&amp#27;[38;5;32m[AndroidUiautomator2Driver@dabd (47571b8e)]&amp#27;[0m Calling AppiumDriver.getCurrentContext() with args: ["47571b8e-6191-4ef5-a875-b0f0dcd05976"]
&amp#27;[38;5;32m[AndroidUiautomator2Driver@dabd (47571b8e)]&amp#27;[0m Responding to client with driver.getCurrentContext() result: "NATIVE_APP"
&amp#27;[38;5;0m[HTTP]&amp#27;[0m &amp#27;[37m<-- GET /session/47571b8e-6191-4ef5-a875-b0f0dcd05976/context &amp#27;[39m&amp#27;[32m200&amp#27;[39m &amp#27;[90m1 ms - 22&amp#27;[39m
&amp#27;[38;5;0m[HTTP]&amp#27;[0m &amp#27;[90m&amp#27;[39m
&amp#27;[38;5;0m[HTTP]&amp#27;[0m &amp#27;[37m-->&amp#27;[39m &amp#27;[37mPOST&amp#27;[39m &amp#27;[37m/session/47571b8e-6191-4ef5-a875-b0f0dcd05976/elements&amp#27;[39m
&amp#27;[38;5;0m[HTTP]&amp#27;[0m &amp#27;[90m{"using":"xpath","value":"//android.view.ViewGroup[@content-desc='store item']"}&amp#27;[39m
&amp#27;[38;5;32m[AndroidUiautomator2Driver@dabd (47571b8e)]&amp#27;[0m Calling AppiumDriver.findElements() with args: ["xpath","//android.view.ViewGroup[@content-desc='store item']","47571b8e-6191-4ef5-a875-b0f0dcd05976"]
&amp#27;[38;5;32m[AndroidUiautomator2Driver@dabd (47571b8e)]&amp#27;[0m Valid locator strategies for this request: xpath, id, class name, accessibility id, css selector, -android uiautomator
&amp#27;[38;5;32m[AndroidUiautomator2Driver@dabd (47571b8e)]&amp#27;[0m Waiting up to 10000 ms for condition
&amp#27;[38;5;32m[AndroidUiautomator2Driver@dabd (47571b8e)]&amp#27;[0m Matched '/elements' to command name 'findElements'
&amp#27;[38;5;32m[AndroidUiautomator2Driver@dabd (47571b8e)]&amp#27;[0m Proxying [POST /elements] to [POST http://127.0.0.1:8201/session/e99dcc09-a0f0-48bb-8a0b-d829d4323b82/elements] with body: {"strategy":"xpath","selector":"//android.view.ViewGroup[@content-desc='store item']","context":"","multiple":true}
&amp#27;[38;5;32m[AndroidUiautomator2Driver@dabd (47571b8e)]&amp#27;[0m Got response with status 200: {"sessionId":"e99dcc09-a0f0-48bb-8a0b-d829d4323b82","value":[{"ELEMENT":"00000000-0000-0594-ffff-ffff00000294","element-6066-11e4-a52e-4f735466cecf":"00000000-0000-0594-ffff-ffff00000294"},{"ELEMENT":"00000000-0000-0594-ffff-ffff000002a3","element-6066-11e4-a52e-4f735466cecf":"00000000-0000-0594-ffff-ffff000002a3"},{"ELEMENT":"00000000-0000-0594-ffff-ffff000002b3","element-6066-11e4-a52e-4f735466cecf":"00000000-0000-0594-ffff-ffff000002b3"},{"ELEMENT":"00000000-0000-0594-ffff-ffff000002c2","element-6066-11e4-a52e-4f735466cecf":"00000000-0000-0594-ffff-ffff000002c2"},{"ELEMENT":"00000000-0000-0594-ffff-ffff000002d2","element-6066-11e4-a52e-4f735466cecf":"00000000-0000-0594-ffff-ffff000002d2"},{"ELEMENT":"00000000-0000-0594-ffff-ffff000002e1","element-6066-11e4-a52e-4f735466cecf":"00000000-0000-0594-ffff-ffff000002e1"}]}
&amp#27;[38;5;32m[AndroidUiautomator2Driver@dabd (47571b8e)]&amp#27;[0m Responding to client with driver.findElements() result: [{"element-6066-11e4-a52e-4f735466cecf":"00000000-0000-0594-ffff-ffff00000294","ELEMENT":"00000000-0000-0594-ffff-ffff00000294"},{"element-6066-11e4-a52e-4f735466cecf":"00000000-0000-0594-ffff-ffff000002a3","ELEMENT":"00000000-0000-0594-ffff-ffff000002a3"},{"element-6066-11e4-a52e-4f735466cecf":"00000000-0000-0594-ffff-ffff000002b3","ELEMENT":"00000000-0000-0594-ffff-ffff000002b3"},{"element-6066-11e4-a52e-4f735466cecf":"00000000-0000-0594-ffff-ffff000002c2","ELEMENT":"00000000-0000-0594-ffff-ffff000002c2"},{"element-6066-11e4-a52e-4f735466cecf":"00000000-0000-0594-ffff-ffff000002d2","ELEMENT":"00000000-0000-0594-ffff-ffff000002d2"},{"element-6066-11e4-a52e-4f735466cecf":"00000000-0000-0594-ffff-ffff000002e1","ELEMENT":"00000000-0000-0594-ffff-ffff000002e1"}]
&amp#27;[38;5;0m[HTTP]&amp#27;[0m &amp#27;[37m<-- POST /session/47571b8e-6191-4ef5-a875-b0f0dcd05976/elements &amp#27;[39m&amp#27;[32m200&amp#27;[39m &amp#27;[90m1791 ms - 779&amp#27;[39m
&amp#27;[38;5;0m[HTTP]&amp#27;[0m &amp#27;[90m&amp#27;[39m
&amp#27;[38;5;0m[HTTP]&amp#27;[0m &amp#27;[37m-->&amp#27;[39m &amp#27;[37mPOST&amp#27;[39m &amp#27;[37m/session/47571b8e-6191-4ef5-a875-b0f0dcd05976/element/00000000-0000-0594-ffff-ffff000002e1/element&amp#27;[39m
&amp#27;[38;5;0m[HTTP]&amp#27;[0m &amp#27;[90m{"id":"00000000-0000-0594-ffff-ffff000002e1","using":"class name","value":"android.widget.ImageView"}&amp#27;[39m
&amp#27;[38;5;32m[AndroidUiautomator2Driver@dabd (47571b8e)]&amp#27;[0m Calling AppiumDriver.findElementFromElement() with args: ["class name","android.widget.ImageView","00000000-0000-0594-ffff-ffff000002e1","47571b8e-6191-4ef5-a875-b0f0dcd05976"]
&amp#27;[38;5;32m[AndroidUiautomator2Driver@dabd (47571b8e)]&amp#27;[0m Valid locator strategies for this request: xpath, id, class name, accessibility id, css selector, -android uiautomator
&amp#27;[38;5;32m[AndroidUiautomator2Driver@dabd (47571b8e)]&amp#27;[0m Waiting up to 10000 ms for condition
&amp#27;[38;5;32m[AndroidUiautomator2Driver@dabd (47571b8e)]&amp#27;[0m Matched '/element' to command name 'findElement'
&amp#27;[38;5;32m[AndroidUiautomator2Driver@dabd (47571b8e)]&amp#27;[0m Proxying [POST /element] to [POST http://127.0.0.1:8201/session/e99dcc09-a0f0-48bb-8a0b-d829d4323b82/element] with body: {"strategy":"class name","selector":"android.widget.ImageView","context":"00000000-0000-0594-ffff-ffff000002e1","multiple":false}
&amp#27;[38;5;32m[AndroidUiautomator2Driver@dabd (47571b8e)]&amp#27;[0m Got response with status 200: {"sessionId":"e99dcc09-a0f0-48bb-8a0b-d829d4323b82","value":{"ELEMENT":"00000000-0000-0594-ffff-ffff000002e3","element-6066-11e4-a52e-4f735466cecf":"00000000-0000-0594-ffff-ffff000002e3"}}
&amp#27;[38;5;32m[AndroidUiautomator2Driver@dabd (47571b8e)]&amp#27;[0m Responding to client with driver.findElementFromElement() result: {"element-6066-11e4-a52e-4f735466cecf":"00000000-0000-0594-ffff-ffff000002e3","ELEMENT":"00000000-0000-0594-ffff-ffff000002e3"}
&amp#27;[38;5;0m[HTTP]&amp#27;[0m &amp#27;[37m<-- POST /session/47571b8e-6191-4ef5-a875-b0f0dcd05976/element/00000000-0000-0594-ffff-ffff000002e1/element &amp#27;[39m&amp#27;[32m200&amp#27;[39m &amp#27;[90m47 ms - 137&amp#27;[39m
&amp#27;[38;5;0m[HTTP]&amp#27;[0m &amp#27;[90m&amp#27;[39m
&amp#27;[38;5;0m[HTTP]&amp#27;[0m &amp#27;[37m-->&amp#27;[39m &amp#27;[37mPOST&amp#27;[39m &amp#27;[37m/session/47571b8e-6191-4ef5-a875-b0f0dcd05976/element/00000000-0000-0594-ffff-ffff000002e3/click&amp#27;[39m
&amp#27;[38;5;0m[HTTP]&amp#27;[0m &amp#27;[90m{"id":"00000000-0000-0594-ffff-ffff000002e3"}&amp#27;[39m
&amp#27;[38;5;32m[AndroidUiautomator2Driver@dabd (47571b8e)]&amp#27;[0m Calling AppiumDriver.click() with args: ["00000000-0000-0594-ffff-ffff000002e3","47571b8e-6191-4ef5-a875-b0f0dcd05976"]
&amp#27;[38;5;32m[AndroidUiautomator2Driver@dabd (47571b8e)]&amp#27;[0m Matched '/element/00000000-0000-0594-ffff-ffff000002e3/click' to command name 'click'
&amp#27;[38;5;32m[AndroidUiautomator2Driver@dabd (47571b8e)]&amp#27;[0m Proxying [POST /element/00000000-0000-0594-ffff-ffff000002e3/click] to [POST http://127.0.0.1:8201/session/e99dcc09-a0f0-48bb-8a0b-d829d4323b82/element/00000000-0000-0594-ffff-ffff000002e3/click] with body: {"element":"00000000-0000-0594-ffff-ffff000002e3"}
&amp#27;[38;5;32m[AndroidUiautomator2Driver@dabd (47571b8e)]&amp#27;[0m Got response with status 200: {"sessionId":"e99dcc09-a0f0-48bb-8a0b-d829d4323b82","value":null}
&amp#27;[38;5;32m[AndroidUiautomator2Driver@dabd (47571b8e)]&amp#27;[0m Responding to client with driver.click() result: null
&amp#27;[38;5;0m[HTTP]&amp#27;[0m &amp#27;[37m<-- POST /session/47571b8e-6191-4ef5-a875-b0f0dcd05976/element/00000000-0000-0594-ffff-ffff000002e3/click &amp#27;[39m&amp#27;[32m200&amp#27;[39m &amp#27;[90m61 ms - 14&amp#27;[39m
&amp#27;[38;5;0m[HTTP]&amp#27;[0m &amp#27;[90m&amp#27;[39m
&amp#27;[38;5;0m[HTTP]&amp#27;[0m &amp#27;[37m-->&amp#27;[39m &amp#27;[37mGET&amp#27;[39m &amp#27;[37m/session/47571b8e-6191-4ef5-a875-b0f0dcd05976/context&amp#27;[39m
&amp#27;[38;5;0m[HTTP]&amp#27;[0m &amp#27;[90m{}&amp#27;[39m
&amp#27;[38;5;32m[AndroidUiautomator2Driver@dabd (47571b8e)]&amp#27;[0m Calling AppiumDriver.getCurrentContext() with args: ["47571b8e-6191-4ef5-a875-b0f0dcd05976"]
&amp#27;[38;5;32m[AndroidUiautomator2Driver@dabd (47571b8e)]&amp#27;[0m Responding to client with driver.getCurrentContext() result: "NATIVE_APP"
&amp#27;[38;5;0m[HTTP]&amp#27;[0m &amp#27;[37m<-- GET /session/47571b8e-6191-4ef5-a875-b0f0dcd05976/context &amp#27;[39m&amp#27;[32m200&amp#27;[39m &amp#27;[90m1 ms - 22&amp#27;[39m
&amp#27;[38;5;0m[HTTP]&amp#27;[0m &amp#27;[90m&amp#27;[39m
&amp#27;[38;5;0m[HTTP]&amp#27;[0m &amp#27;[37m-->&amp#27;[39m &amp#27;[37mPOST&amp#27;[39m &amp#27;[37m/session/47571b8e-6191-4ef5-a875-b0f0dcd05976/element&amp#27;[39m
&amp#27;[38;5;0m[HTTP]&amp#27;[0m &amp#27;[90m{"using":"xpath","value":"//android.view.ViewGroup[@content-desc='counter amount']/android.widget.TextView"}&amp#27;[39m
&amp#27;[38;5;32m[AndroidUiautomator2Driver@dabd (47571b8e)]&amp#27;[0m Calling AppiumDriver.findElement() with args: ["xpath","//android.view.ViewGroup[@content-desc='counter amount']/android.widget.TextView","47571b8e-6191-4ef5-a875-b0f0dcd05976"]
&amp#27;[38;5;32m[AndroidUiautomator2Driver@dabd (47571b8e)]&amp#27;[0m Valid locator strategies for this request: xpath, id, class name, accessibility id, css selector, -android uiautomator
&amp#27;[38;5;32m[AndroidUiautomator2Driver@dabd (47571b8e)]&amp#27;[0m Waiting up to 10000 ms for condition
&amp#27;[38;5;32m[AndroidUiautomator2Driver@dabd (47571b8e)]&amp#27;[0m Matched '/element' to command name 'findElement'
&amp#27;[38;5;32m[AndroidUiautomator2Driver@dabd (47571b8e)]&amp#27;[0m Proxying [POST /element] to [POST http://127.0.0.1:8201/session/e99dcc09-a0f0-48bb-8a0b-d829d4323b82/element] with body: {"strategy":"xpath","selector":"//android.view.ViewGroup[@content-desc='counter amount']/android.widget.TextView","context":"","multiple":false}
&amp#27;[38;5;32m[AndroidUiautomator2Driver@dabd (47571b8e)]&amp#27;[0m Got response with status 200: {"sessionId":"e99dcc09-a0f0-48bb-8a0b-d829d4323b82","value":{"ELEMENT":"00000000-0000-0594-ffff-ffff000003a7","element-6066-11e4-a52e-4f735466cecf":"00000000-0000-0594-ffff-ffff000003a7"}}
&amp#27;[38;5;32m[AndroidUiautomator2Driver@dabd (47571b8e)]&amp#27;[0m Responding to client with driver.findElement() result: {"element-6066-11e4-a52e-4f735466cecf":"00000000-0000-0594-ffff-ffff000003a7","ELEMENT":"00000000-0000-0594-ffff-ffff000003a7"}
&amp#27;[38;5;0m[HTTP]&amp#27;[0m &amp#27;[37m<-- POST /session/47571b8e-6191-4ef5-a875-b0f0dcd05976/element &amp#27;[39m&amp#27;[32m200&amp#27;[39m &amp#27;[90m1034 ms - 137&amp#27;[39m
&amp#27;[38;5;0m[HTTP]&amp#27;[0m &amp#27;[90m&amp#27;[39m
&amp#27;[38;5;0m[HTTP]&amp#27;[0m &amp#27;[37m-->&amp#27;[39m &amp#27;[37mGET&amp#27;[39m &amp#27;[37m/session/47571b8e-6191-4ef5-a875-b0f0dcd05976/element/00000000-0000-0594-ffff-ffff000003a7/text&amp#27;[39m
&amp#27;[38;5;0m[HTTP]&amp#27;[0m &amp#27;[90m{}&amp#27;[39m
&amp#27;[38;5;32m[AndroidUiautomator2Driver@dabd (47571b8e)]&amp#27;[0m Driver proxy active, passing request on via HTTP proxy
&amp#27;[38;5;32m[AndroidUiautomator2Driver@dabd (47571b8e)]&amp#27;[0m Matched '/session/47571b8e-6191-4ef5-a875-b0f0dcd05976/element/00000000-0000-0594-ffff-ffff000003a7/text' to command name 'getText'
&amp#27;[38;5;32m[AndroidUiautomator2Driver@dabd (47571b8e)]&amp#27;[0m Proxying [GET /session/47571b8e-6191-4ef5-a875-b0f0dcd05976/element/00000000-0000-0594-ffff-ffff000003a7/text] to [GET http://127.0.0.1:8201/session/e99dcc09-a0f0-48bb-8a0b-d829d4323b82/element/00000000-0000-0594-ffff-ffff000003a7/text] with no body
&amp#27;[38;5;32m[AndroidUiautomator2Driver@dabd (47571b8e)]&amp#27;[0m Got response with status 200: {"sessionId":"e99dcc09-a0f0-48bb-8a0b-d829d4323b82","value":"1"}
&amp#27;[38;5;32m[AndroidUiautomator2Driver@dabd (47571b8e)]&amp#27;[0m Replacing sessionId e99dcc09-a0f0-48bb-8a0b-d829d4323b82 with 47571b8e-6191-4ef5-a875-b0f0dcd05976
&amp#27;[38;5;0m[HTTP]&amp#27;[0m &amp#27;[37m<-- GET /session/47571b8e-6191-4ef5-a875-b0f0dcd05976/element/00000000-0000-0594-ffff-ffff000003a7/text &amp#27;[39m&amp#27;[32m200&amp#27;[39m &amp#27;[90m24 ms - 64&amp#27;[39m
&amp#27;[38;5;0m[HTTP]&amp#27;[0m &amp#27;[90m&amp#27;[39m
&amp#27;[38;5;0m[HTTP]&amp#27;[0m &amp#27;[37m-->&amp#27;[39m &amp#27;[37mGET&amp#27;[39m &amp#27;[37m/session/47571b8e-6191-4ef5-a875-b0f0dcd05976/context&amp#27;[39m
&amp#27;[38;5;0m[HTTP]&amp#27;[0m &amp#27;[90m{}&amp#27;[39m
&amp#27;[38;5;32m[AndroidUiautomator2Driver@dabd (47571b8e)]&amp#27;[0m Calling AppiumDriver.getCurrentContext() with args: ["47571b8e-6191-4ef5-a875-b0f0dcd05976"]
&amp#27;[38;5;32m[AndroidUiautomator2Driver@dabd (47571b8e)]&amp#27;[0m Responding to client with driver.getCurrentContext() result: "NATIVE_APP"
&amp#27;[38;5;0m[HTTP]&amp#27;[0m &amp#27;[37m<-- GET /session/47571b8e-6191-4ef5-a875-b0f0dcd05976/context &amp#27;[39m&amp#27;[32m200&amp#27;[39m &amp#27;[90m1 ms - 22&amp#27;[39m
&amp#27;[38;5;0m[HTTP]&amp#27;[0m &amp#27;[90m&amp#27;[39m
&amp#27;[38;5;0m[HTTP]&amp#27;[0m &amp#27;[37m-->&amp#27;[39m &amp#27;[37mPOST&amp#27;[39m &amp#27;[37m/session/47571b8e-6191-4ef5-a875-b0f0dcd05976/element&amp#27;[39m
&amp#27;[38;5;0m[HTTP]&amp#27;[0m &amp#27;[90m{"using":"accessibility id","value":"counter plus button"}&amp#27;[39m
&amp#27;[38;5;32m[AndroidUiautomator2Driver@dabd (47571b8e)]&amp#27;[0m Calling AppiumDriver.findElement() with args: ["accessibility id","counter plus button","47571b8e-6191-4ef5-a875-b0f0dcd05976"]
&amp#27;[38;5;32m[AndroidUiautomator2Driver@dabd (47571b8e)]&amp#27;[0m Valid locator strategies for this request: xpath, id, class name, accessibility id, css selector, -android uiautomator
&amp#27;[38;5;32m[AndroidUiautomator2Driver@dabd (47571b8e)]&amp#27;[0m Waiting up to 10000 ms for condition
&amp#27;[38;5;32m[AndroidUiautomator2Driver@dabd (47571b8e)]&amp#27;[0m Matched '/element' to command name 'findElement'
&amp#27;[38;5;32m[AndroidUiautomator2Driver@dabd (47571b8e)]&amp#27;[0m Proxying [POST /element] to [POST http://127.0.0.1:8201/session/e99dcc09-a0f0-48bb-8a0b-d829d4323b82/element] with body: {"strategy":"accessibility id","selector":"counter plus button","context":"","multiple":false}
&amp#27;[38;5;32m[AndroidUiautomator2Driver@dabd (47571b8e)]&amp#27;[0m Got response with status 200: {"sessionId":"e99dcc09-a0f0-48bb-8a0b-d829d4323b82","value":{"ELEMENT":"00000000-0000-0594-ffff-ffff000003a8","element-6066-11e4-a52e-4f735466cecf":"00000000-0000-0594-ffff-ffff000003a8"}}
&amp#27;[38;5;32m[AndroidUiautomator2Driver@dabd (47571b8e)]&amp#27;[0m Responding to client with driver.findElement() result: {"element-6066-11e4-a52e-4f735466cecf":"00000000-0000-0594-ffff-ffff000003a8","ELEMENT":"00000000-0000-0594-ffff-ffff000003a8"}
&amp#27;[38;5;0m[HTTP]&amp#27;[0m &amp#27;[37m<-- POST /session/47571b8e-6191-4ef5-a875-b0f0dcd05976/element &amp#27;[39m&amp#27;[32m200&amp#27;[39m &amp#27;[90m218 ms - 137&amp#27;[39m
&amp#27;[38;5;0m[HTTP]&amp#27;[0m &amp#27;[90m&amp#27;[39m
&amp#27;[38;5;0m[HTTP]&amp#27;[0m &amp#27;[37m-->&amp#27;[39m &amp#27;[37mPOST&amp#27;[39m &amp#27;[37m/session/47571b8e-6191-4ef5-a875-b0f0dcd05976/element/00000000-0000-0594-ffff-ffff000003a8/click&amp#27;[39m
&amp#27;[38;5;0m[HTTP]&amp#27;[0m &amp#27;[90m{"id":"00000000-0000-0594-ffff-ffff000003a8"}&amp#27;[39m
&amp#27;[38;5;32m[AndroidUiautomator2Driver@dabd (47571b8e)]&amp#27;[0m Calling AppiumDriver.click() with args: ["00000000-0000-0594-ffff-ffff000003a8","47571b8e-6191-4ef5-a875-b0f0dcd05976"]
&amp#27;[38;5;32m[AndroidUiautomator2Driver@dabd (47571b8e)]&amp#27;[0m Matched '/element/00000000-0000-0594-ffff-ffff000003a8/click' to command name 'click'
&amp#27;[38;5;32m[AndroidUiautomator2Driver@dabd (47571b8e)]&amp#27;[0m Proxying [POST /element/00000000-0000-0594-ffff-ffff000003a8/click] to [POST http://127.0.0.1:8201/session/e99dcc09-a0f0-48bb-8a0b-d829d4323b82/element/00000000-0000-0594-ffff-ffff000003a8/click] with body: {"element":"00000000-0000-0594-ffff-ffff000003a8"}
&amp#27;[38;5;32m[AndroidUiautomator2Driver@dabd (47571b8e)]&amp#27;[0m Got response with status 200: {"sessionId":"e99dcc09-a0f0-48bb-8a0b-d829d4323b82","value":null}
&amp#27;[38;5;32m[AndroidUiautomator2Driver@dabd (47571b8e)]&amp#27;[0m Responding to client with driver.click() result: null
&amp#27;[38;5;0m[HTTP]&amp#27;[0m &amp#27;[37m<-- POST /session/47571b8e-6191-4ef5-a875-b0f0dcd05976/element/00000000-0000-0594-ffff-ffff000003a8/click &amp#27;[39m&amp#27;[32m200&amp#27;[39m &amp#27;[90m74 ms - 14&amp#27;[39m
&amp#27;[38;5;0m[HTTP]&amp#27;[0m &amp#27;[90m&amp#27;[39m
&amp#27;[38;5;0m[HTTP]&amp#27;[0m &amp#27;[37m-->&amp#27;[39m &amp#27;[37mGET&amp#27;[39m &amp#27;[37m/session/47571b8e-6191-4ef5-a875-b0f0dcd05976/context&amp#27;[39m
&amp#27;[38;5;0m[HTTP]&amp#27;[0m &amp#27;[90m{}&amp#27;[39m
&amp#27;[38;5;32m[AndroidUiautomator2Driver@dabd (47571b8e)]&amp#27;[0m Calling AppiumDriver.getCurrentContext() with args: ["47571b8e-6191-4ef5-a875-b0f0dcd05976"]
&amp#27;[38;5;32m[AndroidUiautomator2Driver@dabd (47571b8e)]&amp#27;[0m Responding to client with driver.getCurrentContext() result: "NATIVE_APP"
&amp#27;[38;5;0m[HTTP]&amp#27;[0m &amp#27;[37m<-- GET /session/47571b8e-6191-4ef5-a875-b0f0dcd05976/context &amp#27;[39m&amp#27;[32m200&amp#27;[39m &amp#27;[90m1 ms - 22&amp#27;[39m
&amp#27;[38;5;0m[HTTP]&amp#27;[0m &amp#27;[90m&amp#27;[39m
&amp#27;[38;5;0m[HTTP]&amp#27;[0m &amp#27;[37m-->&amp#27;[39m &amp#27;[37mPOST&amp#27;[39m &amp#27;[37m/session/47571b8e-6191-4ef5-a875-b0f0dcd05976/element&amp#27;[39m
&amp#27;[38;5;0m[HTTP]&amp#27;[0m &amp#27;[90m{"using":"xpath","value":"//android.view.ViewGroup[@content-desc='counter amount']/android.widget.TextView"}&amp#27;[39m
&amp#27;[38;5;32m[AndroidUiautomator2Driver@dabd (47571b8e)]&amp#27;[0m Calling AppiumDriver.findElement() with args: ["xpath","//android.view.ViewGroup[@content-desc='counter amount']/android.widget.TextView","47571b8e-6191-4ef5-a875-b0f0dcd05976"]
&amp#27;[38;5;32m[AndroidUiautomator2Driver@dabd (47571b8e)]&amp#27;[0m Valid locator strategies for this request: xpath, id, class name, accessibility id, css selector, -android uiautomator
&amp#27;[38;5;32m[AndroidUiautomator2Driver@dabd (47571b8e)]&amp#27;[0m Waiting up to 10000 ms for condition
&amp#27;[38;5;32m[AndroidUiautomator2Driver@dabd (47571b8e)]&amp#27;[0m Matched '/element' to command name 'findElement'
&amp#27;[38;5;32m[AndroidUiautomator2Driver@dabd (47571b8e)]&amp#27;[0m Proxying [POST /element] to [POST http://127.0.0.1:8201/session/e99dcc09-a0f0-48bb-8a0b-d829d4323b82/element] with body: {"strategy":"xpath","selector":"//android.view.ViewGroup[@content-desc='counter amount']/android.widget.TextView","context":"","multiple":false}
&amp#27;[38;5;32m[AndroidUiautomator2Driver@dabd (47571b8e)]&amp#27;[0m Got response with status 200: {"sessionId":"e99dcc09-a0f0-48bb-8a0b-d829d4323b82","value":{"ELEMENT":"00000000-0000-0594-ffff-ffff000003a7","element-6066-11e4-a52e-4f735466cecf":"00000000-0000-0594-ffff-ffff000003a7"}}
&amp#27;[38;5;32m[AndroidUiautomator2Driver@dabd (47571b8e)]&amp#27;[0m Responding to client with driver.findElement() result: {"element-6066-11e4-a52e-4f735466cecf":"00000000-0000-0594-ffff-ffff000003a7","ELEMENT":"00000000-0000-0594-ffff-ffff000003a7"}
&amp#27;[38;5;0m[HTTP]&amp#27;[0m &amp#27;[37m<-- POST /session/47571b8e-6191-4ef5-a875-b0f0dcd05976/element &amp#27;[39m&amp#27;[32m200&amp#27;[39m &amp#27;[90m425 ms - 137&amp#27;[39m
&amp#27;[38;5;0m[HTTP]&amp#27;[0m &amp#27;[90m&amp#27;[39m
&amp#27;[38;5;0m[HTTP]&amp#27;[0m &amp#27;[37m-->&amp#27;[39m &amp#27;[37mGET&amp#27;[39m &amp#27;[37m/session/47571b8e-6191-4ef5-a875-b0f0dcd05976/element/00000000-0000-0594-ffff-ffff000003a7/text&amp#27;[39m
&amp#27;[38;5;0m[HTTP]&amp#27;[0m &amp#27;[90m{}&amp#27;[39m
&amp#27;[38;5;32m[AndroidUiautomator2Driver@dabd (47571b8e)]&amp#27;[0m Driver proxy active, passing request on via HTTP proxy
&amp#27;[38;5;32m[AndroidUiautomator2Driver@dabd (47571b8e)]&amp#27;[0m Matched '/session/47571b8e-6191-4ef5-a875-b0f0dcd05976/element/00000000-0000-0594-ffff-ffff000003a7/text' to command name 'getText'
&amp#27;[38;5;32m[AndroidUiautomator2Driver@dabd (47571b8e)]&amp#27;[0m Proxying [GET /session/47571b8e-6191-4ef5-a875-b0f0dcd05976/element/00000000-0000-0594-ffff-ffff000003a7/text] to [GET http://127.0.0.1:8201/session/e99dcc09-a0f0-48bb-8a0b-d829d4323b82/element/00000000-0000-0594-ffff-ffff000003a7/text] with no body
&amp#27;[38;5;32m[AndroidUiautomator2Driver@dabd (47571b8e)]&amp#27;[0m Got response with status 200: {"sessionId":"e99dcc09-a0f0-48bb-8a0b-d829d4323b82","value":"2"}
&amp#27;[38;5;32m[AndroidUiautomator2Driver@dabd (47571b8e)]&amp#27;[0m Replacing sessionId e99dcc09-a0f0-48bb-8a0b-d829d4323b82 with 47571b8e-6191-4ef5-a875-b0f0dcd05976
&amp#27;[38;5;0m[HTTP]&amp#27;[0m &amp#27;[37m<-- GET /session/47571b8e-6191-4ef5-a875-b0f0dcd05976/element/00000000-0000-0594-ffff-ffff000003a7/text &amp#27;[39m&amp#27;[32m200&amp#27;[39m &amp#27;[90m142 ms - 64&amp#27;[39m
&amp#27;[38;5;0m[HTTP]&amp#27;[0m &amp#27;[90m&amp#27;[39m
&amp#27;[38;5;0m[HTTP]&amp#27;[0m &amp#27;[37m-->&amp#27;[39m &amp#27;[37mGET&amp#27;[39m &amp#27;[37m/session/47571b8e-6191-4ef5-a875-b0f0dcd05976/context&amp#27;[39m
&amp#27;[38;5;0m[HTTP]&amp#27;[0m &amp#27;[90m{}&amp#27;[39m
&amp#27;[38;5;32m[AndroidUiautomator2Driver@dabd (47571b8e)]&amp#27;[0m Calling AppiumDriver.getCurrentContext() with args: ["47571b8e-6191-4ef5-a875-b0f0dcd05976"]
&amp#27;[38;5;32m[AndroidUiautomator2Driver@dabd (47571b8e)]&amp#27;[0m Responding to client with driver.getCurrentContext() result: "NATIVE_APP"
&amp#27;[38;5;0m[HTTP]&amp#27;[0m &amp#27;[37m<-- GET /session/47571b8e-6191-4ef5-a875-b0f0dcd05976/context &amp#27;[39m&amp#27;[32m200&amp#27;[39m &amp#27;[90m1 ms - 22&amp#27;[39m
&amp#27;[38;5;0m[HTTP]&amp#27;[0m &amp#27;[90m&amp#27;[39m
&amp#27;[38;5;0m[HTTP]&amp#27;[0m &amp#27;[37m-->&amp#27;[39m &amp#27;[37mPOST&amp#27;[39m &amp#27;[37m/session/47571b8e-6191-4ef5-a875-b0f0dcd05976/element&amp#27;[39m
&amp#27;[38;5;0m[HTTP]&amp#27;[0m &amp#27;[90m{"using":"accessibility id","value":"black circle"}&amp#27;[39m
&amp#27;[38;5;32m[AndroidUiautomator2Driver@dabd (47571b8e)]&amp#27;[0m Calling AppiumDriver.findElement() with args: ["accessibility id","black circle","47571b8e-6191-4ef5-a875-b0f0dcd05976"]
&amp#27;[38;5;32m[AndroidUiautomator2Driver@dabd (47571b8e)]&amp#27;[0m Valid locator strategies for this request: xpath, id, class name, accessibility id, css selector, -android uiautomator
&amp#27;[38;5;32m[AndroidUiautomator2Driver@dabd (47571b8e)]&amp#27;[0m Waiting up to 10000 ms for condition
&amp#27;[38;5;32m[AndroidUiautomator2Driver@dabd (47571b8e)]&amp#27;[0m Matched '/element' to command name 'findElement'
&amp#27;[38;5;32m[AndroidUiautomator2Driver@dabd (47571b8e)]&amp#27;[0m Proxying [POST /element] to [POST http://127.0.0.1:8201/session/e99dcc09-a0f0-48bb-8a0b-d829d4323b82/element] with body: {"strategy":"accessibility id","selector":"black circle","context":"","multiple":false}
&amp#27;[38;5;32m[AndroidUiautomator2Driver@dabd (47571b8e)]&amp#27;[0m Got response with status 200: {"sessionId":"e99dcc09-a0f0-48bb-8a0b-d829d4323b82","value":{"ELEMENT":"00000000-0000-0594-ffff-ffff0000039e","element-6066-11e4-a52e-4f735466cecf":"00000000-0000-0594-ffff-ffff0000039e"}}
&amp#27;[38;5;32m[AndroidUiautomator2Driver@dabd (47571b8e)]&amp#27;[0m Responding to client with driver.findElement() result: {"element-6066-11e4-a52e-4f735466cecf":"00000000-0000-0594-ffff-ffff0000039e","ELEMENT":"00000000-0000-0594-ffff-ffff0000039e"}
&amp#27;[38;5;0m[HTTP]&amp#27;[0m &amp#27;[37m<-- POST /session/47571b8e-6191-4ef5-a875-b0f0dcd05976/element &amp#27;[39m&amp#27;[32m200&amp#27;[39m &amp#27;[90m182 ms - 137&amp#27;[39m
&amp#27;[38;5;0m[HTTP]&amp#27;[0m &amp#27;[90m&amp#27;[39m
&amp#27;[38;5;0m[HTTP]&amp#27;[0m &amp#27;[37m-->&amp#27;[39m &amp#27;[37mPOST&amp#27;[39m &amp#27;[37m/session/47571b8e-6191-4ef5-a875-b0f0dcd05976/element/00000000-0000-0594-ffff-ffff0000039e/click&amp#27;[39m
&amp#27;[38;5;0m[HTTP]&amp#27;[0m &amp#27;[90m{"id":"00000000-0000-0594-ffff-ffff0000039e"}&amp#27;[39m
&amp#27;[38;5;32m[AndroidUiautomator2Driver@dabd (47571b8e)]&amp#27;[0m Calling AppiumDriver.click() with args: ["00000000-0000-0594-ffff-ffff0000039e","47571b8e-6191-4ef5-a875-b0f0dcd05976"]
&amp#27;[38;5;32m[AndroidUiautomator2Driver@dabd (47571b8e)]&amp#27;[0m Matched '/element/00000000-0000-0594-ffff-ffff0000039e/click' to command name 'click'
&amp#27;[38;5;32m[AndroidUiautomator2Driver@dabd (47571b8e)]&amp#27;[0m Proxying [POST /element/00000000-0000-0594-ffff-ffff0000039e/click] to [POST http://127.0.0.1:8201/session/e99dcc09-a0f0-48bb-8a0b-d829d4323b82/element/00000000-0000-0594-ffff-ffff0000039e/click] with body: {"element":"00000000-0000-0594-ffff-ffff0000039e"}
&amp#27;[38;5;32m[AndroidUiautomator2Driver@dabd (47571b8e)]&amp#27;[0m Got response with status 200: {"sessionId":"e99dcc09-a0f0-48bb-8a0b-d829d4323b82","value":null}
&amp#27;[38;5;32m[AndroidUiautomator2Driver@dabd (47571b8e)]&amp#27;[0m Responding to client with driver.click() result: null
&amp#27;[38;5;0m[HTTP]&amp#27;[0m &amp#27;[37m<-- POST /session/47571b8e-6191-4ef5-a875-b0f0dcd05976/element/00000000-0000-0594-ffff-ffff0000039e/click &amp#27;[39m&amp#27;[32m200&amp#27;[39m &amp#27;[90m59 ms - 14&amp#27;[39m
&amp#27;[38;5;0m[HTTP]&amp#27;[0m &amp#27;[90m&amp#27;[39m
&amp#27;[38;5;0m[HTTP]&amp#27;[0m &amp#27;[37m-->&amp#27;[39m &amp#27;[37mGET&amp#27;[39m &amp#27;[37m/session/47571b8e-6191-4ef5-a875-b0f0dcd05976/context&amp#27;[39m
&amp#27;[38;5;0m[HTTP]&amp#27;[0m &amp#27;[90m{}&amp#27;[39m
&amp#27;[38;5;32m[AndroidUiautomator2Driver@dabd (47571b8e)]&amp#27;[0m Calling AppiumDriver.getCurrentContext() with args: ["47571b8e-6191-4ef5-a875-b0f0dcd05976"]
&amp#27;[38;5;32m[AndroidUiautomator2Driver@dabd (47571b8e)]&amp#27;[0m Responding to client with driver.getCurrentContext() result: "NATIVE_APP"
&amp#27;[38;5;0m[HTTP]&amp#27;[0m &amp#27;[37m<-- GET /session/47571b8e-6191-4ef5-a875-b0f0dcd05976/context &amp#27;[39m&amp#27;[32m200&amp#27;[39m &amp#27;[90m1 ms - 22&amp#27;[39m
&amp#27;[38;5;0m[HTTP]&amp#27;[0m &amp#27;[90m&amp#27;[39m
&amp#27;[38;5;0m[HTTP]&amp#27;[0m &amp#27;[37m-->&amp#27;[39m &amp#27;[37mPOST&amp#27;[39m &amp#27;[37m/session/47571b8e-6191-4ef5-a875-b0f0dcd05976/element&amp#27;[39m
&amp#27;[38;5;0m[HTTP]&amp#27;[0m &amp#27;[90m{"using":"accessibility id","value":"Add To Cart button"}&amp#27;[39m
&amp#27;[38;5;32m[AndroidUiautomator2Driver@dabd (47571b8e)]&amp#27;[0m Calling AppiumDriver.findElement() with args: ["accessibility id","Add To Cart button","47571b8e-6191-4ef5-a875-b0f0dcd05976"]
&amp#27;[38;5;32m[AndroidUiautomator2Driver@dabd (47571b8e)]&amp#27;[0m Valid locator strategies for this request: xpath, id, class name, accessibility id, css selector, -android uiautomator
&amp#27;[38;5;32m[AndroidUiautomator2Driver@dabd (47571b8e)]&amp#27;[0m Waiting up to 10000 ms for condition
&amp#27;[38;5;32m[AndroidUiautomator2Driver@dabd (47571b8e)]&amp#27;[0m Matched '/element' to command name 'findElement'
&amp#27;[38;5;32m[AndroidUiautomator2Driver@dabd (47571b8e)]&amp#27;[0m Proxying [POST /element] to [POST http://127.0.0.1:8201/session/e99dcc09-a0f0-48bb-8a0b-d829d4323b82/element] with body: {"strategy":"accessibility id","selector":"Add To Cart button","context":"","multiple":false}
&amp#27;[38;5;32m[AndroidUiautomator2Driver@dabd (47571b8e)]&amp#27;[0m Got response with status 200: {"sessionId":"e99dcc09-a0f0-48bb-8a0b-d829d4323b82","value":{"ELEMENT":"00000000-0000-0594-ffff-ffff000003aa","element-6066-11e4-a52e-4f735466cecf":"00000000-0000-0594-ffff-ffff000003aa"}}
&amp#27;[38;5;32m[AndroidUiautomator2Driver@dabd (47571b8e)]&amp#27;[0m Responding to client with driver.findElement() result: {"element-6066-11e4-a52e-4f735466cecf":"00000000-0000-0594-ffff-ffff000003aa","ELEMENT":"00000000-0000-0594-ffff-ffff000003aa"}
&amp#27;[38;5;0m[HTTP]&amp#27;[0m &amp#27;[37m<-- POST /session/47571b8e-6191-4ef5-a875-b0f0dcd05976/element &amp#27;[39m&amp#27;[32m200&amp#27;[39m &amp#27;[90m155 ms - 137&amp#27;[39m
&amp#27;[38;5;0m[HTTP]&amp#27;[0m &amp#27;[90m&amp#27;[39m
&amp#27;[38;5;0m[HTTP]&amp#27;[0m &amp#27;[37m-->&amp#27;[39m &amp#27;[37mPOST&amp#27;[39m &amp#27;[37m/session/47571b8e-6191-4ef5-a875-b0f0dcd05976/element/00000000-0000-0594-ffff-ffff000003aa/click&amp#27;[39m
&amp#27;[38;5;0m[HTTP]&amp#27;[0m &amp#27;[90m{"id":"00000000-0000-0594-ffff-ffff000003aa"}&amp#27;[39m
&amp#27;[38;5;32m[AndroidUiautomator2Driver@dabd (47571b8e)]&amp#27;[0m Calling AppiumDriver.click() with args: ["00000000-0000-0594-ffff-ffff000003aa","47571b8e-6191-4ef5-a875-b0f0dcd05976"]
&amp#27;[38;5;32m[AndroidUiautomator2Driver@dabd (47571b8e)]&amp#27;[0m Matched '/element/00000000-0000-0594-ffff-ffff000003aa/click' to command name 'click'
&amp#27;[38;5;32m[AndroidUiautomator2Driver@dabd (47571b8e)]&amp#27;[0m Proxying [POST /element/00000000-0000-0594-ffff-ffff000003aa/click] to [POST http://127.0.0.1:8201/session/e99dcc09-a0f0-48bb-8a0b-d829d4323b82/element/00000000-0000-0594-ffff-ffff000003aa/click] with body: {"element":"00000000-0000-0594-ffff-ffff000003aa"}
&amp#27;[38;5;32m[AndroidUiautomator2Driver@dabd (47571b8e)]&amp#27;[0m Got response with status 200: {"sessionId":"e99dcc09-a0f0-48bb-8a0b-d829d4323b82","value":null}
&amp#27;[38;5;32m[AndroidUiautomator2Driver@dabd (47571b8e)]&amp#27;[0m Responding to client with driver.click() result: null
&amp#27;[38;5;0m[HTTP]&amp#27;[0m &amp#27;[37m<-- POST /session/47571b8e-6191-4ef5-a875-b0f0dcd05976/element/00000000-0000-0594-ffff-ffff000003aa/click &amp#27;[39m&amp#27;[32m200&amp#27;[39m &amp#27;[90m52 ms - 14&amp#27;[39m
&amp#27;[38;5;0m[HTTP]&amp#27;[0m &amp#27;[90m&amp#27;[39m
&amp#27;[38;5;0m[HTTP]&amp#27;[0m &amp#27;[37m-->&amp#27;[39m &amp#27;[37mGET&amp#27;[39m &amp#27;[37m/session/47571b8e-6191-4ef5-a875-b0f0dcd05976/context&amp#27;[39m
&amp#27;[38;5;0m[HTTP]&amp#27;[0m &amp#27;[90m{}&amp#27;[39m
&amp#27;[38;5;32m[AndroidUiautomator2Driver@dabd (47571b8e)]&amp#27;[0m Calling AppiumDriver.getCurrentContext() with args: ["47571b8e-6191-4ef5-a875-b0f0dcd05976"]
&amp#27;[38;5;32m[AndroidUiautomator2Driver@dabd (47571b8e)]&amp#27;[0m Responding to client with driver.getCurrentContext() result: "NATIVE_APP"
&amp#27;[38;5;0m[HTTP]&amp#27;[0m &amp#27;[37m<-- GET /session/47571b8e-6191-4ef5-a875-b0f0dcd05976/context &amp#27;[39m&amp#27;[32m200&amp#27;[39m &amp#27;[90m1 ms - 22&amp#27;[39m
&amp#27;[38;5;0m[HTTP]&amp#27;[0m &amp#27;[90m&amp#27;[39m
&amp#27;[38;5;0m[HTTP]&amp#27;[0m &amp#27;[37m-->&amp#27;[39m &amp#27;[37mPOST&amp#27;[39m &amp#27;[37m/session/47571b8e-6191-4ef5-a875-b0f0dcd05976/element&amp#27;[39m
&amp#27;[38;5;0m[HTTP]&amp#27;[0m &amp#27;[90m{"using":"xpath","value":"//android.view.ViewGroup[@content-desc='cart badge']/android.widget.TextView"}&amp#27;[39m
&amp#27;[38;5;32m[AndroidUiautomator2Driver@dabd (47571b8e)]&amp#27;[0m Calling AppiumDriver.findElement() with args: ["xpath","//android.view.ViewGroup[@content-desc='cart badge']/android.widget.TextView","47571b8e-6191-4ef5-a875-b0f0dcd05976"]
&amp#27;[38;5;32m[AndroidUiautomator2Driver@dabd (47571b8e)]&amp#27;[0m Valid locator strategies for this request: xpath, id, class name, accessibility id, css selector, -android uiautomator
&amp#27;[38;5;32m[AndroidUiautomator2Driver@dabd (47571b8e)]&amp#27;[0m Waiting up to 10000 ms for condition
&amp#27;[38;5;32m[AndroidUiautomator2Driver@dabd (47571b8e)]&amp#27;[0m Matched '/element' to command name 'findElement'
&amp#27;[38;5;32m[AndroidUiautomator2Driver@dabd (47571b8e)]&amp#27;[0m Proxying [POST /element] to [POST http://127.0.0.1:8201/session/e99dcc09-a0f0-48bb-8a0b-d829d4323b82/element] with body: {"strategy":"xpath","selector":"//android.view.ViewGroup[@content-desc='cart badge']/android.widget.TextView","context":"","multiple":false}
&amp#27;[38;5;32m[AndroidUiautomator2Driver@dabd (47571b8e)]&amp#27;[0m Got response with status 200: {"sessionId":"e99dcc09-a0f0-48bb-8a0b-d829d4323b82","value":{"ELEMENT":"00000000-0000-0594-ffff-ffff000003b6","element-6066-11e4-a52e-4f735466cecf":"00000000-0000-0594-ffff-ffff000003b6"}}
&amp#27;[38;5;32m[AndroidUiautomator2Driver@dabd (47571b8e)]&amp#27;[0m Responding to client with driver.findElement() result: {"element-6066-11e4-a52e-4f735466cecf":"00000000-0000-0594-ffff-ffff000003b6","ELEMENT":"00000000-0000-0594-ffff-ffff000003b6"}
&amp#27;[38;5;0m[HTTP]&amp#27;[0m &amp#27;[37m<-- POST /session/47571b8e-6191-4ef5-a875-b0f0dcd05976/element &amp#27;[39m&amp#27;[32m200&amp#27;[39m &amp#27;[90m188 ms - 137&amp#27;[39m
&amp#27;[38;5;0m[HTTP]&amp#27;[0m &amp#27;[90m&amp#27;[39m
&amp#27;[38;5;0m[HTTP]&amp#27;[0m &amp#27;[37m-->&amp#27;[39m &amp#27;[37mGET&amp#27;[39m &amp#27;[37m/session/47571b8e-6191-4ef5-a875-b0f0dcd05976/element/00000000-0000-0594-ffff-ffff000003b6/displayed&amp#27;[39m
&amp#27;[38;5;0m[HTTP]&amp#27;[0m &amp#27;[90m{}&amp#27;[39m
&amp#27;[38;5;32m[AndroidUiautomator2Driver@dabd (47571b8e)]&amp#27;[0m Calling AppiumDriver.elementDisplayed() with args: ["00000000-0000-0594-ffff-ffff000003b6","47571b8e-6191-4ef5-a875-b0f0dcd05976"]
&amp#27;[38;5;32m[AndroidUiautomator2Driver@dabd (47571b8e)]&amp#27;[0m Matched '/element/00000000-0000-0594-ffff-ffff000003b6/attribute/displayed' to command name 'getAttribute'
&amp#27;[38;5;32m[AndroidUiautomator2Driver@dabd (47571b8e)]&amp#27;[0m Proxying [GET /element/00000000-0000-0594-ffff-ffff000003b6/attribute/displayed] to [GET http://127.0.0.1:8201/session/e99dcc09-a0f0-48bb-8a0b-d829d4323b82/element/00000000-0000-0594-ffff-ffff000003b6/attribute/displayed] with no body
&amp#27;[38;5;32m[AndroidUiautomator2Driver@dabd (47571b8e)]&amp#27;[0m Got response with status 200: {"sessionId":"e99dcc09-a0f0-48bb-8a0b-d829d4323b82","value":"true"}
&amp#27;[38;5;32m[AndroidUiautomator2Driver@dabd (47571b8e)]&amp#27;[0m Responding to client with driver.elementDisplayed() result: true
&amp#27;[38;5;0m[HTTP]&amp#27;[0m &amp#27;[37m<-- GET /session/47571b8e-6191-4ef5-a875-b0f0dcd05976/element/00000000-0000-0594-ffff-ffff000003b6/displayed &amp#27;[39m&amp#27;[32m200&amp#27;[39m &amp#27;[90m482 ms - 14&amp#27;[39m
&amp#27;[38;5;0m[HTTP]&amp#27;[0m &amp#27;[90m&amp#27;[39m
&amp#27;[38;5;0m[HTTP]&amp#27;[0m &amp#27;[37m-->&amp#27;[39m &amp#27;[37mGET&amp#27;[39m &amp#27;[37m/session/47571b8e-6191-4ef5-a875-b0f0dcd05976/context&amp#27;[39m
&amp#27;[38;5;0m[HTTP]&amp#27;[0m &amp#27;[90m{}&amp#27;[39m
&amp#27;[38;5;32m[AndroidUiautomator2Driver@dabd (47571b8e)]&amp#27;[0m Calling AppiumDriver.getCurrentContext() with args: ["47571b8e-6191-4ef5-a875-b0f0dcd05976"]
&amp#27;[38;5;32m[AndroidUiautomator2Driver@dabd (47571b8e)]&amp#27;[0m Responding to client with driver.getCurrentContext() result: "NATIVE_APP"
&amp#27;[38;5;0m[HTTP]&amp#27;[0m &amp#27;[37m<-- GET /session/47571b8e-6191-4ef5-a875-b0f0dcd05976/context &amp#27;[39m&amp#27;[32m200&amp#27;[39m &amp#27;[90m1 ms - 22&amp#27;[39m
&amp#27;[38;5;0m[HTTP]&amp#27;[0m &amp#27;[90m&amp#27;[39m
&amp#27;[38;5;0m[HTTP]&amp#27;[0m &amp#27;[37m-->&amp#27;[39m &amp#27;[37mPOST&amp#27;[39m &amp#27;[37m/session/47571b8e-6191-4ef5-a875-b0f0dcd05976/element&amp#27;[39m
&amp#27;[38;5;0m[HTTP]&amp#27;[0m &amp#27;[90m{"using":"xpath","value":"//android.view.ViewGroup[@content-desc='cart badge']/android.widget.TextView"}&amp#27;[39m
&amp#27;[38;5;32m[AndroidUiautomator2Driver@dabd (47571b8e)]&amp#27;[0m Calling AppiumDriver.findElement() with args: ["xpath","//android.view.ViewGroup[@content-desc='cart badge']/android.widget.TextView","47571b8e-6191-4ef5-a875-b0f0dcd05976"]
&amp#27;[38;5;32m[AndroidUiautomator2Driver@dabd (47571b8e)]&amp#27;[0m Valid locator strategies for this request: xpath, id, class name, accessibility id, css selector, -android uiautomator
&amp#27;[38;5;32m[AndroidUiautomator2Driver@dabd (47571b8e)]&amp#27;[0m Waiting up to 10000 ms for condition
&amp#27;[38;5;32m[AndroidUiautomator2Driver@dabd (47571b8e)]&amp#27;[0m Matched '/element' to command name 'findElement'
&amp#27;[38;5;32m[AndroidUiautomator2Driver@dabd (47571b8e)]&amp#27;[0m Proxying [POST /element] to [POST http://127.0.0.1:8201/session/e99dcc09-a0f0-48bb-8a0b-d829d4323b82/element] with body: {"strategy":"xpath","selector":"//android.view.ViewGroup[@content-desc='cart badge']/android.widget.TextView","context":"","multiple":false}
&amp#27;[38;5;32m[AndroidUiautomator2Driver@dabd (47571b8e)]&amp#27;[0m Got response with status 200: {"sessionId":"e99dcc09-a0f0-48bb-8a0b-d829d4323b82","value":{"ELEMENT":"00000000-0000-0594-ffff-ffff000003b6","element-6066-11e4-a52e-4f735466cecf":"00000000-0000-0594-ffff-ffff000003b6"}}
&amp#27;[38;5;32m[AndroidUiautomator2Driver@dabd (47571b8e)]&amp#27;[0m Responding to client with driver.findElement() result: {"element-6066-11e4-a52e-4f735466cecf":"00000000-0000-0594-ffff-ffff000003b6","ELEMENT":"00000000-0000-0594-ffff-ffff000003b6"}
&amp#27;[38;5;0m[HTTP]&amp#27;[0m &amp#27;[37m<-- POST /session/47571b8e-6191-4ef5-a875-b0f0dcd05976/element &amp#27;[39m&amp#27;[32m200&amp#27;[39m &amp#27;[90m335 ms - 137&amp#27;[39m
&amp#27;[38;5;0m[HTTP]&amp#27;[0m &amp#27;[90m&amp#27;[39m
&amp#27;[38;5;0m[HTTP]&amp#27;[0m &amp#27;[37m-->&amp#27;[39m &amp#27;[37mGET&amp#27;[39m &amp#27;[37m/session/47571b8e-6191-4ef5-a875-b0f0dcd05976/element/00000000-0000-0594-ffff-ffff000003b6/text&amp#27;[39m
&amp#27;[38;5;0m[HTTP]&amp#27;[0m &amp#27;[90m{}&amp#27;[39m
&amp#27;[38;5;32m[AndroidUiautomator2Driver@dabd (47571b8e)]&amp#27;[0m Driver proxy active, passing request on via HTTP proxy
&amp#27;[38;5;32m[AndroidUiautomator2Driver@dabd (47571b8e)]&amp#27;[0m Matched '/session/47571b8e-6191-4ef5-a875-b0f0dcd05976/element/00000000-0000-0594-ffff-ffff000003b6/text' to command name 'getText'
&amp#27;[38;5;32m[AndroidUiautomator2Driver@dabd (47571b8e)]&amp#27;[0m Proxying [GET /session/47571b8e-6191-4ef5-a875-b0f0dcd05976/element/00000000-0000-0594-ffff-ffff000003b6/text] to [GET http://127.0.0.1:8201/session/e99dcc09-a0f0-48bb-8a0b-d829d4323b82/element/00000000-0000-0594-ffff-ffff000003b6/text] with no body
&amp#27;[38;5;32m[AndroidUiautomator2Driver@dabd (47571b8e)]&amp#27;[0m Got response with status 200: {"sessionId":"e99dcc09-a0f0-48bb-8a0b-d829d4323b82","value":"4"}
&amp#27;[38;5;32m[AndroidUiautomator2Driver@dabd (47571b8e)]&amp#27;[0m Replacing sessionId e99dcc09-a0f0-48bb-8a0b-d829d4323b82 with 47571b8e-6191-4ef5-a875-b0f0dcd05976
&amp#27;[38;5;0m[HTTP]&amp#27;[0m &amp#27;[37m<-- GET /session/47571b8e-6191-4ef5-a875-b0f0dcd05976/element/00000000-0000-0594-ffff-ffff000003b6/text &amp#27;[39m&amp#27;[32m200&amp#27;[39m &amp#27;[90m18 ms - 64&amp#27;[39m
&amp#27;[38;5;0m[HTTP]&amp#27;[0m &amp#27;[90m&amp#27;[39m
&amp#27;[38;5;0m[HTTP]&amp#27;[0m &amp#27;[37m-->&amp#27;[39m &amp#27;[37mGET&amp#27;[39m &amp#27;[37m/session/47571b8e-6191-4ef5-a875-b0f0dcd05976/context&amp#27;[39m
&amp#27;[38;5;0m[HTTP]&amp#27;[0m &amp#27;[90m{}&amp#27;[39m
&amp#27;[38;5;32m[AndroidUiautomator2Driver@dabd (47571b8e)]&amp#27;[0m Calling AppiumDriver.getCurrentContext() with args: ["47571b8e-6191-4ef5-a875-b0f0dcd05976"]
&amp#27;[38;5;32m[AndroidUiautomator2Driver@dabd (47571b8e)]&amp#27;[0m Responding to client with driver.getCurrentContext() result: "NATIVE_APP"
&amp#27;[38;5;0m[HTTP]&amp#27;[0m &amp#27;[37m<-- GET /session/47571b8e-6191-4ef5-a875-b0f0dcd05976/context &amp#27;[39m&amp#27;[32m200&amp#27;[39m &amp#27;[90m1 ms - 22&amp#27;[39m
&amp#27;[38;5;0m[HTTP]&amp#27;[0m &amp#27;[90m&amp#27;[39m
&amp#27;[38;5;0m[HTTP]&amp#27;[0m &amp#27;[37m-->&amp#27;[39m &amp#27;[37mPOST&amp#27;[39m &amp#27;[37m/session/47571b8e-6191-4ef5-a875-b0f0dcd05976/element&amp#27;[39m
&amp#27;[38;5;0m[HTTP]&amp#27;[0m &amp#27;[90m{"using":"accessibility id","value":"cart badge"}&amp#27;[39m
&amp#27;[38;5;32m[AndroidUiautomator2Driver@dabd (47571b8e)]&amp#27;[0m Calling AppiumDriver.findElement() with args: ["accessibility id","cart badge","47571b8e-6191-4ef5-a875-b0f0dcd05976"]
&amp#27;[38;5;32m[AndroidUiautomator2Driver@dabd (47571b8e)]&amp#27;[0m Valid locator strategies for this request: xpath, id, class name, accessibility id, css selector, -android uiautomator
&amp#27;[38;5;32m[AndroidUiautomator2Driver@dabd (47571b8e)]&amp#27;[0m Waiting up to 10000 ms for condition
&amp#27;[38;5;32m[AndroidUiautomator2Driver@dabd (47571b8e)]&amp#27;[0m Matched '/element' to command name 'findElement'
&amp#27;[38;5;32m[AndroidUiautomator2Driver@dabd (47571b8e)]&amp#27;[0m Proxying [POST /element] to [POST http://127.0.0.1:8201/session/e99dcc09-a0f0-48bb-8a0b-d829d4323b82/element] with body: {"strategy":"accessibility id","selector":"cart badge","context":"","multiple":false}
&amp#27;[38;5;32m[AndroidUiautomator2Driver@dabd (47571b8e)]&amp#27;[0m Got response with status 200: {"sessionId":"e99dcc09-a0f0-48bb-8a0b-d829d4323b82","value":{"ELEMENT":"00000000-0000-0594-ffff-ffff000003b5","element-6066-11e4-a52e-4f735466cecf":"00000000-0000-0594-ffff-ffff000003b5"}}
&amp#27;[38;5;32m[AndroidUiautomator2Driver@dabd (47571b8e)]&amp#27;[0m Responding to client with driver.findElement() result: {"element-6066-11e4-a52e-4f735466cecf":"00000000-0000-0594-ffff-ffff000003b5","ELEMENT":"00000000-0000-0594-ffff-ffff000003b5"}
&amp#27;[38;5;0m[HTTP]&amp#27;[0m &amp#27;[37m<-- POST /session/47571b8e-6191-4ef5-a875-b0f0dcd05976/element &amp#27;[39m&amp#27;[32m200&amp#27;[39m &amp#27;[90m80 ms - 137&amp#27;[39m
&amp#27;[38;5;0m[HTTP]&amp#27;[0m &amp#27;[90m&amp#27;[39m
&amp#27;[38;5;0m[HTTP]&amp#27;[0m &amp#27;[37m-->&amp#27;[39m &amp#27;[37mPOST&amp#27;[39m &amp#27;[37m/session/47571b8e-6191-4ef5-a875-b0f0dcd05976/element/00000000-0000-0594-ffff-ffff000003b5/click&amp#27;[39m
&amp#27;[38;5;0m[HTTP]&amp#27;[0m &amp#27;[90m{"id":"00000000-0000-0594-ffff-ffff000003b5"}&amp#27;[39m
&amp#27;[38;5;32m[AndroidUiautomator2Driver@dabd (47571b8e)]&amp#27;[0m Calling AppiumDriver.click() with args: ["00000000-0000-0594-ffff-ffff000003b5","47571b8e-6191-4ef5-a875-b0f0dcd05976"]
&amp#27;[38;5;32m[AndroidUiautomator2Driver@dabd (47571b8e)]&amp#27;[0m Matched '/element/00000000-0000-0594-ffff-ffff000003b5/click' to command name 'click'
&amp#27;[38;5;32m[AndroidUiautomator2Driver@dabd (47571b8e)]&amp#27;[0m Proxying [POST /element/00000000-0000-0594-ffff-ffff000003b5/click] to [POST http://127.0.0.1:8201/session/e99dcc09-a0f0-48bb-8a0b-d829d4323b82/element/00000000-0000-0594-ffff-ffff000003b5/click] with body: {"element":"00000000-0000-0594-ffff-ffff000003b5"}
&amp#27;[38;5;32m[AndroidUiautomator2Driver@dabd (47571b8e)]&amp#27;[0m Got response with status 200: {"sessionId":"e99dcc09-a0f0-48bb-8a0b-d829d4323b82","value":null}
&amp#27;[38;5;32m[AndroidUiautomator2Driver@dabd (47571b8e)]&amp#27;[0m Responding to client with driver.click() result: null
&amp#27;[38;5;0m[HTTP]&amp#27;[0m &amp#27;[37m<-- POST /session/47571b8e-6191-4ef5-a875-b0f0dcd05976/element/00000000-0000-0594-ffff-ffff000003b5/click &amp#27;[39m&amp#27;[32m200&amp#27;[39m &amp#27;[90m83 ms - 14&amp#27;[39m
&amp#27;[38;5;0m[HTTP]&amp#27;[0m &amp#27;[90m&amp#27;[39m
&amp#27;[38;5;0m[HTTP]&amp#27;[0m &amp#27;[37m-->&amp#27;[39m &amp#27;[37mGET&amp#27;[39m &amp#27;[37m/session/47571b8e-6191-4ef5-a875-b0f0dcd05976/context&amp#27;[39m
&amp#27;[38;5;0m[HTTP]&amp#27;[0m &amp#27;[90m{}&amp#27;[39m
&amp#27;[38;5;32m[AndroidUiautomator2Driver@dabd (47571b8e)]&amp#27;[0m Calling AppiumDriver.getCurrentContext() with args: ["47571b8e-6191-4ef5-a875-b0f0dcd05976"]
&amp#27;[38;5;32m[AndroidUiautomator2Driver@dabd (47571b8e)]&amp#27;[0m Responding to client with driver.getCurrentContext() result: "NATIVE_APP"
&amp#27;[38;5;0m[HTTP]&amp#27;[0m &amp#27;[37m<-- GET /session/47571b8e-6191-4ef5-a875-b0f0dcd05976/context &amp#27;[39m&amp#27;[32m200&amp#27;[39m &amp#27;[90m1 ms - 22&amp#27;[39m
&amp#27;[38;5;0m[HTTP]&amp#27;[0m &amp#27;[90m&amp#27;[39m
&amp#27;[38;5;0m[HTTP]&amp#27;[0m &amp#27;[37m-->&amp#27;[39m &amp#27;[37mPOST&amp#27;[39m &amp#27;[37m/session/47571b8e-6191-4ef5-a875-b0f0dcd05976/element&amp#27;[39m
&amp#27;[38;5;0m[HTTP]&amp#27;[0m &amp#27;[90m{"using":"accessibility id","value":"total price"}&amp#27;[39m
&amp#27;[38;5;32m[AndroidUiautomator2Driver@dabd (47571b8e)]&amp#27;[0m Calling AppiumDriver.findElement() with args: ["accessibility id","total price","47571b8e-6191-4ef5-a875-b0f0dcd05976"]
&amp#27;[38;5;32m[AndroidUiautomator2Driver@dabd (47571b8e)]&amp#27;[0m Valid locator strategies for this request: xpath, id, class name, accessibility id, css selector, -android uiautomator
&amp#27;[38;5;32m[AndroidUiautomator2Driver@dabd (47571b8e)]&amp#27;[0m Waiting up to 10000 ms for condition
&amp#27;[38;5;32m[AndroidUiautomator2Driver@dabd (47571b8e)]&amp#27;[0m Matched '/element' to command name 'findElement'
&amp#27;[38;5;32m[AndroidUiautomator2Driver@dabd (47571b8e)]&amp#27;[0m Proxying [POST /element] to [POST http://127.0.0.1:8201/session/e99dcc09-a0f0-48bb-8a0b-d829d4323b82/element] with body: {"strategy":"accessibility id","selector":"total price","context":"","multiple":false}
&amp#27;[38;5;32m[AndroidUiautomator2Driver@dabd (47571b8e)]&amp#27;[0m Got response with status 200: {"sessionId":"e99dcc09-a0f0-48bb-8a0b-d829d4323b82","value":{"ELEMENT":"00000000-0000-0594-ffff-ffff00000406","element-6066-11e4-a52e-4f735466cecf":"00000000-0000-0594-ffff-ffff00000406"}}
&amp#27;[38;5;32m[AndroidUiautomator2Driver@dabd (47571b8e)]&amp#27;[0m Responding to client with driver.findElement() result: {"element-6066-11e4-a52e-4f735466cecf":"00000000-0000-0594-ffff-ffff00000406","ELEMENT":"00000000-0000-0594-ffff-ffff00000406"}
&amp#27;[38;5;0m[HTTP]&amp#27;[0m &amp#27;[37m<-- POST /session/47571b8e-6191-4ef5-a875-b0f0dcd05976/element &amp#27;[39m&amp#27;[32m200&amp#27;[39m &amp#27;[90m1100 ms - 137&amp#27;[39m
&amp#27;[38;5;0m[HTTP]&amp#27;[0m &amp#27;[90m&amp#27;[39m
&amp#27;[38;5;0m[HTTP]&amp#27;[0m &amp#27;[37m-->&amp#27;[39m &amp#27;[37mGET&amp#27;[39m &amp#27;[37m/session/47571b8e-6191-4ef5-a875-b0f0dcd05976/element/00000000-0000-0594-ffff-ffff00000406/text&amp#27;[39m
&amp#27;[38;5;0m[HTTP]&amp#27;[0m &amp#27;[90m{}&amp#27;[39m
&amp#27;[38;5;32m[AndroidUiautomator2Driver@dabd (47571b8e)]&amp#27;[0m Driver proxy active, passing request on via HTTP proxy
&amp#27;[38;5;32m[AndroidUiautomator2Driver@dabd (47571b8e)]&amp#27;[0m Matched '/session/47571b8e-6191-4ef5-a875-b0f0dcd05976/element/00000000-0000-0594-ffff-ffff00000406/text' to command name 'getText'
&amp#27;[38;5;32m[AndroidUiautomator2Driver@dabd (47571b8e)]&amp#27;[0m Proxying [GET /session/47571b8e-6191-4ef5-a875-b0f0dcd05976/element/00000000-0000-0594-ffff-ffff00000406/text] to [GET http://127.0.0.1:8201/session/e99dcc09-a0f0-48bb-8a0b-d829d4323b82/element/00000000-0000-0594-ffff-ffff00000406/text] with no body
&amp#27;[38;5;32m[AndroidUiautomator2Driver@dabd (47571b8e)]&amp#27;[0m Got response with status 200: {"sessionId":"e99dcc09-a0f0-48bb-8a0b-d829d4323b82","value":"$47.96"}
&amp#27;[38;5;32m[AndroidUiautomator2Driver@dabd (47571b8e)]&amp#27;[0m Replacing sessionId e99dcc09-a0f0-48bb-8a0b-d829d4323b82 with 47571b8e-6191-4ef5-a875-b0f0dcd05976
&amp#27;[38;5;0m[HTTP]&amp#27;[0m &amp#27;[37m<-- GET /session/47571b8e-6191-4ef5-a875-b0f0dcd05976/element/00000000-0000-0594-ffff-ffff00000406/text &amp#27;[39m&amp#27;[32m200&amp#27;[39m &amp#27;[90m43 ms - 69&amp#27;[39m
&amp#27;[38;5;0m[HTTP]&amp#27;[0m &amp#27;[90m&amp#27;[39m
&amp#27;[38;5;0m[HTTP]&amp#27;[0m &amp#27;[37m-->&amp#27;[39m &amp#27;[37mGET&amp#27;[39m &amp#27;[37m/session/47571b8e-6191-4ef5-a875-b0f0dcd05976/context&amp#27;[39m
&amp#27;[38;5;0m[HTTP]&amp#27;[0m &amp#27;[90m{}&amp#27;[39m
&amp#27;[38;5;32m[AndroidUiautomator2Driver@dabd (47571b8e)]&amp#27;[0m Calling AppiumDriver.getCurrentContext() with args: ["47571b8e-6191-4ef5-a875-b0f0dcd05976"]
&amp#27;[38;5;32m[AndroidUiautomator2Driver@dabd (47571b8e)]&amp#27;[0m Responding to client with driver.getCurrentContext() result: "NATIVE_APP"
&amp#27;[38;5;0m[HTTP]&amp#27;[0m &amp#27;[37m<-- GET /session/47571b8e-6191-4ef5-a875-b0f0dcd05976/context &amp#27;[39m&amp#27;[32m200&amp#27;[39m &amp#27;[90m1 ms - 22&amp#27;[39m
&amp#27;[38;5;0m[HTTP]&amp#27;[0m &amp#27;[90m&amp#27;[39m
&amp#27;[38;5;0m[HTTP]&amp#27;[0m &amp#27;[37m-->&amp#27;[39m &amp#27;[37mPOST&amp#27;[39m &amp#27;[37m/session/47571b8e-6191-4ef5-a875-b0f0dcd05976/elements&amp#27;[39m
&amp#27;[38;5;0m[HTTP]&amp#27;[0m &amp#27;[90m{"using":"xpath","value":"//android.widget.TextView[@content-desc='product price']"}&amp#27;[39m
&amp#27;[38;5;32m[AndroidUiautomator2Driver@dabd (47571b8e)]&amp#27;[0m Calling AppiumDriver.findElements() with args: ["xpath","//android.widget.TextView[@content-desc='product price']","47571b8e-6191-4ef5-a875-b0f0dcd05976"]
&amp#27;[38;5;32m[AndroidUiautomator2Driver@dabd (47571b8e)]&amp#27;[0m Valid locator strategies for this request: xpath, id, class name, accessibility id, css selector, -android uiautomator
&amp#27;[38;5;32m[AndroidUiautomator2Driver@dabd (47571b8e)]&amp#27;[0m Waiting up to 10000 ms for condition
&amp#27;[38;5;32m[AndroidUiautomator2Driver@dabd (47571b8e)]&amp#27;[0m Matched '/elements' to command name 'findElements'
&amp#27;[38;5;32m[AndroidUiautomator2Driver@dabd (47571b8e)]&amp#27;[0m Proxying [POST /elements] to [POST http://127.0.0.1:8201/session/e99dcc09-a0f0-48bb-8a0b-d829d4323b82/elements] with body: {"strategy":"xpath","selector":"//android.widget.TextView[@content-desc='product price']","context":"","multiple":true}
&amp#27;[38;5;32m[AndroidUiautomator2Driver@dabd (47571b8e)]&amp#27;[0m Got response with status 200: {"sessionId":"e99dcc09-a0f0-48bb-8a0b-d829d4323b82","value":[{"ELEMENT":"00000000-0000-0594-ffff-ffff000003cf","element-6066-11e4-a52e-4f735466cecf":"00000000-0000-0594-ffff-ffff000003cf"},{"ELEMENT":"00000000-0000-0594-ffff-ffff000003e8","element-6066-11e4-a52e-4f735466cecf":"00000000-0000-0594-ffff-ffff000003e8"}]}
&amp#27;[38;5;32m[AndroidUiautomator2Driver@dabd (47571b8e)]&amp#27;[0m Responding to client with driver.findElements() result: [{"element-6066-11e4-a52e-4f735466cecf":"00000000-0000-0594-ffff-ffff000003cf","ELEMENT":"00000000-0000-0594-ffff-ffff000003cf"},{"element-6066-11e4-a52e-4f735466cecf":"00000000-0000-0594-ffff-ffff000003e8","ELEMENT":"00000000-0000-0594-ffff-ffff000003e8"}]
&amp#27;[38;5;0m[HTTP]&amp#27;[0m &amp#27;[37m<-- POST /session/47571b8e-6191-4ef5-a875-b0f0dcd05976/elements &amp#27;[39m&amp#27;[32m200&amp#27;[39m &amp#27;[90m807 ms - 267&amp#27;[39m
&amp#27;[38;5;0m[HTTP]&amp#27;[0m &amp#27;[90m&amp#27;[39m
&amp#27;[38;5;0m[HTTP]&amp#27;[0m &amp#27;[37m-->&amp#27;[39m &amp#27;[37mGET&amp#27;[39m &amp#27;[37m/session/47571b8e-6191-4ef5-a875-b0f0dcd05976/context&amp#27;[39m
&amp#27;[38;5;0m[HTTP]&amp#27;[0m &amp#27;[90m{}&amp#27;[39m
&amp#27;[38;5;32m[AndroidUiautomator2Driver@dabd (47571b8e)]&amp#27;[0m Calling AppiumDriver.getCurrentContext() with args: ["47571b8e-6191-4ef5-a875-b0f0dcd05976"]
&amp#27;[38;5;32m[AndroidUiautomator2Driver@dabd (47571b8e)]&amp#27;[0m Responding to client with driver.getCurrentContext() result: "NATIVE_APP"
&amp#27;[38;5;0m[HTTP]&amp#27;[0m &amp#27;[37m<-- GET /session/47571b8e-6191-4ef5-a875-b0f0dcd05976/context &amp#27;[39m&amp#27;[32m200&amp#27;[39m &amp#27;[90m1 ms - 22&amp#27;[39m
&amp#27;[38;5;0m[HTTP]&amp#27;[0m &amp#27;[90m&amp#27;[39m
&amp#27;[38;5;0m[HTTP]&amp#27;[0m &amp#27;[37m-->&amp#27;[39m &amp#27;[37mPOST&amp#27;[39m &amp#27;[37m/session/47571b8e-6191-4ef5-a875-b0f0dcd05976/elements&amp#27;[39m
&amp#27;[38;5;0m[HTTP]&amp#27;[0m &amp#27;[90m{"using":"xpath","value":"//android.widget.TextView[@content-desc='product price']"}&amp#27;[39m
&amp#27;[38;5;32m[AndroidUiautomator2Driver@dabd (47571b8e)]&amp#27;[0m Calling AppiumDriver.findElements() with args: ["xpath","//android.widget.TextView[@content-desc='product price']","47571b8e-6191-4ef5-a875-b0f0dcd05976"]
&amp#27;[38;5;32m[AndroidUiautomator2Driver@dabd (47571b8e)]&amp#27;[0m Valid locator strategies for this request: xpath, id, class name, accessibility id, css selector, -android uiautomator
&amp#27;[38;5;32m[AndroidUiautomator2Driver@dabd (47571b8e)]&amp#27;[0m Waiting up to 10000 ms for condition
&amp#27;[38;5;32m[AndroidUiautomator2Driver@dabd (47571b8e)]&amp#27;[0m Matched '/elements' to command name 'findElements'
&amp#27;[38;5;32m[AndroidUiautomator2Driver@dabd (47571b8e)]&amp#27;[0m Proxying [POST /elements] to [POST http://127.0.0.1:8201/session/e99dcc09-a0f0-48bb-8a0b-d829d4323b82/elements] with body: {"strategy":"xpath","selector":"//android.widget.TextView[@content-desc='product price']","context":"","multiple":true}
&amp#27;[38;5;32m[AndroidUiautomator2Driver@dabd (47571b8e)]&amp#27;[0m Got response with status 200: {"sessionId":"e99dcc09-a0f0-48bb-8a0b-d829d4323b82","value":[{"ELEMENT":"00000000-0000-0594-ffff-ffff000003cf","element-6066-11e4-a52e-4f735466cecf":"00000000-0000-0594-ffff-ffff000003cf"},{"ELEMENT":"00000000-0000-0594-ffff-ffff000003e8","element-6066-11e4-a52e-4f735466cecf":"00000000-0000-0594-ffff-ffff000003e8"}]}
&amp#27;[38;5;32m[AndroidUiautomator2Driver@dabd (47571b8e)]&amp#27;[0m Responding to client with driver.findElements() result: [{"element-6066-11e4-a52e-4f735466cecf":"00000000-0000-0594-ffff-ffff000003cf","ELEMENT":"00000000-0000-0594-ffff-ffff000003cf"},{"element-6066-11e4-a52e-4f735466cecf":"00000000-0000-0594-ffff-ffff000003e8","ELEMENT":"00000000-0000-0594-ffff-ffff000003e8"}]
&amp#27;[38;5;0m[HTTP]&amp#27;[0m &amp#27;[37m<-- POST /session/47571b8e-6191-4ef5-a875-b0f0dcd05976/elements &amp#27;[39m&amp#27;[32m200&amp#27;[39m &amp#27;[90m518 ms - 267&amp#27;[39m
&amp#27;[38;5;0m[HTTP]&amp#27;[0m &amp#27;[90m&amp#27;[39m
&amp#27;[38;5;0m[HTTP]&amp#27;[0m &amp#27;[37m-->&amp#27;[39m &amp#27;[37mGET&amp#27;[39m &amp#27;[37m/session/47571b8e-6191-4ef5-a875-b0f0dcd05976/element/00000000-0000-0594-ffff-ffff000003cf/text&amp#27;[39m
&amp#27;[38;5;0m[HTTP]&amp#27;[0m &amp#27;[90m{}&amp#27;[39m
&amp#27;[38;5;32m[AndroidUiautomator2Driver@dabd (47571b8e)]&amp#27;[0m Driver proxy active, passing request on via HTTP proxy
&amp#27;[38;5;32m[AndroidUiautomator2Driver@dabd (47571b8e)]&amp#27;[0m Matched '/session/47571b8e-6191-4ef5-a875-b0f0dcd05976/element/00000000-0000-0594-ffff-ffff000003cf/text' to command name 'getText'
&amp#27;[38;5;32m[AndroidUiautomator2Driver@dabd (47571b8e)]&amp#27;[0m Proxying [GET /session/47571b8e-6191-4ef5-a875-b0f0dcd05976/element/00000000-0000-0594-ffff-ffff000003cf/text] to [GET http://127.0.0.1:8201/session/e99dcc09-a0f0-48bb-8a0b-d829d4323b82/element/00000000-0000-0594-ffff-ffff000003cf/text] with no body
&amp#27;[38;5;32m[AndroidUiautomator2Driver@dabd (47571b8e)]&amp#27;[0m Got response with status 200: {"sessionId":"e99dcc09-a0f0-48bb-8a0b-d829d4323b82","value":"$7.99"}
&amp#27;[38;5;32m[AndroidUiautomator2Driver@dabd (47571b8e)]&amp#27;[0m Replacing sessionId e99dcc09-a0f0-48bb-8a0b-d829d4323b82 with 47571b8e-6191-4ef5-a875-b0f0dcd05976
&amp#27;[38;5;0m[HTTP]&amp#27;[0m &amp#27;[37m<-- GET /session/47571b8e-6191-4ef5-a875-b0f0dcd05976/element/00000000-0000-0594-ffff-ffff000003cf/text &amp#27;[39m&amp#27;[32m200&amp#27;[39m &amp#27;[90m23 ms - 68&amp#27;[39m
&amp#27;[38;5;0m[HTTP]&amp#27;[0m &amp#27;[90m&amp#27;[39m
&amp#27;[38;5;0m[HTTP]&amp#27;[0m &amp#27;[37m-->&amp#27;[39m &amp#27;[37mGET&amp#27;[39m &amp#27;[37m/session/47571b8e-6191-4ef5-a875-b0f0dcd05976/context&amp#27;[39m
&amp#27;[38;5;0m[HTTP]&amp#27;[0m &amp#27;[90m{}&amp#27;[39m
&amp#27;[38;5;32m[AndroidUiautomator2Driver@dabd (47571b8e)]&amp#27;[0m Calling AppiumDriver.getCurrentContext() with args: ["47571b8e-6191-4ef5-a875-b0f0dcd05976"]
&amp#27;[38;5;32m[AndroidUiautomator2Driver@dabd (47571b8e)]&amp#27;[0m Responding to client with driver.getCurrentContext() result: "NATIVE_APP"
&amp#27;[38;5;0m[HTTP]&amp#27;[0m &amp#27;[37m<-- GET /session/47571b8e-6191-4ef5-a875-b0f0dcd05976/context &amp#27;[39m&amp#27;[32m200&amp#27;[39m &amp#27;[90m1 ms - 22&amp#27;[39m
&amp#27;[38;5;0m[HTTP]&amp#27;[0m &amp#27;[90m&amp#27;[39m
&amp#27;[38;5;0m[HTTP]&amp#27;[0m &amp#27;[37m-->&amp#27;[39m &amp#27;[37mPOST&amp#27;[39m &amp#27;[37m/session/47571b8e-6191-4ef5-a875-b0f0dcd05976/elements&amp#27;[39m
&amp#27;[38;5;0m[HTTP]&amp#27;[0m &amp#27;[90m{"using":"xpath","value":"//android.view.ViewGroup[@content-desc='counter amount']/android.widget.TextView"}&amp#27;[39m
&amp#27;[38;5;32m[AndroidUiautomator2Driver@dabd (47571b8e)]&amp#27;[0m Calling AppiumDriver.findElements() with args: ["xpath","//android.view.ViewGroup[@content-desc='counter amount']/android.widget.TextView","47571b8e-6191-4ef5-a875-b0f0dcd05976"]
&amp#27;[38;5;32m[AndroidUiautomator2Driver@dabd (47571b8e)]&amp#27;[0m Valid locator strategies for this request: xpath, id, class name, accessibility id, css selector, -android uiautomator
&amp#27;[38;5;32m[AndroidUiautomator2Driver@dabd (47571b8e)]&amp#27;[0m Waiting up to 10000 ms for condition
&amp#27;[38;5;32m[AndroidUiautomator2Driver@dabd (47571b8e)]&amp#27;[0m Matched '/elements' to command name 'findElements'
&amp#27;[38;5;32m[AndroidUiautomator2Driver@dabd (47571b8e)]&amp#27;[0m Proxying [POST /elements] to [POST http://127.0.0.1:8201/session/e99dcc09-a0f0-48bb-8a0b-d829d4323b82/elements] with body: {"strategy":"xpath","selector":"//android.view.ViewGroup[@content-desc='counter amount']/android.widget.TextView","context":"","multiple":true}
&amp#27;[38;5;32m[AndroidUiautomator2Driver@dabd (47571b8e)]&amp#27;[0m Got response with status 200: {"sessionId":"e99dcc09-a0f0-48bb-8a0b-d829d4323b82","value":[{"ELEMENT":"00000000-0000-0594-ffff-ffff000003e0","element-6066-11e4-a52e-4f735466cecf":"00000000-0000-0594-ffff-ffff000003e0"},{"ELEMENT":"00000000-0000-0594-ffff-ffff000003f9","element-6066-11e4-a52e-4f735466cecf":"00000000-0000-0594-ffff-ffff000003f9"}]}
&amp#27;[38;5;32m[AndroidUiautomator2Driver@dabd (47571b8e)]&amp#27;[0m Responding to client with driver.findElements() result: [{"element-6066-11e4-a52e-4f735466cecf":"00000000-0000-0594-ffff-ffff000003e0","ELEMENT":"00000000-0000-0594-ffff-ffff000003e0"},{"element-6066-11e4-a52e-4f735466cecf":"00000000-0000-0594-ffff-ffff000003f9","ELEMENT":"00000000-0000-0594-ffff-ffff000003f9"}]
&amp#27;[38;5;0m[HTTP]&amp#27;[0m &amp#27;[37m<-- POST /session/47571b8e-6191-4ef5-a875-b0f0dcd05976/elements &amp#27;[39m&amp#27;[32m200&amp#27;[39m &amp#27;[90m684 ms - 267&amp#27;[39m
&amp#27;[38;5;0m[HTTP]&amp#27;[0m &amp#27;[90m&amp#27;[39m
&amp#27;[38;5;0m[HTTP]&amp#27;[0m &amp#27;[37m-->&amp#27;[39m &amp#27;[37mGET&amp#27;[39m &amp#27;[37m/session/47571b8e-6191-4ef5-a875-b0f0dcd05976/element/00000000-0000-0594-ffff-ffff000003e0/text&amp#27;[39m
&amp#27;[38;5;0m[HTTP]&amp#27;[0m &amp#27;[90m{}&amp#27;[39m
&amp#27;[38;5;32m[AndroidUiautomator2Driver@dabd (47571b8e)]&amp#27;[0m Driver proxy active, passing request on via HTTP proxy
&amp#27;[38;5;32m[AndroidUiautomator2Driver@dabd (47571b8e)]&amp#27;[0m Matched '/session/47571b8e-6191-4ef5-a875-b0f0dcd05976/element/00000000-0000-0594-ffff-ffff000003e0/text' to command name 'getText'
&amp#27;[38;5;32m[AndroidUiautomator2Driver@dabd (47571b8e)]&amp#27;[0m Proxying [GET /session/47571b8e-6191-4ef5-a875-b0f0dcd05976/element/00000000-0000-0594-ffff-ffff000003e0/text] to [GET http://127.0.0.1:8201/session/e99dcc09-a0f0-48bb-8a0b-d829d4323b82/element/00000000-0000-0594-ffff-ffff000003e0/text] with no body
&amp#27;[38;5;32m[AndroidUiautomator2Driver@dabd (47571b8e)]&amp#27;[0m Got response with status 200: {"sessionId":"e99dcc09-a0f0-48bb-8a0b-d829d4323b82","value":"2"}
&amp#27;[38;5;32m[AndroidUiautomator2Driver@dabd (47571b8e)]&amp#27;[0m Replacing sessionId e99dcc09-a0f0-48bb-8a0b-d829d4323b82 with 47571b8e-6191-4ef5-a875-b0f0dcd05976
&amp#27;[38;5;0m[HTTP]&amp#27;[0m &amp#27;[37m<-- GET /session/47571b8e-6191-4ef5-a875-b0f0dcd05976/element/00000000-0000-0594-ffff-ffff000003e0/text &amp#27;[39m&amp#27;[32m200&amp#27;[39m &amp#27;[90m24 ms - 64&amp#27;[39m
&amp#27;[38;5;0m[HTTP]&amp#27;[0m &amp#27;[90m&amp#27;[39m
&amp#27;[38;5;0m[HTTP]&amp#27;[0m &amp#27;[37m-->&amp#27;[39m &amp#27;[37mGET&amp#27;[39m &amp#27;[37m/session/47571b8e-6191-4ef5-a875-b0f0dcd05976/context&amp#27;[39m
&amp#27;[38;5;0m[HTTP]&amp#27;[0m &amp#27;[90m{}&amp#27;[39m
&amp#27;[38;5;32m[AndroidUiautomator2Driver@dabd (47571b8e)]&amp#27;[0m Calling AppiumDriver.getCurrentContext() with args: ["47571b8e-6191-4ef5-a875-b0f0dcd05976"]
&amp#27;[38;5;32m[AndroidUiautomator2Driver@dabd (47571b8e)]&amp#27;[0m Responding to client with driver.getCurrentContext() result: "NATIVE_APP"
&amp#27;[38;5;0m[HTTP]&amp#27;[0m &amp#27;[37m<-- GET /session/47571b8e-6191-4ef5-a875-b0f0dcd05976/context &amp#27;[39m&amp#27;[32m200&amp#27;[39m &amp#27;[90m1 ms - 22&amp#27;[39m
&amp#27;[38;5;0m[HTTP]&amp#27;[0m &amp#27;[90m&amp#27;[39m
&amp#27;[38;5;0m[HTTP]&amp#27;[0m &amp#27;[37m-->&amp#27;[39m &amp#27;[37mPOST&amp#27;[39m &amp#27;[37m/session/47571b8e-6191-4ef5-a875-b0f0dcd05976/elements&amp#27;[39m
&amp#27;[38;5;0m[HTTP]&amp#27;[0m &amp#27;[90m{"using":"xpath","value":"//android.widget.TextView[@content-desc='product price']"}&amp#27;[39m
&amp#27;[38;5;32m[AndroidUiautomator2Driver@dabd (47571b8e)]&amp#27;[0m Calling AppiumDriver.findElements() with args: ["xpath","//android.widget.TextView[@content-desc='product price']","47571b8e-6191-4ef5-a875-b0f0dcd05976"]
&amp#27;[38;5;32m[AndroidUiautomator2Driver@dabd (47571b8e)]&amp#27;[0m Valid locator strategies for this request: xpath, id, class name, accessibility id, css selector, -android uiautomator
&amp#27;[38;5;32m[AndroidUiautomator2Driver@dabd (47571b8e)]&amp#27;[0m Waiting up to 10000 ms for condition
&amp#27;[38;5;32m[AndroidUiautomator2Driver@dabd (47571b8e)]&amp#27;[0m Matched '/elements' to command name 'findElements'
&amp#27;[38;5;32m[AndroidUiautomator2Driver@dabd (47571b8e)]&amp#27;[0m Proxying [POST /elements] to [POST http://127.0.0.1:8201/session/e99dcc09-a0f0-48bb-8a0b-d829d4323b82/elements] with body: {"strategy":"xpath","selector":"//android.widget.TextView[@content-desc='product price']","context":"","multiple":true}
&amp#27;[38;5;32m[AndroidUiautomator2Driver@dabd (47571b8e)]&amp#27;[0m Got response with status 200: {"sessionId":"e99dcc09-a0f0-48bb-8a0b-d829d4323b82","value":[{"ELEMENT":"00000000-0000-0594-ffff-ffff000003cf","element-6066-11e4-a52e-4f735466cecf":"00000000-0000-0594-ffff-ffff000003cf"},{"ELEMENT":"00000000-0000-0594-ffff-ffff000003e8","element-6066-11e4-a52e-4f735466cecf":"00000000-0000-0594-ffff-ffff000003e8"}]}
&amp#27;[38;5;32m[AndroidUiautomator2Driver@dabd (47571b8e)]&amp#27;[0m Responding to client with driver.findElements() result: [{"element-6066-11e4-a52e-4f735466cecf":"00000000-0000-0594-ffff-ffff000003cf","ELEMENT":"00000000-0000-0594-ffff-ffff000003cf"},{"element-6066-11e4-a52e-4f735466cecf":"00000000-0000-0594-ffff-ffff000003e8","ELEMENT":"00000000-0000-0594-ffff-ffff000003e8"}]
&amp#27;[38;5;0m[HTTP]&amp#27;[0m &amp#27;[37m<-- POST /session/47571b8e-6191-4ef5-a875-b0f0dcd05976/elements &amp#27;[39m&amp#27;[32m200&amp#27;[39m &amp#27;[90m638 ms - 267&amp#27;[39m
&amp#27;[38;5;0m[HTTP]&amp#27;[0m &amp#27;[90m&amp#27;[39m
&amp#27;[38;5;0m[HTTP]&amp#27;[0m &amp#27;[37m-->&amp#27;[39m &amp#27;[37mGET&amp#27;[39m &amp#27;[37m/session/47571b8e-6191-4ef5-a875-b0f0dcd05976/context&amp#27;[39m
&amp#27;[38;5;0m[HTTP]&amp#27;[0m &amp#27;[90m{}&amp#27;[39m
&amp#27;[38;5;32m[AndroidUiautomator2Driver@dabd (47571b8e)]&amp#27;[0m Calling AppiumDriver.getCurrentContext() with args: ["47571b8e-6191-4ef5-a875-b0f0dcd05976"]
&amp#27;[38;5;32m[AndroidUiautomator2Driver@dabd (47571b8e)]&amp#27;[0m Responding to client with driver.getCurrentContext() result: "NATIVE_APP"
&amp#27;[38;5;0m[HTTP]&amp#27;[0m &amp#27;[37m<-- GET /session/47571b8e-6191-4ef5-a875-b0f0dcd05976/context &amp#27;[39m&amp#27;[32m200&amp#27;[39m &amp#27;[90m1 ms - 22&amp#27;[39m
&amp#27;[38;5;0m[HTTP]&amp#27;[0m &amp#27;[90m&amp#27;[39m
&amp#27;[38;5;0m[HTTP]&amp#27;[0m &amp#27;[37m-->&amp#27;[39m &amp#27;[37mPOST&amp#27;[39m &amp#27;[37m/session/47571b8e-6191-4ef5-a875-b0f0dcd05976/elements&amp#27;[39m
&amp#27;[38;5;0m[HTTP]&amp#27;[0m &amp#27;[90m{"using":"xpath","value":"//android.widget.TextView[@content-desc='product price']"}&amp#27;[39m
&amp#27;[38;5;32m[AndroidUiautomator2Driver@dabd (47571b8e)]&amp#27;[0m Calling AppiumDriver.findElements() with args: ["xpath","//android.widget.TextView[@content-desc='product price']","47571b8e-6191-4ef5-a875-b0f0dcd05976"]
&amp#27;[38;5;32m[AndroidUiautomator2Driver@dabd (47571b8e)]&amp#27;[0m Valid locator strategies for this request: xpath, id, class name, accessibility id, css selector, -android uiautomator
&amp#27;[38;5;32m[AndroidUiautomator2Driver@dabd (47571b8e)]&amp#27;[0m Waiting up to 10000 ms for condition
&amp#27;[38;5;32m[AndroidUiautomator2Driver@dabd (47571b8e)]&amp#27;[0m Matched '/elements' to command name 'findElements'
&amp#27;[38;5;32m[AndroidUiautomator2Driver@dabd (47571b8e)]&amp#27;[0m Proxying [POST /elements] to [POST http://127.0.0.1:8201/session/e99dcc09-a0f0-48bb-8a0b-d829d4323b82/elements] with body: {"strategy":"xpath","selector":"//android.widget.TextView[@content-desc='product price']","context":"","multiple":true}
&amp#27;[38;5;32m[AndroidUiautomator2Driver@dabd (47571b8e)]&amp#27;[0m Got response with status 200: {"sessionId":"e99dcc09-a0f0-48bb-8a0b-d829d4323b82","value":[{"ELEMENT":"00000000-0000-0594-ffff-ffff000003cf","element-6066-11e4-a52e-4f735466cecf":"00000000-0000-0594-ffff-ffff000003cf"},{"ELEMENT":"00000000-0000-0594-ffff-ffff000003e8","element-6066-11e4-a52e-4f735466cecf":"00000000-0000-0594-ffff-ffff000003e8"}]}
&amp#27;[38;5;32m[AndroidUiautomator2Driver@dabd (47571b8e)]&amp#27;[0m Responding to client with driver.findElements() result: [{"element-6066-11e4-a52e-4f735466cecf":"00000000-0000-0594-ffff-ffff000003cf","ELEMENT":"00000000-0000-0594-ffff-ffff000003cf"},{"element-6066-11e4-a52e-4f735466cecf":"00000000-0000-0594-ffff-ffff000003e8","ELEMENT":"00000000-0000-0594-ffff-ffff000003e8"}]
&amp#27;[38;5;0m[HTTP]&amp#27;[0m &amp#27;[37m<-- POST /session/47571b8e-6191-4ef5-a875-b0f0dcd05976/elements &amp#27;[39m&amp#27;[32m200&amp#27;[39m &amp#27;[90m543 ms - 267&amp#27;[39m
&amp#27;[38;5;0m[HTTP]&amp#27;[0m &amp#27;[90m&amp#27;[39m
&amp#27;[38;5;0m[HTTP]&amp#27;[0m &amp#27;[37m-->&amp#27;[39m &amp#27;[37mGET&amp#27;[39m &amp#27;[37m/session/47571b8e-6191-4ef5-a875-b0f0dcd05976/element/00000000-0000-0594-ffff-ffff000003e8/text&amp#27;[39m
&amp#27;[38;5;0m[HTTP]&amp#27;[0m &amp#27;[90m{}&amp#27;[39m
&amp#27;[38;5;32m[AndroidUiautomator2Driver@dabd (47571b8e)]&amp#27;[0m Driver proxy active, passing request on via HTTP proxy
&amp#27;[38;5;32m[AndroidUiautomator2Driver@dabd (47571b8e)]&amp#27;[0m Matched '/session/47571b8e-6191-4ef5-a875-b0f0dcd05976/element/00000000-0000-0594-ffff-ffff000003e8/text' to command name 'getText'
&amp#27;[38;5;32m[AndroidUiautomator2Driver@dabd (47571b8e)]&amp#27;[0m Proxying [GET /session/47571b8e-6191-4ef5-a875-b0f0dcd05976/element/00000000-0000-0594-ffff-ffff000003e8/text] to [GET http://127.0.0.1:8201/session/e99dcc09-a0f0-48bb-8a0b-d829d4323b82/element/00000000-0000-0594-ffff-ffff000003e8/text] with no body
&amp#27;[38;5;32m[AndroidUiautomator2Driver@dabd (47571b8e)]&amp#27;[0m Got response with status 200: {"sessionId":"e99dcc09-a0f0-48bb-8a0b-d829d4323b82","value":"$15.99"}
&amp#27;[38;5;32m[AndroidUiautomator2Driver@dabd (47571b8e)]&amp#27;[0m Replacing sessionId e99dcc09-a0f0-48bb-8a0b-d829d4323b82 with 47571b8e-6191-4ef5-a875-b0f0dcd05976
&amp#27;[38;5;0m[HTTP]&amp#27;[0m &amp#27;[37m<-- GET /session/47571b8e-6191-4ef5-a875-b0f0dcd05976/element/00000000-0000-0594-ffff-ffff000003e8/text &amp#27;[39m&amp#27;[32m200&amp#27;[39m &amp#27;[90m25 ms - 69&amp#27;[39m
&amp#27;[38;5;0m[HTTP]&amp#27;[0m &amp#27;[90m&amp#27;[39m
&amp#27;[38;5;0m[HTTP]&amp#27;[0m &amp#27;[37m-->&amp#27;[39m &amp#27;[37mGET&amp#27;[39m &amp#27;[37m/session/47571b8e-6191-4ef5-a875-b0f0dcd05976/context&amp#27;[39m
&amp#27;[38;5;0m[HTTP]&amp#27;[0m &amp#27;[90m{}&amp#27;[39m
&amp#27;[38;5;32m[AndroidUiautomator2Driver@dabd (47571b8e)]&amp#27;[0m Calling AppiumDriver.getCurrentContext() with args: ["47571b8e-6191-4ef5-a875-b0f0dcd05976"]
&amp#27;[38;5;32m[AndroidUiautomator2Driver@dabd (47571b8e)]&amp#27;[0m Responding to client with driver.getCurrentContext() result: "NATIVE_APP"
&amp#27;[38;5;0m[HTTP]&amp#27;[0m &amp#27;[37m<-- GET /session/47571b8e-6191-4ef5-a875-b0f0dcd05976/context &amp#27;[39m&amp#27;[32m200&amp#27;[39m &amp#27;[90m1 ms - 22&amp#27;[39m
&amp#27;[38;5;0m[HTTP]&amp#27;[0m &amp#27;[90m&amp#27;[39m
&amp#27;[38;5;0m[HTTP]&amp#27;[0m &amp#27;[37m-->&amp#27;[39m &amp#27;[37mPOST&amp#27;[39m &amp#27;[37m/session/47571b8e-6191-4ef5-a875-b0f0dcd05976/elements&amp#27;[39m
&amp#27;[38;5;0m[HTTP]&amp#27;[0m &amp#27;[90m{"using":"xpath","value":"//android.view.ViewGroup[@content-desc='counter amount']/android.widget.TextView"}&amp#27;[39m
&amp#27;[38;5;32m[AndroidUiautomator2Driver@dabd (47571b8e)]&amp#27;[0m Calling AppiumDriver.findElements() with args: ["xpath","//android.view.ViewGroup[@content-desc='counter amount']/android.widget.TextView","47571b8e-6191-4ef5-a875-b0f0dcd05976"]
&amp#27;[38;5;32m[AndroidUiautomator2Driver@dabd (47571b8e)]&amp#27;[0m Valid locator strategies for this request: xpath, id, class name, accessibility id, css selector, -android uiautomator
&amp#27;[38;5;32m[AndroidUiautomator2Driver@dabd (47571b8e)]&amp#27;[0m Waiting up to 10000 ms for condition
&amp#27;[38;5;32m[AndroidUiautomator2Driver@dabd (47571b8e)]&amp#27;[0m Matched '/elements' to command name 'findElements'
&amp#27;[38;5;32m[AndroidUiautomator2Driver@dabd (47571b8e)]&amp#27;[0m Proxying [POST /elements] to [POST http://127.0.0.1:8201/session/e99dcc09-a0f0-48bb-8a0b-d829d4323b82/elements] with body: {"strategy":"xpath","selector":"//android.view.ViewGroup[@content-desc='counter amount']/android.widget.TextView","context":"","multiple":true}
&amp#27;[38;5;32m[AndroidUiautomator2Driver@dabd (47571b8e)]&amp#27;[0m Got response with status 200: {"sessionId":"e99dcc09-a0f0-48bb-8a0b-d829d4323b82","value":[{"ELEMENT":"00000000-0000-0594-ffff-ffff000003e0","element-6066-11e4-a52e-4f735466cecf":"00000000-0000-0594-ffff-ffff000003e0"},{"ELEMENT":"00000000-0000-0594-ffff-ffff000003f9","element-6066-11e4-a52e-4f735466cecf":"00000000-0000-0594-ffff-ffff000003f9"}]}
&amp#27;[38;5;32m[AndroidUiautomator2Driver@dabd (47571b8e)]&amp#27;[0m Responding to client with driver.findElements() result: [{"element-6066-11e4-a52e-4f735466cecf":"00000000-0000-0594-ffff-ffff000003e0","ELEMENT":"00000000-0000-0594-ffff-ffff000003e0"},{"element-6066-11e4-a52e-4f735466cecf":"00000000-0000-0594-ffff-ffff000003f9","ELEMENT":"00000000-0000-0594-ffff-ffff000003f9"}]
&amp#27;[38;5;0m[HTTP]&amp#27;[0m &amp#27;[37m<-- POST /session/47571b8e-6191-4ef5-a875-b0f0dcd05976/elements &amp#27;[39m&amp#27;[32m200&amp#27;[39m &amp#27;[90m533 ms - 267&amp#27;[39m
&amp#27;[38;5;0m[HTTP]&amp#27;[0m &amp#27;[90m&amp#27;[39m
&amp#27;[38;5;0m[HTTP]&amp#27;[0m &amp#27;[37m-->&amp#27;[39m &amp#27;[37mGET&amp#27;[39m &amp#27;[37m/session/47571b8e-6191-4ef5-a875-b0f0dcd05976/element/00000000-0000-0594-ffff-ffff000003f9/text&amp#27;[39m
&amp#27;[38;5;0m[HTTP]&amp#27;[0m &amp#27;[90m{}&amp#27;[39m
&amp#27;[38;5;32m[AndroidUiautomator2Driver@dabd (47571b8e)]&amp#27;[0m Driver proxy active, passing request on via HTTP proxy
&amp#27;[38;5;32m[AndroidUiautomator2Driver@dabd (47571b8e)]&amp#27;[0m Matched '/session/47571b8e-6191-4ef5-a875-b0f0dcd05976/element/00000000-0000-0594-ffff-ffff000003f9/text' to command name 'getText'
&amp#27;[38;5;32m[AndroidUiautomator2Driver@dabd (47571b8e)]&amp#27;[0m Proxying [GET /session/47571b8e-6191-4ef5-a875-b0f0dcd05976/element/00000000-0000-0594-ffff-ffff000003f9/text] to [GET http://127.0.0.1:8201/session/e99dcc09-a0f0-48bb-8a0b-d829d4323b82/element/00000000-0000-0594-ffff-ffff000003f9/text] with no body
&amp#27;[38;5;32m[AndroidUiautomator2Driver@dabd (47571b8e)]&amp#27;[0m Got response with status 200: {"sessionId":"e99dcc09-a0f0-48bb-8a0b-d829d4323b82","value":"2"}
&amp#27;[38;5;32m[AndroidUiautomator2Driver@dabd (47571b8e)]&amp#27;[0m Replacing sessionId e99dcc09-a0f0-48bb-8a0b-d829d4323b82 with 47571b8e-6191-4ef5-a875-b0f0dcd05976
&amp#27;[38;5;0m[HTTP]&amp#27;[0m &amp#27;[37m<-- GET /session/47571b8e-6191-4ef5-a875-b0f0dcd05976/element/00000000-0000-0594-ffff-ffff000003f9/text &amp#27;[39m&amp#27;[32m200&amp#27;[39m &amp#27;[90m554 ms - 64&amp#27;[39m
&amp#27;[38;5;0m[HTTP]&amp#27;[0m &amp#27;[90m&amp#27;[39m
&amp#27;[38;5;0m[HTTP]&amp#27;[0m &amp#27;[37m-->&amp#27;[39m &amp#27;[37mGET&amp#27;[39m &amp#27;[37m/session/47571b8e-6191-4ef5-a875-b0f0dcd05976/context&amp#27;[39m
&amp#27;[38;5;0m[HTTP]&amp#27;[0m &amp#27;[90m{}&amp#27;[39m
&amp#27;[38;5;32m[AndroidUiautomator2Driver@dabd (47571b8e)]&amp#27;[0m Calling AppiumDriver.getCurrentContext() with args: ["47571b8e-6191-4ef5-a875-b0f0dcd05976"]
&amp#27;[38;5;32m[AndroidUiautomator2Driver@dabd (47571b8e)]&amp#27;[0m Responding to client with driver.getCurrentContext() result: "NATIVE_APP"
&amp#27;[38;5;0m[HTTP]&amp#27;[0m &amp#27;[37m<-- GET /session/47571b8e-6191-4ef5-a875-b0f0dcd05976/context &amp#27;[39m&amp#27;[32m200&amp#27;[39m &amp#27;[90m1 ms - 22&amp#27;[39m
&amp#27;[38;5;0m[HTTP]&amp#27;[0m &amp#27;[90m&amp#27;[39m
&amp#27;[38;5;0m[HTTP]&amp#27;[0m &amp#27;[37m-->&amp#27;[39m &amp#27;[37mPOST&amp#27;[39m &amp#27;[37m/session/47571b8e-6191-4ef5-a875-b0f0dcd05976/elements&amp#27;[39m
&amp#27;[38;5;0m[HTTP]&amp#27;[0m &amp#27;[90m{"using":"xpath","value":"//android.widget.TextView[@content-desc='product price']"}&amp#27;[39m
&amp#27;[38;5;32m[AndroidUiautomator2Driver@dabd (47571b8e)]&amp#27;[0m Calling AppiumDriver.findElements() with args: ["xpath","//android.widget.TextView[@content-desc='product price']","47571b8e-6191-4ef5-a875-b0f0dcd05976"]
&amp#27;[38;5;32m[AndroidUiautomator2Driver@dabd (47571b8e)]&amp#27;[0m Valid locator strategies for this request: xpath, id, class name, accessibility id, css selector, -android uiautomator
&amp#27;[38;5;32m[AndroidUiautomator2Driver@dabd (47571b8e)]&amp#27;[0m Waiting up to 10000 ms for condition
&amp#27;[38;5;32m[AndroidUiautomator2Driver@dabd (47571b8e)]&amp#27;[0m Matched '/elements' to command name 'findElements'
&amp#27;[38;5;32m[AndroidUiautomator2Driver@dabd (47571b8e)]&amp#27;[0m Proxying [POST /elements] to [POST http://127.0.0.1:8201/session/e99dcc09-a0f0-48bb-8a0b-d829d4323b82/elements] with body: {"strategy":"xpath","selector":"//android.widget.TextView[@content-desc='product price']","context":"","multiple":true}
&amp#27;[38;5;32m[AndroidUiautomator2Driver@dabd (47571b8e)]&amp#27;[0m Got response with status 200: {"sessionId":"e99dcc09-a0f0-48bb-8a0b-d829d4323b82","value":[{"ELEMENT":"00000000-0000-0594-ffff-ffff000003cf","element-6066-11e4-a52e-4f735466cecf":"00000000-0000-0594-ffff-ffff000003cf"},{"ELEMENT":"00000000-0000-0594-ffff-ffff000003e8","element-6066-11e4-a52e-4f735466cecf":"00000000-0000-0594-ffff-ffff000003e8"}]}
&amp#27;[38;5;32m[AndroidUiautomator2Driver@dabd (47571b8e)]&amp#27;[0m Responding to client with driver.findElements() result: [{"element-6066-11e4-a52e-4f735466cecf":"00000000-0000-0594-ffff-ffff000003cf","ELEMENT":"00000000-0000-0594-ffff-ffff000003cf"},{"element-6066-11e4-a52e-4f735466cecf":"00000000-0000-0594-ffff-ffff000003e8","ELEMENT":"00000000-0000-0594-ffff-ffff000003e8"}]
&amp#27;[38;5;0m[HTTP]&amp#27;[0m &amp#27;[37m<-- POST /session/47571b8e-6191-4ef5-a875-b0f0dcd05976/elements &amp#27;[39m&amp#27;[32m200&amp#27;[39m &amp#27;[90m544 ms - 267&amp#27;[39m
&amp#27;[38;5;0m[HTTP]&amp#27;[0m &amp#27;[90m&amp#27;[39m
&amp#27;[38;5;0m[HTTP]&amp#27;[0m &amp#27;[37m-->&amp#27;[39m &amp#27;[37mGET&amp#27;[39m &amp#27;[37m/session/47571b8e-6191-4ef5-a875-b0f0dcd05976/context&amp#27;[39m
&amp#27;[38;5;0m[HTTP]&amp#27;[0m &amp#27;[90m{}&amp#27;[39m
&amp#27;[38;5;32m[AndroidUiautomator2Driver@dabd (47571b8e)]&amp#27;[0m Calling AppiumDriver.getCurrentContext() with args: ["47571b8e-6191-4ef5-a875-b0f0dcd05976"]
&amp#27;[38;5;32m[AndroidUiautomator2Driver@dabd (47571b8e)]&amp#27;[0m Responding to client with driver.getCurrentContext() result: "NATIVE_APP"
&amp#27;[38;5;0m[HTTP]&amp#27;[0m &amp#27;[37m<-- GET /session/47571b8e-6191-4ef5-a875-b0f0dcd05976/context &amp#27;[39m&amp#27;[32m200&amp#27;[39m &amp#27;[90m1 ms - 22&amp#27;[39m
&amp#27;[38;5;0m[HTTP]&amp#27;[0m &amp#27;[90m&amp#27;[39m
&amp#27;[38;5;0m[HTTP]&amp#27;[0m &amp#27;[37m-->&amp#27;[39m &amp#27;[37mPOST&amp#27;[39m &amp#27;[37m/session/47571b8e-6191-4ef5-a875-b0f0dcd05976/element&amp#27;[39m
&amp#27;[38;5;0m[HTTP]&amp#27;[0m &amp#27;[90m{"using":"accessibility id","value":"Proceed To Checkout button"}&amp#27;[39m
&amp#27;[38;5;32m[AndroidUiautomator2Driver@dabd (47571b8e)]&amp#27;[0m Calling AppiumDriver.findElement() with args: ["accessibility id","Proceed To Checkout button","47571b8e-6191-4ef5-a875-b0f0dcd05976"]
&amp#27;[38;5;32m[AndroidUiautomator2Driver@dabd (47571b8e)]&amp#27;[0m Valid locator strategies for this request: xpath, id, class name, accessibility id, css selector, -android uiautomator
&amp#27;[38;5;32m[AndroidUiautomator2Driver@dabd (47571b8e)]&amp#27;[0m Waiting up to 10000 ms for condition
&amp#27;[38;5;32m[AndroidUiautomator2Driver@dabd (47571b8e)]&amp#27;[0m Matched '/element' to command name 'findElement'
&amp#27;[38;5;32m[AndroidUiautomator2Driver@dabd (47571b8e)]&amp#27;[0m Proxying [POST /element] to [POST http://127.0.0.1:8201/session/e99dcc09-a0f0-48bb-8a0b-d829d4323b82/element] with body: {"strategy":"accessibility id","selector":"Proceed To Checkout button","context":"","multiple":false}
&amp#27;[38;5;32m[AndroidUiautomator2Driver@dabd (47571b8e)]&amp#27;[0m Got response with status 200: {"sessionId":"e99dcc09-a0f0-48bb-8a0b-d829d4323b82","value":{"ELEMENT":"00000000-0000-0594-ffff-ffff00000407","element-6066-11e4-a52e-4f735466cecf":"00000000-0000-0594-ffff-ffff00000407"}}
&amp#27;[38;5;32m[AndroidUiautomator2Driver@dabd (47571b8e)]&amp#27;[0m Responding to client with driver.findElement() result: {"element-6066-11e4-a52e-4f735466cecf":"00000000-0000-0594-ffff-ffff00000407","ELEMENT":"00000000-0000-0594-ffff-ffff00000407"}
&amp#27;[38;5;0m[HTTP]&amp#27;[0m &amp#27;[37m<-- POST /session/47571b8e-6191-4ef5-a875-b0f0dcd05976/element &amp#27;[39m&amp#27;[32m200&amp#27;[39m &amp#27;[90m387 ms - 137&amp#27;[39m
&amp#27;[38;5;0m[HTTP]&amp#27;[0m &amp#27;[90m&amp#27;[39m
&amp#27;[38;5;0m[HTTP]&amp#27;[0m &amp#27;[37m-->&amp#27;[39m &amp#27;[37mPOST&amp#27;[39m &amp#27;[37m/session/47571b8e-6191-4ef5-a875-b0f0dcd05976/element/00000000-0000-0594-ffff-ffff00000407/click&amp#27;[39m
&amp#27;[38;5;0m[HTTP]&amp#27;[0m &amp#27;[90m{"id":"00000000-0000-0594-ffff-ffff00000407"}&amp#27;[39m
&amp#27;[38;5;32m[AndroidUiautomator2Driver@dabd (47571b8e)]&amp#27;[0m Calling AppiumDriver.click() with args: ["00000000-0000-0594-ffff-ffff00000407","47571b8e-6191-4ef5-a875-b0f0dcd05976"]
&amp#27;[38;5;32m[AndroidUiautomator2Driver@dabd (47571b8e)]&amp#27;[0m Matched '/element/00000000-0000-0594-ffff-ffff00000407/click' to command name 'click'
&amp#27;[38;5;32m[AndroidUiautomator2Driver@dabd (47571b8e)]&amp#27;[0m Proxying [POST /element/00000000-0000-0594-ffff-ffff00000407/click] to [POST http://127.0.0.1:8201/session/e99dcc09-a0f0-48bb-8a0b-d829d4323b82/element/00000000-0000-0594-ffff-ffff00000407/click] with body: {"element":"00000000-0000-0594-ffff-ffff00000407"}
&amp#27;[38;5;32m[AndroidUiautomator2Driver@dabd (47571b8e)]&amp#27;[0m Got response with status 200: {"sessionId":"e99dcc09-a0f0-48bb-8a0b-d829d4323b82","value":null}
&amp#27;[38;5;32m[AndroidUiautomator2Driver@dabd (47571b8e)]&amp#27;[0m Responding to client with driver.click() result: null
&amp#27;[38;5;0m[HTTP]&amp#27;[0m &amp#27;[37m<-- POST /session/47571b8e-6191-4ef5-a875-b0f0dcd05976/element/00000000-0000-0594-ffff-ffff00000407/click &amp#27;[39m&amp#27;[32m200&amp#27;[39m &amp#27;[90m120 ms - 14&amp#27;[39m
&amp#27;[38;5;0m[HTTP]&amp#27;[0m &amp#27;[90m&amp#27;[39m
&amp#27;[38;5;0m[HTTP]&amp#27;[0m &amp#27;[37m-->&amp#27;[39m &amp#27;[37mGET&amp#27;[39m &amp#27;[37m/session/47571b8e-6191-4ef5-a875-b0f0dcd05976/context&amp#27;[39m
&amp#27;[38;5;0m[HTTP]&amp#27;[0m &amp#27;[90m{}&amp#27;[39m
&amp#27;[38;5;32m[AndroidUiautomator2Driver@dabd (47571b8e)]&amp#27;[0m Calling AppiumDriver.getCurrentContext() with args: ["47571b8e-6191-4ef5-a875-b0f0dcd05976"]
&amp#27;[38;5;32m[AndroidUiautomator2Driver@dabd (47571b8e)]&amp#27;[0m Responding to client with driver.getCurrentContext() result: "NATIVE_APP"
&amp#27;[38;5;0m[HTTP]&amp#27;[0m &amp#27;[37m<-- GET /session/47571b8e-6191-4ef5-a875-b0f0dcd05976/context &amp#27;[39m&amp#27;[32m200&amp#27;[39m &amp#27;[90m1 ms - 22&amp#27;[39m
&amp#27;[38;5;0m[HTTP]&amp#27;[0m &amp#27;[90m&amp#27;[39m
&amp#27;[38;5;0m[HTTP]&amp#27;[0m &amp#27;[37m-->&amp#27;[39m &amp#27;[37mPOST&amp#27;[39m &amp#27;[37m/session/47571b8e-6191-4ef5-a875-b0f0dcd05976/element&amp#27;[39m
&amp#27;[38;5;0m[HTTP]&amp#27;[0m &amp#27;[90m{"using":"accessibility id","value":"Username input field"}&amp#27;[39m
&amp#27;[38;5;32m[AndroidUiautomator2Driver@dabd (47571b8e)]&amp#27;[0m Calling AppiumDriver.findElement() with args: ["accessibility id","Username input field","47571b8e-6191-4ef5-a875-b0f0dcd05976"]
&amp#27;[38;5;32m[AndroidUiautomator2Driver@dabd (47571b8e)]&amp#27;[0m Valid locator strategies for this request: xpath, id, class name, accessibility id, css selector, -android uiautomator
&amp#27;[38;5;32m[AndroidUiautomator2Driver@dabd (47571b8e)]&amp#27;[0m Waiting up to 10000 ms for condition
&amp#27;[38;5;32m[AndroidUiautomator2Driver@dabd (47571b8e)]&amp#27;[0m Matched '/element' to command name 'findElement'
&amp#27;[38;5;32m[AndroidUiautomator2Driver@dabd (47571b8e)]&amp#27;[0m Proxying [POST /element] to [POST http://127.0.0.1:8201/session/e99dcc09-a0f0-48bb-8a0b-d829d4323b82/element] with body: {"strategy":"accessibility id","selector":"Username input field","context":"","multiple":false}
&amp#27;[38;5;32m[AndroidUiautomator2Driver@dabd (47571b8e)]&amp#27;[0m Got response with status 200: {"sessionId":"e99dcc09-a0f0-48bb-8a0b-d829d4323b82","value":{"ELEMENT":"00000000-0000-0594-ffff-ffff0000031d","element-6066-11e4-a52e-4f735466cecf":"00000000-0000-0594-ffff-ffff0000031d"}}
&amp#27;[38;5;32m[AndroidUiautomator2Driver@dabd (47571b8e)]&amp#27;[0m Responding to client with driver.findElement() result: {"element-6066-11e4-a52e-4f735466cecf":"00000000-0000-0594-ffff-ffff0000031d","ELEMENT":"00000000-0000-0594-ffff-ffff0000031d"}
&amp#27;[38;5;0m[HTTP]&amp#27;[0m &amp#27;[37m<-- POST /session/47571b8e-6191-4ef5-a875-b0f0dcd05976/element &amp#27;[39m&amp#27;[32m200&amp#27;[39m &amp#27;[90m1733 ms - 137&amp#27;[39m
&amp#27;[38;5;0m[HTTP]&amp#27;[0m &amp#27;[90m&amp#27;[39m
&amp#27;[38;5;0m[HTTP]&amp#27;[0m &amp#27;[37m-->&amp#27;[39m &amp#27;[37mPOST&amp#27;[39m &amp#27;[37m/session/47571b8e-6191-4ef5-a875-b0f0dcd05976/element/00000000-0000-0594-ffff-ffff0000031d/value&amp#27;[39m
&amp#27;[38;5;0m[HTTP]&amp#27;[0m &amp#27;[90m{"id":"00000000-0000-0594-ffff-ffff0000031d","text":"bob@example.com","value":["b","o","b","@","e","x","a","m","p","l","e",".","c","o","m"]}&amp#27;[39m
&amp#27;[38;5;32m[AndroidUiautomator2Driver@dabd (47571b8e)]&amp#27;[0m Calling AppiumDriver.setValue() with args: [["b","o","b","@","e","x","a","m","p","l","e",".","c","o","m"],"00000000-0000-0594-ffff-ffff0000031d","47571b8e-6191-4ef5-a875-b0f0dcd05976"]
&amp#27;[38;5;32m[AndroidUiautomator2Driver@dabd (47571b8e)]&amp#27;[0m Matched '/element/00000000-0000-0594-ffff-ffff0000031d/value' to command name 'setValue'
&amp#27;[38;5;32m[AndroidUiautomator2Driver@dabd (47571b8e)]&amp#27;[0m Added 'value' property ["b","o","b","@","e","x","a","m","p","l","e",".","c","o","m"] to 'setValue' request body
&amp#27;[38;5;32m[AndroidUiautomator2Driver@dabd (47571b8e)]&amp#27;[0m Proxying [POST /element/00000000-0000-0594-ffff-ffff0000031d/value] to [POST http://127.0.0.1:8201/session/e99dcc09-a0f0-48bb-8a0b-d829d4323b82/element/00000000-0000-0594-ffff-ffff0000031d/value] with body: {"elementId":"00000000-0000-0594-ffff-ffff0000031d","text":"bob@example.com","replace":false,"value":["b","o","b","@","e","x","a","m","p","l","e",".","c","o","m"]}
&amp#27;[38;5;32m[AndroidUiautomator2Driver@dabd (47571b8e)]&amp#27;[0m Got response with status 200: {"sessionId":"e99dcc09-a0f0-48bb-8a0b-d829d4323b82","value":null}
&amp#27;[38;5;32m[AndroidUiautomator2Driver@dabd (47571b8e)]&amp#27;[0m Responding to client with driver.setValue() result: null
&amp#27;[38;5;0m[HTTP]&amp#27;[0m &amp#27;[37m<-- POST /session/47571b8e-6191-4ef5-a875-b0f0dcd05976/element/00000000-0000-0594-ffff-ffff0000031d/value &amp#27;[39m&amp#27;[32m200&amp#27;[39m &amp#27;[90m63 ms - 14&amp#27;[39m
&amp#27;[38;5;0m[HTTP]&amp#27;[0m &amp#27;[90m&amp#27;[39m
&amp#27;[38;5;0m[HTTP]&amp#27;[0m &amp#27;[37m-->&amp#27;[39m &amp#27;[37mGET&amp#27;[39m &amp#27;[37m/session/47571b8e-6191-4ef5-a875-b0f0dcd05976/context&amp#27;[39m
&amp#27;[38;5;0m[HTTP]&amp#27;[0m &amp#27;[90m{}&amp#27;[39m
&amp#27;[38;5;32m[AndroidUiautomator2Driver@dabd (47571b8e)]&amp#27;[0m Calling AppiumDriver.getCurrentContext() with args: ["47571b8e-6191-4ef5-a875-b0f0dcd05976"]
&amp#27;[38;5;32m[AndroidUiautomator2Driver@dabd (47571b8e)]&amp#27;[0m Responding to client with driver.getCurrentContext() result: "NATIVE_APP"
&amp#27;[38;5;0m[HTTP]&amp#27;[0m &amp#27;[37m<-- GET /session/47571b8e-6191-4ef5-a875-b0f0dcd05976/context &amp#27;[39m&amp#27;[32m200&amp#27;[39m &amp#27;[90m1 ms - 22&amp#27;[39m
&amp#27;[38;5;0m[HTTP]&amp#27;[0m &amp#27;[90m&amp#27;[39m
&amp#27;[38;5;0m[HTTP]&amp#27;[0m &amp#27;[37m-->&amp#27;[39m &amp#27;[37mPOST&amp#27;[39m &amp#27;[37m/session/47571b8e-6191-4ef5-a875-b0f0dcd05976/element&amp#27;[39m
&amp#27;[38;5;0m[HTTP]&amp#27;[0m &amp#27;[90m{"using":"accessibility id","value":"Password input field"}&amp#27;[39m
&amp#27;[38;5;32m[AndroidUiautomator2Driver@dabd (47571b8e)]&amp#27;[0m Calling AppiumDriver.findElement() with args: ["accessibility id","Password input field","47571b8e-6191-4ef5-a875-b0f0dcd05976"]
&amp#27;[38;5;32m[AndroidUiautomator2Driver@dabd (47571b8e)]&amp#27;[0m Valid locator strategies for this request: xpath, id, class name, accessibility id, css selector, -android uiautomator
&amp#27;[38;5;32m[AndroidUiautomator2Driver@dabd (47571b8e)]&amp#27;[0m Waiting up to 10000 ms for condition
&amp#27;[38;5;32m[AndroidUiautomator2Driver@dabd (47571b8e)]&amp#27;[0m Matched '/element' to command name 'findElement'
&amp#27;[38;5;32m[AndroidUiautomator2Driver@dabd (47571b8e)]&amp#27;[0m Proxying [POST /element] to [POST http://127.0.0.1:8201/session/e99dcc09-a0f0-48bb-8a0b-d829d4323b82/element] with body: {"strategy":"accessibility id","selector":"Password input field","context":"","multiple":false}
&amp#27;[38;5;32m[AndroidUiautomator2Driver@dabd (47571b8e)]&amp#27;[0m Got response with status 200: {"sessionId":"e99dcc09-a0f0-48bb-8a0b-d829d4323b82","value":{"ELEMENT":"00000000-0000-0594-ffff-ffff00000320","element-6066-11e4-a52e-4f735466cecf":"00000000-0000-0594-ffff-ffff00000320"}}
&amp#27;[38;5;32m[AndroidUiautomator2Driver@dabd (47571b8e)]&amp#27;[0m Responding to client with driver.findElement() result: {"element-6066-11e4-a52e-4f735466cecf":"00000000-0000-0594-ffff-ffff00000320","ELEMENT":"00000000-0000-0594-ffff-ffff00000320"}
&amp#27;[38;5;0m[HTTP]&amp#27;[0m &amp#27;[37m<-- POST /session/47571b8e-6191-4ef5-a875-b0f0dcd05976/element &amp#27;[39m&amp#27;[32m200&amp#27;[39m &amp#27;[90m773 ms - 137&amp#27;[39m
&amp#27;[38;5;0m[HTTP]&amp#27;[0m &amp#27;[90m&amp#27;[39m
&amp#27;[38;5;0m[HTTP]&amp#27;[0m &amp#27;[37m-->&amp#27;[39m &amp#27;[37mPOST&amp#27;[39m &amp#27;[37m/session/47571b8e-6191-4ef5-a875-b0f0dcd05976/element/00000000-0000-0594-ffff-ffff00000320/value&amp#27;[39m
&amp#27;[38;5;0m[HTTP]&amp#27;[0m &amp#27;[90m{"id":"00000000-0000-0594-ffff-ffff00000320","text":"10203040","value":["1","0","2","0","3","0","4","0"]}&amp#27;[39m
&amp#27;[38;5;32m[AndroidUiautomator2Driver@dabd (47571b8e)]&amp#27;[0m Calling AppiumDriver.setValue() with args: [["1","0","2","0","3","0","4","0"],"00000000-0000-0594-ffff-ffff00000320","47571b8e-6191-4ef5-a875-b0f0dcd05976"]
&amp#27;[38;5;32m[AndroidUiautomator2Driver@dabd (47571b8e)]&amp#27;[0m Matched '/element/00000000-0000-0594-ffff-ffff00000320/value' to command name 'setValue'
&amp#27;[38;5;32m[AndroidUiautomator2Driver@dabd (47571b8e)]&amp#27;[0m Added 'value' property ["1","0","2","0","3","0","4","0"] to 'setValue' request body
&amp#27;[38;5;32m[AndroidUiautomator2Driver@dabd (47571b8e)]&amp#27;[0m Proxying [POST /element/00000000-0000-0594-ffff-ffff00000320/value] to [POST http://127.0.0.1:8201/session/e99dcc09-a0f0-48bb-8a0b-d829d4323b82/element/00000000-0000-0594-ffff-ffff00000320/value] with body: {"elementId":"00000000-0000-0594-ffff-ffff00000320","text":"10203040","replace":false,"value":["1","0","2","0","3","0","4","0"]}
&amp#27;[38;5;32m[AndroidUiautomator2Driver@dabd (47571b8e)]&amp#27;[0m Got response with status 200: {"sessionId":"e99dcc09-a0f0-48bb-8a0b-d829d4323b82","value":null}
&amp#27;[38;5;32m[AndroidUiautomator2Driver@dabd (47571b8e)]&amp#27;[0m Responding to client with driver.setValue() result: null
&amp#27;[38;5;0m[HTTP]&amp#27;[0m &amp#27;[37m<-- POST /session/47571b8e-6191-4ef5-a875-b0f0dcd05976/element/00000000-0000-0594-ffff-ffff00000320/value &amp#27;[39m&amp#27;[32m200&amp#27;[39m &amp#27;[90m57 ms - 14&amp#27;[39m
&amp#27;[38;5;0m[HTTP]&amp#27;[0m &amp#27;[90m&amp#27;[39m
&amp#27;[38;5;0m[HTTP]&amp#27;[0m &amp#27;[37m-->&amp#27;[39m &amp#27;[37mGET&amp#27;[39m &amp#27;[37m/session/47571b8e-6191-4ef5-a875-b0f0dcd05976/context&amp#27;[39m
&amp#27;[38;5;0m[HTTP]&amp#27;[0m &amp#27;[90m{}&amp#27;[39m
&amp#27;[38;5;32m[AndroidUiautomator2Driver@dabd (47571b8e)]&amp#27;[0m Calling AppiumDriver.getCurrentContext() with args: ["47571b8e-6191-4ef5-a875-b0f0dcd05976"]
&amp#27;[38;5;32m[AndroidUiautomator2Driver@dabd (47571b8e)]&amp#27;[0m Responding to client with driver.getCurrentContext() result: "NATIVE_APP"
&amp#27;[38;5;0m[HTTP]&amp#27;[0m &amp#27;[37m<-- GET /session/47571b8e-6191-4ef5-a875-b0f0dcd05976/context &amp#27;[39m&amp#27;[32m200&amp#27;[39m &amp#27;[90m1 ms - 22&amp#27;[39m
&amp#27;[38;5;0m[HTTP]&amp#27;[0m &amp#27;[90m&amp#27;[39m
&amp#27;[38;5;0m[HTTP]&amp#27;[0m &amp#27;[37m-->&amp#27;[39m &amp#27;[37mPOST&amp#27;[39m &amp#27;[37m/session/47571b8e-6191-4ef5-a875-b0f0dcd05976/element&amp#27;[39m
&amp#27;[38;5;0m[HTTP]&amp#27;[0m &amp#27;[90m{"using":"accessibility id","value":"Login button"}&amp#27;[39m
&amp#27;[38;5;32m[AndroidUiautomator2Driver@dabd (47571b8e)]&amp#27;[0m Calling AppiumDriver.findElement() with args: ["accessibility id","Login button","47571b8e-6191-4ef5-a875-b0f0dcd05976"]
&amp#27;[38;5;32m[AndroidUiautomator2Driver@dabd (47571b8e)]&amp#27;[0m Valid locator strategies for this request: xpath, id, class name, accessibility id, css selector, -android uiautomator
&amp#27;[38;5;32m[AndroidUiautomator2Driver@dabd (47571b8e)]&amp#27;[0m Waiting up to 10000 ms for condition
&amp#27;[38;5;32m[AndroidUiautomator2Driver@dabd (47571b8e)]&amp#27;[0m Matched '/element' to command name 'findElement'
&amp#27;[38;5;32m[AndroidUiautomator2Driver@dabd (47571b8e)]&amp#27;[0m Proxying [POST /element] to [POST http://127.0.0.1:8201/session/e99dcc09-a0f0-48bb-8a0b-d829d4323b82/element] with body: {"strategy":"accessibility id","selector":"Login button","context":"","multiple":false}
&amp#27;[38;5;32m[AndroidUiautomator2Driver@dabd (47571b8e)]&amp#27;[0m Got response with status 200: {"sessionId":"e99dcc09-a0f0-48bb-8a0b-d829d4323b82","value":{"ELEMENT":"00000000-0000-0594-ffff-ffff00000323","element-6066-11e4-a52e-4f735466cecf":"00000000-0000-0594-ffff-ffff00000323"}}
&amp#27;[38;5;32m[AndroidUiautomator2Driver@dabd (47571b8e)]&amp#27;[0m Responding to client with driver.findElement() result: {"element-6066-11e4-a52e-4f735466cecf":"00000000-0000-0594-ffff-ffff00000323","ELEMENT":"00000000-0000-0594-ffff-ffff00000323"}
&amp#27;[38;5;0m[HTTP]&amp#27;[0m &amp#27;[37m<-- POST /session/47571b8e-6191-4ef5-a875-b0f0dcd05976/element &amp#27;[39m&amp#27;[32m200&amp#27;[39m &amp#27;[90m1187 ms - 137&amp#27;[39m
&amp#27;[38;5;0m[HTTP]&amp#27;[0m &amp#27;[90m&amp#27;[39m
&amp#27;[38;5;0m[HTTP]&amp#27;[0m &amp#27;[37m-->&amp#27;[39m &amp#27;[37mPOST&amp#27;[39m &amp#27;[37m/session/47571b8e-6191-4ef5-a875-b0f0dcd05976/element/00000000-0000-0594-ffff-ffff00000323/click&amp#27;[39m
&amp#27;[38;5;0m[HTTP]&amp#27;[0m &amp#27;[90m{"id":"00000000-0000-0594-ffff-ffff00000323"}&amp#27;[39m
&amp#27;[38;5;32m[AndroidUiautomator2Driver@dabd (47571b8e)]&amp#27;[0m Calling AppiumDriver.click() with args: ["00000000-0000-0594-ffff-ffff00000323","47571b8e-6191-4ef5-a875-b0f0dcd05976"]
&amp#27;[38;5;32m[AndroidUiautomator2Driver@dabd (47571b8e)]&amp#27;[0m Matched '/element/00000000-0000-0594-ffff-ffff00000323/click' to command name 'click'
&amp#27;[38;5;32m[AndroidUiautomator2Driver@dabd (47571b8e)]&amp#27;[0m Proxying [POST /element/00000000-0000-0594-ffff-ffff00000323/click] to [POST http://127.0.0.1:8201/session/e99dcc09-a0f0-48bb-8a0b-d829d4323b82/element/00000000-0000-0594-ffff-ffff00000323/click] with body: {"element":"00000000-0000-0594-ffff-ffff00000323"}
&amp#27;[38;5;32m[AndroidUiautomator2Driver@dabd (47571b8e)]&amp#27;[0m Got response with status 200: {"sessionId":"e99dcc09-a0f0-48bb-8a0b-d829d4323b82","value":null}
&amp#27;[38;5;32m[AndroidUiautomator2Driver@dabd (47571b8e)]&amp#27;[0m Responding to client with driver.click() result: null
&amp#27;[38;5;0m[HTTP]&amp#27;[0m &amp#27;[37m<-- POST /session/47571b8e-6191-4ef5-a875-b0f0dcd05976/element/00000000-0000-0594-ffff-ffff00000323/click &amp#27;[39m&amp#27;[32m200&amp#27;[39m &amp#27;[90m109 ms - 14&amp#27;[39m
&amp#27;[38;5;0m[HTTP]&amp#27;[0m &amp#27;[90m&amp#27;[39m
&amp#27;[38;5;0m[HTTP]&amp#27;[0m &amp#27;[37m-->&amp#27;[39m &amp#27;[37mGET&amp#27;[39m &amp#27;[37m/session/47571b8e-6191-4ef5-a875-b0f0dcd05976/context&amp#27;[39m
&amp#27;[38;5;0m[HTTP]&amp#27;[0m &amp#27;[90m{}&amp#27;[39m
&amp#27;[38;5;32m[AndroidUiautomator2Driver@dabd (47571b8e)]&amp#27;[0m Calling AppiumDriver.getCurrentContext() with args: ["47571b8e-6191-4ef5-a875-b0f0dcd05976"]
&amp#27;[38;5;32m[AndroidUiautomator2Driver@dabd (47571b8e)]&amp#27;[0m Responding to client with driver.getCurrentContext() result: "NATIVE_APP"
&amp#27;[38;5;0m[HTTP]&amp#27;[0m &amp#27;[37m<-- GET /session/47571b8e-6191-4ef5-a875-b0f0dcd05976/context &amp#27;[39m&amp#27;[32m200&amp#27;[39m &amp#27;[90m1 ms - 22&amp#27;[39m
&amp#27;[38;5;0m[HTTP]&amp#27;[0m &amp#27;[90m&amp#27;[39m
&amp#27;[38;5;0m[HTTP]&amp#27;[0m &amp#27;[37m-->&amp#27;[39m &amp#27;[37mPOST&amp#27;[39m &amp#27;[37m/session/47571b8e-6191-4ef5-a875-b0f0dcd05976/element&amp#27;[39m
&amp#27;[38;5;0m[HTTP]&amp#27;[0m &amp#27;[90m{"using":"xpath","value":"//android.widget.TextView[contains(@text,'shipping')]"}&amp#27;[39m
&amp#27;[38;5;32m[AndroidUiautomator2Driver@dabd (47571b8e)]&amp#27;[0m Calling AppiumDriver.findElement() with args: ["xpath","//android.widget.TextView[contains(@text,'shipping')]","47571b8e-6191-4ef5-a875-b0f0dcd05976"]
&amp#27;[38;5;32m[AndroidUiautomator2Driver@dabd (47571b8e)]&amp#27;[0m Valid locator strategies for this request: xpath, id, class name, accessibility id, css selector, -android uiautomator
&amp#27;[38;5;32m[AndroidUiautomator2Driver@dabd (47571b8e)]&amp#27;[0m Waiting up to 10000 ms for condition
&amp#27;[38;5;32m[AndroidUiautomator2Driver@dabd (47571b8e)]&amp#27;[0m Matched '/element' to command name 'findElement'
&amp#27;[38;5;32m[AndroidUiautomator2Driver@dabd (47571b8e)]&amp#27;[0m Proxying [POST /element] to [POST http://127.0.0.1:8201/session/e99dcc09-a0f0-48bb-8a0b-d829d4323b82/element] with body: {"strategy":"xpath","selector":"//android.widget.TextView[contains(@text,'shipping')]","context":"","multiple":false}
&amp#27;[38;5;32m[AndroidUiautomator2Driver@dabd (47571b8e)]&amp#27;[0m Got response with status 200: {"sessionId":"e99dcc09-a0f0-48bb-8a0b-d829d4323b82","value":{"ELEMENT":"00000000-0000-0594-ffff-ffff00000481","element-6066-11e4-a52e-4f735466cecf":"00000000-0000-0594-ffff-ffff00000481"}}
&amp#27;[38;5;32m[AndroidUiautomator2Driver@dabd (47571b8e)]&amp#27;[0m Responding to client with driver.findElement() result: {"element-6066-11e4-a52e-4f735466cecf":"00000000-0000-0594-ffff-ffff00000481","ELEMENT":"00000000-0000-0594-ffff-ffff00000481"}
&amp#27;[38;5;0m[HTTP]&amp#27;[0m &amp#27;[37m<-- POST /session/47571b8e-6191-4ef5-a875-b0f0dcd05976/element &amp#27;[39m&amp#27;[32m200&amp#27;[39m &amp#27;[90m1569 ms - 137&amp#27;[39m
&amp#27;[38;5;0m[HTTP]&amp#27;[0m &amp#27;[90m&amp#27;[39m
&amp#27;[38;5;0m[HTTP]&amp#27;[0m &amp#27;[37m-->&amp#27;[39m &amp#27;[37mGET&amp#27;[39m &amp#27;[37m/session/47571b8e-6191-4ef5-a875-b0f0dcd05976/element/00000000-0000-0594-ffff-ffff00000481/text&amp#27;[39m
&amp#27;[38;5;0m[HTTP]&amp#27;[0m &amp#27;[90m{}&amp#27;[39m
&amp#27;[38;5;32m[AndroidUiautomator2Driver@dabd (47571b8e)]&amp#27;[0m Driver proxy active, passing request on via HTTP proxy
&amp#27;[38;5;32m[AndroidUiautomator2Driver@dabd (47571b8e)]&amp#27;[0m Matched '/session/47571b8e-6191-4ef5-a875-b0f0dcd05976/element/00000000-0000-0594-ffff-ffff00000481/text' to command name 'getText'
&amp#27;[38;5;32m[AndroidUiautomator2Driver@dabd (47571b8e)]&amp#27;[0m Proxying [GET /session/47571b8e-6191-4ef5-a875-b0f0dcd05976/element/00000000-0000-0594-ffff-ffff00000481/text] to [GET http://127.0.0.1:8201/session/e99dcc09-a0f0-48bb-8a0b-d829d4323b82/element/00000000-0000-0594-ffff-ffff00000481/text] with no body
&amp#27;[38;5;32m[AndroidUiautomator2Driver@dabd (47571b8e)]&amp#27;[0m Got response with status 200: {"sessionId":"e99dcc09-a0f0-48bb-8a0b-d829d4323b82","value":"Enter a shipping address"}
&amp#27;[38;5;32m[AndroidUiautomator2Driver@dabd (47571b8e)]&amp#27;[0m Replacing sessionId e99dcc09-a0f0-48bb-8a0b-d829d4323b82 with 47571b8e-6191-4ef5-a875-b0f0dcd05976
&amp#27;[38;5;0m[HTTP]&amp#27;[0m &amp#27;[37m<-- GET /session/47571b8e-6191-4ef5-a875-b0f0dcd05976/element/00000000-0000-0594-ffff-ffff00000481/text &amp#27;[39m&amp#27;[32m200&amp#27;[39m &amp#27;[90m44 ms - 87&amp#27;[39m
&amp#27;[38;5;0m[HTTP]&amp#27;[0m &amp#27;[90m&amp#27;[39m
&amp#27;[38;5;0m[HTTP]&amp#27;[0m &amp#27;[37m-->&amp#27;[39m &amp#27;[37mGET&amp#27;[39m &amp#27;[37m/session/47571b8e-6191-4ef5-a875-b0f0dcd05976/context&amp#27;[39m
&amp#27;[38;5;0m[HTTP]&amp#27;[0m &amp#27;[90m{}&amp#27;[39m
&amp#27;[38;5;32m[AndroidUiautomator2Driver@dabd (47571b8e)]&amp#27;[0m Calling AppiumDriver.getCurrentContext() with args: ["47571b8e-6191-4ef5-a875-b0f0dcd05976"]
&amp#27;[38;5;32m[AndroidUiautomator2Driver@dabd (47571b8e)]&amp#27;[0m Responding to client with driver.getCurrentContext() result: "NATIVE_APP"
&amp#27;[38;5;0m[HTTP]&amp#27;[0m &amp#27;[37m<-- GET /session/47571b8e-6191-4ef5-a875-b0f0dcd05976/context &amp#27;[39m&amp#27;[32m200&amp#27;[39m &amp#27;[90m1 ms - 22&amp#27;[39m
&amp#27;[38;5;0m[HTTP]&amp#27;[0m &amp#27;[90m&amp#27;[39m
&amp#27;[38;5;0m[HTTP]&amp#27;[0m &amp#27;[37m-->&amp#27;[39m &amp#27;[37mPOST&amp#27;[39m &amp#27;[37m/session/47571b8e-6191-4ef5-a875-b0f0dcd05976/element&amp#27;[39m
&amp#27;[38;5;0m[HTTP]&amp#27;[0m &amp#27;[90m{"using":"accessibility id","value":"Full Name* input field"}&amp#27;[39m
&amp#27;[38;5;32m[AndroidUiautomator2Driver@dabd (47571b8e)]&amp#27;[0m Calling AppiumDriver.findElement() with args: ["accessibility id","Full Name* input field","47571b8e-6191-4ef5-a875-b0f0dcd05976"]
&amp#27;[38;5;32m[AndroidUiautomator2Driver@dabd (47571b8e)]&amp#27;[0m Valid locator strategies for this request: xpath, id, class name, accessibility id, css selector, -android uiautomator
&amp#27;[38;5;32m[AndroidUiautomator2Driver@dabd (47571b8e)]&amp#27;[0m Waiting up to 10000 ms for condition
&amp#27;[38;5;32m[AndroidUiautomator2Driver@dabd (47571b8e)]&amp#27;[0m Matched '/element' to command name 'findElement'
&amp#27;[38;5;32m[AndroidUiautomator2Driver@dabd (47571b8e)]&amp#27;[0m Proxying [POST /element] to [POST http://127.0.0.1:8201/session/e99dcc09-a0f0-48bb-8a0b-d829d4323b82/element] with body: {"strategy":"accessibility id","selector":"Full Name* input field","context":"","multiple":false}
&amp#27;[38;5;32m[AndroidUiautomator2Driver@dabd (47571b8e)]&amp#27;[0m Got response with status 200: {"sessionId":"e99dcc09-a0f0-48bb-8a0b-d829d4323b82","value":{"ELEMENT":"00000000-0000-0594-ffff-ffff00000483","element-6066-11e4-a52e-4f735466cecf":"00000000-0000-0594-ffff-ffff00000483"}}
&amp#27;[38;5;32m[AndroidUiautomator2Driver@dabd (47571b8e)]&amp#27;[0m Responding to client with driver.findElement() result: {"element-6066-11e4-a52e-4f735466cecf":"00000000-0000-0594-ffff-ffff00000483","ELEMENT":"00000000-0000-0594-ffff-ffff00000483"}
&amp#27;[38;5;0m[HTTP]&amp#27;[0m &amp#27;[37m<-- POST /session/47571b8e-6191-4ef5-a875-b0f0dcd05976/element &amp#27;[39m&amp#27;[32m200&amp#27;[39m &amp#27;[90m229 ms - 137&amp#27;[39m
&amp#27;[38;5;0m[HTTP]&amp#27;[0m &amp#27;[90m&amp#27;[39m
&amp#27;[38;5;0m[HTTP]&amp#27;[0m &amp#27;[37m-->&amp#27;[39m &amp#27;[37mPOST&amp#27;[39m &amp#27;[37m/session/47571b8e-6191-4ef5-a875-b0f0dcd05976/element/00000000-0000-0594-ffff-ffff00000483/value&amp#27;[39m
&amp#27;[38;5;0m[HTTP]&amp#27;[0m &amp#27;[90m{"id":"00000000-0000-0594-ffff-ffff00000483","text":"Bob Fisher","value":["B","o","b"," ","F","i","s","h","e","r"]}&amp#27;[39m
&amp#27;[38;5;32m[AndroidUiautomator2Driver@dabd (47571b8e)]&amp#27;[0m Calling AppiumDriver.setValue() with args: [["B","o","b"," ","F","i","s","h","e","r"],"00000000-0000-0594-ffff-ffff00000483","47571b8e-6191-4ef5-a875-b0f0dcd05976"]
&amp#27;[38;5;32m[AndroidUiautomator2Driver@dabd (47571b8e)]&amp#27;[0m Matched '/element/00000000-0000-0594-ffff-ffff00000483/value' to command name 'setValue'
&amp#27;[38;5;32m[AndroidUiautomator2Driver@dabd (47571b8e)]&amp#27;[0m Added 'value' property ["B","o","b"," ","F","i","s","h","e","r"] to 'setValue' request body
&amp#27;[38;5;32m[AndroidUiautomator2Driver@dabd (47571b8e)]&amp#27;[0m Proxying [POST /element/00000000-0000-0594-ffff-ffff00000483/value] to [POST http://127.0.0.1:8201/session/e99dcc09-a0f0-48bb-8a0b-d829d4323b82/element/00000000-0000-0594-ffff-ffff00000483/value] with body: {"elementId":"00000000-0000-0594-ffff-ffff00000483","text":"Bob Fisher","replace":false,"value":["B","o","b"," ","F","i","s","h","e","r"]}
&amp#27;[38;5;32m[AndroidUiautomator2Driver@dabd (47571b8e)]&amp#27;[0m Got response with status 200: {"sessionId":"e99dcc09-a0f0-48bb-8a0b-d829d4323b82","value":null}
&amp#27;[38;5;32m[AndroidUiautomator2Driver@dabd (47571b8e)]&amp#27;[0m Responding to client with driver.setValue() result: null
&amp#27;[38;5;0m[HTTP]&amp#27;[0m &amp#27;[37m<-- POST /session/47571b8e-6191-4ef5-a875-b0f0dcd05976/element/00000000-0000-0594-ffff-ffff00000483/value &amp#27;[39m&amp#27;[32m200&amp#27;[39m &amp#27;[90m60 ms - 14&amp#27;[39m
&amp#27;[38;5;0m[HTTP]&amp#27;[0m &amp#27;[90m&amp#27;[39m
&amp#27;[38;5;0m[HTTP]&amp#27;[0m &amp#27;[37m-->&amp#27;[39m &amp#27;[37mPOST&amp#27;[39m &amp#27;[37m/session/47571b8e-6191-4ef5-a875-b0f0dcd05976/execute/sync&amp#27;[39m
&amp#27;[38;5;0m[HTTP]&amp#27;[0m &amp#27;[90m{"script":"mobile: hideKeyboard","args":[]}&amp#27;[39m
&amp#27;[38;5;32m[AndroidUiautomator2Driver@dabd (47571b8e)]&amp#27;[0m Calling AppiumDriver.execute() with args: ["mobile: hideKeyboard",[],"47571b8e-6191-4ef5-a875-b0f0dcd05976"]
&amp#27;[38;5;32m[AndroidUiautomator2Driver@dabd (47571b8e)]&amp#27;[0m Executing method 'mobile: hideKeyboard'
&amp#27;[38;5;64m[ADB]&amp#27;[0m Running 'C:\Users\super\Desktop\Study\Appium\cmdline-tools\bin\platform-tools\adb.exe -P 5037 -s LMG900TMW8KJ7DTSOB shell dumpsys input_method'
&amp#27;[38;5;64m[ADB]&amp#27;[0m Keyboard has no UI; no closing necessary
&amp#27;[38;5;32m[AndroidUiautomator2Driver@dabd (47571b8e)]&amp#27;[0m Responding to client with driver.execute() result: false
&amp#27;[38;5;0m[HTTP]&amp#27;[0m &amp#27;[37m<-- POST /session/47571b8e-6191-4ef5-a875-b0f0dcd05976/execute/sync &amp#27;[39m&amp#27;[32m200&amp#27;[39m &amp#27;[90m74 ms - 15&amp#27;[39m
&amp#27;[38;5;0m[HTTP]&amp#27;[0m &amp#27;[90m&amp#27;[39m
&amp#27;[38;5;0m[HTTP]&amp#27;[0m &amp#27;[37m-->&amp#27;[39m &amp#27;[37mGET&amp#27;[39m &amp#27;[37m/session/47571b8e-6191-4ef5-a875-b0f0dcd05976/context&amp#27;[39m
&amp#27;[38;5;0m[HTTP]&amp#27;[0m &amp#27;[90m{}&amp#27;[39m
&amp#27;[38;5;32m[AndroidUiautomator2Driver@dabd (47571b8e)]&amp#27;[0m Calling AppiumDriver.getCurrentContext() with args: ["47571b8e-6191-4ef5-a875-b0f0dcd05976"]
&amp#27;[38;5;32m[AndroidUiautomator2Driver@dabd (47571b8e)]&amp#27;[0m Responding to client with driver.getCurrentContext() result: "NATIVE_APP"
&amp#27;[38;5;0m[HTTP]&amp#27;[0m &amp#27;[37m<-- GET /session/47571b8e-6191-4ef5-a875-b0f0dcd05976/context &amp#27;[39m&amp#27;[32m200&amp#27;[39m &amp#27;[90m1 ms - 22&amp#27;[39m
&amp#27;[38;5;0m[HTTP]&amp#27;[0m &amp#27;[90m&amp#27;[39m
&amp#27;[38;5;0m[HTTP]&amp#27;[0m &amp#27;[37m-->&amp#27;[39m &amp#27;[37mPOST&amp#27;[39m &amp#27;[37m/session/47571b8e-6191-4ef5-a875-b0f0dcd05976/element&amp#27;[39m
&amp#27;[38;5;0m[HTTP]&amp#27;[0m &amp#27;[90m{"using":"accessibility id","value":"Address Line 1* input field"}&amp#27;[39m
&amp#27;[38;5;32m[AndroidUiautomator2Driver@dabd (47571b8e)]&amp#27;[0m Calling AppiumDriver.findElement() with args: ["accessibility id","Address Line 1* input field","47571b8e-6191-4ef5-a875-b0f0dcd05976"]
&amp#27;[38;5;32m[AndroidUiautomator2Driver@dabd (47571b8e)]&amp#27;[0m Valid locator strategies for this request: xpath, id, class name, accessibility id, css selector, -android uiautomator
&amp#27;[38;5;32m[AndroidUiautomator2Driver@dabd (47571b8e)]&amp#27;[0m Waiting up to 10000 ms for condition
&amp#27;[38;5;32m[AndroidUiautomator2Driver@dabd (47571b8e)]&amp#27;[0m Matched '/element' to command name 'findElement'
&amp#27;[38;5;32m[AndroidUiautomator2Driver@dabd (47571b8e)]&amp#27;[0m Proxying [POST /element] to [POST http://127.0.0.1:8201/session/e99dcc09-a0f0-48bb-8a0b-d829d4323b82/element] with body: {"strategy":"accessibility id","selector":"Address Line 1* input field","context":"","multiple":false}
&amp#27;[38;5;32m[AndroidUiautomator2Driver@dabd (47571b8e)]&amp#27;[0m Got response with status 200: {"sessionId":"e99dcc09-a0f0-48bb-8a0b-d829d4323b82","value":{"ELEMENT":"00000000-0000-0594-ffff-ffff00000486","element-6066-11e4-a52e-4f735466cecf":"00000000-0000-0594-ffff-ffff00000486"}}
&amp#27;[38;5;32m[AndroidUiautomator2Driver@dabd (47571b8e)]&amp#27;[0m Responding to client with driver.findElement() result: {"element-6066-11e4-a52e-4f735466cecf":"00000000-0000-0594-ffff-ffff00000486","ELEMENT":"00000000-0000-0594-ffff-ffff00000486"}
&amp#27;[38;5;0m[HTTP]&amp#27;[0m &amp#27;[37m<-- POST /session/47571b8e-6191-4ef5-a875-b0f0dcd05976/element &amp#27;[39m&amp#27;[32m200&amp#27;[39m &amp#27;[90m602 ms - 137&amp#27;[39m
&amp#27;[38;5;0m[HTTP]&amp#27;[0m &amp#27;[90m&amp#27;[39m
&amp#27;[38;5;0m[HTTP]&amp#27;[0m &amp#27;[37m-->&amp#27;[39m &amp#27;[37mPOST&amp#27;[39m &amp#27;[37m/session/47571b8e-6191-4ef5-a875-b0f0dcd05976/element/00000000-0000-0594-ffff-ffff00000486/value&amp#27;[39m
&amp#27;[38;5;0m[HTTP]&amp#27;[0m &amp#27;[90m{"id":"00000000-0000-0594-ffff-ffff00000486","text":"123 Test Ave","value":["1","2","3"," ","T","e","s","t"," ","A","v","e"]}&amp#27;[39m
&amp#27;[38;5;32m[AndroidUiautomator2Driver@dabd (47571b8e)]&amp#27;[0m Calling AppiumDriver.setValue() with args: [["1","2","3"," ","T","e","s","t"," ","A","v","e"],"00000000-0000-0594-ffff-ffff00000486","47571b8e-6191-4ef5-a875-b0f0dcd05976"]
&amp#27;[38;5;32m[AndroidUiautomator2Driver@dabd (47571b8e)]&amp#27;[0m Matched '/element/00000000-0000-0594-ffff-ffff00000486/value' to command name 'setValue'
&amp#27;[38;5;32m[AndroidUiautomator2Driver@dabd (47571b8e)]&amp#27;[0m Added 'value' property ["1","2","3"," ","T","e","s","t"," ","A","v","e"] to 'setValue' request body
&amp#27;[38;5;32m[AndroidUiautomator2Driver@dabd (47571b8e)]&amp#27;[0m Proxying [POST /element/00000000-0000-0594-ffff-ffff00000486/value] to [POST http://127.0.0.1:8201/session/e99dcc09-a0f0-48bb-8a0b-d829d4323b82/element/00000000-0000-0594-ffff-ffff00000486/value] with body: {"elementId":"00000000-0000-0594-ffff-ffff00000486","text":"123 Test Ave","replace":false,"value":["1","2","3"," ","T","e","s","t"," ","A","v","e"]}
&amp#27;[38;5;32m[AndroidUiautomator2Driver@dabd (47571b8e)]&amp#27;[0m Got response with status 200: {"sessionId":"e99dcc09-a0f0-48bb-8a0b-d829d4323b82","value":null}
&amp#27;[38;5;32m[AndroidUiautomator2Driver@dabd (47571b8e)]&amp#27;[0m Responding to client with driver.setValue() result: null
&amp#27;[38;5;0m[HTTP]&amp#27;[0m &amp#27;[37m<-- POST /session/47571b8e-6191-4ef5-a875-b0f0dcd05976/element/00000000-0000-0594-ffff-ffff00000486/value &amp#27;[39m&amp#27;[32m200&amp#27;[39m &amp#27;[90m95 ms - 14&amp#27;[39m
&amp#27;[38;5;0m[HTTP]&amp#27;[0m &amp#27;[90m&amp#27;[39m
&amp#27;[38;5;0m[HTTP]&amp#27;[0m &amp#27;[37m-->&amp#27;[39m &amp#27;[37mGET&amp#27;[39m &amp#27;[37m/session/47571b8e-6191-4ef5-a875-b0f0dcd05976/context&amp#27;[39m
&amp#27;[38;5;0m[HTTP]&amp#27;[0m &amp#27;[90m{}&amp#27;[39m
&amp#27;[38;5;32m[AndroidUiautomator2Driver@dabd (47571b8e)]&amp#27;[0m Calling AppiumDriver.getCurrentContext() with args: ["47571b8e-6191-4ef5-a875-b0f0dcd05976"]
&amp#27;[38;5;32m[AndroidUiautomator2Driver@dabd (47571b8e)]&amp#27;[0m Responding to client with driver.getCurrentContext() result: "NATIVE_APP"
&amp#27;[38;5;0m[HTTP]&amp#27;[0m &amp#27;[37m<-- GET /session/47571b8e-6191-4ef5-a875-b0f0dcd05976/context &amp#27;[39m&amp#27;[32m200&amp#27;[39m &amp#27;[90m1 ms - 22&amp#27;[39m
&amp#27;[38;5;0m[HTTP]&amp#27;[0m &amp#27;[90m&amp#27;[39m
&amp#27;[38;5;0m[HTTP]&amp#27;[0m &amp#27;[37m-->&amp#27;[39m &amp#27;[37mPOST&amp#27;[39m &amp#27;[37m/session/47571b8e-6191-4ef5-a875-b0f0dcd05976/element&amp#27;[39m
&amp#27;[38;5;0m[HTTP]&amp#27;[0m &amp#27;[90m{"using":"accessibility id","value":"Address Line 2 input field"}&amp#27;[39m
&amp#27;[38;5;32m[AndroidUiautomator2Driver@dabd (47571b8e)]&amp#27;[0m Calling AppiumDriver.findElement() with args: ["accessibility id","Address Line 2 input field","47571b8e-6191-4ef5-a875-b0f0dcd05976"]
&amp#27;[38;5;32m[AndroidUiautomator2Driver@dabd (47571b8e)]&amp#27;[0m Valid locator strategies for this request: xpath, id, class name, accessibility id, css selector, -android uiautomator
&amp#27;[38;5;32m[AndroidUiautomator2Driver@dabd (47571b8e)]&amp#27;[0m Waiting up to 10000 ms for condition
&amp#27;[38;5;32m[AndroidUiautomator2Driver@dabd (47571b8e)]&amp#27;[0m Matched '/element' to command name 'findElement'
&amp#27;[38;5;32m[AndroidUiautomator2Driver@dabd (47571b8e)]&amp#27;[0m Proxying [POST /element] to [POST http://127.0.0.1:8201/session/e99dcc09-a0f0-48bb-8a0b-d829d4323b82/element] with body: {"strategy":"accessibility id","selector":"Address Line 2 input field","context":"","multiple":false}
&amp#27;[38;5;32m[AndroidUiautomator2Driver@dabd (47571b8e)]&amp#27;[0m Got response with status 200: {"sessionId":"e99dcc09-a0f0-48bb-8a0b-d829d4323b82","value":{"ELEMENT":"00000000-0000-0594-ffff-ffff00000489","element-6066-11e4-a52e-4f735466cecf":"00000000-0000-0594-ffff-ffff00000489"}}
&amp#27;[38;5;32m[AndroidUiautomator2Driver@dabd (47571b8e)]&amp#27;[0m Responding to client with driver.findElement() result: {"element-6066-11e4-a52e-4f735466cecf":"00000000-0000-0594-ffff-ffff00000489","ELEMENT":"00000000-0000-0594-ffff-ffff00000489"}
&amp#27;[38;5;0m[HTTP]&amp#27;[0m &amp#27;[37m<-- POST /session/47571b8e-6191-4ef5-a875-b0f0dcd05976/element &amp#27;[39m&amp#27;[32m200&amp#27;[39m &amp#27;[90m689 ms - 137&amp#27;[39m
&amp#27;[38;5;0m[HTTP]&amp#27;[0m &amp#27;[90m&amp#27;[39m
&amp#27;[38;5;0m[HTTP]&amp#27;[0m &amp#27;[37m-->&amp#27;[39m &amp#27;[37mPOST&amp#27;[39m &amp#27;[37m/session/47571b8e-6191-4ef5-a875-b0f0dcd05976/element/00000000-0000-0594-ffff-ffff00000489/value&amp#27;[39m
&amp#27;[38;5;0m[HTTP]&amp#27;[0m &amp#27;[90m{"id":"00000000-0000-0594-ffff-ffff00000489","text":"999","value":["9","9","9"]}&amp#27;[39m
&amp#27;[38;5;32m[AndroidUiautomator2Driver@dabd (47571b8e)]&amp#27;[0m Calling AppiumDriver.setValue() with args: [["9","9","9"],"00000000-0000-0594-ffff-ffff00000489","47571b8e-6191-4ef5-a875-b0f0dcd05976"]
&amp#27;[38;5;32m[AndroidUiautomator2Driver@dabd (47571b8e)]&amp#27;[0m Matched '/element/00000000-0000-0594-ffff-ffff00000489/value' to command name 'setValue'
&amp#27;[38;5;32m[AndroidUiautomator2Driver@dabd (47571b8e)]&amp#27;[0m Added 'value' property ["9","9","9"] to 'setValue' request body
&amp#27;[38;5;32m[AndroidUiautomator2Driver@dabd (47571b8e)]&amp#27;[0m Proxying [POST /element/00000000-0000-0594-ffff-ffff00000489/value] to [POST http://127.0.0.1:8201/session/e99dcc09-a0f0-48bb-8a0b-d829d4323b82/element/00000000-0000-0594-ffff-ffff00000489/value] with body: {"elementId":"00000000-0000-0594-ffff-ffff00000489","text":"999","replace":false,"value":["9","9","9"]}
&amp#27;[38;5;32m[AndroidUiautomator2Driver@dabd (47571b8e)]&amp#27;[0m Got response with status 200: {"sessionId":"e99dcc09-a0f0-48bb-8a0b-d829d4323b82","value":null}
&amp#27;[38;5;32m[AndroidUiautomator2Driver@dabd (47571b8e)]&amp#27;[0m Responding to client with driver.setValue() result: null
&amp#27;[38;5;0m[HTTP]&amp#27;[0m &amp#27;[37m<-- POST /session/47571b8e-6191-4ef5-a875-b0f0dcd05976/element/00000000-0000-0594-ffff-ffff00000489/value &amp#27;[39m&amp#27;[32m200&amp#27;[39m &amp#27;[90m76 ms - 14&amp#27;[39m
&amp#27;[38;5;0m[HTTP]&amp#27;[0m &amp#27;[90m&amp#27;[39m
&amp#27;[38;5;0m[HTTP]&amp#27;[0m &amp#27;[37m-->&amp#27;[39m &amp#27;[37mGET&amp#27;[39m &amp#27;[37m/session/47571b8e-6191-4ef5-a875-b0f0dcd05976/context&amp#27;[39m
&amp#27;[38;5;0m[HTTP]&amp#27;[0m &amp#27;[90m{}&amp#27;[39m
&amp#27;[38;5;32m[AndroidUiautomator2Driver@dabd (47571b8e)]&amp#27;[0m Calling AppiumDriver.getCurrentContext() with args: ["47571b8e-6191-4ef5-a875-b0f0dcd05976"]
&amp#27;[38;5;32m[AndroidUiautomator2Driver@dabd (47571b8e)]&amp#27;[0m Responding to client with driver.getCurrentContext() result: "NATIVE_APP"
&amp#27;[38;5;0m[HTTP]&amp#27;[0m &amp#27;[37m<-- GET /session/47571b8e-6191-4ef5-a875-b0f0dcd05976/context &amp#27;[39m&amp#27;[32m200&amp#27;[39m &amp#27;[90m1 ms - 22&amp#27;[39m
&amp#27;[38;5;0m[HTTP]&amp#27;[0m &amp#27;[90m&amp#27;[39m
&amp#27;[38;5;0m[HTTP]&amp#27;[0m &amp#27;[37m-->&amp#27;[39m &amp#27;[37mPOST&amp#27;[39m &amp#27;[37m/session/47571b8e-6191-4ef5-a875-b0f0dcd05976/element&amp#27;[39m
&amp#27;[38;5;0m[HTTP]&amp#27;[0m &amp#27;[90m{"using":"accessibility id","value":"City* input field"}&amp#27;[39m
&amp#27;[38;5;32m[AndroidUiautomator2Driver@dabd (47571b8e)]&amp#27;[0m Calling AppiumDriver.findElement() with args: ["accessibility id","City* input field","47571b8e-6191-4ef5-a875-b0f0dcd05976"]
&amp#27;[38;5;32m[AndroidUiautomator2Driver@dabd (47571b8e)]&amp#27;[0m Valid locator strategies for this request: xpath, id, class name, accessibility id, css selector, -android uiautomator
&amp#27;[38;5;32m[AndroidUiautomator2Driver@dabd (47571b8e)]&amp#27;[0m Waiting up to 10000 ms for condition
&amp#27;[38;5;32m[AndroidUiautomator2Driver@dabd (47571b8e)]&amp#27;[0m Matched '/element' to command name 'findElement'
&amp#27;[38;5;32m[AndroidUiautomator2Driver@dabd (47571b8e)]&amp#27;[0m Proxying [POST /element] to [POST http://127.0.0.1:8201/session/e99dcc09-a0f0-48bb-8a0b-d829d4323b82/element] with body: {"strategy":"accessibility id","selector":"City* input field","context":"","multiple":false}
&amp#27;[38;5;32m[AndroidUiautomator2Driver@dabd (47571b8e)]&amp#27;[0m Got response with status 200: {"sessionId":"e99dcc09-a0f0-48bb-8a0b-d829d4323b82","value":{"ELEMENT":"00000000-0000-0594-ffff-ffff0000048c","element-6066-11e4-a52e-4f735466cecf":"00000000-0000-0594-ffff-ffff0000048c"}}
&amp#27;[38;5;32m[AndroidUiautomator2Driver@dabd (47571b8e)]&amp#27;[0m Responding to client with driver.findElement() result: {"element-6066-11e4-a52e-4f735466cecf":"00000000-0000-0594-ffff-ffff0000048c","ELEMENT":"00000000-0000-0594-ffff-ffff0000048c"}
&amp#27;[38;5;0m[HTTP]&amp#27;[0m &amp#27;[37m<-- POST /session/47571b8e-6191-4ef5-a875-b0f0dcd05976/element &amp#27;[39m&amp#27;[32m200&amp#27;[39m &amp#27;[90m698 ms - 137&amp#27;[39m
&amp#27;[38;5;0m[HTTP]&amp#27;[0m &amp#27;[90m&amp#27;[39m
&amp#27;[38;5;0m[HTTP]&amp#27;[0m &amp#27;[37m-->&amp#27;[39m &amp#27;[37mPOST&amp#27;[39m &amp#27;[37m/session/47571b8e-6191-4ef5-a875-b0f0dcd05976/element/00000000-0000-0594-ffff-ffff0000048c/value&amp#27;[39m
&amp#27;[38;5;0m[HTTP]&amp#27;[0m &amp#27;[90m{"id":"00000000-0000-0594-ffff-ffff0000048c","text":"San Diego","value":["S","a","n"," ","D","i","e","g","o"]}&amp#27;[39m
&amp#27;[38;5;32m[AndroidUiautomator2Driver@dabd (47571b8e)]&amp#27;[0m Calling AppiumDriver.setValue() with args: [["S","a","n"," ","D","i","e","g","o"],"00000000-0000-0594-ffff-ffff0000048c","47571b8e-6191-4ef5-a875-b0f0dcd05976"]
&amp#27;[38;5;32m[AndroidUiautomator2Driver@dabd (47571b8e)]&amp#27;[0m Matched '/element/00000000-0000-0594-ffff-ffff0000048c/value' to command name 'setValue'
&amp#27;[38;5;32m[AndroidUiautomator2Driver@dabd (47571b8e)]&amp#27;[0m Added 'value' property ["S","a","n"," ","D","i","e","g","o"] to 'setValue' request body
&amp#27;[38;5;32m[AndroidUiautomator2Driver@dabd (47571b8e)]&amp#27;[0m Proxying [POST /element/00000000-0000-0594-ffff-ffff0000048c/value] to [POST http://127.0.0.1:8201/session/e99dcc09-a0f0-48bb-8a0b-d829d4323b82/element/00000000-0000-0594-ffff-ffff0000048c/value] with body: {"elementId":"00000000-0000-0594-ffff-ffff0000048c","text":"San Diego","replace":false,"value":["S","a","n"," ","D","i","e","g","o"]}
&amp#27;[38;5;32m[AndroidUiautomator2Driver@dabd (47571b8e)]&amp#27;[0m Got response with status 200: {"sessionId":"e99dcc09-a0f0-48bb-8a0b-d829d4323b82","value":null}
&amp#27;[38;5;32m[AndroidUiautomator2Driver@dabd (47571b8e)]&amp#27;[0m Responding to client with driver.setValue() result: null
&amp#27;[38;5;0m[HTTP]&amp#27;[0m &amp#27;[37m<-- POST /session/47571b8e-6191-4ef5-a875-b0f0dcd05976/element/00000000-0000-0594-ffff-ffff0000048c/value &amp#27;[39m&amp#27;[32m200&amp#27;[39m &amp#27;[90m86 ms - 14&amp#27;[39m
&amp#27;[38;5;0m[HTTP]&amp#27;[0m &amp#27;[90m&amp#27;[39m
&amp#27;[38;5;0m[HTTP]&amp#27;[0m &amp#27;[37m-->&amp#27;[39m &amp#27;[37mGET&amp#27;[39m &amp#27;[37m/session/47571b8e-6191-4ef5-a875-b0f0dcd05976/context&amp#27;[39m
&amp#27;[38;5;0m[HTTP]&amp#27;[0m &amp#27;[90m{}&amp#27;[39m
&amp#27;[38;5;32m[AndroidUiautomator2Driver@dabd (47571b8e)]&amp#27;[0m Calling AppiumDriver.getCurrentContext() with args: ["47571b8e-6191-4ef5-a875-b0f0dcd05976"]
&amp#27;[38;5;32m[AndroidUiautomator2Driver@dabd (47571b8e)]&amp#27;[0m Responding to client with driver.getCurrentContext() result: "NATIVE_APP"
&amp#27;[38;5;0m[HTTP]&amp#27;[0m &amp#27;[37m<-- GET /session/47571b8e-6191-4ef5-a875-b0f0dcd05976/context &amp#27;[39m&amp#27;[32m200&amp#27;[39m &amp#27;[90m1 ms - 22&amp#27;[39m
&amp#27;[38;5;0m[HTTP]&amp#27;[0m &amp#27;[90m&amp#27;[39m
&amp#27;[38;5;0m[HTTP]&amp#27;[0m &amp#27;[37m-->&amp#27;[39m &amp#27;[37mPOST&amp#27;[39m &amp#27;[37m/session/47571b8e-6191-4ef5-a875-b0f0dcd05976/element&amp#27;[39m
&amp#27;[38;5;0m[HTTP]&amp#27;[0m &amp#27;[90m{"using":"accessibility id","value":"State/Region input field"}&amp#27;[39m
&amp#27;[38;5;32m[AndroidUiautomator2Driver@dabd (47571b8e)]&amp#27;[0m Calling AppiumDriver.findElement() with args: ["accessibility id","State/Region input field","47571b8e-6191-4ef5-a875-b0f0dcd05976"]
&amp#27;[38;5;32m[AndroidUiautomator2Driver@dabd (47571b8e)]&amp#27;[0m Valid locator strategies for this request: xpath, id, class name, accessibility id, css selector, -android uiautomator
&amp#27;[38;5;32m[AndroidUiautomator2Driver@dabd (47571b8e)]&amp#27;[0m Waiting up to 10000 ms for condition
&amp#27;[38;5;32m[AndroidUiautomator2Driver@dabd (47571b8e)]&amp#27;[0m Matched '/element' to command name 'findElement'
&amp#27;[38;5;32m[AndroidUiautomator2Driver@dabd (47571b8e)]&amp#27;[0m Proxying [POST /element] to [POST http://127.0.0.1:8201/session/e99dcc09-a0f0-48bb-8a0b-d829d4323b82/element] with body: {"strategy":"accessibility id","selector":"State/Region input field","context":"","multiple":false}
&amp#27;[38;5;32m[AndroidUiautomator2Driver@dabd (47571b8e)]&amp#27;[0m Got response with status 200: {"sessionId":"e99dcc09-a0f0-48bb-8a0b-d829d4323b82","value":{"ELEMENT":"00000000-0000-0594-ffff-ffff0000048f","element-6066-11e4-a52e-4f735466cecf":"00000000-0000-0594-ffff-ffff0000048f"}}
&amp#27;[38;5;32m[AndroidUiautomator2Driver@dabd (47571b8e)]&amp#27;[0m Responding to client with driver.findElement() result: {"element-6066-11e4-a52e-4f735466cecf":"00000000-0000-0594-ffff-ffff0000048f","ELEMENT":"00000000-0000-0594-ffff-ffff0000048f"}
&amp#27;[38;5;0m[HTTP]&amp#27;[0m &amp#27;[37m<-- POST /session/47571b8e-6191-4ef5-a875-b0f0dcd05976/element &amp#27;[39m&amp#27;[32m200&amp#27;[39m &amp#27;[90m718 ms - 137&amp#27;[39m
&amp#27;[38;5;0m[HTTP]&amp#27;[0m &amp#27;[90m&amp#27;[39m
&amp#27;[38;5;0m[HTTP]&amp#27;[0m &amp#27;[37m-->&amp#27;[39m &amp#27;[37mPOST&amp#27;[39m &amp#27;[37m/session/47571b8e-6191-4ef5-a875-b0f0dcd05976/element/00000000-0000-0594-ffff-ffff0000048f/value&amp#27;[39m
&amp#27;[38;5;0m[HTTP]&amp#27;[0m &amp#27;[90m{"id":"00000000-0000-0594-ffff-ffff0000048f","text":"California","value":["C","a","l","i","f","o","r","n","i","a"]}&amp#27;[39m
&amp#27;[38;5;32m[AndroidUiautomator2Driver@dabd (47571b8e)]&amp#27;[0m Calling AppiumDriver.setValue() with args: [["C","a","l","i","f","o","r","n","i","a"],"00000000-0000-0594-ffff-ffff0000048f","47571b8e-6191-4ef5-a875-b0f0dcd05976"]
&amp#27;[38;5;32m[AndroidUiautomator2Driver@dabd (47571b8e)]&amp#27;[0m Matched '/element/00000000-0000-0594-ffff-ffff0000048f/value' to command name 'setValue'
&amp#27;[38;5;32m[AndroidUiautomator2Driver@dabd (47571b8e)]&amp#27;[0m Added 'value' property ["C","a","l","i","f","o","r","n","i","a"] to 'setValue' request body
&amp#27;[38;5;32m[AndroidUiautomator2Driver@dabd (47571b8e)]&amp#27;[0m Proxying [POST /element/00000000-0000-0594-ffff-ffff0000048f/value] to [POST http://127.0.0.1:8201/session/e99dcc09-a0f0-48bb-8a0b-d829d4323b82/element/00000000-0000-0594-ffff-ffff0000048f/value] with body: {"elementId":"00000000-0000-0594-ffff-ffff0000048f","text":"California","replace":false,"value":["C","a","l","i","f","o","r","n","i","a"]}
&amp#27;[38;5;32m[AndroidUiautomator2Driver@dabd (47571b8e)]&amp#27;[0m Got response with status 200: {"sessionId":"e99dcc09-a0f0-48bb-8a0b-d829d4323b82","value":null}
&amp#27;[38;5;32m[AndroidUiautomator2Driver@dabd (47571b8e)]&amp#27;[0m Responding to client with driver.setValue() result: null
&amp#27;[38;5;0m[HTTP]&amp#27;[0m &amp#27;[37m<-- POST /session/47571b8e-6191-4ef5-a875-b0f0dcd05976/element/00000000-0000-0594-ffff-ffff0000048f/value &amp#27;[39m&amp#27;[32m200&amp#27;[39m &amp#27;[90m591 ms - 14&amp#27;[39m
&amp#27;[38;5;0m[HTTP]&amp#27;[0m &amp#27;[90m&amp#27;[39m
&amp#27;[38;5;0m[HTTP]&amp#27;[0m &amp#27;[37m-->&amp#27;[39m &amp#27;[37mGET&amp#27;[39m &amp#27;[37m/session/47571b8e-6191-4ef5-a875-b0f0dcd05976/context&amp#27;[39m
&amp#27;[38;5;0m[HTTP]&amp#27;[0m &amp#27;[90m{}&amp#27;[39m
&amp#27;[38;5;32m[AndroidUiautomator2Driver@dabd (47571b8e)]&amp#27;[0m Calling AppiumDriver.getCurrentContext() with args: ["47571b8e-6191-4ef5-a875-b0f0dcd05976"]
&amp#27;[38;5;32m[AndroidUiautomator2Driver@dabd (47571b8e)]&amp#27;[0m Responding to client with driver.getCurrentContext() result: "NATIVE_APP"
&amp#27;[38;5;0m[HTTP]&amp#27;[0m &amp#27;[37m<-- GET /session/47571b8e-6191-4ef5-a875-b0f0dcd05976/context &amp#27;[39m&amp#27;[32m200&amp#27;[39m &amp#27;[90m1 ms - 22&amp#27;[39m
&amp#27;[38;5;0m[HTTP]&amp#27;[0m &amp#27;[90m&amp#27;[39m
&amp#27;[38;5;0m[HTTP]&amp#27;[0m &amp#27;[37m-->&amp#27;[39m &amp#27;[37mPOST&amp#27;[39m &amp#27;[37m/session/47571b8e-6191-4ef5-a875-b0f0dcd05976/element&amp#27;[39m
&amp#27;[38;5;0m[HTTP]&amp#27;[0m &amp#27;[90m{"using":"accessibility id","value":"Zip Code* input field"}&amp#27;[39m
&amp#27;[38;5;32m[AndroidUiautomator2Driver@dabd (47571b8e)]&amp#27;[0m Calling AppiumDriver.findElement() with args: ["accessibility id","Zip Code* input field","47571b8e-6191-4ef5-a875-b0f0dcd05976"]
&amp#27;[38;5;32m[AndroidUiautomator2Driver@dabd (47571b8e)]&amp#27;[0m Valid locator strategies for this request: xpath, id, class name, accessibility id, css selector, -android uiautomator
&amp#27;[38;5;32m[AndroidUiautomator2Driver@dabd (47571b8e)]&amp#27;[0m Waiting up to 10000 ms for condition
&amp#27;[38;5;32m[AndroidUiautomator2Driver@dabd (47571b8e)]&amp#27;[0m Matched '/element' to command name 'findElement'
&amp#27;[38;5;32m[AndroidUiautomator2Driver@dabd (47571b8e)]&amp#27;[0m Proxying [POST /element] to [POST http://127.0.0.1:8201/session/e99dcc09-a0f0-48bb-8a0b-d829d4323b82/element] with body: {"strategy":"accessibility id","selector":"Zip Code* input field","context":"","multiple":false}
&amp#27;[38;5;32m[AndroidUiautomator2Driver@dabd (47571b8e)]&amp#27;[0m Got response with status 200: {"sessionId":"e99dcc09-a0f0-48bb-8a0b-d829d4323b82","value":{"ELEMENT":"00000000-0000-0594-ffff-ffff00000492","element-6066-11e4-a52e-4f735466cecf":"00000000-0000-0594-ffff-ffff00000492"}}
&amp#27;[38;5;32m[AndroidUiautomator2Driver@dabd (47571b8e)]&amp#27;[0m Responding to client with driver.findElement() result: {"element-6066-11e4-a52e-4f735466cecf":"00000000-0000-0594-ffff-ffff00000492","ELEMENT":"00000000-0000-0594-ffff-ffff00000492"}
&amp#27;[38;5;0m[HTTP]&amp#27;[0m &amp#27;[37m<-- POST /session/47571b8e-6191-4ef5-a875-b0f0dcd05976/element &amp#27;[39m&amp#27;[32m200&amp#27;[39m &amp#27;[90m718 ms - 137&amp#27;[39m
&amp#27;[38;5;0m[HTTP]&amp#27;[0m &amp#27;[90m&amp#27;[39m
&amp#27;[38;5;0m[HTTP]&amp#27;[0m &amp#27;[37m-->&amp#27;[39m &amp#27;[37mPOST&amp#27;[39m &amp#27;[37m/session/47571b8e-6191-4ef5-a875-b0f0dcd05976/element/00000000-0000-0594-ffff-ffff00000492/value&amp#27;[39m
&amp#27;[38;5;0m[HTTP]&amp#27;[0m &amp#27;[90m{"id":"00000000-0000-0594-ffff-ffff00000492","text":"92131","value":["9","2","1","3","1"]}&amp#27;[39m
&amp#27;[38;5;32m[AndroidUiautomator2Driver@dabd (47571b8e)]&amp#27;[0m Calling AppiumDriver.setValue() with args: [["9","2","1","3","1"],"00000000-0000-0594-ffff-ffff00000492","47571b8e-6191-4ef5-a875-b0f0dcd05976"]
&amp#27;[38;5;32m[AndroidUiautomator2Driver@dabd (47571b8e)]&amp#27;[0m Matched '/element/00000000-0000-0594-ffff-ffff00000492/value' to command name 'setValue'
&amp#27;[38;5;32m[AndroidUiautomator2Driver@dabd (47571b8e)]&amp#27;[0m Added 'value' property ["9","2","1","3","1"] to 'setValue' request body
&amp#27;[38;5;32m[AndroidUiautomator2Driver@dabd (47571b8e)]&amp#27;[0m Proxying [POST /element/00000000-0000-0594-ffff-ffff00000492/value] to [POST http://127.0.0.1:8201/session/e99dcc09-a0f0-48bb-8a0b-d829d4323b82/element/00000000-0000-0594-ffff-ffff00000492/value] with body: {"elementId":"00000000-0000-0594-ffff-ffff00000492","text":"92131","replace":false,"value":["9","2","1","3","1"]}
&amp#27;[38;5;32m[AndroidUiautomator2Driver@dabd (47571b8e)]&amp#27;[0m Got response with status 200: {"sessionId":"e99dcc09-a0f0-48bb-8a0b-d829d4323b82","value":null}
&amp#27;[38;5;32m[AndroidUiautomator2Driver@dabd (47571b8e)]&amp#27;[0m Responding to client with driver.setValue() result: null
&amp#27;[38;5;0m[HTTP]&amp#27;[0m &amp#27;[37m<-- POST /session/47571b8e-6191-4ef5-a875-b0f0dcd05976/element/00000000-0000-0594-ffff-ffff00000492/value &amp#27;[39m&amp#27;[32m200&amp#27;[39m &amp#27;[90m734 ms - 14&amp#27;[39m
&amp#27;[38;5;0m[HTTP]&amp#27;[0m &amp#27;[90m&amp#27;[39m
&amp#27;[38;5;0m[HTTP]&amp#27;[0m &amp#27;[37m-->&amp#27;[39m &amp#27;[37mGET&amp#27;[39m &amp#27;[37m/session/47571b8e-6191-4ef5-a875-b0f0dcd05976/context&amp#27;[39m
&amp#27;[38;5;0m[HTTP]&amp#27;[0m &amp#27;[90m{}&amp#27;[39m
&amp#27;[38;5;32m[AndroidUiautomator2Driver@dabd (47571b8e)]&amp#27;[0m Calling AppiumDriver.getCurrentContext() with args: ["47571b8e-6191-4ef5-a875-b0f0dcd05976"]
&amp#27;[38;5;32m[AndroidUiautomator2Driver@dabd (47571b8e)]&amp#27;[0m Responding to client with driver.getCurrentContext() result: "NATIVE_APP"
&amp#27;[38;5;0m[HTTP]&amp#27;[0m &amp#27;[37m<-- GET /session/47571b8e-6191-4ef5-a875-b0f0dcd05976/context &amp#27;[39m&amp#27;[32m200&amp#27;[39m &amp#27;[90m1 ms - 22&amp#27;[39m
&amp#27;[38;5;0m[HTTP]&amp#27;[0m &amp#27;[90m&amp#27;[39m
&amp#27;[38;5;0m[HTTP]&amp#27;[0m &amp#27;[37m-->&amp#27;[39m &amp#27;[37mPOST&amp#27;[39m &amp#27;[37m/session/47571b8e-6191-4ef5-a875-b0f0dcd05976/element&amp#27;[39m
&amp#27;[38;5;0m[HTTP]&amp#27;[0m &amp#27;[90m{"using":"accessibility id","value":"Country* input field"}&amp#27;[39m
&amp#27;[38;5;32m[AndroidUiautomator2Driver@dabd (47571b8e)]&amp#27;[0m Calling AppiumDriver.findElement() with args: ["accessibility id","Country* input field","47571b8e-6191-4ef5-a875-b0f0dcd05976"]
&amp#27;[38;5;32m[AndroidUiautomator2Driver@dabd (47571b8e)]&amp#27;[0m Valid locator strategies for this request: xpath, id, class name, accessibility id, css selector, -android uiautomator
&amp#27;[38;5;32m[AndroidUiautomator2Driver@dabd (47571b8e)]&amp#27;[0m Waiting up to 10000 ms for condition
&amp#27;[38;5;32m[AndroidUiautomator2Driver@dabd (47571b8e)]&amp#27;[0m Matched '/element' to command name 'findElement'
&amp#27;[38;5;32m[AndroidUiautomator2Driver@dabd (47571b8e)]&amp#27;[0m Proxying [POST /element] to [POST http://127.0.0.1:8201/session/e99dcc09-a0f0-48bb-8a0b-d829d4323b82/element] with body: {"strategy":"accessibility id","selector":"Country* input field","context":"","multiple":false}
&amp#27;[38;5;32m[AndroidUiautomator2Driver@dabd (47571b8e)]&amp#27;[0m Got response with status 200: {"sessionId":"e99dcc09-a0f0-48bb-8a0b-d829d4323b82","value":{"ELEMENT":"00000000-0000-0594-ffff-ffff00000495","element-6066-11e4-a52e-4f735466cecf":"00000000-0000-0594-ffff-ffff00000495"}}
&amp#27;[38;5;32m[AndroidUiautomator2Driver@dabd (47571b8e)]&amp#27;[0m Responding to client with driver.findElement() result: {"element-6066-11e4-a52e-4f735466cecf":"00000000-0000-0594-ffff-ffff00000495","ELEMENT":"00000000-0000-0594-ffff-ffff00000495"}
&amp#27;[38;5;0m[HTTP]&amp#27;[0m &amp#27;[37m<-- POST /session/47571b8e-6191-4ef5-a875-b0f0dcd05976/element &amp#27;[39m&amp#27;[32m200&amp#27;[39m &amp#27;[90m737 ms - 137&amp#27;[39m
&amp#27;[38;5;0m[HTTP]&amp#27;[0m &amp#27;[90m&amp#27;[39m
&amp#27;[38;5;0m[HTTP]&amp#27;[0m &amp#27;[37m-->&amp#27;[39m &amp#27;[37mPOST&amp#27;[39m &amp#27;[37m/session/47571b8e-6191-4ef5-a875-b0f0dcd05976/element/00000000-0000-0594-ffff-ffff00000495/value&amp#27;[39m
&amp#27;[38;5;0m[HTTP]&amp#27;[0m &amp#27;[90m{"id":"00000000-0000-0594-ffff-ffff00000495","text":"United States","value":["U","n","i","t","e","d"," ","S","t","a","t","e","s"]}&amp#27;[39m
&amp#27;[38;5;32m[AndroidUiautomator2Driver@dabd (47571b8e)]&amp#27;[0m Calling AppiumDriver.setValue() with args: [["U","n","i","t","e","d"," ","S","t","a","t","e","s"],"00000000-0000-0594-ffff-ffff00000495","47571b8e-6191-4ef5-a875-b0f0dcd05976"]
&amp#27;[38;5;32m[AndroidUiautomator2Driver@dabd (47571b8e)]&amp#27;[0m Matched '/element/00000000-0000-0594-ffff-ffff00000495/value' to command name 'setValue'
&amp#27;[38;5;32m[AndroidUiautomator2Driver@dabd (47571b8e)]&amp#27;[0m Added 'value' property ["U","n","i","t","e","d"," ","S","t","a","t","e","s"] to 'setValue' request body
&amp#27;[38;5;32m[AndroidUiautomator2Driver@dabd (47571b8e)]&amp#27;[0m Proxying [POST /element/00000000-0000-0594-ffff-ffff00000495/value] to [POST http://127.0.0.1:8201/session/e99dcc09-a0f0-48bb-8a0b-d829d4323b82/element/00000000-0000-0594-ffff-ffff00000495/value] with body: {"elementId":"00000000-0000-0594-ffff-ffff00000495","text":"United States","replace":false,"value":["U","n","i","t","e","d"," ","S","t","a","t","e","s"]}
&amp#27;[38;5;32m[AndroidUiautomator2Driver@dabd (47571b8e)]&amp#27;[0m Got response with status 200: {"sessionId":"e99dcc09-a0f0-48bb-8a0b-d829d4323b82","value":null}
&amp#27;[38;5;32m[AndroidUiautomator2Driver@dabd (47571b8e)]&amp#27;[0m Responding to client with driver.setValue() result: null
&amp#27;[38;5;0m[HTTP]&amp#27;[0m &amp#27;[37m<-- POST /session/47571b8e-6191-4ef5-a875-b0f0dcd05976/element/00000000-0000-0594-ffff-ffff00000495/value &amp#27;[39m&amp#27;[32m200&amp#27;[39m &amp#27;[90m605 ms - 14&amp#27;[39m
&amp#27;[38;5;0m[HTTP]&amp#27;[0m &amp#27;[90m&amp#27;[39m
&amp#27;[38;5;0m[HTTP]&amp#27;[0m &amp#27;[37m-->&amp#27;[39m &amp#27;[37mGET&amp#27;[39m &amp#27;[37m/session/47571b8e-6191-4ef5-a875-b0f0dcd05976/context&amp#27;[39m
&amp#27;[38;5;0m[HTTP]&amp#27;[0m &amp#27;[90m{}&amp#27;[39m
&amp#27;[38;5;32m[AndroidUiautomator2Driver@dabd (47571b8e)]&amp#27;[0m Calling AppiumDriver.getCurrentContext() with args: ["47571b8e-6191-4ef5-a875-b0f0dcd05976"]
&amp#27;[38;5;32m[AndroidUiautomator2Driver@dabd (47571b8e)]&amp#27;[0m Responding to client with driver.getCurrentContext() result: "NATIVE_APP"
&amp#27;[38;5;0m[HTTP]&amp#27;[0m &amp#27;[37m<-- GET /session/47571b8e-6191-4ef5-a875-b0f0dcd05976/context &amp#27;[39m&amp#27;[32m200&amp#27;[39m &amp#27;[90m1 ms - 22&amp#27;[39m
&amp#27;[38;5;0m[HTTP]&amp#27;[0m &amp#27;[90m&amp#27;[39m
&amp#27;[38;5;0m[HTTP]&amp#27;[0m &amp#27;[37m-->&amp#27;[39m &amp#27;[37mPOST&amp#27;[39m &amp#27;[37m/session/47571b8e-6191-4ef5-a875-b0f0dcd05976/element&amp#27;[39m
&amp#27;[38;5;0m[HTTP]&amp#27;[0m &amp#27;[90m{"using":"accessibility id","value":"To Payment button"}&amp#27;[39m
&amp#27;[38;5;32m[AndroidUiautomator2Driver@dabd (47571b8e)]&amp#27;[0m Calling AppiumDriver.findElement() with args: ["accessibility id","To Payment button","47571b8e-6191-4ef5-a875-b0f0dcd05976"]
&amp#27;[38;5;32m[AndroidUiautomator2Driver@dabd (47571b8e)]&amp#27;[0m Valid locator strategies for this request: xpath, id, class name, accessibility id, css selector, -android uiautomator
&amp#27;[38;5;32m[AndroidUiautomator2Driver@dabd (47571b8e)]&amp#27;[0m Waiting up to 10000 ms for condition
&amp#27;[38;5;32m[AndroidUiautomator2Driver@dabd (47571b8e)]&amp#27;[0m Matched '/element' to command name 'findElement'
&amp#27;[38;5;32m[AndroidUiautomator2Driver@dabd (47571b8e)]&amp#27;[0m Proxying [POST /element] to [POST http://127.0.0.1:8201/session/e99dcc09-a0f0-48bb-8a0b-d829d4323b82/element] with body: {"strategy":"accessibility id","selector":"To Payment button","context":"","multiple":false}
&amp#27;[38;5;32m[AndroidUiautomator2Driver@dabd (47571b8e)]&amp#27;[0m Got response with status 200: {"sessionId":"e99dcc09-a0f0-48bb-8a0b-d829d4323b82","value":{"ELEMENT":"00000000-0000-0594-ffff-ffff00000498","element-6066-11e4-a52e-4f735466cecf":"00000000-0000-0594-ffff-ffff00000498"}}
&amp#27;[38;5;32m[AndroidUiautomator2Driver@dabd (47571b8e)]&amp#27;[0m Responding to client with driver.findElement() result: {"element-6066-11e4-a52e-4f735466cecf":"00000000-0000-0594-ffff-ffff00000498","ELEMENT":"00000000-0000-0594-ffff-ffff00000498"}
&amp#27;[38;5;0m[HTTP]&amp#27;[0m &amp#27;[37m<-- POST /session/47571b8e-6191-4ef5-a875-b0f0dcd05976/element &amp#27;[39m&amp#27;[32m200&amp#27;[39m &amp#27;[90m752 ms - 137&amp#27;[39m
&amp#27;[38;5;0m[HTTP]&amp#27;[0m &amp#27;[90m&amp#27;[39m
&amp#27;[38;5;0m[HTTP]&amp#27;[0m &amp#27;[37m-->&amp#27;[39m &amp#27;[37mPOST&amp#27;[39m &amp#27;[37m/session/47571b8e-6191-4ef5-a875-b0f0dcd05976/element/00000000-0000-0594-ffff-ffff00000498/click&amp#27;[39m
&amp#27;[38;5;0m[HTTP]&amp#27;[0m &amp#27;[90m{"id":"00000000-0000-0594-ffff-ffff00000498"}&amp#27;[39m
&amp#27;[38;5;32m[AndroidUiautomator2Driver@dabd (47571b8e)]&amp#27;[0m Calling AppiumDriver.click() with args: ["00000000-0000-0594-ffff-ffff00000498","47571b8e-6191-4ef5-a875-b0f0dcd05976"]
&amp#27;[38;5;32m[AndroidUiautomator2Driver@dabd (47571b8e)]&amp#27;[0m Matched '/element/00000000-0000-0594-ffff-ffff00000498/click' to command name 'click'
&amp#27;[38;5;32m[AndroidUiautomator2Driver@dabd (47571b8e)]&amp#27;[0m Proxying [POST /element/00000000-0000-0594-ffff-ffff00000498/click] to [POST http://127.0.0.1:8201/session/e99dcc09-a0f0-48bb-8a0b-d829d4323b82/element/00000000-0000-0594-ffff-ffff00000498/click] with body: {"element":"00000000-0000-0594-ffff-ffff00000498"}
&amp#27;[38;5;32m[AndroidUiautomator2Driver@dabd (47571b8e)]&amp#27;[0m Got response with status 200: {"sessionId":"e99dcc09-a0f0-48bb-8a0b-d829d4323b82","value":null}
&amp#27;[38;5;32m[AndroidUiautomator2Driver@dabd (47571b8e)]&amp#27;[0m Responding to client with driver.click() result: null
&amp#27;[38;5;0m[HTTP]&amp#27;[0m &amp#27;[37m<-- POST /session/47571b8e-6191-4ef5-a875-b0f0dcd05976/element/00000000-0000-0594-ffff-ffff00000498/click &amp#27;[39m&amp#27;[32m200&amp#27;[39m &amp#27;[90m120 ms - 14&amp#27;[39m
&amp#27;[38;5;0m[HTTP]&amp#27;[0m &amp#27;[90m&amp#27;[39m
&amp#27;[38;5;0m[HTTP]&amp#27;[0m &amp#27;[37m-->&amp#27;[39m &amp#27;[37mGET&amp#27;[39m &amp#27;[37m/session/47571b8e-6191-4ef5-a875-b0f0dcd05976/context&amp#27;[39m
&amp#27;[38;5;0m[HTTP]&amp#27;[0m &amp#27;[90m{}&amp#27;[39m
&amp#27;[38;5;32m[AndroidUiautomator2Driver@dabd (47571b8e)]&amp#27;[0m Calling AppiumDriver.getCurrentContext() with args: ["47571b8e-6191-4ef5-a875-b0f0dcd05976"]
&amp#27;[38;5;32m[AndroidUiautomator2Driver@dabd (47571b8e)]&amp#27;[0m Responding to client with driver.getCurrentContext() result: "NATIVE_APP"
&amp#27;[38;5;0m[HTTP]&amp#27;[0m &amp#27;[37m<-- GET /session/47571b8e-6191-4ef5-a875-b0f0dcd05976/context &amp#27;[39m&amp#27;[32m200&amp#27;[39m &amp#27;[90m1 ms - 22&amp#27;[39m
&amp#27;[38;5;0m[HTTP]&amp#27;[0m &amp#27;[90m&amp#27;[39m
&amp#27;[38;5;0m[HTTP]&amp#27;[0m &amp#27;[37m-->&amp#27;[39m &amp#27;[37mPOST&amp#27;[39m &amp#27;[37m/session/47571b8e-6191-4ef5-a875-b0f0dcd05976/element&amp#27;[39m
&amp#27;[38;5;0m[HTTP]&amp#27;[0m &amp#27;[90m{"using":"xpath","value":"//android.widget.TextView[contains(@text,'payment')]"}&amp#27;[39m
&amp#27;[38;5;32m[AndroidUiautomator2Driver@dabd (47571b8e)]&amp#27;[0m Calling AppiumDriver.findElement() with args: ["xpath","//android.widget.TextView[contains(@text,'payment')]","47571b8e-6191-4ef5-a875-b0f0dcd05976"]
&amp#27;[38;5;32m[AndroidUiautomator2Driver@dabd (47571b8e)]&amp#27;[0m Valid locator strategies for this request: xpath, id, class name, accessibility id, css selector, -android uiautomator
&amp#27;[38;5;32m[AndroidUiautomator2Driver@dabd (47571b8e)]&amp#27;[0m Waiting up to 10000 ms for condition
&amp#27;[38;5;32m[AndroidUiautomator2Driver@dabd (47571b8e)]&amp#27;[0m Matched '/element' to command name 'findElement'
&amp#27;[38;5;32m[AndroidUiautomator2Driver@dabd (47571b8e)]&amp#27;[0m Proxying [POST /element] to [POST http://127.0.0.1:8201/session/e99dcc09-a0f0-48bb-8a0b-d829d4323b82/element] with body: {"strategy":"xpath","selector":"//android.widget.TextView[contains(@text,'payment')]","context":"","multiple":false}
&amp#27;[38;5;32m[AndroidUiautomator2Driver@dabd (47571b8e)]&amp#27;[0m Got response with status 200: {"sessionId":"e99dcc09-a0f0-48bb-8a0b-d829d4323b82","value":{"ELEMENT":"00000000-0000-0594-ffff-ffff000004b1","element-6066-11e4-a52e-4f735466cecf":"00000000-0000-0594-ffff-ffff000004b1"}}
&amp#27;[38;5;32m[AndroidUiautomator2Driver@dabd (47571b8e)]&amp#27;[0m Responding to client with driver.findElement() result: {"element-6066-11e4-a52e-4f735466cecf":"00000000-0000-0594-ffff-ffff000004b1","ELEMENT":"00000000-0000-0594-ffff-ffff000004b1"}
&amp#27;[38;5;0m[HTTP]&amp#27;[0m &amp#27;[37m<-- POST /session/47571b8e-6191-4ef5-a875-b0f0dcd05976/element &amp#27;[39m&amp#27;[32m200&amp#27;[39m &amp#27;[90m542 ms - 137&amp#27;[39m
&amp#27;[38;5;0m[HTTP]&amp#27;[0m &amp#27;[90m&amp#27;[39m
&amp#27;[38;5;0m[HTTP]&amp#27;[0m &amp#27;[37m-->&amp#27;[39m &amp#27;[37mGET&amp#27;[39m &amp#27;[37m/session/47571b8e-6191-4ef5-a875-b0f0dcd05976/element/00000000-0000-0594-ffff-ffff000004b1/text&amp#27;[39m
&amp#27;[38;5;0m[HTTP]&amp#27;[0m &amp#27;[90m{}&amp#27;[39m
&amp#27;[38;5;32m[AndroidUiautomator2Driver@dabd (47571b8e)]&amp#27;[0m Driver proxy active, passing request on via HTTP proxy
&amp#27;[38;5;32m[AndroidUiautomator2Driver@dabd (47571b8e)]&amp#27;[0m Matched '/session/47571b8e-6191-4ef5-a875-b0f0dcd05976/element/00000000-0000-0594-ffff-ffff000004b1/text' to command name 'getText'
&amp#27;[38;5;32m[AndroidUiautomator2Driver@dabd (47571b8e)]&amp#27;[0m Proxying [GET /session/47571b8e-6191-4ef5-a875-b0f0dcd05976/element/00000000-0000-0594-ffff-ffff000004b1/text] to [GET http://127.0.0.1:8201/session/e99dcc09-a0f0-48bb-8a0b-d829d4323b82/element/00000000-0000-0594-ffff-ffff000004b1/text] with no body
&amp#27;[38;5;32m[AndroidUiautomator2Driver@dabd (47571b8e)]&amp#27;[0m Got response with status 200: {"sessionId":"e99dcc09-a0f0-48bb-8a0b-d829d4323b82","value":"Enter a payment method"}
&amp#27;[38;5;32m[AndroidUiautomator2Driver@dabd (47571b8e)]&amp#27;[0m Replacing sessionId e99dcc09-a0f0-48bb-8a0b-d829d4323b82 with 47571b8e-6191-4ef5-a875-b0f0dcd05976
&amp#27;[38;5;0m[HTTP]&amp#27;[0m &amp#27;[37m<-- GET /session/47571b8e-6191-4ef5-a875-b0f0dcd05976/element/00000000-0000-0594-ffff-ffff000004b1/text &amp#27;[39m&amp#27;[32m200&amp#27;[39m &amp#27;[90m565 ms - 85&amp#27;[39m
&amp#27;[38;5;0m[HTTP]&amp#27;[0m &amp#27;[90m&amp#27;[39m
&amp#27;[38;5;0m[HTTP]&amp#27;[0m &amp#27;[37m-->&amp#27;[39m &amp#27;[37mGET&amp#27;[39m &amp#27;[37m/session/47571b8e-6191-4ef5-a875-b0f0dcd05976/context&amp#27;[39m
&amp#27;[38;5;0m[HTTP]&amp#27;[0m &amp#27;[90m{}&amp#27;[39m
&amp#27;[38;5;32m[AndroidUiautomator2Driver@dabd (47571b8e)]&amp#27;[0m Calling AppiumDriver.getCurrentContext() with args: ["47571b8e-6191-4ef5-a875-b0f0dcd05976"]
&amp#27;[38;5;32m[AndroidUiautomator2Driver@dabd (47571b8e)]&amp#27;[0m Responding to client with driver.getCurrentContext() result: "NATIVE_APP"
&amp#27;[38;5;0m[HTTP]&amp#27;[0m &amp#27;[37m<-- GET /session/47571b8e-6191-4ef5-a875-b0f0dcd05976/context &amp#27;[39m&amp#27;[32m200&amp#27;[39m &amp#27;[90m0 ms - 22&amp#27;[39m
&amp#27;[38;5;0m[HTTP]&amp#27;[0m &amp#27;[90m&amp#27;[39m
&amp#27;[38;5;0m[HTTP]&amp#27;[0m &amp#27;[37m-->&amp#27;[39m &amp#27;[37mPOST&amp#27;[39m &amp#27;[37m/session/47571b8e-6191-4ef5-a875-b0f0dcd05976/elements&amp#27;[39m
&amp#27;[38;5;0m[HTTP]&amp#27;[0m &amp#27;[90m{"using":"xpath","value":"//android.widget.TextView[@text='Full Name*']"}&amp#27;[39m
&amp#27;[38;5;32m[AndroidUiautomator2Driver@dabd (47571b8e)]&amp#27;[0m Calling AppiumDriver.findElements() with args: ["xpath","//android.widget.TextView[@text='Full Name*']","47571b8e-6191-4ef5-a875-b0f0dcd05976"]
&amp#27;[38;5;32m[AndroidUiautomator2Driver@dabd (47571b8e)]&amp#27;[0m Valid locator strategies for this request: xpath, id, class name, accessibility id, css selector, -android uiautomator
&amp#27;[38;5;32m[AndroidUiautomator2Driver@dabd (47571b8e)]&amp#27;[0m Waiting up to 10000 ms for condition
&amp#27;[38;5;32m[AndroidUiautomator2Driver@dabd (47571b8e)]&amp#27;[0m Matched '/elements' to command name 'findElements'
&amp#27;[38;5;32m[AndroidUiautomator2Driver@dabd (47571b8e)]&amp#27;[0m Proxying [POST /elements] to [POST http://127.0.0.1:8201/session/e99dcc09-a0f0-48bb-8a0b-d829d4323b82/elements] with body: {"strategy":"xpath","selector":"//android.widget.TextView[@text='Full Name*']","context":"","multiple":true}
&amp#27;[38;5;32m[AndroidUiautomator2Driver@dabd (47571b8e)]&amp#27;[0m Got response with status 200: {"sessionId":"e99dcc09-a0f0-48bb-8a0b-d829d4323b82","value":[{"ELEMENT":"00000000-0000-0594-ffff-ffff000004b6","element-6066-11e4-a52e-4f735466cecf":"00000000-0000-0594-ffff-ffff000004b6"}]}
&amp#27;[38;5;32m[AndroidUiautomator2Driver@dabd (47571b8e)]&amp#27;[0m Responding to client with driver.findElements() result: [{"element-6066-11e4-a52e-4f735466cecf":"00000000-0000-0594-ffff-ffff000004b6","ELEMENT":"00000000-0000-0594-ffff-ffff000004b6"}]
&amp#27;[38;5;0m[HTTP]&amp#27;[0m &amp#27;[37m<-- POST /session/47571b8e-6191-4ef5-a875-b0f0dcd05976/elements &amp#27;[39m&amp#27;[32m200&amp#27;[39m &amp#27;[90m432 ms - 139&amp#27;[39m
&amp#27;[38;5;0m[HTTP]&amp#27;[0m &amp#27;[90m&amp#27;[39m
&amp#27;[38;5;0m[HTTP]&amp#27;[0m &amp#27;[37m-->&amp#27;[39m &amp#27;[37mGET&amp#27;[39m &amp#27;[37m/session/47571b8e-6191-4ef5-a875-b0f0dcd05976/context&amp#27;[39m
&amp#27;[38;5;0m[HTTP]&amp#27;[0m &amp#27;[90m{}&amp#27;[39m
&amp#27;[38;5;32m[AndroidUiautomator2Driver@dabd (47571b8e)]&amp#27;[0m Calling AppiumDriver.getCurrentContext() with args: ["47571b8e-6191-4ef5-a875-b0f0dcd05976"]
&amp#27;[38;5;32m[AndroidUiautomator2Driver@dabd (47571b8e)]&amp#27;[0m Responding to client with driver.getCurrentContext() result: "NATIVE_APP"
&amp#27;[38;5;0m[HTTP]&amp#27;[0m &amp#27;[37m<-- GET /session/47571b8e-6191-4ef5-a875-b0f0dcd05976/context &amp#27;[39m&amp#27;[32m200&amp#27;[39m &amp#27;[90m1 ms - 22&amp#27;[39m
&amp#27;[38;5;0m[HTTP]&amp#27;[0m &amp#27;[90m&amp#27;[39m
&amp#27;[38;5;0m[HTTP]&amp#27;[0m &amp#27;[37m-->&amp#27;[39m &amp#27;[37mPOST&amp#27;[39m &amp#27;[37m/session/47571b8e-6191-4ef5-a875-b0f0dcd05976/element&amp#27;[39m
&amp#27;[38;5;0m[HTTP]&amp#27;[0m &amp#27;[90m{"using":"accessibility id","value":"Full Name* input field"}&amp#27;[39m
&amp#27;[38;5;32m[AndroidUiautomator2Driver@dabd (47571b8e)]&amp#27;[0m Calling AppiumDriver.findElement() with args: ["accessibility id","Full Name* input field","47571b8e-6191-4ef5-a875-b0f0dcd05976"]
&amp#27;[38;5;32m[AndroidUiautomator2Driver@dabd (47571b8e)]&amp#27;[0m Valid locator strategies for this request: xpath, id, class name, accessibility id, css selector, -android uiautomator
&amp#27;[38;5;32m[AndroidUiautomator2Driver@dabd (47571b8e)]&amp#27;[0m Waiting up to 10000 ms for condition
&amp#27;[38;5;32m[AndroidUiautomator2Driver@dabd (47571b8e)]&amp#27;[0m Matched '/element' to command name 'findElement'
&amp#27;[38;5;32m[AndroidUiautomator2Driver@dabd (47571b8e)]&amp#27;[0m Proxying [POST /element] to [POST http://127.0.0.1:8201/session/e99dcc09-a0f0-48bb-8a0b-d829d4323b82/element] with body: {"strategy":"accessibility id","selector":"Full Name* input field","context":"","multiple":false}
&amp#27;[38;5;32m[AndroidUiautomator2Driver@dabd (47571b8e)]&amp#27;[0m Got response with status 200: {"sessionId":"e99dcc09-a0f0-48bb-8a0b-d829d4323b82","value":{"ELEMENT":"00000000-0000-0594-ffff-ffff000004b7","element-6066-11e4-a52e-4f735466cecf":"00000000-0000-0594-ffff-ffff000004b7"}}
&amp#27;[38;5;32m[AndroidUiautomator2Driver@dabd (47571b8e)]&amp#27;[0m Responding to client with driver.findElement() result: {"element-6066-11e4-a52e-4f735466cecf":"00000000-0000-0594-ffff-ffff000004b7","ELEMENT":"00000000-0000-0594-ffff-ffff000004b7"}
&amp#27;[38;5;0m[HTTP]&amp#27;[0m &amp#27;[37m<-- POST /session/47571b8e-6191-4ef5-a875-b0f0dcd05976/element &amp#27;[39m&amp#27;[32m200&amp#27;[39m &amp#27;[90m164 ms - 137&amp#27;[39m
&amp#27;[38;5;0m[HTTP]&amp#27;[0m &amp#27;[90m&amp#27;[39m
&amp#27;[38;5;0m[HTTP]&amp#27;[0m &amp#27;[37m-->&amp#27;[39m &amp#27;[37mPOST&amp#27;[39m &amp#27;[37m/session/47571b8e-6191-4ef5-a875-b0f0dcd05976/element/00000000-0000-0594-ffff-ffff000004b7/value&amp#27;[39m
&amp#27;[38;5;0m[HTTP]&amp#27;[0m &amp#27;[90m{"id":"00000000-0000-0594-ffff-ffff000004b7","text":"Bob Fisher","value":["B","o","b"," ","F","i","s","h","e","r"]}&amp#27;[39m
&amp#27;[38;5;32m[AndroidUiautomator2Driver@dabd (47571b8e)]&amp#27;[0m Calling AppiumDriver.setValue() with args: [["B","o","b"," ","F","i","s","h","e","r"],"00000000-0000-0594-ffff-ffff000004b7","47571b8e-6191-4ef5-a875-b0f0dcd05976"]
&amp#27;[38;5;32m[AndroidUiautomator2Driver@dabd (47571b8e)]&amp#27;[0m Matched '/element/00000000-0000-0594-ffff-ffff000004b7/value' to command name 'setValue'
&amp#27;[38;5;32m[AndroidUiautomator2Driver@dabd (47571b8e)]&amp#27;[0m Added 'value' property ["B","o","b"," ","F","i","s","h","e","r"] to 'setValue' request body
&amp#27;[38;5;32m[AndroidUiautomator2Driver@dabd (47571b8e)]&amp#27;[0m Proxying [POST /element/00000000-0000-0594-ffff-ffff000004b7/value] to [POST http://127.0.0.1:8201/session/e99dcc09-a0f0-48bb-8a0b-d829d4323b82/element/00000000-0000-0594-ffff-ffff000004b7/value] with body: {"elementId":"00000000-0000-0594-ffff-ffff000004b7","text":"Bob Fisher","replace":false,"value":["B","o","b"," ","F","i","s","h","e","r"]}
&amp#27;[38;5;32m[AndroidUiautomator2Driver@dabd (47571b8e)]&amp#27;[0m Got response with status 200: {"sessionId":"e99dcc09-a0f0-48bb-8a0b-d829d4323b82","value":null}
&amp#27;[38;5;32m[AndroidUiautomator2Driver@dabd (47571b8e)]&amp#27;[0m Responding to client with driver.setValue() result: null
&amp#27;[38;5;0m[HTTP]&amp#27;[0m &amp#27;[37m<-- POST /session/47571b8e-6191-4ef5-a875-b0f0dcd05976/element/00000000-0000-0594-ffff-ffff000004b7/value &amp#27;[39m&amp#27;[32m200&amp#27;[39m &amp#27;[90m65 ms - 14&amp#27;[39m
&amp#27;[38;5;0m[HTTP]&amp#27;[0m &amp#27;[90m&amp#27;[39m
&amp#27;[38;5;0m[HTTP]&amp#27;[0m &amp#27;[37m-->&amp#27;[39m &amp#27;[37mGET&amp#27;[39m &amp#27;[37m/session/47571b8e-6191-4ef5-a875-b0f0dcd05976/context&amp#27;[39m
&amp#27;[38;5;0m[HTTP]&amp#27;[0m &amp#27;[90m{}&amp#27;[39m
&amp#27;[38;5;32m[AndroidUiautomator2Driver@dabd (47571b8e)]&amp#27;[0m Calling AppiumDriver.getCurrentContext() with args: ["47571b8e-6191-4ef5-a875-b0f0dcd05976"]
&amp#27;[38;5;32m[AndroidUiautomator2Driver@dabd (47571b8e)]&amp#27;[0m Responding to client with driver.getCurrentContext() result: "NATIVE_APP"
&amp#27;[38;5;0m[HTTP]&amp#27;[0m &amp#27;[37m<-- GET /session/47571b8e-6191-4ef5-a875-b0f0dcd05976/context &amp#27;[39m&amp#27;[32m200&amp#27;[39m &amp#27;[90m1 ms - 22&amp#27;[39m
&amp#27;[38;5;0m[HTTP]&amp#27;[0m &amp#27;[90m&amp#27;[39m
&amp#27;[38;5;0m[HTTP]&amp#27;[0m &amp#27;[37m-->&amp#27;[39m &amp#27;[37mPOST&amp#27;[39m &amp#27;[37m/session/47571b8e-6191-4ef5-a875-b0f0dcd05976/element&amp#27;[39m
&amp#27;[38;5;0m[HTTP]&amp#27;[0m &amp#27;[90m{"using":"accessibility id","value":"Card Number* input field"}&amp#27;[39m
&amp#27;[38;5;32m[AndroidUiautomator2Driver@dabd (47571b8e)]&amp#27;[0m Calling AppiumDriver.findElement() with args: ["accessibility id","Card Number* input field","47571b8e-6191-4ef5-a875-b0f0dcd05976"]
&amp#27;[38;5;32m[AndroidUiautomator2Driver@dabd (47571b8e)]&amp#27;[0m Valid locator strategies for this request: xpath, id, class name, accessibility id, css selector, -android uiautomator
&amp#27;[38;5;32m[AndroidUiautomator2Driver@dabd (47571b8e)]&amp#27;[0m Waiting up to 10000 ms for condition
&amp#27;[38;5;32m[AndroidUiautomator2Driver@dabd (47571b8e)]&amp#27;[0m Matched '/element' to command name 'findElement'
&amp#27;[38;5;32m[AndroidUiautomator2Driver@dabd (47571b8e)]&amp#27;[0m Proxying [POST /element] to [POST http://127.0.0.1:8201/session/e99dcc09-a0f0-48bb-8a0b-d829d4323b82/element] with body: {"strategy":"accessibility id","selector":"Card Number* input field","context":"","multiple":false}
&amp#27;[38;5;32m[AndroidUiautomator2Driver@dabd (47571b8e)]&amp#27;[0m Got response with status 200: {"sessionId":"e99dcc09-a0f0-48bb-8a0b-d829d4323b82","value":{"ELEMENT":"00000000-0000-0594-ffff-ffff000004ba","element-6066-11e4-a52e-4f735466cecf":"00000000-0000-0594-ffff-ffff000004ba"}}
&amp#27;[38;5;32m[AndroidUiautomator2Driver@dabd (47571b8e)]&amp#27;[0m Responding to client with driver.findElement() result: {"element-6066-11e4-a52e-4f735466cecf":"00000000-0000-0594-ffff-ffff000004ba","ELEMENT":"00000000-0000-0594-ffff-ffff000004ba"}
&amp#27;[38;5;0m[HTTP]&amp#27;[0m &amp#27;[37m<-- POST /session/47571b8e-6191-4ef5-a875-b0f0dcd05976/element &amp#27;[39m&amp#27;[32m200&amp#27;[39m &amp#27;[90m680 ms - 137&amp#27;[39m
&amp#27;[38;5;0m[HTTP]&amp#27;[0m &amp#27;[90m&amp#27;[39m
&amp#27;[38;5;0m[HTTP]&amp#27;[0m &amp#27;[37m-->&amp#27;[39m &amp#27;[37mPOST&amp#27;[39m &amp#27;[37m/session/47571b8e-6191-4ef5-a875-b0f0dcd05976/element/00000000-0000-0594-ffff-ffff000004ba/value&amp#27;[39m
&amp#27;[38;5;0m[HTTP]&amp#27;[0m &amp#27;[90m{"id":"00000000-0000-0594-ffff-ffff000004ba","text":"1234 1234 1234 123","value":["1","2","3","4"," ","1","2","3","4"," ","1","2","3","4"," ","1","2","3"]}&amp#27;[39m
&amp#27;[38;5;32m[AndroidUiautomator2Driver@dabd (47571b8e)]&amp#27;[0m Calling AppiumDriver.setValue() with args: [["1","2","3","4"," ","1","2","3","4"," ","1","2","3","4"," ","1","2","3"],"00000000-0000-0594-ffff-ffff000004ba","47571b8e-6191-4ef5-a875-b0f0dcd05976"]
&amp#27;[38;5;32m[AndroidUiautomator2Driver@dabd (47571b8e)]&amp#27;[0m Matched '/element/00000000-0000-0594-ffff-ffff000004ba/value' to command name 'setValue'
&amp#27;[38;5;32m[AndroidUiautomator2Driver@dabd (47571b8e)]&amp#27;[0m Added 'value' property ["1","2","3","4"," ","1","2","3","4"," ","1","2","3","4"," ","1","2","3"] to 'setValue' request body
&amp#27;[38;5;32m[AndroidUiautomator2Driver@dabd (47571b8e)]&amp#27;[0m Proxying [POST /element/00000000-0000-0594-ffff-ffff000004ba/value] to [POST http://127.0.0.1:8201/session/e99dcc09-a0f0-48bb-8a0b-d829d4323b82/element/00000000-0000-0594-ffff-ffff000004ba/value] with body: {"elementId":"00000000-0000-0594-ffff-ffff000004ba","text":"1234 1234 1234 123","replace":false,"value":["1","2","3","4"," ","1","2","3","4"," ","1","2","3","4"," ","1","2","3"]}
&amp#27;[38;5;32m[AndroidUiautomator2Driver@dabd (47571b8e)]&amp#27;[0m Got response with status 200: {"sessionId":"e99dcc09-a0f0-48bb-8a0b-d829d4323b82","value":null}
&amp#27;[38;5;32m[AndroidUiautomator2Driver@dabd (47571b8e)]&amp#27;[0m Responding to client with driver.setValue() result: null
&amp#27;[38;5;0m[HTTP]&amp#27;[0m &amp#27;[37m<-- POST /session/47571b8e-6191-4ef5-a875-b0f0dcd05976/element/00000000-0000-0594-ffff-ffff000004ba/value &amp#27;[39m&amp#27;[32m200&amp#27;[39m &amp#27;[90m585 ms - 14&amp#27;[39m
&amp#27;[38;5;0m[HTTP]&amp#27;[0m &amp#27;[90m&amp#27;[39m
&amp#27;[38;5;0m[HTTP]&amp#27;[0m &amp#27;[37m-->&amp#27;[39m &amp#27;[37mGET&amp#27;[39m &amp#27;[37m/session/47571b8e-6191-4ef5-a875-b0f0dcd05976/context&amp#27;[39m
&amp#27;[38;5;0m[HTTP]&amp#27;[0m &amp#27;[90m{}&amp#27;[39m
&amp#27;[38;5;32m[AndroidUiautomator2Driver@dabd (47571b8e)]&amp#27;[0m Calling AppiumDriver.getCurrentContext() with args: ["47571b8e-6191-4ef5-a875-b0f0dcd05976"]
&amp#27;[38;5;32m[AndroidUiautomator2Driver@dabd (47571b8e)]&amp#27;[0m Responding to client with driver.getCurrentContext() result: "NATIVE_APP"
&amp#27;[38;5;0m[HTTP]&amp#27;[0m &amp#27;[37m<-- GET /session/47571b8e-6191-4ef5-a875-b0f0dcd05976/context &amp#27;[39m&amp#27;[32m200&amp#27;[39m &amp#27;[90m1 ms - 22&amp#27;[39m
&amp#27;[38;5;0m[HTTP]&amp#27;[0m &amp#27;[90m&amp#27;[39m
&amp#27;[38;5;0m[HTTP]&amp#27;[0m &amp#27;[37m-->&amp#27;[39m &amp#27;[37mPOST&amp#27;[39m &amp#27;[37m/session/47571b8e-6191-4ef5-a875-b0f0dcd05976/element&amp#27;[39m
&amp#27;[38;5;0m[HTTP]&amp#27;[0m &amp#27;[90m{"using":"accessibility id","value":"Expiration Date* input field"}&amp#27;[39m
&amp#27;[38;5;32m[AndroidUiautomator2Driver@dabd (47571b8e)]&amp#27;[0m Calling AppiumDriver.findElement() with args: ["accessibility id","Expiration Date* input field","47571b8e-6191-4ef5-a875-b0f0dcd05976"]
&amp#27;[38;5;32m[AndroidUiautomator2Driver@dabd (47571b8e)]&amp#27;[0m Valid locator strategies for this request: xpath, id, class name, accessibility id, css selector, -android uiautomator
&amp#27;[38;5;32m[AndroidUiautomator2Driver@dabd (47571b8e)]&amp#27;[0m Waiting up to 10000 ms for condition
&amp#27;[38;5;32m[AndroidUiautomator2Driver@dabd (47571b8e)]&amp#27;[0m Matched '/element' to command name 'findElement'
&amp#27;[38;5;32m[AndroidUiautomator2Driver@dabd (47571b8e)]&amp#27;[0m Proxying [POST /element] to [POST http://127.0.0.1:8201/session/e99dcc09-a0f0-48bb-8a0b-d829d4323b82/element] with body: {"strategy":"accessibility id","selector":"Expiration Date* input field","context":"","multiple":false}
&amp#27;[38;5;32m[AndroidUiautomator2Driver@dabd (47571b8e)]&amp#27;[0m Got response with status 200: {"sessionId":"e99dcc09-a0f0-48bb-8a0b-d829d4323b82","value":{"ELEMENT":"00000000-0000-0594-ffff-ffff000004bd","element-6066-11e4-a52e-4f735466cecf":"00000000-0000-0594-ffff-ffff000004bd"}}
&amp#27;[38;5;32m[AndroidUiautomator2Driver@dabd (47571b8e)]&amp#27;[0m Responding to client with driver.findElement() result: {"element-6066-11e4-a52e-4f735466cecf":"00000000-0000-0594-ffff-ffff000004bd","ELEMENT":"00000000-0000-0594-ffff-ffff000004bd"}
&amp#27;[38;5;0m[HTTP]&amp#27;[0m &amp#27;[37m<-- POST /session/47571b8e-6191-4ef5-a875-b0f0dcd05976/element &amp#27;[39m&amp#27;[32m200&amp#27;[39m &amp#27;[90m699 ms - 137&amp#27;[39m
&amp#27;[38;5;0m[HTTP]&amp#27;[0m &amp#27;[90m&amp#27;[39m
&amp#27;[38;5;0m[HTTP]&amp#27;[0m &amp#27;[37m-->&amp#27;[39m &amp#27;[37mPOST&amp#27;[39m &amp#27;[37m/session/47571b8e-6191-4ef5-a875-b0f0dcd05976/element/00000000-0000-0594-ffff-ffff000004bd/value&amp#27;[39m
&amp#27;[38;5;0m[HTTP]&amp#27;[0m &amp#27;[90m{"id":"00000000-0000-0594-ffff-ffff000004bd","text":"06/26","value":["0","6","/","2","6"]}&amp#27;[39m
&amp#27;[38;5;32m[AndroidUiautomator2Driver@dabd (47571b8e)]&amp#27;[0m Calling AppiumDriver.setValue() with args: [["0","6","/","2","6"],"00000000-0000-0594-ffff-ffff000004bd","47571b8e-6191-4ef5-a875-b0f0dcd05976"]
&amp#27;[38;5;32m[AndroidUiautomator2Driver@dabd (47571b8e)]&amp#27;[0m Matched '/element/00000000-0000-0594-ffff-ffff000004bd/value' to command name 'setValue'
&amp#27;[38;5;32m[AndroidUiautomator2Driver@dabd (47571b8e)]&amp#27;[0m Added 'value' property ["0","6","/","2","6"] to 'setValue' request body
&amp#27;[38;5;32m[AndroidUiautomator2Driver@dabd (47571b8e)]&amp#27;[0m Proxying [POST /element/00000000-0000-0594-ffff-ffff000004bd/value] to [POST http://127.0.0.1:8201/session/e99dcc09-a0f0-48bb-8a0b-d829d4323b82/element/00000000-0000-0594-ffff-ffff000004bd/value] with body: {"elementId":"00000000-0000-0594-ffff-ffff000004bd","text":"06/26","replace":false,"value":["0","6","/","2","6"]}
&amp#27;[38;5;32m[AndroidUiautomator2Driver@dabd (47571b8e)]&amp#27;[0m Got response with status 200: {"sessionId":"e99dcc09-a0f0-48bb-8a0b-d829d4323b82","value":null}
&amp#27;[38;5;32m[AndroidUiautomator2Driver@dabd (47571b8e)]&amp#27;[0m Responding to client with driver.setValue() result: null
&amp#27;[38;5;0m[HTTP]&amp#27;[0m &amp#27;[37m<-- POST /session/47571b8e-6191-4ef5-a875-b0f0dcd05976/element/00000000-0000-0594-ffff-ffff000004bd/value &amp#27;[39m&amp#27;[32m200&amp#27;[39m &amp#27;[90m600 ms - 14&amp#27;[39m
&amp#27;[38;5;0m[HTTP]&amp#27;[0m &amp#27;[90m&amp#27;[39m
&amp#27;[38;5;0m[HTTP]&amp#27;[0m &amp#27;[37m-->&amp#27;[39m &amp#27;[37mGET&amp#27;[39m &amp#27;[37m/session/47571b8e-6191-4ef5-a875-b0f0dcd05976/context&amp#27;[39m
&amp#27;[38;5;0m[HTTP]&amp#27;[0m &amp#27;[90m{}&amp#27;[39m
&amp#27;[38;5;32m[AndroidUiautomator2Driver@dabd (47571b8e)]&amp#27;[0m Calling AppiumDriver.getCurrentContext() with args: ["47571b8e-6191-4ef5-a875-b0f0dcd05976"]
&amp#27;[38;5;32m[AndroidUiautomator2Driver@dabd (47571b8e)]&amp#27;[0m Responding to client with driver.getCurrentContext() result: "NATIVE_APP"
&amp#27;[38;5;0m[HTTP]&amp#27;[0m &amp#27;[37m<-- GET /session/47571b8e-6191-4ef5-a875-b0f0dcd05976/context &amp#27;[39m&amp#27;[32m200&amp#27;[39m &amp#27;[90m1 ms - 22&amp#27;[39m
&amp#27;[38;5;0m[HTTP]&amp#27;[0m &amp#27;[90m&amp#27;[39m
&amp#27;[38;5;0m[HTTP]&amp#27;[0m &amp#27;[37m-->&amp#27;[39m &amp#27;[37mPOST&amp#27;[39m &amp#27;[37m/session/47571b8e-6191-4ef5-a875-b0f0dcd05976/element&amp#27;[39m
&amp#27;[38;5;0m[HTTP]&amp#27;[0m &amp#27;[90m{"using":"accessibility id","value":"Security Code* input field"}&amp#27;[39m
&amp#27;[38;5;32m[AndroidUiautomator2Driver@dabd (47571b8e)]&amp#27;[0m Calling AppiumDriver.findElement() with args: ["accessibility id","Security Code* input field","47571b8e-6191-4ef5-a875-b0f0dcd05976"]
&amp#27;[38;5;32m[AndroidUiautomator2Driver@dabd (47571b8e)]&amp#27;[0m Valid locator strategies for this request: xpath, id, class name, accessibility id, css selector, -android uiautomator
&amp#27;[38;5;32m[AndroidUiautomator2Driver@dabd (47571b8e)]&amp#27;[0m Waiting up to 10000 ms for condition
&amp#27;[38;5;32m[AndroidUiautomator2Driver@dabd (47571b8e)]&amp#27;[0m Matched '/element' to command name 'findElement'
&amp#27;[38;5;32m[AndroidUiautomator2Driver@dabd (47571b8e)]&amp#27;[0m Proxying [POST /element] to [POST http://127.0.0.1:8201/session/e99dcc09-a0f0-48bb-8a0b-d829d4323b82/element] with body: {"strategy":"accessibility id","selector":"Security Code* input field","context":"","multiple":false}
&amp#27;[38;5;32m[AndroidUiautomator2Driver@dabd (47571b8e)]&amp#27;[0m Got response with status 200: {"sessionId":"e99dcc09-a0f0-48bb-8a0b-d829d4323b82","value":{"ELEMENT":"00000000-0000-0594-ffff-ffff000004c0","element-6066-11e4-a52e-4f735466cecf":"00000000-0000-0594-ffff-ffff000004c0"}}
&amp#27;[38;5;32m[AndroidUiautomator2Driver@dabd (47571b8e)]&amp#27;[0m Responding to client with driver.findElement() result: {"element-6066-11e4-a52e-4f735466cecf":"00000000-0000-0594-ffff-ffff000004c0","ELEMENT":"00000000-0000-0594-ffff-ffff000004c0"}
&amp#27;[38;5;0m[HTTP]&amp#27;[0m &amp#27;[37m<-- POST /session/47571b8e-6191-4ef5-a875-b0f0dcd05976/element &amp#27;[39m&amp#27;[32m200&amp#27;[39m &amp#27;[90m685 ms - 137&amp#27;[39m
&amp#27;[38;5;0m[HTTP]&amp#27;[0m &amp#27;[90m&amp#27;[39m
&amp#27;[38;5;0m[HTTP]&amp#27;[0m &amp#27;[37m-->&amp#27;[39m &amp#27;[37mPOST&amp#27;[39m &amp#27;[37m/session/47571b8e-6191-4ef5-a875-b0f0dcd05976/element/00000000-0000-0594-ffff-ffff000004c0/value&amp#27;[39m
&amp#27;[38;5;0m[HTTP]&amp#27;[0m &amp#27;[90m{"id":"00000000-0000-0594-ffff-ffff000004c0","text":"345","value":["3","4","5"]}&amp#27;[39m
&amp#27;[38;5;32m[AndroidUiautomator2Driver@dabd (47571b8e)]&amp#27;[0m Calling AppiumDriver.setValue() with args: [["3","4","5"],"00000000-0000-0594-ffff-ffff000004c0","47571b8e-6191-4ef5-a875-b0f0dcd05976"]
&amp#27;[38;5;32m[AndroidUiautomator2Driver@dabd (47571b8e)]&amp#27;[0m Matched '/element/00000000-0000-0594-ffff-ffff000004c0/value' to command name 'setValue'
&amp#27;[38;5;32m[AndroidUiautomator2Driver@dabd (47571b8e)]&amp#27;[0m Added 'value' property ["3","4","5"] to 'setValue' request body
&amp#27;[38;5;32m[AndroidUiautomator2Driver@dabd (47571b8e)]&amp#27;[0m Proxying [POST /element/00000000-0000-0594-ffff-ffff000004c0/value] to [POST http://127.0.0.1:8201/session/e99dcc09-a0f0-48bb-8a0b-d829d4323b82/element/00000000-0000-0594-ffff-ffff000004c0/value] with body: {"elementId":"00000000-0000-0594-ffff-ffff000004c0","text":"345","replace":false,"value":["3","4","5"]}
&amp#27;[38;5;32m[AndroidUiautomator2Driver@dabd (47571b8e)]&amp#27;[0m Got response with status 200: {"sessionId":"e99dcc09-a0f0-48bb-8a0b-d829d4323b82","value":null}
&amp#27;[38;5;32m[AndroidUiautomator2Driver@dabd (47571b8e)]&amp#27;[0m Responding to client with driver.setValue() result: null
&amp#27;[38;5;0m[HTTP]&amp#27;[0m &amp#27;[37m<-- POST /session/47571b8e-6191-4ef5-a875-b0f0dcd05976/element/00000000-0000-0594-ffff-ffff000004c0/value &amp#27;[39m&amp#27;[32m200&amp#27;[39m &amp#27;[90m582 ms - 14&amp#27;[39m
&amp#27;[38;5;0m[HTTP]&amp#27;[0m &amp#27;[90m&amp#27;[39m
&amp#27;[38;5;0m[HTTP]&amp#27;[0m &amp#27;[37m-->&amp#27;[39m &amp#27;[37mGET&amp#27;[39m &amp#27;[37m/session/47571b8e-6191-4ef5-a875-b0f0dcd05976/context&amp#27;[39m
&amp#27;[38;5;0m[HTTP]&amp#27;[0m &amp#27;[90m{}&amp#27;[39m
&amp#27;[38;5;32m[AndroidUiautomator2Driver@dabd (47571b8e)]&amp#27;[0m Calling AppiumDriver.getCurrentContext() with args: ["47571b8e-6191-4ef5-a875-b0f0dcd05976"]
&amp#27;[38;5;32m[AndroidUiautomator2Driver@dabd (47571b8e)]&amp#27;[0m Responding to client with driver.getCurrentContext() result: "NATIVE_APP"
&amp#27;[38;5;0m[HTTP]&amp#27;[0m &amp#27;[37m<-- GET /session/47571b8e-6191-4ef5-a875-b0f0dcd05976/context &amp#27;[39m&amp#27;[32m200&amp#27;[39m &amp#27;[90m1 ms - 22&amp#27;[39m
&amp#27;[38;5;0m[HTTP]&amp#27;[0m &amp#27;[90m&amp#27;[39m
&amp#27;[38;5;0m[HTTP]&amp#27;[0m &amp#27;[37m-->&amp#27;[39m &amp#27;[37mPOST&amp#27;[39m &amp#27;[37m/session/47571b8e-6191-4ef5-a875-b0f0dcd05976/element&amp#27;[39m
&amp#27;[38;5;0m[HTTP]&amp#27;[0m &amp#27;[90m{"using":"accessibility id","value":"Review Order button"}&amp#27;[39m
&amp#27;[38;5;32m[AndroidUiautomator2Driver@dabd (47571b8e)]&amp#27;[0m Calling AppiumDriver.findElement() with args: ["accessibility id","Review Order button","47571b8e-6191-4ef5-a875-b0f0dcd05976"]
&amp#27;[38;5;32m[AndroidUiautomator2Driver@dabd (47571b8e)]&amp#27;[0m Valid locator strategies for this request: xpath, id, class name, accessibility id, css selector, -android uiautomator
&amp#27;[38;5;32m[AndroidUiautomator2Driver@dabd (47571b8e)]&amp#27;[0m Waiting up to 10000 ms for condition
&amp#27;[38;5;32m[AndroidUiautomator2Driver@dabd (47571b8e)]&amp#27;[0m Matched '/element' to command name 'findElement'
&amp#27;[38;5;32m[AndroidUiautomator2Driver@dabd (47571b8e)]&amp#27;[0m Proxying [POST /element] to [POST http://127.0.0.1:8201/session/e99dcc09-a0f0-48bb-8a0b-d829d4323b82/element] with body: {"strategy":"accessibility id","selector":"Review Order button","context":"","multiple":false}
&amp#27;[38;5;32m[AndroidUiautomator2Driver@dabd (47571b8e)]&amp#27;[0m Got response with status 200: {"sessionId":"e99dcc09-a0f0-48bb-8a0b-d829d4323b82","value":{"ELEMENT":"00000000-0000-0594-ffff-ffff000004c9","element-6066-11e4-a52e-4f735466cecf":"00000000-0000-0594-ffff-ffff000004c9"}}
&amp#27;[38;5;32m[AndroidUiautomator2Driver@dabd (47571b8e)]&amp#27;[0m Responding to client with driver.findElement() result: {"element-6066-11e4-a52e-4f735466cecf":"00000000-0000-0594-ffff-ffff000004c9","ELEMENT":"00000000-0000-0594-ffff-ffff000004c9"}
&amp#27;[38;5;0m[HTTP]&amp#27;[0m &amp#27;[37m<-- POST /session/47571b8e-6191-4ef5-a875-b0f0dcd05976/element &amp#27;[39m&amp#27;[32m200&amp#27;[39m &amp#27;[90m732 ms - 137&amp#27;[39m
&amp#27;[38;5;0m[HTTP]&amp#27;[0m &amp#27;[90m&amp#27;[39m
&amp#27;[38;5;0m[HTTP]&amp#27;[0m &amp#27;[37m-->&amp#27;[39m &amp#27;[37mPOST&amp#27;[39m &amp#27;[37m/session/47571b8e-6191-4ef5-a875-b0f0dcd05976/element/00000000-0000-0594-ffff-ffff000004c9/click&amp#27;[39m
&amp#27;[38;5;0m[HTTP]&amp#27;[0m &amp#27;[90m{"id":"00000000-0000-0594-ffff-ffff000004c9"}&amp#27;[39m
&amp#27;[38;5;32m[AndroidUiautomator2Driver@dabd (47571b8e)]&amp#27;[0m Calling AppiumDriver.click() with args: ["00000000-0000-0594-ffff-ffff000004c9","47571b8e-6191-4ef5-a875-b0f0dcd05976"]
&amp#27;[38;5;32m[AndroidUiautomator2Driver@dabd (47571b8e)]&amp#27;[0m Matched '/element/00000000-0000-0594-ffff-ffff000004c9/click' to command name 'click'
&amp#27;[38;5;32m[AndroidUiautomator2Driver@dabd (47571b8e)]&amp#27;[0m Proxying [POST /element/00000000-0000-0594-ffff-ffff000004c9/click] to [POST http://127.0.0.1:8201/session/e99dcc09-a0f0-48bb-8a0b-d829d4323b82/element/00000000-0000-0594-ffff-ffff000004c9/click] with body: {"element":"00000000-0000-0594-ffff-ffff000004c9"}
&amp#27;[38;5;32m[AndroidUiautomator2Driver@dabd (47571b8e)]&amp#27;[0m Got response with status 200: {"sessionId":"e99dcc09-a0f0-48bb-8a0b-d829d4323b82","value":null}
&amp#27;[38;5;32m[AndroidUiautomator2Driver@dabd (47571b8e)]&amp#27;[0m Responding to client with driver.click() result: null
&amp#27;[38;5;0m[HTTP]&amp#27;[0m &amp#27;[37m<-- POST /session/47571b8e-6191-4ef5-a875-b0f0dcd05976/element/00000000-0000-0594-ffff-ffff000004c9/click &amp#27;[39m&amp#27;[32m200&amp#27;[39m &amp#27;[90m93 ms - 14&amp#27;[39m
&amp#27;[38;5;0m[HTTP]&amp#27;[0m &amp#27;[90m&amp#27;[39m
&amp#27;[38;5;0m[HTTP]&amp#27;[0m &amp#27;[37m-->&amp#27;[39m &amp#27;[37mPOST&amp#27;[39m &amp#27;[37m/session/47571b8e-6191-4ef5-a875-b0f0dcd05976/element&amp#27;[39m
&amp#27;[38;5;0m[HTTP]&amp#27;[0m &amp#27;[90m{"using":"xpath","value":"//android.widget.TextView[contains(@text,'Review')]"}&amp#27;[39m
&amp#27;[38;5;32m[AndroidUiautomator2Driver@dabd (47571b8e)]&amp#27;[0m Calling AppiumDriver.findElement() with args: ["xpath","//android.widget.TextView[contains(@text,'Review')]","47571b8e-6191-4ef5-a875-b0f0dcd05976"]
&amp#27;[38;5;32m[AndroidUiautomator2Driver@dabd (47571b8e)]&amp#27;[0m Valid locator strategies for this request: xpath, id, class name, accessibility id, css selector, -android uiautomator
&amp#27;[38;5;32m[AndroidUiautomator2Driver@dabd (47571b8e)]&amp#27;[0m Waiting up to 10000 ms for condition
&amp#27;[38;5;32m[AndroidUiautomator2Driver@dabd (47571b8e)]&amp#27;[0m Matched '/element' to command name 'findElement'
&amp#27;[38;5;32m[AndroidUiautomator2Driver@dabd (47571b8e)]&amp#27;[0m Proxying [POST /element] to [POST http://127.0.0.1:8201/session/e99dcc09-a0f0-48bb-8a0b-d829d4323b82/element] with body: {"strategy":"xpath","selector":"//android.widget.TextView[contains(@text,'Review')]","context":"","multiple":false}
&amp#27;[38;5;32m[AndroidUiautomator2Driver@dabd (47571b8e)]&amp#27;[0m Got response with status 200: {"sessionId":"e99dcc09-a0f0-48bb-8a0b-d829d4323b82","value":{"ELEMENT":"00000000-0000-0594-ffff-ffff000004e2","element-6066-11e4-a52e-4f735466cecf":"00000000-0000-0594-ffff-ffff000004e2"}}
&amp#27;[38;5;32m[AndroidUiautomator2Driver@dabd (47571b8e)]&amp#27;[0m Responding to client with driver.findElement() result: {"element-6066-11e4-a52e-4f735466cecf":"00000000-0000-0594-ffff-ffff000004e2","ELEMENT":"00000000-0000-0594-ffff-ffff000004e2"}
&amp#27;[38;5;0m[HTTP]&amp#27;[0m &amp#27;[37m<-- POST /session/47571b8e-6191-4ef5-a875-b0f0dcd05976/element &amp#27;[39m&amp#27;[32m200&amp#27;[39m &amp#27;[90m1667 ms - 137&amp#27;[39m
&amp#27;[38;5;0m[HTTP]&amp#27;[0m &amp#27;[90m&amp#27;[39m
&amp#27;[38;5;0m[HTTP]&amp#27;[0m &amp#27;[37m-->&amp#27;[39m &amp#27;[37mGET&amp#27;[39m &amp#27;[37m/session/47571b8e-6191-4ef5-a875-b0f0dcd05976/element/00000000-0000-0594-ffff-ffff000004e2/text&amp#27;[39m
&amp#27;[38;5;0m[HTTP]&amp#27;[0m &amp#27;[90m{}&amp#27;[39m
&amp#27;[38;5;32m[AndroidUiautomator2Driver@dabd (47571b8e)]&amp#27;[0m Driver proxy active, passing request on via HTTP proxy
&amp#27;[38;5;32m[AndroidUiautomator2Driver@dabd (47571b8e)]&amp#27;[0m Matched '/session/47571b8e-6191-4ef5-a875-b0f0dcd05976/element/00000000-0000-0594-ffff-ffff000004e2/text' to command name 'getText'
&amp#27;[38;5;32m[AndroidUiautomator2Driver@dabd (47571b8e)]&amp#27;[0m Proxying [GET /session/47571b8e-6191-4ef5-a875-b0f0dcd05976/element/00000000-0000-0594-ffff-ffff000004e2/text] to [GET http://127.0.0.1:8201/session/e99dcc09-a0f0-48bb-8a0b-d829d4323b82/element/00000000-0000-0594-ffff-ffff000004e2/text] with no body
&amp#27;[38;5;32m[AndroidUiautomator2Driver@dabd (47571b8e)]&amp#27;[0m Got response with status 200: {"sessionId":"e99dcc09-a0f0-48bb-8a0b-d829d4323b82","value":"Review your order"}
&amp#27;[38;5;32m[AndroidUiautomator2Driver@dabd (47571b8e)]&amp#27;[0m Replacing sessionId e99dcc09-a0f0-48bb-8a0b-d829d4323b82 with 47571b8e-6191-4ef5-a875-b0f0dcd05976
&amp#27;[38;5;0m[HTTP]&amp#27;[0m &amp#27;[37m<-- GET /session/47571b8e-6191-4ef5-a875-b0f0dcd05976/element/00000000-0000-0594-ffff-ffff000004e2/text &amp#27;[39m&amp#27;[32m200&amp#27;[39m &amp#27;[90m24 ms - 80&amp#27;[39m
&amp#27;[38;5;0m[HTTP]&amp#27;[0m &amp#27;[90m&amp#27;[39m
&amp#27;[38;5;0m[HTTP]&amp#27;[0m &amp#27;[37m-->&amp#27;[39m &amp#27;[37mGET&amp#27;[39m &amp#27;[37m/session/47571b8e-6191-4ef5-a875-b0f0dcd05976/context&amp#27;[39m
&amp#27;[38;5;0m[HTTP]&amp#27;[0m &amp#27;[90m{}&amp#27;[39m
&amp#27;[38;5;32m[AndroidUiautomator2Driver@dabd (47571b8e)]&amp#27;[0m Calling AppiumDriver.getCurrentContext() with args: ["47571b8e-6191-4ef5-a875-b0f0dcd05976"]
&amp#27;[38;5;32m[AndroidUiautomator2Driver@dabd (47571b8e)]&amp#27;[0m Responding to client with driver.getCurrentContext() result: "NATIVE_APP"
&amp#27;[38;5;0m[HTTP]&amp#27;[0m &amp#27;[37m<-- GET /session/47571b8e-6191-4ef5-a875-b0f0dcd05976/context &amp#27;[39m&amp#27;[32m200&amp#27;[39m &amp#27;[90m1 ms - 22&amp#27;[39m
&amp#27;[38;5;0m[HTTP]&amp#27;[0m &amp#27;[90m&amp#27;[39m
&amp#27;[38;5;0m[HTTP]&amp#27;[0m &amp#27;[37m-->&amp#27;[39m &amp#27;[37mPOST&amp#27;[39m &amp#27;[37m/session/47571b8e-6191-4ef5-a875-b0f0dcd05976/element&amp#27;[39m
&amp#27;[38;5;0m[HTTP]&amp#27;[0m &amp#27;[90m{"using":"xpath","value":"//android.widget.TextView[contains(@text,'Review')]"}&amp#27;[39m
&amp#27;[38;5;32m[AndroidUiautomator2Driver@dabd (47571b8e)]&amp#27;[0m Calling AppiumDriver.findElement() with args: ["xpath","//android.widget.TextView[contains(@text,'Review')]","47571b8e-6191-4ef5-a875-b0f0dcd05976"]
&amp#27;[38;5;32m[AndroidUiautomator2Driver@dabd (47571b8e)]&amp#27;[0m Valid locator strategies for this request: xpath, id, class name, accessibility id, css selector, -android uiautomator
&amp#27;[38;5;32m[AndroidUiautomator2Driver@dabd (47571b8e)]&amp#27;[0m Waiting up to 10000 ms for condition
&amp#27;[38;5;32m[AndroidUiautomator2Driver@dabd (47571b8e)]&amp#27;[0m Matched '/element' to command name 'findElement'
&amp#27;[38;5;32m[AndroidUiautomator2Driver@dabd (47571b8e)]&amp#27;[0m Proxying [POST /element] to [POST http://127.0.0.1:8201/session/e99dcc09-a0f0-48bb-8a0b-d829d4323b82/element] with body: {"strategy":"xpath","selector":"//android.widget.TextView[contains(@text,'Review')]","context":"","multiple":false}
&amp#27;[38;5;32m[AndroidUiautomator2Driver@dabd (47571b8e)]&amp#27;[0m Got response with status 200: {"sessionId":"e99dcc09-a0f0-48bb-8a0b-d829d4323b82","value":{"ELEMENT":"00000000-0000-0594-ffff-ffff000004e2","element-6066-11e4-a52e-4f735466cecf":"00000000-0000-0594-ffff-ffff000004e2"}}
&amp#27;[38;5;32m[AndroidUiautomator2Driver@dabd (47571b8e)]&amp#27;[0m Responding to client with driver.findElement() result: {"element-6066-11e4-a52e-4f735466cecf":"00000000-0000-0594-ffff-ffff000004e2","ELEMENT":"00000000-0000-0594-ffff-ffff000004e2"}
&amp#27;[38;5;0m[HTTP]&amp#27;[0m &amp#27;[37m<-- POST /session/47571b8e-6191-4ef5-a875-b0f0dcd05976/element &amp#27;[39m&amp#27;[32m200&amp#27;[39m &amp#27;[90m497 ms - 137&amp#27;[39m
&amp#27;[38;5;0m[HTTP]&amp#27;[0m &amp#27;[90m&amp#27;[39m
&amp#27;[38;5;0m[HTTP]&amp#27;[0m &amp#27;[37m-->&amp#27;[39m &amp#27;[37mGET&amp#27;[39m &amp#27;[37m/session/47571b8e-6191-4ef5-a875-b0f0dcd05976/element/00000000-0000-0594-ffff-ffff000004e2/text&amp#27;[39m
&amp#27;[38;5;0m[HTTP]&amp#27;[0m &amp#27;[90m{}&amp#27;[39m
&amp#27;[38;5;32m[AndroidUiautomator2Driver@dabd (47571b8e)]&amp#27;[0m Driver proxy active, passing request on via HTTP proxy
&amp#27;[38;5;32m[AndroidUiautomator2Driver@dabd (47571b8e)]&amp#27;[0m Matched '/session/47571b8e-6191-4ef5-a875-b0f0dcd05976/element/00000000-0000-0594-ffff-ffff000004e2/text' to command name 'getText'
&amp#27;[38;5;32m[AndroidUiautomator2Driver@dabd (47571b8e)]&amp#27;[0m Proxying [GET /session/47571b8e-6191-4ef5-a875-b0f0dcd05976/element/00000000-0000-0594-ffff-ffff000004e2/text] to [GET http://127.0.0.1:8201/session/e99dcc09-a0f0-48bb-8a0b-d829d4323b82/element/00000000-0000-0594-ffff-ffff000004e2/text] with no body
&amp#27;[38;5;32m[AndroidUiautomator2Driver@dabd (47571b8e)]&amp#27;[0m Got response with status 200: {"sessionId":"e99dcc09-a0f0-48bb-8a0b-d829d4323b82","value":"Review your order"}
&amp#27;[38;5;32m[AndroidUiautomator2Driver@dabd (47571b8e)]&amp#27;[0m Replacing sessionId e99dcc09-a0f0-48bb-8a0b-d829d4323b82 with 47571b8e-6191-4ef5-a875-b0f0dcd05976
&amp#27;[38;5;0m[HTTP]&amp#27;[0m &amp#27;[37m<-- GET /session/47571b8e-6191-4ef5-a875-b0f0dcd05976/element/00000000-0000-0594-ffff-ffff000004e2/text &amp#27;[39m&amp#27;[32m200&amp#27;[39m &amp#27;[90m23 ms - 80&amp#27;[39m
&amp#27;[38;5;0m[HTTP]&amp#27;[0m &amp#27;[90m&amp#27;[39m
&amp#27;[38;5;0m[HTTP]&amp#27;[0m &amp#27;[37m-->&amp#27;[39m &amp#27;[37mGET&amp#27;[39m &amp#27;[37m/session/47571b8e-6191-4ef5-a875-b0f0dcd05976/context&amp#27;[39m
&amp#27;[38;5;0m[HTTP]&amp#27;[0m &amp#27;[90m{}&amp#27;[39m
&amp#27;[38;5;32m[AndroidUiautomator2Driver@dabd (47571b8e)]&amp#27;[0m Calling AppiumDriver.getCurrentContext() with args: ["47571b8e-6191-4ef5-a875-b0f0dcd05976"]
&amp#27;[38;5;32m[AndroidUiautomator2Driver@dabd (47571b8e)]&amp#27;[0m Responding to client with driver.getCurrentContext() result: "NATIVE_APP"
&amp#27;[38;5;0m[HTTP]&amp#27;[0m &amp#27;[37m<-- GET /session/47571b8e-6191-4ef5-a875-b0f0dcd05976/context &amp#27;[39m&amp#27;[32m200&amp#27;[39m &amp#27;[90m1 ms - 22&amp#27;[39m
&amp#27;[38;5;0m[HTTP]&amp#27;[0m &amp#27;[90m&amp#27;[39m
&amp#27;[38;5;0m[HTTP]&amp#27;[0m &amp#27;[37m-->&amp#27;[39m &amp#27;[37mPOST&amp#27;[39m &amp#27;[37m/session/47571b8e-6191-4ef5-a875-b0f0dcd05976/element&amp#27;[39m
&amp#27;[38;5;0m[HTTP]&amp#27;[0m &amp#27;[90m{"using":"accessibility id","value":"Place Order button"}&amp#27;[39m
&amp#27;[38;5;32m[AndroidUiautomator2Driver@dabd (47571b8e)]&amp#27;[0m Calling AppiumDriver.findElement() with args: ["accessibility id","Place Order button","47571b8e-6191-4ef5-a875-b0f0dcd05976"]
&amp#27;[38;5;32m[AndroidUiautomator2Driver@dabd (47571b8e)]&amp#27;[0m Valid locator strategies for this request: xpath, id, class name, accessibility id, css selector, -android uiautomator
&amp#27;[38;5;32m[AndroidUiautomator2Driver@dabd (47571b8e)]&amp#27;[0m Waiting up to 10000 ms for condition
&amp#27;[38;5;32m[AndroidUiautomator2Driver@dabd (47571b8e)]&amp#27;[0m Matched '/element' to command name 'findElement'
&amp#27;[38;5;32m[AndroidUiautomator2Driver@dabd (47571b8e)]&amp#27;[0m Proxying [POST /element] to [POST http://127.0.0.1:8201/session/e99dcc09-a0f0-48bb-8a0b-d829d4323b82/element] with body: {"strategy":"accessibility id","selector":"Place Order button","context":"","multiple":false}
&amp#27;[38;5;32m[AndroidUiautomator2Driver@dabd (47571b8e)]&amp#27;[0m Got response with status 200: {"sessionId":"e99dcc09-a0f0-48bb-8a0b-d829d4323b82","value":{"ELEMENT":"00000000-0000-0594-ffff-ffff0000051f","element-6066-11e4-a52e-4f735466cecf":"00000000-0000-0594-ffff-ffff0000051f"}}
&amp#27;[38;5;32m[AndroidUiautomator2Driver@dabd (47571b8e)]&amp#27;[0m Responding to client with driver.findElement() result: {"element-6066-11e4-a52e-4f735466cecf":"00000000-0000-0594-ffff-ffff0000051f","ELEMENT":"00000000-0000-0594-ffff-ffff0000051f"}
&amp#27;[38;5;0m[HTTP]&amp#27;[0m &amp#27;[37m<-- POST /session/47571b8e-6191-4ef5-a875-b0f0dcd05976/element &amp#27;[39m&amp#27;[32m200&amp#27;[39m &amp#27;[90m313 ms - 137&amp#27;[39m
&amp#27;[38;5;0m[HTTP]&amp#27;[0m &amp#27;[90m&amp#27;[39m
&amp#27;[38;5;0m[HTTP]&amp#27;[0m &amp#27;[37m-->&amp#27;[39m &amp#27;[37mPOST&amp#27;[39m &amp#27;[37m/session/47571b8e-6191-4ef5-a875-b0f0dcd05976/element/00000000-0000-0594-ffff-ffff0000051f/click&amp#27;[39m
&amp#27;[38;5;0m[HTTP]&amp#27;[0m &amp#27;[90m{"id":"00000000-0000-0594-ffff-ffff0000051f"}&amp#27;[39m
&amp#27;[38;5;32m[AndroidUiautomator2Driver@dabd (47571b8e)]&amp#27;[0m Calling AppiumDriver.click() with args: ["00000000-0000-0594-ffff-ffff0000051f","47571b8e-6191-4ef5-a875-b0f0dcd05976"]
&amp#27;[38;5;32m[AndroidUiautomator2Driver@dabd (47571b8e)]&amp#27;[0m Matched '/element/00000000-0000-0594-ffff-ffff0000051f/click' to command name 'click'
&amp#27;[38;5;32m[AndroidUiautomator2Driver@dabd (47571b8e)]&amp#27;[0m Proxying [POST /element/00000000-0000-0594-ffff-ffff0000051f/click] to [POST http://127.0.0.1:8201/session/e99dcc09-a0f0-48bb-8a0b-d829d4323b82/element/00000000-0000-0594-ffff-ffff0000051f/click] with body: {"element":"00000000-0000-0594-ffff-ffff0000051f"}
&amp#27;[38;5;32m[AndroidUiautomator2Driver@dabd (47571b8e)]&amp#27;[0m Got response with status 200: {"sessionId":"e99dcc09-a0f0-48bb-8a0b-d829d4323b82","value":null}
&amp#27;[38;5;32m[AndroidUiautomator2Driver@dabd (47571b8e)]&amp#27;[0m Responding to client with driver.click() result: null
&amp#27;[38;5;0m[HTTP]&amp#27;[0m &amp#27;[37m<-- POST /session/47571b8e-6191-4ef5-a875-b0f0dcd05976/element/00000000-0000-0594-ffff-ffff0000051f/click &amp#27;[39m&amp#27;[32m200&amp#27;[39m &amp#27;[90m74 ms - 14&amp#27;[39m
&amp#27;[38;5;0m[HTTP]&amp#27;[0m &amp#27;[90m&amp#27;[39m
&amp#27;[38;5;0m[HTTP]&amp#27;[0m &amp#27;[37m-->&amp#27;[39m &amp#27;[37mGET&amp#27;[39m &amp#27;[37m/session/47571b8e-6191-4ef5-a875-b0f0dcd05976/context&amp#27;[39m
&amp#27;[38;5;0m[HTTP]&amp#27;[0m &amp#27;[90m{}&amp#27;[39m
&amp#27;[38;5;32m[AndroidUiautomator2Driver@dabd (47571b8e)]&amp#27;[0m Calling AppiumDriver.getCurrentContext() with args: ["47571b8e-6191-4ef5-a875-b0f0dcd05976"]
&amp#27;[38;5;32m[AndroidUiautomator2Driver@dabd (47571b8e)]&amp#27;[0m Responding to client with driver.getCurrentContext() result: "NATIVE_APP"
&amp#27;[38;5;0m[HTTP]&amp#27;[0m &amp#27;[37m<-- GET /session/47571b8e-6191-4ef5-a875-b0f0dcd05976/context &amp#27;[39m&amp#27;[32m200&amp#27;[39m &amp#27;[90m1 ms - 22&amp#27;[39m
&amp#27;[38;5;0m[HTTP]&amp#27;[0m &amp#27;[90m&amp#27;[39m
&amp#27;[38;5;0m[HTTP]&amp#27;[0m &amp#27;[37m-->&amp#27;[39m &amp#27;[37mPOST&amp#27;[39m &amp#27;[37m/session/47571b8e-6191-4ef5-a875-b0f0dcd05976/element&amp#27;[39m
&amp#27;[38;5;0m[HTTP]&amp#27;[0m &amp#27;[90m{"using":"xpath","value":"//android.widget.TextView[contains(@text,'Complete')]"}&amp#27;[39m
&amp#27;[38;5;32m[AndroidUiautomator2Driver@dabd (47571b8e)]&amp#27;[0m Calling AppiumDriver.findElement() with args: ["xpath","//android.widget.TextView[contains(@text,'Complete')]","47571b8e-6191-4ef5-a875-b0f0dcd05976"]
&amp#27;[38;5;32m[AndroidUiautomator2Driver@dabd (47571b8e)]&amp#27;[0m Valid locator strategies for this request: xpath, id, class name, accessibility id, css selector, -android uiautomator
&amp#27;[38;5;32m[AndroidUiautomator2Driver@dabd (47571b8e)]&amp#27;[0m Waiting up to 10000 ms for condition
&amp#27;[38;5;32m[AndroidUiautomator2Driver@dabd (47571b8e)]&amp#27;[0m Matched '/element' to command name 'findElement'
&amp#27;[38;5;32m[AndroidUiautomator2Driver@dabd (47571b8e)]&amp#27;[0m Proxying [POST /element] to [POST http://127.0.0.1:8201/session/e99dcc09-a0f0-48bb-8a0b-d829d4323b82/element] with body: {"strategy":"xpath","selector":"//android.widget.TextView[contains(@text,'Complete')]","context":"","multiple":false}
&amp#27;[38;5;32m[AndroidUiautomator2Driver@dabd (47571b8e)]&amp#27;[0m Got response with status 200: {"sessionId":"e99dcc09-a0f0-48bb-8a0b-d829d4323b82","value":{"ELEMENT":"00000000-0000-0594-ffff-ffff00000537","element-6066-11e4-a52e-4f735466cecf":"00000000-0000-0594-ffff-ffff00000537"}}
&amp#27;[38;5;32m[AndroidUiautomator2Driver@dabd (47571b8e)]&amp#27;[0m Responding to client with driver.findElement() result: {"element-6066-11e4-a52e-4f735466cecf":"00000000-0000-0594-ffff-ffff00000537","ELEMENT":"00000000-0000-0594-ffff-ffff00000537"}
&amp#27;[38;5;0m[HTTP]&amp#27;[0m &amp#27;[37m<-- POST /session/47571b8e-6191-4ef5-a875-b0f0dcd05976/element &amp#27;[39m&amp#27;[32m200&amp#27;[39m &amp#27;[90m390 ms - 137&amp#27;[39m
&amp#27;[38;5;0m[HTTP]&amp#27;[0m &amp#27;[90m&amp#27;[39m
&amp#27;[38;5;0m[HTTP]&amp#27;[0m &amp#27;[37m-->&amp#27;[39m &amp#27;[37mGET&amp#27;[39m &amp#27;[37m/session/47571b8e-6191-4ef5-a875-b0f0dcd05976/element/00000000-0000-0594-ffff-ffff00000537/text&amp#27;[39m
&amp#27;[38;5;0m[HTTP]&amp#27;[0m &amp#27;[90m{}&amp#27;[39m
&amp#27;[38;5;32m[AndroidUiautomator2Driver@dabd (47571b8e)]&amp#27;[0m Driver proxy active, passing request on via HTTP proxy
&amp#27;[38;5;32m[AndroidUiautomator2Driver@dabd (47571b8e)]&amp#27;[0m Matched '/session/47571b8e-6191-4ef5-a875-b0f0dcd05976/element/00000000-0000-0594-ffff-ffff00000537/text' to command name 'getText'
&amp#27;[38;5;32m[AndroidUiautomator2Driver@dabd (47571b8e)]&amp#27;[0m Proxying [GET /session/47571b8e-6191-4ef5-a875-b0f0dcd05976/element/00000000-0000-0594-ffff-ffff00000537/text] to [GET http://127.0.0.1:8201/session/e99dcc09-a0f0-48bb-8a0b-d829d4323b82/element/00000000-0000-0594-ffff-ffff00000537/text] with no body
&amp#27;[38;5;32m[AndroidUiautomator2Driver@dabd (47571b8e)]&amp#27;[0m Got response with status 200: {"sessionId":"e99dcc09-a0f0-48bb-8a0b-d829d4323b82","value":"Checkout Complete"}
&amp#27;[38;5;32m[AndroidUiautomator2Driver@dabd (47571b8e)]&amp#27;[0m Replacing sessionId e99dcc09-a0f0-48bb-8a0b-d829d4323b82 with 47571b8e-6191-4ef5-a875-b0f0dcd05976
&amp#27;[38;5;0m[HTTP]&amp#27;[0m &amp#27;[37m<-- GET /session/47571b8e-6191-4ef5-a875-b0f0dcd05976/element/00000000-0000-0594-ffff-ffff00000537/text &amp#27;[39m&amp#27;[32m200&amp#27;[39m &amp#27;[90m1195 ms - 80&amp#27;[39m
&amp#27;[38;5;0m[HTTP]&amp#27;[0m &amp#27;[90m&amp#27;[39m
&amp#27;[38;5;0m[HTTP]&amp#27;[0m &amp#27;[37m-->&amp#27;[39m &amp#27;[37mGET&amp#27;[39m &amp#27;[37m/session/47571b8e-6191-4ef5-a875-b0f0dcd05976/context&amp#27;[39m
&amp#27;[38;5;0m[HTTP]&amp#27;[0m &amp#27;[90m{}&amp#27;[39m
&amp#27;[38;5;32m[AndroidUiautomator2Driver@dabd (47571b8e)]&amp#27;[0m Calling AppiumDriver.getCurrentContext() with args: ["47571b8e-6191-4ef5-a875-b0f0dcd05976"]
&amp#27;[38;5;32m[AndroidUiautomator2Driver@dabd (47571b8e)]&amp#27;[0m Responding to client with driver.getCurrentContext() result: "NATIVE_APP"
&amp#27;[38;5;0m[HTTP]&amp#27;[0m &amp#27;[37m<-- GET /session/47571b8e-6191-4ef5-a875-b0f0dcd05976/context &amp#27;[39m&amp#27;[32m200&amp#27;[39m &amp#27;[90m1 ms - 22&amp#27;[39m
&amp#27;[38;5;0m[HTTP]&amp#27;[0m &amp#27;[90m&amp#27;[39m
&amp#27;[38;5;0m[HTTP]&amp#27;[0m &amp#27;[37m-->&amp#27;[39m &amp#27;[37mPOST&amp#27;[39m &amp#27;[37m/session/47571b8e-6191-4ef5-a875-b0f0dcd05976/element&amp#27;[39m
&amp#27;[38;5;0m[HTTP]&amp#27;[0m &amp#27;[90m{"using":"accessibility id","value":"Continue Shopping button"}&amp#27;[39m
&amp#27;[38;5;32m[AndroidUiautomator2Driver@dabd (47571b8e)]&amp#27;[0m Calling AppiumDriver.findElement() with args: ["accessibility id","Continue Shopping button","47571b8e-6191-4ef5-a875-b0f0dcd05976"]
&amp#27;[38;5;32m[AndroidUiautomator2Driver@dabd (47571b8e)]&amp#27;[0m Valid locator strategies for this request: xpath, id, class name, accessibility id, css selector, -android uiautomator
&amp#27;[38;5;32m[AndroidUiautomator2Driver@dabd (47571b8e)]&amp#27;[0m Waiting up to 10000 ms for condition
&amp#27;[38;5;32m[AndroidUiautomator2Driver@dabd (47571b8e)]&amp#27;[0m Matched '/element' to command name 'findElement'
&amp#27;[38;5;32m[AndroidUiautomator2Driver@dabd (47571b8e)]&amp#27;[0m Proxying [POST /element] to [POST http://127.0.0.1:8201/session/e99dcc09-a0f0-48bb-8a0b-d829d4323b82/element] with body: {"strategy":"accessibility id","selector":"Continue Shopping button","context":"","multiple":false}
&amp#27;[38;5;32m[AndroidUiautomator2Driver@dabd (47571b8e)]&amp#27;[0m Got response with status 200: {"sessionId":"e99dcc09-a0f0-48bb-8a0b-d829d4323b82","value":{"ELEMENT":"00000000-0000-0594-ffff-ffff0000053c","element-6066-11e4-a52e-4f735466cecf":"00000000-0000-0594-ffff-ffff0000053c"}}
&amp#27;[38;5;32m[AndroidUiautomator2Driver@dabd (47571b8e)]&amp#27;[0m Responding to client with driver.findElement() result: {"element-6066-11e4-a52e-4f735466cecf":"00000000-0000-0594-ffff-ffff0000053c","ELEMENT":"00000000-0000-0594-ffff-ffff0000053c"}
&amp#27;[38;5;0m[HTTP]&amp#27;[0m &amp#27;[37m<-- POST /session/47571b8e-6191-4ef5-a875-b0f0dcd05976/element &amp#27;[39m&amp#27;[32m200&amp#27;[39m &amp#27;[90m246 ms - 137&amp#27;[39m
&amp#27;[38;5;0m[HTTP]&amp#27;[0m &amp#27;[90m&amp#27;[39m
&amp#27;[38;5;0m[HTTP]&amp#27;[0m &amp#27;[37m-->&amp#27;[39m &amp#27;[37mPOST&amp#27;[39m &amp#27;[37m/session/47571b8e-6191-4ef5-a875-b0f0dcd05976/element/00000000-0000-0594-ffff-ffff0000053c/click&amp#27;[39m
&amp#27;[38;5;0m[HTTP]&amp#27;[0m &amp#27;[90m{"id":"00000000-0000-0594-ffff-ffff0000053c"}&amp#27;[39m
&amp#27;[38;5;32m[AndroidUiautomator2Driver@dabd (47571b8e)]&amp#27;[0m Calling AppiumDriver.click() with args: ["00000000-0000-0594-ffff-ffff0000053c","47571b8e-6191-4ef5-a875-b0f0dcd05976"]
&amp#27;[38;5;32m[AndroidUiautomator2Driver@dabd (47571b8e)]&amp#27;[0m Matched '/element/00000000-0000-0594-ffff-ffff0000053c/click' to command name 'click'
&amp#27;[38;5;32m[AndroidUiautomator2Driver@dabd (47571b8e)]&amp#27;[0m Proxying [POST /element/00000000-0000-0594-ffff-ffff0000053c/click] to [POST http://127.0.0.1:8201/session/e99dcc09-a0f0-48bb-8a0b-d829d4323b82/element/00000000-0000-0594-ffff-ffff0000053c/click] with body: {"element":"00000000-0000-0594-ffff-ffff0000053c"}
&amp#27;[38;5;32m[AndroidUiautomator2Driver@dabd (47571b8e)]&amp#27;[0m Got response with status 200: {"sessionId":"e99dcc09-a0f0-48bb-8a0b-d829d4323b82","value":null}
&amp#27;[38;5;32m[AndroidUiautomator2Driver@dabd (47571b8e)]&amp#27;[0m Responding to client with driver.click() result: null
&amp#27;[38;5;0m[HTTP]&amp#27;[0m &amp#27;[37m<-- POST /session/47571b8e-6191-4ef5-a875-b0f0dcd05976/element/00000000-0000-0594-ffff-ffff0000053c/click &amp#27;[39m&amp#27;[32m200&amp#27;[39m &amp#27;[90m99 ms - 14&amp#27;[39m
&amp#27;[38;5;0m[HTTP]&amp#27;[0m &amp#27;[90m&amp#27;[39m
&amp#27;[38;5;0m[HTTP]&amp#27;[0m &amp#27;[37m-->&amp#27;[39m &amp#27;[37mGET&amp#27;[39m &amp#27;[37m/session/47571b8e-6191-4ef5-a875-b0f0dcd05976/context&amp#27;[39m
&amp#27;[38;5;0m[HTTP]&amp#27;[0m &amp#27;[90m{}&amp#27;[39m
&amp#27;[38;5;32m[AndroidUiautomator2Driver@dabd (47571b8e)]&amp#27;[0m Calling AppiumDriver.getCurrentContext() with args: ["47571b8e-6191-4ef5-a875-b0f0dcd05976"]
&amp#27;[38;5;32m[AndroidUiautomator2Driver@dabd (47571b8e)]&amp#27;[0m Responding to client with driver.getCurrentContext() result: "NATIVE_APP"
&amp#27;[38;5;0m[HTTP]&amp#27;[0m &amp#27;[37m<-- GET /session/47571b8e-6191-4ef5-a875-b0f0dcd05976/context &amp#27;[39m&amp#27;[32m200&amp#27;[39m &amp#27;[90m1 ms - 22&amp#27;[39m
&amp#27;[38;5;0m[HTTP]&amp#27;[0m &amp#27;[90m&amp#27;[39m
&amp#27;[38;5;0m[HTTP]&amp#27;[0m &amp#27;[37m-->&amp#27;[39m &amp#27;[37mPOST&amp#27;[39m &amp#27;[37m/session/47571b8e-6191-4ef5-a875-b0f0dcd05976/element&amp#27;[39m
&amp#27;[38;5;0m[HTTP]&amp#27;[0m &amp#27;[90m{"using":"xpath","value":"//android.view.ViewGroup[@content-desc='container header']/android.widget.TextView"}&amp#27;[39m
&amp#27;[38;5;32m[AndroidUiautomator2Driver@dabd (47571b8e)]&amp#27;[0m Calling AppiumDriver.findElement() with args: ["xpath","//android.view.ViewGroup[@content-desc='container header']/android.widget.TextView","47571b8e-6191-4ef5-a875-b0f0dcd05976"]
&amp#27;[38;5;32m[AndroidUiautomator2Driver@dabd (47571b8e)]&amp#27;[0m Valid locator strategies for this request: xpath, id, class name, accessibility id, css selector, -android uiautomator
&amp#27;[38;5;32m[AndroidUiautomator2Driver@dabd (47571b8e)]&amp#27;[0m Waiting up to 10000 ms for condition
&amp#27;[38;5;32m[AndroidUiautomator2Driver@dabd (47571b8e)]&amp#27;[0m Matched '/element' to command name 'findElement'
&amp#27;[38;5;32m[AndroidUiautomator2Driver@dabd (47571b8e)]&amp#27;[0m Proxying [POST /element] to [POST http://127.0.0.1:8201/session/e99dcc09-a0f0-48bb-8a0b-d829d4323b82/element] with body: {"strategy":"xpath","selector":"//android.view.ViewGroup[@content-desc='container header']/android.widget.TextView","context":"","multiple":false}
&amp#27;[38;5;32m[AndroidUiautomator2Driver@dabd (47571b8e)]&amp#27;[0m Got response with status 200: {"sessionId":"e99dcc09-a0f0-48bb-8a0b-d829d4323b82","value":{"ELEMENT":"00000000-0000-0594-ffff-ffff00000565","element-6066-11e4-a52e-4f735466cecf":"00000000-0000-0594-ffff-ffff00000565"}}
&amp#27;[38;5;32m[AndroidUiautomator2Driver@dabd (47571b8e)]&amp#27;[0m Responding to client with driver.findElement() result: {"element-6066-11e4-a52e-4f735466cecf":"00000000-0000-0594-ffff-ffff00000565","ELEMENT":"00000000-0000-0594-ffff-ffff00000565"}
&amp#27;[38;5;0m[HTTP]&amp#27;[0m &amp#27;[37m<-- POST /session/47571b8e-6191-4ef5-a875-b0f0dcd05976/element &amp#27;[39m&amp#27;[32m200&amp#27;[39m &amp#27;[90m999 ms - 137&amp#27;[39m
&amp#27;[38;5;0m[HTTP]&amp#27;[0m &amp#27;[90m&amp#27;[39m
&amp#27;[38;5;0m[HTTP]&amp#27;[0m &amp#27;[37m-->&amp#27;[39m &amp#27;[37mGET&amp#27;[39m &amp#27;[37m/session/47571b8e-6191-4ef5-a875-b0f0dcd05976/element/00000000-0000-0594-ffff-ffff00000565/displayed&amp#27;[39m
&amp#27;[38;5;0m[HTTP]&amp#27;[0m &amp#27;[90m{}&amp#27;[39m
&amp#27;[38;5;32m[AndroidUiautomator2Driver@dabd (47571b8e)]&amp#27;[0m Calling AppiumDriver.elementDisplayed() with args: ["00000000-0000-0594-ffff-ffff00000565","47571b8e-6191-4ef5-a875-b0f0dcd05976"]
&amp#27;[38;5;32m[AndroidUiautomator2Driver@dabd (47571b8e)]&amp#27;[0m Matched '/element/00000000-0000-0594-ffff-ffff00000565/attribute/displayed' to command name 'getAttribute'
&amp#27;[38;5;32m[AndroidUiautomator2Driver@dabd (47571b8e)]&amp#27;[0m Proxying [GET /element/00000000-0000-0594-ffff-ffff00000565/attribute/displayed] to [GET http://127.0.0.1:8201/session/e99dcc09-a0f0-48bb-8a0b-d829d4323b82/element/00000000-0000-0594-ffff-ffff00000565/attribute/displayed] with no body
&amp#27;[38;5;32m[AndroidUiautomator2Driver@dabd (47571b8e)]&amp#27;[0m Got response with status 200: {"sessionId":"e99dcc09-a0f0-48bb-8a0b-d829d4323b82","value":"true"}
&amp#27;[38;5;32m[AndroidUiautomator2Driver@dabd (47571b8e)]&amp#27;[0m Responding to client with driver.elementDisplayed() result: true
&amp#27;[38;5;0m[HTTP]&amp#27;[0m &amp#27;[37m<-- GET /session/47571b8e-6191-4ef5-a875-b0f0dcd05976/element/00000000-0000-0594-ffff-ffff00000565/displayed &amp#27;[39m&amp#27;[32m200&amp#27;[39m &amp#27;[90m394 ms - 14&amp#27;[39m
&amp#27;[38;5;0m[HTTP]&amp#27;[0m &amp#27;[90m&amp#27;[39m
&amp#27;[38;5;0m[HTTP]&amp#27;[0m &amp#27;[37m-->&amp#27;[39m &amp#27;[37mGET&amp#27;[39m &amp#27;[37m/session/47571b8e-6191-4ef5-a875-b0f0dcd05976/context&amp#27;[39m
&amp#27;[38;5;0m[HTTP]&amp#27;[0m &amp#27;[90m{}&amp#27;[39m
&amp#27;[38;5;32m[AndroidUiautomator2Driver@dabd (47571b8e)]&amp#27;[0m Calling AppiumDriver.getCurrentContext() with args: ["47571b8e-6191-4ef5-a875-b0f0dcd05976"]
&amp#27;[38;5;32m[AndroidUiautomator2Driver@dabd (47571b8e)]&amp#27;[0m Responding to client with driver.getCurrentContext() result: "NATIVE_APP"
&amp#27;[38;5;0m[HTTP]&amp#27;[0m &amp#27;[37m<-- GET /session/47571b8e-6191-4ef5-a875-b0f0dcd05976/context &amp#27;[39m&amp#27;[32m200&amp#27;[39m &amp#27;[90m1 ms - 22&amp#27;[39m
&amp#27;[38;5;0m[HTTP]&amp#27;[0m &amp#27;[90m&amp#27;[39m
&amp#27;[38;5;0m[HTTP]&amp#27;[0m &amp#27;[37m-->&amp#27;[39m &amp#27;[37mPOST&amp#27;[39m &amp#27;[37m/session/47571b8e-6191-4ef5-a875-b0f0dcd05976/element&amp#27;[39m
&amp#27;[38;5;0m[HTTP]&amp#27;[0m &amp#27;[90m{"using":"xpath","value":"//android.view.ViewGroup[@content-desc='container header']/android.widget.TextView"}&amp#27;[39m
&amp#27;[38;5;32m[AndroidUiautomator2Driver@dabd (47571b8e)]&amp#27;[0m Calling AppiumDriver.findElement() with args: ["xpath","//android.view.ViewGroup[@content-desc='container header']/android.widget.TextView","47571b8e-6191-4ef5-a875-b0f0dcd05976"]
&amp#27;[38;5;32m[AndroidUiautomator2Driver@dabd (47571b8e)]&amp#27;[0m Valid locator strategies for this request: xpath, id, class name, accessibility id, css selector, -android uiautomator
&amp#27;[38;5;32m[AndroidUiautomator2Driver@dabd (47571b8e)]&amp#27;[0m Waiting up to 10000 ms for condition
&amp#27;[38;5;32m[AndroidUiautomator2Driver@dabd (47571b8e)]&amp#27;[0m Matched '/element' to command name 'findElement'
&amp#27;[38;5;32m[AndroidUiautomator2Driver@dabd (47571b8e)]&amp#27;[0m Proxying [POST /element] to [POST http://127.0.0.1:8201/session/e99dcc09-a0f0-48bb-8a0b-d829d4323b82/element] with body: {"strategy":"xpath","selector":"//android.view.ViewGroup[@content-desc='container header']/android.widget.TextView","context":"","multiple":false}
&amp#27;[38;5;32m[AndroidUiautomator2Driver@dabd (47571b8e)]&amp#27;[0m Got response with status 200: {"sessionId":"e99dcc09-a0f0-48bb-8a0b-d829d4323b82","value":{"ELEMENT":"00000000-0000-0594-ffff-ffff00000565","element-6066-11e4-a52e-4f735466cecf":"00000000-0000-0594-ffff-ffff00000565"}}
&amp#27;[38;5;32m[AndroidUiautomator2Driver@dabd (47571b8e)]&amp#27;[0m Responding to client with driver.findElement() result: {"element-6066-11e4-a52e-4f735466cecf":"00000000-0000-0594-ffff-ffff00000565","ELEMENT":"00000000-0000-0594-ffff-ffff00000565"}
&amp#27;[38;5;0m[HTTP]&amp#27;[0m &amp#27;[37m<-- POST /session/47571b8e-6191-4ef5-a875-b0f0dcd05976/element &amp#27;[39m&amp#27;[32m200&amp#27;[39m &amp#27;[90m764 ms - 137&amp#27;[39m
&amp#27;[38;5;0m[HTTP]&amp#27;[0m &amp#27;[90m&amp#27;[39m
&amp#27;[38;5;0m[HTTP]&amp#27;[0m &amp#27;[37m-->&amp#27;[39m &amp#27;[37mGET&amp#27;[39m &amp#27;[37m/session/47571b8e-6191-4ef5-a875-b0f0dcd05976/element/00000000-0000-0594-ffff-ffff00000565/text&amp#27;[39m
&amp#27;[38;5;0m[HTTP]&amp#27;[0m &amp#27;[90m{}&amp#27;[39m
&amp#27;[38;5;32m[AndroidUiautomator2Driver@dabd (47571b8e)]&amp#27;[0m Driver proxy active, passing request on via HTTP proxy
&amp#27;[38;5;32m[AndroidUiautomator2Driver@dabd (47571b8e)]&amp#27;[0m Matched '/session/47571b8e-6191-4ef5-a875-b0f0dcd05976/element/00000000-0000-0594-ffff-ffff00000565/text' to command name 'getText'
&amp#27;[38;5;32m[AndroidUiautomator2Driver@dabd (47571b8e)]&amp#27;[0m Proxying [GET /session/47571b8e-6191-4ef5-a875-b0f0dcd05976/element/00000000-0000-0594-ffff-ffff00000565/text] to [GET http://127.0.0.1:8201/session/e99dcc09-a0f0-48bb-8a0b-d829d4323b82/element/00000000-0000-0594-ffff-ffff00000565/text] with no body
&amp#27;[38;5;32m[AndroidUiautomator2Driver@dabd (47571b8e)]&amp#27;[0m Got response with status 200: {"sessionId":"e99dcc09-a0f0-48bb-8a0b-d829d4323b82","value":"Products"}
&amp#27;[38;5;32m[AndroidUiautomator2Driver@dabd (47571b8e)]&amp#27;[0m Replacing sessionId e99dcc09-a0f0-48bb-8a0b-d829d4323b82 with 47571b8e-6191-4ef5-a875-b0f0dcd05976
&amp#27;[38;5;0m[HTTP]&amp#27;[0m &amp#27;[37m<-- GET /session/47571b8e-6191-4ef5-a875-b0f0dcd05976/element/00000000-0000-0594-ffff-ffff00000565/text &amp#27;[39m&amp#27;[32m200&amp#27;[39m &amp#27;[90m25 ms - 71&amp#27;[39m
&amp#27;[38;5;0m[HTTP]&amp#27;[0m &amp#27;[90m&amp#27;[39m
&amp#27;[38;5;0m[HTTP]&amp#27;[0m &amp#27;[37m-->&amp#27;[39m &amp#27;[37mGET&amp#27;[39m &amp#27;[37m/session/47571b8e-6191-4ef5-a875-b0f0dcd05976/context&amp#27;[39m
&amp#27;[38;5;0m[HTTP]&amp#27;[0m &amp#27;[90m{}&amp#27;[39m
&amp#27;[38;5;32m[AndroidUiautomator2Driver@dabd (47571b8e)]&amp#27;[0m Calling AppiumDriver.getCurrentContext() with args: ["47571b8e-6191-4ef5-a875-b0f0dcd05976"]
&amp#27;[38;5;32m[AndroidUiautomator2Driver@dabd (47571b8e)]&amp#27;[0m Responding to client with driver.getCurrentContext() result: "NATIVE_APP"
&amp#27;[38;5;0m[HTTP]&amp#27;[0m &amp#27;[37m<-- GET /session/47571b8e-6191-4ef5-a875-b0f0dcd05976/context &amp#27;[39m&amp#27;[32m200&amp#27;[39m &amp#27;[90m1 ms - 22&amp#27;[39m
&amp#27;[38;5;0m[HTTP]&amp#27;[0m &amp#27;[90m&amp#27;[39m
&amp#27;[38;5;0m[HTTP]&amp#27;[0m &amp#27;[37m-->&amp#27;[39m &amp#27;[37mPOST&amp#27;[39m &amp#27;[37m/session/47571b8e-6191-4ef5-a875-b0f0dcd05976/element&amp#27;[39m
&amp#27;[38;5;0m[HTTP]&amp#27;[0m &amp#27;[90m{"using":"accessibility id","value":"open menu"}&amp#27;[39m
&amp#27;[38;5;32m[AndroidUiautomator2Driver@dabd (47571b8e)]&amp#27;[0m Calling AppiumDriver.findElement() with args: ["accessibility id","open menu","47571b8e-6191-4ef5-a875-b0f0dcd05976"]
&amp#27;[38;5;32m[AndroidUiautomator2Driver@dabd (47571b8e)]&amp#27;[0m Valid locator strategies for this request: xpath, id, class name, accessibility id, css selector, -android uiautomator
&amp#27;[38;5;32m[AndroidUiautomator2Driver@dabd (47571b8e)]&amp#27;[0m Waiting up to 10000 ms for condition
&amp#27;[38;5;32m[AndroidUiautomator2Driver@dabd (47571b8e)]&amp#27;[0m Matched '/element' to command name 'findElement'
&amp#27;[38;5;32m[AndroidUiautomator2Driver@dabd (47571b8e)]&amp#27;[0m Proxying [POST /element] to [POST http://127.0.0.1:8201/session/e99dcc09-a0f0-48bb-8a0b-d829d4323b82/element] with body: {"strategy":"accessibility id","selector":"open menu","context":"","multiple":false}
&amp#27;[38;5;32m[AndroidUiautomator2Driver@dabd (47571b8e)]&amp#27;[0m Got response with status 200: {"sessionId":"e99dcc09-a0f0-48bb-8a0b-d829d4323b82","value":{"ELEMENT":"00000000-0000-0594-ffff-ffff0000055b","element-6066-11e4-a52e-4f735466cecf":"00000000-0000-0594-ffff-ffff0000055b"}}
&amp#27;[38;5;32m[AndroidUiautomator2Driver@dabd (47571b8e)]&amp#27;[0m Responding to client with driver.findElement() result: {"element-6066-11e4-a52e-4f735466cecf":"00000000-0000-0594-ffff-ffff0000055b","ELEMENT":"00000000-0000-0594-ffff-ffff0000055b"}
&amp#27;[38;5;0m[HTTP]&amp#27;[0m &amp#27;[37m<-- POST /session/47571b8e-6191-4ef5-a875-b0f0dcd05976/element &amp#27;[39m&amp#27;[32m200&amp#27;[39m &amp#27;[90m105 ms - 137&amp#27;[39m
&amp#27;[38;5;0m[HTTP]&amp#27;[0m &amp#27;[90m&amp#27;[39m
&amp#27;[38;5;0m[HTTP]&amp#27;[0m &amp#27;[37m-->&amp#27;[39m &amp#27;[37mGET&amp#27;[39m &amp#27;[37m/session/47571b8e-6191-4ef5-a875-b0f0dcd05976/element/00000000-0000-0594-ffff-ffff0000055b/displayed&amp#27;[39m
&amp#27;[38;5;0m[HTTP]&amp#27;[0m &amp#27;[90m{}&amp#27;[39m
&amp#27;[38;5;32m[AndroidUiautomator2Driver@dabd (47571b8e)]&amp#27;[0m Calling AppiumDriver.elementDisplayed() with args: ["00000000-0000-0594-ffff-ffff0000055b","47571b8e-6191-4ef5-a875-b0f0dcd05976"]
&amp#27;[38;5;32m[AndroidUiautomator2Driver@dabd (47571b8e)]&amp#27;[0m Matched '/element/00000000-0000-0594-ffff-ffff0000055b/attribute/displayed' to command name 'getAttribute'
&amp#27;[38;5;32m[AndroidUiautomator2Driver@dabd (47571b8e)]&amp#27;[0m Proxying [GET /element/00000000-0000-0594-ffff-ffff0000055b/attribute/displayed] to [GET http://127.0.0.1:8201/session/e99dcc09-a0f0-48bb-8a0b-d829d4323b82/element/00000000-0000-0594-ffff-ffff0000055b/attribute/displayed] with no body
&amp#27;[38;5;32m[AndroidUiautomator2Driver@dabd (47571b8e)]&amp#27;[0m Got response with status 200: {"sessionId":"e99dcc09-a0f0-48bb-8a0b-d829d4323b82","value":"true"}
&amp#27;[38;5;32m[AndroidUiautomator2Driver@dabd (47571b8e)]&amp#27;[0m Responding to client with driver.elementDisplayed() result: true
&amp#27;[38;5;0m[HTTP]&amp#27;[0m &amp#27;[37m<-- GET /session/47571b8e-6191-4ef5-a875-b0f0dcd05976/element/00000000-0000-0594-ffff-ffff0000055b/displayed &amp#27;[39m&amp#27;[32m200&amp#27;[39m &amp#27;[90m24 ms - 14&amp#27;[39m
&amp#27;[38;5;0m[HTTP]&amp#27;[0m &amp#27;[90m&amp#27;[39m
&amp#27;[38;5;0m[HTTP]&amp#27;[0m &amp#27;[37m-->&amp#27;[39m &amp#27;[37mGET&amp#27;[39m &amp#27;[37m/session/47571b8e-6191-4ef5-a875-b0f0dcd05976/context&amp#27;[39m
&amp#27;[38;5;0m[HTTP]&amp#27;[0m &amp#27;[90m{}&amp#27;[39m
&amp#27;[38;5;32m[AndroidUiautomator2Driver@dabd (47571b8e)]&amp#27;[0m Calling AppiumDriver.getCurrentContext() with args: ["47571b8e-6191-4ef5-a875-b0f0dcd05976"]
&amp#27;[38;5;32m[AndroidUiautomator2Driver@dabd (47571b8e)]&amp#27;[0m Responding to client with driver.getCurrentContext() result: "NATIVE_APP"
&amp#27;[38;5;0m[HTTP]&amp#27;[0m &amp#27;[37m<-- GET /session/47571b8e-6191-4ef5-a875-b0f0dcd05976/context &amp#27;[39m&amp#27;[32m200&amp#27;[39m &amp#27;[90m0 ms - 22&amp#27;[39m
&amp#27;[38;5;0m[HTTP]&amp#27;[0m &amp#27;[90m&amp#27;[39m
&amp#27;[38;5;0m[HTTP]&amp#27;[0m &amp#27;[37m-->&amp#27;[39m &amp#27;[37mPOST&amp#27;[39m &amp#27;[37m/session/47571b8e-6191-4ef5-a875-b0f0dcd05976/element&amp#27;[39m
&amp#27;[38;5;0m[HTTP]&amp#27;[0m &amp#27;[90m{"using":"accessibility id","value":"open menu"}&amp#27;[39m
&amp#27;[38;5;32m[AndroidUiautomator2Driver@dabd (47571b8e)]&amp#27;[0m Calling AppiumDriver.findElement() with args: ["accessibility id","open menu","47571b8e-6191-4ef5-a875-b0f0dcd05976"]
&amp#27;[38;5;32m[AndroidUiautomator2Driver@dabd (47571b8e)]&amp#27;[0m Valid locator strategies for this request: xpath, id, class name, accessibility id, css selector, -android uiautomator
&amp#27;[38;5;32m[AndroidUiautomator2Driver@dabd (47571b8e)]&amp#27;[0m Waiting up to 10000 ms for condition
&amp#27;[38;5;32m[AndroidUiautomator2Driver@dabd (47571b8e)]&amp#27;[0m Matched '/element' to command name 'findElement'
&amp#27;[38;5;32m[AndroidUiautomator2Driver@dabd (47571b8e)]&amp#27;[0m Proxying [POST /element] to [POST http://127.0.0.1:8201/session/e99dcc09-a0f0-48bb-8a0b-d829d4323b82/element] with body: {"strategy":"accessibility id","selector":"open menu","context":"","multiple":false}
&amp#27;[38;5;32m[AndroidUiautomator2Driver@dabd (47571b8e)]&amp#27;[0m Got response with status 200: {"sessionId":"e99dcc09-a0f0-48bb-8a0b-d829d4323b82","value":{"ELEMENT":"00000000-0000-0594-ffff-ffff0000055b","element-6066-11e4-a52e-4f735466cecf":"00000000-0000-0594-ffff-ffff0000055b"}}
&amp#27;[38;5;32m[AndroidUiautomator2Driver@dabd (47571b8e)]&amp#27;[0m Responding to client with driver.findElement() result: {"element-6066-11e4-a52e-4f735466cecf":"00000000-0000-0594-ffff-ffff0000055b","ELEMENT":"00000000-0000-0594-ffff-ffff0000055b"}
&amp#27;[38;5;0m[HTTP]&amp#27;[0m &amp#27;[37m<-- POST /session/47571b8e-6191-4ef5-a875-b0f0dcd05976/element &amp#27;[39m&amp#27;[32m200&amp#27;[39m &amp#27;[90m106 ms - 137&amp#27;[39m
&amp#27;[38;5;0m[HTTP]&amp#27;[0m &amp#27;[90m&amp#27;[39m
&amp#27;[38;5;0m[HTTP]&amp#27;[0m &amp#27;[37m-->&amp#27;[39m &amp#27;[37mGET&amp#27;[39m &amp#27;[37m/session/47571b8e-6191-4ef5-a875-b0f0dcd05976/element/00000000-0000-0594-ffff-ffff0000055b/enabled&amp#27;[39m
&amp#27;[38;5;0m[HTTP]&amp#27;[0m &amp#27;[90m{}&amp#27;[39m
&amp#27;[38;5;32m[AndroidUiautomator2Driver@dabd (47571b8e)]&amp#27;[0m Calling AppiumDriver.elementEnabled() with args: ["00000000-0000-0594-ffff-ffff0000055b","47571b8e-6191-4ef5-a875-b0f0dcd05976"]
&amp#27;[38;5;32m[AndroidUiautomator2Driver@dabd (47571b8e)]&amp#27;[0m Matched '/element/00000000-0000-0594-ffff-ffff0000055b/attribute/enabled' to command name 'getAttribute'
&amp#27;[38;5;32m[AndroidUiautomator2Driver@dabd (47571b8e)]&amp#27;[0m Proxying [GET /element/00000000-0000-0594-ffff-ffff0000055b/attribute/enabled] to [GET http://127.0.0.1:8201/session/e99dcc09-a0f0-48bb-8a0b-d829d4323b82/element/00000000-0000-0594-ffff-ffff0000055b/attribute/enabled] with no body
&amp#27;[38;5;32m[AndroidUiautomator2Driver@dabd (47571b8e)]&amp#27;[0m Got response with status 200: {"sessionId":"e99dcc09-a0f0-48bb-8a0b-d829d4323b82","value":"true"}
&amp#27;[38;5;32m[AndroidUiautomator2Driver@dabd (47571b8e)]&amp#27;[0m Responding to client with driver.elementEnabled() result: true
&amp#27;[38;5;0m[HTTP]&amp#27;[0m &amp#27;[37m<-- GET /session/47571b8e-6191-4ef5-a875-b0f0dcd05976/element/00000000-0000-0594-ffff-ffff0000055b/enabled &amp#27;[39m&amp#27;[32m200&amp#27;[39m &amp#27;[90m25 ms - 14&amp#27;[39m
&amp#27;[38;5;0m[HTTP]&amp#27;[0m &amp#27;[90m&amp#27;[39m
&amp#27;[38;5;0m[HTTP]&amp#27;[0m &amp#27;[37m-->&amp#27;[39m &amp#27;[37mGET&amp#27;[39m &amp#27;[37m/session/47571b8e-6191-4ef5-a875-b0f0dcd05976/context&amp#27;[39m
&amp#27;[38;5;0m[HTTP]&amp#27;[0m &amp#27;[90m{}&amp#27;[39m
&amp#27;[38;5;32m[AndroidUiautomator2Driver@dabd (47571b8e)]&amp#27;[0m Calling AppiumDriver.getCurrentContext() with args: ["47571b8e-6191-4ef5-a875-b0f0dcd05976"]
&amp#27;[38;5;32m[AndroidUiautomator2Driver@dabd (47571b8e)]&amp#27;[0m Responding to client with driver.getCurrentContext() result: "NATIVE_APP"
&amp#27;[38;5;0m[HTTP]&amp#27;[0m &amp#27;[37m<-- GET /session/47571b8e-6191-4ef5-a875-b0f0dcd05976/context &amp#27;[39m&amp#27;[32m200&amp#27;[39m &amp#27;[90m1 ms - 22&amp#27;[39m
&amp#27;[38;5;0m[HTTP]&amp#27;[0m &amp#27;[90m&amp#27;[39m
&amp#27;[38;5;0m[HTTP]&amp#27;[0m &amp#27;[37m-->&amp#27;[39m &amp#27;[37mPOST&amp#27;[39m &amp#27;[37m/session/47571b8e-6191-4ef5-a875-b0f0dcd05976/element&amp#27;[39m
&amp#27;[38;5;0m[HTTP]&amp#27;[0m &amp#27;[90m{"using":"accessibility id","value":"open menu"}&amp#27;[39m
&amp#27;[38;5;32m[AndroidUiautomator2Driver@dabd (47571b8e)]&amp#27;[0m Calling AppiumDriver.findElement() with args: ["accessibility id","open menu","47571b8e-6191-4ef5-a875-b0f0dcd05976"]
&amp#27;[38;5;32m[AndroidUiautomator2Driver@dabd (47571b8e)]&amp#27;[0m Valid locator strategies for this request: xpath, id, class name, accessibility id, css selector, -android uiautomator
&amp#27;[38;5;32m[AndroidUiautomator2Driver@dabd (47571b8e)]&amp#27;[0m Waiting up to 10000 ms for condition
&amp#27;[38;5;32m[AndroidUiautomator2Driver@dabd (47571b8e)]&amp#27;[0m Matched '/element' to command name 'findElement'
&amp#27;[38;5;32m[AndroidUiautomator2Driver@dabd (47571b8e)]&amp#27;[0m Proxying [POST /element] to [POST http://127.0.0.1:8201/session/e99dcc09-a0f0-48bb-8a0b-d829d4323b82/element] with body: {"strategy":"accessibility id","selector":"open menu","context":"","multiple":false}
&amp#27;[38;5;32m[AndroidUiautomator2Driver@dabd (47571b8e)]&amp#27;[0m Got response with status 200: {"sessionId":"e99dcc09-a0f0-48bb-8a0b-d829d4323b82","value":{"ELEMENT":"00000000-0000-0594-ffff-ffff0000055b","element-6066-11e4-a52e-4f735466cecf":"00000000-0000-0594-ffff-ffff0000055b"}}
&amp#27;[38;5;32m[AndroidUiautomator2Driver@dabd (47571b8e)]&amp#27;[0m Responding to client with driver.findElement() result: {"element-6066-11e4-a52e-4f735466cecf":"00000000-0000-0594-ffff-ffff0000055b","ELEMENT":"00000000-0000-0594-ffff-ffff0000055b"}
&amp#27;[38;5;0m[HTTP]&amp#27;[0m &amp#27;[37m<-- POST /session/47571b8e-6191-4ef5-a875-b0f0dcd05976/element &amp#27;[39m&amp#27;[32m200&amp#27;[39m &amp#27;[90m111 ms - 137&amp#27;[39m
&amp#27;[38;5;0m[HTTP]&amp#27;[0m &amp#27;[90m&amp#27;[39m
&amp#27;[38;5;0m[HTTP]&amp#27;[0m &amp#27;[37m-->&amp#27;[39m &amp#27;[37mPOST&amp#27;[39m &amp#27;[37m/session/47571b8e-6191-4ef5-a875-b0f0dcd05976/element/00000000-0000-0594-ffff-ffff0000055b/click&amp#27;[39m
&amp#27;[38;5;0m[HTTP]&amp#27;[0m &amp#27;[90m{"id":"00000000-0000-0594-ffff-ffff0000055b"}&amp#27;[39m
&amp#27;[38;5;32m[AndroidUiautomator2Driver@dabd (47571b8e)]&amp#27;[0m Calling AppiumDriver.click() with args: ["00000000-0000-0594-ffff-ffff0000055b","47571b8e-6191-4ef5-a875-b0f0dcd05976"]
&amp#27;[38;5;32m[AndroidUiautomator2Driver@dabd (47571b8e)]&amp#27;[0m Matched '/element/00000000-0000-0594-ffff-ffff0000055b/click' to command name 'click'
&amp#27;[38;5;32m[AndroidUiautomator2Driver@dabd (47571b8e)]&amp#27;[0m Proxying [POST /element/00000000-0000-0594-ffff-ffff0000055b/click] to [POST http://127.0.0.1:8201/session/e99dcc09-a0f0-48bb-8a0b-d829d4323b82/element/00000000-0000-0594-ffff-ffff0000055b/click] with body: {"element":"00000000-0000-0594-ffff-ffff0000055b"}
&amp#27;[38;5;32m[AndroidUiautomator2Driver@dabd (47571b8e)]&amp#27;[0m Got response with status 200: {"sessionId":"e99dcc09-a0f0-48bb-8a0b-d829d4323b82","value":null}
&amp#27;[38;5;32m[AndroidUiautomator2Driver@dabd (47571b8e)]&amp#27;[0m Responding to client with driver.click() result: null
&amp#27;[38;5;0m[HTTP]&amp#27;[0m &amp#27;[37m<-- POST /session/47571b8e-6191-4ef5-a875-b0f0dcd05976/element/00000000-0000-0594-ffff-ffff0000055b/click &amp#27;[39m&amp#27;[32m200&amp#27;[39m &amp#27;[90m76 ms - 14&amp#27;[39m
&amp#27;[38;5;0m[HTTP]&amp#27;[0m &amp#27;[90m&amp#27;[39m
&amp#27;[38;5;0m[HTTP]&amp#27;[0m &amp#27;[37m-->&amp#27;[39m &amp#27;[37mGET&amp#27;[39m &amp#27;[37m/session/47571b8e-6191-4ef5-a875-b0f0dcd05976/context&amp#27;[39m
&amp#27;[38;5;0m[HTTP]&amp#27;[0m &amp#27;[90m{}&amp#27;[39m
&amp#27;[38;5;32m[AndroidUiautomator2Driver@dabd (47571b8e)]&amp#27;[0m Calling AppiumDriver.getCurrentContext() with args: ["47571b8e-6191-4ef5-a875-b0f0dcd05976"]
&amp#27;[38;5;32m[AndroidUiautomator2Driver@dabd (47571b8e)]&amp#27;[0m Responding to client with driver.getCurrentContext() result: "NATIVE_APP"
&amp#27;[38;5;0m[HTTP]&amp#27;[0m &amp#27;[37m<-- GET /session/47571b8e-6191-4ef5-a875-b0f0dcd05976/context &amp#27;[39m&amp#27;[32m200&amp#27;[39m &amp#27;[90m1 ms - 22&amp#27;[39m
&amp#27;[38;5;0m[HTTP]&amp#27;[0m &amp#27;[90m&amp#27;[39m
&amp#27;[38;5;0m[HTTP]&amp#27;[0m &amp#27;[37m-->&amp#27;[39m &amp#27;[37mPOST&amp#27;[39m &amp#27;[37m/session/47571b8e-6191-4ef5-a875-b0f0dcd05976/element&amp#27;[39m
&amp#27;[38;5;0m[HTTP]&amp#27;[0m &amp#27;[90m{"using":"accessibility id","value":"menu item log out"}&amp#27;[39m
&amp#27;[38;5;32m[AndroidUiautomator2Driver@dabd (47571b8e)]&amp#27;[0m Calling AppiumDriver.findElement() with args: ["accessibility id","menu item log out","47571b8e-6191-4ef5-a875-b0f0dcd05976"]
&amp#27;[38;5;32m[AndroidUiautomator2Driver@dabd (47571b8e)]&amp#27;[0m Valid locator strategies for this request: xpath, id, class name, accessibility id, css selector, -android uiautomator
&amp#27;[38;5;32m[AndroidUiautomator2Driver@dabd (47571b8e)]&amp#27;[0m Waiting up to 10000 ms for condition
&amp#27;[38;5;32m[AndroidUiautomator2Driver@dabd (47571b8e)]&amp#27;[0m Matched '/element' to command name 'findElement'
&amp#27;[38;5;32m[AndroidUiautomator2Driver@dabd (47571b8e)]&amp#27;[0m Proxying [POST /element] to [POST http://127.0.0.1:8201/session/e99dcc09-a0f0-48bb-8a0b-d829d4323b82/element] with body: {"strategy":"accessibility id","selector":"menu item log out","context":"","multiple":false}
&amp#27;[38;5;32m[AndroidUiautomator2Driver@dabd (47571b8e)]&amp#27;[0m Got response with status 200: {"sessionId":"e99dcc09-a0f0-48bb-8a0b-d829d4323b82","value":{"ELEMENT":"00000000-0000-0594-ffff-ffff000000a2","element-6066-11e4-a52e-4f735466cecf":"00000000-0000-0594-ffff-ffff000000a2"}}
&amp#27;[38;5;32m[AndroidUiautomator2Driver@dabd (47571b8e)]&amp#27;[0m Responding to client with driver.findElement() result: {"element-6066-11e4-a52e-4f735466cecf":"00000000-0000-0594-ffff-ffff000000a2","ELEMENT":"00000000-0000-0594-ffff-ffff000000a2"}
&amp#27;[38;5;0m[HTTP]&amp#27;[0m &amp#27;[37m<-- POST /session/47571b8e-6191-4ef5-a875-b0f0dcd05976/element &amp#27;[39m&amp#27;[32m200&amp#27;[39m &amp#27;[90m303 ms - 137&amp#27;[39m
&amp#27;[38;5;0m[HTTP]&amp#27;[0m &amp#27;[90m&amp#27;[39m
&amp#27;[38;5;0m[HTTP]&amp#27;[0m &amp#27;[37m-->&amp#27;[39m &amp#27;[37mPOST&amp#27;[39m &amp#27;[37m/session/47571b8e-6191-4ef5-a875-b0f0dcd05976/element/00000000-0000-0594-ffff-ffff000000a2/click&amp#27;[39m
&amp#27;[38;5;0m[HTTP]&amp#27;[0m &amp#27;[90m{"id":"00000000-0000-0594-ffff-ffff000000a2"}&amp#27;[39m
&amp#27;[38;5;32m[AndroidUiautomator2Driver@dabd (47571b8e)]&amp#27;[0m Calling AppiumDriver.click() with args: ["00000000-0000-0594-ffff-ffff000000a2","47571b8e-6191-4ef5-a875-b0f0dcd05976"]
&amp#27;[38;5;32m[AndroidUiautomator2Driver@dabd (47571b8e)]&amp#27;[0m Matched '/element/00000000-0000-0594-ffff-ffff000000a2/click' to command name 'click'
&amp#27;[38;5;32m[AndroidUiautomator2Driver@dabd (47571b8e)]&amp#27;[0m Proxying [POST /element/00000000-0000-0594-ffff-ffff000000a2/click] to [POST http://127.0.0.1:8201/session/e99dcc09-a0f0-48bb-8a0b-d829d4323b82/element/00000000-0000-0594-ffff-ffff000000a2/click] with body: {"element":"00000000-0000-0594-ffff-ffff000000a2"}
&amp#27;[38;5;32m[AndroidUiautomator2Driver@dabd (47571b8e)]&amp#27;[0m Got response with status 200: {"sessionId":"e99dcc09-a0f0-48bb-8a0b-d829d4323b82","value":null}
&amp#27;[38;5;32m[AndroidUiautomator2Driver@dabd (47571b8e)]&amp#27;[0m Responding to client with driver.click() result: null
&amp#27;[38;5;0m[HTTP]&amp#27;[0m &amp#27;[37m<-- POST /session/47571b8e-6191-4ef5-a875-b0f0dcd05976/element/00000000-0000-0594-ffff-ffff000000a2/click &amp#27;[39m&amp#27;[32m200&amp#27;[39m &amp#27;[90m1293 ms - 14&amp#27;[39m
&amp#27;[38;5;0m[HTTP]&amp#27;[0m &amp#27;[90m&amp#27;[39m
&amp#27;[38;5;0m[HTTP]&amp#27;[0m &amp#27;[37m-->&amp#27;[39m &amp#27;[37mGET&amp#27;[39m &amp#27;[37m/session/47571b8e-6191-4ef5-a875-b0f0dcd05976/context&amp#27;[39m
&amp#27;[38;5;0m[HTTP]&amp#27;[0m &amp#27;[90m{}&amp#27;[39m
&amp#27;[38;5;32m[AndroidUiautomator2Driver@dabd (47571b8e)]&amp#27;[0m Calling AppiumDriver.getCurrentContext() with args: ["47571b8e-6191-4ef5-a875-b0f0dcd05976"]
&amp#27;[38;5;32m[AndroidUiautomator2Driver@dabd (47571b8e)]&amp#27;[0m Responding to client with driver.getCurrentContext() result: "NATIVE_APP"
&amp#27;[38;5;0m[HTTP]&amp#27;[0m &amp#27;[37m<-- GET /session/47571b8e-6191-4ef5-a875-b0f0dcd05976/context &amp#27;[39m&amp#27;[32m200&amp#27;[39m &amp#27;[90m1 ms - 22&amp#27;[39m
&amp#27;[38;5;0m[HTTP]&amp#27;[0m &amp#27;[90m&amp#27;[39m
&amp#27;[38;5;0m[HTTP]&amp#27;[0m &amp#27;[37m-->&amp#27;[39m &amp#27;[37mPOST&amp#27;[39m &amp#27;[37m/session/47571b8e-6191-4ef5-a875-b0f0dcd05976/element&amp#27;[39m
&amp#27;[38;5;0m[HTTP]&amp#27;[0m &amp#27;[90m{"using":"id","value":"android:id/button1"}&amp#27;[39m
&amp#27;[38;5;32m[AndroidUiautomator2Driver@dabd (47571b8e)]&amp#27;[0m Calling AppiumDriver.findElement() with args: ["id","android:id/button1","47571b8e-6191-4ef5-a875-b0f0dcd05976"]
&amp#27;[38;5;32m[AndroidUiautomator2Driver@dabd (47571b8e)]&amp#27;[0m Valid locator strategies for this request: xpath, id, class name, accessibility id, css selector, -android uiautomator
&amp#27;[38;5;32m[AndroidUiautomator2Driver@dabd (47571b8e)]&amp#27;[0m Waiting up to 10000 ms for condition
&amp#27;[38;5;32m[AndroidUiautomator2Driver@dabd (47571b8e)]&amp#27;[0m Matched '/element' to command name 'findElement'
&amp#27;[38;5;32m[AndroidUiautomator2Driver@dabd (47571b8e)]&amp#27;[0m Proxying [POST /element] to [POST http://127.0.0.1:8201/session/e99dcc09-a0f0-48bb-8a0b-d829d4323b82/element] with body: {"strategy":"id","selector":"android:id/button1","context":"","multiple":false}
&amp#27;[38;5;32m[AndroidUiautomator2Driver@dabd (47571b8e)]&amp#27;[0m Got response with status 200: {"sessionId":"e99dcc09-a0f0-48bb-8a0b-d829d4323b82","value":{"ELEMENT":"00000000-0000-0597-ffff-ffff000005d8","element-6066-11e4-a52e-4f735466cecf":"00000000-0000-0597-ffff-ffff000005d8"}}
&amp#27;[38;5;32m[AndroidUiautomator2Driver@dabd (47571b8e)]&amp#27;[0m Responding to client with driver.findElement() result: {"element-6066-11e4-a52e-4f735466cecf":"00000000-0000-0597-ffff-ffff000005d8","ELEMENT":"00000000-0000-0597-ffff-ffff000005d8"}
&amp#27;[38;5;0m[HTTP]&amp#27;[0m &amp#27;[37m<-- POST /session/47571b8e-6191-4ef5-a875-b0f0dcd05976/element &amp#27;[39m&amp#27;[32m200&amp#27;[39m &amp#27;[90m638 ms - 137&amp#27;[39m
&amp#27;[38;5;0m[HTTP]&amp#27;[0m &amp#27;[90m&amp#27;[39m
&amp#27;[38;5;0m[HTTP]&amp#27;[0m &amp#27;[37m-->&amp#27;[39m &amp#27;[37mPOST&amp#27;[39m &amp#27;[37m/session/47571b8e-6191-4ef5-a875-b0f0dcd05976/element/00000000-0000-0597-ffff-ffff000005d8/click&amp#27;[39m
&amp#27;[38;5;0m[HTTP]&amp#27;[0m &amp#27;[90m{"id":"00000000-0000-0597-ffff-ffff000005d8"}&amp#27;[39m
&amp#27;[38;5;32m[AndroidUiautomator2Driver@dabd (47571b8e)]&amp#27;[0m Calling AppiumDriver.click() with args: ["00000000-0000-0597-ffff-ffff000005d8","47571b8e-6191-4ef5-a875-b0f0dcd05976"]
&amp#27;[38;5;32m[AndroidUiautomator2Driver@dabd (47571b8e)]&amp#27;[0m Matched '/element/00000000-0000-0597-ffff-ffff000005d8/click' to command name 'click'
&amp#27;[38;5;32m[AndroidUiautomator2Driver@dabd (47571b8e)]&amp#27;[0m Proxying [POST /element/00000000-0000-0597-ffff-ffff000005d8/click] to [POST http://127.0.0.1:8201/session/e99dcc09-a0f0-48bb-8a0b-d829d4323b82/element/00000000-0000-0597-ffff-ffff000005d8/click] with body: {"element":"00000000-0000-0597-ffff-ffff000005d8"}
&amp#27;[38;5;32m[AndroidUiautomator2Driver@dabd (47571b8e)]&amp#27;[0m Got response with status 200: {"sessionId":"e99dcc09-a0f0-48bb-8a0b-d829d4323b82","value":null}
&amp#27;[38;5;32m[AndroidUiautomator2Driver@dabd (47571b8e)]&amp#27;[0m Responding to client with driver.click() result: null
&amp#27;[38;5;0m[HTTP]&amp#27;[0m &amp#27;[37m<-- POST /session/47571b8e-6191-4ef5-a875-b0f0dcd05976/element/00000000-0000-0597-ffff-ffff000005d8/click &amp#27;[39m&amp#27;[32m200&amp#27;[39m &amp#27;[90m83 ms - 14&amp#27;[39m
&amp#27;[38;5;0m[HTTP]&amp#27;[0m &amp#27;[90m&amp#27;[39m
&amp#27;[38;5;0m[HTTP]&amp#27;[0m &amp#27;[37m-->&amp#27;[39m &amp#27;[37mGET&amp#27;[39m &amp#27;[37m/session/47571b8e-6191-4ef5-a875-b0f0dcd05976/context&amp#27;[39m
&amp#27;[38;5;0m[HTTP]&amp#27;[0m &amp#27;[90m{}&amp#27;[39m
&amp#27;[38;5;32m[AndroidUiautomator2Driver@dabd (47571b8e)]&amp#27;[0m Calling AppiumDriver.getCurrentContext() with args: ["47571b8e-6191-4ef5-a875-b0f0dcd05976"]
&amp#27;[38;5;32m[AndroidUiautomator2Driver@dabd (47571b8e)]&amp#27;[0m Responding to client with driver.getCurrentContext() result: "NATIVE_APP"
&amp#27;[38;5;0m[HTTP]&amp#27;[0m &amp#27;[37m<-- GET /session/47571b8e-6191-4ef5-a875-b0f0dcd05976/context &amp#27;[39m&amp#27;[32m200&amp#27;[39m &amp#27;[90m1 ms - 22&amp#27;[39m
&amp#27;[38;5;0m[HTTP]&amp#27;[0m &amp#27;[90m&amp#27;[39m
&amp#27;[38;5;0m[HTTP]&amp#27;[0m &amp#27;[37m-->&amp#27;[39m &amp#27;[37mPOST&amp#27;[39m &amp#27;[37m/session/47571b8e-6191-4ef5-a875-b0f0dcd05976/element&amp#27;[39m
&amp#27;[38;5;0m[HTTP]&amp#27;[0m &amp#27;[90m{"using":"class name","value":"android.widget.Button"}&amp#27;[39m
&amp#27;[38;5;32m[AndroidUiautomator2Driver@dabd (47571b8e)]&amp#27;[0m Calling AppiumDriver.findElement() with args: ["class name","android.widget.Button","47571b8e-6191-4ef5-a875-b0f0dcd05976"]
&amp#27;[38;5;32m[AndroidUiautomator2Driver@dabd (47571b8e)]&amp#27;[0m Valid locator strategies for this request: xpath, id, class name, accessibility id, css selector, -android uiautomator
&amp#27;[38;5;32m[AndroidUiautomator2Driver@dabd (47571b8e)]&amp#27;[0m Waiting up to 10000 ms for condition
&amp#27;[38;5;32m[AndroidUiautomator2Driver@dabd (47571b8e)]&amp#27;[0m Matched '/element' to command name 'findElement'
&amp#27;[38;5;32m[AndroidUiautomator2Driver@dabd (47571b8e)]&amp#27;[0m Proxying [POST /element] to [POST http://127.0.0.1:8201/session/e99dcc09-a0f0-48bb-8a0b-d829d4323b82/element] with body: {"strategy":"class name","selector":"android.widget.Button","context":"","multiple":false}
&amp#27;[38;5;32m[AndroidUiautomator2Driver@dabd (47571b8e)]&amp#27;[0m Got response with status 200: {"sessionId":"e99dcc09-a0f0-48bb-8a0b-d829d4323b82","value":{"ELEMENT":"00000000-0000-0598-ffff-ffff0000061d","element-6066-11e4-a52e-4f735466cecf":"00000000-0000-0598-ffff-ffff0000061d"}}
&amp#27;[38;5;32m[AndroidUiautomator2Driver@dabd (47571b8e)]&amp#27;[0m Responding to client with driver.findElement() result: {"element-6066-11e4-a52e-4f735466cecf":"00000000-0000-0598-ffff-ffff0000061d","ELEMENT":"00000000-0000-0598-ffff-ffff0000061d"}
&amp#27;[38;5;0m[HTTP]&amp#27;[0m &amp#27;[37m<-- POST /session/47571b8e-6191-4ef5-a875-b0f0dcd05976/element &amp#27;[39m&amp#27;[32m200&amp#27;[39m &amp#27;[90m809 ms - 137&amp#27;[39m
&amp#27;[38;5;0m[HTTP]&amp#27;[0m &amp#27;[90m&amp#27;[39m
&amp#27;[38;5;0m[HTTP]&amp#27;[0m &amp#27;[37m-->&amp#27;[39m &amp#27;[37mPOST&amp#27;[39m &amp#27;[37m/session/47571b8e-6191-4ef5-a875-b0f0dcd05976/element/00000000-0000-0598-ffff-ffff0000061d/click&amp#27;[39m
&amp#27;[38;5;0m[HTTP]&amp#27;[0m &amp#27;[90m{"id":"00000000-0000-0598-ffff-ffff0000061d"}&amp#27;[39m
&amp#27;[38;5;32m[AndroidUiautomator2Driver@dabd (47571b8e)]&amp#27;[0m Calling AppiumDriver.click() with args: ["00000000-0000-0598-ffff-ffff0000061d","47571b8e-6191-4ef5-a875-b0f0dcd05976"]
&amp#27;[38;5;32m[AndroidUiautomator2Driver@dabd (47571b8e)]&amp#27;[0m Matched '/element/00000000-0000-0598-ffff-ffff0000061d/click' to command name 'click'
&amp#27;[38;5;32m[AndroidUiautomator2Driver@dabd (47571b8e)]&amp#27;[0m Proxying [POST /element/00000000-0000-0598-ffff-ffff0000061d/click] to [POST http://127.0.0.1:8201/session/e99dcc09-a0f0-48bb-8a0b-d829d4323b82/element/00000000-0000-0598-ffff-ffff0000061d/click] with body: {"element":"00000000-0000-0598-ffff-ffff0000061d"}
&amp#27;[38;5;32m[AndroidUiautomator2Driver@dabd (47571b8e)]&amp#27;[0m Got response with status 200: {"sessionId":"e99dcc09-a0f0-48bb-8a0b-d829d4323b82","value":null}
&amp#27;[38;5;32m[AndroidUiautomator2Driver@dabd (47571b8e)]&amp#27;[0m Responding to client with driver.click() result: null
&amp#27;[38;5;0m[HTTP]&amp#27;[0m &amp#27;[37m<-- POST /session/47571b8e-6191-4ef5-a875-b0f0dcd05976/element/00000000-0000-0598-ffff-ffff0000061d/click &amp#27;[39m&amp#27;[32m200&amp#27;[39m &amp#27;[90m61 ms - 14&amp#27;[39m
&amp#27;[38;5;0m[HTTP]&amp#27;[0m &amp#27;[90m&amp#27;[39m
&amp#27;[38;5;0m[HTTP]&amp#27;[0m &amp#27;[37m-->&amp#27;[39m &amp#27;[37mGET&amp#27;[39m &amp#27;[37m/session/47571b8e-6191-4ef5-a875-b0f0dcd05976/context&amp#27;[39m
&amp#27;[38;5;0m[HTTP]&amp#27;[0m &amp#27;[90m{}&amp#27;[39m
&amp#27;[38;5;32m[AndroidUiautomator2Driver@dabd (47571b8e)]&amp#27;[0m Calling AppiumDriver.getCurrentContext() with args: ["47571b8e-6191-4ef5-a875-b0f0dcd05976"]
&amp#27;[38;5;32m[AndroidUiautomator2Driver@dabd (47571b8e)]&amp#27;[0m Responding to client with driver.getCurrentContext() result: "NATIVE_APP"
&amp#27;[38;5;0m[HTTP]&amp#27;[0m &amp#27;[37m<-- GET /session/47571b8e-6191-4ef5-a875-b0f0dcd05976/context &amp#27;[39m&amp#27;[32m200&amp#27;[39m &amp#27;[90m1 ms - 22&amp#27;[39m
&amp#27;[38;5;0m[HTTP]&amp#27;[0m &amp#27;[90m&amp#27;[39m
&amp#27;[38;5;0m[HTTP]&amp#27;[0m &amp#27;[37m-->&amp#27;[39m &amp#27;[37mPOST&amp#27;[39m &amp#27;[37m/session/47571b8e-6191-4ef5-a875-b0f0dcd05976/element&amp#27;[39m
&amp#27;[38;5;0m[HTTP]&amp#27;[0m &amp#27;[90m{"using":"accessibility id","value":"container header"}&amp#27;[39m
&amp#27;[38;5;32m[AndroidUiautomator2Driver@dabd (47571b8e)]&amp#27;[0m Calling AppiumDriver.findElement() with args: ["accessibility id","container header","47571b8e-6191-4ef5-a875-b0f0dcd05976"]
&amp#27;[38;5;32m[AndroidUiautomator2Driver@dabd (47571b8e)]&amp#27;[0m Valid locator strategies for this request: xpath, id, class name, accessibility id, css selector, -android uiautomator
&amp#27;[38;5;32m[AndroidUiautomator2Driver@dabd (47571b8e)]&amp#27;[0m Waiting up to 10000 ms for condition
&amp#27;[38;5;32m[AndroidUiautomator2Driver@dabd (47571b8e)]&amp#27;[0m Matched '/element' to command name 'findElement'
&amp#27;[38;5;32m[AndroidUiautomator2Driver@dabd (47571b8e)]&amp#27;[0m Proxying [POST /element] to [POST http://127.0.0.1:8201/session/e99dcc09-a0f0-48bb-8a0b-d829d4323b82/element] with body: {"strategy":"accessibility id","selector":"container header","context":"","multiple":false}
&amp#27;[38;5;32m[AndroidUiautomator2Driver@dabd (47571b8e)]&amp#27;[0m Got response with status 200: {"sessionId":"e99dcc09-a0f0-48bb-8a0b-d829d4323b82","value":{"ELEMENT":"00000000-0000-0594-ffff-ffff000005ec","element-6066-11e4-a52e-4f735466cecf":"00000000-0000-0594-ffff-ffff000005ec"}}
&amp#27;[38;5;32m[AndroidUiautomator2Driver@dabd (47571b8e)]&amp#27;[0m Responding to client with driver.findElement() result: {"element-6066-11e4-a52e-4f735466cecf":"00000000-0000-0594-ffff-ffff000005ec","ELEMENT":"00000000-0000-0594-ffff-ffff000005ec"}
&amp#27;[38;5;0m[HTTP]&amp#27;[0m &amp#27;[37m<-- POST /session/47571b8e-6191-4ef5-a875-b0f0dcd05976/element &amp#27;[39m&amp#27;[32m200&amp#27;[39m &amp#27;[90m622 ms - 137&amp#27;[39m
&amp#27;[38;5;0m[HTTP]&amp#27;[0m &amp#27;[90m&amp#27;[39m
&amp#27;[38;5;0m[HTTP]&amp#27;[0m &amp#27;[37m-->&amp#27;[39m &amp#27;[37mPOST&amp#27;[39m &amp#27;[37m/session/47571b8e-6191-4ef5-a875-b0f0dcd05976/element/00000000-0000-0594-ffff-ffff000005ec/element&amp#27;[39m
&amp#27;[38;5;0m[HTTP]&amp#27;[0m &amp#27;[90m{"id":"00000000-0000-0594-ffff-ffff000005ec","using":"class name","value":"android.widget.TextView"}&amp#27;[39m
&amp#27;[38;5;32m[AndroidUiautomator2Driver@dabd (47571b8e)]&amp#27;[0m Calling AppiumDriver.findElementFromElement() with args: ["class name","android.widget.TextView","00000000-0000-0594-ffff-ffff000005ec","47571b8e-6191-4ef5-a875-b0f0dcd05976"]
&amp#27;[38;5;32m[AndroidUiautomator2Driver@dabd (47571b8e)]&amp#27;[0m Valid locator strategies for this request: xpath, id, class name, accessibility id, css selector, -android uiautomator
&amp#27;[38;5;32m[AndroidUiautomator2Driver@dabd (47571b8e)]&amp#27;[0m Waiting up to 10000 ms for condition
&amp#27;[38;5;32m[AndroidUiautomator2Driver@dabd (47571b8e)]&amp#27;[0m Matched '/element' to command name 'findElement'
&amp#27;[38;5;32m[AndroidUiautomator2Driver@dabd (47571b8e)]&amp#27;[0m Proxying [POST /element] to [POST http://127.0.0.1:8201/session/e99dcc09-a0f0-48bb-8a0b-d829d4323b82/element] with body: {"strategy":"class name","selector":"android.widget.TextView","context":"00000000-0000-0594-ffff-ffff000005ec","multiple":false}
&amp#27;[38;5;32m[AndroidUiautomator2Driver@dabd (47571b8e)]&amp#27;[0m Got response with status 200: {"sessionId":"e99dcc09-a0f0-48bb-8a0b-d829d4323b82","value":{"ELEMENT":"00000000-0000-0594-ffff-ffff000005ed","element-6066-11e4-a52e-4f735466cecf":"00000000-0000-0594-ffff-ffff000005ed"}}
&amp#27;[38;5;32m[AndroidUiautomator2Driver@dabd (47571b8e)]&amp#27;[0m Responding to client with driver.findElementFromElement() result: {"element-6066-11e4-a52e-4f735466cecf":"00000000-0000-0594-ffff-ffff000005ed","ELEMENT":"00000000-0000-0594-ffff-ffff000005ed"}
&amp#27;[38;5;0m[HTTP]&amp#27;[0m &amp#27;[37m<-- POST /session/47571b8e-6191-4ef5-a875-b0f0dcd05976/element/00000000-0000-0594-ffff-ffff000005ec/element &amp#27;[39m&amp#27;[32m200&amp#27;[39m &amp#27;[90m69 ms - 137&amp#27;[39m
&amp#27;[38;5;0m[HTTP]&amp#27;[0m &amp#27;[90m&amp#27;[39m
&amp#27;[38;5;0m[HTTP]&amp#27;[0m &amp#27;[37m-->&amp#27;[39m &amp#27;[37mGET&amp#27;[39m &amp#27;[37m/session/47571b8e-6191-4ef5-a875-b0f0dcd05976/element/00000000-0000-0594-ffff-ffff000005ed/text&amp#27;[39m
&amp#27;[38;5;0m[HTTP]&amp#27;[0m &amp#27;[90m{}&amp#27;[39m
&amp#27;[38;5;32m[AndroidUiautomator2Driver@dabd (47571b8e)]&amp#27;[0m Driver proxy active, passing request on via HTTP proxy
&amp#27;[38;5;32m[AndroidUiautomator2Driver@dabd (47571b8e)]&amp#27;[0m Matched '/session/47571b8e-6191-4ef5-a875-b0f0dcd05976/element/00000000-0000-0594-ffff-ffff000005ed/text' to command name 'getText'
&amp#27;[38;5;32m[AndroidUiautomator2Driver@dabd (47571b8e)]&amp#27;[0m Proxying [GET /session/47571b8e-6191-4ef5-a875-b0f0dcd05976/element/00000000-0000-0594-ffff-ffff000005ed/text] to [GET http://127.0.0.1:8201/session/e99dcc09-a0f0-48bb-8a0b-d829d4323b82/element/00000000-0000-0594-ffff-ffff000005ed/text] with no body
&amp#27;[38;5;32m[AndroidUiautomator2Driver@dabd (47571b8e)]&amp#27;[0m Got response with status 200: {"sessionId":"e99dcc09-a0f0-48bb-8a0b-d829d4323b82","value":"Login"}
&amp#27;[38;5;32m[AndroidUiautomator2Driver@dabd (47571b8e)]&amp#27;[0m Replacing sessionId e99dcc09-a0f0-48bb-8a0b-d829d4323b82 with 47571b8e-6191-4ef5-a875-b0f0dcd05976
&amp#27;[38;5;0m[HTTP]&amp#27;[0m &amp#27;[37m<-- GET /session/47571b8e-6191-4ef5-a875-b0f0dcd05976/element/00000000-0000-0594-ffff-ffff000005ed/text &amp#27;[39m&amp#27;[32m200&amp#27;[39m &amp#27;[90m41 ms - 68&amp#27;[39m
&amp#27;[38;5;0m[HTTP]&amp#27;[0m &amp#27;[90m&amp#27;[39m
]]></system-out>
  </testcase>
  <testcase name="ReviewOrderVerification[{country=United States, address2=999, city=San Diego, address1=123 Test Ave, zipcode=92131, password=10203040, productcolor=blue, fullname=Bob Fisher, state=California, cardnumber=1234 1234 1234 123, securitycode=345, username=bob@example.com, expdate=06/26}](1)" classname="testCases.TC1_MakePurchase" time="60.755">
    <system-out><![CDATA[&amp#27;[38;5;0m[HTTP]&amp#27;[0m &amp#27;[37m-->&amp#27;[39m &amp#27;[37mGET&amp#27;[39m &amp#27;[37m/session/47571b8e-6191-4ef5-a875-b0f0dcd05976/context&amp#27;[39m
&amp#27;[38;5;0m[HTTP]&amp#27;[0m &amp#27;[90m{}&amp#27;[39m
&amp#27;[38;5;32m[AndroidUiautomator2Driver@dabd (47571b8e)]&amp#27;[0m Calling AppiumDriver.getCurrentContext() with args: ["47571b8e-6191-4ef5-a875-b0f0dcd05976"]
&amp#27;[38;5;32m[AndroidUiautomator2Driver@dabd (47571b8e)]&amp#27;[0m Responding to client with driver.getCurrentContext() result: "NATIVE_APP"
&amp#27;[38;5;0m[HTTP]&amp#27;[0m &amp#27;[37m<-- GET /session/47571b8e-6191-4ef5-a875-b0f0dcd05976/context &amp#27;[39m&amp#27;[32m200&amp#27;[39m &amp#27;[90m1 ms - 22&amp#27;[39m
&amp#27;[38;5;0m[HTTP]&amp#27;[0m &amp#27;[90m&amp#27;[39m
&amp#27;[38;5;0m[HTTP]&amp#27;[0m &amp#27;[37m-->&amp#27;[39m &amp#27;[37mPOST&amp#27;[39m &amp#27;[37m/session/47571b8e-6191-4ef5-a875-b0f0dcd05976/element&amp#27;[39m
&amp#27;[38;5;0m[HTTP]&amp#27;[0m &amp#27;[90m{"using":"accessibility id","value":"open menu"}&amp#27;[39m
&amp#27;[38;5;32m[AndroidUiautomator2Driver@dabd (47571b8e)]&amp#27;[0m Calling AppiumDriver.findElement() with args: ["accessibility id","open menu","47571b8e-6191-4ef5-a875-b0f0dcd05976"]
&amp#27;[38;5;32m[AndroidUiautomator2Driver@dabd (47571b8e)]&amp#27;[0m Valid locator strategies for this request: xpath, id, class name, accessibility id, css selector, -android uiautomator
&amp#27;[38;5;32m[AndroidUiautomator2Driver@dabd (47571b8e)]&amp#27;[0m Waiting up to 10000 ms for condition
&amp#27;[38;5;32m[AndroidUiautomator2Driver@dabd (47571b8e)]&amp#27;[0m Matched '/element' to command name 'findElement'
&amp#27;[38;5;32m[AndroidUiautomator2Driver@dabd (47571b8e)]&amp#27;[0m Proxying [POST /element] to [POST http://127.0.0.1:8201/session/e99dcc09-a0f0-48bb-8a0b-d829d4323b82/element] with body: {"strategy":"accessibility id","selector":"open menu","context":"","multiple":false}
&amp#27;[38;5;32m[AndroidUiautomator2Driver@dabd (47571b8e)]&amp#27;[0m Got response with status 200: {"sessionId":"e99dcc09-a0f0-48bb-8a0b-d829d4323b82","value":{"ELEMENT":"00000000-0000-0594-ffff-ffff00000602","element-6066-11e4-a52e-4f735466cecf":"00000000-0000-0594-ffff-ffff00000602"}}
&amp#27;[38;5;32m[AndroidUiautomator2Driver@dabd (47571b8e)]&amp#27;[0m Responding to client with driver.findElement() result: {"element-6066-11e4-a52e-4f735466cecf":"00000000-0000-0594-ffff-ffff00000602","ELEMENT":"00000000-0000-0594-ffff-ffff00000602"}
&amp#27;[38;5;0m[HTTP]&amp#27;[0m &amp#27;[37m<-- POST /session/47571b8e-6191-4ef5-a875-b0f0dcd05976/element &amp#27;[39m&amp#27;[32m200&amp#27;[39m &amp#27;[90m144 ms - 137&amp#27;[39m
&amp#27;[38;5;0m[HTTP]&amp#27;[0m &amp#27;[90m&amp#27;[39m
&amp#27;[38;5;0m[HTTP]&amp#27;[0m &amp#27;[37m-->&amp#27;[39m &amp#27;[37mGET&amp#27;[39m &amp#27;[37m/session/47571b8e-6191-4ef5-a875-b0f0dcd05976/element/00000000-0000-0594-ffff-ffff00000602/displayed&amp#27;[39m
&amp#27;[38;5;0m[HTTP]&amp#27;[0m &amp#27;[90m{}&amp#27;[39m
&amp#27;[38;5;32m[AndroidUiautomator2Driver@dabd (47571b8e)]&amp#27;[0m Calling AppiumDriver.elementDisplayed() with args: ["00000000-0000-0594-ffff-ffff00000602","47571b8e-6191-4ef5-a875-b0f0dcd05976"]
&amp#27;[38;5;32m[AndroidUiautomator2Driver@dabd (47571b8e)]&amp#27;[0m Matched '/element/00000000-0000-0594-ffff-ffff00000602/attribute/displayed' to command name 'getAttribute'
&amp#27;[38;5;32m[AndroidUiautomator2Driver@dabd (47571b8e)]&amp#27;[0m Proxying [GET /element/00000000-0000-0594-ffff-ffff00000602/attribute/displayed] to [GET http://127.0.0.1:8201/session/e99dcc09-a0f0-48bb-8a0b-d829d4323b82/element/00000000-0000-0594-ffff-ffff00000602/attribute/displayed] with no body
&amp#27;[38;5;32m[AndroidUiautomator2Driver@dabd (47571b8e)]&amp#27;[0m Got response with status 200: {"sessionId":"e99dcc09-a0f0-48bb-8a0b-d829d4323b82","value":"true"}
&amp#27;[38;5;32m[AndroidUiautomator2Driver@dabd (47571b8e)]&amp#27;[0m Responding to client with driver.elementDisplayed() result: true
&amp#27;[38;5;0m[HTTP]&amp#27;[0m &amp#27;[37m<-- GET /session/47571b8e-6191-4ef5-a875-b0f0dcd05976/element/00000000-0000-0594-ffff-ffff00000602/displayed &amp#27;[39m&amp#27;[32m200&amp#27;[39m &amp#27;[90m34 ms - 14&amp#27;[39m
&amp#27;[38;5;0m[HTTP]&amp#27;[0m &amp#27;[90m&amp#27;[39m
&amp#27;[38;5;0m[HTTP]&amp#27;[0m &amp#27;[37m-->&amp#27;[39m &amp#27;[37mGET&amp#27;[39m &amp#27;[37m/session/47571b8e-6191-4ef5-a875-b0f0dcd05976/context&amp#27;[39m
&amp#27;[38;5;0m[HTTP]&amp#27;[0m &amp#27;[90m{}&amp#27;[39m
&amp#27;[38;5;32m[AndroidUiautomator2Driver@dabd (47571b8e)]&amp#27;[0m Calling AppiumDriver.getCurrentContext() with args: ["47571b8e-6191-4ef5-a875-b0f0dcd05976"]
&amp#27;[38;5;32m[AndroidUiautomator2Driver@dabd (47571b8e)]&amp#27;[0m Responding to client with driver.getCurrentContext() result: "NATIVE_APP"
&amp#27;[38;5;0m[HTTP]&amp#27;[0m &amp#27;[37m<-- GET /session/47571b8e-6191-4ef5-a875-b0f0dcd05976/context &amp#27;[39m&amp#27;[32m200&amp#27;[39m &amp#27;[90m1 ms - 22&amp#27;[39m
&amp#27;[38;5;0m[HTTP]&amp#27;[0m &amp#27;[90m&amp#27;[39m
&amp#27;[38;5;0m[HTTP]&amp#27;[0m &amp#27;[37m-->&amp#27;[39m &amp#27;[37mPOST&amp#27;[39m &amp#27;[37m/session/47571b8e-6191-4ef5-a875-b0f0dcd05976/element&amp#27;[39m
&amp#27;[38;5;0m[HTTP]&amp#27;[0m &amp#27;[90m{"using":"accessibility id","value":"open menu"}&amp#27;[39m
&amp#27;[38;5;32m[AndroidUiautomator2Driver@dabd (47571b8e)]&amp#27;[0m Calling AppiumDriver.findElement() with args: ["accessibility id","open menu","47571b8e-6191-4ef5-a875-b0f0dcd05976"]
&amp#27;[38;5;32m[AndroidUiautomator2Driver@dabd (47571b8e)]&amp#27;[0m Valid locator strategies for this request: xpath, id, class name, accessibility id, css selector, -android uiautomator
&amp#27;[38;5;32m[AndroidUiautomator2Driver@dabd (47571b8e)]&amp#27;[0m Waiting up to 10000 ms for condition
&amp#27;[38;5;32m[AndroidUiautomator2Driver@dabd (47571b8e)]&amp#27;[0m Matched '/element' to command name 'findElement'
&amp#27;[38;5;32m[AndroidUiautomator2Driver@dabd (47571b8e)]&amp#27;[0m Proxying [POST /element] to [POST http://127.0.0.1:8201/session/e99dcc09-a0f0-48bb-8a0b-d829d4323b82/element] with body: {"strategy":"accessibility id","selector":"open menu","context":"","multiple":false}
&amp#27;[38;5;32m[AndroidUiautomator2Driver@dabd (47571b8e)]&amp#27;[0m Got response with status 200: {"sessionId":"e99dcc09-a0f0-48bb-8a0b-d829d4323b82","value":{"ELEMENT":"00000000-0000-0594-ffff-ffff00000602","element-6066-11e4-a52e-4f735466cecf":"00000000-0000-0594-ffff-ffff00000602"}}
&amp#27;[38;5;32m[AndroidUiautomator2Driver@dabd (47571b8e)]&amp#27;[0m Responding to client with driver.findElement() result: {"element-6066-11e4-a52e-4f735466cecf":"00000000-0000-0594-ffff-ffff00000602","ELEMENT":"00000000-0000-0594-ffff-ffff00000602"}
&amp#27;[38;5;0m[HTTP]&amp#27;[0m &amp#27;[37m<-- POST /session/47571b8e-6191-4ef5-a875-b0f0dcd05976/element &amp#27;[39m&amp#27;[32m200&amp#27;[39m &amp#27;[90m89 ms - 137&amp#27;[39m
&amp#27;[38;5;0m[HTTP]&amp#27;[0m &amp#27;[90m&amp#27;[39m
&amp#27;[38;5;0m[HTTP]&amp#27;[0m &amp#27;[37m-->&amp#27;[39m &amp#27;[37mGET&amp#27;[39m &amp#27;[37m/session/47571b8e-6191-4ef5-a875-b0f0dcd05976/element/00000000-0000-0594-ffff-ffff00000602/enabled&amp#27;[39m
&amp#27;[38;5;0m[HTTP]&amp#27;[0m &amp#27;[90m{}&amp#27;[39m
&amp#27;[38;5;32m[AndroidUiautomator2Driver@dabd (47571b8e)]&amp#27;[0m Calling AppiumDriver.elementEnabled() with args: ["00000000-0000-0594-ffff-ffff00000602","47571b8e-6191-4ef5-a875-b0f0dcd05976"]
&amp#27;[38;5;32m[AndroidUiautomator2Driver@dabd (47571b8e)]&amp#27;[0m Matched '/element/00000000-0000-0594-ffff-ffff00000602/attribute/enabled' to command name 'getAttribute'
&amp#27;[38;5;32m[AndroidUiautomator2Driver@dabd (47571b8e)]&amp#27;[0m Proxying [GET /element/00000000-0000-0594-ffff-ffff00000602/attribute/enabled] to [GET http://127.0.0.1:8201/session/e99dcc09-a0f0-48bb-8a0b-d829d4323b82/element/00000000-0000-0594-ffff-ffff00000602/attribute/enabled] with no body
&amp#27;[38;5;32m[AndroidUiautomator2Driver@dabd (47571b8e)]&amp#27;[0m Got response with status 200: {"sessionId":"e99dcc09-a0f0-48bb-8a0b-d829d4323b82","value":"true"}
&amp#27;[38;5;32m[AndroidUiautomator2Driver@dabd (47571b8e)]&amp#27;[0m Responding to client with driver.elementEnabled() result: true
&amp#27;[38;5;0m[HTTP]&amp#27;[0m &amp#27;[37m<-- GET /session/47571b8e-6191-4ef5-a875-b0f0dcd05976/element/00000000-0000-0594-ffff-ffff00000602/enabled &amp#27;[39m&amp#27;[32m200&amp#27;[39m &amp#27;[90m24 ms - 14&amp#27;[39m
&amp#27;[38;5;0m[HTTP]&amp#27;[0m &amp#27;[90m&amp#27;[39m
&amp#27;[38;5;0m[HTTP]&amp#27;[0m &amp#27;[37m-->&amp#27;[39m &amp#27;[37mGET&amp#27;[39m &amp#27;[37m/session/47571b8e-6191-4ef5-a875-b0f0dcd05976/context&amp#27;[39m
&amp#27;[38;5;0m[HTTP]&amp#27;[0m &amp#27;[90m{}&amp#27;[39m
&amp#27;[38;5;32m[AndroidUiautomator2Driver@dabd (47571b8e)]&amp#27;[0m Calling AppiumDriver.getCurrentContext() with args: ["47571b8e-6191-4ef5-a875-b0f0dcd05976"]
&amp#27;[38;5;32m[AndroidUiautomator2Driver@dabd (47571b8e)]&amp#27;[0m Responding to client with driver.getCurrentContext() result: "NATIVE_APP"
&amp#27;[38;5;0m[HTTP]&amp#27;[0m &amp#27;[37m<-- GET /session/47571b8e-6191-4ef5-a875-b0f0dcd05976/context &amp#27;[39m&amp#27;[32m200&amp#27;[39m &amp#27;[90m1 ms - 22&amp#27;[39m
&amp#27;[38;5;0m[HTTP]&amp#27;[0m &amp#27;[90m&amp#27;[39m
&amp#27;[38;5;0m[HTTP]&amp#27;[0m &amp#27;[37m-->&amp#27;[39m &amp#27;[37mPOST&amp#27;[39m &amp#27;[37m/session/47571b8e-6191-4ef5-a875-b0f0dcd05976/element&amp#27;[39m
&amp#27;[38;5;0m[HTTP]&amp#27;[0m &amp#27;[90m{"using":"accessibility id","value":"open menu"}&amp#27;[39m
&amp#27;[38;5;32m[AndroidUiautomator2Driver@dabd (47571b8e)]&amp#27;[0m Calling AppiumDriver.findElement() with args: ["accessibility id","open menu","47571b8e-6191-4ef5-a875-b0f0dcd05976"]
&amp#27;[38;5;32m[AndroidUiautomator2Driver@dabd (47571b8e)]&amp#27;[0m Valid locator strategies for this request: xpath, id, class name, accessibility id, css selector, -android uiautomator
&amp#27;[38;5;32m[AndroidUiautomator2Driver@dabd (47571b8e)]&amp#27;[0m Waiting up to 10000 ms for condition
&amp#27;[38;5;32m[AndroidUiautomator2Driver@dabd (47571b8e)]&amp#27;[0m Matched '/element' to command name 'findElement'
&amp#27;[38;5;32m[AndroidUiautomator2Driver@dabd (47571b8e)]&amp#27;[0m Proxying [POST /element] to [POST http://127.0.0.1:8201/session/e99dcc09-a0f0-48bb-8a0b-d829d4323b82/element] with body: {"strategy":"accessibility id","selector":"open menu","context":"","multiple":false}
&amp#27;[38;5;32m[AndroidUiautomator2Driver@dabd (47571b8e)]&amp#27;[0m Got response with status 200: {"sessionId":"e99dcc09-a0f0-48bb-8a0b-d829d4323b82","value":{"ELEMENT":"00000000-0000-0594-ffff-ffff00000602","element-6066-11e4-a52e-4f735466cecf":"00000000-0000-0594-ffff-ffff00000602"}}
&amp#27;[38;5;32m[AndroidUiautomator2Driver@dabd (47571b8e)]&amp#27;[0m Responding to client with driver.findElement() result: {"element-6066-11e4-a52e-4f735466cecf":"00000000-0000-0594-ffff-ffff00000602","ELEMENT":"00000000-0000-0594-ffff-ffff00000602"}
&amp#27;[38;5;0m[HTTP]&amp#27;[0m &amp#27;[37m<-- POST /session/47571b8e-6191-4ef5-a875-b0f0dcd05976/element &amp#27;[39m&amp#27;[32m200&amp#27;[39m &amp#27;[90m101 ms - 137&amp#27;[39m
&amp#27;[38;5;0m[HTTP]&amp#27;[0m &amp#27;[90m&amp#27;[39m
&amp#27;[38;5;0m[HTTP]&amp#27;[0m &amp#27;[37m-->&amp#27;[39m &amp#27;[37mPOST&amp#27;[39m &amp#27;[37m/session/47571b8e-6191-4ef5-a875-b0f0dcd05976/element/00000000-0000-0594-ffff-ffff00000602/click&amp#27;[39m
&amp#27;[38;5;0m[HTTP]&amp#27;[0m &amp#27;[90m{"id":"00000000-0000-0594-ffff-ffff00000602"}&amp#27;[39m
&amp#27;[38;5;32m[AndroidUiautomator2Driver@dabd (47571b8e)]&amp#27;[0m Calling AppiumDriver.click() with args: ["00000000-0000-0594-ffff-ffff00000602","47571b8e-6191-4ef5-a875-b0f0dcd05976"]
&amp#27;[38;5;32m[AndroidUiautomator2Driver@dabd (47571b8e)]&amp#27;[0m Matched '/element/00000000-0000-0594-ffff-ffff00000602/click' to command name 'click'
&amp#27;[38;5;32m[AndroidUiautomator2Driver@dabd (47571b8e)]&amp#27;[0m Proxying [POST /element/00000000-0000-0594-ffff-ffff00000602/click] to [POST http://127.0.0.1:8201/session/e99dcc09-a0f0-48bb-8a0b-d829d4323b82/element/00000000-0000-0594-ffff-ffff00000602/click] with body: {"element":"00000000-0000-0594-ffff-ffff00000602"}
&amp#27;[38;5;32m[AndroidUiautomator2Driver@dabd (47571b8e)]&amp#27;[0m Got response with status 200: {"sessionId":"e99dcc09-a0f0-48bb-8a0b-d829d4323b82","value":null}
&amp#27;[38;5;32m[AndroidUiautomator2Driver@dabd (47571b8e)]&amp#27;[0m Responding to client with driver.click() result: null
&amp#27;[38;5;0m[HTTP]&amp#27;[0m &amp#27;[37m<-- POST /session/47571b8e-6191-4ef5-a875-b0f0dcd05976/element/00000000-0000-0594-ffff-ffff00000602/click &amp#27;[39m&amp#27;[32m200&amp#27;[39m &amp#27;[90m52 ms - 14&amp#27;[39m
&amp#27;[38;5;0m[HTTP]&amp#27;[0m &amp#27;[90m&amp#27;[39m
&amp#27;[38;5;0m[HTTP]&amp#27;[0m &amp#27;[37m-->&amp#27;[39m &amp#27;[37mGET&amp#27;[39m &amp#27;[37m/session/47571b8e-6191-4ef5-a875-b0f0dcd05976/context&amp#27;[39m
&amp#27;[38;5;0m[HTTP]&amp#27;[0m &amp#27;[90m{}&amp#27;[39m
&amp#27;[38;5;32m[AndroidUiautomator2Driver@dabd (47571b8e)]&amp#27;[0m Calling AppiumDriver.getCurrentContext() with args: ["47571b8e-6191-4ef5-a875-b0f0dcd05976"]
&amp#27;[38;5;32m[AndroidUiautomator2Driver@dabd (47571b8e)]&amp#27;[0m Responding to client with driver.getCurrentContext() result: "NATIVE_APP"
&amp#27;[38;5;0m[HTTP]&amp#27;[0m &amp#27;[37m<-- GET /session/47571b8e-6191-4ef5-a875-b0f0dcd05976/context &amp#27;[39m&amp#27;[32m200&amp#27;[39m &amp#27;[90m1 ms - 22&amp#27;[39m
&amp#27;[38;5;0m[HTTP]&amp#27;[0m &amp#27;[90m&amp#27;[39m
&amp#27;[38;5;0m[HTTP]&amp#27;[0m &amp#27;[37m-->&amp#27;[39m &amp#27;[37mPOST&amp#27;[39m &amp#27;[37m/session/47571b8e-6191-4ef5-a875-b0f0dcd05976/element&amp#27;[39m
&amp#27;[38;5;0m[HTTP]&amp#27;[0m &amp#27;[90m{"using":"accessibility id","value":"menu item catalog"}&amp#27;[39m
&amp#27;[38;5;32m[AndroidUiautomator2Driver@dabd (47571b8e)]&amp#27;[0m Calling AppiumDriver.findElement() with args: ["accessibility id","menu item catalog","47571b8e-6191-4ef5-a875-b0f0dcd05976"]
&amp#27;[38;5;32m[AndroidUiautomator2Driver@dabd (47571b8e)]&amp#27;[0m Valid locator strategies for this request: xpath, id, class name, accessibility id, css selector, -android uiautomator
&amp#27;[38;5;32m[AndroidUiautomator2Driver@dabd (47571b8e)]&amp#27;[0m Waiting up to 10000 ms for condition
&amp#27;[38;5;32m[AndroidUiautomator2Driver@dabd (47571b8e)]&amp#27;[0m Matched '/element' to command name 'findElement'
&amp#27;[38;5;32m[AndroidUiautomator2Driver@dabd (47571b8e)]&amp#27;[0m Proxying [POST /element] to [POST http://127.0.0.1:8201/session/e99dcc09-a0f0-48bb-8a0b-d829d4323b82/element] with body: {"strategy":"accessibility id","selector":"menu item catalog","context":"","multiple":false}
&amp#27;[38;5;32m[AndroidUiautomator2Driver@dabd (47571b8e)]&amp#27;[0m Got response with status 404: {"sessionId":"e99dcc09-a0f0-48bb-8a0b-d829d4323b82","value":{"error":"no such element","message":"An element could not be located on the page using the given search parameters","stacktrace":"io.appium.uiautomator2.common.exceptions.ElementNotFoundException: An element could not be located on the page using the given search parameters\n\tat io.appium.uiautomator2.handler.FindElement.safeHandle(FindElement.java:63)\n\tat io.appium.uiautomator2.handler.request.SafeRequestHandler.handle(SafeRequestHandler.java:59)\n\tat io.appium.uiautomator2.server.AppiumServlet.handleRequest(AppiumServlet.java:277)\n\tat io.appium.uiautomator2.server.AppiumServlet.handleHttpRequest(AppiumServlet.java:271)\n\tat io.appium.uiautomator2.http.ServerHandler.channelRead(ServerHandler.java:77)\n\tat io.netty.channel.AbstractChannelHandlerContext.invokeChannelRead(AbstractChannelHandlerContext.java:366)\n\tat io.netty.channel.AbstractChannelHandlerContext.invokeChannelRead(AbstractChannelHandlerContext.java:352)\n\tat io.netty.chann...
&amp#27;[38;5;128m[W3C]&amp#27;[0m Matched W3C error code 'no such element' to NoSuchElementError
&amp#27;[38;5;32m[AndroidUiautomator2Driver@dabd (47571b8e)]&amp#27;[0m Waited for 160 ms so far
&amp#27;[38;5;32m[AndroidUiautomator2Driver@dabd (47571b8e)]&amp#27;[0m Matched '/element' to command name 'findElement'
&amp#27;[38;5;32m[AndroidUiautomator2Driver@dabd (47571b8e)]&amp#27;[0m Proxying [POST /element] to [POST http://127.0.0.1:8201/session/e99dcc09-a0f0-48bb-8a0b-d829d4323b82/element] with body: {"strategy":"accessibility id","selector":"menu item catalog","context":"","multiple":false}
&amp#27;[38;5;32m[AndroidUiautomator2Driver@dabd (47571b8e)]&amp#27;[0m Got response with status 200: {"sessionId":"e99dcc09-a0f0-48bb-8a0b-d829d4323b82","value":{"ELEMENT":"00000000-0000-0594-ffff-ffff00000090","element-6066-11e4-a52e-4f735466cecf":"00000000-0000-0594-ffff-ffff00000090"}}
&amp#27;[38;5;32m[AndroidUiautomator2Driver@dabd (47571b8e)]&amp#27;[0m Responding to client with driver.findElement() result: {"element-6066-11e4-a52e-4f735466cecf":"00000000-0000-0594-ffff-ffff00000090","ELEMENT":"00000000-0000-0594-ffff-ffff00000090"}
&amp#27;[38;5;0m[HTTP]&amp#27;[0m &amp#27;[37m<-- POST /session/47571b8e-6191-4ef5-a875-b0f0dcd05976/element &amp#27;[39m&amp#27;[32m200&amp#27;[39m &amp#27;[90m1542 ms - 137&amp#27;[39m
&amp#27;[38;5;0m[HTTP]&amp#27;[0m &amp#27;[90m&amp#27;[39m
&amp#27;[38;5;0m[HTTP]&amp#27;[0m &amp#27;[37m-->&amp#27;[39m &amp#27;[37mPOST&amp#27;[39m &amp#27;[37m/session/47571b8e-6191-4ef5-a875-b0f0dcd05976/element/00000000-0000-0594-ffff-ffff00000090/click&amp#27;[39m
&amp#27;[38;5;0m[HTTP]&amp#27;[0m &amp#27;[90m{"id":"00000000-0000-0594-ffff-ffff00000090"}&amp#27;[39m
&amp#27;[38;5;32m[AndroidUiautomator2Driver@dabd (47571b8e)]&amp#27;[0m Calling AppiumDriver.click() with args: ["00000000-0000-0594-ffff-ffff00000090","47571b8e-6191-4ef5-a875-b0f0dcd05976"]
&amp#27;[38;5;32m[AndroidUiautomator2Driver@dabd (47571b8e)]&amp#27;[0m Matched '/element/00000000-0000-0594-ffff-ffff00000090/click' to command name 'click'
&amp#27;[38;5;32m[AndroidUiautomator2Driver@dabd (47571b8e)]&amp#27;[0m Proxying [POST /element/00000000-0000-0594-ffff-ffff00000090/click] to [POST http://127.0.0.1:8201/session/e99dcc09-a0f0-48bb-8a0b-d829d4323b82/element/00000000-0000-0594-ffff-ffff00000090/click] with body: {"element":"00000000-0000-0594-ffff-ffff00000090"}
&amp#27;[38;5;32m[AndroidUiautomator2Driver@dabd (47571b8e)]&amp#27;[0m Got response with status 200: {"sessionId":"e99dcc09-a0f0-48bb-8a0b-d829d4323b82","value":null}
&amp#27;[38;5;32m[AndroidUiautomator2Driver@dabd (47571b8e)]&amp#27;[0m Responding to client with driver.click() result: null
&amp#27;[38;5;0m[HTTP]&amp#27;[0m &amp#27;[37m<-- POST /session/47571b8e-6191-4ef5-a875-b0f0dcd05976/element/00000000-0000-0594-ffff-ffff00000090/click &amp#27;[39m&amp#27;[32m200&amp#27;[39m &amp#27;[90m70 ms - 14&amp#27;[39m
&amp#27;[38;5;0m[HTTP]&amp#27;[0m &amp#27;[90m&amp#27;[39m
&amp#27;[38;5;0m[HTTP]&amp#27;[0m &amp#27;[37m-->&amp#27;[39m &amp#27;[37mGET&amp#27;[39m &amp#27;[37m/session/47571b8e-6191-4ef5-a875-b0f0dcd05976/context&amp#27;[39m
&amp#27;[38;5;0m[HTTP]&amp#27;[0m &amp#27;[90m{}&amp#27;[39m
&amp#27;[38;5;32m[AndroidUiautomator2Driver@dabd (47571b8e)]&amp#27;[0m Calling AppiumDriver.getCurrentContext() with args: ["47571b8e-6191-4ef5-a875-b0f0dcd05976"]
&amp#27;[38;5;32m[AndroidUiautomator2Driver@dabd (47571b8e)]&amp#27;[0m Responding to client with driver.getCurrentContext() result: "NATIVE_APP"
&amp#27;[38;5;0m[HTTP]&amp#27;[0m &amp#27;[37m<-- GET /session/47571b8e-6191-4ef5-a875-b0f0dcd05976/context &amp#27;[39m&amp#27;[32m200&amp#27;[39m &amp#27;[90m1 ms - 22&amp#27;[39m
&amp#27;[38;5;0m[HTTP]&amp#27;[0m &amp#27;[90m&amp#27;[39m
&amp#27;[38;5;0m[HTTP]&amp#27;[0m &amp#27;[37m-->&amp#27;[39m &amp#27;[37mPOST&amp#27;[39m &amp#27;[37m/session/47571b8e-6191-4ef5-a875-b0f0dcd05976/element&amp#27;[39m
&amp#27;[38;5;0m[HTTP]&amp#27;[0m &amp#27;[90m{"using":"xpath","value":"//android.view.ViewGroup[@content-desc='container header']/android.widget.TextView"}&amp#27;[39m
&amp#27;[38;5;32m[AndroidUiautomator2Driver@dabd (47571b8e)]&amp#27;[0m Calling AppiumDriver.findElement() with args: ["xpath","//android.view.ViewGroup[@content-desc='container header']/android.widget.TextView","47571b8e-6191-4ef5-a875-b0f0dcd05976"]
&amp#27;[38;5;32m[AndroidUiautomator2Driver@dabd (47571b8e)]&amp#27;[0m Valid locator strategies for this request: xpath, id, class name, accessibility id, css selector, -android uiautomator
&amp#27;[38;5;32m[AndroidUiautomator2Driver@dabd (47571b8e)]&amp#27;[0m Waiting up to 10000 ms for condition
&amp#27;[38;5;32m[AndroidUiautomator2Driver@dabd (47571b8e)]&amp#27;[0m Matched '/element' to command name 'findElement'
&amp#27;[38;5;32m[AndroidUiautomator2Driver@dabd (47571b8e)]&amp#27;[0m Proxying [POST /element] to [POST http://127.0.0.1:8201/session/e99dcc09-a0f0-48bb-8a0b-d829d4323b82/element] with body: {"strategy":"xpath","selector":"//android.view.ViewGroup[@content-desc='container header']/android.widget.TextView","context":"","multiple":false}
&amp#27;[38;5;32m[AndroidUiautomator2Driver@dabd (47571b8e)]&amp#27;[0m Got response with status 200: {"sessionId":"e99dcc09-a0f0-48bb-8a0b-d829d4323b82","value":{"ELEMENT":"00000000-0000-0594-ffff-ffff00000565","element-6066-11e4-a52e-4f735466cecf":"00000000-0000-0594-ffff-ffff00000565"}}
&amp#27;[38;5;32m[AndroidUiautomator2Driver@dabd (47571b8e)]&amp#27;[0m Responding to client with driver.findElement() result: {"element-6066-11e4-a52e-4f735466cecf":"00000000-0000-0594-ffff-ffff00000565","ELEMENT":"00000000-0000-0594-ffff-ffff00000565"}
&amp#27;[38;5;0m[HTTP]&amp#27;[0m &amp#27;[37m<-- POST /session/47571b8e-6191-4ef5-a875-b0f0dcd05976/element &amp#27;[39m&amp#27;[32m200&amp#27;[39m &amp#27;[90m2218 ms - 137&amp#27;[39m
&amp#27;[38;5;0m[HTTP]&amp#27;[0m &amp#27;[90m&amp#27;[39m
&amp#27;[38;5;0m[HTTP]&amp#27;[0m &amp#27;[37m-->&amp#27;[39m &amp#27;[37mGET&amp#27;[39m &amp#27;[37m/session/47571b8e-6191-4ef5-a875-b0f0dcd05976/element/00000000-0000-0594-ffff-ffff00000565/displayed&amp#27;[39m
&amp#27;[38;5;0m[HTTP]&amp#27;[0m &amp#27;[90m{}&amp#27;[39m
&amp#27;[38;5;32m[AndroidUiautomator2Driver@dabd (47571b8e)]&amp#27;[0m Calling AppiumDriver.elementDisplayed() with args: ["00000000-0000-0594-ffff-ffff00000565","47571b8e-6191-4ef5-a875-b0f0dcd05976"]
&amp#27;[38;5;32m[AndroidUiautomator2Driver@dabd (47571b8e)]&amp#27;[0m Matched '/element/00000000-0000-0594-ffff-ffff00000565/attribute/displayed' to command name 'getAttribute'
&amp#27;[38;5;32m[AndroidUiautomator2Driver@dabd (47571b8e)]&amp#27;[0m Proxying [GET /element/00000000-0000-0594-ffff-ffff00000565/attribute/displayed] to [GET http://127.0.0.1:8201/session/e99dcc09-a0f0-48bb-8a0b-d829d4323b82/element/00000000-0000-0594-ffff-ffff00000565/attribute/displayed] with no body
&amp#27;[38;5;32m[AndroidUiautomator2Driver@dabd (47571b8e)]&amp#27;[0m Got response with status 200: {"sessionId":"e99dcc09-a0f0-48bb-8a0b-d829d4323b82","value":"true"}
&amp#27;[38;5;32m[AndroidUiautomator2Driver@dabd (47571b8e)]&amp#27;[0m Responding to client with driver.elementDisplayed() result: true
&amp#27;[38;5;0m[HTTP]&amp#27;[0m &amp#27;[37m<-- GET /session/47571b8e-6191-4ef5-a875-b0f0dcd05976/element/00000000-0000-0594-ffff-ffff00000565/displayed &amp#27;[39m&amp#27;[32m200&amp#27;[39m &amp#27;[90m27 ms - 14&amp#27;[39m
&amp#27;[38;5;0m[HTTP]&amp#27;[0m &amp#27;[90m&amp#27;[39m
&amp#27;[38;5;0m[HTTP]&amp#27;[0m &amp#27;[37m-->&amp#27;[39m &amp#27;[37mGET&amp#27;[39m &amp#27;[37m/session/47571b8e-6191-4ef5-a875-b0f0dcd05976/context&amp#27;[39m
&amp#27;[38;5;0m[HTTP]&amp#27;[0m &amp#27;[90m{}&amp#27;[39m
&amp#27;[38;5;32m[AndroidUiautomator2Driver@dabd (47571b8e)]&amp#27;[0m Calling AppiumDriver.getCurrentContext() with args: ["47571b8e-6191-4ef5-a875-b0f0dcd05976"]
&amp#27;[38;5;32m[AndroidUiautomator2Driver@dabd (47571b8e)]&amp#27;[0m Responding to client with driver.getCurrentContext() result: "NATIVE_APP"
&amp#27;[38;5;0m[HTTP]&amp#27;[0m &amp#27;[37m<-- GET /session/47571b8e-6191-4ef5-a875-b0f0dcd05976/context &amp#27;[39m&amp#27;[32m200&amp#27;[39m &amp#27;[90m1 ms - 22&amp#27;[39m
&amp#27;[38;5;0m[HTTP]&amp#27;[0m &amp#27;[90m&amp#27;[39m
&amp#27;[38;5;0m[HTTP]&amp#27;[0m &amp#27;[37m-->&amp#27;[39m &amp#27;[37mPOST&amp#27;[39m &amp#27;[37m/session/47571b8e-6191-4ef5-a875-b0f0dcd05976/element&amp#27;[39m
&amp#27;[38;5;0m[HTTP]&amp#27;[0m &amp#27;[90m{"using":"xpath","value":"//android.view.ViewGroup[@content-desc='container header']/android.widget.TextView"}&amp#27;[39m
&amp#27;[38;5;32m[AndroidUiautomator2Driver@dabd (47571b8e)]&amp#27;[0m Calling AppiumDriver.findElement() with args: ["xpath","//android.view.ViewGroup[@content-desc='container header']/android.widget.TextView","47571b8e-6191-4ef5-a875-b0f0dcd05976"]
&amp#27;[38;5;32m[AndroidUiautomator2Driver@dabd (47571b8e)]&amp#27;[0m Valid locator strategies for this request: xpath, id, class name, accessibility id, css selector, -android uiautomator
&amp#27;[38;5;32m[AndroidUiautomator2Driver@dabd (47571b8e)]&amp#27;[0m Waiting up to 10000 ms for condition
&amp#27;[38;5;32m[AndroidUiautomator2Driver@dabd (47571b8e)]&amp#27;[0m Matched '/element' to command name 'findElement'
&amp#27;[38;5;32m[AndroidUiautomator2Driver@dabd (47571b8e)]&amp#27;[0m Proxying [POST /element] to [POST http://127.0.0.1:8201/session/e99dcc09-a0f0-48bb-8a0b-d829d4323b82/element] with body: {"strategy":"xpath","selector":"//android.view.ViewGroup[@content-desc='container header']/android.widget.TextView","context":"","multiple":false}
&amp#27;[38;5;32m[AndroidUiautomator2Driver@dabd (47571b8e)]&amp#27;[0m Got response with status 200: {"sessionId":"e99dcc09-a0f0-48bb-8a0b-d829d4323b82","value":{"ELEMENT":"00000000-0000-0594-ffff-ffff00000565","element-6066-11e4-a52e-4f735466cecf":"00000000-0000-0594-ffff-ffff00000565"}}
&amp#27;[38;5;32m[AndroidUiautomator2Driver@dabd (47571b8e)]&amp#27;[0m Responding to client with driver.findElement() result: {"element-6066-11e4-a52e-4f735466cecf":"00000000-0000-0594-ffff-ffff00000565","ELEMENT":"00000000-0000-0594-ffff-ffff00000565"}
&amp#27;[38;5;0m[HTTP]&amp#27;[0m &amp#27;[37m<-- POST /session/47571b8e-6191-4ef5-a875-b0f0dcd05976/element &amp#27;[39m&amp#27;[32m200&amp#27;[39m &amp#27;[90m616 ms - 137&amp#27;[39m
&amp#27;[38;5;0m[HTTP]&amp#27;[0m &amp#27;[90m&amp#27;[39m
&amp#27;[38;5;0m[HTTP]&amp#27;[0m &amp#27;[37m-->&amp#27;[39m &amp#27;[37mGET&amp#27;[39m &amp#27;[37m/session/47571b8e-6191-4ef5-a875-b0f0dcd05976/element/00000000-0000-0594-ffff-ffff00000565/text&amp#27;[39m
&amp#27;[38;5;0m[HTTP]&amp#27;[0m &amp#27;[90m{}&amp#27;[39m
&amp#27;[38;5;32m[AndroidUiautomator2Driver@dabd (47571b8e)]&amp#27;[0m Driver proxy active, passing request on via HTTP proxy
&amp#27;[38;5;32m[AndroidUiautomator2Driver@dabd (47571b8e)]&amp#27;[0m Matched '/session/47571b8e-6191-4ef5-a875-b0f0dcd05976/element/00000000-0000-0594-ffff-ffff00000565/text' to command name 'getText'
&amp#27;[38;5;32m[AndroidUiautomator2Driver@dabd (47571b8e)]&amp#27;[0m Proxying [GET /session/47571b8e-6191-4ef5-a875-b0f0dcd05976/element/00000000-0000-0594-ffff-ffff00000565/text] to [GET http://127.0.0.1:8201/session/e99dcc09-a0f0-48bb-8a0b-d829d4323b82/element/00000000-0000-0594-ffff-ffff00000565/text] with no body
&amp#27;[38;5;32m[AndroidUiautomator2Driver@dabd (47571b8e)]&amp#27;[0m Got response with status 200: {"sessionId":"e99dcc09-a0f0-48bb-8a0b-d829d4323b82","value":"Products"}
&amp#27;[38;5;32m[AndroidUiautomator2Driver@dabd (47571b8e)]&amp#27;[0m Replacing sessionId e99dcc09-a0f0-48bb-8a0b-d829d4323b82 with 47571b8e-6191-4ef5-a875-b0f0dcd05976
&amp#27;[38;5;0m[HTTP]&amp#27;[0m &amp#27;[37m<-- GET /session/47571b8e-6191-4ef5-a875-b0f0dcd05976/element/00000000-0000-0594-ffff-ffff00000565/text &amp#27;[39m&amp#27;[32m200&amp#27;[39m &amp#27;[90m23 ms - 71&amp#27;[39m
&amp#27;[38;5;0m[HTTP]&amp#27;[0m &amp#27;[90m&amp#27;[39m
&amp#27;[38;5;0m[HTTP]&amp#27;[0m &amp#27;[37m-->&amp#27;[39m &amp#27;[37mGET&amp#27;[39m &amp#27;[37m/session/47571b8e-6191-4ef5-a875-b0f0dcd05976/context&amp#27;[39m
&amp#27;[38;5;0m[HTTP]&amp#27;[0m &amp#27;[90m{}&amp#27;[39m
&amp#27;[38;5;32m[AndroidUiautomator2Driver@dabd (47571b8e)]&amp#27;[0m Calling AppiumDriver.getCurrentContext() with args: ["47571b8e-6191-4ef5-a875-b0f0dcd05976"]
&amp#27;[38;5;32m[AndroidUiautomator2Driver@dabd (47571b8e)]&amp#27;[0m Responding to client with driver.getCurrentContext() result: "NATIVE_APP"
&amp#27;[38;5;0m[HTTP]&amp#27;[0m &amp#27;[37m<-- GET /session/47571b8e-6191-4ef5-a875-b0f0dcd05976/context &amp#27;[39m&amp#27;[32m200&amp#27;[39m &amp#27;[90m1 ms - 22&amp#27;[39m
&amp#27;[38;5;0m[HTTP]&amp#27;[0m &amp#27;[90m&amp#27;[39m
&amp#27;[38;5;0m[HTTP]&amp#27;[0m &amp#27;[37m-->&amp#27;[39m &amp#27;[37mPOST&amp#27;[39m &amp#27;[37m/session/47571b8e-6191-4ef5-a875-b0f0dcd05976/element&amp#27;[39m
&amp#27;[38;5;0m[HTTP]&amp#27;[0m &amp#27;[90m{"using":"accessibility id","value":"open menu"}&amp#27;[39m
&amp#27;[38;5;32m[AndroidUiautomator2Driver@dabd (47571b8e)]&amp#27;[0m Calling AppiumDriver.findElement() with args: ["accessibility id","open menu","47571b8e-6191-4ef5-a875-b0f0dcd05976"]
&amp#27;[38;5;32m[AndroidUiautomator2Driver@dabd (47571b8e)]&amp#27;[0m Valid locator strategies for this request: xpath, id, class name, accessibility id, css selector, -android uiautomator
&amp#27;[38;5;32m[AndroidUiautomator2Driver@dabd (47571b8e)]&amp#27;[0m Waiting up to 10000 ms for condition
&amp#27;[38;5;32m[AndroidUiautomator2Driver@dabd (47571b8e)]&amp#27;[0m Matched '/element' to command name 'findElement'
&amp#27;[38;5;32m[AndroidUiautomator2Driver@dabd (47571b8e)]&amp#27;[0m Proxying [POST /element] to [POST http://127.0.0.1:8201/session/e99dcc09-a0f0-48bb-8a0b-d829d4323b82/element] with body: {"strategy":"accessibility id","selector":"open menu","context":"","multiple":false}
&amp#27;[38;5;32m[AndroidUiautomator2Driver@dabd (47571b8e)]&amp#27;[0m Got response with status 200: {"sessionId":"e99dcc09-a0f0-48bb-8a0b-d829d4323b82","value":{"ELEMENT":"00000000-0000-0594-ffff-ffff0000055b","element-6066-11e4-a52e-4f735466cecf":"00000000-0000-0594-ffff-ffff0000055b"}}
&amp#27;[38;5;32m[AndroidUiautomator2Driver@dabd (47571b8e)]&amp#27;[0m Responding to client with driver.findElement() result: {"element-6066-11e4-a52e-4f735466cecf":"00000000-0000-0594-ffff-ffff0000055b","ELEMENT":"00000000-0000-0594-ffff-ffff0000055b"}
&amp#27;[38;5;0m[HTTP]&amp#27;[0m &amp#27;[37m<-- POST /session/47571b8e-6191-4ef5-a875-b0f0dcd05976/element &amp#27;[39m&amp#27;[32m200&amp#27;[39m &amp#27;[90m105 ms - 137&amp#27;[39m
&amp#27;[38;5;0m[HTTP]&amp#27;[0m &amp#27;[90m&amp#27;[39m
&amp#27;[38;5;0m[HTTP]&amp#27;[0m &amp#27;[37m-->&amp#27;[39m &amp#27;[37mGET&amp#27;[39m &amp#27;[37m/session/47571b8e-6191-4ef5-a875-b0f0dcd05976/element/00000000-0000-0594-ffff-ffff0000055b/displayed&amp#27;[39m
&amp#27;[38;5;0m[HTTP]&amp#27;[0m &amp#27;[90m{}&amp#27;[39m
&amp#27;[38;5;32m[AndroidUiautomator2Driver@dabd (47571b8e)]&amp#27;[0m Calling AppiumDriver.elementDisplayed() with args: ["00000000-0000-0594-ffff-ffff0000055b","47571b8e-6191-4ef5-a875-b0f0dcd05976"]
&amp#27;[38;5;32m[AndroidUiautomator2Driver@dabd (47571b8e)]&amp#27;[0m Matched '/element/00000000-0000-0594-ffff-ffff0000055b/attribute/displayed' to command name 'getAttribute'
&amp#27;[38;5;32m[AndroidUiautomator2Driver@dabd (47571b8e)]&amp#27;[0m Proxying [GET /element/00000000-0000-0594-ffff-ffff0000055b/attribute/displayed] to [GET http://127.0.0.1:8201/session/e99dcc09-a0f0-48bb-8a0b-d829d4323b82/element/00000000-0000-0594-ffff-ffff0000055b/attribute/displayed] with no body
&amp#27;[38;5;32m[AndroidUiautomator2Driver@dabd (47571b8e)]&amp#27;[0m Got response with status 200: {"sessionId":"e99dcc09-a0f0-48bb-8a0b-d829d4323b82","value":"true"}
&amp#27;[38;5;32m[AndroidUiautomator2Driver@dabd (47571b8e)]&amp#27;[0m Responding to client with driver.elementDisplayed() result: true
&amp#27;[38;5;0m[HTTP]&amp#27;[0m &amp#27;[37m<-- GET /session/47571b8e-6191-4ef5-a875-b0f0dcd05976/element/00000000-0000-0594-ffff-ffff0000055b/displayed &amp#27;[39m&amp#27;[32m200&amp#27;[39m &amp#27;[90m30 ms - 14&amp#27;[39m
&amp#27;[38;5;0m[HTTP]&amp#27;[0m &amp#27;[90m&amp#27;[39m
&amp#27;[38;5;0m[HTTP]&amp#27;[0m &amp#27;[37m-->&amp#27;[39m &amp#27;[37mGET&amp#27;[39m &amp#27;[37m/session/47571b8e-6191-4ef5-a875-b0f0dcd05976/context&amp#27;[39m
&amp#27;[38;5;0m[HTTP]&amp#27;[0m &amp#27;[90m{}&amp#27;[39m
&amp#27;[38;5;32m[AndroidUiautomator2Driver@dabd (47571b8e)]&amp#27;[0m Calling AppiumDriver.getCurrentContext() with args: ["47571b8e-6191-4ef5-a875-b0f0dcd05976"]
&amp#27;[38;5;32m[AndroidUiautomator2Driver@dabd (47571b8e)]&amp#27;[0m Responding to client with driver.getCurrentContext() result: "NATIVE_APP"
&amp#27;[38;5;0m[HTTP]&amp#27;[0m &amp#27;[37m<-- GET /session/47571b8e-6191-4ef5-a875-b0f0dcd05976/context &amp#27;[39m&amp#27;[32m200&amp#27;[39m &amp#27;[90m1 ms - 22&amp#27;[39m
&amp#27;[38;5;0m[HTTP]&amp#27;[0m &amp#27;[90m&amp#27;[39m
&amp#27;[38;5;0m[HTTP]&amp#27;[0m &amp#27;[37m-->&amp#27;[39m &amp#27;[37mPOST&amp#27;[39m &amp#27;[37m/session/47571b8e-6191-4ef5-a875-b0f0dcd05976/element&amp#27;[39m
&amp#27;[38;5;0m[HTTP]&amp#27;[0m &amp#27;[90m{"using":"accessibility id","value":"open menu"}&amp#27;[39m
&amp#27;[38;5;32m[AndroidUiautomator2Driver@dabd (47571b8e)]&amp#27;[0m Calling AppiumDriver.findElement() with args: ["accessibility id","open menu","47571b8e-6191-4ef5-a875-b0f0dcd05976"]
&amp#27;[38;5;32m[AndroidUiautomator2Driver@dabd (47571b8e)]&amp#27;[0m Valid locator strategies for this request: xpath, id, class name, accessibility id, css selector, -android uiautomator
&amp#27;[38;5;32m[AndroidUiautomator2Driver@dabd (47571b8e)]&amp#27;[0m Waiting up to 10000 ms for condition
&amp#27;[38;5;32m[AndroidUiautomator2Driver@dabd (47571b8e)]&amp#27;[0m Matched '/element' to command name 'findElement'
&amp#27;[38;5;32m[AndroidUiautomator2Driver@dabd (47571b8e)]&amp#27;[0m Proxying [POST /element] to [POST http://127.0.0.1:8201/session/e99dcc09-a0f0-48bb-8a0b-d829d4323b82/element] with body: {"strategy":"accessibility id","selector":"open menu","context":"","multiple":false}
&amp#27;[38;5;32m[AndroidUiautomator2Driver@dabd (47571b8e)]&amp#27;[0m Got response with status 200: {"sessionId":"e99dcc09-a0f0-48bb-8a0b-d829d4323b82","value":{"ELEMENT":"00000000-0000-0594-ffff-ffff0000055b","element-6066-11e4-a52e-4f735466cecf":"00000000-0000-0594-ffff-ffff0000055b"}}
&amp#27;[38;5;32m[AndroidUiautomator2Driver@dabd (47571b8e)]&amp#27;[0m Responding to client with driver.findElement() result: {"element-6066-11e4-a52e-4f735466cecf":"00000000-0000-0594-ffff-ffff0000055b","ELEMENT":"00000000-0000-0594-ffff-ffff0000055b"}
&amp#27;[38;5;0m[HTTP]&amp#27;[0m &amp#27;[37m<-- POST /session/47571b8e-6191-4ef5-a875-b0f0dcd05976/element &amp#27;[39m&amp#27;[32m200&amp#27;[39m &amp#27;[90m101 ms - 137&amp#27;[39m
&amp#27;[38;5;0m[HTTP]&amp#27;[0m &amp#27;[90m&amp#27;[39m
&amp#27;[38;5;0m[HTTP]&amp#27;[0m &amp#27;[37m-->&amp#27;[39m &amp#27;[37mGET&amp#27;[39m &amp#27;[37m/session/47571b8e-6191-4ef5-a875-b0f0dcd05976/element/00000000-0000-0594-ffff-ffff0000055b/enabled&amp#27;[39m
&amp#27;[38;5;0m[HTTP]&amp#27;[0m &amp#27;[90m{}&amp#27;[39m
&amp#27;[38;5;32m[AndroidUiautomator2Driver@dabd (47571b8e)]&amp#27;[0m Calling AppiumDriver.elementEnabled() with args: ["00000000-0000-0594-ffff-ffff0000055b","47571b8e-6191-4ef5-a875-b0f0dcd05976"]
&amp#27;[38;5;32m[AndroidUiautomator2Driver@dabd (47571b8e)]&amp#27;[0m Matched '/element/00000000-0000-0594-ffff-ffff0000055b/attribute/enabled' to command name 'getAttribute'
&amp#27;[38;5;32m[AndroidUiautomator2Driver@dabd (47571b8e)]&amp#27;[0m Proxying [GET /element/00000000-0000-0594-ffff-ffff0000055b/attribute/enabled] to [GET http://127.0.0.1:8201/session/e99dcc09-a0f0-48bb-8a0b-d829d4323b82/element/00000000-0000-0594-ffff-ffff0000055b/attribute/enabled] with no body
&amp#27;[38;5;32m[AndroidUiautomator2Driver@dabd (47571b8e)]&amp#27;[0m Got response with status 200: {"sessionId":"e99dcc09-a0f0-48bb-8a0b-d829d4323b82","value":"true"}
&amp#27;[38;5;32m[AndroidUiautomator2Driver@dabd (47571b8e)]&amp#27;[0m Responding to client with driver.elementEnabled() result: true
&amp#27;[38;5;0m[HTTP]&amp#27;[0m &amp#27;[37m<-- GET /session/47571b8e-6191-4ef5-a875-b0f0dcd05976/element/00000000-0000-0594-ffff-ffff0000055b/enabled &amp#27;[39m&amp#27;[32m200&amp#27;[39m &amp#27;[90m27 ms - 14&amp#27;[39m
&amp#27;[38;5;0m[HTTP]&amp#27;[0m &amp#27;[90m&amp#27;[39m
&amp#27;[38;5;0m[HTTP]&amp#27;[0m &amp#27;[37m-->&amp#27;[39m &amp#27;[37mGET&amp#27;[39m &amp#27;[37m/session/47571b8e-6191-4ef5-a875-b0f0dcd05976/context&amp#27;[39m
&amp#27;[38;5;0m[HTTP]&amp#27;[0m &amp#27;[90m{}&amp#27;[39m
&amp#27;[38;5;32m[AndroidUiautomator2Driver@dabd (47571b8e)]&amp#27;[0m Calling AppiumDriver.getCurrentContext() with args: ["47571b8e-6191-4ef5-a875-b0f0dcd05976"]
&amp#27;[38;5;32m[AndroidUiautomator2Driver@dabd (47571b8e)]&amp#27;[0m Responding to client with driver.getCurrentContext() result: "NATIVE_APP"
&amp#27;[38;5;0m[HTTP]&amp#27;[0m &amp#27;[37m<-- GET /session/47571b8e-6191-4ef5-a875-b0f0dcd05976/context &amp#27;[39m&amp#27;[32m200&amp#27;[39m &amp#27;[90m1 ms - 22&amp#27;[39m
&amp#27;[38;5;0m[HTTP]&amp#27;[0m &amp#27;[90m&amp#27;[39m
&amp#27;[38;5;0m[HTTP]&amp#27;[0m &amp#27;[37m-->&amp#27;[39m &amp#27;[37mPOST&amp#27;[39m &amp#27;[37m/session/47571b8e-6191-4ef5-a875-b0f0dcd05976/element&amp#27;[39m
&amp#27;[38;5;0m[HTTP]&amp#27;[0m &amp#27;[90m{"using":"accessibility id","value":"open menu"}&amp#27;[39m
&amp#27;[38;5;32m[AndroidUiautomator2Driver@dabd (47571b8e)]&amp#27;[0m Calling AppiumDriver.findElement() with args: ["accessibility id","open menu","47571b8e-6191-4ef5-a875-b0f0dcd05976"]
&amp#27;[38;5;32m[AndroidUiautomator2Driver@dabd (47571b8e)]&amp#27;[0m Valid locator strategies for this request: xpath, id, class name, accessibility id, css selector, -android uiautomator
&amp#27;[38;5;32m[AndroidUiautomator2Driver@dabd (47571b8e)]&amp#27;[0m Waiting up to 10000 ms for condition
&amp#27;[38;5;32m[AndroidUiautomator2Driver@dabd (47571b8e)]&amp#27;[0m Matched '/element' to command name 'findElement'
&amp#27;[38;5;32m[AndroidUiautomator2Driver@dabd (47571b8e)]&amp#27;[0m Proxying [POST /element] to [POST http://127.0.0.1:8201/session/e99dcc09-a0f0-48bb-8a0b-d829d4323b82/element] with body: {"strategy":"accessibility id","selector":"open menu","context":"","multiple":false}
&amp#27;[38;5;32m[AndroidUiautomator2Driver@dabd (47571b8e)]&amp#27;[0m Got response with status 200: {"sessionId":"e99dcc09-a0f0-48bb-8a0b-d829d4323b82","value":{"ELEMENT":"00000000-0000-0594-ffff-ffff0000055b","element-6066-11e4-a52e-4f735466cecf":"00000000-0000-0594-ffff-ffff0000055b"}}
&amp#27;[38;5;32m[AndroidUiautomator2Driver@dabd (47571b8e)]&amp#27;[0m Responding to client with driver.findElement() result: {"element-6066-11e4-a52e-4f735466cecf":"00000000-0000-0594-ffff-ffff0000055b","ELEMENT":"00000000-0000-0594-ffff-ffff0000055b"}
&amp#27;[38;5;0m[HTTP]&amp#27;[0m &amp#27;[37m<-- POST /session/47571b8e-6191-4ef5-a875-b0f0dcd05976/element &amp#27;[39m&amp#27;[32m200&amp#27;[39m &amp#27;[90m100 ms - 137&amp#27;[39m
&amp#27;[38;5;0m[HTTP]&amp#27;[0m &amp#27;[90m&amp#27;[39m
&amp#27;[38;5;0m[HTTP]&amp#27;[0m &amp#27;[37m-->&amp#27;[39m &amp#27;[37mPOST&amp#27;[39m &amp#27;[37m/session/47571b8e-6191-4ef5-a875-b0f0dcd05976/element/00000000-0000-0594-ffff-ffff0000055b/click&amp#27;[39m
&amp#27;[38;5;0m[HTTP]&amp#27;[0m &amp#27;[90m{"id":"00000000-0000-0594-ffff-ffff0000055b"}&amp#27;[39m
&amp#27;[38;5;32m[AndroidUiautomator2Driver@dabd (47571b8e)]&amp#27;[0m Calling AppiumDriver.click() with args: ["00000000-0000-0594-ffff-ffff0000055b","47571b8e-6191-4ef5-a875-b0f0dcd05976"]
&amp#27;[38;5;32m[AndroidUiautomator2Driver@dabd (47571b8e)]&amp#27;[0m Matched '/element/00000000-0000-0594-ffff-ffff0000055b/click' to command name 'click'
&amp#27;[38;5;32m[AndroidUiautomator2Driver@dabd (47571b8e)]&amp#27;[0m Proxying [POST /element/00000000-0000-0594-ffff-ffff0000055b/click] to [POST http://127.0.0.1:8201/session/e99dcc09-a0f0-48bb-8a0b-d829d4323b82/element/00000000-0000-0594-ffff-ffff0000055b/click] with body: {"element":"00000000-0000-0594-ffff-ffff0000055b"}
&amp#27;[38;5;32m[AndroidUiautomator2Driver@dabd (47571b8e)]&amp#27;[0m Got response with status 200: {"sessionId":"e99dcc09-a0f0-48bb-8a0b-d829d4323b82","value":null}
&amp#27;[38;5;32m[AndroidUiautomator2Driver@dabd (47571b8e)]&amp#27;[0m Responding to client with driver.click() result: null
&amp#27;[38;5;0m[HTTP]&amp#27;[0m &amp#27;[37m<-- POST /session/47571b8e-6191-4ef5-a875-b0f0dcd05976/element/00000000-0000-0594-ffff-ffff0000055b/click &amp#27;[39m&amp#27;[32m200&amp#27;[39m &amp#27;[90m58 ms - 14&amp#27;[39m
&amp#27;[38;5;0m[HTTP]&amp#27;[0m &amp#27;[90m&amp#27;[39m
&amp#27;[38;5;0m[HTTP]&amp#27;[0m &amp#27;[37m-->&amp#27;[39m &amp#27;[37mGET&amp#27;[39m &amp#27;[37m/session/47571b8e-6191-4ef5-a875-b0f0dcd05976/context&amp#27;[39m
&amp#27;[38;5;0m[HTTP]&amp#27;[0m &amp#27;[90m{}&amp#27;[39m
&amp#27;[38;5;32m[AndroidUiautomator2Driver@dabd (47571b8e)]&amp#27;[0m Calling AppiumDriver.getCurrentContext() with args: ["47571b8e-6191-4ef5-a875-b0f0dcd05976"]
&amp#27;[38;5;32m[AndroidUiautomator2Driver@dabd (47571b8e)]&amp#27;[0m Responding to client with driver.getCurrentContext() result: "NATIVE_APP"
&amp#27;[38;5;0m[HTTP]&amp#27;[0m &amp#27;[37m<-- GET /session/47571b8e-6191-4ef5-a875-b0f0dcd05976/context &amp#27;[39m&amp#27;[32m200&amp#27;[39m &amp#27;[90m1 ms - 22&amp#27;[39m
&amp#27;[38;5;0m[HTTP]&amp#27;[0m &amp#27;[90m&amp#27;[39m
&amp#27;[38;5;0m[HTTP]&amp#27;[0m &amp#27;[37m-->&amp#27;[39m &amp#27;[37mPOST&amp#27;[39m &amp#27;[37m/session/47571b8e-6191-4ef5-a875-b0f0dcd05976/element&amp#27;[39m
&amp#27;[38;5;0m[HTTP]&amp#27;[0m &amp#27;[90m{"using":"accessibility id","value":"menu item log in"}&amp#27;[39m
&amp#27;[38;5;32m[AndroidUiautomator2Driver@dabd (47571b8e)]&amp#27;[0m Calling AppiumDriver.findElement() with args: ["accessibility id","menu item log in","47571b8e-6191-4ef5-a875-b0f0dcd05976"]
&amp#27;[38;5;32m[AndroidUiautomator2Driver@dabd (47571b8e)]&amp#27;[0m Valid locator strategies for this request: xpath, id, class name, accessibility id, css selector, -android uiautomator
&amp#27;[38;5;32m[AndroidUiautomator2Driver@dabd (47571b8e)]&amp#27;[0m Waiting up to 10000 ms for condition
&amp#27;[38;5;32m[AndroidUiautomator2Driver@dabd (47571b8e)]&amp#27;[0m Matched '/element' to command name 'findElement'
&amp#27;[38;5;32m[AndroidUiautomator2Driver@dabd (47571b8e)]&amp#27;[0m Proxying [POST /element] to [POST http://127.0.0.1:8201/session/e99dcc09-a0f0-48bb-8a0b-d829d4323b82/element] with body: {"strategy":"accessibility id","selector":"menu item log in","context":"","multiple":false}
&amp#27;[38;5;32m[AndroidUiautomator2Driver@dabd (47571b8e)]&amp#27;[0m Got response with status 200: {"sessionId":"e99dcc09-a0f0-48bb-8a0b-d829d4323b82","value":{"ELEMENT":"00000000-0000-0594-ffff-ffff000000a0","element-6066-11e4-a52e-4f735466cecf":"00000000-0000-0594-ffff-ffff000000a0"}}
&amp#27;[38;5;32m[AndroidUiautomator2Driver@dabd (47571b8e)]&amp#27;[0m Responding to client with driver.findElement() result: {"element-6066-11e4-a52e-4f735466cecf":"00000000-0000-0594-ffff-ffff000000a0","ELEMENT":"00000000-0000-0594-ffff-ffff000000a0"}
&amp#27;[38;5;0m[HTTP]&amp#27;[0m &amp#27;[37m<-- POST /session/47571b8e-6191-4ef5-a875-b0f0dcd05976/element &amp#27;[39m&amp#27;[32m200&amp#27;[39m &amp#27;[90m293 ms - 137&amp#27;[39m
&amp#27;[38;5;0m[HTTP]&amp#27;[0m &amp#27;[90m&amp#27;[39m
&amp#27;[38;5;0m[HTTP]&amp#27;[0m &amp#27;[37m-->&amp#27;[39m &amp#27;[37mPOST&amp#27;[39m &amp#27;[37m/session/47571b8e-6191-4ef5-a875-b0f0dcd05976/element/00000000-0000-0594-ffff-ffff000000a0/click&amp#27;[39m
&amp#27;[38;5;0m[HTTP]&amp#27;[0m &amp#27;[90m{"id":"00000000-0000-0594-ffff-ffff000000a0"}&amp#27;[39m
&amp#27;[38;5;32m[AndroidUiautomator2Driver@dabd (47571b8e)]&amp#27;[0m Calling AppiumDriver.click() with args: ["00000000-0000-0594-ffff-ffff000000a0","47571b8e-6191-4ef5-a875-b0f0dcd05976"]
&amp#27;[38;5;32m[AndroidUiautomator2Driver@dabd (47571b8e)]&amp#27;[0m Matched '/element/00000000-0000-0594-ffff-ffff000000a0/click' to command name 'click'
&amp#27;[38;5;32m[AndroidUiautomator2Driver@dabd (47571b8e)]&amp#27;[0m Proxying [POST /element/00000000-0000-0594-ffff-ffff000000a0/click] to [POST http://127.0.0.1:8201/session/e99dcc09-a0f0-48bb-8a0b-d829d4323b82/element/00000000-0000-0594-ffff-ffff000000a0/click] with body: {"element":"00000000-0000-0594-ffff-ffff000000a0"}
&amp#27;[38;5;32m[AndroidUiautomator2Driver@dabd (47571b8e)]&amp#27;[0m Got response with status 200: {"sessionId":"e99dcc09-a0f0-48bb-8a0b-d829d4323b82","value":null}
&amp#27;[38;5;32m[AndroidUiautomator2Driver@dabd (47571b8e)]&amp#27;[0m Responding to client with driver.click() result: null
&amp#27;[38;5;0m[HTTP]&amp#27;[0m &amp#27;[37m<-- POST /session/47571b8e-6191-4ef5-a875-b0f0dcd05976/element/00000000-0000-0594-ffff-ffff000000a0/click &amp#27;[39m&amp#27;[32m200&amp#27;[39m &amp#27;[90m1269 ms - 14&amp#27;[39m
&amp#27;[38;5;0m[HTTP]&amp#27;[0m &amp#27;[90m&amp#27;[39m
&amp#27;[38;5;0m[HTTP]&amp#27;[0m &amp#27;[37m-->&amp#27;[39m &amp#27;[37mGET&amp#27;[39m &amp#27;[37m/session/47571b8e-6191-4ef5-a875-b0f0dcd05976/context&amp#27;[39m
&amp#27;[38;5;0m[HTTP]&amp#27;[0m &amp#27;[90m{}&amp#27;[39m
&amp#27;[38;5;32m[AndroidUiautomator2Driver@dabd (47571b8e)]&amp#27;[0m Calling AppiumDriver.getCurrentContext() with args: ["47571b8e-6191-4ef5-a875-b0f0dcd05976"]
&amp#27;[38;5;32m[AndroidUiautomator2Driver@dabd (47571b8e)]&amp#27;[0m Responding to client with driver.getCurrentContext() result: "NATIVE_APP"
&amp#27;[38;5;0m[HTTP]&amp#27;[0m &amp#27;[37m<-- GET /session/47571b8e-6191-4ef5-a875-b0f0dcd05976/context &amp#27;[39m&amp#27;[32m200&amp#27;[39m &amp#27;[90m1 ms - 22&amp#27;[39m
&amp#27;[38;5;0m[HTTP]&amp#27;[0m &amp#27;[90m&amp#27;[39m
&amp#27;[38;5;0m[HTTP]&amp#27;[0m &amp#27;[37m-->&amp#27;[39m &amp#27;[37mPOST&amp#27;[39m &amp#27;[37m/session/47571b8e-6191-4ef5-a875-b0f0dcd05976/element&amp#27;[39m
&amp#27;[38;5;0m[HTTP]&amp#27;[0m &amp#27;[90m{"using":"accessibility id","value":"Username input field"}&amp#27;[39m
&amp#27;[38;5;32m[AndroidUiautomator2Driver@dabd (47571b8e)]&amp#27;[0m Calling AppiumDriver.findElement() with args: ["accessibility id","Username input field","47571b8e-6191-4ef5-a875-b0f0dcd05976"]
&amp#27;[38;5;32m[AndroidUiautomator2Driver@dabd (47571b8e)]&amp#27;[0m Valid locator strategies for this request: xpath, id, class name, accessibility id, css selector, -android uiautomator
&amp#27;[38;5;32m[AndroidUiautomator2Driver@dabd (47571b8e)]&amp#27;[0m Waiting up to 10000 ms for condition
&amp#27;[38;5;32m[AndroidUiautomator2Driver@dabd (47571b8e)]&amp#27;[0m Matched '/element' to command name 'findElement'
&amp#27;[38;5;32m[AndroidUiautomator2Driver@dabd (47571b8e)]&amp#27;[0m Proxying [POST /element] to [POST http://127.0.0.1:8201/session/e99dcc09-a0f0-48bb-8a0b-d829d4323b82/element] with body: {"strategy":"accessibility id","selector":"Username input field","context":"","multiple":false}
&amp#27;[38;5;32m[AndroidUiautomator2Driver@dabd (47571b8e)]&amp#27;[0m Got response with status 200: {"sessionId":"e99dcc09-a0f0-48bb-8a0b-d829d4323b82","value":{"ELEMENT":"00000000-0000-0594-ffff-ffff000005f0","element-6066-11e4-a52e-4f735466cecf":"00000000-0000-0594-ffff-ffff000005f0"}}
&amp#27;[38;5;32m[AndroidUiautomator2Driver@dabd (47571b8e)]&amp#27;[0m Responding to client with driver.findElement() result: {"element-6066-11e4-a52e-4f735466cecf":"00000000-0000-0594-ffff-ffff000005f0","ELEMENT":"00000000-0000-0594-ffff-ffff000005f0"}
&amp#27;[38;5;0m[HTTP]&amp#27;[0m &amp#27;[37m<-- POST /session/47571b8e-6191-4ef5-a875-b0f0dcd05976/element &amp#27;[39m&amp#27;[32m200&amp#27;[39m &amp#27;[90m1409 ms - 137&amp#27;[39m
&amp#27;[38;5;0m[HTTP]&amp#27;[0m &amp#27;[90m&amp#27;[39m
&amp#27;[38;5;0m[HTTP]&amp#27;[0m &amp#27;[37m-->&amp#27;[39m &amp#27;[37mPOST&amp#27;[39m &amp#27;[37m/session/47571b8e-6191-4ef5-a875-b0f0dcd05976/element/00000000-0000-0594-ffff-ffff000005f0/value&amp#27;[39m
&amp#27;[38;5;0m[HTTP]&amp#27;[0m &amp#27;[90m{"id":"00000000-0000-0594-ffff-ffff000005f0","text":"bob@example.com","value":["b","o","b","@","e","x","a","m","p","l","e",".","c","o","m"]}&amp#27;[39m
&amp#27;[38;5;32m[AndroidUiautomator2Driver@dabd (47571b8e)]&amp#27;[0m Calling AppiumDriver.setValue() with args: [["b","o","b","@","e","x","a","m","p","l","e",".","c","o","m"],"00000000-0000-0594-ffff-ffff000005f0","47571b8e-6191-4ef5-a875-b0f0dcd05976"]
&amp#27;[38;5;32m[AndroidUiautomator2Driver@dabd (47571b8e)]&amp#27;[0m Matched '/element/00000000-0000-0594-ffff-ffff000005f0/value' to command name 'setValue'
&amp#27;[38;5;32m[AndroidUiautomator2Driver@dabd (47571b8e)]&amp#27;[0m Added 'value' property ["b","o","b","@","e","x","a","m","p","l","e",".","c","o","m"] to 'setValue' request body
&amp#27;[38;5;32m[AndroidUiautomator2Driver@dabd (47571b8e)]&amp#27;[0m Proxying [POST /element/00000000-0000-0594-ffff-ffff000005f0/value] to [POST http://127.0.0.1:8201/session/e99dcc09-a0f0-48bb-8a0b-d829d4323b82/element/00000000-0000-0594-ffff-ffff000005f0/value] with body: {"elementId":"00000000-0000-0594-ffff-ffff000005f0","text":"bob@example.com","replace":false,"value":["b","o","b","@","e","x","a","m","p","l","e",".","c","o","m"]}
&amp#27;[38;5;32m[AndroidUiautomator2Driver@dabd (47571b8e)]&amp#27;[0m Got response with status 200: {"sessionId":"e99dcc09-a0f0-48bb-8a0b-d829d4323b82","value":null}
&amp#27;[38;5;32m[AndroidUiautomator2Driver@dabd (47571b8e)]&amp#27;[0m Responding to client with driver.setValue() result: null
&amp#27;[38;5;0m[HTTP]&amp#27;[0m &amp#27;[37m<-- POST /session/47571b8e-6191-4ef5-a875-b0f0dcd05976/element/00000000-0000-0594-ffff-ffff000005f0/value &amp#27;[39m&amp#27;[32m200&amp#27;[39m &amp#27;[90m112 ms - 14&amp#27;[39m
&amp#27;[38;5;0m[HTTP]&amp#27;[0m &amp#27;[90m&amp#27;[39m
&amp#27;[38;5;0m[HTTP]&amp#27;[0m &amp#27;[37m-->&amp#27;[39m &amp#27;[37mGET&amp#27;[39m &amp#27;[37m/session/47571b8e-6191-4ef5-a875-b0f0dcd05976/context&amp#27;[39m
&amp#27;[38;5;0m[HTTP]&amp#27;[0m &amp#27;[90m{}&amp#27;[39m
&amp#27;[38;5;32m[AndroidUiautomator2Driver@dabd (47571b8e)]&amp#27;[0m Calling AppiumDriver.getCurrentContext() with args: ["47571b8e-6191-4ef5-a875-b0f0dcd05976"]
&amp#27;[38;5;32m[AndroidUiautomator2Driver@dabd (47571b8e)]&amp#27;[0m Responding to client with driver.getCurrentContext() result: "NATIVE_APP"
&amp#27;[38;5;0m[HTTP]&amp#27;[0m &amp#27;[37m<-- GET /session/47571b8e-6191-4ef5-a875-b0f0dcd05976/context &amp#27;[39m&amp#27;[32m200&amp#27;[39m &amp#27;[90m0 ms - 22&amp#27;[39m
&amp#27;[38;5;0m[HTTP]&amp#27;[0m &amp#27;[90m&amp#27;[39m
&amp#27;[38;5;0m[HTTP]&amp#27;[0m &amp#27;[37m-->&amp#27;[39m &amp#27;[37mPOST&amp#27;[39m &amp#27;[37m/session/47571b8e-6191-4ef5-a875-b0f0dcd05976/element&amp#27;[39m
&amp#27;[38;5;0m[HTTP]&amp#27;[0m &amp#27;[90m{"using":"accessibility id","value":"Password input field"}&amp#27;[39m
&amp#27;[38;5;32m[AndroidUiautomator2Driver@dabd (47571b8e)]&amp#27;[0m Calling AppiumDriver.findElement() with args: ["accessibility id","Password input field","47571b8e-6191-4ef5-a875-b0f0dcd05976"]
&amp#27;[38;5;32m[AndroidUiautomator2Driver@dabd (47571b8e)]&amp#27;[0m Valid locator strategies for this request: xpath, id, class name, accessibility id, css selector, -android uiautomator
&amp#27;[38;5;32m[AndroidUiautomator2Driver@dabd (47571b8e)]&amp#27;[0m Waiting up to 10000 ms for condition
&amp#27;[38;5;32m[AndroidUiautomator2Driver@dabd (47571b8e)]&amp#27;[0m Matched '/element' to command name 'findElement'
&amp#27;[38;5;32m[AndroidUiautomator2Driver@dabd (47571b8e)]&amp#27;[0m Proxying [POST /element] to [POST http://127.0.0.1:8201/session/e99dcc09-a0f0-48bb-8a0b-d829d4323b82/element] with body: {"strategy":"accessibility id","selector":"Password input field","context":"","multiple":false}
&amp#27;[38;5;32m[AndroidUiautomator2Driver@dabd (47571b8e)]&amp#27;[0m Got response with status 200: {"sessionId":"e99dcc09-a0f0-48bb-8a0b-d829d4323b82","value":{"ELEMENT":"00000000-0000-0594-ffff-ffff000005f3","element-6066-11e4-a52e-4f735466cecf":"00000000-0000-0594-ffff-ffff000005f3"}}
&amp#27;[38;5;32m[AndroidUiautomator2Driver@dabd (47571b8e)]&amp#27;[0m Responding to client with driver.findElement() result: {"element-6066-11e4-a52e-4f735466cecf":"00000000-0000-0594-ffff-ffff000005f3","ELEMENT":"00000000-0000-0594-ffff-ffff000005f3"}
&amp#27;[38;5;0m[HTTP]&amp#27;[0m &amp#27;[37m<-- POST /session/47571b8e-6191-4ef5-a875-b0f0dcd05976/element &amp#27;[39m&amp#27;[32m200&amp#27;[39m &amp#27;[90m770 ms - 137&amp#27;[39m
&amp#27;[38;5;0m[HTTP]&amp#27;[0m &amp#27;[90m&amp#27;[39m
&amp#27;[38;5;0m[HTTP]&amp#27;[0m &amp#27;[37m-->&amp#27;[39m &amp#27;[37mPOST&amp#27;[39m &amp#27;[37m/session/47571b8e-6191-4ef5-a875-b0f0dcd05976/element/00000000-0000-0594-ffff-ffff000005f3/value&amp#27;[39m
&amp#27;[38;5;0m[HTTP]&amp#27;[0m &amp#27;[90m{"id":"00000000-0000-0594-ffff-ffff000005f3","text":"10203040","value":["1","0","2","0","3","0","4","0"]}&amp#27;[39m
&amp#27;[38;5;32m[AndroidUiautomator2Driver@dabd (47571b8e)]&amp#27;[0m Calling AppiumDriver.setValue() with args: [["1","0","2","0","3","0","4","0"],"00000000-0000-0594-ffff-ffff000005f3","47571b8e-6191-4ef5-a875-b0f0dcd05976"]
&amp#27;[38;5;32m[AndroidUiautomator2Driver@dabd (47571b8e)]&amp#27;[0m Matched '/element/00000000-0000-0594-ffff-ffff000005f3/value' to command name 'setValue'
&amp#27;[38;5;32m[AndroidUiautomator2Driver@dabd (47571b8e)]&amp#27;[0m Added 'value' property ["1","0","2","0","3","0","4","0"] to 'setValue' request body
&amp#27;[38;5;32m[AndroidUiautomator2Driver@dabd (47571b8e)]&amp#27;[0m Proxying [POST /element/00000000-0000-0594-ffff-ffff000005f3/value] to [POST http://127.0.0.1:8201/session/e99dcc09-a0f0-48bb-8a0b-d829d4323b82/element/00000000-0000-0594-ffff-ffff000005f3/value] with body: {"elementId":"00000000-0000-0594-ffff-ffff000005f3","text":"10203040","replace":false,"value":["1","0","2","0","3","0","4","0"]}
&amp#27;[38;5;32m[AndroidUiautomator2Driver@dabd (47571b8e)]&amp#27;[0m Got response with status 200: {"sessionId":"e99dcc09-a0f0-48bb-8a0b-d829d4323b82","value":null}
&amp#27;[38;5;32m[AndroidUiautomator2Driver@dabd (47571b8e)]&amp#27;[0m Responding to client with driver.setValue() result: null
&amp#27;[38;5;0m[HTTP]&amp#27;[0m &amp#27;[37m<-- POST /session/47571b8e-6191-4ef5-a875-b0f0dcd05976/element/00000000-0000-0594-ffff-ffff000005f3/value &amp#27;[39m&amp#27;[32m200&amp#27;[39m &amp#27;[90m61 ms - 14&amp#27;[39m
&amp#27;[38;5;0m[HTTP]&amp#27;[0m &amp#27;[90m&amp#27;[39m
&amp#27;[38;5;0m[HTTP]&amp#27;[0m &amp#27;[37m-->&amp#27;[39m &amp#27;[37mGET&amp#27;[39m &amp#27;[37m/session/47571b8e-6191-4ef5-a875-b0f0dcd05976/context&amp#27;[39m
&amp#27;[38;5;0m[HTTP]&amp#27;[0m &amp#27;[90m{}&amp#27;[39m
&amp#27;[38;5;32m[AndroidUiautomator2Driver@dabd (47571b8e)]&amp#27;[0m Calling AppiumDriver.getCurrentContext() with args: ["47571b8e-6191-4ef5-a875-b0f0dcd05976"]
&amp#27;[38;5;32m[AndroidUiautomator2Driver@dabd (47571b8e)]&amp#27;[0m Responding to client with driver.getCurrentContext() result: "NATIVE_APP"
&amp#27;[38;5;0m[HTTP]&amp#27;[0m &amp#27;[37m<-- GET /session/47571b8e-6191-4ef5-a875-b0f0dcd05976/context &amp#27;[39m&amp#27;[32m200&amp#27;[39m &amp#27;[90m0 ms - 22&amp#27;[39m
&amp#27;[38;5;0m[HTTP]&amp#27;[0m &amp#27;[90m&amp#27;[39m
&amp#27;[38;5;0m[HTTP]&amp#27;[0m &amp#27;[37m-->&amp#27;[39m &amp#27;[37mPOST&amp#27;[39m &amp#27;[37m/session/47571b8e-6191-4ef5-a875-b0f0dcd05976/element&amp#27;[39m
&amp#27;[38;5;0m[HTTP]&amp#27;[0m &amp#27;[90m{"using":"accessibility id","value":"Login button"}&amp#27;[39m
&amp#27;[38;5;32m[AndroidUiautomator2Driver@dabd (47571b8e)]&amp#27;[0m Calling AppiumDriver.findElement() with args: ["accessibility id","Login button","47571b8e-6191-4ef5-a875-b0f0dcd05976"]
&amp#27;[38;5;32m[AndroidUiautomator2Driver@dabd (47571b8e)]&amp#27;[0m Valid locator strategies for this request: xpath, id, class name, accessibility id, css selector, -android uiautomator
&amp#27;[38;5;32m[AndroidUiautomator2Driver@dabd (47571b8e)]&amp#27;[0m Waiting up to 10000 ms for condition
&amp#27;[38;5;32m[AndroidUiautomator2Driver@dabd (47571b8e)]&amp#27;[0m Matched '/element' to command name 'findElement'
&amp#27;[38;5;32m[AndroidUiautomator2Driver@dabd (47571b8e)]&amp#27;[0m Proxying [POST /element] to [POST http://127.0.0.1:8201/session/e99dcc09-a0f0-48bb-8a0b-d829d4323b82/element] with body: {"strategy":"accessibility id","selector":"Login button","context":"","multiple":false}
&amp#27;[38;5;32m[AndroidUiautomator2Driver@dabd (47571b8e)]&amp#27;[0m Got response with status 200: {"sessionId":"e99dcc09-a0f0-48bb-8a0b-d829d4323b82","value":{"ELEMENT":"00000000-0000-0594-ffff-ffff000005f6","element-6066-11e4-a52e-4f735466cecf":"00000000-0000-0594-ffff-ffff000005f6"}}
&amp#27;[38;5;32m[AndroidUiautomator2Driver@dabd (47571b8e)]&amp#27;[0m Responding to client with driver.findElement() result: {"element-6066-11e4-a52e-4f735466cecf":"00000000-0000-0594-ffff-ffff000005f6","ELEMENT":"00000000-0000-0594-ffff-ffff000005f6"}
&amp#27;[38;5;0m[HTTP]&amp#27;[0m &amp#27;[37m<-- POST /session/47571b8e-6191-4ef5-a875-b0f0dcd05976/element &amp#27;[39m&amp#27;[32m200&amp#27;[39m &amp#27;[90m775 ms - 137&amp#27;[39m
&amp#27;[38;5;0m[HTTP]&amp#27;[0m &amp#27;[90m&amp#27;[39m
&amp#27;[38;5;0m[HTTP]&amp#27;[0m &amp#27;[37m-->&amp#27;[39m &amp#27;[37mPOST&amp#27;[39m &amp#27;[37m/session/47571b8e-6191-4ef5-a875-b0f0dcd05976/element/00000000-0000-0594-ffff-ffff000005f6/click&amp#27;[39m
&amp#27;[38;5;0m[HTTP]&amp#27;[0m &amp#27;[90m{"id":"00000000-0000-0594-ffff-ffff000005f6"}&amp#27;[39m
&amp#27;[38;5;32m[AndroidUiautomator2Driver@dabd (47571b8e)]&amp#27;[0m Calling AppiumDriver.click() with args: ["00000000-0000-0594-ffff-ffff000005f6","47571b8e-6191-4ef5-a875-b0f0dcd05976"]
&amp#27;[38;5;32m[AndroidUiautomator2Driver@dabd (47571b8e)]&amp#27;[0m Matched '/element/00000000-0000-0594-ffff-ffff000005f6/click' to command name 'click'
&amp#27;[38;5;32m[AndroidUiautomator2Driver@dabd (47571b8e)]&amp#27;[0m Proxying [POST /element/00000000-0000-0594-ffff-ffff000005f6/click] to [POST http://127.0.0.1:8201/session/e99dcc09-a0f0-48bb-8a0b-d829d4323b82/element/00000000-0000-0594-ffff-ffff000005f6/click] with body: {"element":"00000000-0000-0594-ffff-ffff000005f6"}
&amp#27;[38;5;32m[AndroidUiautomator2Driver@dabd (47571b8e)]&amp#27;[0m Got response with status 200: {"sessionId":"e99dcc09-a0f0-48bb-8a0b-d829d4323b82","value":null}
&amp#27;[38;5;32m[AndroidUiautomator2Driver@dabd (47571b8e)]&amp#27;[0m Responding to client with driver.click() result: null
&amp#27;[38;5;0m[HTTP]&amp#27;[0m &amp#27;[37m<-- POST /session/47571b8e-6191-4ef5-a875-b0f0dcd05976/element/00000000-0000-0594-ffff-ffff000005f6/click &amp#27;[39m&amp#27;[32m200&amp#27;[39m &amp#27;[90m111 ms - 14&amp#27;[39m
&amp#27;[38;5;0m[HTTP]&amp#27;[0m &amp#27;[90m&amp#27;[39m
&amp#27;[38;5;0m[HTTP]&amp#27;[0m &amp#27;[37m-->&amp#27;[39m &amp#27;[37mGET&amp#27;[39m &amp#27;[37m/session/47571b8e-6191-4ef5-a875-b0f0dcd05976/context&amp#27;[39m
&amp#27;[38;5;0m[HTTP]&amp#27;[0m &amp#27;[90m{}&amp#27;[39m
&amp#27;[38;5;32m[AndroidUiautomator2Driver@dabd (47571b8e)]&amp#27;[0m Calling AppiumDriver.getCurrentContext() with args: ["47571b8e-6191-4ef5-a875-b0f0dcd05976"]
&amp#27;[38;5;32m[AndroidUiautomator2Driver@dabd (47571b8e)]&amp#27;[0m Responding to client with driver.getCurrentContext() result: "NATIVE_APP"
&amp#27;[38;5;0m[HTTP]&amp#27;[0m &amp#27;[37m<-- GET /session/47571b8e-6191-4ef5-a875-b0f0dcd05976/context &amp#27;[39m&amp#27;[32m200&amp#27;[39m &amp#27;[90m1 ms - 22&amp#27;[39m
&amp#27;[38;5;0m[HTTP]&amp#27;[0m &amp#27;[90m&amp#27;[39m
&amp#27;[38;5;0m[HTTP]&amp#27;[0m &amp#27;[37m-->&amp#27;[39m &amp#27;[37mPOST&amp#27;[39m &amp#27;[37m/session/47571b8e-6191-4ef5-a875-b0f0dcd05976/element&amp#27;[39m
&amp#27;[38;5;0m[HTTP]&amp#27;[0m &amp#27;[90m{"using":"xpath","value":"//android.view.ViewGroup[@content-desc='container header']/android.widget.TextView"}&amp#27;[39m
&amp#27;[38;5;32m[AndroidUiautomator2Driver@dabd (47571b8e)]&amp#27;[0m Calling AppiumDriver.findElement() with args: ["xpath","//android.view.ViewGroup[@content-desc='container header']/android.widget.TextView","47571b8e-6191-4ef5-a875-b0f0dcd05976"]
&amp#27;[38;5;32m[AndroidUiautomator2Driver@dabd (47571b8e)]&amp#27;[0m Valid locator strategies for this request: xpath, id, class name, accessibility id, css selector, -android uiautomator
&amp#27;[38;5;32m[AndroidUiautomator2Driver@dabd (47571b8e)]&amp#27;[0m Waiting up to 10000 ms for condition
&amp#27;[38;5;32m[AndroidUiautomator2Driver@dabd (47571b8e)]&amp#27;[0m Matched '/element' to command name 'findElement'
&amp#27;[38;5;32m[AndroidUiautomator2Driver@dabd (47571b8e)]&amp#27;[0m Proxying [POST /element] to [POST http://127.0.0.1:8201/session/e99dcc09-a0f0-48bb-8a0b-d829d4323b82/element] with body: {"strategy":"xpath","selector":"//android.view.ViewGroup[@content-desc='container header']/android.widget.TextView","context":"","multiple":false}
&amp#27;[38;5;32m[AndroidUiautomator2Driver@dabd (47571b8e)]&amp#27;[0m Got response with status 200: {"sessionId":"e99dcc09-a0f0-48bb-8a0b-d829d4323b82","value":{"ELEMENT":"00000000-0000-0594-ffff-ffff00000565","element-6066-11e4-a52e-4f735466cecf":"00000000-0000-0594-ffff-ffff00000565"}}
&amp#27;[38;5;32m[AndroidUiautomator2Driver@dabd (47571b8e)]&amp#27;[0m Responding to client with driver.findElement() result: {"element-6066-11e4-a52e-4f735466cecf":"00000000-0000-0594-ffff-ffff00000565","ELEMENT":"00000000-0000-0594-ffff-ffff00000565"}
&amp#27;[38;5;0m[HTTP]&amp#27;[0m &amp#27;[37m<-- POST /session/47571b8e-6191-4ef5-a875-b0f0dcd05976/element &amp#27;[39m&amp#27;[32m200&amp#27;[39m &amp#27;[90m1177 ms - 137&amp#27;[39m
&amp#27;[38;5;0m[HTTP]&amp#27;[0m &amp#27;[90m&amp#27;[39m
&amp#27;[38;5;0m[HTTP]&amp#27;[0m &amp#27;[37m-->&amp#27;[39m &amp#27;[37mGET&amp#27;[39m &amp#27;[37m/session/47571b8e-6191-4ef5-a875-b0f0dcd05976/element/00000000-0000-0594-ffff-ffff00000565/displayed&amp#27;[39m
&amp#27;[38;5;0m[HTTP]&amp#27;[0m &amp#27;[90m{}&amp#27;[39m
&amp#27;[38;5;32m[AndroidUiautomator2Driver@dabd (47571b8e)]&amp#27;[0m Calling AppiumDriver.elementDisplayed() with args: ["00000000-0000-0594-ffff-ffff00000565","47571b8e-6191-4ef5-a875-b0f0dcd05976"]
&amp#27;[38;5;32m[AndroidUiautomator2Driver@dabd (47571b8e)]&amp#27;[0m Matched '/element/00000000-0000-0594-ffff-ffff00000565/attribute/displayed' to command name 'getAttribute'
&amp#27;[38;5;32m[AndroidUiautomator2Driver@dabd (47571b8e)]&amp#27;[0m Proxying [GET /element/00000000-0000-0594-ffff-ffff00000565/attribute/displayed] to [GET http://127.0.0.1:8201/session/e99dcc09-a0f0-48bb-8a0b-d829d4323b82/element/00000000-0000-0594-ffff-ffff00000565/attribute/displayed] with no body
&amp#27;[38;5;32m[AndroidUiautomator2Driver@dabd (47571b8e)]&amp#27;[0m Got response with status 200: {"sessionId":"e99dcc09-a0f0-48bb-8a0b-d829d4323b82","value":"true"}
&amp#27;[38;5;32m[AndroidUiautomator2Driver@dabd (47571b8e)]&amp#27;[0m Responding to client with driver.elementDisplayed() result: true
&amp#27;[38;5;0m[HTTP]&amp#27;[0m &amp#27;[37m<-- GET /session/47571b8e-6191-4ef5-a875-b0f0dcd05976/element/00000000-0000-0594-ffff-ffff00000565/displayed &amp#27;[39m&amp#27;[32m200&amp#27;[39m &amp#27;[90m255 ms - 14&amp#27;[39m
&amp#27;[38;5;0m[HTTP]&amp#27;[0m &amp#27;[90m&amp#27;[39m
&amp#27;[38;5;0m[HTTP]&amp#27;[0m &amp#27;[37m-->&amp#27;[39m &amp#27;[37mGET&amp#27;[39m &amp#27;[37m/session/47571b8e-6191-4ef5-a875-b0f0dcd05976/context&amp#27;[39m
&amp#27;[38;5;0m[HTTP]&amp#27;[0m &amp#27;[90m{}&amp#27;[39m
&amp#27;[38;5;32m[AndroidUiautomator2Driver@dabd (47571b8e)]&amp#27;[0m Calling AppiumDriver.getCurrentContext() with args: ["47571b8e-6191-4ef5-a875-b0f0dcd05976"]
&amp#27;[38;5;32m[AndroidUiautomator2Driver@dabd (47571b8e)]&amp#27;[0m Responding to client with driver.getCurrentContext() result: "NATIVE_APP"
&amp#27;[38;5;0m[HTTP]&amp#27;[0m &amp#27;[37m<-- GET /session/47571b8e-6191-4ef5-a875-b0f0dcd05976/context &amp#27;[39m&amp#27;[32m200&amp#27;[39m &amp#27;[90m1 ms - 22&amp#27;[39m
&amp#27;[38;5;0m[HTTP]&amp#27;[0m &amp#27;[90m&amp#27;[39m
&amp#27;[38;5;0m[HTTP]&amp#27;[0m &amp#27;[37m-->&amp#27;[39m &amp#27;[37mPOST&amp#27;[39m &amp#27;[37m/session/47571b8e-6191-4ef5-a875-b0f0dcd05976/element&amp#27;[39m
&amp#27;[38;5;0m[HTTP]&amp#27;[0m &amp#27;[90m{"using":"xpath","value":"//android.view.ViewGroup[@content-desc='container header']/android.widget.TextView"}&amp#27;[39m
&amp#27;[38;5;32m[AndroidUiautomator2Driver@dabd (47571b8e)]&amp#27;[0m Calling AppiumDriver.findElement() with args: ["xpath","//android.view.ViewGroup[@content-desc='container header']/android.widget.TextView","47571b8e-6191-4ef5-a875-b0f0dcd05976"]
&amp#27;[38;5;32m[AndroidUiautomator2Driver@dabd (47571b8e)]&amp#27;[0m Valid locator strategies for this request: xpath, id, class name, accessibility id, css selector, -android uiautomator
&amp#27;[38;5;32m[AndroidUiautomator2Driver@dabd (47571b8e)]&amp#27;[0m Waiting up to 10000 ms for condition
&amp#27;[38;5;32m[AndroidUiautomator2Driver@dabd (47571b8e)]&amp#27;[0m Matched '/element' to command name 'findElement'
&amp#27;[38;5;32m[AndroidUiautomator2Driver@dabd (47571b8e)]&amp#27;[0m Proxying [POST /element] to [POST http://127.0.0.1:8201/session/e99dcc09-a0f0-48bb-8a0b-d829d4323b82/element] with body: {"strategy":"xpath","selector":"//android.view.ViewGroup[@content-desc='container header']/android.widget.TextView","context":"","multiple":false}
&amp#27;[38;5;32m[AndroidUiautomator2Driver@dabd (47571b8e)]&amp#27;[0m Got response with status 200: {"sessionId":"e99dcc09-a0f0-48bb-8a0b-d829d4323b82","value":{"ELEMENT":"00000000-0000-0594-ffff-ffff00000565","element-6066-11e4-a52e-4f735466cecf":"00000000-0000-0594-ffff-ffff00000565"}}
&amp#27;[38;5;32m[AndroidUiautomator2Driver@dabd (47571b8e)]&amp#27;[0m Responding to client with driver.findElement() result: {"element-6066-11e4-a52e-4f735466cecf":"00000000-0000-0594-ffff-ffff00000565","ELEMENT":"00000000-0000-0594-ffff-ffff00000565"}
&amp#27;[38;5;0m[HTTP]&amp#27;[0m &amp#27;[37m<-- POST /session/47571b8e-6191-4ef5-a875-b0f0dcd05976/element &amp#27;[39m&amp#27;[32m200&amp#27;[39m &amp#27;[90m731 ms - 137&amp#27;[39m
&amp#27;[38;5;0m[HTTP]&amp#27;[0m &amp#27;[90m&amp#27;[39m
&amp#27;[38;5;0m[HTTP]&amp#27;[0m &amp#27;[37m-->&amp#27;[39m &amp#27;[37mGET&amp#27;[39m &amp#27;[37m/session/47571b8e-6191-4ef5-a875-b0f0dcd05976/element/00000000-0000-0594-ffff-ffff00000565/text&amp#27;[39m
&amp#27;[38;5;0m[HTTP]&amp#27;[0m &amp#27;[90m{}&amp#27;[39m
&amp#27;[38;5;32m[AndroidUiautomator2Driver@dabd (47571b8e)]&amp#27;[0m Driver proxy active, passing request on via HTTP proxy
&amp#27;[38;5;32m[AndroidUiautomator2Driver@dabd (47571b8e)]&amp#27;[0m Matched '/session/47571b8e-6191-4ef5-a875-b0f0dcd05976/element/00000000-0000-0594-ffff-ffff00000565/text' to command name 'getText'
&amp#27;[38;5;32m[AndroidUiautomator2Driver@dabd (47571b8e)]&amp#27;[0m Proxying [GET /session/47571b8e-6191-4ef5-a875-b0f0dcd05976/element/00000000-0000-0594-ffff-ffff00000565/text] to [GET http://127.0.0.1:8201/session/e99dcc09-a0f0-48bb-8a0b-d829d4323b82/element/00000000-0000-0594-ffff-ffff00000565/text] with no body
&amp#27;[38;5;32m[AndroidUiautomator2Driver@dabd (47571b8e)]&amp#27;[0m Got response with status 200: {"sessionId":"e99dcc09-a0f0-48bb-8a0b-d829d4323b82","value":"Products"}
&amp#27;[38;5;32m[AndroidUiautomator2Driver@dabd (47571b8e)]&amp#27;[0m Replacing sessionId e99dcc09-a0f0-48bb-8a0b-d829d4323b82 with 47571b8e-6191-4ef5-a875-b0f0dcd05976
&amp#27;[38;5;0m[HTTP]&amp#27;[0m &amp#27;[37m<-- GET /session/47571b8e-6191-4ef5-a875-b0f0dcd05976/element/00000000-0000-0594-ffff-ffff00000565/text &amp#27;[39m&amp#27;[32m200&amp#27;[39m &amp#27;[90m21 ms - 71&amp#27;[39m
&amp#27;[38;5;0m[HTTP]&amp#27;[0m &amp#27;[90m&amp#27;[39m
&amp#27;[38;5;0m[HTTP]&amp#27;[0m &amp#27;[37m-->&amp#27;[39m &amp#27;[37mGET&amp#27;[39m &amp#27;[37m/session/47571b8e-6191-4ef5-a875-b0f0dcd05976/context&amp#27;[39m
&amp#27;[38;5;0m[HTTP]&amp#27;[0m &amp#27;[90m{}&amp#27;[39m
&amp#27;[38;5;32m[AndroidUiautomator2Driver@dabd (47571b8e)]&amp#27;[0m Calling AppiumDriver.getCurrentContext() with args: ["47571b8e-6191-4ef5-a875-b0f0dcd05976"]
&amp#27;[38;5;32m[AndroidUiautomator2Driver@dabd (47571b8e)]&amp#27;[0m Responding to client with driver.getCurrentContext() result: "NATIVE_APP"
&amp#27;[38;5;0m[HTTP]&amp#27;[0m &amp#27;[37m<-- GET /session/47571b8e-6191-4ef5-a875-b0f0dcd05976/context &amp#27;[39m&amp#27;[32m200&amp#27;[39m &amp#27;[90m1 ms - 22&amp#27;[39m
&amp#27;[38;5;0m[HTTP]&amp#27;[0m &amp#27;[90m&amp#27;[39m
&amp#27;[38;5;0m[HTTP]&amp#27;[0m &amp#27;[37m-->&amp#27;[39m &amp#27;[37mPOST&amp#27;[39m &amp#27;[37m/session/47571b8e-6191-4ef5-a875-b0f0dcd05976/elements&amp#27;[39m
&amp#27;[38;5;0m[HTTP]&amp#27;[0m &amp#27;[90m{"using":"xpath","value":"//android.view.ViewGroup[@content-desc='store item']"}&amp#27;[39m
&amp#27;[38;5;32m[AndroidUiautomator2Driver@dabd (47571b8e)]&amp#27;[0m Calling AppiumDriver.findElements() with args: ["xpath","//android.view.ViewGroup[@content-desc='store item']","47571b8e-6191-4ef5-a875-b0f0dcd05976"]
&amp#27;[38;5;32m[AndroidUiautomator2Driver@dabd (47571b8e)]&amp#27;[0m Valid locator strategies for this request: xpath, id, class name, accessibility id, css selector, -android uiautomator
&amp#27;[38;5;32m[AndroidUiautomator2Driver@dabd (47571b8e)]&amp#27;[0m Waiting up to 10000 ms for condition
&amp#27;[38;5;32m[AndroidUiautomator2Driver@dabd (47571b8e)]&amp#27;[0m Matched '/elements' to command name 'findElements'
&amp#27;[38;5;32m[AndroidUiautomator2Driver@dabd (47571b8e)]&amp#27;[0m Proxying [POST /elements] to [POST http://127.0.0.1:8201/session/e99dcc09-a0f0-48bb-8a0b-d829d4323b82/elements] with body: {"strategy":"xpath","selector":"//android.view.ViewGroup[@content-desc='store item']","context":"","multiple":true}
&amp#27;[38;5;32m[AndroidUiautomator2Driver@dabd (47571b8e)]&amp#27;[0m Got response with status 200: {"sessionId":"e99dcc09-a0f0-48bb-8a0b-d829d4323b82","value":[{"ELEMENT":"00000000-0000-0594-ffff-ffff00000567","element-6066-11e4-a52e-4f735466cecf":"00000000-0000-0594-ffff-ffff00000567"},{"ELEMENT":"00000000-0000-0594-ffff-ffff00000576","element-6066-11e4-a52e-4f735466cecf":"00000000-0000-0594-ffff-ffff00000576"},{"ELEMENT":"00000000-0000-0594-ffff-ffff00000586","element-6066-11e4-a52e-4f735466cecf":"00000000-0000-0594-ffff-ffff00000586"},{"ELEMENT":"00000000-0000-0594-ffff-ffff00000595","element-6066-11e4-a52e-4f735466cecf":"00000000-0000-0594-ffff-ffff00000595"},{"ELEMENT":"00000000-0000-0594-ffff-ffff000005a5","element-6066-11e4-a52e-4f735466cecf":"00000000-0000-0594-ffff-ffff000005a5"},{"ELEMENT":"00000000-0000-0594-ffff-ffff000005b4","element-6066-11e4-a52e-4f735466cecf":"00000000-0000-0594-ffff-ffff000005b4"}]}
&amp#27;[38;5;32m[AndroidUiautomator2Driver@dabd (47571b8e)]&amp#27;[0m Responding to client with driver.findElements() result: [{"element-6066-11e4-a52e-4f735466cecf":"00000000-0000-0594-ffff-ffff00000567","ELEMENT":"00000000-0000-0594-ffff-ffff00000567"},{"element-6066-11e4-a52e-4f735466cecf":"00000000-0000-0594-ffff-ffff00000576","ELEMENT":"00000000-0000-0594-ffff-ffff00000576"},{"element-6066-11e4-a52e-4f735466cecf":"00000000-0000-0594-ffff-ffff00000586","ELEMENT":"00000000-0000-0594-ffff-ffff00000586"},{"element-6066-11e4-a52e-4f735466cecf":"00000000-0000-0594-ffff-ffff00000595","ELEMENT":"00000000-0000-0594-ffff-ffff00000595"},{"element-6066-11e4-a52e-4f735466cecf":"00000000-0000-0594-ffff-ffff000005a5","ELEMENT":"00000000-0000-0594-ffff-ffff000005a5"},{"element-6066-11e4-a52e-4f735466cecf":"00000000-0000-0594-ffff-ffff000005b4","ELEMENT":"00000000-0000-0594-ffff-ffff000005b4"}]
&amp#27;[38;5;0m[HTTP]&amp#27;[0m &amp#27;[37m<-- POST /session/47571b8e-6191-4ef5-a875-b0f0dcd05976/elements &amp#27;[39m&amp#27;[32m200&amp#27;[39m &amp#27;[90m686 ms - 779&amp#27;[39m
&amp#27;[38;5;0m[HTTP]&amp#27;[0m &amp#27;[90m&amp#27;[39m
&amp#27;[38;5;0m[HTTP]&amp#27;[0m &amp#27;[37m-->&amp#27;[39m &amp#27;[37mPOST&amp#27;[39m &amp#27;[37m/session/47571b8e-6191-4ef5-a875-b0f0dcd05976/element/00000000-0000-0594-ffff-ffff00000567/element&amp#27;[39m
&amp#27;[38;5;0m[HTTP]&amp#27;[0m &amp#27;[90m{"id":"00000000-0000-0594-ffff-ffff00000567","using":"class name","value":"android.widget.ImageView"}&amp#27;[39m
&amp#27;[38;5;32m[AndroidUiautomator2Driver@dabd (47571b8e)]&amp#27;[0m Calling AppiumDriver.findElementFromElement() with args: ["class name","android.widget.ImageView","00000000-0000-0594-ffff-ffff00000567","47571b8e-6191-4ef5-a875-b0f0dcd05976"]
&amp#27;[38;5;32m[AndroidUiautomator2Driver@dabd (47571b8e)]&amp#27;[0m Valid locator strategies for this request: xpath, id, class name, accessibility id, css selector, -android uiautomator
&amp#27;[38;5;32m[AndroidUiautomator2Driver@dabd (47571b8e)]&amp#27;[0m Waiting up to 10000 ms for condition
&amp#27;[38;5;32m[AndroidUiautomator2Driver@dabd (47571b8e)]&amp#27;[0m Matched '/element' to command name 'findElement'
&amp#27;[38;5;32m[AndroidUiautomator2Driver@dabd (47571b8e)]&amp#27;[0m Proxying [POST /element] to [POST http://127.0.0.1:8201/session/e99dcc09-a0f0-48bb-8a0b-d829d4323b82/element] with body: {"strategy":"class name","selector":"android.widget.ImageView","context":"00000000-0000-0594-ffff-ffff00000567","multiple":false}
&amp#27;[38;5;32m[AndroidUiautomator2Driver@dabd (47571b8e)]&amp#27;[0m Got response with status 200: {"sessionId":"e99dcc09-a0f0-48bb-8a0b-d829d4323b82","value":{"ELEMENT":"00000000-0000-0594-ffff-ffff00000569","element-6066-11e4-a52e-4f735466cecf":"00000000-0000-0594-ffff-ffff00000569"}}
&amp#27;[38;5;32m[AndroidUiautomator2Driver@dabd (47571b8e)]&amp#27;[0m Responding to client with driver.findElementFromElement() result: {"element-6066-11e4-a52e-4f735466cecf":"00000000-0000-0594-ffff-ffff00000569","ELEMENT":"00000000-0000-0594-ffff-ffff00000569"}
&amp#27;[38;5;0m[HTTP]&amp#27;[0m &amp#27;[37m<-- POST /session/47571b8e-6191-4ef5-a875-b0f0dcd05976/element/00000000-0000-0594-ffff-ffff00000567/element &amp#27;[39m&amp#27;[32m200&amp#27;[39m &amp#27;[90m29 ms - 137&amp#27;[39m
&amp#27;[38;5;0m[HTTP]&amp#27;[0m &amp#27;[90m&amp#27;[39m
&amp#27;[38;5;0m[HTTP]&amp#27;[0m &amp#27;[37m-->&amp#27;[39m &amp#27;[37mPOST&amp#27;[39m &amp#27;[37m/session/47571b8e-6191-4ef5-a875-b0f0dcd05976/element/00000000-0000-0594-ffff-ffff00000569/click&amp#27;[39m
&amp#27;[38;5;0m[HTTP]&amp#27;[0m &amp#27;[90m{"id":"00000000-0000-0594-ffff-ffff00000569"}&amp#27;[39m
&amp#27;[38;5;32m[AndroidUiautomator2Driver@dabd (47571b8e)]&amp#27;[0m Calling AppiumDriver.click() with args: ["00000000-0000-0594-ffff-ffff00000569","47571b8e-6191-4ef5-a875-b0f0dcd05976"]
&amp#27;[38;5;32m[AndroidUiautomator2Driver@dabd (47571b8e)]&amp#27;[0m Matched '/element/00000000-0000-0594-ffff-ffff00000569/click' to command name 'click'
&amp#27;[38;5;32m[AndroidUiautomator2Driver@dabd (47571b8e)]&amp#27;[0m Proxying [POST /element/00000000-0000-0594-ffff-ffff00000569/click] to [POST http://127.0.0.1:8201/session/e99dcc09-a0f0-48bb-8a0b-d829d4323b82/element/00000000-0000-0594-ffff-ffff00000569/click] with body: {"element":"00000000-0000-0594-ffff-ffff00000569"}
&amp#27;[38;5;32m[AndroidUiautomator2Driver@dabd (47571b8e)]&amp#27;[0m Got response with status 200: {"sessionId":"e99dcc09-a0f0-48bb-8a0b-d829d4323b82","value":null}
&amp#27;[38;5;32m[AndroidUiautomator2Driver@dabd (47571b8e)]&amp#27;[0m Responding to client with driver.click() result: null
&amp#27;[38;5;0m[HTTP]&amp#27;[0m &amp#27;[37m<-- POST /session/47571b8e-6191-4ef5-a875-b0f0dcd05976/element/00000000-0000-0594-ffff-ffff00000569/click &amp#27;[39m&amp#27;[32m200&amp#27;[39m &amp#27;[90m49 ms - 14&amp#27;[39m
&amp#27;[38;5;0m[HTTP]&amp#27;[0m &amp#27;[90m&amp#27;[39m
&amp#27;[38;5;0m[HTTP]&amp#27;[0m &amp#27;[37m-->&amp#27;[39m &amp#27;[37mGET&amp#27;[39m &amp#27;[37m/session/47571b8e-6191-4ef5-a875-b0f0dcd05976/context&amp#27;[39m
&amp#27;[38;5;0m[HTTP]&amp#27;[0m &amp#27;[90m{}&amp#27;[39m
&amp#27;[38;5;32m[AndroidUiautomator2Driver@dabd (47571b8e)]&amp#27;[0m Calling AppiumDriver.getCurrentContext() with args: ["47571b8e-6191-4ef5-a875-b0f0dcd05976"]
&amp#27;[38;5;32m[AndroidUiautomator2Driver@dabd (47571b8e)]&amp#27;[0m Responding to client with driver.getCurrentContext() result: "NATIVE_APP"
&amp#27;[38;5;0m[HTTP]&amp#27;[0m &amp#27;[37m<-- GET /session/47571b8e-6191-4ef5-a875-b0f0dcd05976/context &amp#27;[39m&amp#27;[32m200&amp#27;[39m &amp#27;[90m1 ms - 22&amp#27;[39m
&amp#27;[38;5;0m[HTTP]&amp#27;[0m &amp#27;[90m&amp#27;[39m
&amp#27;[38;5;0m[HTTP]&amp#27;[0m &amp#27;[37m-->&amp#27;[39m &amp#27;[37mPOST&amp#27;[39m &amp#27;[37m/session/47571b8e-6191-4ef5-a875-b0f0dcd05976/element&amp#27;[39m
&amp#27;[38;5;0m[HTTP]&amp#27;[0m &amp#27;[90m{"using":"accessibility id","value":"counter plus button"}&amp#27;[39m
&amp#27;[38;5;32m[AndroidUiautomator2Driver@dabd (47571b8e)]&amp#27;[0m Calling AppiumDriver.findElement() with args: ["accessibility id","counter plus button","47571b8e-6191-4ef5-a875-b0f0dcd05976"]
&amp#27;[38;5;32m[AndroidUiautomator2Driver@dabd (47571b8e)]&amp#27;[0m Valid locator strategies for this request: xpath, id, class name, accessibility id, css selector, -android uiautomator
&amp#27;[38;5;32m[AndroidUiautomator2Driver@dabd (47571b8e)]&amp#27;[0m Waiting up to 10000 ms for condition
&amp#27;[38;5;32m[AndroidUiautomator2Driver@dabd (47571b8e)]&amp#27;[0m Matched '/element' to command name 'findElement'
&amp#27;[38;5;32m[AndroidUiautomator2Driver@dabd (47571b8e)]&amp#27;[0m Proxying [POST /element] to [POST http://127.0.0.1:8201/session/e99dcc09-a0f0-48bb-8a0b-d829d4323b82/element] with body: {"strategy":"accessibility id","selector":"counter plus button","context":"","multiple":false}
&amp#27;[38;5;32m[AndroidUiautomator2Driver@dabd (47571b8e)]&amp#27;[0m Got response with status 200: {"sessionId":"e99dcc09-a0f0-48bb-8a0b-d829d4323b82","value":{"ELEMENT":"00000000-0000-0594-ffff-ffff00000674","element-6066-11e4-a52e-4f735466cecf":"00000000-0000-0594-ffff-ffff00000674"}}
&amp#27;[38;5;32m[AndroidUiautomator2Driver@dabd (47571b8e)]&amp#27;[0m Responding to client with driver.findElement() result: {"element-6066-11e4-a52e-4f735466cecf":"00000000-0000-0594-ffff-ffff00000674","ELEMENT":"00000000-0000-0594-ffff-ffff00000674"}
&amp#27;[38;5;0m[HTTP]&amp#27;[0m &amp#27;[37m<-- POST /session/47571b8e-6191-4ef5-a875-b0f0dcd05976/element &amp#27;[39m&amp#27;[32m200&amp#27;[39m &amp#27;[90m1168 ms - 137&amp#27;[39m
&amp#27;[38;5;0m[HTTP]&amp#27;[0m &amp#27;[90m&amp#27;[39m
&amp#27;[38;5;0m[HTTP]&amp#27;[0m &amp#27;[37m-->&amp#27;[39m &amp#27;[37mPOST&amp#27;[39m &amp#27;[37m/session/47571b8e-6191-4ef5-a875-b0f0dcd05976/element/00000000-0000-0594-ffff-ffff00000674/click&amp#27;[39m
&amp#27;[38;5;0m[HTTP]&amp#27;[0m &amp#27;[90m{"id":"00000000-0000-0594-ffff-ffff00000674"}&amp#27;[39m
&amp#27;[38;5;32m[AndroidUiautomator2Driver@dabd (47571b8e)]&amp#27;[0m Calling AppiumDriver.click() with args: ["00000000-0000-0594-ffff-ffff00000674","47571b8e-6191-4ef5-a875-b0f0dcd05976"]
&amp#27;[38;5;32m[AndroidUiautomator2Driver@dabd (47571b8e)]&amp#27;[0m Matched '/element/00000000-0000-0594-ffff-ffff00000674/click' to command name 'click'
&amp#27;[38;5;32m[AndroidUiautomator2Driver@dabd (47571b8e)]&amp#27;[0m Proxying [POST /element/00000000-0000-0594-ffff-ffff00000674/click] to [POST http://127.0.0.1:8201/session/e99dcc09-a0f0-48bb-8a0b-d829d4323b82/element/00000000-0000-0594-ffff-ffff00000674/click] with body: {"element":"00000000-0000-0594-ffff-ffff00000674"}
&amp#27;[38;5;32m[AndroidUiautomator2Driver@dabd (47571b8e)]&amp#27;[0m Got response with status 200: {"sessionId":"e99dcc09-a0f0-48bb-8a0b-d829d4323b82","value":null}
&amp#27;[38;5;32m[AndroidUiautomator2Driver@dabd (47571b8e)]&amp#27;[0m Responding to client with driver.click() result: null
&amp#27;[38;5;0m[HTTP]&amp#27;[0m &amp#27;[37m<-- POST /session/47571b8e-6191-4ef5-a875-b0f0dcd05976/element/00000000-0000-0594-ffff-ffff00000674/click &amp#27;[39m&amp#27;[32m200&amp#27;[39m &amp#27;[90m97 ms - 14&amp#27;[39m
&amp#27;[38;5;0m[HTTP]&amp#27;[0m &amp#27;[90m&amp#27;[39m
&amp#27;[38;5;0m[HTTP]&amp#27;[0m &amp#27;[37m-->&amp#27;[39m &amp#27;[37mGET&amp#27;[39m &amp#27;[37m/session/47571b8e-6191-4ef5-a875-b0f0dcd05976/context&amp#27;[39m
&amp#27;[38;5;0m[HTTP]&amp#27;[0m &amp#27;[90m{}&amp#27;[39m
&amp#27;[38;5;32m[AndroidUiautomator2Driver@dabd (47571b8e)]&amp#27;[0m Calling AppiumDriver.getCurrentContext() with args: ["47571b8e-6191-4ef5-a875-b0f0dcd05976"]
&amp#27;[38;5;32m[AndroidUiautomator2Driver@dabd (47571b8e)]&amp#27;[0m Responding to client with driver.getCurrentContext() result: "NATIVE_APP"
&amp#27;[38;5;0m[HTTP]&amp#27;[0m &amp#27;[37m<-- GET /session/47571b8e-6191-4ef5-a875-b0f0dcd05976/context &amp#27;[39m&amp#27;[32m200&amp#27;[39m &amp#27;[90m1 ms - 22&amp#27;[39m
&amp#27;[38;5;0m[HTTP]&amp#27;[0m &amp#27;[90m&amp#27;[39m
&amp#27;[38;5;0m[HTTP]&amp#27;[0m &amp#27;[37m-->&amp#27;[39m &amp#27;[37mPOST&amp#27;[39m &amp#27;[37m/session/47571b8e-6191-4ef5-a875-b0f0dcd05976/element&amp#27;[39m
&amp#27;[38;5;0m[HTTP]&amp#27;[0m &amp#27;[90m{"using":"accessibility id","value":"counter plus button"}&amp#27;[39m
&amp#27;[38;5;32m[AndroidUiautomator2Driver@dabd (47571b8e)]&amp#27;[0m Calling AppiumDriver.findElement() with args: ["accessibility id","counter plus button","47571b8e-6191-4ef5-a875-b0f0dcd05976"]
&amp#27;[38;5;32m[AndroidUiautomator2Driver@dabd (47571b8e)]&amp#27;[0m Valid locator strategies for this request: xpath, id, class name, accessibility id, css selector, -android uiautomator
&amp#27;[38;5;32m[AndroidUiautomator2Driver@dabd (47571b8e)]&amp#27;[0m Waiting up to 10000 ms for condition
&amp#27;[38;5;32m[AndroidUiautomator2Driver@dabd (47571b8e)]&amp#27;[0m Matched '/element' to command name 'findElement'
&amp#27;[38;5;32m[AndroidUiautomator2Driver@dabd (47571b8e)]&amp#27;[0m Proxying [POST /element] to [POST http://127.0.0.1:8201/session/e99dcc09-a0f0-48bb-8a0b-d829d4323b82/element] with body: {"strategy":"accessibility id","selector":"counter plus button","context":"","multiple":false}
&amp#27;[38;5;32m[AndroidUiautomator2Driver@dabd (47571b8e)]&amp#27;[0m Got response with status 200: {"sessionId":"e99dcc09-a0f0-48bb-8a0b-d829d4323b82","value":{"ELEMENT":"00000000-0000-0594-ffff-ffff00000674","element-6066-11e4-a52e-4f735466cecf":"00000000-0000-0594-ffff-ffff00000674"}}
&amp#27;[38;5;32m[AndroidUiautomator2Driver@dabd (47571b8e)]&amp#27;[0m Responding to client with driver.findElement() result: {"element-6066-11e4-a52e-4f735466cecf":"00000000-0000-0594-ffff-ffff00000674","ELEMENT":"00000000-0000-0594-ffff-ffff00000674"}
&amp#27;[38;5;0m[HTTP]&amp#27;[0m &amp#27;[37m<-- POST /session/47571b8e-6191-4ef5-a875-b0f0dcd05976/element &amp#27;[39m&amp#27;[32m200&amp#27;[39m &amp#27;[90m361 ms - 137&amp#27;[39m
&amp#27;[38;5;0m[HTTP]&amp#27;[0m &amp#27;[90m&amp#27;[39m
&amp#27;[38;5;0m[HTTP]&amp#27;[0m &amp#27;[37m-->&amp#27;[39m &amp#27;[37mPOST&amp#27;[39m &amp#27;[37m/session/47571b8e-6191-4ef5-a875-b0f0dcd05976/element/00000000-0000-0594-ffff-ffff00000674/click&amp#27;[39m
&amp#27;[38;5;0m[HTTP]&amp#27;[0m &amp#27;[90m{"id":"00000000-0000-0594-ffff-ffff00000674"}&amp#27;[39m
&amp#27;[38;5;32m[AndroidUiautomator2Driver@dabd (47571b8e)]&amp#27;[0m Calling AppiumDriver.click() with args: ["00000000-0000-0594-ffff-ffff00000674","47571b8e-6191-4ef5-a875-b0f0dcd05976"]
&amp#27;[38;5;32m[AndroidUiautomator2Driver@dabd (47571b8e)]&amp#27;[0m Matched '/element/00000000-0000-0594-ffff-ffff00000674/click' to command name 'click'
&amp#27;[38;5;32m[AndroidUiautomator2Driver@dabd (47571b8e)]&amp#27;[0m Proxying [POST /element/00000000-0000-0594-ffff-ffff00000674/click] to [POST http://127.0.0.1:8201/session/e99dcc09-a0f0-48bb-8a0b-d829d4323b82/element/00000000-0000-0594-ffff-ffff00000674/click] with body: {"element":"00000000-0000-0594-ffff-ffff00000674"}
&amp#27;[38;5;32m[AndroidUiautomator2Driver@dabd (47571b8e)]&amp#27;[0m Got response with status 200: {"sessionId":"e99dcc09-a0f0-48bb-8a0b-d829d4323b82","value":null}
&amp#27;[38;5;32m[AndroidUiautomator2Driver@dabd (47571b8e)]&amp#27;[0m Responding to client with driver.click() result: null
&amp#27;[38;5;0m[HTTP]&amp#27;[0m &amp#27;[37m<-- POST /session/47571b8e-6191-4ef5-a875-b0f0dcd05976/element/00000000-0000-0594-ffff-ffff00000674/click &amp#27;[39m&amp#27;[32m200&amp#27;[39m &amp#27;[90m280 ms - 14&amp#27;[39m
&amp#27;[38;5;0m[HTTP]&amp#27;[0m &amp#27;[90m&amp#27;[39m
&amp#27;[38;5;0m[HTTP]&amp#27;[0m &amp#27;[37m-->&amp#27;[39m &amp#27;[37mGET&amp#27;[39m &amp#27;[37m/session/47571b8e-6191-4ef5-a875-b0f0dcd05976/context&amp#27;[39m
&amp#27;[38;5;0m[HTTP]&amp#27;[0m &amp#27;[90m{}&amp#27;[39m
&amp#27;[38;5;32m[AndroidUiautomator2Driver@dabd (47571b8e)]&amp#27;[0m Calling AppiumDriver.getCurrentContext() with args: ["47571b8e-6191-4ef5-a875-b0f0dcd05976"]
&amp#27;[38;5;32m[AndroidUiautomator2Driver@dabd (47571b8e)]&amp#27;[0m Responding to client with driver.getCurrentContext() result: "NATIVE_APP"
&amp#27;[38;5;0m[HTTP]&amp#27;[0m &amp#27;[37m<-- GET /session/47571b8e-6191-4ef5-a875-b0f0dcd05976/context &amp#27;[39m&amp#27;[32m200&amp#27;[39m &amp#27;[90m1 ms - 22&amp#27;[39m
&amp#27;[38;5;0m[HTTP]&amp#27;[0m &amp#27;[90m&amp#27;[39m
&amp#27;[38;5;0m[HTTP]&amp#27;[0m &amp#27;[37m-->&amp#27;[39m &amp#27;[37mPOST&amp#27;[39m &amp#27;[37m/session/47571b8e-6191-4ef5-a875-b0f0dcd05976/element&amp#27;[39m
&amp#27;[38;5;0m[HTTP]&amp#27;[0m &amp#27;[90m{"using":"accessibility id","value":"blue circle"}&amp#27;[39m
&amp#27;[38;5;32m[AndroidUiautomator2Driver@dabd (47571b8e)]&amp#27;[0m Calling AppiumDriver.findElement() with args: ["accessibility id","blue circle","47571b8e-6191-4ef5-a875-b0f0dcd05976"]
&amp#27;[38;5;32m[AndroidUiautomator2Driver@dabd (47571b8e)]&amp#27;[0m Valid locator strategies for this request: xpath, id, class name, accessibility id, css selector, -android uiautomator
&amp#27;[38;5;32m[AndroidUiautomator2Driver@dabd (47571b8e)]&amp#27;[0m Waiting up to 10000 ms for condition
&amp#27;[38;5;32m[AndroidUiautomator2Driver@dabd (47571b8e)]&amp#27;[0m Matched '/element' to command name 'findElement'
&amp#27;[38;5;32m[AndroidUiautomator2Driver@dabd (47571b8e)]&amp#27;[0m Proxying [POST /element] to [POST http://127.0.0.1:8201/session/e99dcc09-a0f0-48bb-8a0b-d829d4323b82/element] with body: {"strategy":"accessibility id","selector":"blue circle","context":"","multiple":false}
&amp#27;[38;5;32m[AndroidUiautomator2Driver@dabd (47571b8e)]&amp#27;[0m Got response with status 200: {"sessionId":"e99dcc09-a0f0-48bb-8a0b-d829d4323b82","value":{"ELEMENT":"00000000-0000-0594-ffff-ffff0000066a","element-6066-11e4-a52e-4f735466cecf":"00000000-0000-0594-ffff-ffff0000066a"}}
&amp#27;[38;5;32m[AndroidUiautomator2Driver@dabd (47571b8e)]&amp#27;[0m Responding to client with driver.findElement() result: {"element-6066-11e4-a52e-4f735466cecf":"00000000-0000-0594-ffff-ffff0000066a","ELEMENT":"00000000-0000-0594-ffff-ffff0000066a"}
&amp#27;[38;5;0m[HTTP]&amp#27;[0m &amp#27;[37m<-- POST /session/47571b8e-6191-4ef5-a875-b0f0dcd05976/element &amp#27;[39m&amp#27;[32m200&amp#27;[39m &amp#27;[90m156 ms - 137&amp#27;[39m
&amp#27;[38;5;0m[HTTP]&amp#27;[0m &amp#27;[90m&amp#27;[39m
&amp#27;[38;5;0m[HTTP]&amp#27;[0m &amp#27;[37m-->&amp#27;[39m &amp#27;[37mPOST&amp#27;[39m &amp#27;[37m/session/47571b8e-6191-4ef5-a875-b0f0dcd05976/element/00000000-0000-0594-ffff-ffff0000066a/click&amp#27;[39m
&amp#27;[38;5;0m[HTTP]&amp#27;[0m &amp#27;[90m{"id":"00000000-0000-0594-ffff-ffff0000066a"}&amp#27;[39m
&amp#27;[38;5;32m[AndroidUiautomator2Driver@dabd (47571b8e)]&amp#27;[0m Calling AppiumDriver.click() with args: ["00000000-0000-0594-ffff-ffff0000066a","47571b8e-6191-4ef5-a875-b0f0dcd05976"]
&amp#27;[38;5;32m[AndroidUiautomator2Driver@dabd (47571b8e)]&amp#27;[0m Matched '/element/00000000-0000-0594-ffff-ffff0000066a/click' to command name 'click'
&amp#27;[38;5;32m[AndroidUiautomator2Driver@dabd (47571b8e)]&amp#27;[0m Proxying [POST /element/00000000-0000-0594-ffff-ffff0000066a/click] to [POST http://127.0.0.1:8201/session/e99dcc09-a0f0-48bb-8a0b-d829d4323b82/element/00000000-0000-0594-ffff-ffff0000066a/click] with body: {"element":"00000000-0000-0594-ffff-ffff0000066a"}
&amp#27;[38;5;32m[AndroidUiautomator2Driver@dabd (47571b8e)]&amp#27;[0m Got response with status 200: {"sessionId":"e99dcc09-a0f0-48bb-8a0b-d829d4323b82","value":null}
&amp#27;[38;5;32m[AndroidUiautomator2Driver@dabd (47571b8e)]&amp#27;[0m Responding to client with driver.click() result: null
&amp#27;[38;5;0m[HTTP]&amp#27;[0m &amp#27;[37m<-- POST /session/47571b8e-6191-4ef5-a875-b0f0dcd05976/element/00000000-0000-0594-ffff-ffff0000066a/click &amp#27;[39m&amp#27;[32m200&amp#27;[39m &amp#27;[90m507 ms - 14&amp#27;[39m
&amp#27;[38;5;0m[HTTP]&amp#27;[0m &amp#27;[90m&amp#27;[39m
&amp#27;[38;5;0m[HTTP]&amp#27;[0m &amp#27;[37m-->&amp#27;[39m &amp#27;[37mGET&amp#27;[39m &amp#27;[37m/session/47571b8e-6191-4ef5-a875-b0f0dcd05976/context&amp#27;[39m
&amp#27;[38;5;0m[HTTP]&amp#27;[0m &amp#27;[90m{}&amp#27;[39m
&amp#27;[38;5;32m[AndroidUiautomator2Driver@dabd (47571b8e)]&amp#27;[0m Calling AppiumDriver.getCurrentContext() with args: ["47571b8e-6191-4ef5-a875-b0f0dcd05976"]
&amp#27;[38;5;32m[AndroidUiautomator2Driver@dabd (47571b8e)]&amp#27;[0m Responding to client with driver.getCurrentContext() result: "NATIVE_APP"
&amp#27;[38;5;0m[HTTP]&amp#27;[0m &amp#27;[37m<-- GET /session/47571b8e-6191-4ef5-a875-b0f0dcd05976/context &amp#27;[39m&amp#27;[32m200&amp#27;[39m &amp#27;[90m0 ms - 22&amp#27;[39m
&amp#27;[38;5;0m[HTTP]&amp#27;[0m &amp#27;[90m&amp#27;[39m
&amp#27;[38;5;0m[HTTP]&amp#27;[0m &amp#27;[37m-->&amp#27;[39m &amp#27;[37mPOST&amp#27;[39m &amp#27;[37m/session/47571b8e-6191-4ef5-a875-b0f0dcd05976/element&amp#27;[39m
&amp#27;[38;5;0m[HTTP]&amp#27;[0m &amp#27;[90m{"using":"accessibility id","value":"Add To Cart button"}&amp#27;[39m
&amp#27;[38;5;32m[AndroidUiautomator2Driver@dabd (47571b8e)]&amp#27;[0m Calling AppiumDriver.findElement() with args: ["accessibility id","Add To Cart button","47571b8e-6191-4ef5-a875-b0f0dcd05976"]
&amp#27;[38;5;32m[AndroidUiautomator2Driver@dabd (47571b8e)]&amp#27;[0m Valid locator strategies for this request: xpath, id, class name, accessibility id, css selector, -android uiautomator
&amp#27;[38;5;32m[AndroidUiautomator2Driver@dabd (47571b8e)]&amp#27;[0m Waiting up to 10000 ms for condition
&amp#27;[38;5;32m[AndroidUiautomator2Driver@dabd (47571b8e)]&amp#27;[0m Matched '/element' to command name 'findElement'
&amp#27;[38;5;32m[AndroidUiautomator2Driver@dabd (47571b8e)]&amp#27;[0m Proxying [POST /element] to [POST http://127.0.0.1:8201/session/e99dcc09-a0f0-48bb-8a0b-d829d4323b82/element] with body: {"strategy":"accessibility id","selector":"Add To Cart button","context":"","multiple":false}
&amp#27;[38;5;32m[AndroidUiautomator2Driver@dabd (47571b8e)]&amp#27;[0m Got response with status 200: {"sessionId":"e99dcc09-a0f0-48bb-8a0b-d829d4323b82","value":{"ELEMENT":"00000000-0000-0594-ffff-ffff00000676","element-6066-11e4-a52e-4f735466cecf":"00000000-0000-0594-ffff-ffff00000676"}}
&amp#27;[38;5;32m[AndroidUiautomator2Driver@dabd (47571b8e)]&amp#27;[0m Responding to client with driver.findElement() result: {"element-6066-11e4-a52e-4f735466cecf":"00000000-0000-0594-ffff-ffff00000676","ELEMENT":"00000000-0000-0594-ffff-ffff00000676"}
&amp#27;[38;5;0m[HTTP]&amp#27;[0m &amp#27;[37m<-- POST /session/47571b8e-6191-4ef5-a875-b0f0dcd05976/element &amp#27;[39m&amp#27;[32m200&amp#27;[39m &amp#27;[90m190 ms - 137&amp#27;[39m
&amp#27;[38;5;0m[HTTP]&amp#27;[0m &amp#27;[90m&amp#27;[39m
&amp#27;[38;5;0m[HTTP]&amp#27;[0m &amp#27;[37m-->&amp#27;[39m &amp#27;[37mPOST&amp#27;[39m &amp#27;[37m/session/47571b8e-6191-4ef5-a875-b0f0dcd05976/element/00000000-0000-0594-ffff-ffff00000676/click&amp#27;[39m
&amp#27;[38;5;0m[HTTP]&amp#27;[0m &amp#27;[90m{"id":"00000000-0000-0594-ffff-ffff00000676"}&amp#27;[39m
&amp#27;[38;5;32m[AndroidUiautomator2Driver@dabd (47571b8e)]&amp#27;[0m Calling AppiumDriver.click() with args: ["00000000-0000-0594-ffff-ffff00000676","47571b8e-6191-4ef5-a875-b0f0dcd05976"]
&amp#27;[38;5;32m[AndroidUiautomator2Driver@dabd (47571b8e)]&amp#27;[0m Matched '/element/00000000-0000-0594-ffff-ffff00000676/click' to command name 'click'
&amp#27;[38;5;32m[AndroidUiautomator2Driver@dabd (47571b8e)]&amp#27;[0m Proxying [POST /element/00000000-0000-0594-ffff-ffff00000676/click] to [POST http://127.0.0.1:8201/session/e99dcc09-a0f0-48bb-8a0b-d829d4323b82/element/00000000-0000-0594-ffff-ffff00000676/click] with body: {"element":"00000000-0000-0594-ffff-ffff00000676"}
&amp#27;[38;5;32m[AndroidUiautomator2Driver@dabd (47571b8e)]&amp#27;[0m Got response with status 200: {"sessionId":"e99dcc09-a0f0-48bb-8a0b-d829d4323b82","value":null}
&amp#27;[38;5;32m[AndroidUiautomator2Driver@dabd (47571b8e)]&amp#27;[0m Responding to client with driver.click() result: null
&amp#27;[38;5;0m[HTTP]&amp#27;[0m &amp#27;[37m<-- POST /session/47571b8e-6191-4ef5-a875-b0f0dcd05976/element/00000000-0000-0594-ffff-ffff00000676/click &amp#27;[39m&amp#27;[32m200&amp#27;[39m &amp#27;[90m509 ms - 14&amp#27;[39m
&amp#27;[38;5;0m[HTTP]&amp#27;[0m &amp#27;[90m&amp#27;[39m
&amp#27;[38;5;0m[HTTP]&amp#27;[0m &amp#27;[37m-->&amp#27;[39m &amp#27;[37mGET&amp#27;[39m &amp#27;[37m/session/47571b8e-6191-4ef5-a875-b0f0dcd05976/context&amp#27;[39m
&amp#27;[38;5;0m[HTTP]&amp#27;[0m &amp#27;[90m{}&amp#27;[39m
&amp#27;[38;5;32m[AndroidUiautomator2Driver@dabd (47571b8e)]&amp#27;[0m Calling AppiumDriver.getCurrentContext() with args: ["47571b8e-6191-4ef5-a875-b0f0dcd05976"]
&amp#27;[38;5;32m[AndroidUiautomator2Driver@dabd (47571b8e)]&amp#27;[0m Responding to client with driver.getCurrentContext() result: "NATIVE_APP"
&amp#27;[38;5;0m[HTTP]&amp#27;[0m &amp#27;[37m<-- GET /session/47571b8e-6191-4ef5-a875-b0f0dcd05976/context &amp#27;[39m&amp#27;[32m200&amp#27;[39m &amp#27;[90m1 ms - 22&amp#27;[39m
&amp#27;[38;5;0m[HTTP]&amp#27;[0m &amp#27;[90m&amp#27;[39m
&amp#27;[38;5;0m[HTTP]&amp#27;[0m &amp#27;[37m-->&amp#27;[39m &amp#27;[37mPOST&amp#27;[39m &amp#27;[37m/session/47571b8e-6191-4ef5-a875-b0f0dcd05976/element&amp#27;[39m
&amp#27;[38;5;0m[HTTP]&amp#27;[0m &amp#27;[90m{"using":"xpath","value":"//android.view.ViewGroup[@content-desc='cart badge']/android.widget.TextView"}&amp#27;[39m
&amp#27;[38;5;32m[AndroidUiautomator2Driver@dabd (47571b8e)]&amp#27;[0m Calling AppiumDriver.findElement() with args: ["xpath","//android.view.ViewGroup[@content-desc='cart badge']/android.widget.TextView","47571b8e-6191-4ef5-a875-b0f0dcd05976"]
&amp#27;[38;5;32m[AndroidUiautomator2Driver@dabd (47571b8e)]&amp#27;[0m Valid locator strategies for this request: xpath, id, class name, accessibility id, css selector, -android uiautomator
&amp#27;[38;5;32m[AndroidUiautomator2Driver@dabd (47571b8e)]&amp#27;[0m Waiting up to 10000 ms for condition
&amp#27;[38;5;32m[AndroidUiautomator2Driver@dabd (47571b8e)]&amp#27;[0m Matched '/element' to command name 'findElement'
&amp#27;[38;5;32m[AndroidUiautomator2Driver@dabd (47571b8e)]&amp#27;[0m Proxying [POST /element] to [POST http://127.0.0.1:8201/session/e99dcc09-a0f0-48bb-8a0b-d829d4323b82/element] with body: {"strategy":"xpath","selector":"//android.view.ViewGroup[@content-desc='cart badge']/android.widget.TextView","context":"","multiple":false}
&amp#27;[38;5;32m[AndroidUiautomator2Driver@dabd (47571b8e)]&amp#27;[0m Got response with status 404: {"sessionId":"e99dcc09-a0f0-48bb-8a0b-d829d4323b82","value":{"error":"no such element","message":"An element could not be located on the page using the given search parameters","stacktrace":"io.appium.uiautomator2.common.exceptions.ElementNotFoundException: An element could not be located on the page using the given search parameters\n\tat io.appium.uiautomator2.utils.ElementLocationHelpers.findElement(ElementLocationHelpers.java:156)\n\tat io.appium.uiautomator2.handler.FindElement.safeHandle(FindElement.java:60)\n\tat io.appium.uiautomator2.handler.request.SafeRequestHandler.handle(SafeRequestHandler.java:59)\n\tat io.appium.uiautomator2.server.AppiumServlet.handleRequest(AppiumServlet.java:277)\n\tat io.appium.uiautomator2.server.AppiumServlet.handleHttpRequest(AppiumServlet.java:271)\n\tat io.appium.uiautomator2.http.ServerHandler.channelRead(ServerHandler.java:77)\n\tat io.netty.channel.AbstractChannelHandlerContext.invokeChannelRead(AbstractChannelHandlerContext.java:366)\n\tat io.netty.channel.Abstr...
&amp#27;[38;5;128m[W3C]&amp#27;[0m Matched W3C error code 'no such element' to NoSuchElementError
&amp#27;[38;5;32m[AndroidUiautomator2Driver@dabd (47571b8e)]&amp#27;[0m Waited for 476 ms so far
&amp#27;[38;5;32m[AndroidUiautomator2Driver@dabd (47571b8e)]&amp#27;[0m Matched '/element' to command name 'findElement'
&amp#27;[38;5;32m[AndroidUiautomator2Driver@dabd (47571b8e)]&amp#27;[0m Proxying [POST /element] to [POST http://127.0.0.1:8201/session/e99dcc09-a0f0-48bb-8a0b-d829d4323b82/element] with body: {"strategy":"xpath","selector":"//android.view.ViewGroup[@content-desc='cart badge']/android.widget.TextView","context":"","multiple":false}
&amp#27;[38;5;32m[AndroidUiautomator2Driver@dabd (47571b8e)]&amp#27;[0m Got response with status 200: {"sessionId":"e99dcc09-a0f0-48bb-8a0b-d829d4323b82","value":{"ELEMENT":"00000000-0000-0594-ffff-ffff00000683","element-6066-11e4-a52e-4f735466cecf":"00000000-0000-0594-ffff-ffff00000683"}}
&amp#27;[38;5;32m[AndroidUiautomator2Driver@dabd (47571b8e)]&amp#27;[0m Responding to client with driver.findElement() result: {"element-6066-11e4-a52e-4f735466cecf":"00000000-0000-0594-ffff-ffff00000683","ELEMENT":"00000000-0000-0594-ffff-ffff00000683"}
&amp#27;[38;5;0m[HTTP]&amp#27;[0m &amp#27;[37m<-- POST /session/47571b8e-6191-4ef5-a875-b0f0dcd05976/element &amp#27;[39m&amp#27;[32m200&amp#27;[39m &amp#27;[90m1338 ms - 137&amp#27;[39m
&amp#27;[38;5;0m[HTTP]&amp#27;[0m &amp#27;[90m&amp#27;[39m
&amp#27;[38;5;0m[HTTP]&amp#27;[0m &amp#27;[37m-->&amp#27;[39m &amp#27;[37mGET&amp#27;[39m &amp#27;[37m/session/47571b8e-6191-4ef5-a875-b0f0dcd05976/element/00000000-0000-0594-ffff-ffff00000683/displayed&amp#27;[39m
&amp#27;[38;5;0m[HTTP]&amp#27;[0m &amp#27;[90m{}&amp#27;[39m
&amp#27;[38;5;32m[AndroidUiautomator2Driver@dabd (47571b8e)]&amp#27;[0m Calling AppiumDriver.elementDisplayed() with args: ["00000000-0000-0594-ffff-ffff00000683","47571b8e-6191-4ef5-a875-b0f0dcd05976"]
&amp#27;[38;5;32m[AndroidUiautomator2Driver@dabd (47571b8e)]&amp#27;[0m Matched '/element/00000000-0000-0594-ffff-ffff00000683/attribute/displayed' to command name 'getAttribute'
&amp#27;[38;5;32m[AndroidUiautomator2Driver@dabd (47571b8e)]&amp#27;[0m Proxying [GET /element/00000000-0000-0594-ffff-ffff00000683/attribute/displayed] to [GET http://127.0.0.1:8201/session/e99dcc09-a0f0-48bb-8a0b-d829d4323b82/element/00000000-0000-0594-ffff-ffff00000683/attribute/displayed] with no body
&amp#27;[38;5;32m[AndroidUiautomator2Driver@dabd (47571b8e)]&amp#27;[0m Got response with status 200: {"sessionId":"e99dcc09-a0f0-48bb-8a0b-d829d4323b82","value":"true"}
&amp#27;[38;5;32m[AndroidUiautomator2Driver@dabd (47571b8e)]&amp#27;[0m Responding to client with driver.elementDisplayed() result: true
&amp#27;[38;5;0m[HTTP]&amp#27;[0m &amp#27;[37m<-- GET /session/47571b8e-6191-4ef5-a875-b0f0dcd05976/element/00000000-0000-0594-ffff-ffff00000683/displayed &amp#27;[39m&amp#27;[32m200&amp#27;[39m &amp#27;[90m22 ms - 14&amp#27;[39m
&amp#27;[38;5;0m[HTTP]&amp#27;[0m &amp#27;[90m&amp#27;[39m
&amp#27;[38;5;0m[HTTP]&amp#27;[0m &amp#27;[37m-->&amp#27;[39m &amp#27;[37mGET&amp#27;[39m &amp#27;[37m/session/47571b8e-6191-4ef5-a875-b0f0dcd05976/context&amp#27;[39m
&amp#27;[38;5;0m[HTTP]&amp#27;[0m &amp#27;[90m{}&amp#27;[39m
&amp#27;[38;5;32m[AndroidUiautomator2Driver@dabd (47571b8e)]&amp#27;[0m Calling AppiumDriver.getCurrentContext() with args: ["47571b8e-6191-4ef5-a875-b0f0dcd05976"]
&amp#27;[38;5;32m[AndroidUiautomator2Driver@dabd (47571b8e)]&amp#27;[0m Responding to client with driver.getCurrentContext() result: "NATIVE_APP"
&amp#27;[38;5;0m[HTTP]&amp#27;[0m &amp#27;[37m<-- GET /session/47571b8e-6191-4ef5-a875-b0f0dcd05976/context &amp#27;[39m&amp#27;[32m200&amp#27;[39m &amp#27;[90m1 ms - 22&amp#27;[39m
&amp#27;[38;5;0m[HTTP]&amp#27;[0m &amp#27;[90m&amp#27;[39m
&amp#27;[38;5;0m[HTTP]&amp#27;[0m &amp#27;[37m-->&amp#27;[39m &amp#27;[37mPOST&amp#27;[39m &amp#27;[37m/session/47571b8e-6191-4ef5-a875-b0f0dcd05976/element&amp#27;[39m
&amp#27;[38;5;0m[HTTP]&amp#27;[0m &amp#27;[90m{"using":"xpath","value":"//android.view.ViewGroup[@content-desc='cart badge']/android.widget.TextView"}&amp#27;[39m
&amp#27;[38;5;32m[AndroidUiautomator2Driver@dabd (47571b8e)]&amp#27;[0m Calling AppiumDriver.findElement() with args: ["xpath","//android.view.ViewGroup[@content-desc='cart badge']/android.widget.TextView","47571b8e-6191-4ef5-a875-b0f0dcd05976"]
&amp#27;[38;5;32m[AndroidUiautomator2Driver@dabd (47571b8e)]&amp#27;[0m Valid locator strategies for this request: xpath, id, class name, accessibility id, css selector, -android uiautomator
&amp#27;[38;5;32m[AndroidUiautomator2Driver@dabd (47571b8e)]&amp#27;[0m Waiting up to 10000 ms for condition
&amp#27;[38;5;32m[AndroidUiautomator2Driver@dabd (47571b8e)]&amp#27;[0m Matched '/element' to command name 'findElement'
&amp#27;[38;5;32m[AndroidUiautomator2Driver@dabd (47571b8e)]&amp#27;[0m Proxying [POST /element] to [POST http://127.0.0.1:8201/session/e99dcc09-a0f0-48bb-8a0b-d829d4323b82/element] with body: {"strategy":"xpath","selector":"//android.view.ViewGroup[@content-desc='cart badge']/android.widget.TextView","context":"","multiple":false}
&amp#27;[38;5;32m[AndroidUiautomator2Driver@dabd (47571b8e)]&amp#27;[0m Got response with status 200: {"sessionId":"e99dcc09-a0f0-48bb-8a0b-d829d4323b82","value":{"ELEMENT":"00000000-0000-0594-ffff-ffff00000683","element-6066-11e4-a52e-4f735466cecf":"00000000-0000-0594-ffff-ffff00000683"}}
&amp#27;[38;5;32m[AndroidUiautomator2Driver@dabd (47571b8e)]&amp#27;[0m Responding to client with driver.findElement() result: {"element-6066-11e4-a52e-4f735466cecf":"00000000-0000-0594-ffff-ffff00000683","ELEMENT":"00000000-0000-0594-ffff-ffff00000683"}
&amp#27;[38;5;0m[HTTP]&amp#27;[0m &amp#27;[37m<-- POST /session/47571b8e-6191-4ef5-a875-b0f0dcd05976/element &amp#27;[39m&amp#27;[32m200&amp#27;[39m &amp#27;[90m378 ms - 137&amp#27;[39m
&amp#27;[38;5;0m[HTTP]&amp#27;[0m &amp#27;[90m&amp#27;[39m
&amp#27;[38;5;0m[HTTP]&amp#27;[0m &amp#27;[37m-->&amp#27;[39m &amp#27;[37mGET&amp#27;[39m &amp#27;[37m/session/47571b8e-6191-4ef5-a875-b0f0dcd05976/element/00000000-0000-0594-ffff-ffff00000683/text&amp#27;[39m
&amp#27;[38;5;0m[HTTP]&amp#27;[0m &amp#27;[90m{}&amp#27;[39m
&amp#27;[38;5;32m[AndroidUiautomator2Driver@dabd (47571b8e)]&amp#27;[0m Driver proxy active, passing request on via HTTP proxy
&amp#27;[38;5;32m[AndroidUiautomator2Driver@dabd (47571b8e)]&amp#27;[0m Matched '/session/47571b8e-6191-4ef5-a875-b0f0dcd05976/element/00000000-0000-0594-ffff-ffff00000683/text' to command name 'getText'
&amp#27;[38;5;32m[AndroidUiautomator2Driver@dabd (47571b8e)]&amp#27;[0m Proxying [GET /session/47571b8e-6191-4ef5-a875-b0f0dcd05976/element/00000000-0000-0594-ffff-ffff00000683/text] to [GET http://127.0.0.1:8201/session/e99dcc09-a0f0-48bb-8a0b-d829d4323b82/element/00000000-0000-0594-ffff-ffff00000683/text] with no body
&amp#27;[38;5;32m[AndroidUiautomator2Driver@dabd (47571b8e)]&amp#27;[0m Got response with status 200: {"sessionId":"e99dcc09-a0f0-48bb-8a0b-d829d4323b82","value":"3"}
&amp#27;[38;5;32m[AndroidUiautomator2Driver@dabd (47571b8e)]&amp#27;[0m Replacing sessionId e99dcc09-a0f0-48bb-8a0b-d829d4323b82 with 47571b8e-6191-4ef5-a875-b0f0dcd05976
&amp#27;[38;5;0m[HTTP]&amp#27;[0m &amp#27;[37m<-- GET /session/47571b8e-6191-4ef5-a875-b0f0dcd05976/element/00000000-0000-0594-ffff-ffff00000683/text &amp#27;[39m&amp#27;[32m200&amp#27;[39m &amp#27;[90m21 ms - 64&amp#27;[39m
&amp#27;[38;5;0m[HTTP]&amp#27;[0m &amp#27;[90m&amp#27;[39m
&amp#27;[38;5;0m[HTTP]&amp#27;[0m &amp#27;[37m-->&amp#27;[39m &amp#27;[37mGET&amp#27;[39m &amp#27;[37m/session/47571b8e-6191-4ef5-a875-b0f0dcd05976/context&amp#27;[39m
&amp#27;[38;5;0m[HTTP]&amp#27;[0m &amp#27;[90m{}&amp#27;[39m
&amp#27;[38;5;32m[AndroidUiautomator2Driver@dabd (47571b8e)]&amp#27;[0m Calling AppiumDriver.getCurrentContext() with args: ["47571b8e-6191-4ef5-a875-b0f0dcd05976"]
&amp#27;[38;5;32m[AndroidUiautomator2Driver@dabd (47571b8e)]&amp#27;[0m Responding to client with driver.getCurrentContext() result: "NATIVE_APP"
&amp#27;[38;5;0m[HTTP]&amp#27;[0m &amp#27;[37m<-- GET /session/47571b8e-6191-4ef5-a875-b0f0dcd05976/context &amp#27;[39m&amp#27;[32m200&amp#27;[39m &amp#27;[90m1 ms - 22&amp#27;[39m
&amp#27;[38;5;0m[HTTP]&amp#27;[0m &amp#27;[90m&amp#27;[39m
&amp#27;[38;5;0m[HTTP]&amp#27;[0m &amp#27;[37m-->&amp#27;[39m &amp#27;[37mPOST&amp#27;[39m &amp#27;[37m/session/47571b8e-6191-4ef5-a875-b0f0dcd05976/element&amp#27;[39m
&amp#27;[38;5;0m[HTTP]&amp#27;[0m &amp#27;[90m{"using":"accessibility id","value":"cart badge"}&amp#27;[39m
&amp#27;[38;5;32m[AndroidUiautomator2Driver@dabd (47571b8e)]&amp#27;[0m Calling AppiumDriver.findElement() with args: ["accessibility id","cart badge","47571b8e-6191-4ef5-a875-b0f0dcd05976"]
&amp#27;[38;5;32m[AndroidUiautomator2Driver@dabd (47571b8e)]&amp#27;[0m Valid locator strategies for this request: xpath, id, class name, accessibility id, css selector, -android uiautomator
&amp#27;[38;5;32m[AndroidUiautomator2Driver@dabd (47571b8e)]&amp#27;[0m Waiting up to 10000 ms for condition
&amp#27;[38;5;32m[AndroidUiautomator2Driver@dabd (47571b8e)]&amp#27;[0m Matched '/element' to command name 'findElement'
&amp#27;[38;5;32m[AndroidUiautomator2Driver@dabd (47571b8e)]&amp#27;[0m Proxying [POST /element] to [POST http://127.0.0.1:8201/session/e99dcc09-a0f0-48bb-8a0b-d829d4323b82/element] with body: {"strategy":"accessibility id","selector":"cart badge","context":"","multiple":false}
&amp#27;[38;5;32m[AndroidUiautomator2Driver@dabd (47571b8e)]&amp#27;[0m Got response with status 200: {"sessionId":"e99dcc09-a0f0-48bb-8a0b-d829d4323b82","value":{"ELEMENT":"00000000-0000-0594-ffff-ffff00000681","element-6066-11e4-a52e-4f735466cecf":"00000000-0000-0594-ffff-ffff00000681"}}
&amp#27;[38;5;32m[AndroidUiautomator2Driver@dabd (47571b8e)]&amp#27;[0m Responding to client with driver.findElement() result: {"element-6066-11e4-a52e-4f735466cecf":"00000000-0000-0594-ffff-ffff00000681","ELEMENT":"00000000-0000-0594-ffff-ffff00000681"}
&amp#27;[38;5;0m[HTTP]&amp#27;[0m &amp#27;[37m<-- POST /session/47571b8e-6191-4ef5-a875-b0f0dcd05976/element &amp#27;[39m&amp#27;[32m200&amp#27;[39m &amp#27;[90m107 ms - 137&amp#27;[39m
&amp#27;[38;5;0m[HTTP]&amp#27;[0m &amp#27;[90m&amp#27;[39m
&amp#27;[38;5;0m[HTTP]&amp#27;[0m &amp#27;[37m-->&amp#27;[39m &amp#27;[37mPOST&amp#27;[39m &amp#27;[37m/session/47571b8e-6191-4ef5-a875-b0f0dcd05976/element/00000000-0000-0594-ffff-ffff00000681/click&amp#27;[39m
&amp#27;[38;5;0m[HTTP]&amp#27;[0m &amp#27;[90m{"id":"00000000-0000-0594-ffff-ffff00000681"}&amp#27;[39m
&amp#27;[38;5;32m[AndroidUiautomator2Driver@dabd (47571b8e)]&amp#27;[0m Calling AppiumDriver.click() with args: ["00000000-0000-0594-ffff-ffff00000681","47571b8e-6191-4ef5-a875-b0f0dcd05976"]
&amp#27;[38;5;32m[AndroidUiautomator2Driver@dabd (47571b8e)]&amp#27;[0m Matched '/element/00000000-0000-0594-ffff-ffff00000681/click' to command name 'click'
&amp#27;[38;5;32m[AndroidUiautomator2Driver@dabd (47571b8e)]&amp#27;[0m Proxying [POST /element/00000000-0000-0594-ffff-ffff00000681/click] to [POST http://127.0.0.1:8201/session/e99dcc09-a0f0-48bb-8a0b-d829d4323b82/element/00000000-0000-0594-ffff-ffff00000681/click] with body: {"element":"00000000-0000-0594-ffff-ffff00000681"}
&amp#27;[38;5;32m[AndroidUiautomator2Driver@dabd (47571b8e)]&amp#27;[0m Got response with status 200: {"sessionId":"e99dcc09-a0f0-48bb-8a0b-d829d4323b82","value":null}
&amp#27;[38;5;32m[AndroidUiautomator2Driver@dabd (47571b8e)]&amp#27;[0m Responding to client with driver.click() result: null
&amp#27;[38;5;0m[HTTP]&amp#27;[0m &amp#27;[37m<-- POST /session/47571b8e-6191-4ef5-a875-b0f0dcd05976/element/00000000-0000-0594-ffff-ffff00000681/click &amp#27;[39m&amp#27;[32m200&amp#27;[39m &amp#27;[90m64 ms - 14&amp#27;[39m
&amp#27;[38;5;0m[HTTP]&amp#27;[0m &amp#27;[90m&amp#27;[39m
&amp#27;[38;5;0m[HTTP]&amp#27;[0m &amp#27;[37m-->&amp#27;[39m &amp#27;[37mGET&amp#27;[39m &amp#27;[37m/session/47571b8e-6191-4ef5-a875-b0f0dcd05976/context&amp#27;[39m
&amp#27;[38;5;0m[HTTP]&amp#27;[0m &amp#27;[90m{}&amp#27;[39m
&amp#27;[38;5;32m[AndroidUiautomator2Driver@dabd (47571b8e)]&amp#27;[0m Calling AppiumDriver.getCurrentContext() with args: ["47571b8e-6191-4ef5-a875-b0f0dcd05976"]
&amp#27;[38;5;32m[AndroidUiautomator2Driver@dabd (47571b8e)]&amp#27;[0m Responding to client with driver.getCurrentContext() result: "NATIVE_APP"
&amp#27;[38;5;0m[HTTP]&amp#27;[0m &amp#27;[37m<-- GET /session/47571b8e-6191-4ef5-a875-b0f0dcd05976/context &amp#27;[39m&amp#27;[32m200&amp#27;[39m &amp#27;[90m1 ms - 22&amp#27;[39m
&amp#27;[38;5;0m[HTTP]&amp#27;[0m &amp#27;[90m&amp#27;[39m
&amp#27;[38;5;0m[HTTP]&amp#27;[0m &amp#27;[37m-->&amp#27;[39m &amp#27;[37mPOST&amp#27;[39m &amp#27;[37m/session/47571b8e-6191-4ef5-a875-b0f0dcd05976/element&amp#27;[39m
&amp#27;[38;5;0m[HTTP]&amp#27;[0m &amp#27;[90m{"using":"accessibility id","value":"total price"}&amp#27;[39m
&amp#27;[38;5;32m[AndroidUiautomator2Driver@dabd (47571b8e)]&amp#27;[0m Calling AppiumDriver.findElement() with args: ["accessibility id","total price","47571b8e-6191-4ef5-a875-b0f0dcd05976"]
&amp#27;[38;5;32m[AndroidUiautomator2Driver@dabd (47571b8e)]&amp#27;[0m Valid locator strategies for this request: xpath, id, class name, accessibility id, css selector, -android uiautomator
&amp#27;[38;5;32m[AndroidUiautomator2Driver@dabd (47571b8e)]&amp#27;[0m Waiting up to 10000 ms for condition
&amp#27;[38;5;32m[AndroidUiautomator2Driver@dabd (47571b8e)]&amp#27;[0m Matched '/element' to command name 'findElement'
&amp#27;[38;5;32m[AndroidUiautomator2Driver@dabd (47571b8e)]&amp#27;[0m Proxying [POST /element] to [POST http://127.0.0.1:8201/session/e99dcc09-a0f0-48bb-8a0b-d829d4323b82/element] with body: {"strategy":"accessibility id","selector":"total price","context":"","multiple":false}
&amp#27;[38;5;32m[AndroidUiautomator2Driver@dabd (47571b8e)]&amp#27;[0m Got response with status 200: {"sessionId":"e99dcc09-a0f0-48bb-8a0b-d829d4323b82","value":{"ELEMENT":"00000000-0000-0594-ffff-ffff000006a7","element-6066-11e4-a52e-4f735466cecf":"00000000-0000-0594-ffff-ffff000006a7"}}
&amp#27;[38;5;32m[AndroidUiautomator2Driver@dabd (47571b8e)]&amp#27;[0m Responding to client with driver.findElement() result: {"element-6066-11e4-a52e-4f735466cecf":"00000000-0000-0594-ffff-ffff000006a7","ELEMENT":"00000000-0000-0594-ffff-ffff000006a7"}
&amp#27;[38;5;0m[HTTP]&amp#27;[0m &amp#27;[37m<-- POST /session/47571b8e-6191-4ef5-a875-b0f0dcd05976/element &amp#27;[39m&amp#27;[32m200&amp#27;[39m &amp#27;[90m565 ms - 137&amp#27;[39m
&amp#27;[38;5;0m[HTTP]&amp#27;[0m &amp#27;[90m&amp#27;[39m
&amp#27;[38;5;0m[HTTP]&amp#27;[0m &amp#27;[37m-->&amp#27;[39m &amp#27;[37mGET&amp#27;[39m &amp#27;[37m/session/47571b8e-6191-4ef5-a875-b0f0dcd05976/element/00000000-0000-0594-ffff-ffff000006a7/text&amp#27;[39m
&amp#27;[38;5;0m[HTTP]&amp#27;[0m &amp#27;[90m{}&amp#27;[39m
&amp#27;[38;5;32m[AndroidUiautomator2Driver@dabd (47571b8e)]&amp#27;[0m Driver proxy active, passing request on via HTTP proxy
&amp#27;[38;5;32m[AndroidUiautomator2Driver@dabd (47571b8e)]&amp#27;[0m Matched '/session/47571b8e-6191-4ef5-a875-b0f0dcd05976/element/00000000-0000-0594-ffff-ffff000006a7/text' to command name 'getText'
&amp#27;[38;5;32m[AndroidUiautomator2Driver@dabd (47571b8e)]&amp#27;[0m Proxying [GET /session/47571b8e-6191-4ef5-a875-b0f0dcd05976/element/00000000-0000-0594-ffff-ffff000006a7/text] to [GET http://127.0.0.1:8201/session/e99dcc09-a0f0-48bb-8a0b-d829d4323b82/element/00000000-0000-0594-ffff-ffff000006a7/text] with no body
&amp#27;[38;5;32m[AndroidUiautomator2Driver@dabd (47571b8e)]&amp#27;[0m Got response with status 200: {"sessionId":"e99dcc09-a0f0-48bb-8a0b-d829d4323b82","value":"$89.97"}
&amp#27;[38;5;32m[AndroidUiautomator2Driver@dabd (47571b8e)]&amp#27;[0m Replacing sessionId e99dcc09-a0f0-48bb-8a0b-d829d4323b82 with 47571b8e-6191-4ef5-a875-b0f0dcd05976
&amp#27;[38;5;0m[HTTP]&amp#27;[0m &amp#27;[37m<-- GET /session/47571b8e-6191-4ef5-a875-b0f0dcd05976/element/00000000-0000-0594-ffff-ffff000006a7/text &amp#27;[39m&amp#27;[32m200&amp#27;[39m &amp#27;[90m38 ms - 69&amp#27;[39m
&amp#27;[38;5;0m[HTTP]&amp#27;[0m &amp#27;[90m&amp#27;[39m
&amp#27;[38;5;0m[HTTP]&amp#27;[0m &amp#27;[37m-->&amp#27;[39m &amp#27;[37mGET&amp#27;[39m &amp#27;[37m/session/47571b8e-6191-4ef5-a875-b0f0dcd05976/context&amp#27;[39m
&amp#27;[38;5;0m[HTTP]&amp#27;[0m &amp#27;[90m{}&amp#27;[39m
&amp#27;[38;5;32m[AndroidUiautomator2Driver@dabd (47571b8e)]&amp#27;[0m Calling AppiumDriver.getCurrentContext() with args: ["47571b8e-6191-4ef5-a875-b0f0dcd05976"]
&amp#27;[38;5;32m[AndroidUiautomator2Driver@dabd (47571b8e)]&amp#27;[0m Responding to client with driver.getCurrentContext() result: "NATIVE_APP"
&amp#27;[38;5;0m[HTTP]&amp#27;[0m &amp#27;[37m<-- GET /session/47571b8e-6191-4ef5-a875-b0f0dcd05976/context &amp#27;[39m&amp#27;[32m200&amp#27;[39m &amp#27;[90m0 ms - 22&amp#27;[39m
&amp#27;[38;5;0m[HTTP]&amp#27;[0m &amp#27;[90m&amp#27;[39m
&amp#27;[38;5;0m[HTTP]&amp#27;[0m &amp#27;[37m-->&amp#27;[39m &amp#27;[37mPOST&amp#27;[39m &amp#27;[37m/session/47571b8e-6191-4ef5-a875-b0f0dcd05976/elements&amp#27;[39m
&amp#27;[38;5;0m[HTTP]&amp#27;[0m &amp#27;[90m{"using":"xpath","value":"//android.widget.TextView[@content-desc='product price']"}&amp#27;[39m
&amp#27;[38;5;32m[AndroidUiautomator2Driver@dabd (47571b8e)]&amp#27;[0m Calling AppiumDriver.findElements() with args: ["xpath","//android.widget.TextView[@content-desc='product price']","47571b8e-6191-4ef5-a875-b0f0dcd05976"]
&amp#27;[38;5;32m[AndroidUiautomator2Driver@dabd (47571b8e)]&amp#27;[0m Valid locator strategies for this request: xpath, id, class name, accessibility id, css selector, -android uiautomator
&amp#27;[38;5;32m[AndroidUiautomator2Driver@dabd (47571b8e)]&amp#27;[0m Waiting up to 10000 ms for condition
&amp#27;[38;5;32m[AndroidUiautomator2Driver@dabd (47571b8e)]&amp#27;[0m Matched '/elements' to command name 'findElements'
&amp#27;[38;5;32m[AndroidUiautomator2Driver@dabd (47571b8e)]&amp#27;[0m Proxying [POST /elements] to [POST http://127.0.0.1:8201/session/e99dcc09-a0f0-48bb-8a0b-d829d4323b82/elements] with body: {"strategy":"xpath","selector":"//android.widget.TextView[@content-desc='product price']","context":"","multiple":true}
&amp#27;[38;5;32m[AndroidUiautomator2Driver@dabd (47571b8e)]&amp#27;[0m Got response with status 200: {"sessionId":"e99dcc09-a0f0-48bb-8a0b-d829d4323b82","value":[{"ELEMENT":"00000000-0000-0594-ffff-ffff00000689","element-6066-11e4-a52e-4f735466cecf":"00000000-0000-0594-ffff-ffff00000689"}]}
&amp#27;[38;5;32m[AndroidUiautomator2Driver@dabd (47571b8e)]&amp#27;[0m Responding to client with driver.findElements() result: [{"element-6066-11e4-a52e-4f735466cecf":"00000000-0000-0594-ffff-ffff00000689","ELEMENT":"00000000-0000-0594-ffff-ffff00000689"}]
&amp#27;[38;5;0m[HTTP]&amp#27;[0m &amp#27;[37m<-- POST /session/47571b8e-6191-4ef5-a875-b0f0dcd05976/elements &amp#27;[39m&amp#27;[32m200&amp#27;[39m &amp#27;[90m450 ms - 139&amp#27;[39m
&amp#27;[38;5;0m[HTTP]&amp#27;[0m &amp#27;[90m&amp#27;[39m
&amp#27;[38;5;0m[HTTP]&amp#27;[0m &amp#27;[37m-->&amp#27;[39m &amp#27;[37mGET&amp#27;[39m &amp#27;[37m/session/47571b8e-6191-4ef5-a875-b0f0dcd05976/context&amp#27;[39m
&amp#27;[38;5;0m[HTTP]&amp#27;[0m &amp#27;[90m{}&amp#27;[39m
&amp#27;[38;5;32m[AndroidUiautomator2Driver@dabd (47571b8e)]&amp#27;[0m Calling AppiumDriver.getCurrentContext() with args: ["47571b8e-6191-4ef5-a875-b0f0dcd05976"]
&amp#27;[38;5;32m[AndroidUiautomator2Driver@dabd (47571b8e)]&amp#27;[0m Responding to client with driver.getCurrentContext() result: "NATIVE_APP"
&amp#27;[38;5;0m[HTTP]&amp#27;[0m &amp#27;[37m<-- GET /session/47571b8e-6191-4ef5-a875-b0f0dcd05976/context &amp#27;[39m&amp#27;[32m200&amp#27;[39m &amp#27;[90m0 ms - 22&amp#27;[39m
&amp#27;[38;5;0m[HTTP]&amp#27;[0m &amp#27;[90m&amp#27;[39m
&amp#27;[38;5;0m[HTTP]&amp#27;[0m &amp#27;[37m-->&amp#27;[39m &amp#27;[37mPOST&amp#27;[39m &amp#27;[37m/session/47571b8e-6191-4ef5-a875-b0f0dcd05976/elements&amp#27;[39m
&amp#27;[38;5;0m[HTTP]&amp#27;[0m &amp#27;[90m{"using":"xpath","value":"//android.widget.TextView[@content-desc='product price']"}&amp#27;[39m
&amp#27;[38;5;32m[AndroidUiautomator2Driver@dabd (47571b8e)]&amp#27;[0m Calling AppiumDriver.findElements() with args: ["xpath","//android.widget.TextView[@content-desc='product price']","47571b8e-6191-4ef5-a875-b0f0dcd05976"]
&amp#27;[38;5;32m[AndroidUiautomator2Driver@dabd (47571b8e)]&amp#27;[0m Valid locator strategies for this request: xpath, id, class name, accessibility id, css selector, -android uiautomator
&amp#27;[38;5;32m[AndroidUiautomator2Driver@dabd (47571b8e)]&amp#27;[0m Waiting up to 10000 ms for condition
&amp#27;[38;5;32m[AndroidUiautomator2Driver@dabd (47571b8e)]&amp#27;[0m Matched '/elements' to command name 'findElements'
&amp#27;[38;5;32m[AndroidUiautomator2Driver@dabd (47571b8e)]&amp#27;[0m Proxying [POST /elements] to [POST http://127.0.0.1:8201/session/e99dcc09-a0f0-48bb-8a0b-d829d4323b82/elements] with body: {"strategy":"xpath","selector":"//android.widget.TextView[@content-desc='product price']","context":"","multiple":true}
&amp#27;[38;5;32m[AndroidUiautomator2Driver@dabd (47571b8e)]&amp#27;[0m Got response with status 200: {"sessionId":"e99dcc09-a0f0-48bb-8a0b-d829d4323b82","value":[{"ELEMENT":"00000000-0000-0594-ffff-ffff00000689","element-6066-11e4-a52e-4f735466cecf":"00000000-0000-0594-ffff-ffff00000689"}]}
&amp#27;[38;5;32m[AndroidUiautomator2Driver@dabd (47571b8e)]&amp#27;[0m Responding to client with driver.findElements() result: [{"element-6066-11e4-a52e-4f735466cecf":"00000000-0000-0594-ffff-ffff00000689","ELEMENT":"00000000-0000-0594-ffff-ffff00000689"}]
&amp#27;[38;5;0m[HTTP]&amp#27;[0m &amp#27;[37m<-- POST /session/47571b8e-6191-4ef5-a875-b0f0dcd05976/elements &amp#27;[39m&amp#27;[32m200&amp#27;[39m &amp#27;[90m735 ms - 139&amp#27;[39m
&amp#27;[38;5;0m[HTTP]&amp#27;[0m &amp#27;[90m&amp#27;[39m
&amp#27;[38;5;0m[HTTP]&amp#27;[0m &amp#27;[37m-->&amp#27;[39m &amp#27;[37mGET&amp#27;[39m &amp#27;[37m/session/47571b8e-6191-4ef5-a875-b0f0dcd05976/element/00000000-0000-0594-ffff-ffff00000689/text&amp#27;[39m
&amp#27;[38;5;0m[HTTP]&amp#27;[0m &amp#27;[90m{}&amp#27;[39m
&amp#27;[38;5;32m[AndroidUiautomator2Driver@dabd (47571b8e)]&amp#27;[0m Driver proxy active, passing request on via HTTP proxy
&amp#27;[38;5;32m[AndroidUiautomator2Driver@dabd (47571b8e)]&amp#27;[0m Matched '/session/47571b8e-6191-4ef5-a875-b0f0dcd05976/element/00000000-0000-0594-ffff-ffff00000689/text' to command name 'getText'
&amp#27;[38;5;32m[AndroidUiautomator2Driver@dabd (47571b8e)]&amp#27;[0m Proxying [GET /session/47571b8e-6191-4ef5-a875-b0f0dcd05976/element/00000000-0000-0594-ffff-ffff00000689/text] to [GET http://127.0.0.1:8201/session/e99dcc09-a0f0-48bb-8a0b-d829d4323b82/element/00000000-0000-0594-ffff-ffff00000689/text] with no body
&amp#27;[38;5;32m[AndroidUiautomator2Driver@dabd (47571b8e)]&amp#27;[0m Got response with status 200: {"sessionId":"e99dcc09-a0f0-48bb-8a0b-d829d4323b82","value":"$29.99"}
&amp#27;[38;5;32m[AndroidUiautomator2Driver@dabd (47571b8e)]&amp#27;[0m Replacing sessionId e99dcc09-a0f0-48bb-8a0b-d829d4323b82 with 47571b8e-6191-4ef5-a875-b0f0dcd05976
&amp#27;[38;5;0m[HTTP]&amp#27;[0m &amp#27;[37m<-- GET /session/47571b8e-6191-4ef5-a875-b0f0dcd05976/element/00000000-0000-0594-ffff-ffff00000689/text &amp#27;[39m&amp#27;[32m200&amp#27;[39m &amp#27;[90m18 ms - 69&amp#27;[39m
&amp#27;[38;5;0m[HTTP]&amp#27;[0m &amp#27;[90m&amp#27;[39m
&amp#27;[38;5;0m[HTTP]&amp#27;[0m &amp#27;[37m-->&amp#27;[39m &amp#27;[37mGET&amp#27;[39m &amp#27;[37m/session/47571b8e-6191-4ef5-a875-b0f0dcd05976/context&amp#27;[39m
&amp#27;[38;5;0m[HTTP]&amp#27;[0m &amp#27;[90m{}&amp#27;[39m
&amp#27;[38;5;32m[AndroidUiautomator2Driver@dabd (47571b8e)]&amp#27;[0m Calling AppiumDriver.getCurrentContext() with args: ["47571b8e-6191-4ef5-a875-b0f0dcd05976"]
&amp#27;[38;5;32m[AndroidUiautomator2Driver@dabd (47571b8e)]&amp#27;[0m Responding to client with driver.getCurrentContext() result: "NATIVE_APP"
&amp#27;[38;5;0m[HTTP]&amp#27;[0m &amp#27;[37m<-- GET /session/47571b8e-6191-4ef5-a875-b0f0dcd05976/context &amp#27;[39m&amp#27;[32m200&amp#27;[39m &amp#27;[90m0 ms - 22&amp#27;[39m
&amp#27;[38;5;0m[HTTP]&amp#27;[0m &amp#27;[90m&amp#27;[39m
&amp#27;[38;5;0m[HTTP]&amp#27;[0m &amp#27;[37m-->&amp#27;[39m &amp#27;[37mPOST&amp#27;[39m &amp#27;[37m/session/47571b8e-6191-4ef5-a875-b0f0dcd05976/elements&amp#27;[39m
&amp#27;[38;5;0m[HTTP]&amp#27;[0m &amp#27;[90m{"using":"xpath","value":"//android.view.ViewGroup[@content-desc='counter amount']/android.widget.TextView"}&amp#27;[39m
&amp#27;[38;5;32m[AndroidUiautomator2Driver@dabd (47571b8e)]&amp#27;[0m Calling AppiumDriver.findElements() with args: ["xpath","//android.view.ViewGroup[@content-desc='counter amount']/android.widget.TextView","47571b8e-6191-4ef5-a875-b0f0dcd05976"]
&amp#27;[38;5;32m[AndroidUiautomator2Driver@dabd (47571b8e)]&amp#27;[0m Valid locator strategies for this request: xpath, id, class name, accessibility id, css selector, -android uiautomator
&amp#27;[38;5;32m[AndroidUiautomator2Driver@dabd (47571b8e)]&amp#27;[0m Waiting up to 10000 ms for condition
&amp#27;[38;5;32m[AndroidUiautomator2Driver@dabd (47571b8e)]&amp#27;[0m Matched '/elements' to command name 'findElements'
&amp#27;[38;5;32m[AndroidUiautomator2Driver@dabd (47571b8e)]&amp#27;[0m Proxying [POST /elements] to [POST http://127.0.0.1:8201/session/e99dcc09-a0f0-48bb-8a0b-d829d4323b82/elements] with body: {"strategy":"xpath","selector":"//android.view.ViewGroup[@content-desc='counter amount']/android.widget.TextView","context":"","multiple":true}
&amp#27;[38;5;32m[AndroidUiautomator2Driver@dabd (47571b8e)]&amp#27;[0m Got response with status 200: {"sessionId":"e99dcc09-a0f0-48bb-8a0b-d829d4323b82","value":[{"ELEMENT":"00000000-0000-0594-ffff-ffff0000069a","element-6066-11e4-a52e-4f735466cecf":"00000000-0000-0594-ffff-ffff0000069a"}]}
&amp#27;[38;5;32m[AndroidUiautomator2Driver@dabd (47571b8e)]&amp#27;[0m Responding to client with driver.findElements() result: [{"element-6066-11e4-a52e-4f735466cecf":"00000000-0000-0594-ffff-ffff0000069a","ELEMENT":"00000000-0000-0594-ffff-ffff0000069a"}]
&amp#27;[38;5;0m[HTTP]&amp#27;[0m &amp#27;[37m<-- POST /session/47571b8e-6191-4ef5-a875-b0f0dcd05976/elements &amp#27;[39m&amp#27;[32m200&amp#27;[39m &amp#27;[90m397 ms - 139&amp#27;[39m
&amp#27;[38;5;0m[HTTP]&amp#27;[0m &amp#27;[90m&amp#27;[39m
&amp#27;[38;5;0m[HTTP]&amp#27;[0m &amp#27;[37m-->&amp#27;[39m &amp#27;[37mGET&amp#27;[39m &amp#27;[37m/session/47571b8e-6191-4ef5-a875-b0f0dcd05976/element/00000000-0000-0594-ffff-ffff0000069a/text&amp#27;[39m
&amp#27;[38;5;0m[HTTP]&amp#27;[0m &amp#27;[90m{}&amp#27;[39m
&amp#27;[38;5;32m[AndroidUiautomator2Driver@dabd (47571b8e)]&amp#27;[0m Driver proxy active, passing request on via HTTP proxy
&amp#27;[38;5;32m[AndroidUiautomator2Driver@dabd (47571b8e)]&amp#27;[0m Matched '/session/47571b8e-6191-4ef5-a875-b0f0dcd05976/element/00000000-0000-0594-ffff-ffff0000069a/text' to command name 'getText'
&amp#27;[38;5;32m[AndroidUiautomator2Driver@dabd (47571b8e)]&amp#27;[0m Proxying [GET /session/47571b8e-6191-4ef5-a875-b0f0dcd05976/element/00000000-0000-0594-ffff-ffff0000069a/text] to [GET http://127.0.0.1:8201/session/e99dcc09-a0f0-48bb-8a0b-d829d4323b82/element/00000000-0000-0594-ffff-ffff0000069a/text] with no body
&amp#27;[38;5;32m[AndroidUiautomator2Driver@dabd (47571b8e)]&amp#27;[0m Got response with status 200: {"sessionId":"e99dcc09-a0f0-48bb-8a0b-d829d4323b82","value":"3"}
&amp#27;[38;5;32m[AndroidUiautomator2Driver@dabd (47571b8e)]&amp#27;[0m Replacing sessionId e99dcc09-a0f0-48bb-8a0b-d829d4323b82 with 47571b8e-6191-4ef5-a875-b0f0dcd05976
&amp#27;[38;5;0m[HTTP]&amp#27;[0m &amp#27;[37m<-- GET /session/47571b8e-6191-4ef5-a875-b0f0dcd05976/element/00000000-0000-0594-ffff-ffff0000069a/text &amp#27;[39m&amp#27;[32m200&amp#27;[39m &amp#27;[90m483 ms - 64&amp#27;[39m
&amp#27;[38;5;0m[HTTP]&amp#27;[0m &amp#27;[90m&amp#27;[39m
&amp#27;[38;5;0m[HTTP]&amp#27;[0m &amp#27;[37m-->&amp#27;[39m &amp#27;[37mGET&amp#27;[39m &amp#27;[37m/session/47571b8e-6191-4ef5-a875-b0f0dcd05976/context&amp#27;[39m
&amp#27;[38;5;0m[HTTP]&amp#27;[0m &amp#27;[90m{}&amp#27;[39m
&amp#27;[38;5;32m[AndroidUiautomator2Driver@dabd (47571b8e)]&amp#27;[0m Calling AppiumDriver.getCurrentContext() with args: ["47571b8e-6191-4ef5-a875-b0f0dcd05976"]
&amp#27;[38;5;32m[AndroidUiautomator2Driver@dabd (47571b8e)]&amp#27;[0m Responding to client with driver.getCurrentContext() result: "NATIVE_APP"
&amp#27;[38;5;0m[HTTP]&amp#27;[0m &amp#27;[37m<-- GET /session/47571b8e-6191-4ef5-a875-b0f0dcd05976/context &amp#27;[39m&amp#27;[32m200&amp#27;[39m &amp#27;[90m0 ms - 22&amp#27;[39m
&amp#27;[38;5;0m[HTTP]&amp#27;[0m &amp#27;[90m&amp#27;[39m
&amp#27;[38;5;0m[HTTP]&amp#27;[0m &amp#27;[37m-->&amp#27;[39m &amp#27;[37mPOST&amp#27;[39m &amp#27;[37m/session/47571b8e-6191-4ef5-a875-b0f0dcd05976/elements&amp#27;[39m
&amp#27;[38;5;0m[HTTP]&amp#27;[0m &amp#27;[90m{"using":"xpath","value":"//android.widget.TextView[@content-desc='product price']"}&amp#27;[39m
&amp#27;[38;5;32m[AndroidUiautomator2Driver@dabd (47571b8e)]&amp#27;[0m Calling AppiumDriver.findElements() with args: ["xpath","//android.widget.TextView[@content-desc='product price']","47571b8e-6191-4ef5-a875-b0f0dcd05976"]
&amp#27;[38;5;32m[AndroidUiautomator2Driver@dabd (47571b8e)]&amp#27;[0m Valid locator strategies for this request: xpath, id, class name, accessibility id, css selector, -android uiautomator
&amp#27;[38;5;32m[AndroidUiautomator2Driver@dabd (47571b8e)]&amp#27;[0m Waiting up to 10000 ms for condition
&amp#27;[38;5;32m[AndroidUiautomator2Driver@dabd (47571b8e)]&amp#27;[0m Matched '/elements' to command name 'findElements'
&amp#27;[38;5;32m[AndroidUiautomator2Driver@dabd (47571b8e)]&amp#27;[0m Proxying [POST /elements] to [POST http://127.0.0.1:8201/session/e99dcc09-a0f0-48bb-8a0b-d829d4323b82/elements] with body: {"strategy":"xpath","selector":"//android.widget.TextView[@content-desc='product price']","context":"","multiple":true}
&amp#27;[38;5;32m[AndroidUiautomator2Driver@dabd (47571b8e)]&amp#27;[0m Got response with status 200: {"sessionId":"e99dcc09-a0f0-48bb-8a0b-d829d4323b82","value":[{"ELEMENT":"00000000-0000-0594-ffff-ffff00000689","element-6066-11e4-a52e-4f735466cecf":"00000000-0000-0594-ffff-ffff00000689"}]}
&amp#27;[38;5;32m[AndroidUiautomator2Driver@dabd (47571b8e)]&amp#27;[0m Responding to client with driver.findElements() result: [{"element-6066-11e4-a52e-4f735466cecf":"00000000-0000-0594-ffff-ffff00000689","ELEMENT":"00000000-0000-0594-ffff-ffff00000689"}]
&amp#27;[38;5;0m[HTTP]&amp#27;[0m &amp#27;[37m<-- POST /session/47571b8e-6191-4ef5-a875-b0f0dcd05976/elements &amp#27;[39m&amp#27;[32m200&amp#27;[39m &amp#27;[90m449 ms - 139&amp#27;[39m
&amp#27;[38;5;0m[HTTP]&amp#27;[0m &amp#27;[90m&amp#27;[39m
&amp#27;[38;5;0m[HTTP]&amp#27;[0m &amp#27;[37m-->&amp#27;[39m &amp#27;[37mGET&amp#27;[39m &amp#27;[37m/session/47571b8e-6191-4ef5-a875-b0f0dcd05976/context&amp#27;[39m
&amp#27;[38;5;0m[HTTP]&amp#27;[0m &amp#27;[90m{}&amp#27;[39m
&amp#27;[38;5;32m[AndroidUiautomator2Driver@dabd (47571b8e)]&amp#27;[0m Calling AppiumDriver.getCurrentContext() with args: ["47571b8e-6191-4ef5-a875-b0f0dcd05976"]
&amp#27;[38;5;32m[AndroidUiautomator2Driver@dabd (47571b8e)]&amp#27;[0m Responding to client with driver.getCurrentContext() result: "NATIVE_APP"
&amp#27;[38;5;0m[HTTP]&amp#27;[0m &amp#27;[37m<-- GET /session/47571b8e-6191-4ef5-a875-b0f0dcd05976/context &amp#27;[39m&amp#27;[32m200&amp#27;[39m &amp#27;[90m1 ms - 22&amp#27;[39m
&amp#27;[38;5;0m[HTTP]&amp#27;[0m &amp#27;[90m&amp#27;[39m
&amp#27;[38;5;0m[HTTP]&amp#27;[0m &amp#27;[37m-->&amp#27;[39m &amp#27;[37mPOST&amp#27;[39m &amp#27;[37m/session/47571b8e-6191-4ef5-a875-b0f0dcd05976/element&amp#27;[39m
&amp#27;[38;5;0m[HTTP]&amp#27;[0m &amp#27;[90m{"using":"accessibility id","value":"blue circle"}&amp#27;[39m
&amp#27;[38;5;32m[AndroidUiautomator2Driver@dabd (47571b8e)]&amp#27;[0m Calling AppiumDriver.findElement() with args: ["accessibility id","blue circle","47571b8e-6191-4ef5-a875-b0f0dcd05976"]
&amp#27;[38;5;32m[AndroidUiautomator2Driver@dabd (47571b8e)]&amp#27;[0m Valid locator strategies for this request: xpath, id, class name, accessibility id, css selector, -android uiautomator
&amp#27;[38;5;32m[AndroidUiautomator2Driver@dabd (47571b8e)]&amp#27;[0m Waiting up to 10000 ms for condition
&amp#27;[38;5;32m[AndroidUiautomator2Driver@dabd (47571b8e)]&amp#27;[0m Matched '/element' to command name 'findElement'
&amp#27;[38;5;32m[AndroidUiautomator2Driver@dabd (47571b8e)]&amp#27;[0m Proxying [POST /element] to [POST http://127.0.0.1:8201/session/e99dcc09-a0f0-48bb-8a0b-d829d4323b82/element] with body: {"strategy":"accessibility id","selector":"blue circle","context":"","multiple":false}
&amp#27;[38;5;32m[AndroidUiautomator2Driver@dabd (47571b8e)]&amp#27;[0m Got response with status 200: {"sessionId":"e99dcc09-a0f0-48bb-8a0b-d829d4323b82","value":{"ELEMENT":"00000000-0000-0594-ffff-ffff00000695","element-6066-11e4-a52e-4f735466cecf":"00000000-0000-0594-ffff-ffff00000695"}}
&amp#27;[38;5;32m[AndroidUiautomator2Driver@dabd (47571b8e)]&amp#27;[0m Responding to client with driver.findElement() result: {"element-6066-11e4-a52e-4f735466cecf":"00000000-0000-0594-ffff-ffff00000695","ELEMENT":"00000000-0000-0594-ffff-ffff00000695"}
&amp#27;[38;5;0m[HTTP]&amp#27;[0m &amp#27;[37m<-- POST /session/47571b8e-6191-4ef5-a875-b0f0dcd05976/element &amp#27;[39m&amp#27;[32m200&amp#27;[39m &amp#27;[90m193 ms - 137&amp#27;[39m
&amp#27;[38;5;0m[HTTP]&amp#27;[0m &amp#27;[90m&amp#27;[39m
&amp#27;[38;5;0m[HTTP]&amp#27;[0m &amp#27;[37m-->&amp#27;[39m &amp#27;[37mGET&amp#27;[39m &amp#27;[37m/session/47571b8e-6191-4ef5-a875-b0f0dcd05976/element/00000000-0000-0594-ffff-ffff00000695/displayed&amp#27;[39m
&amp#27;[38;5;0m[HTTP]&amp#27;[0m &amp#27;[90m{}&amp#27;[39m
&amp#27;[38;5;32m[AndroidUiautomator2Driver@dabd (47571b8e)]&amp#27;[0m Calling AppiumDriver.elementDisplayed() with args: ["00000000-0000-0594-ffff-ffff00000695","47571b8e-6191-4ef5-a875-b0f0dcd05976"]
&amp#27;[38;5;32m[AndroidUiautomator2Driver@dabd (47571b8e)]&amp#27;[0m Matched '/element/00000000-0000-0594-ffff-ffff00000695/attribute/displayed' to command name 'getAttribute'
&amp#27;[38;5;32m[AndroidUiautomator2Driver@dabd (47571b8e)]&amp#27;[0m Proxying [GET /element/00000000-0000-0594-ffff-ffff00000695/attribute/displayed] to [GET http://127.0.0.1:8201/session/e99dcc09-a0f0-48bb-8a0b-d829d4323b82/element/00000000-0000-0594-ffff-ffff00000695/attribute/displayed] with no body
&amp#27;[38;5;32m[AndroidUiautomator2Driver@dabd (47571b8e)]&amp#27;[0m Got response with status 200: {"sessionId":"e99dcc09-a0f0-48bb-8a0b-d829d4323b82","value":"true"}
&amp#27;[38;5;32m[AndroidUiautomator2Driver@dabd (47571b8e)]&amp#27;[0m Responding to client with driver.elementDisplayed() result: true
&amp#27;[38;5;0m[HTTP]&amp#27;[0m &amp#27;[37m<-- GET /session/47571b8e-6191-4ef5-a875-b0f0dcd05976/element/00000000-0000-0594-ffff-ffff00000695/displayed &amp#27;[39m&amp#27;[32m200&amp#27;[39m &amp#27;[90m22 ms - 14&amp#27;[39m
&amp#27;[38;5;0m[HTTP]&amp#27;[0m &amp#27;[90m&amp#27;[39m
&amp#27;[38;5;0m[HTTP]&amp#27;[0m &amp#27;[37m-->&amp#27;[39m &amp#27;[37mGET&amp#27;[39m &amp#27;[37m/session/47571b8e-6191-4ef5-a875-b0f0dcd05976/context&amp#27;[39m
&amp#27;[38;5;0m[HTTP]&amp#27;[0m &amp#27;[90m{}&amp#27;[39m
&amp#27;[38;5;32m[AndroidUiautomator2Driver@dabd (47571b8e)]&amp#27;[0m Calling AppiumDriver.getCurrentContext() with args: ["47571b8e-6191-4ef5-a875-b0f0dcd05976"]
&amp#27;[38;5;32m[AndroidUiautomator2Driver@dabd (47571b8e)]&amp#27;[0m Responding to client with driver.getCurrentContext() result: "NATIVE_APP"
&amp#27;[38;5;0m[HTTP]&amp#27;[0m &amp#27;[37m<-- GET /session/47571b8e-6191-4ef5-a875-b0f0dcd05976/context &amp#27;[39m&amp#27;[32m200&amp#27;[39m &amp#27;[90m0 ms - 22&amp#27;[39m
&amp#27;[38;5;0m[HTTP]&amp#27;[0m &amp#27;[90m&amp#27;[39m
&amp#27;[38;5;0m[HTTP]&amp#27;[0m &amp#27;[37m-->&amp#27;[39m &amp#27;[37mPOST&amp#27;[39m &amp#27;[37m/session/47571b8e-6191-4ef5-a875-b0f0dcd05976/elements&amp#27;[39m
&amp#27;[38;5;0m[HTTP]&amp#27;[0m &amp#27;[90m{"using":"xpath","value":"//android.view.ViewGroup[@content-desc='counter amount']/android.widget.TextView"}&amp#27;[39m
&amp#27;[38;5;32m[AndroidUiautomator2Driver@dabd (47571b8e)]&amp#27;[0m Calling AppiumDriver.findElements() with args: ["xpath","//android.view.ViewGroup[@content-desc='counter amount']/android.widget.TextView","47571b8e-6191-4ef5-a875-b0f0dcd05976"]
&amp#27;[38;5;32m[AndroidUiautomator2Driver@dabd (47571b8e)]&amp#27;[0m Valid locator strategies for this request: xpath, id, class name, accessibility id, css selector, -android uiautomator
&amp#27;[38;5;32m[AndroidUiautomator2Driver@dabd (47571b8e)]&amp#27;[0m Waiting up to 10000 ms for condition
&amp#27;[38;5;32m[AndroidUiautomator2Driver@dabd (47571b8e)]&amp#27;[0m Matched '/elements' to command name 'findElements'
&amp#27;[38;5;32m[AndroidUiautomator2Driver@dabd (47571b8e)]&amp#27;[0m Proxying [POST /elements] to [POST http://127.0.0.1:8201/session/e99dcc09-a0f0-48bb-8a0b-d829d4323b82/elements] with body: {"strategy":"xpath","selector":"//android.view.ViewGroup[@content-desc='counter amount']/android.widget.TextView","context":"","multiple":true}
&amp#27;[38;5;32m[AndroidUiautomator2Driver@dabd (47571b8e)]&amp#27;[0m Got response with status 200: {"sessionId":"e99dcc09-a0f0-48bb-8a0b-d829d4323b82","value":[{"ELEMENT":"00000000-0000-0594-ffff-ffff0000069a","element-6066-11e4-a52e-4f735466cecf":"00000000-0000-0594-ffff-ffff0000069a"}]}
&amp#27;[38;5;32m[AndroidUiautomator2Driver@dabd (47571b8e)]&amp#27;[0m Responding to client with driver.findElements() result: [{"element-6066-11e4-a52e-4f735466cecf":"00000000-0000-0594-ffff-ffff0000069a","ELEMENT":"00000000-0000-0594-ffff-ffff0000069a"}]
&amp#27;[38;5;0m[HTTP]&amp#27;[0m &amp#27;[37m<-- POST /session/47571b8e-6191-4ef5-a875-b0f0dcd05976/elements &amp#27;[39m&amp#27;[32m200&amp#27;[39m &amp#27;[90m393 ms - 139&amp#27;[39m
&amp#27;[38;5;0m[HTTP]&amp#27;[0m &amp#27;[90m&amp#27;[39m
&amp#27;[38;5;0m[HTTP]&amp#27;[0m &amp#27;[37m-->&amp#27;[39m &amp#27;[37mGET&amp#27;[39m &amp#27;[37m/session/47571b8e-6191-4ef5-a875-b0f0dcd05976/element/00000000-0000-0594-ffff-ffff0000069a/text&amp#27;[39m
&amp#27;[38;5;0m[HTTP]&amp#27;[0m &amp#27;[90m{}&amp#27;[39m
&amp#27;[38;5;32m[AndroidUiautomator2Driver@dabd (47571b8e)]&amp#27;[0m Driver proxy active, passing request on via HTTP proxy
&amp#27;[38;5;32m[AndroidUiautomator2Driver@dabd (47571b8e)]&amp#27;[0m Matched '/session/47571b8e-6191-4ef5-a875-b0f0dcd05976/element/00000000-0000-0594-ffff-ffff0000069a/text' to command name 'getText'
&amp#27;[38;5;32m[AndroidUiautomator2Driver@dabd (47571b8e)]&amp#27;[0m Proxying [GET /session/47571b8e-6191-4ef5-a875-b0f0dcd05976/element/00000000-0000-0594-ffff-ffff0000069a/text] to [GET http://127.0.0.1:8201/session/e99dcc09-a0f0-48bb-8a0b-d829d4323b82/element/00000000-0000-0594-ffff-ffff0000069a/text] with no body
&amp#27;[38;5;32m[AndroidUiautomator2Driver@dabd (47571b8e)]&amp#27;[0m Got response with status 200: {"sessionId":"e99dcc09-a0f0-48bb-8a0b-d829d4323b82","value":"3"}
&amp#27;[38;5;32m[AndroidUiautomator2Driver@dabd (47571b8e)]&amp#27;[0m Replacing sessionId e99dcc09-a0f0-48bb-8a0b-d829d4323b82 with 47571b8e-6191-4ef5-a875-b0f0dcd05976
&amp#27;[38;5;0m[HTTP]&amp#27;[0m &amp#27;[37m<-- GET /session/47571b8e-6191-4ef5-a875-b0f0dcd05976/element/00000000-0000-0594-ffff-ffff0000069a/text &amp#27;[39m&amp#27;[32m200&amp#27;[39m &amp#27;[90m20 ms - 64&amp#27;[39m
&amp#27;[38;5;0m[HTTP]&amp#27;[0m &amp#27;[90m&amp#27;[39m
&amp#27;[38;5;0m[HTTP]&amp#27;[0m &amp#27;[37m-->&amp#27;[39m &amp#27;[37mGET&amp#27;[39m &amp#27;[37m/session/47571b8e-6191-4ef5-a875-b0f0dcd05976/context&amp#27;[39m
&amp#27;[38;5;0m[HTTP]&amp#27;[0m &amp#27;[90m{}&amp#27;[39m
&amp#27;[38;5;32m[AndroidUiautomator2Driver@dabd (47571b8e)]&amp#27;[0m Calling AppiumDriver.getCurrentContext() with args: ["47571b8e-6191-4ef5-a875-b0f0dcd05976"]
&amp#27;[38;5;32m[AndroidUiautomator2Driver@dabd (47571b8e)]&amp#27;[0m Responding to client with driver.getCurrentContext() result: "NATIVE_APP"
&amp#27;[38;5;0m[HTTP]&amp#27;[0m &amp#27;[37m<-- GET /session/47571b8e-6191-4ef5-a875-b0f0dcd05976/context &amp#27;[39m&amp#27;[32m200&amp#27;[39m &amp#27;[90m0 ms - 22&amp#27;[39m
&amp#27;[38;5;0m[HTTP]&amp#27;[0m &amp#27;[90m&amp#27;[39m
&amp#27;[38;5;0m[HTTP]&amp#27;[0m &amp#27;[37m-->&amp#27;[39m &amp#27;[37mPOST&amp#27;[39m &amp#27;[37m/session/47571b8e-6191-4ef5-a875-b0f0dcd05976/element&amp#27;[39m
&amp#27;[38;5;0m[HTTP]&amp#27;[0m &amp#27;[90m{"using":"accessibility id","value":"Proceed To Checkout button"}&amp#27;[39m
&amp#27;[38;5;32m[AndroidUiautomator2Driver@dabd (47571b8e)]&amp#27;[0m Calling AppiumDriver.findElement() with args: ["accessibility id","Proceed To Checkout button","47571b8e-6191-4ef5-a875-b0f0dcd05976"]
&amp#27;[38;5;32m[AndroidUiautomator2Driver@dabd (47571b8e)]&amp#27;[0m Valid locator strategies for this request: xpath, id, class name, accessibility id, css selector, -android uiautomator
&amp#27;[38;5;32m[AndroidUiautomator2Driver@dabd (47571b8e)]&amp#27;[0m Waiting up to 10000 ms for condition
&amp#27;[38;5;32m[AndroidUiautomator2Driver@dabd (47571b8e)]&amp#27;[0m Matched '/element' to command name 'findElement'
&amp#27;[38;5;32m[AndroidUiautomator2Driver@dabd (47571b8e)]&amp#27;[0m Proxying [POST /element] to [POST http://127.0.0.1:8201/session/e99dcc09-a0f0-48bb-8a0b-d829d4323b82/element] with body: {"strategy":"accessibility id","selector":"Proceed To Checkout button","context":"","multiple":false}
&amp#27;[38;5;32m[AndroidUiautomator2Driver@dabd (47571b8e)]&amp#27;[0m Got response with status 200: {"sessionId":"e99dcc09-a0f0-48bb-8a0b-d829d4323b82","value":{"ELEMENT":"00000000-0000-0594-ffff-ffff000006a8","element-6066-11e4-a52e-4f735466cecf":"00000000-0000-0594-ffff-ffff000006a8"}}
&amp#27;[38;5;32m[AndroidUiautomator2Driver@dabd (47571b8e)]&amp#27;[0m Responding to client with driver.findElement() result: {"element-6066-11e4-a52e-4f735466cecf":"00000000-0000-0594-ffff-ffff000006a8","ELEMENT":"00000000-0000-0594-ffff-ffff000006a8"}
&amp#27;[38;5;0m[HTTP]&amp#27;[0m &amp#27;[37m<-- POST /session/47571b8e-6191-4ef5-a875-b0f0dcd05976/element &amp#27;[39m&amp#27;[32m200&amp#27;[39m &amp#27;[90m222 ms - 137&amp#27;[39m
&amp#27;[38;5;0m[HTTP]&amp#27;[0m &amp#27;[90m&amp#27;[39m
&amp#27;[38;5;0m[HTTP]&amp#27;[0m &amp#27;[37m-->&amp#27;[39m &amp#27;[37mPOST&amp#27;[39m &amp#27;[37m/session/47571b8e-6191-4ef5-a875-b0f0dcd05976/element/00000000-0000-0594-ffff-ffff000006a8/click&amp#27;[39m
&amp#27;[38;5;0m[HTTP]&amp#27;[0m &amp#27;[90m{"id":"00000000-0000-0594-ffff-ffff000006a8"}&amp#27;[39m
&amp#27;[38;5;32m[AndroidUiautomator2Driver@dabd (47571b8e)]&amp#27;[0m Calling AppiumDriver.click() with args: ["00000000-0000-0594-ffff-ffff000006a8","47571b8e-6191-4ef5-a875-b0f0dcd05976"]
&amp#27;[38;5;32m[AndroidUiautomator2Driver@dabd (47571b8e)]&amp#27;[0m Matched '/element/00000000-0000-0594-ffff-ffff000006a8/click' to command name 'click'
&amp#27;[38;5;32m[AndroidUiautomator2Driver@dabd (47571b8e)]&amp#27;[0m Proxying [POST /element/00000000-0000-0594-ffff-ffff000006a8/click] to [POST http://127.0.0.1:8201/session/e99dcc09-a0f0-48bb-8a0b-d829d4323b82/element/00000000-0000-0594-ffff-ffff000006a8/click] with body: {"element":"00000000-0000-0594-ffff-ffff000006a8"}
&amp#27;[38;5;32m[AndroidUiautomator2Driver@dabd (47571b8e)]&amp#27;[0m Got response with status 200: {"sessionId":"e99dcc09-a0f0-48bb-8a0b-d829d4323b82","value":null}
&amp#27;[38;5;32m[AndroidUiautomator2Driver@dabd (47571b8e)]&amp#27;[0m Responding to client with driver.click() result: null
&amp#27;[38;5;0m[HTTP]&amp#27;[0m &amp#27;[37m<-- POST /session/47571b8e-6191-4ef5-a875-b0f0dcd05976/element/00000000-0000-0594-ffff-ffff000006a8/click &amp#27;[39m&amp#27;[32m200&amp#27;[39m &amp#27;[90m66 ms - 14&amp#27;[39m
&amp#27;[38;5;0m[HTTP]&amp#27;[0m &amp#27;[90m&amp#27;[39m
&amp#27;[38;5;0m[HTTP]&amp#27;[0m &amp#27;[37m-->&amp#27;[39m &amp#27;[37mGET&amp#27;[39m &amp#27;[37m/session/47571b8e-6191-4ef5-a875-b0f0dcd05976/context&amp#27;[39m
&amp#27;[38;5;0m[HTTP]&amp#27;[0m &amp#27;[90m{}&amp#27;[39m
&amp#27;[38;5;32m[AndroidUiautomator2Driver@dabd (47571b8e)]&amp#27;[0m Calling AppiumDriver.getCurrentContext() with args: ["47571b8e-6191-4ef5-a875-b0f0dcd05976"]
&amp#27;[38;5;32m[AndroidUiautomator2Driver@dabd (47571b8e)]&amp#27;[0m Responding to client with driver.getCurrentContext() result: "NATIVE_APP"
&amp#27;[38;5;0m[HTTP]&amp#27;[0m &amp#27;[37m<-- GET /session/47571b8e-6191-4ef5-a875-b0f0dcd05976/context &amp#27;[39m&amp#27;[32m200&amp#27;[39m &amp#27;[90m1 ms - 22&amp#27;[39m
&amp#27;[38;5;0m[HTTP]&amp#27;[0m &amp#27;[90m&amp#27;[39m
&amp#27;[38;5;0m[HTTP]&amp#27;[0m &amp#27;[37m-->&amp#27;[39m &amp#27;[37mPOST&amp#27;[39m &amp#27;[37m/session/47571b8e-6191-4ef5-a875-b0f0dcd05976/element&amp#27;[39m
&amp#27;[38;5;0m[HTTP]&amp#27;[0m &amp#27;[90m{"using":"xpath","value":"//android.widget.TextView[contains(@text,'shipping')]"}&amp#27;[39m
&amp#27;[38;5;32m[AndroidUiautomator2Driver@dabd (47571b8e)]&amp#27;[0m Calling AppiumDriver.findElement() with args: ["xpath","//android.widget.TextView[contains(@text,'shipping')]","47571b8e-6191-4ef5-a875-b0f0dcd05976"]
&amp#27;[38;5;32m[AndroidUiautomator2Driver@dabd (47571b8e)]&amp#27;[0m Valid locator strategies for this request: xpath, id, class name, accessibility id, css selector, -android uiautomator
&amp#27;[38;5;32m[AndroidUiautomator2Driver@dabd (47571b8e)]&amp#27;[0m Waiting up to 10000 ms for condition
&amp#27;[38;5;32m[AndroidUiautomator2Driver@dabd (47571b8e)]&amp#27;[0m Matched '/element' to command name 'findElement'
&amp#27;[38;5;32m[AndroidUiautomator2Driver@dabd (47571b8e)]&amp#27;[0m Proxying [POST /element] to [POST http://127.0.0.1:8201/session/e99dcc09-a0f0-48bb-8a0b-d829d4323b82/element] with body: {"strategy":"xpath","selector":"//android.widget.TextView[contains(@text,'shipping')]","context":"","multiple":false}
&amp#27;[38;5;32m[AndroidUiautomator2Driver@dabd (47571b8e)]&amp#27;[0m Got response with status 200: {"sessionId":"e99dcc09-a0f0-48bb-8a0b-d829d4323b82","value":{"ELEMENT":"00000000-0000-0594-ffff-ffff000006b8","element-6066-11e4-a52e-4f735466cecf":"00000000-0000-0594-ffff-ffff000006b8"}}
&amp#27;[38;5;32m[AndroidUiautomator2Driver@dabd (47571b8e)]&amp#27;[0m Responding to client with driver.findElement() result: {"element-6066-11e4-a52e-4f735466cecf":"00000000-0000-0594-ffff-ffff000006b8","ELEMENT":"00000000-0000-0594-ffff-ffff000006b8"}
&amp#27;[38;5;0m[HTTP]&amp#27;[0m &amp#27;[37m<-- POST /session/47571b8e-6191-4ef5-a875-b0f0dcd05976/element &amp#27;[39m&amp#27;[32m200&amp#27;[39m &amp#27;[90m1363 ms - 137&amp#27;[39m
&amp#27;[38;5;0m[HTTP]&amp#27;[0m &amp#27;[90m&amp#27;[39m
&amp#27;[38;5;0m[HTTP]&amp#27;[0m &amp#27;[37m-->&amp#27;[39m &amp#27;[37mGET&amp#27;[39m &amp#27;[37m/session/47571b8e-6191-4ef5-a875-b0f0dcd05976/element/00000000-0000-0594-ffff-ffff000006b8/text&amp#27;[39m
&amp#27;[38;5;0m[HTTP]&amp#27;[0m &amp#27;[90m{}&amp#27;[39m
&amp#27;[38;5;32m[AndroidUiautomator2Driver@dabd (47571b8e)]&amp#27;[0m Driver proxy active, passing request on via HTTP proxy
&amp#27;[38;5;32m[AndroidUiautomator2Driver@dabd (47571b8e)]&amp#27;[0m Matched '/session/47571b8e-6191-4ef5-a875-b0f0dcd05976/element/00000000-0000-0594-ffff-ffff000006b8/text' to command name 'getText'
&amp#27;[38;5;32m[AndroidUiautomator2Driver@dabd (47571b8e)]&amp#27;[0m Proxying [GET /session/47571b8e-6191-4ef5-a875-b0f0dcd05976/element/00000000-0000-0594-ffff-ffff000006b8/text] to [GET http://127.0.0.1:8201/session/e99dcc09-a0f0-48bb-8a0b-d829d4323b82/element/00000000-0000-0594-ffff-ffff000006b8/text] with no body
&amp#27;[38;5;32m[AndroidUiautomator2Driver@dabd (47571b8e)]&amp#27;[0m Got response with status 200: {"sessionId":"e99dcc09-a0f0-48bb-8a0b-d829d4323b82","value":"Enter a shipping address"}
&amp#27;[38;5;32m[AndroidUiautomator2Driver@dabd (47571b8e)]&amp#27;[0m Replacing sessionId e99dcc09-a0f0-48bb-8a0b-d829d4323b82 with 47571b8e-6191-4ef5-a875-b0f0dcd05976
&amp#27;[38;5;0m[HTTP]&amp#27;[0m &amp#27;[37m<-- GET /session/47571b8e-6191-4ef5-a875-b0f0dcd05976/element/00000000-0000-0594-ffff-ffff000006b8/text &amp#27;[39m&amp#27;[32m200&amp#27;[39m &amp#27;[90m24 ms - 87&amp#27;[39m
&amp#27;[38;5;0m[HTTP]&amp#27;[0m &amp#27;[90m&amp#27;[39m
&amp#27;[38;5;0m[HTTP]&amp#27;[0m &amp#27;[37m-->&amp#27;[39m &amp#27;[37mGET&amp#27;[39m &amp#27;[37m/session/47571b8e-6191-4ef5-a875-b0f0dcd05976/context&amp#27;[39m
&amp#27;[38;5;0m[HTTP]&amp#27;[0m &amp#27;[90m{}&amp#27;[39m
&amp#27;[38;5;32m[AndroidUiautomator2Driver@dabd (47571b8e)]&amp#27;[0m Calling AppiumDriver.getCurrentContext() with args: ["47571b8e-6191-4ef5-a875-b0f0dcd05976"]
&amp#27;[38;5;32m[AndroidUiautomator2Driver@dabd (47571b8e)]&amp#27;[0m Responding to client with driver.getCurrentContext() result: "NATIVE_APP"
&amp#27;[38;5;0m[HTTP]&amp#27;[0m &amp#27;[37m<-- GET /session/47571b8e-6191-4ef5-a875-b0f0dcd05976/context &amp#27;[39m&amp#27;[32m200&amp#27;[39m &amp#27;[90m0 ms - 22&amp#27;[39m
&amp#27;[38;5;0m[HTTP]&amp#27;[0m &amp#27;[90m&amp#27;[39m
&amp#27;[38;5;0m[HTTP]&amp#27;[0m &amp#27;[37m-->&amp#27;[39m &amp#27;[37mPOST&amp#27;[39m &amp#27;[37m/session/47571b8e-6191-4ef5-a875-b0f0dcd05976/element&amp#27;[39m
&amp#27;[38;5;0m[HTTP]&amp#27;[0m &amp#27;[90m{"using":"accessibility id","value":"Full Name* input field"}&amp#27;[39m
&amp#27;[38;5;32m[AndroidUiautomator2Driver@dabd (47571b8e)]&amp#27;[0m Calling AppiumDriver.findElement() with args: ["accessibility id","Full Name* input field","47571b8e-6191-4ef5-a875-b0f0dcd05976"]
&amp#27;[38;5;32m[AndroidUiautomator2Driver@dabd (47571b8e)]&amp#27;[0m Valid locator strategies for this request: xpath, id, class name, accessibility id, css selector, -android uiautomator
&amp#27;[38;5;32m[AndroidUiautomator2Driver@dabd (47571b8e)]&amp#27;[0m Waiting up to 10000 ms for condition
&amp#27;[38;5;32m[AndroidUiautomator2Driver@dabd (47571b8e)]&amp#27;[0m Matched '/element' to command name 'findElement'
&amp#27;[38;5;32m[AndroidUiautomator2Driver@dabd (47571b8e)]&amp#27;[0m Proxying [POST /element] to [POST http://127.0.0.1:8201/session/e99dcc09-a0f0-48bb-8a0b-d829d4323b82/element] with body: {"strategy":"accessibility id","selector":"Full Name* input field","context":"","multiple":false}
&amp#27;[38;5;32m[AndroidUiautomator2Driver@dabd (47571b8e)]&amp#27;[0m Got response with status 200: {"sessionId":"e99dcc09-a0f0-48bb-8a0b-d829d4323b82","value":{"ELEMENT":"00000000-0000-0594-ffff-ffff000006ba","element-6066-11e4-a52e-4f735466cecf":"00000000-0000-0594-ffff-ffff000006ba"}}
&amp#27;[38;5;32m[AndroidUiautomator2Driver@dabd (47571b8e)]&amp#27;[0m Responding to client with driver.findElement() result: {"element-6066-11e4-a52e-4f735466cecf":"00000000-0000-0594-ffff-ffff000006ba","ELEMENT":"00000000-0000-0594-ffff-ffff000006ba"}
&amp#27;[38;5;0m[HTTP]&amp#27;[0m &amp#27;[37m<-- POST /session/47571b8e-6191-4ef5-a875-b0f0dcd05976/element &amp#27;[39m&amp#27;[32m200&amp#27;[39m &amp#27;[90m191 ms - 137&amp#27;[39m
&amp#27;[38;5;0m[HTTP]&amp#27;[0m &amp#27;[90m&amp#27;[39m
&amp#27;[38;5;0m[HTTP]&amp#27;[0m &amp#27;[37m-->&amp#27;[39m &amp#27;[37mPOST&amp#27;[39m &amp#27;[37m/session/47571b8e-6191-4ef5-a875-b0f0dcd05976/element/00000000-0000-0594-ffff-ffff000006ba/value&amp#27;[39m
&amp#27;[38;5;0m[HTTP]&amp#27;[0m &amp#27;[90m{"id":"00000000-0000-0594-ffff-ffff000006ba","text":"Bob Fisher","value":["B","o","b"," ","F","i","s","h","e","r"]}&amp#27;[39m
&amp#27;[38;5;32m[AndroidUiautomator2Driver@dabd (47571b8e)]&amp#27;[0m Calling AppiumDriver.setValue() with args: [["B","o","b"," ","F","i","s","h","e","r"],"00000000-0000-0594-ffff-ffff000006ba","47571b8e-6191-4ef5-a875-b0f0dcd05976"]
&amp#27;[38;5;32m[AndroidUiautomator2Driver@dabd (47571b8e)]&amp#27;[0m Matched '/element/00000000-0000-0594-ffff-ffff000006ba/value' to command name 'setValue'
&amp#27;[38;5;32m[AndroidUiautomator2Driver@dabd (47571b8e)]&amp#27;[0m Added 'value' property ["B","o","b"," ","F","i","s","h","e","r"] to 'setValue' request body
&amp#27;[38;5;32m[AndroidUiautomator2Driver@dabd (47571b8e)]&amp#27;[0m Proxying [POST /element/00000000-0000-0594-ffff-ffff000006ba/value] to [POST http://127.0.0.1:8201/session/e99dcc09-a0f0-48bb-8a0b-d829d4323b82/element/00000000-0000-0594-ffff-ffff000006ba/value] with body: {"elementId":"00000000-0000-0594-ffff-ffff000006ba","text":"Bob Fisher","replace":false,"value":["B","o","b"," ","F","i","s","h","e","r"]}
&amp#27;[38;5;32m[AndroidUiautomator2Driver@dabd (47571b8e)]&amp#27;[0m Got response with status 200: {"sessionId":"e99dcc09-a0f0-48bb-8a0b-d829d4323b82","value":null}
&amp#27;[38;5;32m[AndroidUiautomator2Driver@dabd (47571b8e)]&amp#27;[0m Responding to client with driver.setValue() result: null
&amp#27;[38;5;0m[HTTP]&amp#27;[0m &amp#27;[37m<-- POST /session/47571b8e-6191-4ef5-a875-b0f0dcd05976/element/00000000-0000-0594-ffff-ffff000006ba/value &amp#27;[39m&amp#27;[32m200&amp#27;[39m &amp#27;[90m1084 ms - 14&amp#27;[39m
&amp#27;[38;5;0m[HTTP]&amp#27;[0m &amp#27;[90m&amp#27;[39m
&amp#27;[38;5;0m[HTTP]&amp#27;[0m &amp#27;[37m-->&amp#27;[39m &amp#27;[37mPOST&amp#27;[39m &amp#27;[37m/session/47571b8e-6191-4ef5-a875-b0f0dcd05976/execute/sync&amp#27;[39m
&amp#27;[38;5;0m[HTTP]&amp#27;[0m &amp#27;[90m{"script":"mobile: hideKeyboard","args":[]}&amp#27;[39m
&amp#27;[38;5;32m[AndroidUiautomator2Driver@dabd (47571b8e)]&amp#27;[0m Calling AppiumDriver.execute() with args: ["mobile: hideKeyboard",[],"47571b8e-6191-4ef5-a875-b0f0dcd05976"]
&amp#27;[38;5;32m[AndroidUiautomator2Driver@dabd (47571b8e)]&amp#27;[0m Executing method 'mobile: hideKeyboard'
&amp#27;[38;5;64m[ADB]&amp#27;[0m Running 'C:\Users\super\Desktop\Study\Appium\cmdline-tools\bin\platform-tools\adb.exe -P 5037 -s LMG900TMW8KJ7DTSOB shell dumpsys input_method'
&amp#27;[38;5;64m[ADB]&amp#27;[0m Keyboard has no UI; no closing necessary
&amp#27;[38;5;32m[AndroidUiautomator2Driver@dabd (47571b8e)]&amp#27;[0m Responding to client with driver.execute() result: false
&amp#27;[38;5;0m[HTTP]&amp#27;[0m &amp#27;[37m<-- POST /session/47571b8e-6191-4ef5-a875-b0f0dcd05976/execute/sync &amp#27;[39m&amp#27;[32m200&amp#27;[39m &amp#27;[90m59 ms - 15&amp#27;[39m
&amp#27;[38;5;0m[HTTP]&amp#27;[0m &amp#27;[90m&amp#27;[39m
&amp#27;[38;5;0m[HTTP]&amp#27;[0m &amp#27;[37m-->&amp#27;[39m &amp#27;[37mGET&amp#27;[39m &amp#27;[37m/session/47571b8e-6191-4ef5-a875-b0f0dcd05976/context&amp#27;[39m
&amp#27;[38;5;0m[HTTP]&amp#27;[0m &amp#27;[90m{}&amp#27;[39m
&amp#27;[38;5;32m[AndroidUiautomator2Driver@dabd (47571b8e)]&amp#27;[0m Calling AppiumDriver.getCurrentContext() with args: ["47571b8e-6191-4ef5-a875-b0f0dcd05976"]
&amp#27;[38;5;32m[AndroidUiautomator2Driver@dabd (47571b8e)]&amp#27;[0m Responding to client with driver.getCurrentContext() result: "NATIVE_APP"
&amp#27;[38;5;0m[HTTP]&amp#27;[0m &amp#27;[37m<-- GET /session/47571b8e-6191-4ef5-a875-b0f0dcd05976/context &amp#27;[39m&amp#27;[32m200&amp#27;[39m &amp#27;[90m0 ms - 22&amp#27;[39m
&amp#27;[38;5;0m[HTTP]&amp#27;[0m &amp#27;[90m&amp#27;[39m
&amp#27;[38;5;0m[HTTP]&amp#27;[0m &amp#27;[37m-->&amp#27;[39m &amp#27;[37mPOST&amp#27;[39m &amp#27;[37m/session/47571b8e-6191-4ef5-a875-b0f0dcd05976/element&amp#27;[39m
&amp#27;[38;5;0m[HTTP]&amp#27;[0m &amp#27;[90m{"using":"accessibility id","value":"Address Line 1* input field"}&amp#27;[39m
&amp#27;[38;5;32m[AndroidUiautomator2Driver@dabd (47571b8e)]&amp#27;[0m Calling AppiumDriver.findElement() with args: ["accessibility id","Address Line 1* input field","47571b8e-6191-4ef5-a875-b0f0dcd05976"]
&amp#27;[38;5;32m[AndroidUiautomator2Driver@dabd (47571b8e)]&amp#27;[0m Valid locator strategies for this request: xpath, id, class name, accessibility id, css selector, -android uiautomator
&amp#27;[38;5;32m[AndroidUiautomator2Driver@dabd (47571b8e)]&amp#27;[0m Waiting up to 10000 ms for condition
&amp#27;[38;5;32m[AndroidUiautomator2Driver@dabd (47571b8e)]&amp#27;[0m Matched '/element' to command name 'findElement'
&amp#27;[38;5;32m[AndroidUiautomator2Driver@dabd (47571b8e)]&amp#27;[0m Proxying [POST /element] to [POST http://127.0.0.1:8201/session/e99dcc09-a0f0-48bb-8a0b-d829d4323b82/element] with body: {"strategy":"accessibility id","selector":"Address Line 1* input field","context":"","multiple":false}
&amp#27;[38;5;32m[AndroidUiautomator2Driver@dabd (47571b8e)]&amp#27;[0m Got response with status 200: {"sessionId":"e99dcc09-a0f0-48bb-8a0b-d829d4323b82","value":{"ELEMENT":"00000000-0000-0594-ffff-ffff000006bd","element-6066-11e4-a52e-4f735466cecf":"00000000-0000-0594-ffff-ffff000006bd"}}
&amp#27;[38;5;32m[AndroidUiautomator2Driver@dabd (47571b8e)]&amp#27;[0m Responding to client with driver.findElement() result: {"element-6066-11e4-a52e-4f735466cecf":"00000000-0000-0594-ffff-ffff000006bd","ELEMENT":"00000000-0000-0594-ffff-ffff000006bd"}
&amp#27;[38;5;0m[HTTP]&amp#27;[0m &amp#27;[37m<-- POST /session/47571b8e-6191-4ef5-a875-b0f0dcd05976/element &amp#27;[39m&amp#27;[32m200&amp#27;[39m &amp#27;[90m580 ms - 137&amp#27;[39m
&amp#27;[38;5;0m[HTTP]&amp#27;[0m &amp#27;[90m&amp#27;[39m
&amp#27;[38;5;0m[HTTP]&amp#27;[0m &amp#27;[37m-->&amp#27;[39m &amp#27;[37mPOST&amp#27;[39m &amp#27;[37m/session/47571b8e-6191-4ef5-a875-b0f0dcd05976/element/00000000-0000-0594-ffff-ffff000006bd/value&amp#27;[39m
&amp#27;[38;5;0m[HTTP]&amp#27;[0m &amp#27;[90m{"id":"00000000-0000-0594-ffff-ffff000006bd","text":"123 Test Ave","value":["1","2","3"," ","T","e","s","t"," ","A","v","e"]}&amp#27;[39m
&amp#27;[38;5;32m[AndroidUiautomator2Driver@dabd (47571b8e)]&amp#27;[0m Calling AppiumDriver.setValue() with args: [["1","2","3"," ","T","e","s","t"," ","A","v","e"],"00000000-0000-0594-ffff-ffff000006bd","47571b8e-6191-4ef5-a875-b0f0dcd05976"]
&amp#27;[38;5;32m[AndroidUiautomator2Driver@dabd (47571b8e)]&amp#27;[0m Matched '/element/00000000-0000-0594-ffff-ffff000006bd/value' to command name 'setValue'
&amp#27;[38;5;32m[AndroidUiautomator2Driver@dabd (47571b8e)]&amp#27;[0m Added 'value' property ["1","2","3"," ","T","e","s","t"," ","A","v","e"] to 'setValue' request body
&amp#27;[38;5;32m[AndroidUiautomator2Driver@dabd (47571b8e)]&amp#27;[0m Proxying [POST /element/00000000-0000-0594-ffff-ffff000006bd/value] to [POST http://127.0.0.1:8201/session/e99dcc09-a0f0-48bb-8a0b-d829d4323b82/element/00000000-0000-0594-ffff-ffff000006bd/value] with body: {"elementId":"00000000-0000-0594-ffff-ffff000006bd","text":"123 Test Ave","replace":false,"value":["1","2","3"," ","T","e","s","t"," ","A","v","e"]}
&amp#27;[38;5;32m[AndroidUiautomator2Driver@dabd (47571b8e)]&amp#27;[0m Got response with status 200: {"sessionId":"e99dcc09-a0f0-48bb-8a0b-d829d4323b82","value":null}
&amp#27;[38;5;32m[AndroidUiautomator2Driver@dabd (47571b8e)]&amp#27;[0m Responding to client with driver.setValue() result: null
&amp#27;[38;5;0m[HTTP]&amp#27;[0m &amp#27;[37m<-- POST /session/47571b8e-6191-4ef5-a875-b0f0dcd05976/element/00000000-0000-0594-ffff-ffff000006bd/value &amp#27;[39m&amp#27;[32m200&amp#27;[39m &amp#27;[90m600 ms - 14&amp#27;[39m
&amp#27;[38;5;0m[HTTP]&amp#27;[0m &amp#27;[90m&amp#27;[39m
&amp#27;[38;5;0m[HTTP]&amp#27;[0m &amp#27;[37m-->&amp#27;[39m &amp#27;[37mGET&amp#27;[39m &amp#27;[37m/session/47571b8e-6191-4ef5-a875-b0f0dcd05976/context&amp#27;[39m
&amp#27;[38;5;0m[HTTP]&amp#27;[0m &amp#27;[90m{}&amp#27;[39m
&amp#27;[38;5;32m[AndroidUiautomator2Driver@dabd (47571b8e)]&amp#27;[0m Calling AppiumDriver.getCurrentContext() with args: ["47571b8e-6191-4ef5-a875-b0f0dcd05976"]
&amp#27;[38;5;32m[AndroidUiautomator2Driver@dabd (47571b8e)]&amp#27;[0m Responding to client with driver.getCurrentContext() result: "NATIVE_APP"
&amp#27;[38;5;0m[HTTP]&amp#27;[0m &amp#27;[37m<-- GET /session/47571b8e-6191-4ef5-a875-b0f0dcd05976/context &amp#27;[39m&amp#27;[32m200&amp#27;[39m &amp#27;[90m1 ms - 22&amp#27;[39m
&amp#27;[38;5;0m[HTTP]&amp#27;[0m &amp#27;[90m&amp#27;[39m
&amp#27;[38;5;0m[HTTP]&amp#27;[0m &amp#27;[37m-->&amp#27;[39m &amp#27;[37mPOST&amp#27;[39m &amp#27;[37m/session/47571b8e-6191-4ef5-a875-b0f0dcd05976/element&amp#27;[39m
&amp#27;[38;5;0m[HTTP]&amp#27;[0m &amp#27;[90m{"using":"accessibility id","value":"Address Line 2 input field"}&amp#27;[39m
&amp#27;[38;5;32m[AndroidUiautomator2Driver@dabd (47571b8e)]&amp#27;[0m Calling AppiumDriver.findElement() with args: ["accessibility id","Address Line 2 input field","47571b8e-6191-4ef5-a875-b0f0dcd05976"]
&amp#27;[38;5;32m[AndroidUiautomator2Driver@dabd (47571b8e)]&amp#27;[0m Valid locator strategies for this request: xpath, id, class name, accessibility id, css selector, -android uiautomator
&amp#27;[38;5;32m[AndroidUiautomator2Driver@dabd (47571b8e)]&amp#27;[0m Waiting up to 10000 ms for condition
&amp#27;[38;5;32m[AndroidUiautomator2Driver@dabd (47571b8e)]&amp#27;[0m Matched '/element' to command name 'findElement'
&amp#27;[38;5;32m[AndroidUiautomator2Driver@dabd (47571b8e)]&amp#27;[0m Proxying [POST /element] to [POST http://127.0.0.1:8201/session/e99dcc09-a0f0-48bb-8a0b-d829d4323b82/element] with body: {"strategy":"accessibility id","selector":"Address Line 2 input field","context":"","multiple":false}
&amp#27;[38;5;32m[AndroidUiautomator2Driver@dabd (47571b8e)]&amp#27;[0m Got response with status 200: {"sessionId":"e99dcc09-a0f0-48bb-8a0b-d829d4323b82","value":{"ELEMENT":"00000000-0000-0594-ffff-ffff000006c0","element-6066-11e4-a52e-4f735466cecf":"00000000-0000-0594-ffff-ffff000006c0"}}
&amp#27;[38;5;32m[AndroidUiautomator2Driver@dabd (47571b8e)]&amp#27;[0m Responding to client with driver.findElement() result: {"element-6066-11e4-a52e-4f735466cecf":"00000000-0000-0594-ffff-ffff000006c0","ELEMENT":"00000000-0000-0594-ffff-ffff000006c0"}
&amp#27;[38;5;0m[HTTP]&amp#27;[0m &amp#27;[37m<-- POST /session/47571b8e-6191-4ef5-a875-b0f0dcd05976/element &amp#27;[39m&amp#27;[32m200&amp#27;[39m &amp#27;[90m653 ms - 137&amp#27;[39m
&amp#27;[38;5;0m[HTTP]&amp#27;[0m &amp#27;[90m&amp#27;[39m
&amp#27;[38;5;0m[HTTP]&amp#27;[0m &amp#27;[37m-->&amp#27;[39m &amp#27;[37mPOST&amp#27;[39m &amp#27;[37m/session/47571b8e-6191-4ef5-a875-b0f0dcd05976/element/00000000-0000-0594-ffff-ffff000006c0/value&amp#27;[39m
&amp#27;[38;5;0m[HTTP]&amp#27;[0m &amp#27;[90m{"id":"00000000-0000-0594-ffff-ffff000006c0","text":"999","value":["9","9","9"]}&amp#27;[39m
&amp#27;[38;5;32m[AndroidUiautomator2Driver@dabd (47571b8e)]&amp#27;[0m Calling AppiumDriver.setValue() with args: [["9","9","9"],"00000000-0000-0594-ffff-ffff000006c0","47571b8e-6191-4ef5-a875-b0f0dcd05976"]
&amp#27;[38;5;32m[AndroidUiautomator2Driver@dabd (47571b8e)]&amp#27;[0m Matched '/element/00000000-0000-0594-ffff-ffff000006c0/value' to command name 'setValue'
&amp#27;[38;5;32m[AndroidUiautomator2Driver@dabd (47571b8e)]&amp#27;[0m Added 'value' property ["9","9","9"] to 'setValue' request body
&amp#27;[38;5;32m[AndroidUiautomator2Driver@dabd (47571b8e)]&amp#27;[0m Proxying [POST /element/00000000-0000-0594-ffff-ffff000006c0/value] to [POST http://127.0.0.1:8201/session/e99dcc09-a0f0-48bb-8a0b-d829d4323b82/element/00000000-0000-0594-ffff-ffff000006c0/value] with body: {"elementId":"00000000-0000-0594-ffff-ffff000006c0","text":"999","replace":false,"value":["9","9","9"]}
&amp#27;[38;5;32m[AndroidUiautomator2Driver@dabd (47571b8e)]&amp#27;[0m Got response with status 200: {"sessionId":"e99dcc09-a0f0-48bb-8a0b-d829d4323b82","value":null}
&amp#27;[38;5;32m[AndroidUiautomator2Driver@dabd (47571b8e)]&amp#27;[0m Responding to client with driver.setValue() result: null
&amp#27;[38;5;0m[HTTP]&amp#27;[0m &amp#27;[37m<-- POST /session/47571b8e-6191-4ef5-a875-b0f0dcd05976/element/00000000-0000-0594-ffff-ffff000006c0/value &amp#27;[39m&amp#27;[32m200&amp#27;[39m &amp#27;[90m582 ms - 14&amp#27;[39m
&amp#27;[38;5;0m[HTTP]&amp#27;[0m &amp#27;[90m&amp#27;[39m
&amp#27;[38;5;0m[HTTP]&amp#27;[0m &amp#27;[37m-->&amp#27;[39m &amp#27;[37mGET&amp#27;[39m &amp#27;[37m/session/47571b8e-6191-4ef5-a875-b0f0dcd05976/context&amp#27;[39m
&amp#27;[38;5;0m[HTTP]&amp#27;[0m &amp#27;[90m{}&amp#27;[39m
&amp#27;[38;5;32m[AndroidUiautomator2Driver@dabd (47571b8e)]&amp#27;[0m Calling AppiumDriver.getCurrentContext() with args: ["47571b8e-6191-4ef5-a875-b0f0dcd05976"]
&amp#27;[38;5;32m[AndroidUiautomator2Driver@dabd (47571b8e)]&amp#27;[0m Responding to client with driver.getCurrentContext() result: "NATIVE_APP"
&amp#27;[38;5;0m[HTTP]&amp#27;[0m &amp#27;[37m<-- GET /session/47571b8e-6191-4ef5-a875-b0f0dcd05976/context &amp#27;[39m&amp#27;[32m200&amp#27;[39m &amp#27;[90m0 ms - 22&amp#27;[39m
&amp#27;[38;5;0m[HTTP]&amp#27;[0m &amp#27;[90m&amp#27;[39m
&amp#27;[38;5;0m[HTTP]&amp#27;[0m &amp#27;[37m-->&amp#27;[39m &amp#27;[37mPOST&amp#27;[39m &amp#27;[37m/session/47571b8e-6191-4ef5-a875-b0f0dcd05976/element&amp#27;[39m
&amp#27;[38;5;0m[HTTP]&amp#27;[0m &amp#27;[90m{"using":"accessibility id","value":"City* input field"}&amp#27;[39m
&amp#27;[38;5;32m[AndroidUiautomator2Driver@dabd (47571b8e)]&amp#27;[0m Calling AppiumDriver.findElement() with args: ["accessibility id","City* input field","47571b8e-6191-4ef5-a875-b0f0dcd05976"]
&amp#27;[38;5;32m[AndroidUiautomator2Driver@dabd (47571b8e)]&amp#27;[0m Valid locator strategies for this request: xpath, id, class name, accessibility id, css selector, -android uiautomator
&amp#27;[38;5;32m[AndroidUiautomator2Driver@dabd (47571b8e)]&amp#27;[0m Waiting up to 10000 ms for condition
&amp#27;[38;5;32m[AndroidUiautomator2Driver@dabd (47571b8e)]&amp#27;[0m Matched '/element' to command name 'findElement'
&amp#27;[38;5;32m[AndroidUiautomator2Driver@dabd (47571b8e)]&amp#27;[0m Proxying [POST /element] to [POST http://127.0.0.1:8201/session/e99dcc09-a0f0-48bb-8a0b-d829d4323b82/element] with body: {"strategy":"accessibility id","selector":"City* input field","context":"","multiple":false}
&amp#27;[38;5;32m[AndroidUiautomator2Driver@dabd (47571b8e)]&amp#27;[0m Got response with status 200: {"sessionId":"e99dcc09-a0f0-48bb-8a0b-d829d4323b82","value":{"ELEMENT":"00000000-0000-0594-ffff-ffff000006c3","element-6066-11e4-a52e-4f735466cecf":"00000000-0000-0594-ffff-ffff000006c3"}}
&amp#27;[38;5;32m[AndroidUiautomator2Driver@dabd (47571b8e)]&amp#27;[0m Responding to client with driver.findElement() result: {"element-6066-11e4-a52e-4f735466cecf":"00000000-0000-0594-ffff-ffff000006c3","ELEMENT":"00000000-0000-0594-ffff-ffff000006c3"}
&amp#27;[38;5;0m[HTTP]&amp#27;[0m &amp#27;[37m<-- POST /session/47571b8e-6191-4ef5-a875-b0f0dcd05976/element &amp#27;[39m&amp#27;[32m200&amp#27;[39m &amp#27;[90m929 ms - 137&amp#27;[39m
&amp#27;[38;5;0m[HTTP]&amp#27;[0m &amp#27;[90m&amp#27;[39m
&amp#27;[38;5;0m[HTTP]&amp#27;[0m &amp#27;[37m-->&amp#27;[39m &amp#27;[37mPOST&amp#27;[39m &amp#27;[37m/session/47571b8e-6191-4ef5-a875-b0f0dcd05976/element/00000000-0000-0594-ffff-ffff000006c3/value&amp#27;[39m
&amp#27;[38;5;0m[HTTP]&amp#27;[0m &amp#27;[90m{"id":"00000000-0000-0594-ffff-ffff000006c3","text":"San Diego","value":["S","a","n"," ","D","i","e","g","o"]}&amp#27;[39m
&amp#27;[38;5;32m[AndroidUiautomator2Driver@dabd (47571b8e)]&amp#27;[0m Calling AppiumDriver.setValue() with args: [["S","a","n"," ","D","i","e","g","o"],"00000000-0000-0594-ffff-ffff000006c3","47571b8e-6191-4ef5-a875-b0f0dcd05976"]
&amp#27;[38;5;32m[AndroidUiautomator2Driver@dabd (47571b8e)]&amp#27;[0m Matched '/element/00000000-0000-0594-ffff-ffff000006c3/value' to command name 'setValue'
&amp#27;[38;5;32m[AndroidUiautomator2Driver@dabd (47571b8e)]&amp#27;[0m Added 'value' property ["S","a","n"," ","D","i","e","g","o"] to 'setValue' request body
&amp#27;[38;5;32m[AndroidUiautomator2Driver@dabd (47571b8e)]&amp#27;[0m Proxying [POST /element/00000000-0000-0594-ffff-ffff000006c3/value] to [POST http://127.0.0.1:8201/session/e99dcc09-a0f0-48bb-8a0b-d829d4323b82/element/00000000-0000-0594-ffff-ffff000006c3/value] with body: {"elementId":"00000000-0000-0594-ffff-ffff000006c3","text":"San Diego","replace":false,"value":["S","a","n"," ","D","i","e","g","o"]}
&amp#27;[38;5;32m[AndroidUiautomator2Driver@dabd (47571b8e)]&amp#27;[0m Got response with status 200: {"sessionId":"e99dcc09-a0f0-48bb-8a0b-d829d4323b82","value":null}
&amp#27;[38;5;32m[AndroidUiautomator2Driver@dabd (47571b8e)]&amp#27;[0m Responding to client with driver.setValue() result: null
&amp#27;[38;5;0m[HTTP]&amp#27;[0m &amp#27;[37m<-- POST /session/47571b8e-6191-4ef5-a875-b0f0dcd05976/element/00000000-0000-0594-ffff-ffff000006c3/value &amp#27;[39m&amp#27;[32m200&amp#27;[39m &amp#27;[90m96 ms - 14&amp#27;[39m
&amp#27;[38;5;0m[HTTP]&amp#27;[0m &amp#27;[90m&amp#27;[39m
&amp#27;[38;5;0m[HTTP]&amp#27;[0m &amp#27;[37m-->&amp#27;[39m &amp#27;[37mGET&amp#27;[39m &amp#27;[37m/session/47571b8e-6191-4ef5-a875-b0f0dcd05976/context&amp#27;[39m
&amp#27;[38;5;0m[HTTP]&amp#27;[0m &amp#27;[90m{}&amp#27;[39m
&amp#27;[38;5;32m[AndroidUiautomator2Driver@dabd (47571b8e)]&amp#27;[0m Calling AppiumDriver.getCurrentContext() with args: ["47571b8e-6191-4ef5-a875-b0f0dcd05976"]
&amp#27;[38;5;32m[AndroidUiautomator2Driver@dabd (47571b8e)]&amp#27;[0m Responding to client with driver.getCurrentContext() result: "NATIVE_APP"
&amp#27;[38;5;0m[HTTP]&amp#27;[0m &amp#27;[37m<-- GET /session/47571b8e-6191-4ef5-a875-b0f0dcd05976/context &amp#27;[39m&amp#27;[32m200&amp#27;[39m &amp#27;[90m1 ms - 22&amp#27;[39m
&amp#27;[38;5;0m[HTTP]&amp#27;[0m &amp#27;[90m&amp#27;[39m
&amp#27;[38;5;0m[HTTP]&amp#27;[0m &amp#27;[37m-->&amp#27;[39m &amp#27;[37mPOST&amp#27;[39m &amp#27;[37m/session/47571b8e-6191-4ef5-a875-b0f0dcd05976/element&amp#27;[39m
&amp#27;[38;5;0m[HTTP]&amp#27;[0m &amp#27;[90m{"using":"accessibility id","value":"State/Region input field"}&amp#27;[39m
&amp#27;[38;5;32m[AndroidUiautomator2Driver@dabd (47571b8e)]&amp#27;[0m Calling AppiumDriver.findElement() with args: ["accessibility id","State/Region input field","47571b8e-6191-4ef5-a875-b0f0dcd05976"]
&amp#27;[38;5;32m[AndroidUiautomator2Driver@dabd (47571b8e)]&amp#27;[0m Valid locator strategies for this request: xpath, id, class name, accessibility id, css selector, -android uiautomator
&amp#27;[38;5;32m[AndroidUiautomator2Driver@dabd (47571b8e)]&amp#27;[0m Waiting up to 10000 ms for condition
&amp#27;[38;5;32m[AndroidUiautomator2Driver@dabd (47571b8e)]&amp#27;[0m Matched '/element' to command name 'findElement'
&amp#27;[38;5;32m[AndroidUiautomator2Driver@dabd (47571b8e)]&amp#27;[0m Proxying [POST /element] to [POST http://127.0.0.1:8201/session/e99dcc09-a0f0-48bb-8a0b-d829d4323b82/element] with body: {"strategy":"accessibility id","selector":"State/Region input field","context":"","multiple":false}
&amp#27;[38;5;32m[AndroidUiautomator2Driver@dabd (47571b8e)]&amp#27;[0m Got response with status 200: {"sessionId":"e99dcc09-a0f0-48bb-8a0b-d829d4323b82","value":{"ELEMENT":"00000000-0000-0594-ffff-ffff000006c6","element-6066-11e4-a52e-4f735466cecf":"00000000-0000-0594-ffff-ffff000006c6"}}
&amp#27;[38;5;32m[AndroidUiautomator2Driver@dabd (47571b8e)]&amp#27;[0m Responding to client with driver.findElement() result: {"element-6066-11e4-a52e-4f735466cecf":"00000000-0000-0594-ffff-ffff000006c6","ELEMENT":"00000000-0000-0594-ffff-ffff000006c6"}
&amp#27;[38;5;0m[HTTP]&amp#27;[0m &amp#27;[37m<-- POST /session/47571b8e-6191-4ef5-a875-b0f0dcd05976/element &amp#27;[39m&amp#27;[32m200&amp#27;[39m &amp#27;[90m693 ms - 137&amp#27;[39m
&amp#27;[38;5;0m[HTTP]&amp#27;[0m &amp#27;[90m&amp#27;[39m
&amp#27;[38;5;0m[HTTP]&amp#27;[0m &amp#27;[37m-->&amp#27;[39m &amp#27;[37mPOST&amp#27;[39m &amp#27;[37m/session/47571b8e-6191-4ef5-a875-b0f0dcd05976/element/00000000-0000-0594-ffff-ffff000006c6/value&amp#27;[39m
&amp#27;[38;5;0m[HTTP]&amp#27;[0m &amp#27;[90m{"id":"00000000-0000-0594-ffff-ffff000006c6","text":"California","value":["C","a","l","i","f","o","r","n","i","a"]}&amp#27;[39m
&amp#27;[38;5;32m[AndroidUiautomator2Driver@dabd (47571b8e)]&amp#27;[0m Calling AppiumDriver.setValue() with args: [["C","a","l","i","f","o","r","n","i","a"],"00000000-0000-0594-ffff-ffff000006c6","47571b8e-6191-4ef5-a875-b0f0dcd05976"]
&amp#27;[38;5;32m[AndroidUiautomator2Driver@dabd (47571b8e)]&amp#27;[0m Matched '/element/00000000-0000-0594-ffff-ffff000006c6/value' to command name 'setValue'
&amp#27;[38;5;32m[AndroidUiautomator2Driver@dabd (47571b8e)]&amp#27;[0m Added 'value' property ["C","a","l","i","f","o","r","n","i","a"] to 'setValue' request body
&amp#27;[38;5;32m[AndroidUiautomator2Driver@dabd (47571b8e)]&amp#27;[0m Proxying [POST /element/00000000-0000-0594-ffff-ffff000006c6/value] to [POST http://127.0.0.1:8201/session/e99dcc09-a0f0-48bb-8a0b-d829d4323b82/element/00000000-0000-0594-ffff-ffff000006c6/value] with body: {"elementId":"00000000-0000-0594-ffff-ffff000006c6","text":"California","replace":false,"value":["C","a","l","i","f","o","r","n","i","a"]}
&amp#27;[38;5;32m[AndroidUiautomator2Driver@dabd (47571b8e)]&amp#27;[0m Got response with status 200: {"sessionId":"e99dcc09-a0f0-48bb-8a0b-d829d4323b82","value":null}
&amp#27;[38;5;32m[AndroidUiautomator2Driver@dabd (47571b8e)]&amp#27;[0m Responding to client with driver.setValue() result: null
&amp#27;[38;5;0m[HTTP]&amp#27;[0m &amp#27;[37m<-- POST /session/47571b8e-6191-4ef5-a875-b0f0dcd05976/element/00000000-0000-0594-ffff-ffff000006c6/value &amp#27;[39m&amp#27;[32m200&amp#27;[39m &amp#27;[90m587 ms - 14&amp#27;[39m
&amp#27;[38;5;0m[HTTP]&amp#27;[0m &amp#27;[90m&amp#27;[39m
&amp#27;[38;5;0m[HTTP]&amp#27;[0m &amp#27;[37m-->&amp#27;[39m &amp#27;[37mGET&amp#27;[39m &amp#27;[37m/session/47571b8e-6191-4ef5-a875-b0f0dcd05976/context&amp#27;[39m
&amp#27;[38;5;0m[HTTP]&amp#27;[0m &amp#27;[90m{}&amp#27;[39m
&amp#27;[38;5;32m[AndroidUiautomator2Driver@dabd (47571b8e)]&amp#27;[0m Calling AppiumDriver.getCurrentContext() with args: ["47571b8e-6191-4ef5-a875-b0f0dcd05976"]
&amp#27;[38;5;32m[AndroidUiautomator2Driver@dabd (47571b8e)]&amp#27;[0m Responding to client with driver.getCurrentContext() result: "NATIVE_APP"
&amp#27;[38;5;0m[HTTP]&amp#27;[0m &amp#27;[37m<-- GET /session/47571b8e-6191-4ef5-a875-b0f0dcd05976/context &amp#27;[39m&amp#27;[32m200&amp#27;[39m &amp#27;[90m1 ms - 22&amp#27;[39m
&amp#27;[38;5;0m[HTTP]&amp#27;[0m &amp#27;[90m&amp#27;[39m
&amp#27;[38;5;0m[HTTP]&amp#27;[0m &amp#27;[37m-->&amp#27;[39m &amp#27;[37mPOST&amp#27;[39m &amp#27;[37m/session/47571b8e-6191-4ef5-a875-b0f0dcd05976/element&amp#27;[39m
&amp#27;[38;5;0m[HTTP]&amp#27;[0m &amp#27;[90m{"using":"accessibility id","value":"Zip Code* input field"}&amp#27;[39m
&amp#27;[38;5;32m[AndroidUiautomator2Driver@dabd (47571b8e)]&amp#27;[0m Calling AppiumDriver.findElement() with args: ["accessibility id","Zip Code* input field","47571b8e-6191-4ef5-a875-b0f0dcd05976"]
&amp#27;[38;5;32m[AndroidUiautomator2Driver@dabd (47571b8e)]&amp#27;[0m Valid locator strategies for this request: xpath, id, class name, accessibility id, css selector, -android uiautomator
&amp#27;[38;5;32m[AndroidUiautomator2Driver@dabd (47571b8e)]&amp#27;[0m Waiting up to 10000 ms for condition
&amp#27;[38;5;32m[AndroidUiautomator2Driver@dabd (47571b8e)]&amp#27;[0m Matched '/element' to command name 'findElement'
&amp#27;[38;5;32m[AndroidUiautomator2Driver@dabd (47571b8e)]&amp#27;[0m Proxying [POST /element] to [POST http://127.0.0.1:8201/session/e99dcc09-a0f0-48bb-8a0b-d829d4323b82/element] with body: {"strategy":"accessibility id","selector":"Zip Code* input field","context":"","multiple":false}
&amp#27;[38;5;32m[AndroidUiautomator2Driver@dabd (47571b8e)]&amp#27;[0m Got response with status 200: {"sessionId":"e99dcc09-a0f0-48bb-8a0b-d829d4323b82","value":{"ELEMENT":"00000000-0000-0594-ffff-ffff000006c9","element-6066-11e4-a52e-4f735466cecf":"00000000-0000-0594-ffff-ffff000006c9"}}
&amp#27;[38;5;32m[AndroidUiautomator2Driver@dabd (47571b8e)]&amp#27;[0m Responding to client with driver.findElement() result: {"element-6066-11e4-a52e-4f735466cecf":"00000000-0000-0594-ffff-ffff000006c9","ELEMENT":"00000000-0000-0594-ffff-ffff000006c9"}
&amp#27;[38;5;0m[HTTP]&amp#27;[0m &amp#27;[37m<-- POST /session/47571b8e-6191-4ef5-a875-b0f0dcd05976/element &amp#27;[39m&amp#27;[32m200&amp#27;[39m &amp#27;[90m718 ms - 137&amp#27;[39m
&amp#27;[38;5;0m[HTTP]&amp#27;[0m &amp#27;[90m&amp#27;[39m
&amp#27;[38;5;0m[HTTP]&amp#27;[0m &amp#27;[37m-->&amp#27;[39m &amp#27;[37mPOST&amp#27;[39m &amp#27;[37m/session/47571b8e-6191-4ef5-a875-b0f0dcd05976/element/00000000-0000-0594-ffff-ffff000006c9/value&amp#27;[39m
&amp#27;[38;5;0m[HTTP]&amp#27;[0m &amp#27;[90m{"id":"00000000-0000-0594-ffff-ffff000006c9","text":"92131","value":["9","2","1","3","1"]}&amp#27;[39m
&amp#27;[38;5;32m[AndroidUiautomator2Driver@dabd (47571b8e)]&amp#27;[0m Calling AppiumDriver.setValue() with args: [["9","2","1","3","1"],"00000000-0000-0594-ffff-ffff000006c9","47571b8e-6191-4ef5-a875-b0f0dcd05976"]
&amp#27;[38;5;32m[AndroidUiautomator2Driver@dabd (47571b8e)]&amp#27;[0m Matched '/element/00000000-0000-0594-ffff-ffff000006c9/value' to command name 'setValue'
&amp#27;[38;5;32m[AndroidUiautomator2Driver@dabd (47571b8e)]&amp#27;[0m Added 'value' property ["9","2","1","3","1"] to 'setValue' request body
&amp#27;[38;5;32m[AndroidUiautomator2Driver@dabd (47571b8e)]&amp#27;[0m Proxying [POST /element/00000000-0000-0594-ffff-ffff000006c9/value] to [POST http://127.0.0.1:8201/session/e99dcc09-a0f0-48bb-8a0b-d829d4323b82/element/00000000-0000-0594-ffff-ffff000006c9/value] with body: {"elementId":"00000000-0000-0594-ffff-ffff000006c9","text":"92131","replace":false,"value":["9","2","1","3","1"]}
&amp#27;[38;5;32m[AndroidUiautomator2Driver@dabd (47571b8e)]&amp#27;[0m Got response with status 200: {"sessionId":"e99dcc09-a0f0-48bb-8a0b-d829d4323b82","value":null}
&amp#27;[38;5;32m[AndroidUiautomator2Driver@dabd (47571b8e)]&amp#27;[0m Responding to client with driver.setValue() result: null
&amp#27;[38;5;0m[HTTP]&amp#27;[0m &amp#27;[37m<-- POST /session/47571b8e-6191-4ef5-a875-b0f0dcd05976/element/00000000-0000-0594-ffff-ffff000006c9/value &amp#27;[39m&amp#27;[32m200&amp#27;[39m &amp#27;[90m583 ms - 14&amp#27;[39m
&amp#27;[38;5;0m[HTTP]&amp#27;[0m &amp#27;[90m&amp#27;[39m
&amp#27;[38;5;0m[HTTP]&amp#27;[0m &amp#27;[37m-->&amp#27;[39m &amp#27;[37mGET&amp#27;[39m &amp#27;[37m/session/47571b8e-6191-4ef5-a875-b0f0dcd05976/context&amp#27;[39m
&amp#27;[38;5;0m[HTTP]&amp#27;[0m &amp#27;[90m{}&amp#27;[39m
&amp#27;[38;5;32m[AndroidUiautomator2Driver@dabd (47571b8e)]&amp#27;[0m Calling AppiumDriver.getCurrentContext() with args: ["47571b8e-6191-4ef5-a875-b0f0dcd05976"]
&amp#27;[38;5;32m[AndroidUiautomator2Driver@dabd (47571b8e)]&amp#27;[0m Responding to client with driver.getCurrentContext() result: "NATIVE_APP"
&amp#27;[38;5;0m[HTTP]&amp#27;[0m &amp#27;[37m<-- GET /session/47571b8e-6191-4ef5-a875-b0f0dcd05976/context &amp#27;[39m&amp#27;[32m200&amp#27;[39m &amp#27;[90m1 ms - 22&amp#27;[39m
&amp#27;[38;5;0m[HTTP]&amp#27;[0m &amp#27;[90m&amp#27;[39m
&amp#27;[38;5;0m[HTTP]&amp#27;[0m &amp#27;[37m-->&amp#27;[39m &amp#27;[37mPOST&amp#27;[39m &amp#27;[37m/session/47571b8e-6191-4ef5-a875-b0f0dcd05976/element&amp#27;[39m
&amp#27;[38;5;0m[HTTP]&amp#27;[0m &amp#27;[90m{"using":"accessibility id","value":"Country* input field"}&amp#27;[39m
&amp#27;[38;5;32m[AndroidUiautomator2Driver@dabd (47571b8e)]&amp#27;[0m Calling AppiumDriver.findElement() with args: ["accessibility id","Country* input field","47571b8e-6191-4ef5-a875-b0f0dcd05976"]
&amp#27;[38;5;32m[AndroidUiautomator2Driver@dabd (47571b8e)]&amp#27;[0m Valid locator strategies for this request: xpath, id, class name, accessibility id, css selector, -android uiautomator
&amp#27;[38;5;32m[AndroidUiautomator2Driver@dabd (47571b8e)]&amp#27;[0m Waiting up to 10000 ms for condition
&amp#27;[38;5;32m[AndroidUiautomator2Driver@dabd (47571b8e)]&amp#27;[0m Matched '/element' to command name 'findElement'
&amp#27;[38;5;32m[AndroidUiautomator2Driver@dabd (47571b8e)]&amp#27;[0m Proxying [POST /element] to [POST http://127.0.0.1:8201/session/e99dcc09-a0f0-48bb-8a0b-d829d4323b82/element] with body: {"strategy":"accessibility id","selector":"Country* input field","context":"","multiple":false}
&amp#27;[38;5;32m[AndroidUiautomator2Driver@dabd (47571b8e)]&amp#27;[0m Got response with status 200: {"sessionId":"e99dcc09-a0f0-48bb-8a0b-d829d4323b82","value":{"ELEMENT":"00000000-0000-0594-ffff-ffff000006cc","element-6066-11e4-a52e-4f735466cecf":"00000000-0000-0594-ffff-ffff000006cc"}}
&amp#27;[38;5;32m[AndroidUiautomator2Driver@dabd (47571b8e)]&amp#27;[0m Responding to client with driver.findElement() result: {"element-6066-11e4-a52e-4f735466cecf":"00000000-0000-0594-ffff-ffff000006cc","ELEMENT":"00000000-0000-0594-ffff-ffff000006cc"}
&amp#27;[38;5;0m[HTTP]&amp#27;[0m &amp#27;[37m<-- POST /session/47571b8e-6191-4ef5-a875-b0f0dcd05976/element &amp#27;[39m&amp#27;[32m200&amp#27;[39m &amp#27;[90m695 ms - 137&amp#27;[39m
&amp#27;[38;5;0m[HTTP]&amp#27;[0m &amp#27;[90m&amp#27;[39m
&amp#27;[38;5;0m[HTTP]&amp#27;[0m &amp#27;[37m-->&amp#27;[39m &amp#27;[37mPOST&amp#27;[39m &amp#27;[37m/session/47571b8e-6191-4ef5-a875-b0f0dcd05976/element/00000000-0000-0594-ffff-ffff000006cc/value&amp#27;[39m
&amp#27;[38;5;0m[HTTP]&amp#27;[0m &amp#27;[90m{"id":"00000000-0000-0594-ffff-ffff000006cc","text":"United States","value":["U","n","i","t","e","d"," ","S","t","a","t","e","s"]}&amp#27;[39m
&amp#27;[38;5;32m[AndroidUiautomator2Driver@dabd (47571b8e)]&amp#27;[0m Calling AppiumDriver.setValue() with args: [["U","n","i","t","e","d"," ","S","t","a","t","e","s"],"00000000-0000-0594-ffff-ffff000006cc","47571b8e-6191-4ef5-a875-b0f0dcd05976"]
&amp#27;[38;5;32m[AndroidUiautomator2Driver@dabd (47571b8e)]&amp#27;[0m Matched '/element/00000000-0000-0594-ffff-ffff000006cc/value' to command name 'setValue'
&amp#27;[38;5;32m[AndroidUiautomator2Driver@dabd (47571b8e)]&amp#27;[0m Added 'value' property ["U","n","i","t","e","d"," ","S","t","a","t","e","s"] to 'setValue' request body
&amp#27;[38;5;32m[AndroidUiautomator2Driver@dabd (47571b8e)]&amp#27;[0m Proxying [POST /element/00000000-0000-0594-ffff-ffff000006cc/value] to [POST http://127.0.0.1:8201/session/e99dcc09-a0f0-48bb-8a0b-d829d4323b82/element/00000000-0000-0594-ffff-ffff000006cc/value] with body: {"elementId":"00000000-0000-0594-ffff-ffff000006cc","text":"United States","replace":false,"value":["U","n","i","t","e","d"," ","S","t","a","t","e","s"]}
&amp#27;[38;5;32m[AndroidUiautomator2Driver@dabd (47571b8e)]&amp#27;[0m Got response with status 200: {"sessionId":"e99dcc09-a0f0-48bb-8a0b-d829d4323b82","value":null}
&amp#27;[38;5;32m[AndroidUiautomator2Driver@dabd (47571b8e)]&amp#27;[0m Responding to client with driver.setValue() result: null
&amp#27;[38;5;0m[HTTP]&amp#27;[0m &amp#27;[37m<-- POST /session/47571b8e-6191-4ef5-a875-b0f0dcd05976/element/00000000-0000-0594-ffff-ffff000006cc/value &amp#27;[39m&amp#27;[32m200&amp#27;[39m &amp#27;[90m605 ms - 14&amp#27;[39m
&amp#27;[38;5;0m[HTTP]&amp#27;[0m &amp#27;[90m&amp#27;[39m
&amp#27;[38;5;0m[HTTP]&amp#27;[0m &amp#27;[37m-->&amp#27;[39m &amp#27;[37mGET&amp#27;[39m &amp#27;[37m/session/47571b8e-6191-4ef5-a875-b0f0dcd05976/context&amp#27;[39m
&amp#27;[38;5;0m[HTTP]&amp#27;[0m &amp#27;[90m{}&amp#27;[39m
&amp#27;[38;5;32m[AndroidUiautomator2Driver@dabd (47571b8e)]&amp#27;[0m Calling AppiumDriver.getCurrentContext() with args: ["47571b8e-6191-4ef5-a875-b0f0dcd05976"]
&amp#27;[38;5;32m[AndroidUiautomator2Driver@dabd (47571b8e)]&amp#27;[0m Responding to client with driver.getCurrentContext() result: "NATIVE_APP"
&amp#27;[38;5;0m[HTTP]&amp#27;[0m &amp#27;[37m<-- GET /session/47571b8e-6191-4ef5-a875-b0f0dcd05976/context &amp#27;[39m&amp#27;[32m200&amp#27;[39m &amp#27;[90m1 ms - 22&amp#27;[39m
&amp#27;[38;5;0m[HTTP]&amp#27;[0m &amp#27;[90m&amp#27;[39m
&amp#27;[38;5;0m[HTTP]&amp#27;[0m &amp#27;[37m-->&amp#27;[39m &amp#27;[37mPOST&amp#27;[39m &amp#27;[37m/session/47571b8e-6191-4ef5-a875-b0f0dcd05976/element&amp#27;[39m
&amp#27;[38;5;0m[HTTP]&amp#27;[0m &amp#27;[90m{"using":"accessibility id","value":"To Payment button"}&amp#27;[39m
&amp#27;[38;5;32m[AndroidUiautomator2Driver@dabd (47571b8e)]&amp#27;[0m Calling AppiumDriver.findElement() with args: ["accessibility id","To Payment button","47571b8e-6191-4ef5-a875-b0f0dcd05976"]
&amp#27;[38;5;32m[AndroidUiautomator2Driver@dabd (47571b8e)]&amp#27;[0m Valid locator strategies for this request: xpath, id, class name, accessibility id, css selector, -android uiautomator
&amp#27;[38;5;32m[AndroidUiautomator2Driver@dabd (47571b8e)]&amp#27;[0m Waiting up to 10000 ms for condition
&amp#27;[38;5;32m[AndroidUiautomator2Driver@dabd (47571b8e)]&amp#27;[0m Matched '/element' to command name 'findElement'
&amp#27;[38;5;32m[AndroidUiautomator2Driver@dabd (47571b8e)]&amp#27;[0m Proxying [POST /element] to [POST http://127.0.0.1:8201/session/e99dcc09-a0f0-48bb-8a0b-d829d4323b82/element] with body: {"strategy":"accessibility id","selector":"To Payment button","context":"","multiple":false}
&amp#27;[38;5;32m[AndroidUiautomator2Driver@dabd (47571b8e)]&amp#27;[0m Got response with status 200: {"sessionId":"e99dcc09-a0f0-48bb-8a0b-d829d4323b82","value":{"ELEMENT":"00000000-0000-0594-ffff-ffff000006cf","element-6066-11e4-a52e-4f735466cecf":"00000000-0000-0594-ffff-ffff000006cf"}}
&amp#27;[38;5;32m[AndroidUiautomator2Driver@dabd (47571b8e)]&amp#27;[0m Responding to client with driver.findElement() result: {"element-6066-11e4-a52e-4f735466cecf":"00000000-0000-0594-ffff-ffff000006cf","ELEMENT":"00000000-0000-0594-ffff-ffff000006cf"}
&amp#27;[38;5;0m[HTTP]&amp#27;[0m &amp#27;[37m<-- POST /session/47571b8e-6191-4ef5-a875-b0f0dcd05976/element &amp#27;[39m&amp#27;[32m200&amp#27;[39m &amp#27;[90m732 ms - 137&amp#27;[39m
&amp#27;[38;5;0m[HTTP]&amp#27;[0m &amp#27;[90m&amp#27;[39m
&amp#27;[38;5;0m[HTTP]&amp#27;[0m &amp#27;[37m-->&amp#27;[39m &amp#27;[37mPOST&amp#27;[39m &amp#27;[37m/session/47571b8e-6191-4ef5-a875-b0f0dcd05976/element/00000000-0000-0594-ffff-ffff000006cf/click&amp#27;[39m
&amp#27;[38;5;0m[HTTP]&amp#27;[0m &amp#27;[90m{"id":"00000000-0000-0594-ffff-ffff000006cf"}&amp#27;[39m
&amp#27;[38;5;32m[AndroidUiautomator2Driver@dabd (47571b8e)]&amp#27;[0m Calling AppiumDriver.click() with args: ["00000000-0000-0594-ffff-ffff000006cf","47571b8e-6191-4ef5-a875-b0f0dcd05976"]
&amp#27;[38;5;32m[AndroidUiautomator2Driver@dabd (47571b8e)]&amp#27;[0m Matched '/element/00000000-0000-0594-ffff-ffff000006cf/click' to command name 'click'
&amp#27;[38;5;32m[AndroidUiautomator2Driver@dabd (47571b8e)]&amp#27;[0m Proxying [POST /element/00000000-0000-0594-ffff-ffff000006cf/click] to [POST http://127.0.0.1:8201/session/e99dcc09-a0f0-48bb-8a0b-d829d4323b82/element/00000000-0000-0594-ffff-ffff000006cf/click] with body: {"element":"00000000-0000-0594-ffff-ffff000006cf"}
&amp#27;[38;5;32m[AndroidUiautomator2Driver@dabd (47571b8e)]&amp#27;[0m Got response with status 200: {"sessionId":"e99dcc09-a0f0-48bb-8a0b-d829d4323b82","value":null}
&amp#27;[38;5;32m[AndroidUiautomator2Driver@dabd (47571b8e)]&amp#27;[0m Responding to client with driver.click() result: null
&amp#27;[38;5;0m[HTTP]&amp#27;[0m &amp#27;[37m<-- POST /session/47571b8e-6191-4ef5-a875-b0f0dcd05976/element/00000000-0000-0594-ffff-ffff000006cf/click &amp#27;[39m&amp#27;[32m200&amp#27;[39m &amp#27;[90m67 ms - 14&amp#27;[39m
&amp#27;[38;5;0m[HTTP]&amp#27;[0m &amp#27;[90m&amp#27;[39m
&amp#27;[38;5;0m[HTTP]&amp#27;[0m &amp#27;[37m-->&amp#27;[39m &amp#27;[37mGET&amp#27;[39m &amp#27;[37m/session/47571b8e-6191-4ef5-a875-b0f0dcd05976/context&amp#27;[39m
&amp#27;[38;5;0m[HTTP]&amp#27;[0m &amp#27;[90m{}&amp#27;[39m
&amp#27;[38;5;32m[AndroidUiautomator2Driver@dabd (47571b8e)]&amp#27;[0m Calling AppiumDriver.getCurrentContext() with args: ["47571b8e-6191-4ef5-a875-b0f0dcd05976"]
&amp#27;[38;5;32m[AndroidUiautomator2Driver@dabd (47571b8e)]&amp#27;[0m Responding to client with driver.getCurrentContext() result: "NATIVE_APP"
&amp#27;[38;5;0m[HTTP]&amp#27;[0m &amp#27;[37m<-- GET /session/47571b8e-6191-4ef5-a875-b0f0dcd05976/context &amp#27;[39m&amp#27;[32m200&amp#27;[39m &amp#27;[90m1 ms - 22&amp#27;[39m
&amp#27;[38;5;0m[HTTP]&amp#27;[0m &amp#27;[90m&amp#27;[39m
&amp#27;[38;5;0m[HTTP]&amp#27;[0m &amp#27;[37m-->&amp#27;[39m &amp#27;[37mPOST&amp#27;[39m &amp#27;[37m/session/47571b8e-6191-4ef5-a875-b0f0dcd05976/element&amp#27;[39m
&amp#27;[38;5;0m[HTTP]&amp#27;[0m &amp#27;[90m{"using":"xpath","value":"//android.widget.TextView[contains(@text,'payment')]"}&amp#27;[39m
&amp#27;[38;5;32m[AndroidUiautomator2Driver@dabd (47571b8e)]&amp#27;[0m Calling AppiumDriver.findElement() with args: ["xpath","//android.widget.TextView[contains(@text,'payment')]","47571b8e-6191-4ef5-a875-b0f0dcd05976"]
&amp#27;[38;5;32m[AndroidUiautomator2Driver@dabd (47571b8e)]&amp#27;[0m Valid locator strategies for this request: xpath, id, class name, accessibility id, css selector, -android uiautomator
&amp#27;[38;5;32m[AndroidUiautomator2Driver@dabd (47571b8e)]&amp#27;[0m Waiting up to 10000 ms for condition
&amp#27;[38;5;32m[AndroidUiautomator2Driver@dabd (47571b8e)]&amp#27;[0m Matched '/element' to command name 'findElement'
&amp#27;[38;5;32m[AndroidUiautomator2Driver@dabd (47571b8e)]&amp#27;[0m Proxying [POST /element] to [POST http://127.0.0.1:8201/session/e99dcc09-a0f0-48bb-8a0b-d829d4323b82/element] with body: {"strategy":"xpath","selector":"//android.widget.TextView[contains(@text,'payment')]","context":"","multiple":false}
&amp#27;[38;5;32m[AndroidUiautomator2Driver@dabd (47571b8e)]&amp#27;[0m Got response with status 200: {"sessionId":"e99dcc09-a0f0-48bb-8a0b-d829d4323b82","value":{"ELEMENT":"00000000-0000-0594-ffff-ffff000006e8","element-6066-11e4-a52e-4f735466cecf":"00000000-0000-0594-ffff-ffff000006e8"}}
&amp#27;[38;5;32m[AndroidUiautomator2Driver@dabd (47571b8e)]&amp#27;[0m Responding to client with driver.findElement() result: {"element-6066-11e4-a52e-4f735466cecf":"00000000-0000-0594-ffff-ffff000006e8","ELEMENT":"00000000-0000-0594-ffff-ffff000006e8"}
&amp#27;[38;5;0m[HTTP]&amp#27;[0m &amp#27;[37m<-- POST /session/47571b8e-6191-4ef5-a875-b0f0dcd05976/element &amp#27;[39m&amp#27;[32m200&amp#27;[39m &amp#27;[90m464 ms - 137&amp#27;[39m
&amp#27;[38;5;0m[HTTP]&amp#27;[0m &amp#27;[90m&amp#27;[39m
&amp#27;[38;5;0m[HTTP]&amp#27;[0m &amp#27;[37m-->&amp#27;[39m &amp#27;[37mGET&amp#27;[39m &amp#27;[37m/session/47571b8e-6191-4ef5-a875-b0f0dcd05976/element/00000000-0000-0594-ffff-ffff000006e8/text&amp#27;[39m
&amp#27;[38;5;0m[HTTP]&amp#27;[0m &amp#27;[90m{}&amp#27;[39m
&amp#27;[38;5;32m[AndroidUiautomator2Driver@dabd (47571b8e)]&amp#27;[0m Driver proxy active, passing request on via HTTP proxy
&amp#27;[38;5;32m[AndroidUiautomator2Driver@dabd (47571b8e)]&amp#27;[0m Matched '/session/47571b8e-6191-4ef5-a875-b0f0dcd05976/element/00000000-0000-0594-ffff-ffff000006e8/text' to command name 'getText'
&amp#27;[38;5;32m[AndroidUiautomator2Driver@dabd (47571b8e)]&amp#27;[0m Proxying [GET /session/47571b8e-6191-4ef5-a875-b0f0dcd05976/element/00000000-0000-0594-ffff-ffff000006e8/text] to [GET http://127.0.0.1:8201/session/e99dcc09-a0f0-48bb-8a0b-d829d4323b82/element/00000000-0000-0594-ffff-ffff000006e8/text] with no body
&amp#27;[38;5;32m[AndroidUiautomator2Driver@dabd (47571b8e)]&amp#27;[0m Got response with status 200: {"sessionId":"e99dcc09-a0f0-48bb-8a0b-d829d4323b82","value":"Enter a payment method"}
&amp#27;[38;5;32m[AndroidUiautomator2Driver@dabd (47571b8e)]&amp#27;[0m Replacing sessionId e99dcc09-a0f0-48bb-8a0b-d829d4323b82 with 47571b8e-6191-4ef5-a875-b0f0dcd05976
&amp#27;[38;5;0m[HTTP]&amp#27;[0m &amp#27;[37m<-- GET /session/47571b8e-6191-4ef5-a875-b0f0dcd05976/element/00000000-0000-0594-ffff-ffff000006e8/text &amp#27;[39m&amp#27;[32m200&amp#27;[39m &amp#27;[90m631 ms - 85&amp#27;[39m
&amp#27;[38;5;0m[HTTP]&amp#27;[0m &amp#27;[90m&amp#27;[39m
&amp#27;[38;5;0m[HTTP]&amp#27;[0m &amp#27;[37m-->&amp#27;[39m &amp#27;[37mGET&amp#27;[39m &amp#27;[37m/session/47571b8e-6191-4ef5-a875-b0f0dcd05976/context&amp#27;[39m
&amp#27;[38;5;0m[HTTP]&amp#27;[0m &amp#27;[90m{}&amp#27;[39m
&amp#27;[38;5;32m[AndroidUiautomator2Driver@dabd (47571b8e)]&amp#27;[0m Calling AppiumDriver.getCurrentContext() with args: ["47571b8e-6191-4ef5-a875-b0f0dcd05976"]
&amp#27;[38;5;32m[AndroidUiautomator2Driver@dabd (47571b8e)]&amp#27;[0m Responding to client with driver.getCurrentContext() result: "NATIVE_APP"
&amp#27;[38;5;0m[HTTP]&amp#27;[0m &amp#27;[37m<-- GET /session/47571b8e-6191-4ef5-a875-b0f0dcd05976/context &amp#27;[39m&amp#27;[32m200&amp#27;[39m &amp#27;[90m1 ms - 22&amp#27;[39m
&amp#27;[38;5;0m[HTTP]&amp#27;[0m &amp#27;[90m&amp#27;[39m
&amp#27;[38;5;0m[HTTP]&amp#27;[0m &amp#27;[37m-->&amp#27;[39m &amp#27;[37mPOST&amp#27;[39m &amp#27;[37m/session/47571b8e-6191-4ef5-a875-b0f0dcd05976/elements&amp#27;[39m
&amp#27;[38;5;0m[HTTP]&amp#27;[0m &amp#27;[90m{"using":"xpath","value":"//android.widget.TextView[@text='Full Name*']"}&amp#27;[39m
&amp#27;[38;5;32m[AndroidUiautomator2Driver@dabd (47571b8e)]&amp#27;[0m Calling AppiumDriver.findElements() with args: ["xpath","//android.widget.TextView[@text='Full Name*']","47571b8e-6191-4ef5-a875-b0f0dcd05976"]
&amp#27;[38;5;32m[AndroidUiautomator2Driver@dabd (47571b8e)]&amp#27;[0m Valid locator strategies for this request: xpath, id, class name, accessibility id, css selector, -android uiautomator
&amp#27;[38;5;32m[AndroidUiautomator2Driver@dabd (47571b8e)]&amp#27;[0m Waiting up to 10000 ms for condition
&amp#27;[38;5;32m[AndroidUiautomator2Driver@dabd (47571b8e)]&amp#27;[0m Matched '/elements' to command name 'findElements'
&amp#27;[38;5;32m[AndroidUiautomator2Driver@dabd (47571b8e)]&amp#27;[0m Proxying [POST /elements] to [POST http://127.0.0.1:8201/session/e99dcc09-a0f0-48bb-8a0b-d829d4323b82/elements] with body: {"strategy":"xpath","selector":"//android.widget.TextView[@text='Full Name*']","context":"","multiple":true}
&amp#27;[38;5;32m[AndroidUiautomator2Driver@dabd (47571b8e)]&amp#27;[0m Got response with status 200: {"sessionId":"e99dcc09-a0f0-48bb-8a0b-d829d4323b82","value":[{"ELEMENT":"00000000-0000-0594-ffff-ffff000006ed","element-6066-11e4-a52e-4f735466cecf":"00000000-0000-0594-ffff-ffff000006ed"}]}
&amp#27;[38;5;32m[AndroidUiautomator2Driver@dabd (47571b8e)]&amp#27;[0m Responding to client with driver.findElements() result: [{"element-6066-11e4-a52e-4f735466cecf":"00000000-0000-0594-ffff-ffff000006ed","ELEMENT":"00000000-0000-0594-ffff-ffff000006ed"}]
&amp#27;[38;5;0m[HTTP]&amp#27;[0m &amp#27;[37m<-- POST /session/47571b8e-6191-4ef5-a875-b0f0dcd05976/elements &amp#27;[39m&amp#27;[32m200&amp#27;[39m &amp#27;[90m442 ms - 139&amp#27;[39m
&amp#27;[38;5;0m[HTTP]&amp#27;[0m &amp#27;[90m&amp#27;[39m
&amp#27;[38;5;0m[HTTP]&amp#27;[0m &amp#27;[37m-->&amp#27;[39m &amp#27;[37mGET&amp#27;[39m &amp#27;[37m/session/47571b8e-6191-4ef5-a875-b0f0dcd05976/context&amp#27;[39m
&amp#27;[38;5;0m[HTTP]&amp#27;[0m &amp#27;[90m{}&amp#27;[39m
&amp#27;[38;5;32m[AndroidUiautomator2Driver@dabd (47571b8e)]&amp#27;[0m Calling AppiumDriver.getCurrentContext() with args: ["47571b8e-6191-4ef5-a875-b0f0dcd05976"]
&amp#27;[38;5;32m[AndroidUiautomator2Driver@dabd (47571b8e)]&amp#27;[0m Responding to client with driver.getCurrentContext() result: "NATIVE_APP"
&amp#27;[38;5;0m[HTTP]&amp#27;[0m &amp#27;[37m<-- GET /session/47571b8e-6191-4ef5-a875-b0f0dcd05976/context &amp#27;[39m&amp#27;[32m200&amp#27;[39m &amp#27;[90m1 ms - 22&amp#27;[39m
&amp#27;[38;5;0m[HTTP]&amp#27;[0m &amp#27;[90m&amp#27;[39m
&amp#27;[38;5;0m[HTTP]&amp#27;[0m &amp#27;[37m-->&amp#27;[39m &amp#27;[37mPOST&amp#27;[39m &amp#27;[37m/session/47571b8e-6191-4ef5-a875-b0f0dcd05976/element&amp#27;[39m
&amp#27;[38;5;0m[HTTP]&amp#27;[0m &amp#27;[90m{"using":"accessibility id","value":"Full Name* input field"}&amp#27;[39m
&amp#27;[38;5;32m[AndroidUiautomator2Driver@dabd (47571b8e)]&amp#27;[0m Calling AppiumDriver.findElement() with args: ["accessibility id","Full Name* input field","47571b8e-6191-4ef5-a875-b0f0dcd05976"]
&amp#27;[38;5;32m[AndroidUiautomator2Driver@dabd (47571b8e)]&amp#27;[0m Valid locator strategies for this request: xpath, id, class name, accessibility id, css selector, -android uiautomator
&amp#27;[38;5;32m[AndroidUiautomator2Driver@dabd (47571b8e)]&amp#27;[0m Waiting up to 10000 ms for condition
&amp#27;[38;5;32m[AndroidUiautomator2Driver@dabd (47571b8e)]&amp#27;[0m Matched '/element' to command name 'findElement'
&amp#27;[38;5;32m[AndroidUiautomator2Driver@dabd (47571b8e)]&amp#27;[0m Proxying [POST /element] to [POST http://127.0.0.1:8201/session/e99dcc09-a0f0-48bb-8a0b-d829d4323b82/element] with body: {"strategy":"accessibility id","selector":"Full Name* input field","context":"","multiple":false}
&amp#27;[38;5;32m[AndroidUiautomator2Driver@dabd (47571b8e)]&amp#27;[0m Got response with status 200: {"sessionId":"e99dcc09-a0f0-48bb-8a0b-d829d4323b82","value":{"ELEMENT":"00000000-0000-0594-ffff-ffff000006ee","element-6066-11e4-a52e-4f735466cecf":"00000000-0000-0594-ffff-ffff000006ee"}}
&amp#27;[38;5;32m[AndroidUiautomator2Driver@dabd (47571b8e)]&amp#27;[0m Responding to client with driver.findElement() result: {"element-6066-11e4-a52e-4f735466cecf":"00000000-0000-0594-ffff-ffff000006ee","ELEMENT":"00000000-0000-0594-ffff-ffff000006ee"}
&amp#27;[38;5;0m[HTTP]&amp#27;[0m &amp#27;[37m<-- POST /session/47571b8e-6191-4ef5-a875-b0f0dcd05976/element &amp#27;[39m&amp#27;[32m200&amp#27;[39m &amp#27;[90m145 ms - 137&amp#27;[39m
&amp#27;[38;5;0m[HTTP]&amp#27;[0m &amp#27;[90m&amp#27;[39m
&amp#27;[38;5;0m[HTTP]&amp#27;[0m &amp#27;[37m-->&amp#27;[39m &amp#27;[37mPOST&amp#27;[39m &amp#27;[37m/session/47571b8e-6191-4ef5-a875-b0f0dcd05976/element/00000000-0000-0594-ffff-ffff000006ee/value&amp#27;[39m
&amp#27;[38;5;0m[HTTP]&amp#27;[0m &amp#27;[90m{"id":"00000000-0000-0594-ffff-ffff000006ee","text":"Bob Fisher","value":["B","o","b"," ","F","i","s","h","e","r"]}&amp#27;[39m
&amp#27;[38;5;32m[AndroidUiautomator2Driver@dabd (47571b8e)]&amp#27;[0m Calling AppiumDriver.setValue() with args: [["B","o","b"," ","F","i","s","h","e","r"],"00000000-0000-0594-ffff-ffff000006ee","47571b8e-6191-4ef5-a875-b0f0dcd05976"]
&amp#27;[38;5;32m[AndroidUiautomator2Driver@dabd (47571b8e)]&amp#27;[0m Matched '/element/00000000-0000-0594-ffff-ffff000006ee/value' to command name 'setValue'
&amp#27;[38;5;32m[AndroidUiautomator2Driver@dabd (47571b8e)]&amp#27;[0m Added 'value' property ["B","o","b"," ","F","i","s","h","e","r"] to 'setValue' request body
&amp#27;[38;5;32m[AndroidUiautomator2Driver@dabd (47571b8e)]&amp#27;[0m Proxying [POST /element/00000000-0000-0594-ffff-ffff000006ee/value] to [POST http://127.0.0.1:8201/session/e99dcc09-a0f0-48bb-8a0b-d829d4323b82/element/00000000-0000-0594-ffff-ffff000006ee/value] with body: {"elementId":"00000000-0000-0594-ffff-ffff000006ee","text":"Bob Fisher","replace":false,"value":["B","o","b"," ","F","i","s","h","e","r"]}
&amp#27;[38;5;32m[AndroidUiautomator2Driver@dabd (47571b8e)]&amp#27;[0m Got response with status 200: {"sessionId":"e99dcc09-a0f0-48bb-8a0b-d829d4323b82","value":null}
&amp#27;[38;5;32m[AndroidUiautomator2Driver@dabd (47571b8e)]&amp#27;[0m Responding to client with driver.setValue() result: null
&amp#27;[38;5;0m[HTTP]&amp#27;[0m &amp#27;[37m<-- POST /session/47571b8e-6191-4ef5-a875-b0f0dcd05976/element/00000000-0000-0594-ffff-ffff000006ee/value &amp#27;[39m&amp#27;[32m200&amp#27;[39m &amp#27;[90m1053 ms - 14&amp#27;[39m
&amp#27;[38;5;0m[HTTP]&amp#27;[0m &amp#27;[90m&amp#27;[39m
&amp#27;[38;5;0m[HTTP]&amp#27;[0m &amp#27;[37m-->&amp#27;[39m &amp#27;[37mGET&amp#27;[39m &amp#27;[37m/session/47571b8e-6191-4ef5-a875-b0f0dcd05976/context&amp#27;[39m
&amp#27;[38;5;0m[HTTP]&amp#27;[0m &amp#27;[90m{}&amp#27;[39m
&amp#27;[38;5;32m[AndroidUiautomator2Driver@dabd (47571b8e)]&amp#27;[0m Calling AppiumDriver.getCurrentContext() with args: ["47571b8e-6191-4ef5-a875-b0f0dcd05976"]
&amp#27;[38;5;32m[AndroidUiautomator2Driver@dabd (47571b8e)]&amp#27;[0m Responding to client with driver.getCurrentContext() result: "NATIVE_APP"
&amp#27;[38;5;0m[HTTP]&amp#27;[0m &amp#27;[37m<-- GET /session/47571b8e-6191-4ef5-a875-b0f0dcd05976/context &amp#27;[39m&amp#27;[32m200&amp#27;[39m &amp#27;[90m1 ms - 22&amp#27;[39m
&amp#27;[38;5;0m[HTTP]&amp#27;[0m &amp#27;[90m&amp#27;[39m
&amp#27;[38;5;0m[HTTP]&amp#27;[0m &amp#27;[37m-->&amp#27;[39m &amp#27;[37mPOST&amp#27;[39m &amp#27;[37m/session/47571b8e-6191-4ef5-a875-b0f0dcd05976/element&amp#27;[39m
&amp#27;[38;5;0m[HTTP]&amp#27;[0m &amp#27;[90m{"using":"accessibility id","value":"Card Number* input field"}&amp#27;[39m
&amp#27;[38;5;32m[AndroidUiautomator2Driver@dabd (47571b8e)]&amp#27;[0m Calling AppiumDriver.findElement() with args: ["accessibility id","Card Number* input field","47571b8e-6191-4ef5-a875-b0f0dcd05976"]
&amp#27;[38;5;32m[AndroidUiautomator2Driver@dabd (47571b8e)]&amp#27;[0m Valid locator strategies for this request: xpath, id, class name, accessibility id, css selector, -android uiautomator
&amp#27;[38;5;32m[AndroidUiautomator2Driver@dabd (47571b8e)]&amp#27;[0m Waiting up to 10000 ms for condition
&amp#27;[38;5;32m[AndroidUiautomator2Driver@dabd (47571b8e)]&amp#27;[0m Matched '/element' to command name 'findElement'
&amp#27;[38;5;32m[AndroidUiautomator2Driver@dabd (47571b8e)]&amp#27;[0m Proxying [POST /element] to [POST http://127.0.0.1:8201/session/e99dcc09-a0f0-48bb-8a0b-d829d4323b82/element] with body: {"strategy":"accessibility id","selector":"Card Number* input field","context":"","multiple":false}
&amp#27;[38;5;32m[AndroidUiautomator2Driver@dabd (47571b8e)]&amp#27;[0m Got response with status 200: {"sessionId":"e99dcc09-a0f0-48bb-8a0b-d829d4323b82","value":{"ELEMENT":"00000000-0000-0594-ffff-ffff000006f1","element-6066-11e4-a52e-4f735466cecf":"00000000-0000-0594-ffff-ffff000006f1"}}
&amp#27;[38;5;32m[AndroidUiautomator2Driver@dabd (47571b8e)]&amp#27;[0m Responding to client with driver.findElement() result: {"element-6066-11e4-a52e-4f735466cecf":"00000000-0000-0594-ffff-ffff000006f1","ELEMENT":"00000000-0000-0594-ffff-ffff000006f1"}
&amp#27;[38;5;0m[HTTP]&amp#27;[0m &amp#27;[37m<-- POST /session/47571b8e-6191-4ef5-a875-b0f0dcd05976/element &amp#27;[39m&amp#27;[32m200&amp#27;[39m &amp#27;[90m667 ms - 137&amp#27;[39m
&amp#27;[38;5;0m[HTTP]&amp#27;[0m &amp#27;[90m&amp#27;[39m
&amp#27;[38;5;0m[HTTP]&amp#27;[0m &amp#27;[37m-->&amp#27;[39m &amp#27;[37mPOST&amp#27;[39m &amp#27;[37m/session/47571b8e-6191-4ef5-a875-b0f0dcd05976/element/00000000-0000-0594-ffff-ffff000006f1/value&amp#27;[39m
&amp#27;[38;5;0m[HTTP]&amp#27;[0m &amp#27;[90m{"id":"00000000-0000-0594-ffff-ffff000006f1","text":"1234 1234 1234 123","value":["1","2","3","4"," ","1","2","3","4"," ","1","2","3","4"," ","1","2","3"]}&amp#27;[39m
&amp#27;[38;5;32m[AndroidUiautomator2Driver@dabd (47571b8e)]&amp#27;[0m Calling AppiumDriver.setValue() with args: [["1","2","3","4"," ","1","2","3","4"," ","1","2","3","4"," ","1","2","3"],"00000000-0000-0594-ffff-ffff000006f1","47571b8e-6191-4ef5-a875-b0f0dcd05976"]
&amp#27;[38;5;32m[AndroidUiautomator2Driver@dabd (47571b8e)]&amp#27;[0m Matched '/element/00000000-0000-0594-ffff-ffff000006f1/value' to command name 'setValue'
&amp#27;[38;5;32m[AndroidUiautomator2Driver@dabd (47571b8e)]&amp#27;[0m Added 'value' property ["1","2","3","4"," ","1","2","3","4"," ","1","2","3","4"," ","1","2","3"] to 'setValue' request body
&amp#27;[38;5;32m[AndroidUiautomator2Driver@dabd (47571b8e)]&amp#27;[0m Proxying [POST /element/00000000-0000-0594-ffff-ffff000006f1/value] to [POST http://127.0.0.1:8201/session/e99dcc09-a0f0-48bb-8a0b-d829d4323b82/element/00000000-0000-0594-ffff-ffff000006f1/value] with body: {"elementId":"00000000-0000-0594-ffff-ffff000006f1","text":"1234 1234 1234 123","replace":false,"value":["1","2","3","4"," ","1","2","3","4"," ","1","2","3","4"," ","1","2","3"]}
&amp#27;[38;5;32m[AndroidUiautomator2Driver@dabd (47571b8e)]&amp#27;[0m Got response with status 200: {"sessionId":"e99dcc09-a0f0-48bb-8a0b-d829d4323b82","value":null}
&amp#27;[38;5;32m[AndroidUiautomator2Driver@dabd (47571b8e)]&amp#27;[0m Responding to client with driver.setValue() result: null
&amp#27;[38;5;0m[HTTP]&amp#27;[0m &amp#27;[37m<-- POST /session/47571b8e-6191-4ef5-a875-b0f0dcd05976/element/00000000-0000-0594-ffff-ffff000006f1/value &amp#27;[39m&amp#27;[32m200&amp#27;[39m &amp#27;[90m581 ms - 14&amp#27;[39m
&amp#27;[38;5;0m[HTTP]&amp#27;[0m &amp#27;[90m&amp#27;[39m
&amp#27;[38;5;0m[HTTP]&amp#27;[0m &amp#27;[37m-->&amp#27;[39m &amp#27;[37mGET&amp#27;[39m &amp#27;[37m/session/47571b8e-6191-4ef5-a875-b0f0dcd05976/context&amp#27;[39m
&amp#27;[38;5;0m[HTTP]&amp#27;[0m &amp#27;[90m{}&amp#27;[39m
&amp#27;[38;5;32m[AndroidUiautomator2Driver@dabd (47571b8e)]&amp#27;[0m Calling AppiumDriver.getCurrentContext() with args: ["47571b8e-6191-4ef5-a875-b0f0dcd05976"]
&amp#27;[38;5;32m[AndroidUiautomator2Driver@dabd (47571b8e)]&amp#27;[0m Responding to client with driver.getCurrentContext() result: "NATIVE_APP"
&amp#27;[38;5;0m[HTTP]&amp#27;[0m &amp#27;[37m<-- GET /session/47571b8e-6191-4ef5-a875-b0f0dcd05976/context &amp#27;[39m&amp#27;[32m200&amp#27;[39m &amp#27;[90m1 ms - 22&amp#27;[39m
&amp#27;[38;5;0m[HTTP]&amp#27;[0m &amp#27;[90m&amp#27;[39m
&amp#27;[38;5;0m[HTTP]&amp#27;[0m &amp#27;[37m-->&amp#27;[39m &amp#27;[37mPOST&amp#27;[39m &amp#27;[37m/session/47571b8e-6191-4ef5-a875-b0f0dcd05976/element&amp#27;[39m
&amp#27;[38;5;0m[HTTP]&amp#27;[0m &amp#27;[90m{"using":"accessibility id","value":"Expiration Date* input field"}&amp#27;[39m
&amp#27;[38;5;32m[AndroidUiautomator2Driver@dabd (47571b8e)]&amp#27;[0m Calling AppiumDriver.findElement() with args: ["accessibility id","Expiration Date* input field","47571b8e-6191-4ef5-a875-b0f0dcd05976"]
&amp#27;[38;5;32m[AndroidUiautomator2Driver@dabd (47571b8e)]&amp#27;[0m Valid locator strategies for this request: xpath, id, class name, accessibility id, css selector, -android uiautomator
&amp#27;[38;5;32m[AndroidUiautomator2Driver@dabd (47571b8e)]&amp#27;[0m Waiting up to 10000 ms for condition
&amp#27;[38;5;32m[AndroidUiautomator2Driver@dabd (47571b8e)]&amp#27;[0m Matched '/element' to command name 'findElement'
&amp#27;[38;5;32m[AndroidUiautomator2Driver@dabd (47571b8e)]&amp#27;[0m Proxying [POST /element] to [POST http://127.0.0.1:8201/session/e99dcc09-a0f0-48bb-8a0b-d829d4323b82/element] with body: {"strategy":"accessibility id","selector":"Expiration Date* input field","context":"","multiple":false}
&amp#27;[38;5;32m[AndroidUiautomator2Driver@dabd (47571b8e)]&amp#27;[0m Got response with status 200: {"sessionId":"e99dcc09-a0f0-48bb-8a0b-d829d4323b82","value":{"ELEMENT":"00000000-0000-0594-ffff-ffff000006f4","element-6066-11e4-a52e-4f735466cecf":"00000000-0000-0594-ffff-ffff000006f4"}}
&amp#27;[38;5;32m[AndroidUiautomator2Driver@dabd (47571b8e)]&amp#27;[0m Responding to client with driver.findElement() result: {"element-6066-11e4-a52e-4f735466cecf":"00000000-0000-0594-ffff-ffff000006f4","ELEMENT":"00000000-0000-0594-ffff-ffff000006f4"}
&amp#27;[38;5;0m[HTTP]&amp#27;[0m &amp#27;[37m<-- POST /session/47571b8e-6191-4ef5-a875-b0f0dcd05976/element &amp#27;[39m&amp#27;[32m200&amp#27;[39m &amp#27;[90m678 ms - 137&amp#27;[39m
&amp#27;[38;5;0m[HTTP]&amp#27;[0m &amp#27;[90m&amp#27;[39m
&amp#27;[38;5;0m[HTTP]&amp#27;[0m &amp#27;[37m-->&amp#27;[39m &amp#27;[37mPOST&amp#27;[39m &amp#27;[37m/session/47571b8e-6191-4ef5-a875-b0f0dcd05976/element/00000000-0000-0594-ffff-ffff000006f4/value&amp#27;[39m
&amp#27;[38;5;0m[HTTP]&amp#27;[0m &amp#27;[90m{"id":"00000000-0000-0594-ffff-ffff000006f4","text":"06/26","value":["0","6","/","2","6"]}&amp#27;[39m
&amp#27;[38;5;32m[AndroidUiautomator2Driver@dabd (47571b8e)]&amp#27;[0m Calling AppiumDriver.setValue() with args: [["0","6","/","2","6"],"00000000-0000-0594-ffff-ffff000006f4","47571b8e-6191-4ef5-a875-b0f0dcd05976"]
&amp#27;[38;5;32m[AndroidUiautomator2Driver@dabd (47571b8e)]&amp#27;[0m Matched '/element/00000000-0000-0594-ffff-ffff000006f4/value' to command name 'setValue'
&amp#27;[38;5;32m[AndroidUiautomator2Driver@dabd (47571b8e)]&amp#27;[0m Added 'value' property ["0","6","/","2","6"] to 'setValue' request body
&amp#27;[38;5;32m[AndroidUiautomator2Driver@dabd (47571b8e)]&amp#27;[0m Proxying [POST /element/00000000-0000-0594-ffff-ffff000006f4/value] to [POST http://127.0.0.1:8201/session/e99dcc09-a0f0-48bb-8a0b-d829d4323b82/element/00000000-0000-0594-ffff-ffff000006f4/value] with body: {"elementId":"00000000-0000-0594-ffff-ffff000006f4","text":"06/26","replace":false,"value":["0","6","/","2","6"]}
&amp#27;[38;5;32m[AndroidUiautomator2Driver@dabd (47571b8e)]&amp#27;[0m Got response with status 200: {"sessionId":"e99dcc09-a0f0-48bb-8a0b-d829d4323b82","value":null}
&amp#27;[38;5;32m[AndroidUiautomator2Driver@dabd (47571b8e)]&amp#27;[0m Responding to client with driver.setValue() result: null
&amp#27;[38;5;0m[HTTP]&amp#27;[0m &amp#27;[37m<-- POST /session/47571b8e-6191-4ef5-a875-b0f0dcd05976/element/00000000-0000-0594-ffff-ffff000006f4/value &amp#27;[39m&amp#27;[32m200&amp#27;[39m &amp#27;[90m1187 ms - 14&amp#27;[39m
&amp#27;[38;5;0m[HTTP]&amp#27;[0m &amp#27;[90m&amp#27;[39m
&amp#27;[38;5;0m[HTTP]&amp#27;[0m &amp#27;[37m-->&amp#27;[39m &amp#27;[37mGET&amp#27;[39m &amp#27;[37m/session/47571b8e-6191-4ef5-a875-b0f0dcd05976/context&amp#27;[39m
&amp#27;[38;5;0m[HTTP]&amp#27;[0m &amp#27;[90m{}&amp#27;[39m
&amp#27;[38;5;32m[AndroidUiautomator2Driver@dabd (47571b8e)]&amp#27;[0m Calling AppiumDriver.getCurrentContext() with args: ["47571b8e-6191-4ef5-a875-b0f0dcd05976"]
&amp#27;[38;5;32m[AndroidUiautomator2Driver@dabd (47571b8e)]&amp#27;[0m Responding to client with driver.getCurrentContext() result: "NATIVE_APP"
&amp#27;[38;5;0m[HTTP]&amp#27;[0m &amp#27;[37m<-- GET /session/47571b8e-6191-4ef5-a875-b0f0dcd05976/context &amp#27;[39m&amp#27;[32m200&amp#27;[39m &amp#27;[90m1 ms - 22&amp#27;[39m
&amp#27;[38;5;0m[HTTP]&amp#27;[0m &amp#27;[90m&amp#27;[39m
&amp#27;[38;5;0m[HTTP]&amp#27;[0m &amp#27;[37m-->&amp#27;[39m &amp#27;[37mPOST&amp#27;[39m &amp#27;[37m/session/47571b8e-6191-4ef5-a875-b0f0dcd05976/element&amp#27;[39m
&amp#27;[38;5;0m[HTTP]&amp#27;[0m &amp#27;[90m{"using":"accessibility id","value":"Security Code* input field"}&amp#27;[39m
&amp#27;[38;5;32m[AndroidUiautomator2Driver@dabd (47571b8e)]&amp#27;[0m Calling AppiumDriver.findElement() with args: ["accessibility id","Security Code* input field","47571b8e-6191-4ef5-a875-b0f0dcd05976"]
&amp#27;[38;5;32m[AndroidUiautomator2Driver@dabd (47571b8e)]&amp#27;[0m Valid locator strategies for this request: xpath, id, class name, accessibility id, css selector, -android uiautomator
&amp#27;[38;5;32m[AndroidUiautomator2Driver@dabd (47571b8e)]&amp#27;[0m Waiting up to 10000 ms for condition
&amp#27;[38;5;32m[AndroidUiautomator2Driver@dabd (47571b8e)]&amp#27;[0m Matched '/element' to command name 'findElement'
&amp#27;[38;5;32m[AndroidUiautomator2Driver@dabd (47571b8e)]&amp#27;[0m Proxying [POST /element] to [POST http://127.0.0.1:8201/session/e99dcc09-a0f0-48bb-8a0b-d829d4323b82/element] with body: {"strategy":"accessibility id","selector":"Security Code* input field","context":"","multiple":false}
&amp#27;[38;5;32m[AndroidUiautomator2Driver@dabd (47571b8e)]&amp#27;[0m Got response with status 200: {"sessionId":"e99dcc09-a0f0-48bb-8a0b-d829d4323b82","value":{"ELEMENT":"00000000-0000-0594-ffff-ffff000006f7","element-6066-11e4-a52e-4f735466cecf":"00000000-0000-0594-ffff-ffff000006f7"}}
&amp#27;[38;5;32m[AndroidUiautomator2Driver@dabd (47571b8e)]&amp#27;[0m Responding to client with driver.findElement() result: {"element-6066-11e4-a52e-4f735466cecf":"00000000-0000-0594-ffff-ffff000006f7","ELEMENT":"00000000-0000-0594-ffff-ffff000006f7"}
&amp#27;[38;5;0m[HTTP]&amp#27;[0m &amp#27;[37m<-- POST /session/47571b8e-6191-4ef5-a875-b0f0dcd05976/element &amp#27;[39m&amp#27;[32m200&amp#27;[39m &amp#27;[90m687 ms - 137&amp#27;[39m
&amp#27;[38;5;0m[HTTP]&amp#27;[0m &amp#27;[90m&amp#27;[39m
&amp#27;[38;5;0m[HTTP]&amp#27;[0m &amp#27;[37m-->&amp#27;[39m &amp#27;[37mPOST&amp#27;[39m &amp#27;[37m/session/47571b8e-6191-4ef5-a875-b0f0dcd05976/element/00000000-0000-0594-ffff-ffff000006f7/value&amp#27;[39m
&amp#27;[38;5;0m[HTTP]&amp#27;[0m &amp#27;[90m{"id":"00000000-0000-0594-ffff-ffff000006f7","text":"345","value":["3","4","5"]}&amp#27;[39m
&amp#27;[38;5;32m[AndroidUiautomator2Driver@dabd (47571b8e)]&amp#27;[0m Calling AppiumDriver.setValue() with args: [["3","4","5"],"00000000-0000-0594-ffff-ffff000006f7","47571b8e-6191-4ef5-a875-b0f0dcd05976"]
&amp#27;[38;5;32m[AndroidUiautomator2Driver@dabd (47571b8e)]&amp#27;[0m Matched '/element/00000000-0000-0594-ffff-ffff000006f7/value' to command name 'setValue'
&amp#27;[38;5;32m[AndroidUiautomator2Driver@dabd (47571b8e)]&amp#27;[0m Added 'value' property ["3","4","5"] to 'setValue' request body
&amp#27;[38;5;32m[AndroidUiautomator2Driver@dabd (47571b8e)]&amp#27;[0m Proxying [POST /element/00000000-0000-0594-ffff-ffff000006f7/value] to [POST http://127.0.0.1:8201/session/e99dcc09-a0f0-48bb-8a0b-d829d4323b82/element/00000000-0000-0594-ffff-ffff000006f7/value] with body: {"elementId":"00000000-0000-0594-ffff-ffff000006f7","text":"345","replace":false,"value":["3","4","5"]}
&amp#27;[38;5;32m[AndroidUiautomator2Driver@dabd (47571b8e)]&amp#27;[0m Got response with status 200: {"sessionId":"e99dcc09-a0f0-48bb-8a0b-d829d4323b82","value":null}
&amp#27;[38;5;32m[AndroidUiautomator2Driver@dabd (47571b8e)]&amp#27;[0m Responding to client with driver.setValue() result: null
&amp#27;[38;5;0m[HTTP]&amp#27;[0m &amp#27;[37m<-- POST /session/47571b8e-6191-4ef5-a875-b0f0dcd05976/element/00000000-0000-0594-ffff-ffff000006f7/value &amp#27;[39m&amp#27;[32m200&amp#27;[39m &amp#27;[90m77 ms - 14&amp#27;[39m
&amp#27;[38;5;0m[HTTP]&amp#27;[0m &amp#27;[90m&amp#27;[39m
&amp#27;[38;5;0m[HTTP]&amp#27;[0m &amp#27;[37m-->&amp#27;[39m &amp#27;[37mGET&amp#27;[39m &amp#27;[37m/session/47571b8e-6191-4ef5-a875-b0f0dcd05976/context&amp#27;[39m
&amp#27;[38;5;0m[HTTP]&amp#27;[0m &amp#27;[90m{}&amp#27;[39m
&amp#27;[38;5;32m[AndroidUiautomator2Driver@dabd (47571b8e)]&amp#27;[0m Calling AppiumDriver.getCurrentContext() with args: ["47571b8e-6191-4ef5-a875-b0f0dcd05976"]
&amp#27;[38;5;32m[AndroidUiautomator2Driver@dabd (47571b8e)]&amp#27;[0m Responding to client with driver.getCurrentContext() result: "NATIVE_APP"
&amp#27;[38;5;0m[HTTP]&amp#27;[0m &amp#27;[37m<-- GET /session/47571b8e-6191-4ef5-a875-b0f0dcd05976/context &amp#27;[39m&amp#27;[32m200&amp#27;[39m &amp#27;[90m1 ms - 22&amp#27;[39m
&amp#27;[38;5;0m[HTTP]&amp#27;[0m &amp#27;[90m&amp#27;[39m
&amp#27;[38;5;0m[HTTP]&amp#27;[0m &amp#27;[37m-->&amp#27;[39m &amp#27;[37mPOST&amp#27;[39m &amp#27;[37m/session/47571b8e-6191-4ef5-a875-b0f0dcd05976/element&amp#27;[39m
&amp#27;[38;5;0m[HTTP]&amp#27;[0m &amp#27;[90m{"using":"accessibility id","value":"Review Order button"}&amp#27;[39m
&amp#27;[38;5;32m[AndroidUiautomator2Driver@dabd (47571b8e)]&amp#27;[0m Calling AppiumDriver.findElement() with args: ["accessibility id","Review Order button","47571b8e-6191-4ef5-a875-b0f0dcd05976"]
&amp#27;[38;5;32m[AndroidUiautomator2Driver@dabd (47571b8e)]&amp#27;[0m Valid locator strategies for this request: xpath, id, class name, accessibility id, css selector, -android uiautomator
&amp#27;[38;5;32m[AndroidUiautomator2Driver@dabd (47571b8e)]&amp#27;[0m Waiting up to 10000 ms for condition
&amp#27;[38;5;32m[AndroidUiautomator2Driver@dabd (47571b8e)]&amp#27;[0m Matched '/element' to command name 'findElement'
&amp#27;[38;5;32m[AndroidUiautomator2Driver@dabd (47571b8e)]&amp#27;[0m Proxying [POST /element] to [POST http://127.0.0.1:8201/session/e99dcc09-a0f0-48bb-8a0b-d829d4323b82/element] with body: {"strategy":"accessibility id","selector":"Review Order button","context":"","multiple":false}
&amp#27;[38;5;32m[AndroidUiautomator2Driver@dabd (47571b8e)]&amp#27;[0m Got response with status 200: {"sessionId":"e99dcc09-a0f0-48bb-8a0b-d829d4323b82","value":{"ELEMENT":"00000000-0000-0594-ffff-ffff00000700","element-6066-11e4-a52e-4f735466cecf":"00000000-0000-0594-ffff-ffff00000700"}}
&amp#27;[38;5;32m[AndroidUiautomator2Driver@dabd (47571b8e)]&amp#27;[0m Responding to client with driver.findElement() result: {"element-6066-11e4-a52e-4f735466cecf":"00000000-0000-0594-ffff-ffff00000700","ELEMENT":"00000000-0000-0594-ffff-ffff00000700"}
&amp#27;[38;5;0m[HTTP]&amp#27;[0m &amp#27;[37m<-- POST /session/47571b8e-6191-4ef5-a875-b0f0dcd05976/element &amp#27;[39m&amp#27;[32m200&amp#27;[39m &amp#27;[90m730 ms - 137&amp#27;[39m
&amp#27;[38;5;0m[HTTP]&amp#27;[0m &amp#27;[90m&amp#27;[39m
&amp#27;[38;5;0m[HTTP]&amp#27;[0m &amp#27;[37m-->&amp#27;[39m &amp#27;[37mPOST&amp#27;[39m &amp#27;[37m/session/47571b8e-6191-4ef5-a875-b0f0dcd05976/element/00000000-0000-0594-ffff-ffff00000700/click&amp#27;[39m
&amp#27;[38;5;0m[HTTP]&amp#27;[0m &amp#27;[90m{"id":"00000000-0000-0594-ffff-ffff00000700"}&amp#27;[39m
&amp#27;[38;5;32m[AndroidUiautomator2Driver@dabd (47571b8e)]&amp#27;[0m Calling AppiumDriver.click() with args: ["00000000-0000-0594-ffff-ffff00000700","47571b8e-6191-4ef5-a875-b0f0dcd05976"]
&amp#27;[38;5;32m[AndroidUiautomator2Driver@dabd (47571b8e)]&amp#27;[0m Matched '/element/00000000-0000-0594-ffff-ffff00000700/click' to command name 'click'
&amp#27;[38;5;32m[AndroidUiautomator2Driver@dabd (47571b8e)]&amp#27;[0m Proxying [POST /element/00000000-0000-0594-ffff-ffff00000700/click] to [POST http://127.0.0.1:8201/session/e99dcc09-a0f0-48bb-8a0b-d829d4323b82/element/00000000-0000-0594-ffff-ffff00000700/click] with body: {"element":"00000000-0000-0594-ffff-ffff00000700"}
&amp#27;[38;5;32m[AndroidUiautomator2Driver@dabd (47571b8e)]&amp#27;[0m Got response with status 200: {"sessionId":"e99dcc09-a0f0-48bb-8a0b-d829d4323b82","value":null}
&amp#27;[38;5;32m[AndroidUiautomator2Driver@dabd (47571b8e)]&amp#27;[0m Responding to client with driver.click() result: null
&amp#27;[38;5;0m[HTTP]&amp#27;[0m &amp#27;[37m<-- POST /session/47571b8e-6191-4ef5-a875-b0f0dcd05976/element/00000000-0000-0594-ffff-ffff00000700/click &amp#27;[39m&amp#27;[32m200&amp#27;[39m &amp#27;[90m86 ms - 14&amp#27;[39m
&amp#27;[38;5;0m[HTTP]&amp#27;[0m &amp#27;[90m&amp#27;[39m
&amp#27;[38;5;0m[HTTP]&amp#27;[0m &amp#27;[37m-->&amp#27;[39m &amp#27;[37mPOST&amp#27;[39m &amp#27;[37m/session/47571b8e-6191-4ef5-a875-b0f0dcd05976/element&amp#27;[39m
&amp#27;[38;5;0m[HTTP]&amp#27;[0m &amp#27;[90m{"using":"xpath","value":"//android.widget.TextView[contains(@text,'Review')]"}&amp#27;[39m
&amp#27;[38;5;32m[AndroidUiautomator2Driver@dabd (47571b8e)]&amp#27;[0m Calling AppiumDriver.findElement() with args: ["xpath","//android.widget.TextView[contains(@text,'Review')]","47571b8e-6191-4ef5-a875-b0f0dcd05976"]
&amp#27;[38;5;32m[AndroidUiautomator2Driver@dabd (47571b8e)]&amp#27;[0m Valid locator strategies for this request: xpath, id, class name, accessibility id, css selector, -android uiautomator
&amp#27;[38;5;32m[AndroidUiautomator2Driver@dabd (47571b8e)]&amp#27;[0m Waiting up to 10000 ms for condition
&amp#27;[38;5;32m[AndroidUiautomator2Driver@dabd (47571b8e)]&amp#27;[0m Matched '/element' to command name 'findElement'
&amp#27;[38;5;32m[AndroidUiautomator2Driver@dabd (47571b8e)]&amp#27;[0m Proxying [POST /element] to [POST http://127.0.0.1:8201/session/e99dcc09-a0f0-48bb-8a0b-d829d4323b82/element] with body: {"strategy":"xpath","selector":"//android.widget.TextView[contains(@text,'Review')]","context":"","multiple":false}
&amp#27;[38;5;32m[AndroidUiautomator2Driver@dabd (47571b8e)]&amp#27;[0m Got response with status 200: {"sessionId":"e99dcc09-a0f0-48bb-8a0b-d829d4323b82","value":{"ELEMENT":"00000000-0000-0594-ffff-ffff00000719","element-6066-11e4-a52e-4f735466cecf":"00000000-0000-0594-ffff-ffff00000719"}}
&amp#27;[38;5;32m[AndroidUiautomator2Driver@dabd (47571b8e)]&amp#27;[0m Responding to client with driver.findElement() result: {"element-6066-11e4-a52e-4f735466cecf":"00000000-0000-0594-ffff-ffff00000719","ELEMENT":"00000000-0000-0594-ffff-ffff00000719"}
&amp#27;[38;5;0m[HTTP]&amp#27;[0m &amp#27;[37m<-- POST /session/47571b8e-6191-4ef5-a875-b0f0dcd05976/element &amp#27;[39m&amp#27;[32m200&amp#27;[39m &amp#27;[90m531 ms - 137&amp#27;[39m
&amp#27;[38;5;0m[HTTP]&amp#27;[0m &amp#27;[90m&amp#27;[39m
&amp#27;[38;5;0m[HTTP]&amp#27;[0m &amp#27;[37m-->&amp#27;[39m &amp#27;[37mGET&amp#27;[39m &amp#27;[37m/session/47571b8e-6191-4ef5-a875-b0f0dcd05976/element/00000000-0000-0594-ffff-ffff00000719/text&amp#27;[39m
&amp#27;[38;5;0m[HTTP]&amp#27;[0m &amp#27;[90m{}&amp#27;[39m
&amp#27;[38;5;32m[AndroidUiautomator2Driver@dabd (47571b8e)]&amp#27;[0m Driver proxy active, passing request on via HTTP proxy
&amp#27;[38;5;32m[AndroidUiautomator2Driver@dabd (47571b8e)]&amp#27;[0m Matched '/session/47571b8e-6191-4ef5-a875-b0f0dcd05976/element/00000000-0000-0594-ffff-ffff00000719/text' to command name 'getText'
&amp#27;[38;5;32m[AndroidUiautomator2Driver@dabd (47571b8e)]&amp#27;[0m Proxying [GET /session/47571b8e-6191-4ef5-a875-b0f0dcd05976/element/00000000-0000-0594-ffff-ffff00000719/text] to [GET http://127.0.0.1:8201/session/e99dcc09-a0f0-48bb-8a0b-d829d4323b82/element/00000000-0000-0594-ffff-ffff00000719/text] with no body
&amp#27;[38;5;32m[AndroidUiautomator2Driver@dabd (47571b8e)]&amp#27;[0m Got response with status 200: {"sessionId":"e99dcc09-a0f0-48bb-8a0b-d829d4323b82","value":"Review your order"}
&amp#27;[38;5;32m[AndroidUiautomator2Driver@dabd (47571b8e)]&amp#27;[0m Replacing sessionId e99dcc09-a0f0-48bb-8a0b-d829d4323b82 with 47571b8e-6191-4ef5-a875-b0f0dcd05976
&amp#27;[38;5;0m[HTTP]&amp#27;[0m &amp#27;[37m<-- GET /session/47571b8e-6191-4ef5-a875-b0f0dcd05976/element/00000000-0000-0594-ffff-ffff00000719/text &amp#27;[39m&amp#27;[32m200&amp#27;[39m &amp#27;[90m494 ms - 80&amp#27;[39m
&amp#27;[38;5;0m[HTTP]&amp#27;[0m &amp#27;[90m&amp#27;[39m
&amp#27;[38;5;0m[HTTP]&amp#27;[0m &amp#27;[37m-->&amp#27;[39m &amp#27;[37mGET&amp#27;[39m &amp#27;[37m/session/47571b8e-6191-4ef5-a875-b0f0dcd05976/context&amp#27;[39m
&amp#27;[38;5;0m[HTTP]&amp#27;[0m &amp#27;[90m{}&amp#27;[39m
&amp#27;[38;5;32m[AndroidUiautomator2Driver@dabd (47571b8e)]&amp#27;[0m Calling AppiumDriver.getCurrentContext() with args: ["47571b8e-6191-4ef5-a875-b0f0dcd05976"]
&amp#27;[38;5;32m[AndroidUiautomator2Driver@dabd (47571b8e)]&amp#27;[0m Responding to client with driver.getCurrentContext() result: "NATIVE_APP"
&amp#27;[38;5;0m[HTTP]&amp#27;[0m &amp#27;[37m<-- GET /session/47571b8e-6191-4ef5-a875-b0f0dcd05976/context &amp#27;[39m&amp#27;[32m200&amp#27;[39m &amp#27;[90m1 ms - 22&amp#27;[39m
&amp#27;[38;5;0m[HTTP]&amp#27;[0m &amp#27;[90m&amp#27;[39m
&amp#27;[38;5;0m[HTTP]&amp#27;[0m &amp#27;[37m-->&amp#27;[39m &amp#27;[37mPOST&amp#27;[39m &amp#27;[37m/session/47571b8e-6191-4ef5-a875-b0f0dcd05976/element&amp#27;[39m
&amp#27;[38;5;0m[HTTP]&amp#27;[0m &amp#27;[90m{"using":"xpath","value":"//android.widget.TextView[contains(@text,'Review')]"}&amp#27;[39m
&amp#27;[38;5;32m[AndroidUiautomator2Driver@dabd (47571b8e)]&amp#27;[0m Calling AppiumDriver.findElement() with args: ["xpath","//android.widget.TextView[contains(@text,'Review')]","47571b8e-6191-4ef5-a875-b0f0dcd05976"]
&amp#27;[38;5;32m[AndroidUiautomator2Driver@dabd (47571b8e)]&amp#27;[0m Valid locator strategies for this request: xpath, id, class name, accessibility id, css selector, -android uiautomator
&amp#27;[38;5;32m[AndroidUiautomator2Driver@dabd (47571b8e)]&amp#27;[0m Waiting up to 10000 ms for condition
&amp#27;[38;5;32m[AndroidUiautomator2Driver@dabd (47571b8e)]&amp#27;[0m Matched '/element' to command name 'findElement'
&amp#27;[38;5;32m[AndroidUiautomator2Driver@dabd (47571b8e)]&amp#27;[0m Proxying [POST /element] to [POST http://127.0.0.1:8201/session/e99dcc09-a0f0-48bb-8a0b-d829d4323b82/element] with body: {"strategy":"xpath","selector":"//android.widget.TextView[contains(@text,'Review')]","context":"","multiple":false}
&amp#27;[38;5;32m[AndroidUiautomator2Driver@dabd (47571b8e)]&amp#27;[0m Got response with status 200: {"sessionId":"e99dcc09-a0f0-48bb-8a0b-d829d4323b82","value":{"ELEMENT":"00000000-0000-0594-ffff-ffff00000719","element-6066-11e4-a52e-4f735466cecf":"00000000-0000-0594-ffff-ffff00000719"}}
&amp#27;[38;5;32m[AndroidUiautomator2Driver@dabd (47571b8e)]&amp#27;[0m Responding to client with driver.findElement() result: {"element-6066-11e4-a52e-4f735466cecf":"00000000-0000-0594-ffff-ffff00000719","ELEMENT":"00000000-0000-0594-ffff-ffff00000719"}
&amp#27;[38;5;0m[HTTP]&amp#27;[0m &amp#27;[37m<-- POST /session/47571b8e-6191-4ef5-a875-b0f0dcd05976/element &amp#27;[39m&amp#27;[32m200&amp#27;[39m &amp#27;[90m434 ms - 137&amp#27;[39m
&amp#27;[38;5;0m[HTTP]&amp#27;[0m &amp#27;[90m&amp#27;[39m
&amp#27;[38;5;0m[HTTP]&amp#27;[0m &amp#27;[37m-->&amp#27;[39m &amp#27;[37mGET&amp#27;[39m &amp#27;[37m/session/47571b8e-6191-4ef5-a875-b0f0dcd05976/element/00000000-0000-0594-ffff-ffff00000719/text&amp#27;[39m
&amp#27;[38;5;0m[HTTP]&amp#27;[0m &amp#27;[90m{}&amp#27;[39m
&amp#27;[38;5;32m[AndroidUiautomator2Driver@dabd (47571b8e)]&amp#27;[0m Driver proxy active, passing request on via HTTP proxy
&amp#27;[38;5;32m[AndroidUiautomator2Driver@dabd (47571b8e)]&amp#27;[0m Matched '/session/47571b8e-6191-4ef5-a875-b0f0dcd05976/element/00000000-0000-0594-ffff-ffff00000719/text' to command name 'getText'
&amp#27;[38;5;32m[AndroidUiautomator2Driver@dabd (47571b8e)]&amp#27;[0m Proxying [GET /session/47571b8e-6191-4ef5-a875-b0f0dcd05976/element/00000000-0000-0594-ffff-ffff00000719/text] to [GET http://127.0.0.1:8201/session/e99dcc09-a0f0-48bb-8a0b-d829d4323b82/element/00000000-0000-0594-ffff-ffff00000719/text] with no body
&amp#27;[38;5;32m[AndroidUiautomator2Driver@dabd (47571b8e)]&amp#27;[0m Got response with status 200: {"sessionId":"e99dcc09-a0f0-48bb-8a0b-d829d4323b82","value":"Review your order"}
&amp#27;[38;5;32m[AndroidUiautomator2Driver@dabd (47571b8e)]&amp#27;[0m Replacing sessionId e99dcc09-a0f0-48bb-8a0b-d829d4323b82 with 47571b8e-6191-4ef5-a875-b0f0dcd05976
&amp#27;[38;5;0m[HTTP]&amp#27;[0m &amp#27;[37m<-- GET /session/47571b8e-6191-4ef5-a875-b0f0dcd05976/element/00000000-0000-0594-ffff-ffff00000719/text &amp#27;[39m&amp#27;[32m200&amp#27;[39m &amp#27;[90m24 ms - 80&amp#27;[39m
&amp#27;[38;5;0m[HTTP]&amp#27;[0m &amp#27;[90m&amp#27;[39m
&amp#27;[38;5;0m[HTTP]&amp#27;[0m &amp#27;[37m-->&amp#27;[39m &amp#27;[37mGET&amp#27;[39m &amp#27;[37m/session/47571b8e-6191-4ef5-a875-b0f0dcd05976/context&amp#27;[39m
&amp#27;[38;5;0m[HTTP]&amp#27;[0m &amp#27;[90m{}&amp#27;[39m
&amp#27;[38;5;32m[AndroidUiautomator2Driver@dabd (47571b8e)]&amp#27;[0m Calling AppiumDriver.getCurrentContext() with args: ["47571b8e-6191-4ef5-a875-b0f0dcd05976"]
&amp#27;[38;5;32m[AndroidUiautomator2Driver@dabd (47571b8e)]&amp#27;[0m Responding to client with driver.getCurrentContext() result: "NATIVE_APP"
&amp#27;[38;5;0m[HTTP]&amp#27;[0m &amp#27;[37m<-- GET /session/47571b8e-6191-4ef5-a875-b0f0dcd05976/context &amp#27;[39m&amp#27;[32m200&amp#27;[39m &amp#27;[90m1 ms - 22&amp#27;[39m
&amp#27;[38;5;0m[HTTP]&amp#27;[0m &amp#27;[90m&amp#27;[39m
&amp#27;[38;5;0m[HTTP]&amp#27;[0m &amp#27;[37m-->&amp#27;[39m &amp#27;[37mPOST&amp#27;[39m &amp#27;[37m/session/47571b8e-6191-4ef5-a875-b0f0dcd05976/element&amp#27;[39m
&amp#27;[38;5;0m[HTTP]&amp#27;[0m &amp#27;[90m{"using":"accessibility id","value":"blue circle"}&amp#27;[39m
&amp#27;[38;5;32m[AndroidUiautomator2Driver@dabd (47571b8e)]&amp#27;[0m Calling AppiumDriver.findElement() with args: ["accessibility id","blue circle","47571b8e-6191-4ef5-a875-b0f0dcd05976"]
&amp#27;[38;5;32m[AndroidUiautomator2Driver@dabd (47571b8e)]&amp#27;[0m Valid locator strategies for this request: xpath, id, class name, accessibility id, css selector, -android uiautomator
&amp#27;[38;5;32m[AndroidUiautomator2Driver@dabd (47571b8e)]&amp#27;[0m Waiting up to 10000 ms for condition
&amp#27;[38;5;32m[AndroidUiautomator2Driver@dabd (47571b8e)]&amp#27;[0m Matched '/element' to command name 'findElement'
&amp#27;[38;5;32m[AndroidUiautomator2Driver@dabd (47571b8e)]&amp#27;[0m Proxying [POST /element] to [POST http://127.0.0.1:8201/session/e99dcc09-a0f0-48bb-8a0b-d829d4323b82/element] with body: {"strategy":"accessibility id","selector":"blue circle","context":"","multiple":false}
&amp#27;[38;5;32m[AndroidUiautomator2Driver@dabd (47571b8e)]&amp#27;[0m Got response with status 200: {"sessionId":"e99dcc09-a0f0-48bb-8a0b-d829d4323b82","value":{"ELEMENT":"00000000-0000-0594-ffff-ffff00000729","element-6066-11e4-a52e-4f735466cecf":"00000000-0000-0594-ffff-ffff00000729"}}
&amp#27;[38;5;32m[AndroidUiautomator2Driver@dabd (47571b8e)]&amp#27;[0m Responding to client with driver.findElement() result: {"element-6066-11e4-a52e-4f735466cecf":"00000000-0000-0594-ffff-ffff00000729","ELEMENT":"00000000-0000-0594-ffff-ffff00000729"}
&amp#27;[38;5;0m[HTTP]&amp#27;[0m &amp#27;[37m<-- POST /session/47571b8e-6191-4ef5-a875-b0f0dcd05976/element &amp#27;[39m&amp#27;[32m200&amp#27;[39m &amp#27;[90m410 ms - 137&amp#27;[39m
&amp#27;[38;5;0m[HTTP]&amp#27;[0m &amp#27;[90m&amp#27;[39m
&amp#27;[38;5;0m[HTTP]&amp#27;[0m &amp#27;[37m-->&amp#27;[39m &amp#27;[37mGET&amp#27;[39m &amp#27;[37m/session/47571b8e-6191-4ef5-a875-b0f0dcd05976/element/00000000-0000-0594-ffff-ffff00000729/displayed&amp#27;[39m
&amp#27;[38;5;0m[HTTP]&amp#27;[0m &amp#27;[90m{}&amp#27;[39m
&amp#27;[38;5;32m[AndroidUiautomator2Driver@dabd (47571b8e)]&amp#27;[0m Calling AppiumDriver.elementDisplayed() with args: ["00000000-0000-0594-ffff-ffff00000729","47571b8e-6191-4ef5-a875-b0f0dcd05976"]
&amp#27;[38;5;32m[AndroidUiautomator2Driver@dabd (47571b8e)]&amp#27;[0m Matched '/element/00000000-0000-0594-ffff-ffff00000729/attribute/displayed' to command name 'getAttribute'
&amp#27;[38;5;32m[AndroidUiautomator2Driver@dabd (47571b8e)]&amp#27;[0m Proxying [GET /element/00000000-0000-0594-ffff-ffff00000729/attribute/displayed] to [GET http://127.0.0.1:8201/session/e99dcc09-a0f0-48bb-8a0b-d829d4323b82/element/00000000-0000-0594-ffff-ffff00000729/attribute/displayed] with no body
&amp#27;[38;5;32m[AndroidUiautomator2Driver@dabd (47571b8e)]&amp#27;[0m Got response with status 200: {"sessionId":"e99dcc09-a0f0-48bb-8a0b-d829d4323b82","value":"true"}
&amp#27;[38;5;32m[AndroidUiautomator2Driver@dabd (47571b8e)]&amp#27;[0m Responding to client with driver.elementDisplayed() result: true
&amp#27;[38;5;0m[HTTP]&amp#27;[0m &amp#27;[37m<-- GET /session/47571b8e-6191-4ef5-a875-b0f0dcd05976/element/00000000-0000-0594-ffff-ffff00000729/displayed &amp#27;[39m&amp#27;[32m200&amp#27;[39m &amp#27;[90m35 ms - 14&amp#27;[39m
&amp#27;[38;5;0m[HTTP]&amp#27;[0m &amp#27;[90m&amp#27;[39m
&amp#27;[38;5;0m[HTTP]&amp#27;[0m &amp#27;[37m-->&amp#27;[39m &amp#27;[37mGET&amp#27;[39m &amp#27;[37m/session/47571b8e-6191-4ef5-a875-b0f0dcd05976/context&amp#27;[39m
&amp#27;[38;5;0m[HTTP]&amp#27;[0m &amp#27;[90m{}&amp#27;[39m
&amp#27;[38;5;32m[AndroidUiautomator2Driver@dabd (47571b8e)]&amp#27;[0m Calling AppiumDriver.getCurrentContext() with args: ["47571b8e-6191-4ef5-a875-b0f0dcd05976"]
&amp#27;[38;5;32m[AndroidUiautomator2Driver@dabd (47571b8e)]&amp#27;[0m Responding to client with driver.getCurrentContext() result: "NATIVE_APP"
&amp#27;[38;5;0m[HTTP]&amp#27;[0m &amp#27;[37m<-- GET /session/47571b8e-6191-4ef5-a875-b0f0dcd05976/context &amp#27;[39m&amp#27;[32m200&amp#27;[39m &amp#27;[90m1 ms - 22&amp#27;[39m
&amp#27;[38;5;0m[HTTP]&amp#27;[0m &amp#27;[90m&amp#27;[39m
&amp#27;[38;5;0m[HTTP]&amp#27;[0m &amp#27;[37m-->&amp#27;[39m &amp#27;[37mPOST&amp#27;[39m &amp#27;[37m/session/47571b8e-6191-4ef5-a875-b0f0dcd05976/element&amp#27;[39m
&amp#27;[38;5;0m[HTTP]&amp#27;[0m &amp#27;[90m{"using":"accessibility id","value":"total number"}&amp#27;[39m
&amp#27;[38;5;32m[AndroidUiautomator2Driver@dabd (47571b8e)]&amp#27;[0m Calling AppiumDriver.findElement() with args: ["accessibility id","total number","47571b8e-6191-4ef5-a875-b0f0dcd05976"]
&amp#27;[38;5;32m[AndroidUiautomator2Driver@dabd (47571b8e)]&amp#27;[0m Valid locator strategies for this request: xpath, id, class name, accessibility id, css selector, -android uiautomator
&amp#27;[38;5;32m[AndroidUiautomator2Driver@dabd (47571b8e)]&amp#27;[0m Waiting up to 10000 ms for condition
&amp#27;[38;5;32m[AndroidUiautomator2Driver@dabd (47571b8e)]&amp#27;[0m Matched '/element' to command name 'findElement'
&amp#27;[38;5;32m[AndroidUiautomator2Driver@dabd (47571b8e)]&amp#27;[0m Proxying [POST /element] to [POST http://127.0.0.1:8201/session/e99dcc09-a0f0-48bb-8a0b-d829d4323b82/element] with body: {"strategy":"accessibility id","selector":"total number","context":"","multiple":false}
&amp#27;[38;5;32m[AndroidUiautomator2Driver@dabd (47571b8e)]&amp#27;[0m Got response with status 200: {"sessionId":"e99dcc09-a0f0-48bb-8a0b-d829d4323b82","value":{"ELEMENT":"00000000-0000-0594-ffff-ffff00000743","element-6066-11e4-a52e-4f735466cecf":"00000000-0000-0594-ffff-ffff00000743"}}
&amp#27;[38;5;32m[AndroidUiautomator2Driver@dabd (47571b8e)]&amp#27;[0m Responding to client with driver.findElement() result: {"element-6066-11e4-a52e-4f735466cecf":"00000000-0000-0594-ffff-ffff00000743","ELEMENT":"00000000-0000-0594-ffff-ffff00000743"}
&amp#27;[38;5;0m[HTTP]&amp#27;[0m &amp#27;[37m<-- POST /session/47571b8e-6191-4ef5-a875-b0f0dcd05976/element &amp#27;[39m&amp#27;[32m200&amp#27;[39m &amp#27;[90m221 ms - 137&amp#27;[39m
&amp#27;[38;5;0m[HTTP]&amp#27;[0m &amp#27;[90m&amp#27;[39m
&amp#27;[38;5;0m[HTTP]&amp#27;[0m &amp#27;[37m-->&amp#27;[39m &amp#27;[37mGET&amp#27;[39m &amp#27;[37m/session/47571b8e-6191-4ef5-a875-b0f0dcd05976/element/00000000-0000-0594-ffff-ffff00000743/text&amp#27;[39m
&amp#27;[38;5;0m[HTTP]&amp#27;[0m &amp#27;[90m{}&amp#27;[39m
&amp#27;[38;5;32m[AndroidUiautomator2Driver@dabd (47571b8e)]&amp#27;[0m Driver proxy active, passing request on via HTTP proxy
&amp#27;[38;5;32m[AndroidUiautomator2Driver@dabd (47571b8e)]&amp#27;[0m Matched '/session/47571b8e-6191-4ef5-a875-b0f0dcd05976/element/00000000-0000-0594-ffff-ffff00000743/text' to command name 'getText'
&amp#27;[38;5;32m[AndroidUiautomator2Driver@dabd (47571b8e)]&amp#27;[0m Proxying [GET /session/47571b8e-6191-4ef5-a875-b0f0dcd05976/element/00000000-0000-0594-ffff-ffff00000743/text] to [GET http://127.0.0.1:8201/session/e99dcc09-a0f0-48bb-8a0b-d829d4323b82/element/00000000-0000-0594-ffff-ffff00000743/text] with no body
&amp#27;[38;5;32m[AndroidUiautomator2Driver@dabd (47571b8e)]&amp#27;[0m Got response with status 200: {"sessionId":"e99dcc09-a0f0-48bb-8a0b-d829d4323b82","value":"3 items"}
&amp#27;[38;5;32m[AndroidUiautomator2Driver@dabd (47571b8e)]&amp#27;[0m Replacing sessionId e99dcc09-a0f0-48bb-8a0b-d829d4323b82 with 47571b8e-6191-4ef5-a875-b0f0dcd05976
&amp#27;[38;5;0m[HTTP]&amp#27;[0m &amp#27;[37m<-- GET /session/47571b8e-6191-4ef5-a875-b0f0dcd05976/element/00000000-0000-0594-ffff-ffff00000743/text &amp#27;[39m&amp#27;[32m200&amp#27;[39m &amp#27;[90m19 ms - 70&amp#27;[39m
&amp#27;[38;5;0m[HTTP]&amp#27;[0m &amp#27;[90m&amp#27;[39m
&amp#27;[38;5;0m[HTTP]&amp#27;[0m &amp#27;[37m-->&amp#27;[39m &amp#27;[37mPOST&amp#27;[39m &amp#27;[37m/session/47571b8e-6191-4ef5-a875-b0f0dcd05976/element&amp#27;[39m
&amp#27;[38;5;0m[HTTP]&amp#27;[0m &amp#27;[90m{"using":"-android uiautomator","value":"new UiScrollable(new UiSelector().scrollable(true).instance(0)).scrollIntoView(new UiSelector().textContains(\"DHL Standard Delivery\").instance(0))"}&amp#27;[39m
&amp#27;[38;5;32m[AndroidUiautomator2Driver@dabd (47571b8e)]&amp#27;[0m Calling AppiumDriver.findElement() with args: ["-android uiautomator","new UiScrollable(new UiSelector().scrollable(true).instance(0)).scrollIntoView(new UiSelector().textContains(\"DHL Standard Delivery\").instance(0))","47571b8e-6191-4ef5-a875-b0f0dcd05976"]
&amp#27;[38;5;32m[AndroidUiautomator2Driver@dabd (47571b8e)]&amp#27;[0m Valid locator strategies for this request: xpath, id, class name, accessibility id, css selector, -android uiautomator
&amp#27;[38;5;32m[AndroidUiautomator2Driver@dabd (47571b8e)]&amp#27;[0m Waiting up to 10000 ms for condition
&amp#27;[38;5;32m[AndroidUiautomator2Driver@dabd (47571b8e)]&amp#27;[0m Matched '/element' to command name 'findElement'
&amp#27;[38;5;32m[AndroidUiautomator2Driver@dabd (47571b8e)]&amp#27;[0m Proxying [POST /element] to [POST http://127.0.0.1:8201/session/e99dcc09-a0f0-48bb-8a0b-d829d4323b82/element] with body: {"strategy":"-android uiautomator","selector":"new UiScrollable(new UiSelector().scrollable(true).instance(0)).scrollIntoView(new UiSelector().textContains(\"DHL Standard Delivery\").instance(0))","context":"","multiple":false}
&amp#27;[38;5;32m[AndroidUiautomator2Driver@dabd (47571b8e)]&amp#27;[0m Got response with status 200: {"sessionId":"e99dcc09-a0f0-48bb-8a0b-d829d4323b82","value":{"ELEMENT":"00000000-0000-0594-ffff-ffff00000739","element-6066-11e4-a52e-4f735466cecf":"00000000-0000-0594-ffff-ffff00000739"}}
&amp#27;[38;5;32m[AndroidUiautomator2Driver@dabd (47571b8e)]&amp#27;[0m Responding to client with driver.findElement() result: {"element-6066-11e4-a52e-4f735466cecf":"00000000-0000-0594-ffff-ffff00000739","ELEMENT":"00000000-0000-0594-ffff-ffff00000739"}
&amp#27;[38;5;0m[HTTP]&amp#27;[0m &amp#27;[37m<-- POST /session/47571b8e-6191-4ef5-a875-b0f0dcd05976/element &amp#27;[39m&amp#27;[32m200&amp#27;[39m &amp#27;[90m2609 ms - 137&amp#27;[39m
&amp#27;[38;5;0m[HTTP]&amp#27;[0m &amp#27;[90m&amp#27;[39m
&amp#27;[38;5;0m[HTTP]&amp#27;[0m &amp#27;[37m-->&amp#27;[39m &amp#27;[37mGET&amp#27;[39m &amp#27;[37m/session/47571b8e-6191-4ef5-a875-b0f0dcd05976/context&amp#27;[39m
&amp#27;[38;5;0m[HTTP]&amp#27;[0m &amp#27;[90m{}&amp#27;[39m
&amp#27;[38;5;32m[AndroidUiautomator2Driver@dabd (47571b8e)]&amp#27;[0m Calling AppiumDriver.getCurrentContext() with args: ["47571b8e-6191-4ef5-a875-b0f0dcd05976"]
&amp#27;[38;5;32m[AndroidUiautomator2Driver@dabd (47571b8e)]&amp#27;[0m Responding to client with driver.getCurrentContext() result: "NATIVE_APP"
&amp#27;[38;5;0m[HTTP]&amp#27;[0m &amp#27;[37m<-- GET /session/47571b8e-6191-4ef5-a875-b0f0dcd05976/context &amp#27;[39m&amp#27;[32m200&amp#27;[39m &amp#27;[90m1 ms - 22&amp#27;[39m
&amp#27;[38;5;0m[HTTP]&amp#27;[0m &amp#27;[90m&amp#27;[39m
&amp#27;[38;5;0m[HTTP]&amp#27;[0m &amp#27;[37m-->&amp#27;[39m &amp#27;[37mPOST&amp#27;[39m &amp#27;[37m/session/47571b8e-6191-4ef5-a875-b0f0dcd05976/element&amp#27;[39m
&amp#27;[38;5;0m[HTTP]&amp#27;[0m &amp#27;[90m{"using":"accessibility id","value":"total price"}&amp#27;[39m
&amp#27;[38;5;32m[AndroidUiautomator2Driver@dabd (47571b8e)]&amp#27;[0m Calling AppiumDriver.findElement() with args: ["accessibility id","total price","47571b8e-6191-4ef5-a875-b0f0dcd05976"]
&amp#27;[38;5;32m[AndroidUiautomator2Driver@dabd (47571b8e)]&amp#27;[0m Valid locator strategies for this request: xpath, id, class name, accessibility id, css selector, -android uiautomator
&amp#27;[38;5;32m[AndroidUiautomator2Driver@dabd (47571b8e)]&amp#27;[0m Waiting up to 10000 ms for condition
&amp#27;[38;5;32m[AndroidUiautomator2Driver@dabd (47571b8e)]&amp#27;[0m Matched '/element' to command name 'findElement'
&amp#27;[38;5;32m[AndroidUiautomator2Driver@dabd (47571b8e)]&amp#27;[0m Proxying [POST /element] to [POST http://127.0.0.1:8201/session/e99dcc09-a0f0-48bb-8a0b-d829d4323b82/element] with body: {"strategy":"accessibility id","selector":"total price","context":"","multiple":false}
&amp#27;[38;5;32m[AndroidUiautomator2Driver@dabd (47571b8e)]&amp#27;[0m Got response with status 200: {"sessionId":"e99dcc09-a0f0-48bb-8a0b-d829d4323b82","value":{"ELEMENT":"00000000-0000-0594-ffff-ffff00000744","element-6066-11e4-a52e-4f735466cecf":"00000000-0000-0594-ffff-ffff00000744"}}
&amp#27;[38;5;32m[AndroidUiautomator2Driver@dabd (47571b8e)]&amp#27;[0m Responding to client with driver.findElement() result: {"element-6066-11e4-a52e-4f735466cecf":"00000000-0000-0594-ffff-ffff00000744","ELEMENT":"00000000-0000-0594-ffff-ffff00000744"}
&amp#27;[38;5;0m[HTTP]&amp#27;[0m &amp#27;[37m<-- POST /session/47571b8e-6191-4ef5-a875-b0f0dcd05976/element &amp#27;[39m&amp#27;[32m200&amp#27;[39m &amp#27;[90m51 ms - 137&amp#27;[39m
&amp#27;[38;5;0m[HTTP]&amp#27;[0m &amp#27;[90m&amp#27;[39m
&amp#27;[38;5;0m[HTTP]&amp#27;[0m &amp#27;[37m-->&amp#27;[39m &amp#27;[37mGET&amp#27;[39m &amp#27;[37m/session/47571b8e-6191-4ef5-a875-b0f0dcd05976/element/00000000-0000-0594-ffff-ffff00000744/text&amp#27;[39m
&amp#27;[38;5;0m[HTTP]&amp#27;[0m &amp#27;[90m{}&amp#27;[39m
&amp#27;[38;5;32m[AndroidUiautomator2Driver@dabd (47571b8e)]&amp#27;[0m Driver proxy active, passing request on via HTTP proxy
&amp#27;[38;5;32m[AndroidUiautomator2Driver@dabd (47571b8e)]&amp#27;[0m Matched '/session/47571b8e-6191-4ef5-a875-b0f0dcd05976/element/00000000-0000-0594-ffff-ffff00000744/text' to command name 'getText'
&amp#27;[38;5;32m[AndroidUiautomator2Driver@dabd (47571b8e)]&amp#27;[0m Proxying [GET /session/47571b8e-6191-4ef5-a875-b0f0dcd05976/element/00000000-0000-0594-ffff-ffff00000744/text] to [GET http://127.0.0.1:8201/session/e99dcc09-a0f0-48bb-8a0b-d829d4323b82/element/00000000-0000-0594-ffff-ffff00000744/text] with no body
&amp#27;[38;5;32m[AndroidUiautomator2Driver@dabd (47571b8e)]&amp#27;[0m Got response with status 200: {"sessionId":"e99dcc09-a0f0-48bb-8a0b-d829d4323b82","value":"$95.96"}
&amp#27;[38;5;32m[AndroidUiautomator2Driver@dabd (47571b8e)]&amp#27;[0m Replacing sessionId e99dcc09-a0f0-48bb-8a0b-d829d4323b82 with 47571b8e-6191-4ef5-a875-b0f0dcd05976
&amp#27;[38;5;0m[HTTP]&amp#27;[0m &amp#27;[37m<-- GET /session/47571b8e-6191-4ef5-a875-b0f0dcd05976/element/00000000-0000-0594-ffff-ffff00000744/text &amp#27;[39m&amp#27;[32m200&amp#27;[39m &amp#27;[90m9 ms - 69&amp#27;[39m
&amp#27;[38;5;0m[HTTP]&amp#27;[0m &amp#27;[90m&amp#27;[39m
&amp#27;[38;5;0m[HTTP]&amp#27;[0m &amp#27;[37m-->&amp#27;[39m &amp#27;[37mGET&amp#27;[39m &amp#27;[37m/session/47571b8e-6191-4ef5-a875-b0f0dcd05976/context&amp#27;[39m
&amp#27;[38;5;0m[HTTP]&amp#27;[0m &amp#27;[90m{}&amp#27;[39m
&amp#27;[38;5;32m[AndroidUiautomator2Driver@dabd (47571b8e)]&amp#27;[0m Calling AppiumDriver.getCurrentContext() with args: ["47571b8e-6191-4ef5-a875-b0f0dcd05976"]
&amp#27;[38;5;32m[AndroidUiautomator2Driver@dabd (47571b8e)]&amp#27;[0m Responding to client with driver.getCurrentContext() result: "NATIVE_APP"
&amp#27;[38;5;0m[HTTP]&amp#27;[0m &amp#27;[37m<-- GET /session/47571b8e-6191-4ef5-a875-b0f0dcd05976/context &amp#27;[39m&amp#27;[32m200&amp#27;[39m &amp#27;[90m1 ms - 22&amp#27;[39m
&amp#27;[38;5;0m[HTTP]&amp#27;[0m &amp#27;[90m&amp#27;[39m
&amp#27;[38;5;0m[HTTP]&amp#27;[0m &amp#27;[37m-->&amp#27;[39m &amp#27;[37mPOST&amp#27;[39m &amp#27;[37m/session/47571b8e-6191-4ef5-a875-b0f0dcd05976/element&amp#27;[39m
&amp#27;[38;5;0m[HTTP]&amp#27;[0m &amp#27;[90m{"using":"accessibility id","value":"checkout delivery details"}&amp#27;[39m
&amp#27;[38;5;32m[AndroidUiautomator2Driver@dabd (47571b8e)]&amp#27;[0m Calling AppiumDriver.findElement() with args: ["accessibility id","checkout delivery details","47571b8e-6191-4ef5-a875-b0f0dcd05976"]
&amp#27;[38;5;32m[AndroidUiautomator2Driver@dabd (47571b8e)]&amp#27;[0m Valid locator strategies for this request: xpath, id, class name, accessibility id, css selector, -android uiautomator
&amp#27;[38;5;32m[AndroidUiautomator2Driver@dabd (47571b8e)]&amp#27;[0m Waiting up to 10000 ms for condition
&amp#27;[38;5;32m[AndroidUiautomator2Driver@dabd (47571b8e)]&amp#27;[0m Matched '/element' to command name 'findElement'
&amp#27;[38;5;32m[AndroidUiautomator2Driver@dabd (47571b8e)]&amp#27;[0m Proxying [POST /element] to [POST http://127.0.0.1:8201/session/e99dcc09-a0f0-48bb-8a0b-d829d4323b82/element] with body: {"strategy":"accessibility id","selector":"checkout delivery details","context":"","multiple":false}
&amp#27;[38;5;32m[AndroidUiautomator2Driver@dabd (47571b8e)]&amp#27;[0m Got response with status 200: {"sessionId":"e99dcc09-a0f0-48bb-8a0b-d829d4323b82","value":{"ELEMENT":"00000000-0000-0594-ffff-ffff00000738","element-6066-11e4-a52e-4f735466cecf":"00000000-0000-0594-ffff-ffff00000738"}}
&amp#27;[38;5;32m[AndroidUiautomator2Driver@dabd (47571b8e)]&amp#27;[0m Responding to client with driver.findElement() result: {"element-6066-11e4-a52e-4f735466cecf":"00000000-0000-0594-ffff-ffff00000738","ELEMENT":"00000000-0000-0594-ffff-ffff00000738"}
&amp#27;[38;5;0m[HTTP]&amp#27;[0m &amp#27;[37m<-- POST /session/47571b8e-6191-4ef5-a875-b0f0dcd05976/element &amp#27;[39m&amp#27;[32m200&amp#27;[39m &amp#27;[90m241 ms - 137&amp#27;[39m
&amp#27;[38;5;0m[HTTP]&amp#27;[0m &amp#27;[90m&amp#27;[39m
&amp#27;[38;5;0m[HTTP]&amp#27;[0m &amp#27;[37m-->&amp#27;[39m &amp#27;[37mPOST&amp#27;[39m &amp#27;[37m/session/47571b8e-6191-4ef5-a875-b0f0dcd05976/element/00000000-0000-0594-ffff-ffff00000738/elements&amp#27;[39m
&amp#27;[38;5;0m[HTTP]&amp#27;[0m &amp#27;[90m{"id":"00000000-0000-0594-ffff-ffff00000738","using":"xpath","value":"//android.widget.TextView"}&amp#27;[39m
&amp#27;[38;5;32m[AndroidUiautomator2Driver@dabd (47571b8e)]&amp#27;[0m Calling AppiumDriver.findElementsFromElement() with args: ["xpath","//android.widget.TextView","00000000-0000-0594-ffff-ffff00000738","47571b8e-6191-4ef5-a875-b0f0dcd05976"]
&amp#27;[38;5;32m[AndroidUiautomator2Driver@dabd (47571b8e)]&amp#27;[0m Valid locator strategies for this request: xpath, id, class name, accessibility id, css selector, -android uiautomator
&amp#27;[38;5;32m[AndroidUiautomator2Driver@dabd (47571b8e)]&amp#27;[0m Waiting up to 10000 ms for condition
&amp#27;[38;5;32m[AndroidUiautomator2Driver@dabd (47571b8e)]&amp#27;[0m Matched '/elements' to command name 'findElements'
&amp#27;[38;5;32m[AndroidUiautomator2Driver@dabd (47571b8e)]&amp#27;[0m Proxying [POST /elements] to [POST http://127.0.0.1:8201/session/e99dcc09-a0f0-48bb-8a0b-d829d4323b82/elements] with body: {"strategy":"xpath","selector":"//android.widget.TextView","context":"00000000-0000-0594-ffff-ffff00000738","multiple":true}
&amp#27;[38;5;32m[AndroidUiautomator2Driver@dabd (47571b8e)]&amp#27;[0m Got response with status 200: {"sessionId":"e99dcc09-a0f0-48bb-8a0b-d829d4323b82","value":[{"ELEMENT":"00000000-0000-0594-ffff-ffff00000739","element-6066-11e4-a52e-4f735466cecf":"00000000-0000-0594-ffff-ffff00000739"},{"ELEMENT":"00000000-0000-0594-ffff-ffff0000073a","element-6066-11e4-a52e-4f735466cecf":"00000000-0000-0594-ffff-ffff0000073a"},{"ELEMENT":"00000000-0000-0594-ffff-ffff0000073b","element-6066-11e4-a52e-4f735466cecf":"00000000-0000-0594-ffff-ffff0000073b"}]}
&amp#27;[38;5;32m[AndroidUiautomator2Driver@dabd (47571b8e)]&amp#27;[0m Responding to client with driver.findElementsFromElement() result: [{"element-6066-11e4-a52e-4f735466cecf":"00000000-0000-0594-ffff-ffff00000739","ELEMENT":"00000000-0000-0594-ffff-ffff00000739"},{"element-6066-11e4-a52e-4f735466cecf":"00000000-0000-0594-ffff-ffff0000073a","ELEMENT":"00000000-0000-0594-ffff-ffff0000073a"},{"element-6066-11e4-a52e-4f735466cecf":"00000000-0000-0594-ffff-ffff0000073b","ELEMENT":"00000000-0000-0594-ffff-ffff0000073b"}]
&amp#27;[38;5;0m[HTTP]&amp#27;[0m &amp#27;[37m<-- POST /session/47571b8e-6191-4ef5-a875-b0f0dcd05976/element/00000000-0000-0594-ffff-ffff00000738/elements &amp#27;[39m&amp#27;[32m200&amp#27;[39m &amp#27;[90m120 ms - 395&amp#27;[39m
&amp#27;[38;5;0m[HTTP]&amp#27;[0m &amp#27;[90m&amp#27;[39m
&amp#27;[38;5;0m[HTTP]&amp#27;[0m &amp#27;[37m-->&amp#27;[39m &amp#27;[37mGET&amp#27;[39m &amp#27;[37m/session/47571b8e-6191-4ef5-a875-b0f0dcd05976/element/00000000-0000-0594-ffff-ffff0000073a/text&amp#27;[39m
&amp#27;[38;5;0m[HTTP]&amp#27;[0m &amp#27;[90m{}&amp#27;[39m
&amp#27;[38;5;32m[AndroidUiautomator2Driver@dabd (47571b8e)]&amp#27;[0m Driver proxy active, passing request on via HTTP proxy
&amp#27;[38;5;32m[AndroidUiautomator2Driver@dabd (47571b8e)]&amp#27;[0m Matched '/session/47571b8e-6191-4ef5-a875-b0f0dcd05976/element/00000000-0000-0594-ffff-ffff0000073a/text' to command name 'getText'
&amp#27;[38;5;32m[AndroidUiautomator2Driver@dabd (47571b8e)]&amp#27;[0m Proxying [GET /session/47571b8e-6191-4ef5-a875-b0f0dcd05976/element/00000000-0000-0594-ffff-ffff0000073a/text] to [GET http://127.0.0.1:8201/session/e99dcc09-a0f0-48bb-8a0b-d829d4323b82/element/00000000-0000-0594-ffff-ffff0000073a/text] with no body
&amp#27;[38;5;32m[AndroidUiautomator2Driver@dabd (47571b8e)]&amp#27;[0m Got response with status 200: {"sessionId":"e99dcc09-a0f0-48bb-8a0b-d829d4323b82","value":"$5.99"}
&amp#27;[38;5;32m[AndroidUiautomator2Driver@dabd (47571b8e)]&amp#27;[0m Replacing sessionId e99dcc09-a0f0-48bb-8a0b-d829d4323b82 with 47571b8e-6191-4ef5-a875-b0f0dcd05976
&amp#27;[38;5;0m[HTTP]&amp#27;[0m &amp#27;[37m<-- GET /session/47571b8e-6191-4ef5-a875-b0f0dcd05976/element/00000000-0000-0594-ffff-ffff0000073a/text &amp#27;[39m&amp#27;[32m200&amp#27;[39m &amp#27;[90m11 ms - 68&amp#27;[39m
&amp#27;[38;5;0m[HTTP]&amp#27;[0m &amp#27;[90m&amp#27;[39m
&amp#27;[38;5;0m[HTTP]&amp#27;[0m &amp#27;[37m-->&amp#27;[39m &amp#27;[37mGET&amp#27;[39m &amp#27;[37m/session/47571b8e-6191-4ef5-a875-b0f0dcd05976/context&amp#27;[39m
&amp#27;[38;5;0m[HTTP]&amp#27;[0m &amp#27;[90m{}&amp#27;[39m
&amp#27;[38;5;32m[AndroidUiautomator2Driver@dabd (47571b8e)]&amp#27;[0m Calling AppiumDriver.getCurrentContext() with args: ["47571b8e-6191-4ef5-a875-b0f0dcd05976"]
&amp#27;[38;5;32m[AndroidUiautomator2Driver@dabd (47571b8e)]&amp#27;[0m Responding to client with driver.getCurrentContext() result: "NATIVE_APP"
&amp#27;[38;5;0m[HTTP]&amp#27;[0m &amp#27;[37m<-- GET /session/47571b8e-6191-4ef5-a875-b0f0dcd05976/context &amp#27;[39m&amp#27;[32m200&amp#27;[39m &amp#27;[90m1 ms - 22&amp#27;[39m
&amp#27;[38;5;0m[HTTP]&amp#27;[0m &amp#27;[90m&amp#27;[39m
&amp#27;[38;5;0m[HTTP]&amp#27;[0m &amp#27;[37m-->&amp#27;[39m &amp#27;[37mPOST&amp#27;[39m &amp#27;[37m/session/47571b8e-6191-4ef5-a875-b0f0dcd05976/elements&amp#27;[39m
&amp#27;[38;5;0m[HTTP]&amp#27;[0m &amp#27;[90m{"using":"xpath","value":"//android.view.ViewGroup[@content-desc='checkout delivery address']/android.widget.TextView"}&amp#27;[39m
&amp#27;[38;5;32m[AndroidUiautomator2Driver@dabd (47571b8e)]&amp#27;[0m Calling AppiumDriver.findElements() with args: ["xpath","//android.view.ViewGroup[@content-desc='checkout delivery address']/android.widget.TextView","47571b8e-6191-4ef5-a875-b0f0dcd05976"]
&amp#27;[38;5;32m[AndroidUiautomator2Driver@dabd (47571b8e)]&amp#27;[0m Valid locator strategies for this request: xpath, id, class name, accessibility id, css selector, -android uiautomator
&amp#27;[38;5;32m[AndroidUiautomator2Driver@dabd (47571b8e)]&amp#27;[0m Waiting up to 10000 ms for condition
&amp#27;[38;5;32m[AndroidUiautomator2Driver@dabd (47571b8e)]&amp#27;[0m Matched '/elements' to command name 'findElements'
&amp#27;[38;5;32m[AndroidUiautomator2Driver@dabd (47571b8e)]&amp#27;[0m Proxying [POST /elements] to [POST http://127.0.0.1:8201/session/e99dcc09-a0f0-48bb-8a0b-d829d4323b82/elements] with body: {"strategy":"xpath","selector":"//android.view.ViewGroup[@content-desc='checkout delivery address']/android.widget.TextView","context":"","multiple":true}
&amp#27;[38;5;32m[AndroidUiautomator2Driver@dabd (47571b8e)]&amp#27;[0m Got response with status 200: {"sessionId":"e99dcc09-a0f0-48bb-8a0b-d829d4323b82","value":[{"ELEMENT":"00000000-0000-0594-ffff-ffff0000072c","element-6066-11e4-a52e-4f735466cecf":"00000000-0000-0594-ffff-ffff0000072c"},{"ELEMENT":"00000000-0000-0594-ffff-ffff0000072d","element-6066-11e4-a52e-4f735466cecf":"00000000-0000-0594-ffff-ffff0000072d"},{"ELEMENT":"00000000-0000-0594-ffff-ffff0000072e","element-6066-11e4-a52e-4f735466cecf":"00000000-0000-0594-ffff-ffff0000072e"},{"ELEMENT":"00000000-0000-0594-ffff-ffff0000072f","element-6066-11e4-a52e-4f735466cecf":"00000000-0000-0594-ffff-ffff0000072f"},{"ELEMENT":"00000000-0000-0594-ffff-ffff00000730","element-6066-11e4-a52e-4f735466cecf":"00000000-0000-0594-ffff-ffff00000730"}]}
&amp#27;[38;5;32m[AndroidUiautomator2Driver@dabd (47571b8e)]&amp#27;[0m Responding to client with driver.findElements() result: [{"element-6066-11e4-a52e-4f735466cecf":"00000000-0000-0594-ffff-ffff0000072c","ELEMENT":"00000000-0000-0594-ffff-ffff0000072c"},{"element-6066-11e4-a52e-4f735466cecf":"00000000-0000-0594-ffff-ffff0000072d","ELEMENT":"00000000-0000-0594-ffff-ffff0000072d"},{"element-6066-11e4-a52e-4f735466cecf":"00000000-0000-0594-ffff-ffff0000072e","ELEMENT":"00000000-0000-0594-ffff-ffff0000072e"},{"element-6066-11e4-a52e-4f735466cecf":"00000000-0000-0594-ffff-ffff0000072f","ELEMENT":"00000000-0000-0594-ffff-ffff0000072f"},{"element-6066-11e4-a52e-4f735466cecf":"00000000-0000-0594-ffff-ffff00000730","ELEMENT":"00000000-0000-0594-ffff-ffff00000730"}]
&amp#27;[38;5;0m[HTTP]&amp#27;[0m &amp#27;[37m<-- POST /session/47571b8e-6191-4ef5-a875-b0f0dcd05976/elements &amp#27;[39m&amp#27;[32m200&amp#27;[39m &amp#27;[90m134 ms - 651&amp#27;[39m
&amp#27;[38;5;0m[HTTP]&amp#27;[0m &amp#27;[90m&amp#27;[39m
&amp#27;[38;5;0m[HTTP]&amp#27;[0m &amp#27;[37m-->&amp#27;[39m &amp#27;[37mGET&amp#27;[39m &amp#27;[37m/session/47571b8e-6191-4ef5-a875-b0f0dcd05976/element/00000000-0000-0594-ffff-ffff0000072d/text&amp#27;[39m
&amp#27;[38;5;0m[HTTP]&amp#27;[0m &amp#27;[90m{}&amp#27;[39m
&amp#27;[38;5;32m[AndroidUiautomator2Driver@dabd (47571b8e)]&amp#27;[0m Driver proxy active, passing request on via HTTP proxy
&amp#27;[38;5;32m[AndroidUiautomator2Driver@dabd (47571b8e)]&amp#27;[0m Matched '/session/47571b8e-6191-4ef5-a875-b0f0dcd05976/element/00000000-0000-0594-ffff-ffff0000072d/text' to command name 'getText'
&amp#27;[38;5;32m[AndroidUiautomator2Driver@dabd (47571b8e)]&amp#27;[0m Proxying [GET /session/47571b8e-6191-4ef5-a875-b0f0dcd05976/element/00000000-0000-0594-ffff-ffff0000072d/text] to [GET http://127.0.0.1:8201/session/e99dcc09-a0f0-48bb-8a0b-d829d4323b82/element/00000000-0000-0594-ffff-ffff0000072d/text] with no body
&amp#27;[38;5;32m[AndroidUiautomator2Driver@dabd (47571b8e)]&amp#27;[0m Got response with status 200: {"sessionId":"e99dcc09-a0f0-48bb-8a0b-d829d4323b82","value":"Bob Fisher"}
&amp#27;[38;5;32m[AndroidUiautomator2Driver@dabd (47571b8e)]&amp#27;[0m Replacing sessionId e99dcc09-a0f0-48bb-8a0b-d829d4323b82 with 47571b8e-6191-4ef5-a875-b0f0dcd05976
&amp#27;[38;5;0m[HTTP]&amp#27;[0m &amp#27;[37m<-- GET /session/47571b8e-6191-4ef5-a875-b0f0dcd05976/element/00000000-0000-0594-ffff-ffff0000072d/text &amp#27;[39m&amp#27;[32m200&amp#27;[39m &amp#27;[90m12 ms - 73&amp#27;[39m
&amp#27;[38;5;0m[HTTP]&amp#27;[0m &amp#27;[90m&amp#27;[39m
&amp#27;[38;5;0m[HTTP]&amp#27;[0m &amp#27;[37m-->&amp#27;[39m &amp#27;[37mGET&amp#27;[39m &amp#27;[37m/session/47571b8e-6191-4ef5-a875-b0f0dcd05976/context&amp#27;[39m
&amp#27;[38;5;0m[HTTP]&amp#27;[0m &amp#27;[90m{}&amp#27;[39m
&amp#27;[38;5;32m[AndroidUiautomator2Driver@dabd (47571b8e)]&amp#27;[0m Calling AppiumDriver.getCurrentContext() with args: ["47571b8e-6191-4ef5-a875-b0f0dcd05976"]
&amp#27;[38;5;32m[AndroidUiautomator2Driver@dabd (47571b8e)]&amp#27;[0m Responding to client with driver.getCurrentContext() result: "NATIVE_APP"
&amp#27;[38;5;0m[HTTP]&amp#27;[0m &amp#27;[37m<-- GET /session/47571b8e-6191-4ef5-a875-b0f0dcd05976/context &amp#27;[39m&amp#27;[32m200&amp#27;[39m &amp#27;[90m1 ms - 22&amp#27;[39m
&amp#27;[38;5;0m[HTTP]&amp#27;[0m &amp#27;[90m&amp#27;[39m
&amp#27;[38;5;0m[HTTP]&amp#27;[0m &amp#27;[37m-->&amp#27;[39m &amp#27;[37mPOST&amp#27;[39m &amp#27;[37m/session/47571b8e-6191-4ef5-a875-b0f0dcd05976/elements&amp#27;[39m
&amp#27;[38;5;0m[HTTP]&amp#27;[0m &amp#27;[90m{"using":"xpath","value":"//android.view.ViewGroup[@content-desc='checkout delivery address']/android.widget.TextView"}&amp#27;[39m
&amp#27;[38;5;32m[AndroidUiautomator2Driver@dabd (47571b8e)]&amp#27;[0m Calling AppiumDriver.findElements() with args: ["xpath","//android.view.ViewGroup[@content-desc='checkout delivery address']/android.widget.TextView","47571b8e-6191-4ef5-a875-b0f0dcd05976"]
&amp#27;[38;5;32m[AndroidUiautomator2Driver@dabd (47571b8e)]&amp#27;[0m Valid locator strategies for this request: xpath, id, class name, accessibility id, css selector, -android uiautomator
&amp#27;[38;5;32m[AndroidUiautomator2Driver@dabd (47571b8e)]&amp#27;[0m Waiting up to 10000 ms for condition
&amp#27;[38;5;32m[AndroidUiautomator2Driver@dabd (47571b8e)]&amp#27;[0m Matched '/elements' to command name 'findElements'
&amp#27;[38;5;32m[AndroidUiautomator2Driver@dabd (47571b8e)]&amp#27;[0m Proxying [POST /elements] to [POST http://127.0.0.1:8201/session/e99dcc09-a0f0-48bb-8a0b-d829d4323b82/elements] with body: {"strategy":"xpath","selector":"//android.view.ViewGroup[@content-desc='checkout delivery address']/android.widget.TextView","context":"","multiple":true}
&amp#27;[38;5;32m[AndroidUiautomator2Driver@dabd (47571b8e)]&amp#27;[0m Got response with status 200: {"sessionId":"e99dcc09-a0f0-48bb-8a0b-d829d4323b82","value":[{"ELEMENT":"00000000-0000-0594-ffff-ffff0000072c","element-6066-11e4-a52e-4f735466cecf":"00000000-0000-0594-ffff-ffff0000072c"},{"ELEMENT":"00000000-0000-0594-ffff-ffff0000072d","element-6066-11e4-a52e-4f735466cecf":"00000000-0000-0594-ffff-ffff0000072d"},{"ELEMENT":"00000000-0000-0594-ffff-ffff0000072e","element-6066-11e4-a52e-4f735466cecf":"00000000-0000-0594-ffff-ffff0000072e"},{"ELEMENT":"00000000-0000-0594-ffff-ffff0000072f","element-6066-11e4-a52e-4f735466cecf":"00000000-0000-0594-ffff-ffff0000072f"},{"ELEMENT":"00000000-0000-0594-ffff-ffff00000730","element-6066-11e4-a52e-4f735466cecf":"00000000-0000-0594-ffff-ffff00000730"}]}
&amp#27;[38;5;32m[AndroidUiautomator2Driver@dabd (47571b8e)]&amp#27;[0m Responding to client with driver.findElements() result: [{"element-6066-11e4-a52e-4f735466cecf":"00000000-0000-0594-ffff-ffff0000072c","ELEMENT":"00000000-0000-0594-ffff-ffff0000072c"},{"element-6066-11e4-a52e-4f735466cecf":"00000000-0000-0594-ffff-ffff0000072d","ELEMENT":"00000000-0000-0594-ffff-ffff0000072d"},{"element-6066-11e4-a52e-4f735466cecf":"00000000-0000-0594-ffff-ffff0000072e","ELEMENT":"00000000-0000-0594-ffff-ffff0000072e"},{"element-6066-11e4-a52e-4f735466cecf":"00000000-0000-0594-ffff-ffff0000072f","ELEMENT":"00000000-0000-0594-ffff-ffff0000072f"},{"element-6066-11e4-a52e-4f735466cecf":"00000000-0000-0594-ffff-ffff00000730","ELEMENT":"00000000-0000-0594-ffff-ffff00000730"}]
&amp#27;[38;5;0m[HTTP]&amp#27;[0m &amp#27;[37m<-- POST /session/47571b8e-6191-4ef5-a875-b0f0dcd05976/elements &amp#27;[39m&amp#27;[32m200&amp#27;[39m &amp#27;[90m133 ms - 651&amp#27;[39m
&amp#27;[38;5;0m[HTTP]&amp#27;[0m &amp#27;[90m&amp#27;[39m
&amp#27;[38;5;0m[HTTP]&amp#27;[0m &amp#27;[37m-->&amp#27;[39m &amp#27;[37mGET&amp#27;[39m &amp#27;[37m/session/47571b8e-6191-4ef5-a875-b0f0dcd05976/element/00000000-0000-0594-ffff-ffff0000072e/text&amp#27;[39m
&amp#27;[38;5;0m[HTTP]&amp#27;[0m &amp#27;[90m{}&amp#27;[39m
&amp#27;[38;5;32m[AndroidUiautomator2Driver@dabd (47571b8e)]&amp#27;[0m Driver proxy active, passing request on via HTTP proxy
&amp#27;[38;5;32m[AndroidUiautomator2Driver@dabd (47571b8e)]&amp#27;[0m Matched '/session/47571b8e-6191-4ef5-a875-b0f0dcd05976/element/00000000-0000-0594-ffff-ffff0000072e/text' to command name 'getText'
&amp#27;[38;5;32m[AndroidUiautomator2Driver@dabd (47571b8e)]&amp#27;[0m Proxying [GET /session/47571b8e-6191-4ef5-a875-b0f0dcd05976/element/00000000-0000-0594-ffff-ffff0000072e/text] to [GET http://127.0.0.1:8201/session/e99dcc09-a0f0-48bb-8a0b-d829d4323b82/element/00000000-0000-0594-ffff-ffff0000072e/text] with no body
&amp#27;[38;5;32m[AndroidUiautomator2Driver@dabd (47571b8e)]&amp#27;[0m Got response with status 200: {"sessionId":"e99dcc09-a0f0-48bb-8a0b-d829d4323b82","value":"123 Test Ave, 999"}
&amp#27;[38;5;32m[AndroidUiautomator2Driver@dabd (47571b8e)]&amp#27;[0m Replacing sessionId e99dcc09-a0f0-48bb-8a0b-d829d4323b82 with 47571b8e-6191-4ef5-a875-b0f0dcd05976
&amp#27;[38;5;0m[HTTP]&amp#27;[0m &amp#27;[37m<-- GET /session/47571b8e-6191-4ef5-a875-b0f0dcd05976/element/00000000-0000-0594-ffff-ffff0000072e/text &amp#27;[39m&amp#27;[32m200&amp#27;[39m &amp#27;[90m12 ms - 80&amp#27;[39m
&amp#27;[38;5;0m[HTTP]&amp#27;[0m &amp#27;[90m&amp#27;[39m
&amp#27;[38;5;0m[HTTP]&amp#27;[0m &amp#27;[37m-->&amp#27;[39m &amp#27;[37mGET&amp#27;[39m &amp#27;[37m/session/47571b8e-6191-4ef5-a875-b0f0dcd05976/context&amp#27;[39m
&amp#27;[38;5;0m[HTTP]&amp#27;[0m &amp#27;[90m{}&amp#27;[39m
&amp#27;[38;5;32m[AndroidUiautomator2Driver@dabd (47571b8e)]&amp#27;[0m Calling AppiumDriver.getCurrentContext() with args: ["47571b8e-6191-4ef5-a875-b0f0dcd05976"]
&amp#27;[38;5;32m[AndroidUiautomator2Driver@dabd (47571b8e)]&amp#27;[0m Responding to client with driver.getCurrentContext() result: "NATIVE_APP"
&amp#27;[38;5;0m[HTTP]&amp#27;[0m &amp#27;[37m<-- GET /session/47571b8e-6191-4ef5-a875-b0f0dcd05976/context &amp#27;[39m&amp#27;[32m200&amp#27;[39m &amp#27;[90m0 ms - 22&amp#27;[39m
&amp#27;[38;5;0m[HTTP]&amp#27;[0m &amp#27;[90m&amp#27;[39m
&amp#27;[38;5;0m[HTTP]&amp#27;[0m &amp#27;[37m-->&amp#27;[39m &amp#27;[37mPOST&amp#27;[39m &amp#27;[37m/session/47571b8e-6191-4ef5-a875-b0f0dcd05976/elements&amp#27;[39m
&amp#27;[38;5;0m[HTTP]&amp#27;[0m &amp#27;[90m{"using":"xpath","value":"//android.view.ViewGroup[@content-desc='checkout delivery address']/android.widget.TextView"}&amp#27;[39m
&amp#27;[38;5;32m[AndroidUiautomator2Driver@dabd (47571b8e)]&amp#27;[0m Calling AppiumDriver.findElements() with args: ["xpath","//android.view.ViewGroup[@content-desc='checkout delivery address']/android.widget.TextView","47571b8e-6191-4ef5-a875-b0f0dcd05976"]
&amp#27;[38;5;32m[AndroidUiautomator2Driver@dabd (47571b8e)]&amp#27;[0m Valid locator strategies for this request: xpath, id, class name, accessibility id, css selector, -android uiautomator
&amp#27;[38;5;32m[AndroidUiautomator2Driver@dabd (47571b8e)]&amp#27;[0m Waiting up to 10000 ms for condition
&amp#27;[38;5;32m[AndroidUiautomator2Driver@dabd (47571b8e)]&amp#27;[0m Matched '/elements' to command name 'findElements'
&amp#27;[38;5;32m[AndroidUiautomator2Driver@dabd (47571b8e)]&amp#27;[0m Proxying [POST /elements] to [POST http://127.0.0.1:8201/session/e99dcc09-a0f0-48bb-8a0b-d829d4323b82/elements] with body: {"strategy":"xpath","selector":"//android.view.ViewGroup[@content-desc='checkout delivery address']/android.widget.TextView","context":"","multiple":true}
&amp#27;[38;5;32m[AndroidUiautomator2Driver@dabd (47571b8e)]&amp#27;[0m Got response with status 200: {"sessionId":"e99dcc09-a0f0-48bb-8a0b-d829d4323b82","value":[{"ELEMENT":"00000000-0000-0594-ffff-ffff0000072c","element-6066-11e4-a52e-4f735466cecf":"00000000-0000-0594-ffff-ffff0000072c"},{"ELEMENT":"00000000-0000-0594-ffff-ffff0000072d","element-6066-11e4-a52e-4f735466cecf":"00000000-0000-0594-ffff-ffff0000072d"},{"ELEMENT":"00000000-0000-0594-ffff-ffff0000072e","element-6066-11e4-a52e-4f735466cecf":"00000000-0000-0594-ffff-ffff0000072e"},{"ELEMENT":"00000000-0000-0594-ffff-ffff0000072f","element-6066-11e4-a52e-4f735466cecf":"00000000-0000-0594-ffff-ffff0000072f"},{"ELEMENT":"00000000-0000-0594-ffff-ffff00000730","element-6066-11e4-a52e-4f735466cecf":"00000000-0000-0594-ffff-ffff00000730"}]}
&amp#27;[38;5;32m[AndroidUiautomator2Driver@dabd (47571b8e)]&amp#27;[0m Responding to client with driver.findElements() result: [{"element-6066-11e4-a52e-4f735466cecf":"00000000-0000-0594-ffff-ffff0000072c","ELEMENT":"00000000-0000-0594-ffff-ffff0000072c"},{"element-6066-11e4-a52e-4f735466cecf":"00000000-0000-0594-ffff-ffff0000072d","ELEMENT":"00000000-0000-0594-ffff-ffff0000072d"},{"element-6066-11e4-a52e-4f735466cecf":"00000000-0000-0594-ffff-ffff0000072e","ELEMENT":"00000000-0000-0594-ffff-ffff0000072e"},{"element-6066-11e4-a52e-4f735466cecf":"00000000-0000-0594-ffff-ffff0000072f","ELEMENT":"00000000-0000-0594-ffff-ffff0000072f"},{"element-6066-11e4-a52e-4f735466cecf":"00000000-0000-0594-ffff-ffff00000730","ELEMENT":"00000000-0000-0594-ffff-ffff00000730"}]
&amp#27;[38;5;0m[HTTP]&amp#27;[0m &amp#27;[37m<-- POST /session/47571b8e-6191-4ef5-a875-b0f0dcd05976/elements &amp#27;[39m&amp#27;[32m200&amp#27;[39m &amp#27;[90m129 ms - 651&amp#27;[39m
&amp#27;[38;5;0m[HTTP]&amp#27;[0m &amp#27;[90m&amp#27;[39m
&amp#27;[38;5;0m[HTTP]&amp#27;[0m &amp#27;[37m-->&amp#27;[39m &amp#27;[37mGET&amp#27;[39m &amp#27;[37m/session/47571b8e-6191-4ef5-a875-b0f0dcd05976/element/00000000-0000-0594-ffff-ffff0000072e/text&amp#27;[39m
&amp#27;[38;5;0m[HTTP]&amp#27;[0m &amp#27;[90m{}&amp#27;[39m
&amp#27;[38;5;32m[AndroidUiautomator2Driver@dabd (47571b8e)]&amp#27;[0m Driver proxy active, passing request on via HTTP proxy
&amp#27;[38;5;32m[AndroidUiautomator2Driver@dabd (47571b8e)]&amp#27;[0m Matched '/session/47571b8e-6191-4ef5-a875-b0f0dcd05976/element/00000000-0000-0594-ffff-ffff0000072e/text' to command name 'getText'
&amp#27;[38;5;32m[AndroidUiautomator2Driver@dabd (47571b8e)]&amp#27;[0m Proxying [GET /session/47571b8e-6191-4ef5-a875-b0f0dcd05976/element/00000000-0000-0594-ffff-ffff0000072e/text] to [GET http://127.0.0.1:8201/session/e99dcc09-a0f0-48bb-8a0b-d829d4323b82/element/00000000-0000-0594-ffff-ffff0000072e/text] with no body
&amp#27;[38;5;32m[AndroidUiautomator2Driver@dabd (47571b8e)]&amp#27;[0m Got response with status 200: {"sessionId":"e99dcc09-a0f0-48bb-8a0b-d829d4323b82","value":"123 Test Ave, 999"}
&amp#27;[38;5;32m[AndroidUiautomator2Driver@dabd (47571b8e)]&amp#27;[0m Replacing sessionId e99dcc09-a0f0-48bb-8a0b-d829d4323b82 with 47571b8e-6191-4ef5-a875-b0f0dcd05976
&amp#27;[38;5;0m[HTTP]&amp#27;[0m &amp#27;[37m<-- GET /session/47571b8e-6191-4ef5-a875-b0f0dcd05976/element/00000000-0000-0594-ffff-ffff0000072e/text &amp#27;[39m&amp#27;[32m200&amp#27;[39m &amp#27;[90m11 ms - 80&amp#27;[39m
&amp#27;[38;5;0m[HTTP]&amp#27;[0m &amp#27;[90m&amp#27;[39m
&amp#27;[38;5;0m[HTTP]&amp#27;[0m &amp#27;[37m-->&amp#27;[39m &amp#27;[37mGET&amp#27;[39m &amp#27;[37m/session/47571b8e-6191-4ef5-a875-b0f0dcd05976/context&amp#27;[39m
&amp#27;[38;5;0m[HTTP]&amp#27;[0m &amp#27;[90m{}&amp#27;[39m
&amp#27;[38;5;32m[AndroidUiautomator2Driver@dabd (47571b8e)]&amp#27;[0m Calling AppiumDriver.getCurrentContext() with args: ["47571b8e-6191-4ef5-a875-b0f0dcd05976"]
&amp#27;[38;5;32m[AndroidUiautomator2Driver@dabd (47571b8e)]&amp#27;[0m Responding to client with driver.getCurrentContext() result: "NATIVE_APP"
&amp#27;[38;5;0m[HTTP]&amp#27;[0m &amp#27;[37m<-- GET /session/47571b8e-6191-4ef5-a875-b0f0dcd05976/context &amp#27;[39m&amp#27;[32m200&amp#27;[39m &amp#27;[90m0 ms - 22&amp#27;[39m
&amp#27;[38;5;0m[HTTP]&amp#27;[0m &amp#27;[90m&amp#27;[39m
&amp#27;[38;5;0m[HTTP]&amp#27;[0m &amp#27;[37m-->&amp#27;[39m &amp#27;[37mPOST&amp#27;[39m &amp#27;[37m/session/47571b8e-6191-4ef5-a875-b0f0dcd05976/elements&amp#27;[39m
&amp#27;[38;5;0m[HTTP]&amp#27;[0m &amp#27;[90m{"using":"xpath","value":"//android.view.ViewGroup[@content-desc='checkout delivery address']/android.widget.TextView"}&amp#27;[39m
&amp#27;[38;5;32m[AndroidUiautomator2Driver@dabd (47571b8e)]&amp#27;[0m Calling AppiumDriver.findElements() with args: ["xpath","//android.view.ViewGroup[@content-desc='checkout delivery address']/android.widget.TextView","47571b8e-6191-4ef5-a875-b0f0dcd05976"]
&amp#27;[38;5;32m[AndroidUiautomator2Driver@dabd (47571b8e)]&amp#27;[0m Valid locator strategies for this request: xpath, id, class name, accessibility id, css selector, -android uiautomator
&amp#27;[38;5;32m[AndroidUiautomator2Driver@dabd (47571b8e)]&amp#27;[0m Waiting up to 10000 ms for condition
&amp#27;[38;5;32m[AndroidUiautomator2Driver@dabd (47571b8e)]&amp#27;[0m Matched '/elements' to command name 'findElements'
&amp#27;[38;5;32m[AndroidUiautomator2Driver@dabd (47571b8e)]&amp#27;[0m Proxying [POST /elements] to [POST http://127.0.0.1:8201/session/e99dcc09-a0f0-48bb-8a0b-d829d4323b82/elements] with body: {"strategy":"xpath","selector":"//android.view.ViewGroup[@content-desc='checkout delivery address']/android.widget.TextView","context":"","multiple":true}
&amp#27;[38;5;32m[AndroidUiautomator2Driver@dabd (47571b8e)]&amp#27;[0m Got response with status 200: {"sessionId":"e99dcc09-a0f0-48bb-8a0b-d829d4323b82","value":[{"ELEMENT":"00000000-0000-0594-ffff-ffff0000072c","element-6066-11e4-a52e-4f735466cecf":"00000000-0000-0594-ffff-ffff0000072c"},{"ELEMENT":"00000000-0000-0594-ffff-ffff0000072d","element-6066-11e4-a52e-4f735466cecf":"00000000-0000-0594-ffff-ffff0000072d"},{"ELEMENT":"00000000-0000-0594-ffff-ffff0000072e","element-6066-11e4-a52e-4f735466cecf":"00000000-0000-0594-ffff-ffff0000072e"},{"ELEMENT":"00000000-0000-0594-ffff-ffff0000072f","element-6066-11e4-a52e-4f735466cecf":"00000000-0000-0594-ffff-ffff0000072f"},{"ELEMENT":"00000000-0000-0594-ffff-ffff00000730","element-6066-11e4-a52e-4f735466cecf":"00000000-0000-0594-ffff-ffff00000730"}]}
&amp#27;[38;5;32m[AndroidUiautomator2Driver@dabd (47571b8e)]&amp#27;[0m Responding to client with driver.findElements() result: [{"element-6066-11e4-a52e-4f735466cecf":"00000000-0000-0594-ffff-ffff0000072c","ELEMENT":"00000000-0000-0594-ffff-ffff0000072c"},{"element-6066-11e4-a52e-4f735466cecf":"00000000-0000-0594-ffff-ffff0000072d","ELEMENT":"00000000-0000-0594-ffff-ffff0000072d"},{"element-6066-11e4-a52e-4f735466cecf":"00000000-0000-0594-ffff-ffff0000072e","ELEMENT":"00000000-0000-0594-ffff-ffff0000072e"},{"element-6066-11e4-a52e-4f735466cecf":"00000000-0000-0594-ffff-ffff0000072f","ELEMENT":"00000000-0000-0594-ffff-ffff0000072f"},{"element-6066-11e4-a52e-4f735466cecf":"00000000-0000-0594-ffff-ffff00000730","ELEMENT":"00000000-0000-0594-ffff-ffff00000730"}]
&amp#27;[38;5;0m[HTTP]&amp#27;[0m &amp#27;[37m<-- POST /session/47571b8e-6191-4ef5-a875-b0f0dcd05976/elements &amp#27;[39m&amp#27;[32m200&amp#27;[39m &amp#27;[90m130 ms - 651&amp#27;[39m
&amp#27;[38;5;0m[HTTP]&amp#27;[0m &amp#27;[90m&amp#27;[39m
&amp#27;[38;5;0m[HTTP]&amp#27;[0m &amp#27;[37m-->&amp#27;[39m &amp#27;[37mGET&amp#27;[39m &amp#27;[37m/session/47571b8e-6191-4ef5-a875-b0f0dcd05976/element/00000000-0000-0594-ffff-ffff0000072f/text&amp#27;[39m
&amp#27;[38;5;0m[HTTP]&amp#27;[0m &amp#27;[90m{}&amp#27;[39m
&amp#27;[38;5;32m[AndroidUiautomator2Driver@dabd (47571b8e)]&amp#27;[0m Driver proxy active, passing request on via HTTP proxy
&amp#27;[38;5;32m[AndroidUiautomator2Driver@dabd (47571b8e)]&amp#27;[0m Matched '/session/47571b8e-6191-4ef5-a875-b0f0dcd05976/element/00000000-0000-0594-ffff-ffff0000072f/text' to command name 'getText'
&amp#27;[38;5;32m[AndroidUiautomator2Driver@dabd (47571b8e)]&amp#27;[0m Proxying [GET /session/47571b8e-6191-4ef5-a875-b0f0dcd05976/element/00000000-0000-0594-ffff-ffff0000072f/text] to [GET http://127.0.0.1:8201/session/e99dcc09-a0f0-48bb-8a0b-d829d4323b82/element/00000000-0000-0594-ffff-ffff0000072f/text] with no body
&amp#27;[38;5;32m[AndroidUiautomator2Driver@dabd (47571b8e)]&amp#27;[0m Got response with status 200: {"sessionId":"e99dcc09-a0f0-48bb-8a0b-d829d4323b82","value":"San Diego, California"}
&amp#27;[38;5;32m[AndroidUiautomator2Driver@dabd (47571b8e)]&amp#27;[0m Replacing sessionId e99dcc09-a0f0-48bb-8a0b-d829d4323b82 with 47571b8e-6191-4ef5-a875-b0f0dcd05976
&amp#27;[38;5;0m[HTTP]&amp#27;[0m &amp#27;[37m<-- GET /session/47571b8e-6191-4ef5-a875-b0f0dcd05976/element/00000000-0000-0594-ffff-ffff0000072f/text &amp#27;[39m&amp#27;[32m200&amp#27;[39m &amp#27;[90m10 ms - 84&amp#27;[39m
&amp#27;[38;5;0m[HTTP]&amp#27;[0m &amp#27;[90m&amp#27;[39m
&amp#27;[38;5;0m[HTTP]&amp#27;[0m &amp#27;[37m-->&amp#27;[39m &amp#27;[37mGET&amp#27;[39m &amp#27;[37m/session/47571b8e-6191-4ef5-a875-b0f0dcd05976/context&amp#27;[39m
&amp#27;[38;5;0m[HTTP]&amp#27;[0m &amp#27;[90m{}&amp#27;[39m
&amp#27;[38;5;32m[AndroidUiautomator2Driver@dabd (47571b8e)]&amp#27;[0m Calling AppiumDriver.getCurrentContext() with args: ["47571b8e-6191-4ef5-a875-b0f0dcd05976"]
&amp#27;[38;5;32m[AndroidUiautomator2Driver@dabd (47571b8e)]&amp#27;[0m Responding to client with driver.getCurrentContext() result: "NATIVE_APP"
&amp#27;[38;5;0m[HTTP]&amp#27;[0m &amp#27;[37m<-- GET /session/47571b8e-6191-4ef5-a875-b0f0dcd05976/context &amp#27;[39m&amp#27;[32m200&amp#27;[39m &amp#27;[90m1 ms - 22&amp#27;[39m
&amp#27;[38;5;0m[HTTP]&amp#27;[0m &amp#27;[90m&amp#27;[39m
&amp#27;[38;5;0m[HTTP]&amp#27;[0m &amp#27;[37m-->&amp#27;[39m &amp#27;[37mPOST&amp#27;[39m &amp#27;[37m/session/47571b8e-6191-4ef5-a875-b0f0dcd05976/elements&amp#27;[39m
&amp#27;[38;5;0m[HTTP]&amp#27;[0m &amp#27;[90m{"using":"xpath","value":"//android.view.ViewGroup[@content-desc='checkout delivery address']/android.widget.TextView"}&amp#27;[39m
&amp#27;[38;5;32m[AndroidUiautomator2Driver@dabd (47571b8e)]&amp#27;[0m Calling AppiumDriver.findElements() with args: ["xpath","//android.view.ViewGroup[@content-desc='checkout delivery address']/android.widget.TextView","47571b8e-6191-4ef5-a875-b0f0dcd05976"]
&amp#27;[38;5;32m[AndroidUiautomator2Driver@dabd (47571b8e)]&amp#27;[0m Valid locator strategies for this request: xpath, id, class name, accessibility id, css selector, -android uiautomator
&amp#27;[38;5;32m[AndroidUiautomator2Driver@dabd (47571b8e)]&amp#27;[0m Waiting up to 10000 ms for condition
&amp#27;[38;5;32m[AndroidUiautomator2Driver@dabd (47571b8e)]&amp#27;[0m Matched '/elements' to command name 'findElements'
&amp#27;[38;5;32m[AndroidUiautomator2Driver@dabd (47571b8e)]&amp#27;[0m Proxying [POST /elements] to [POST http://127.0.0.1:8201/session/e99dcc09-a0f0-48bb-8a0b-d829d4323b82/elements] with body: {"strategy":"xpath","selector":"//android.view.ViewGroup[@content-desc='checkout delivery address']/android.widget.TextView","context":"","multiple":true}
&amp#27;[38;5;32m[AndroidUiautomator2Driver@dabd (47571b8e)]&amp#27;[0m Got response with status 200: {"sessionId":"e99dcc09-a0f0-48bb-8a0b-d829d4323b82","value":[{"ELEMENT":"00000000-0000-0594-ffff-ffff0000072c","element-6066-11e4-a52e-4f735466cecf":"00000000-0000-0594-ffff-ffff0000072c"},{"ELEMENT":"00000000-0000-0594-ffff-ffff0000072d","element-6066-11e4-a52e-4f735466cecf":"00000000-0000-0594-ffff-ffff0000072d"},{"ELEMENT":"00000000-0000-0594-ffff-ffff0000072e","element-6066-11e4-a52e-4f735466cecf":"00000000-0000-0594-ffff-ffff0000072e"},{"ELEMENT":"00000000-0000-0594-ffff-ffff0000072f","element-6066-11e4-a52e-4f735466cecf":"00000000-0000-0594-ffff-ffff0000072f"},{"ELEMENT":"00000000-0000-0594-ffff-ffff00000730","element-6066-11e4-a52e-4f735466cecf":"00000000-0000-0594-ffff-ffff00000730"}]}
&amp#27;[38;5;32m[AndroidUiautomator2Driver@dabd (47571b8e)]&amp#27;[0m Responding to client with driver.findElements() result: [{"element-6066-11e4-a52e-4f735466cecf":"00000000-0000-0594-ffff-ffff0000072c","ELEMENT":"00000000-0000-0594-ffff-ffff0000072c"},{"element-6066-11e4-a52e-4f735466cecf":"00000000-0000-0594-ffff-ffff0000072d","ELEMENT":"00000000-0000-0594-ffff-ffff0000072d"},{"element-6066-11e4-a52e-4f735466cecf":"00000000-0000-0594-ffff-ffff0000072e","ELEMENT":"00000000-0000-0594-ffff-ffff0000072e"},{"element-6066-11e4-a52e-4f735466cecf":"00000000-0000-0594-ffff-ffff0000072f","ELEMENT":"00000000-0000-0594-ffff-ffff0000072f"},{"element-6066-11e4-a52e-4f735466cecf":"00000000-0000-0594-ffff-ffff00000730","ELEMENT":"00000000-0000-0594-ffff-ffff00000730"}]
&amp#27;[38;5;0m[HTTP]&amp#27;[0m &amp#27;[37m<-- POST /session/47571b8e-6191-4ef5-a875-b0f0dcd05976/elements &amp#27;[39m&amp#27;[32m200&amp#27;[39m &amp#27;[90m131 ms - 651&amp#27;[39m
&amp#27;[38;5;0m[HTTP]&amp#27;[0m &amp#27;[90m&amp#27;[39m
&amp#27;[38;5;0m[HTTP]&amp#27;[0m &amp#27;[37m-->&amp#27;[39m &amp#27;[37mGET&amp#27;[39m &amp#27;[37m/session/47571b8e-6191-4ef5-a875-b0f0dcd05976/element/00000000-0000-0594-ffff-ffff0000072f/text&amp#27;[39m
&amp#27;[38;5;0m[HTTP]&amp#27;[0m &amp#27;[90m{}&amp#27;[39m
&amp#27;[38;5;32m[AndroidUiautomator2Driver@dabd (47571b8e)]&amp#27;[0m Driver proxy active, passing request on via HTTP proxy
&amp#27;[38;5;32m[AndroidUiautomator2Driver@dabd (47571b8e)]&amp#27;[0m Matched '/session/47571b8e-6191-4ef5-a875-b0f0dcd05976/element/00000000-0000-0594-ffff-ffff0000072f/text' to command name 'getText'
&amp#27;[38;5;32m[AndroidUiautomator2Driver@dabd (47571b8e)]&amp#27;[0m Proxying [GET /session/47571b8e-6191-4ef5-a875-b0f0dcd05976/element/00000000-0000-0594-ffff-ffff0000072f/text] to [GET http://127.0.0.1:8201/session/e99dcc09-a0f0-48bb-8a0b-d829d4323b82/element/00000000-0000-0594-ffff-ffff0000072f/text] with no body
&amp#27;[38;5;32m[AndroidUiautomator2Driver@dabd (47571b8e)]&amp#27;[0m Got response with status 200: {"sessionId":"e99dcc09-a0f0-48bb-8a0b-d829d4323b82","value":"San Diego, California"}
&amp#27;[38;5;32m[AndroidUiautomator2Driver@dabd (47571b8e)]&amp#27;[0m Replacing sessionId e99dcc09-a0f0-48bb-8a0b-d829d4323b82 with 47571b8e-6191-4ef5-a875-b0f0dcd05976
&amp#27;[38;5;0m[HTTP]&amp#27;[0m &amp#27;[37m<-- GET /session/47571b8e-6191-4ef5-a875-b0f0dcd05976/element/00000000-0000-0594-ffff-ffff0000072f/text &amp#27;[39m&amp#27;[32m200&amp#27;[39m &amp#27;[90m10 ms - 84&amp#27;[39m
&amp#27;[38;5;0m[HTTP]&amp#27;[0m &amp#27;[90m&amp#27;[39m
&amp#27;[38;5;0m[HTTP]&amp#27;[0m &amp#27;[37m-->&amp#27;[39m &amp#27;[37mGET&amp#27;[39m &amp#27;[37m/session/47571b8e-6191-4ef5-a875-b0f0dcd05976/context&amp#27;[39m
&amp#27;[38;5;0m[HTTP]&amp#27;[0m &amp#27;[90m{}&amp#27;[39m
&amp#27;[38;5;32m[AndroidUiautomator2Driver@dabd (47571b8e)]&amp#27;[0m Calling AppiumDriver.getCurrentContext() with args: ["47571b8e-6191-4ef5-a875-b0f0dcd05976"]
&amp#27;[38;5;32m[AndroidUiautomator2Driver@dabd (47571b8e)]&amp#27;[0m Responding to client with driver.getCurrentContext() result: "NATIVE_APP"
&amp#27;[38;5;0m[HTTP]&amp#27;[0m &amp#27;[37m<-- GET /session/47571b8e-6191-4ef5-a875-b0f0dcd05976/context &amp#27;[39m&amp#27;[32m200&amp#27;[39m &amp#27;[90m0 ms - 22&amp#27;[39m
&amp#27;[38;5;0m[HTTP]&amp#27;[0m &amp#27;[90m&amp#27;[39m
&amp#27;[38;5;0m[HTTP]&amp#27;[0m &amp#27;[37m-->&amp#27;[39m &amp#27;[37mPOST&amp#27;[39m &amp#27;[37m/session/47571b8e-6191-4ef5-a875-b0f0dcd05976/elements&amp#27;[39m
&amp#27;[38;5;0m[HTTP]&amp#27;[0m &amp#27;[90m{"using":"xpath","value":"//android.view.ViewGroup[@content-desc='checkout delivery address']/android.widget.TextView"}&amp#27;[39m
&amp#27;[38;5;32m[AndroidUiautomator2Driver@dabd (47571b8e)]&amp#27;[0m Calling AppiumDriver.findElements() with args: ["xpath","//android.view.ViewGroup[@content-desc='checkout delivery address']/android.widget.TextView","47571b8e-6191-4ef5-a875-b0f0dcd05976"]
&amp#27;[38;5;32m[AndroidUiautomator2Driver@dabd (47571b8e)]&amp#27;[0m Valid locator strategies for this request: xpath, id, class name, accessibility id, css selector, -android uiautomator
&amp#27;[38;5;32m[AndroidUiautomator2Driver@dabd (47571b8e)]&amp#27;[0m Waiting up to 10000 ms for condition
&amp#27;[38;5;32m[AndroidUiautomator2Driver@dabd (47571b8e)]&amp#27;[0m Matched '/elements' to command name 'findElements'
&amp#27;[38;5;32m[AndroidUiautomator2Driver@dabd (47571b8e)]&amp#27;[0m Proxying [POST /elements] to [POST http://127.0.0.1:8201/session/e99dcc09-a0f0-48bb-8a0b-d829d4323b82/elements] with body: {"strategy":"xpath","selector":"//android.view.ViewGroup[@content-desc='checkout delivery address']/android.widget.TextView","context":"","multiple":true}
&amp#27;[38;5;32m[AndroidUiautomator2Driver@dabd (47571b8e)]&amp#27;[0m Got response with status 200: {"sessionId":"e99dcc09-a0f0-48bb-8a0b-d829d4323b82","value":[{"ELEMENT":"00000000-0000-0594-ffff-ffff0000072c","element-6066-11e4-a52e-4f735466cecf":"00000000-0000-0594-ffff-ffff0000072c"},{"ELEMENT":"00000000-0000-0594-ffff-ffff0000072d","element-6066-11e4-a52e-4f735466cecf":"00000000-0000-0594-ffff-ffff0000072d"},{"ELEMENT":"00000000-0000-0594-ffff-ffff0000072e","element-6066-11e4-a52e-4f735466cecf":"00000000-0000-0594-ffff-ffff0000072e"},{"ELEMENT":"00000000-0000-0594-ffff-ffff0000072f","element-6066-11e4-a52e-4f735466cecf":"00000000-0000-0594-ffff-ffff0000072f"},{"ELEMENT":"00000000-0000-0594-ffff-ffff00000730","element-6066-11e4-a52e-4f735466cecf":"00000000-0000-0594-ffff-ffff00000730"}]}
&amp#27;[38;5;32m[AndroidUiautomator2Driver@dabd (47571b8e)]&amp#27;[0m Responding to client with driver.findElements() result: [{"element-6066-11e4-a52e-4f735466cecf":"00000000-0000-0594-ffff-ffff0000072c","ELEMENT":"00000000-0000-0594-ffff-ffff0000072c"},{"element-6066-11e4-a52e-4f735466cecf":"00000000-0000-0594-ffff-ffff0000072d","ELEMENT":"00000000-0000-0594-ffff-ffff0000072d"},{"element-6066-11e4-a52e-4f735466cecf":"00000000-0000-0594-ffff-ffff0000072e","ELEMENT":"00000000-0000-0594-ffff-ffff0000072e"},{"element-6066-11e4-a52e-4f735466cecf":"00000000-0000-0594-ffff-ffff0000072f","ELEMENT":"00000000-0000-0594-ffff-ffff0000072f"},{"element-6066-11e4-a52e-4f735466cecf":"00000000-0000-0594-ffff-ffff00000730","ELEMENT":"00000000-0000-0594-ffff-ffff00000730"}]
&amp#27;[38;5;0m[HTTP]&amp#27;[0m &amp#27;[37m<-- POST /session/47571b8e-6191-4ef5-a875-b0f0dcd05976/elements &amp#27;[39m&amp#27;[32m200&amp#27;[39m &amp#27;[90m136 ms - 651&amp#27;[39m
&amp#27;[38;5;0m[HTTP]&amp#27;[0m &amp#27;[90m&amp#27;[39m
&amp#27;[38;5;0m[HTTP]&amp#27;[0m &amp#27;[37m-->&amp#27;[39m &amp#27;[37mGET&amp#27;[39m &amp#27;[37m/session/47571b8e-6191-4ef5-a875-b0f0dcd05976/element/00000000-0000-0594-ffff-ffff00000730/text&amp#27;[39m
&amp#27;[38;5;0m[HTTP]&amp#27;[0m &amp#27;[90m{}&amp#27;[39m
&amp#27;[38;5;32m[AndroidUiautomator2Driver@dabd (47571b8e)]&amp#27;[0m Driver proxy active, passing request on via HTTP proxy
&amp#27;[38;5;32m[AndroidUiautomator2Driver@dabd (47571b8e)]&amp#27;[0m Matched '/session/47571b8e-6191-4ef5-a875-b0f0dcd05976/element/00000000-0000-0594-ffff-ffff00000730/text' to command name 'getText'
&amp#27;[38;5;32m[AndroidUiautomator2Driver@dabd (47571b8e)]&amp#27;[0m Proxying [GET /session/47571b8e-6191-4ef5-a875-b0f0dcd05976/element/00000000-0000-0594-ffff-ffff00000730/text] to [GET http://127.0.0.1:8201/session/e99dcc09-a0f0-48bb-8a0b-d829d4323b82/element/00000000-0000-0594-ffff-ffff00000730/text] with no body
&amp#27;[38;5;32m[AndroidUiautomator2Driver@dabd (47571b8e)]&amp#27;[0m Got response with status 200: {"sessionId":"e99dcc09-a0f0-48bb-8a0b-d829d4323b82","value":"United States, 92131"}
&amp#27;[38;5;32m[AndroidUiautomator2Driver@dabd (47571b8e)]&amp#27;[0m Replacing sessionId e99dcc09-a0f0-48bb-8a0b-d829d4323b82 with 47571b8e-6191-4ef5-a875-b0f0dcd05976
&amp#27;[38;5;0m[HTTP]&amp#27;[0m &amp#27;[37m<-- GET /session/47571b8e-6191-4ef5-a875-b0f0dcd05976/element/00000000-0000-0594-ffff-ffff00000730/text &amp#27;[39m&amp#27;[32m200&amp#27;[39m &amp#27;[90m14 ms - 83&amp#27;[39m
&amp#27;[38;5;0m[HTTP]&amp#27;[0m &amp#27;[90m&amp#27;[39m
&amp#27;[38;5;0m[HTTP]&amp#27;[0m &amp#27;[37m-->&amp#27;[39m &amp#27;[37mGET&amp#27;[39m &amp#27;[37m/session/47571b8e-6191-4ef5-a875-b0f0dcd05976/context&amp#27;[39m
&amp#27;[38;5;0m[HTTP]&amp#27;[0m &amp#27;[90m{}&amp#27;[39m
&amp#27;[38;5;32m[AndroidUiautomator2Driver@dabd (47571b8e)]&amp#27;[0m Calling AppiumDriver.getCurrentContext() with args: ["47571b8e-6191-4ef5-a875-b0f0dcd05976"]
&amp#27;[38;5;32m[AndroidUiautomator2Driver@dabd (47571b8e)]&amp#27;[0m Responding to client with driver.getCurrentContext() result: "NATIVE_APP"
&amp#27;[38;5;0m[HTTP]&amp#27;[0m &amp#27;[37m<-- GET /session/47571b8e-6191-4ef5-a875-b0f0dcd05976/context &amp#27;[39m&amp#27;[32m200&amp#27;[39m &amp#27;[90m1 ms - 22&amp#27;[39m
&amp#27;[38;5;0m[HTTP]&amp#27;[0m &amp#27;[90m&amp#27;[39m
&amp#27;[38;5;0m[HTTP]&amp#27;[0m &amp#27;[37m-->&amp#27;[39m &amp#27;[37mPOST&amp#27;[39m &amp#27;[37m/session/47571b8e-6191-4ef5-a875-b0f0dcd05976/elements&amp#27;[39m
&amp#27;[38;5;0m[HTTP]&amp#27;[0m &amp#27;[90m{"using":"xpath","value":"//android.view.ViewGroup[@content-desc='checkout delivery address']/android.widget.TextView"}&amp#27;[39m
&amp#27;[38;5;32m[AndroidUiautomator2Driver@dabd (47571b8e)]&amp#27;[0m Calling AppiumDriver.findElements() with args: ["xpath","//android.view.ViewGroup[@content-desc='checkout delivery address']/android.widget.TextView","47571b8e-6191-4ef5-a875-b0f0dcd05976"]
&amp#27;[38;5;32m[AndroidUiautomator2Driver@dabd (47571b8e)]&amp#27;[0m Valid locator strategies for this request: xpath, id, class name, accessibility id, css selector, -android uiautomator
&amp#27;[38;5;32m[AndroidUiautomator2Driver@dabd (47571b8e)]&amp#27;[0m Waiting up to 10000 ms for condition
&amp#27;[38;5;32m[AndroidUiautomator2Driver@dabd (47571b8e)]&amp#27;[0m Matched '/elements' to command name 'findElements'
&amp#27;[38;5;32m[AndroidUiautomator2Driver@dabd (47571b8e)]&amp#27;[0m Proxying [POST /elements] to [POST http://127.0.0.1:8201/session/e99dcc09-a0f0-48bb-8a0b-d829d4323b82/elements] with body: {"strategy":"xpath","selector":"//android.view.ViewGroup[@content-desc='checkout delivery address']/android.widget.TextView","context":"","multiple":true}
&amp#27;[38;5;32m[AndroidUiautomator2Driver@dabd (47571b8e)]&amp#27;[0m Got response with status 200: {"sessionId":"e99dcc09-a0f0-48bb-8a0b-d829d4323b82","value":[{"ELEMENT":"00000000-0000-0594-ffff-ffff0000072c","element-6066-11e4-a52e-4f735466cecf":"00000000-0000-0594-ffff-ffff0000072c"},{"ELEMENT":"00000000-0000-0594-ffff-ffff0000072d","element-6066-11e4-a52e-4f735466cecf":"00000000-0000-0594-ffff-ffff0000072d"},{"ELEMENT":"00000000-0000-0594-ffff-ffff0000072e","element-6066-11e4-a52e-4f735466cecf":"00000000-0000-0594-ffff-ffff0000072e"},{"ELEMENT":"00000000-0000-0594-ffff-ffff0000072f","element-6066-11e4-a52e-4f735466cecf":"00000000-0000-0594-ffff-ffff0000072f"},{"ELEMENT":"00000000-0000-0594-ffff-ffff00000730","element-6066-11e4-a52e-4f735466cecf":"00000000-0000-0594-ffff-ffff00000730"}]}
&amp#27;[38;5;32m[AndroidUiautomator2Driver@dabd (47571b8e)]&amp#27;[0m Responding to client with driver.findElements() result: [{"element-6066-11e4-a52e-4f735466cecf":"00000000-0000-0594-ffff-ffff0000072c","ELEMENT":"00000000-0000-0594-ffff-ffff0000072c"},{"element-6066-11e4-a52e-4f735466cecf":"00000000-0000-0594-ffff-ffff0000072d","ELEMENT":"00000000-0000-0594-ffff-ffff0000072d"},{"element-6066-11e4-a52e-4f735466cecf":"00000000-0000-0594-ffff-ffff0000072e","ELEMENT":"00000000-0000-0594-ffff-ffff0000072e"},{"element-6066-11e4-a52e-4f735466cecf":"00000000-0000-0594-ffff-ffff0000072f","ELEMENT":"00000000-0000-0594-ffff-ffff0000072f"},{"element-6066-11e4-a52e-4f735466cecf":"00000000-0000-0594-ffff-ffff00000730","ELEMENT":"00000000-0000-0594-ffff-ffff00000730"}]
&amp#27;[38;5;0m[HTTP]&amp#27;[0m &amp#27;[37m<-- POST /session/47571b8e-6191-4ef5-a875-b0f0dcd05976/elements &amp#27;[39m&amp#27;[32m200&amp#27;[39m &amp#27;[90m139 ms - 651&amp#27;[39m
&amp#27;[38;5;0m[HTTP]&amp#27;[0m &amp#27;[90m&amp#27;[39m
&amp#27;[38;5;0m[HTTP]&amp#27;[0m &amp#27;[37m-->&amp#27;[39m &amp#27;[37mGET&amp#27;[39m &amp#27;[37m/session/47571b8e-6191-4ef5-a875-b0f0dcd05976/element/00000000-0000-0594-ffff-ffff00000730/text&amp#27;[39m
&amp#27;[38;5;0m[HTTP]&amp#27;[0m &amp#27;[90m{}&amp#27;[39m
&amp#27;[38;5;32m[AndroidUiautomator2Driver@dabd (47571b8e)]&amp#27;[0m Driver proxy active, passing request on via HTTP proxy
&amp#27;[38;5;32m[AndroidUiautomator2Driver@dabd (47571b8e)]&amp#27;[0m Matched '/session/47571b8e-6191-4ef5-a875-b0f0dcd05976/element/00000000-0000-0594-ffff-ffff00000730/text' to command name 'getText'
&amp#27;[38;5;32m[AndroidUiautomator2Driver@dabd (47571b8e)]&amp#27;[0m Proxying [GET /session/47571b8e-6191-4ef5-a875-b0f0dcd05976/element/00000000-0000-0594-ffff-ffff00000730/text] to [GET http://127.0.0.1:8201/session/e99dcc09-a0f0-48bb-8a0b-d829d4323b82/element/00000000-0000-0594-ffff-ffff00000730/text] with no body
&amp#27;[38;5;32m[AndroidUiautomator2Driver@dabd (47571b8e)]&amp#27;[0m Got response with status 200: {"sessionId":"e99dcc09-a0f0-48bb-8a0b-d829d4323b82","value":"United States, 92131"}
&amp#27;[38;5;32m[AndroidUiautomator2Driver@dabd (47571b8e)]&amp#27;[0m Replacing sessionId e99dcc09-a0f0-48bb-8a0b-d829d4323b82 with 47571b8e-6191-4ef5-a875-b0f0dcd05976
&amp#27;[38;5;0m[HTTP]&amp#27;[0m &amp#27;[37m<-- GET /session/47571b8e-6191-4ef5-a875-b0f0dcd05976/element/00000000-0000-0594-ffff-ffff00000730/text &amp#27;[39m&amp#27;[32m200&amp#27;[39m &amp#27;[90m11 ms - 83&amp#27;[39m
&amp#27;[38;5;0m[HTTP]&amp#27;[0m &amp#27;[90m&amp#27;[39m
&amp#27;[38;5;0m[HTTP]&amp#27;[0m &amp#27;[37m-->&amp#27;[39m &amp#27;[37mGET&amp#27;[39m &amp#27;[37m/session/47571b8e-6191-4ef5-a875-b0f0dcd05976/context&amp#27;[39m
&amp#27;[38;5;0m[HTTP]&amp#27;[0m &amp#27;[90m{}&amp#27;[39m
&amp#27;[38;5;32m[AndroidUiautomator2Driver@dabd (47571b8e)]&amp#27;[0m Calling AppiumDriver.getCurrentContext() with args: ["47571b8e-6191-4ef5-a875-b0f0dcd05976"]
&amp#27;[38;5;32m[AndroidUiautomator2Driver@dabd (47571b8e)]&amp#27;[0m Responding to client with driver.getCurrentContext() result: "NATIVE_APP"
&amp#27;[38;5;0m[HTTP]&amp#27;[0m &amp#27;[37m<-- GET /session/47571b8e-6191-4ef5-a875-b0f0dcd05976/context &amp#27;[39m&amp#27;[32m200&amp#27;[39m &amp#27;[90m1 ms - 22&amp#27;[39m
&amp#27;[38;5;0m[HTTP]&amp#27;[0m &amp#27;[90m&amp#27;[39m
&amp#27;[38;5;0m[HTTP]&amp#27;[0m &amp#27;[37m-->&amp#27;[39m &amp#27;[37mPOST&amp#27;[39m &amp#27;[37m/session/47571b8e-6191-4ef5-a875-b0f0dcd05976/elements&amp#27;[39m
&amp#27;[38;5;0m[HTTP]&amp#27;[0m &amp#27;[90m{"using":"xpath","value":"//android.view.ViewGroup[@content-desc='checkout payment info']/android.widget.TextView"}&amp#27;[39m
&amp#27;[38;5;32m[AndroidUiautomator2Driver@dabd (47571b8e)]&amp#27;[0m Calling AppiumDriver.findElements() with args: ["xpath","//android.view.ViewGroup[@content-desc='checkout payment info']/android.widget.TextView","47571b8e-6191-4ef5-a875-b0f0dcd05976"]
&amp#27;[38;5;32m[AndroidUiautomator2Driver@dabd (47571b8e)]&amp#27;[0m Valid locator strategies for this request: xpath, id, class name, accessibility id, css selector, -android uiautomator
&amp#27;[38;5;32m[AndroidUiautomator2Driver@dabd (47571b8e)]&amp#27;[0m Waiting up to 10000 ms for condition
&amp#27;[38;5;32m[AndroidUiautomator2Driver@dabd (47571b8e)]&amp#27;[0m Matched '/elements' to command name 'findElements'
&amp#27;[38;5;32m[AndroidUiautomator2Driver@dabd (47571b8e)]&amp#27;[0m Proxying [POST /elements] to [POST http://127.0.0.1:8201/session/e99dcc09-a0f0-48bb-8a0b-d829d4323b82/elements] with body: {"strategy":"xpath","selector":"//android.view.ViewGroup[@content-desc='checkout payment info']/android.widget.TextView","context":"","multiple":true}
&amp#27;[38;5;32m[AndroidUiautomator2Driver@dabd (47571b8e)]&amp#27;[0m Got response with status 200: {"sessionId":"e99dcc09-a0f0-48bb-8a0b-d829d4323b82","value":[{"ELEMENT":"00000000-0000-0594-ffff-ffff00000732","element-6066-11e4-a52e-4f735466cecf":"00000000-0000-0594-ffff-ffff00000732"},{"ELEMENT":"00000000-0000-0594-ffff-ffff00000733","element-6066-11e4-a52e-4f735466cecf":"00000000-0000-0594-ffff-ffff00000733"},{"ELEMENT":"00000000-0000-0594-ffff-ffff00000734","element-6066-11e4-a52e-4f735466cecf":"00000000-0000-0594-ffff-ffff00000734"},{"ELEMENT":"00000000-0000-0594-ffff-ffff00000735","element-6066-11e4-a52e-4f735466cecf":"00000000-0000-0594-ffff-ffff00000735"}]}
&amp#27;[38;5;32m[AndroidUiautomator2Driver@dabd (47571b8e)]&amp#27;[0m Responding to client with driver.findElements() result: [{"element-6066-11e4-a52e-4f735466cecf":"00000000-0000-0594-ffff-ffff00000732","ELEMENT":"00000000-0000-0594-ffff-ffff00000732"},{"element-6066-11e4-a52e-4f735466cecf":"00000000-0000-0594-ffff-ffff00000733","ELEMENT":"00000000-0000-0594-ffff-ffff00000733"},{"element-6066-11e4-a52e-4f735466cecf":"00000000-0000-0594-ffff-ffff00000734","ELEMENT":"00000000-0000-0594-ffff-ffff00000734"},{"element-6066-11e4-a52e-4f735466cecf":"00000000-0000-0594-ffff-ffff00000735","ELEMENT":"00000000-0000-0594-ffff-ffff00000735"}]
&amp#27;[38;5;0m[HTTP]&amp#27;[0m &amp#27;[37m<-- POST /session/47571b8e-6191-4ef5-a875-b0f0dcd05976/elements &amp#27;[39m&amp#27;[32m200&amp#27;[39m &amp#27;[90m131 ms - 523&amp#27;[39m
&amp#27;[38;5;0m[HTTP]&amp#27;[0m &amp#27;[90m&amp#27;[39m
&amp#27;[38;5;0m[HTTP]&amp#27;[0m &amp#27;[37m-->&amp#27;[39m &amp#27;[37mGET&amp#27;[39m &amp#27;[37m/session/47571b8e-6191-4ef5-a875-b0f0dcd05976/element/00000000-0000-0594-ffff-ffff00000733/text&amp#27;[39m
&amp#27;[38;5;0m[HTTP]&amp#27;[0m &amp#27;[90m{}&amp#27;[39m
&amp#27;[38;5;32m[AndroidUiautomator2Driver@dabd (47571b8e)]&amp#27;[0m Driver proxy active, passing request on via HTTP proxy
&amp#27;[38;5;32m[AndroidUiautomator2Driver@dabd (47571b8e)]&amp#27;[0m Matched '/session/47571b8e-6191-4ef5-a875-b0f0dcd05976/element/00000000-0000-0594-ffff-ffff00000733/text' to command name 'getText'
&amp#27;[38;5;32m[AndroidUiautomator2Driver@dabd (47571b8e)]&amp#27;[0m Proxying [GET /session/47571b8e-6191-4ef5-a875-b0f0dcd05976/element/00000000-0000-0594-ffff-ffff00000733/text] to [GET http://127.0.0.1:8201/session/e99dcc09-a0f0-48bb-8a0b-d829d4323b82/element/00000000-0000-0594-ffff-ffff00000733/text] with no body
&amp#27;[38;5;32m[AndroidUiautomator2Driver@dabd (47571b8e)]&amp#27;[0m Got response with status 200: {"sessionId":"e99dcc09-a0f0-48bb-8a0b-d829d4323b82","value":"Bob Fisher"}
&amp#27;[38;5;32m[AndroidUiautomator2Driver@dabd (47571b8e)]&amp#27;[0m Replacing sessionId e99dcc09-a0f0-48bb-8a0b-d829d4323b82 with 47571b8e-6191-4ef5-a875-b0f0dcd05976
&amp#27;[38;5;0m[HTTP]&amp#27;[0m &amp#27;[37m<-- GET /session/47571b8e-6191-4ef5-a875-b0f0dcd05976/element/00000000-0000-0594-ffff-ffff00000733/text &amp#27;[39m&amp#27;[32m200&amp#27;[39m &amp#27;[90m11 ms - 73&amp#27;[39m
&amp#27;[38;5;0m[HTTP]&amp#27;[0m &amp#27;[90m&amp#27;[39m
&amp#27;[38;5;0m[HTTP]&amp#27;[0m &amp#27;[37m-->&amp#27;[39m &amp#27;[37mGET&amp#27;[39m &amp#27;[37m/session/47571b8e-6191-4ef5-a875-b0f0dcd05976/context&amp#27;[39m
&amp#27;[38;5;0m[HTTP]&amp#27;[0m &amp#27;[90m{}&amp#27;[39m
&amp#27;[38;5;32m[AndroidUiautomator2Driver@dabd (47571b8e)]&amp#27;[0m Calling AppiumDriver.getCurrentContext() with args: ["47571b8e-6191-4ef5-a875-b0f0dcd05976"]
&amp#27;[38;5;32m[AndroidUiautomator2Driver@dabd (47571b8e)]&amp#27;[0m Responding to client with driver.getCurrentContext() result: "NATIVE_APP"
&amp#27;[38;5;0m[HTTP]&amp#27;[0m &amp#27;[37m<-- GET /session/47571b8e-6191-4ef5-a875-b0f0dcd05976/context &amp#27;[39m&amp#27;[32m200&amp#27;[39m &amp#27;[90m0 ms - 22&amp#27;[39m
&amp#27;[38;5;0m[HTTP]&amp#27;[0m &amp#27;[90m&amp#27;[39m
&amp#27;[38;5;0m[HTTP]&amp#27;[0m &amp#27;[37m-->&amp#27;[39m &amp#27;[37mPOST&amp#27;[39m &amp#27;[37m/session/47571b8e-6191-4ef5-a875-b0f0dcd05976/elements&amp#27;[39m
&amp#27;[38;5;0m[HTTP]&amp#27;[0m &amp#27;[90m{"using":"xpath","value":"//android.view.ViewGroup[@content-desc='checkout payment info']/android.widget.TextView"}&amp#27;[39m
&amp#27;[38;5;32m[AndroidUiautomator2Driver@dabd (47571b8e)]&amp#27;[0m Calling AppiumDriver.findElements() with args: ["xpath","//android.view.ViewGroup[@content-desc='checkout payment info']/android.widget.TextView","47571b8e-6191-4ef5-a875-b0f0dcd05976"]
&amp#27;[38;5;32m[AndroidUiautomator2Driver@dabd (47571b8e)]&amp#27;[0m Valid locator strategies for this request: xpath, id, class name, accessibility id, css selector, -android uiautomator
&amp#27;[38;5;32m[AndroidUiautomator2Driver@dabd (47571b8e)]&amp#27;[0m Waiting up to 10000 ms for condition
&amp#27;[38;5;32m[AndroidUiautomator2Driver@dabd (47571b8e)]&amp#27;[0m Matched '/elements' to command name 'findElements'
&amp#27;[38;5;32m[AndroidUiautomator2Driver@dabd (47571b8e)]&amp#27;[0m Proxying [POST /elements] to [POST http://127.0.0.1:8201/session/e99dcc09-a0f0-48bb-8a0b-d829d4323b82/elements] with body: {"strategy":"xpath","selector":"//android.view.ViewGroup[@content-desc='checkout payment info']/android.widget.TextView","context":"","multiple":true}
&amp#27;[38;5;32m[AndroidUiautomator2Driver@dabd (47571b8e)]&amp#27;[0m Got response with status 200: {"sessionId":"e99dcc09-a0f0-48bb-8a0b-d829d4323b82","value":[{"ELEMENT":"00000000-0000-0594-ffff-ffff00000732","element-6066-11e4-a52e-4f735466cecf":"00000000-0000-0594-ffff-ffff00000732"},{"ELEMENT":"00000000-0000-0594-ffff-ffff00000733","element-6066-11e4-a52e-4f735466cecf":"00000000-0000-0594-ffff-ffff00000733"},{"ELEMENT":"00000000-0000-0594-ffff-ffff00000734","element-6066-11e4-a52e-4f735466cecf":"00000000-0000-0594-ffff-ffff00000734"},{"ELEMENT":"00000000-0000-0594-ffff-ffff00000735","element-6066-11e4-a52e-4f735466cecf":"00000000-0000-0594-ffff-ffff00000735"}]}
&amp#27;[38;5;32m[AndroidUiautomator2Driver@dabd (47571b8e)]&amp#27;[0m Responding to client with driver.findElements() result: [{"element-6066-11e4-a52e-4f735466cecf":"00000000-0000-0594-ffff-ffff00000732","ELEMENT":"00000000-0000-0594-ffff-ffff00000732"},{"element-6066-11e4-a52e-4f735466cecf":"00000000-0000-0594-ffff-ffff00000733","ELEMENT":"00000000-0000-0594-ffff-ffff00000733"},{"element-6066-11e4-a52e-4f735466cecf":"00000000-0000-0594-ffff-ffff00000734","ELEMENT":"00000000-0000-0594-ffff-ffff00000734"},{"element-6066-11e4-a52e-4f735466cecf":"00000000-0000-0594-ffff-ffff00000735","ELEMENT":"00000000-0000-0594-ffff-ffff00000735"}]
&amp#27;[38;5;0m[HTTP]&amp#27;[0m &amp#27;[37m<-- POST /session/47571b8e-6191-4ef5-a875-b0f0dcd05976/elements &amp#27;[39m&amp#27;[32m200&amp#27;[39m &amp#27;[90m126 ms - 523&amp#27;[39m
&amp#27;[38;5;0m[HTTP]&amp#27;[0m &amp#27;[90m&amp#27;[39m
&amp#27;[38;5;0m[HTTP]&amp#27;[0m &amp#27;[37m-->&amp#27;[39m &amp#27;[37mGET&amp#27;[39m &amp#27;[37m/session/47571b8e-6191-4ef5-a875-b0f0dcd05976/element/00000000-0000-0594-ffff-ffff00000734/text&amp#27;[39m
&amp#27;[38;5;0m[HTTP]&amp#27;[0m &amp#27;[90m{}&amp#27;[39m
&amp#27;[38;5;32m[AndroidUiautomator2Driver@dabd (47571b8e)]&amp#27;[0m Driver proxy active, passing request on via HTTP proxy
&amp#27;[38;5;32m[AndroidUiautomator2Driver@dabd (47571b8e)]&amp#27;[0m Matched '/session/47571b8e-6191-4ef5-a875-b0f0dcd05976/element/00000000-0000-0594-ffff-ffff00000734/text' to command name 'getText'
&amp#27;[38;5;32m[AndroidUiautomator2Driver@dabd (47571b8e)]&amp#27;[0m Proxying [GET /session/47571b8e-6191-4ef5-a875-b0f0dcd05976/element/00000000-0000-0594-ffff-ffff00000734/text] to [GET http://127.0.0.1:8201/session/e99dcc09-a0f0-48bb-8a0b-d829d4323b82/element/00000000-0000-0594-ffff-ffff00000734/text] with no body
&amp#27;[38;5;32m[AndroidUiautomator2Driver@dabd (47571b8e)]&amp#27;[0m Got response with status 200: {"sessionId":"e99dcc09-a0f0-48bb-8a0b-d829d4323b82","value":"1234 1234 1234 123"}
&amp#27;[38;5;32m[AndroidUiautomator2Driver@dabd (47571b8e)]&amp#27;[0m Replacing sessionId e99dcc09-a0f0-48bb-8a0b-d829d4323b82 with 47571b8e-6191-4ef5-a875-b0f0dcd05976
&amp#27;[38;5;0m[HTTP]&amp#27;[0m &amp#27;[37m<-- GET /session/47571b8e-6191-4ef5-a875-b0f0dcd05976/element/00000000-0000-0594-ffff-ffff00000734/text &amp#27;[39m&amp#27;[32m200&amp#27;[39m &amp#27;[90m425 ms - 81&amp#27;[39m
&amp#27;[38;5;0m[HTTP]&amp#27;[0m &amp#27;[90m&amp#27;[39m
&amp#27;[38;5;0m[HTTP]&amp#27;[0m &amp#27;[37m-->&amp#27;[39m &amp#27;[37mGET&amp#27;[39m &amp#27;[37m/session/47571b8e-6191-4ef5-a875-b0f0dcd05976/context&amp#27;[39m
&amp#27;[38;5;0m[HTTP]&amp#27;[0m &amp#27;[90m{}&amp#27;[39m
&amp#27;[38;5;32m[AndroidUiautomator2Driver@dabd (47571b8e)]&amp#27;[0m Calling AppiumDriver.getCurrentContext() with args: ["47571b8e-6191-4ef5-a875-b0f0dcd05976"]
&amp#27;[38;5;32m[AndroidUiautomator2Driver@dabd (47571b8e)]&amp#27;[0m Responding to client with driver.getCurrentContext() result: "NATIVE_APP"
&amp#27;[38;5;0m[HTTP]&amp#27;[0m &amp#27;[37m<-- GET /session/47571b8e-6191-4ef5-a875-b0f0dcd05976/context &amp#27;[39m&amp#27;[32m200&amp#27;[39m &amp#27;[90m1 ms - 22&amp#27;[39m
&amp#27;[38;5;0m[HTTP]&amp#27;[0m &amp#27;[90m&amp#27;[39m
&amp#27;[38;5;0m[HTTP]&amp#27;[0m &amp#27;[37m-->&amp#27;[39m &amp#27;[37mPOST&amp#27;[39m &amp#27;[37m/session/47571b8e-6191-4ef5-a875-b0f0dcd05976/elements&amp#27;[39m
&amp#27;[38;5;0m[HTTP]&amp#27;[0m &amp#27;[90m{"using":"xpath","value":"//android.view.ViewGroup[@content-desc='checkout payment info']/android.widget.TextView"}&amp#27;[39m
&amp#27;[38;5;32m[AndroidUiautomator2Driver@dabd (47571b8e)]&amp#27;[0m Calling AppiumDriver.findElements() with args: ["xpath","//android.view.ViewGroup[@content-desc='checkout payment info']/android.widget.TextView","47571b8e-6191-4ef5-a875-b0f0dcd05976"]
&amp#27;[38;5;32m[AndroidUiautomator2Driver@dabd (47571b8e)]&amp#27;[0m Valid locator strategies for this request: xpath, id, class name, accessibility id, css selector, -android uiautomator
&amp#27;[38;5;32m[AndroidUiautomator2Driver@dabd (47571b8e)]&amp#27;[0m Waiting up to 10000 ms for condition
&amp#27;[38;5;32m[AndroidUiautomator2Driver@dabd (47571b8e)]&amp#27;[0m Matched '/elements' to command name 'findElements'
&amp#27;[38;5;32m[AndroidUiautomator2Driver@dabd (47571b8e)]&amp#27;[0m Proxying [POST /elements] to [POST http://127.0.0.1:8201/session/e99dcc09-a0f0-48bb-8a0b-d829d4323b82/elements] with body: {"strategy":"xpath","selector":"//android.view.ViewGroup[@content-desc='checkout payment info']/android.widget.TextView","context":"","multiple":true}
&amp#27;[38;5;32m[AndroidUiautomator2Driver@dabd (47571b8e)]&amp#27;[0m Got response with status 200: {"sessionId":"e99dcc09-a0f0-48bb-8a0b-d829d4323b82","value":[{"ELEMENT":"00000000-0000-0594-ffff-ffff00000732","element-6066-11e4-a52e-4f735466cecf":"00000000-0000-0594-ffff-ffff00000732"},{"ELEMENT":"00000000-0000-0594-ffff-ffff00000733","element-6066-11e4-a52e-4f735466cecf":"00000000-0000-0594-ffff-ffff00000733"},{"ELEMENT":"00000000-0000-0594-ffff-ffff00000734","element-6066-11e4-a52e-4f735466cecf":"00000000-0000-0594-ffff-ffff00000734"},{"ELEMENT":"00000000-0000-0594-ffff-ffff00000735","element-6066-11e4-a52e-4f735466cecf":"00000000-0000-0594-ffff-ffff00000735"}]}
&amp#27;[38;5;32m[AndroidUiautomator2Driver@dabd (47571b8e)]&amp#27;[0m Responding to client with driver.findElements() result: [{"element-6066-11e4-a52e-4f735466cecf":"00000000-0000-0594-ffff-ffff00000732","ELEMENT":"00000000-0000-0594-ffff-ffff00000732"},{"element-6066-11e4-a52e-4f735466cecf":"00000000-0000-0594-ffff-ffff00000733","ELEMENT":"00000000-0000-0594-ffff-ffff00000733"},{"element-6066-11e4-a52e-4f735466cecf":"00000000-0000-0594-ffff-ffff00000734","ELEMENT":"00000000-0000-0594-ffff-ffff00000734"},{"element-6066-11e4-a52e-4f735466cecf":"00000000-0000-0594-ffff-ffff00000735","ELEMENT":"00000000-0000-0594-ffff-ffff00000735"}]
&amp#27;[38;5;0m[HTTP]&amp#27;[0m &amp#27;[37m<-- POST /session/47571b8e-6191-4ef5-a875-b0f0dcd05976/elements &amp#27;[39m&amp#27;[32m200&amp#27;[39m &amp#27;[90m900 ms - 523&amp#27;[39m
&amp#27;[38;5;0m[HTTP]&amp#27;[0m &amp#27;[90m&amp#27;[39m
&amp#27;[38;5;0m[HTTP]&amp#27;[0m &amp#27;[37m-->&amp#27;[39m &amp#27;[37mGET&amp#27;[39m &amp#27;[37m/session/47571b8e-6191-4ef5-a875-b0f0dcd05976/element/00000000-0000-0594-ffff-ffff00000735/text&amp#27;[39m
&amp#27;[38;5;0m[HTTP]&amp#27;[0m &amp#27;[90m{}&amp#27;[39m
&amp#27;[38;5;32m[AndroidUiautomator2Driver@dabd (47571b8e)]&amp#27;[0m Driver proxy active, passing request on via HTTP proxy
&amp#27;[38;5;32m[AndroidUiautomator2Driver@dabd (47571b8e)]&amp#27;[0m Matched '/session/47571b8e-6191-4ef5-a875-b0f0dcd05976/element/00000000-0000-0594-ffff-ffff00000735/text' to command name 'getText'
&amp#27;[38;5;32m[AndroidUiautomator2Driver@dabd (47571b8e)]&amp#27;[0m Proxying [GET /session/47571b8e-6191-4ef5-a875-b0f0dcd05976/element/00000000-0000-0594-ffff-ffff00000735/text] to [GET http://127.0.0.1:8201/session/e99dcc09-a0f0-48bb-8a0b-d829d4323b82/element/00000000-0000-0594-ffff-ffff00000735/text] with no body
&amp#27;[38;5;32m[AndroidUiautomator2Driver@dabd (47571b8e)]&amp#27;[0m Got response with status 200: {"sessionId":"e99dcc09-a0f0-48bb-8a0b-d829d4323b82","value":"Exp: 06/26"}
&amp#27;[38;5;32m[AndroidUiautomator2Driver@dabd (47571b8e)]&amp#27;[0m Replacing sessionId e99dcc09-a0f0-48bb-8a0b-d829d4323b82 with 47571b8e-6191-4ef5-a875-b0f0dcd05976
&amp#27;[38;5;0m[HTTP]&amp#27;[0m &amp#27;[37m<-- GET /session/47571b8e-6191-4ef5-a875-b0f0dcd05976/element/00000000-0000-0594-ffff-ffff00000735/text &amp#27;[39m&amp#27;[32m200&amp#27;[39m &amp#27;[90m28 ms - 73&amp#27;[39m
&amp#27;[38;5;0m[HTTP]&amp#27;[0m &amp#27;[90m&amp#27;[39m
&amp#27;[38;5;0m[HTTP]&amp#27;[0m &amp#27;[37m-->&amp#27;[39m &amp#27;[37mGET&amp#27;[39m &amp#27;[37m/session/47571b8e-6191-4ef5-a875-b0f0dcd05976/context&amp#27;[39m
&amp#27;[38;5;0m[HTTP]&amp#27;[0m &amp#27;[90m{}&amp#27;[39m
&amp#27;[38;5;32m[AndroidUiautomator2Driver@dabd (47571b8e)]&amp#27;[0m Calling AppiumDriver.getCurrentContext() with args: ["47571b8e-6191-4ef5-a875-b0f0dcd05976"]
&amp#27;[38;5;32m[AndroidUiautomator2Driver@dabd (47571b8e)]&amp#27;[0m Responding to client with driver.getCurrentContext() result: "NATIVE_APP"
&amp#27;[38;5;0m[HTTP]&amp#27;[0m &amp#27;[37m<-- GET /session/47571b8e-6191-4ef5-a875-b0f0dcd05976/context &amp#27;[39m&amp#27;[32m200&amp#27;[39m &amp#27;[90m1 ms - 22&amp#27;[39m
&amp#27;[38;5;0m[HTTP]&amp#27;[0m &amp#27;[90m&amp#27;[39m
&amp#27;[38;5;0m[HTTP]&amp#27;[0m &amp#27;[37m-->&amp#27;[39m &amp#27;[37mPOST&amp#27;[39m &amp#27;[37m/session/47571b8e-6191-4ef5-a875-b0f0dcd05976/element&amp#27;[39m
&amp#27;[38;5;0m[HTTP]&amp#27;[0m &amp#27;[90m{"using":"accessibility id","value":"Place Order button"}&amp#27;[39m
&amp#27;[38;5;32m[AndroidUiautomator2Driver@dabd (47571b8e)]&amp#27;[0m Calling AppiumDriver.findElement() with args: ["accessibility id","Place Order button","47571b8e-6191-4ef5-a875-b0f0dcd05976"]
&amp#27;[38;5;32m[AndroidUiautomator2Driver@dabd (47571b8e)]&amp#27;[0m Valid locator strategies for this request: xpath, id, class name, accessibility id, css selector, -android uiautomator
&amp#27;[38;5;32m[AndroidUiautomator2Driver@dabd (47571b8e)]&amp#27;[0m Waiting up to 10000 ms for condition
&amp#27;[38;5;32m[AndroidUiautomator2Driver@dabd (47571b8e)]&amp#27;[0m Matched '/element' to command name 'findElement'
&amp#27;[38;5;32m[AndroidUiautomator2Driver@dabd (47571b8e)]&amp#27;[0m Proxying [POST /element] to [POST http://127.0.0.1:8201/session/e99dcc09-a0f0-48bb-8a0b-d829d4323b82/element] with body: {"strategy":"accessibility id","selector":"Place Order button","context":"","multiple":false}
&amp#27;[38;5;32m[AndroidUiautomator2Driver@dabd (47571b8e)]&amp#27;[0m Got response with status 200: {"sessionId":"e99dcc09-a0f0-48bb-8a0b-d829d4323b82","value":{"ELEMENT":"00000000-0000-0594-ffff-ffff00000745","element-6066-11e4-a52e-4f735466cecf":"00000000-0000-0594-ffff-ffff00000745"}}
&amp#27;[38;5;32m[AndroidUiautomator2Driver@dabd (47571b8e)]&amp#27;[0m Responding to client with driver.findElement() result: {"element-6066-11e4-a52e-4f735466cecf":"00000000-0000-0594-ffff-ffff00000745","ELEMENT":"00000000-0000-0594-ffff-ffff00000745"}
&amp#27;[38;5;0m[HTTP]&amp#27;[0m &amp#27;[37m<-- POST /session/47571b8e-6191-4ef5-a875-b0f0dcd05976/element &amp#27;[39m&amp#27;[32m200&amp#27;[39m &amp#27;[90m247 ms - 137&amp#27;[39m
&amp#27;[38;5;0m[HTTP]&amp#27;[0m &amp#27;[90m&amp#27;[39m
&amp#27;[38;5;0m[HTTP]&amp#27;[0m &amp#27;[37m-->&amp#27;[39m &amp#27;[37mPOST&amp#27;[39m &amp#27;[37m/session/47571b8e-6191-4ef5-a875-b0f0dcd05976/element/00000000-0000-0594-ffff-ffff00000745/click&amp#27;[39m
&amp#27;[38;5;0m[HTTP]&amp#27;[0m &amp#27;[90m{"id":"00000000-0000-0594-ffff-ffff00000745"}&amp#27;[39m
&amp#27;[38;5;32m[AndroidUiautomator2Driver@dabd (47571b8e)]&amp#27;[0m Calling AppiumDriver.click() with args: ["00000000-0000-0594-ffff-ffff00000745","47571b8e-6191-4ef5-a875-b0f0dcd05976"]
&amp#27;[38;5;32m[AndroidUiautomator2Driver@dabd (47571b8e)]&amp#27;[0m Matched '/element/00000000-0000-0594-ffff-ffff00000745/click' to command name 'click'
&amp#27;[38;5;32m[AndroidUiautomator2Driver@dabd (47571b8e)]&amp#27;[0m Proxying [POST /element/00000000-0000-0594-ffff-ffff00000745/click] to [POST http://127.0.0.1:8201/session/e99dcc09-a0f0-48bb-8a0b-d829d4323b82/element/00000000-0000-0594-ffff-ffff00000745/click] with body: {"element":"00000000-0000-0594-ffff-ffff00000745"}
&amp#27;[38;5;32m[AndroidUiautomator2Driver@dabd (47571b8e)]&amp#27;[0m Got response with status 200: {"sessionId":"e99dcc09-a0f0-48bb-8a0b-d829d4323b82","value":null}
&amp#27;[38;5;32m[AndroidUiautomator2Driver@dabd (47571b8e)]&amp#27;[0m Responding to client with driver.click() result: null
&amp#27;[38;5;0m[HTTP]&amp#27;[0m &amp#27;[37m<-- POST /session/47571b8e-6191-4ef5-a875-b0f0dcd05976/element/00000000-0000-0594-ffff-ffff00000745/click &amp#27;[39m&amp#27;[32m200&amp#27;[39m &amp#27;[90m70 ms - 14&amp#27;[39m
&amp#27;[38;5;0m[HTTP]&amp#27;[0m &amp#27;[90m&amp#27;[39m
&amp#27;[38;5;0m[HTTP]&amp#27;[0m &amp#27;[37m-->&amp#27;[39m &amp#27;[37mGET&amp#27;[39m &amp#27;[37m/session/47571b8e-6191-4ef5-a875-b0f0dcd05976/context&amp#27;[39m
&amp#27;[38;5;0m[HTTP]&amp#27;[0m &amp#27;[90m{}&amp#27;[39m
&amp#27;[38;5;32m[AndroidUiautomator2Driver@dabd (47571b8e)]&amp#27;[0m Calling AppiumDriver.getCurrentContext() with args: ["47571b8e-6191-4ef5-a875-b0f0dcd05976"]
&amp#27;[38;5;32m[AndroidUiautomator2Driver@dabd (47571b8e)]&amp#27;[0m Responding to client with driver.getCurrentContext() result: "NATIVE_APP"
&amp#27;[38;5;0m[HTTP]&amp#27;[0m &amp#27;[37m<-- GET /session/47571b8e-6191-4ef5-a875-b0f0dcd05976/context &amp#27;[39m&amp#27;[32m200&amp#27;[39m &amp#27;[90m1 ms - 22&amp#27;[39m
&amp#27;[38;5;0m[HTTP]&amp#27;[0m &amp#27;[90m&amp#27;[39m
&amp#27;[38;5;0m[HTTP]&amp#27;[0m &amp#27;[37m-->&amp#27;[39m &amp#27;[37mPOST&amp#27;[39m &amp#27;[37m/session/47571b8e-6191-4ef5-a875-b0f0dcd05976/element&amp#27;[39m
&amp#27;[38;5;0m[HTTP]&amp#27;[0m &amp#27;[90m{"using":"xpath","value":"//android.widget.TextView[contains(@text,'Complete')]"}&amp#27;[39m
&amp#27;[38;5;32m[AndroidUiautomator2Driver@dabd (47571b8e)]&amp#27;[0m Calling AppiumDriver.findElement() with args: ["xpath","//android.widget.TextView[contains(@text,'Complete')]","47571b8e-6191-4ef5-a875-b0f0dcd05976"]
&amp#27;[38;5;32m[AndroidUiautomator2Driver@dabd (47571b8e)]&amp#27;[0m Valid locator strategies for this request: xpath, id, class name, accessibility id, css selector, -android uiautomator
&amp#27;[38;5;32m[AndroidUiautomator2Driver@dabd (47571b8e)]&amp#27;[0m Waiting up to 10000 ms for condition
&amp#27;[38;5;32m[AndroidUiautomator2Driver@dabd (47571b8e)]&amp#27;[0m Matched '/element' to command name 'findElement'
&amp#27;[38;5;32m[AndroidUiautomator2Driver@dabd (47571b8e)]&amp#27;[0m Proxying [POST /element] to [POST http://127.0.0.1:8201/session/e99dcc09-a0f0-48bb-8a0b-d829d4323b82/element] with body: {"strategy":"xpath","selector":"//android.widget.TextView[contains(@text,'Complete')]","context":"","multiple":false}
&amp#27;[38;5;32m[AndroidUiautomator2Driver@dabd (47571b8e)]&amp#27;[0m Got response with status 200: {"sessionId":"e99dcc09-a0f0-48bb-8a0b-d829d4323b82","value":{"ELEMENT":"00000000-0000-0594-ffff-ffff0000075d","element-6066-11e4-a52e-4f735466cecf":"00000000-0000-0594-ffff-ffff0000075d"}}
&amp#27;[38;5;32m[AndroidUiautomator2Driver@dabd (47571b8e)]&amp#27;[0m Responding to client with driver.findElement() result: {"element-6066-11e4-a52e-4f735466cecf":"00000000-0000-0594-ffff-ffff0000075d","ELEMENT":"00000000-0000-0594-ffff-ffff0000075d"}
&amp#27;[38;5;0m[HTTP]&amp#27;[0m &amp#27;[37m<-- POST /session/47571b8e-6191-4ef5-a875-b0f0dcd05976/element &amp#27;[39m&amp#27;[32m200&amp#27;[39m &amp#27;[90m535 ms - 137&amp#27;[39m
&amp#27;[38;5;0m[HTTP]&amp#27;[0m &amp#27;[90m&amp#27;[39m
&amp#27;[38;5;0m[HTTP]&amp#27;[0m &amp#27;[37m-->&amp#27;[39m &amp#27;[37mGET&amp#27;[39m &amp#27;[37m/session/47571b8e-6191-4ef5-a875-b0f0dcd05976/element/00000000-0000-0594-ffff-ffff0000075d/text&amp#27;[39m
&amp#27;[38;5;0m[HTTP]&amp#27;[0m &amp#27;[90m{}&amp#27;[39m
&amp#27;[38;5;32m[AndroidUiautomator2Driver@dabd (47571b8e)]&amp#27;[0m Driver proxy active, passing request on via HTTP proxy
&amp#27;[38;5;32m[AndroidUiautomator2Driver@dabd (47571b8e)]&amp#27;[0m Matched '/session/47571b8e-6191-4ef5-a875-b0f0dcd05976/element/00000000-0000-0594-ffff-ffff0000075d/text' to command name 'getText'
&amp#27;[38;5;32m[AndroidUiautomator2Driver@dabd (47571b8e)]&amp#27;[0m Proxying [GET /session/47571b8e-6191-4ef5-a875-b0f0dcd05976/element/00000000-0000-0594-ffff-ffff0000075d/text] to [GET http://127.0.0.1:8201/session/e99dcc09-a0f0-48bb-8a0b-d829d4323b82/element/00000000-0000-0594-ffff-ffff0000075d/text] with no body
&amp#27;[38;5;32m[AndroidUiautomator2Driver@dabd (47571b8e)]&amp#27;[0m Got response with status 200: {"sessionId":"e99dcc09-a0f0-48bb-8a0b-d829d4323b82","value":"Checkout Complete"}
&amp#27;[38;5;32m[AndroidUiautomator2Driver@dabd (47571b8e)]&amp#27;[0m Replacing sessionId e99dcc09-a0f0-48bb-8a0b-d829d4323b82 with 47571b8e-6191-4ef5-a875-b0f0dcd05976
&amp#27;[38;5;0m[HTTP]&amp#27;[0m &amp#27;[37m<-- GET /session/47571b8e-6191-4ef5-a875-b0f0dcd05976/element/00000000-0000-0594-ffff-ffff0000075d/text &amp#27;[39m&amp#27;[32m200&amp#27;[39m &amp#27;[90m594 ms - 80&amp#27;[39m
&amp#27;[38;5;0m[HTTP]&amp#27;[0m &amp#27;[90m&amp#27;[39m
&amp#27;[38;5;0m[HTTP]&amp#27;[0m &amp#27;[37m-->&amp#27;[39m &amp#27;[37mGET&amp#27;[39m &amp#27;[37m/session/47571b8e-6191-4ef5-a875-b0f0dcd05976/context&amp#27;[39m
&amp#27;[38;5;0m[HTTP]&amp#27;[0m &amp#27;[90m{}&amp#27;[39m
&amp#27;[38;5;32m[AndroidUiautomator2Driver@dabd (47571b8e)]&amp#27;[0m Calling AppiumDriver.getCurrentContext() with args: ["47571b8e-6191-4ef5-a875-b0f0dcd05976"]
&amp#27;[38;5;32m[AndroidUiautomator2Driver@dabd (47571b8e)]&amp#27;[0m Responding to client with driver.getCurrentContext() result: "NATIVE_APP"
&amp#27;[38;5;0m[HTTP]&amp#27;[0m &amp#27;[37m<-- GET /session/47571b8e-6191-4ef5-a875-b0f0dcd05976/context &amp#27;[39m&amp#27;[32m200&amp#27;[39m &amp#27;[90m0 ms - 22&amp#27;[39m
&amp#27;[38;5;0m[HTTP]&amp#27;[0m &amp#27;[90m&amp#27;[39m
&amp#27;[38;5;0m[HTTP]&amp#27;[0m &amp#27;[37m-->&amp#27;[39m &amp#27;[37mPOST&amp#27;[39m &amp#27;[37m/session/47571b8e-6191-4ef5-a875-b0f0dcd05976/element&amp#27;[39m
&amp#27;[38;5;0m[HTTP]&amp#27;[0m &amp#27;[90m{"using":"accessibility id","value":"Continue Shopping button"}&amp#27;[39m
&amp#27;[38;5;32m[AndroidUiautomator2Driver@dabd (47571b8e)]&amp#27;[0m Calling AppiumDriver.findElement() with args: ["accessibility id","Continue Shopping button","47571b8e-6191-4ef5-a875-b0f0dcd05976"]
&amp#27;[38;5;32m[AndroidUiautomator2Driver@dabd (47571b8e)]&amp#27;[0m Valid locator strategies for this request: xpath, id, class name, accessibility id, css selector, -android uiautomator
&amp#27;[38;5;32m[AndroidUiautomator2Driver@dabd (47571b8e)]&amp#27;[0m Waiting up to 10000 ms for condition
&amp#27;[38;5;32m[AndroidUiautomator2Driver@dabd (47571b8e)]&amp#27;[0m Matched '/element' to command name 'findElement'
&amp#27;[38;5;32m[AndroidUiautomator2Driver@dabd (47571b8e)]&amp#27;[0m Proxying [POST /element] to [POST http://127.0.0.1:8201/session/e99dcc09-a0f0-48bb-8a0b-d829d4323b82/element] with body: {"strategy":"accessibility id","selector":"Continue Shopping button","context":"","multiple":false}
&amp#27;[38;5;32m[AndroidUiautomator2Driver@dabd (47571b8e)]&amp#27;[0m Got response with status 200: {"sessionId":"e99dcc09-a0f0-48bb-8a0b-d829d4323b82","value":{"ELEMENT":"00000000-0000-0594-ffff-ffff00000762","element-6066-11e4-a52e-4f735466cecf":"00000000-0000-0594-ffff-ffff00000762"}}
&amp#27;[38;5;32m[AndroidUiautomator2Driver@dabd (47571b8e)]&amp#27;[0m Responding to client with driver.findElement() result: {"element-6066-11e4-a52e-4f735466cecf":"00000000-0000-0594-ffff-ffff00000762","ELEMENT":"00000000-0000-0594-ffff-ffff00000762"}
&amp#27;[38;5;0m[HTTP]&amp#27;[0m &amp#27;[37m<-- POST /session/47571b8e-6191-4ef5-a875-b0f0dcd05976/element &amp#27;[39m&amp#27;[32m200&amp#27;[39m &amp#27;[90m132 ms - 137&amp#27;[39m
&amp#27;[38;5;0m[HTTP]&amp#27;[0m &amp#27;[90m&amp#27;[39m
&amp#27;[38;5;0m[HTTP]&amp#27;[0m &amp#27;[37m-->&amp#27;[39m &amp#27;[37mPOST&amp#27;[39m &amp#27;[37m/session/47571b8e-6191-4ef5-a875-b0f0dcd05976/element/00000000-0000-0594-ffff-ffff00000762/click&amp#27;[39m
&amp#27;[38;5;0m[HTTP]&amp#27;[0m &amp#27;[90m{"id":"00000000-0000-0594-ffff-ffff00000762"}&amp#27;[39m
&amp#27;[38;5;32m[AndroidUiautomator2Driver@dabd (47571b8e)]&amp#27;[0m Calling AppiumDriver.click() with args: ["00000000-0000-0594-ffff-ffff00000762","47571b8e-6191-4ef5-a875-b0f0dcd05976"]
&amp#27;[38;5;32m[AndroidUiautomator2Driver@dabd (47571b8e)]&amp#27;[0m Matched '/element/00000000-0000-0594-ffff-ffff00000762/click' to command name 'click'
&amp#27;[38;5;32m[AndroidUiautomator2Driver@dabd (47571b8e)]&amp#27;[0m Proxying [POST /element/00000000-0000-0594-ffff-ffff00000762/click] to [POST http://127.0.0.1:8201/session/e99dcc09-a0f0-48bb-8a0b-d829d4323b82/element/00000000-0000-0594-ffff-ffff00000762/click] with body: {"element":"00000000-0000-0594-ffff-ffff00000762"}
&amp#27;[38;5;32m[AndroidUiautomator2Driver@dabd (47571b8e)]&amp#27;[0m Got response with status 200: {"sessionId":"e99dcc09-a0f0-48bb-8a0b-d829d4323b82","value":null}
&amp#27;[38;5;32m[AndroidUiautomator2Driver@dabd (47571b8e)]&amp#27;[0m Responding to client with driver.click() result: null
&amp#27;[38;5;0m[HTTP]&amp#27;[0m &amp#27;[37m<-- POST /session/47571b8e-6191-4ef5-a875-b0f0dcd05976/element/00000000-0000-0594-ffff-ffff00000762/click &amp#27;[39m&amp#27;[32m200&amp#27;[39m &amp#27;[90m57 ms - 14&amp#27;[39m
&amp#27;[38;5;0m[HTTP]&amp#27;[0m &amp#27;[90m&amp#27;[39m
&amp#27;[38;5;0m[HTTP]&amp#27;[0m &amp#27;[37m-->&amp#27;[39m &amp#27;[37mGET&amp#27;[39m &amp#27;[37m/session/47571b8e-6191-4ef5-a875-b0f0dcd05976/context&amp#27;[39m
&amp#27;[38;5;0m[HTTP]&amp#27;[0m &amp#27;[90m{}&amp#27;[39m
&amp#27;[38;5;32m[AndroidUiautomator2Driver@dabd (47571b8e)]&amp#27;[0m Calling AppiumDriver.getCurrentContext() with args: ["47571b8e-6191-4ef5-a875-b0f0dcd05976"]
&amp#27;[38;5;32m[AndroidUiautomator2Driver@dabd (47571b8e)]&amp#27;[0m Responding to client with driver.getCurrentContext() result: "NATIVE_APP"
&amp#27;[38;5;0m[HTTP]&amp#27;[0m &amp#27;[37m<-- GET /session/47571b8e-6191-4ef5-a875-b0f0dcd05976/context &amp#27;[39m&amp#27;[32m200&amp#27;[39m &amp#27;[90m1 ms - 22&amp#27;[39m
&amp#27;[38;5;0m[HTTP]&amp#27;[0m &amp#27;[90m&amp#27;[39m
&amp#27;[38;5;0m[HTTP]&amp#27;[0m &amp#27;[37m-->&amp#27;[39m &amp#27;[37mPOST&amp#27;[39m &amp#27;[37m/session/47571b8e-6191-4ef5-a875-b0f0dcd05976/element&amp#27;[39m
&amp#27;[38;5;0m[HTTP]&amp#27;[0m &amp#27;[90m{"using":"xpath","value":"//android.view.ViewGroup[@content-desc='container header']/android.widget.TextView"}&amp#27;[39m
&amp#27;[38;5;32m[AndroidUiautomator2Driver@dabd (47571b8e)]&amp#27;[0m Calling AppiumDriver.findElement() with args: ["xpath","//android.view.ViewGroup[@content-desc='container header']/android.widget.TextView","47571b8e-6191-4ef5-a875-b0f0dcd05976"]
&amp#27;[38;5;32m[AndroidUiautomator2Driver@dabd (47571b8e)]&amp#27;[0m Valid locator strategies for this request: xpath, id, class name, accessibility id, css selector, -android uiautomator
&amp#27;[38;5;32m[AndroidUiautomator2Driver@dabd (47571b8e)]&amp#27;[0m Waiting up to 10000 ms for condition
&amp#27;[38;5;32m[AndroidUiautomator2Driver@dabd (47571b8e)]&amp#27;[0m Matched '/element' to command name 'findElement'
&amp#27;[38;5;32m[AndroidUiautomator2Driver@dabd (47571b8e)]&amp#27;[0m Proxying [POST /element] to [POST http://127.0.0.1:8201/session/e99dcc09-a0f0-48bb-8a0b-d829d4323b82/element] with body: {"strategy":"xpath","selector":"//android.view.ViewGroup[@content-desc='container header']/android.widget.TextView","context":"","multiple":false}
&amp#27;[38;5;32m[AndroidUiautomator2Driver@dabd (47571b8e)]&amp#27;[0m Got response with status 200: {"sessionId":"e99dcc09-a0f0-48bb-8a0b-d829d4323b82","value":{"ELEMENT":"00000000-0000-0594-ffff-ffff0000078b","element-6066-11e4-a52e-4f735466cecf":"00000000-0000-0594-ffff-ffff0000078b"}}
&amp#27;[38;5;32m[AndroidUiautomator2Driver@dabd (47571b8e)]&amp#27;[0m Responding to client with driver.findElement() result: {"element-6066-11e4-a52e-4f735466cecf":"00000000-0000-0594-ffff-ffff0000078b","ELEMENT":"00000000-0000-0594-ffff-ffff0000078b"}
&amp#27;[38;5;0m[HTTP]&amp#27;[0m &amp#27;[37m<-- POST /session/47571b8e-6191-4ef5-a875-b0f0dcd05976/element &amp#27;[39m&amp#27;[32m200&amp#27;[39m &amp#27;[90m971 ms - 137&amp#27;[39m
&amp#27;[38;5;0m[HTTP]&amp#27;[0m &amp#27;[90m&amp#27;[39m
&amp#27;[38;5;0m[HTTP]&amp#27;[0m &amp#27;[37m-->&amp#27;[39m &amp#27;[37mGET&amp#27;[39m &amp#27;[37m/session/47571b8e-6191-4ef5-a875-b0f0dcd05976/element/00000000-0000-0594-ffff-ffff0000078b/displayed&amp#27;[39m
&amp#27;[38;5;0m[HTTP]&amp#27;[0m &amp#27;[90m{}&amp#27;[39m
&amp#27;[38;5;32m[AndroidUiautomator2Driver@dabd (47571b8e)]&amp#27;[0m Calling AppiumDriver.elementDisplayed() with args: ["00000000-0000-0594-ffff-ffff0000078b","47571b8e-6191-4ef5-a875-b0f0dcd05976"]
&amp#27;[38;5;32m[AndroidUiautomator2Driver@dabd (47571b8e)]&amp#27;[0m Matched '/element/00000000-0000-0594-ffff-ffff0000078b/attribute/displayed' to command name 'getAttribute'
&amp#27;[38;5;32m[AndroidUiautomator2Driver@dabd (47571b8e)]&amp#27;[0m Proxying [GET /element/00000000-0000-0594-ffff-ffff0000078b/attribute/displayed] to [GET http://127.0.0.1:8201/session/e99dcc09-a0f0-48bb-8a0b-d829d4323b82/element/00000000-0000-0594-ffff-ffff0000078b/attribute/displayed] with no body
&amp#27;[38;5;32m[AndroidUiautomator2Driver@dabd (47571b8e)]&amp#27;[0m Got response with status 200: {"sessionId":"e99dcc09-a0f0-48bb-8a0b-d829d4323b82","value":"true"}
&amp#27;[38;5;32m[AndroidUiautomator2Driver@dabd (47571b8e)]&amp#27;[0m Responding to client with driver.elementDisplayed() result: true
&amp#27;[38;5;0m[HTTP]&amp#27;[0m &amp#27;[37m<-- GET /session/47571b8e-6191-4ef5-a875-b0f0dcd05976/element/00000000-0000-0594-ffff-ffff0000078b/displayed &amp#27;[39m&amp#27;[32m200&amp#27;[39m &amp#27;[90m23 ms - 14&amp#27;[39m
&amp#27;[38;5;0m[HTTP]&amp#27;[0m &amp#27;[90m&amp#27;[39m
&amp#27;[38;5;0m[HTTP]&amp#27;[0m &amp#27;[37m-->&amp#27;[39m &amp#27;[37mGET&amp#27;[39m &amp#27;[37m/session/47571b8e-6191-4ef5-a875-b0f0dcd05976/context&amp#27;[39m
&amp#27;[38;5;0m[HTTP]&amp#27;[0m &amp#27;[90m{}&amp#27;[39m
&amp#27;[38;5;32m[AndroidUiautomator2Driver@dabd (47571b8e)]&amp#27;[0m Calling AppiumDriver.getCurrentContext() with args: ["47571b8e-6191-4ef5-a875-b0f0dcd05976"]
&amp#27;[38;5;32m[AndroidUiautomator2Driver@dabd (47571b8e)]&amp#27;[0m Responding to client with driver.getCurrentContext() result: "NATIVE_APP"
&amp#27;[38;5;0m[HTTP]&amp#27;[0m &amp#27;[37m<-- GET /session/47571b8e-6191-4ef5-a875-b0f0dcd05976/context &amp#27;[39m&amp#27;[32m200&amp#27;[39m &amp#27;[90m1 ms - 22&amp#27;[39m
&amp#27;[38;5;0m[HTTP]&amp#27;[0m &amp#27;[90m&amp#27;[39m
&amp#27;[38;5;0m[HTTP]&amp#27;[0m &amp#27;[37m-->&amp#27;[39m &amp#27;[37mPOST&amp#27;[39m &amp#27;[37m/session/47571b8e-6191-4ef5-a875-b0f0dcd05976/element&amp#27;[39m
&amp#27;[38;5;0m[HTTP]&amp#27;[0m &amp#27;[90m{"using":"xpath","value":"//android.view.ViewGroup[@content-desc='container header']/android.widget.TextView"}&amp#27;[39m
&amp#27;[38;5;32m[AndroidUiautomator2Driver@dabd (47571b8e)]&amp#27;[0m Calling AppiumDriver.findElement() with args: ["xpath","//android.view.ViewGroup[@content-desc='container header']/android.widget.TextView","47571b8e-6191-4ef5-a875-b0f0dcd05976"]
&amp#27;[38;5;32m[AndroidUiautomator2Driver@dabd (47571b8e)]&amp#27;[0m Valid locator strategies for this request: xpath, id, class name, accessibility id, css selector, -android uiautomator
&amp#27;[38;5;32m[AndroidUiautomator2Driver@dabd (47571b8e)]&amp#27;[0m Waiting up to 10000 ms for condition
&amp#27;[38;5;32m[AndroidUiautomator2Driver@dabd (47571b8e)]&amp#27;[0m Matched '/element' to command name 'findElement'
&amp#27;[38;5;32m[AndroidUiautomator2Driver@dabd (47571b8e)]&amp#27;[0m Proxying [POST /element] to [POST http://127.0.0.1:8201/session/e99dcc09-a0f0-48bb-8a0b-d829d4323b82/element] with body: {"strategy":"xpath","selector":"//android.view.ViewGroup[@content-desc='container header']/android.widget.TextView","context":"","multiple":false}
&amp#27;[38;5;32m[AndroidUiautomator2Driver@dabd (47571b8e)]&amp#27;[0m Got response with status 200: {"sessionId":"e99dcc09-a0f0-48bb-8a0b-d829d4323b82","value":{"ELEMENT":"00000000-0000-0594-ffff-ffff0000078b","element-6066-11e4-a52e-4f735466cecf":"00000000-0000-0594-ffff-ffff0000078b"}}
&amp#27;[38;5;32m[AndroidUiautomator2Driver@dabd (47571b8e)]&amp#27;[0m Responding to client with driver.findElement() result: {"element-6066-11e4-a52e-4f735466cecf":"00000000-0000-0594-ffff-ffff0000078b","ELEMENT":"00000000-0000-0594-ffff-ffff0000078b"}
&amp#27;[38;5;0m[HTTP]&amp#27;[0m &amp#27;[37m<-- POST /session/47571b8e-6191-4ef5-a875-b0f0dcd05976/element &amp#27;[39m&amp#27;[32m200&amp#27;[39m &amp#27;[90m777 ms - 137&amp#27;[39m
&amp#27;[38;5;0m[HTTP]&amp#27;[0m &amp#27;[90m&amp#27;[39m
&amp#27;[38;5;0m[HTTP]&amp#27;[0m &amp#27;[37m-->&amp#27;[39m &amp#27;[37mGET&amp#27;[39m &amp#27;[37m/session/47571b8e-6191-4ef5-a875-b0f0dcd05976/element/00000000-0000-0594-ffff-ffff0000078b/text&amp#27;[39m
&amp#27;[38;5;0m[HTTP]&amp#27;[0m &amp#27;[90m{}&amp#27;[39m
&amp#27;[38;5;32m[AndroidUiautomator2Driver@dabd (47571b8e)]&amp#27;[0m Driver proxy active, passing request on via HTTP proxy
&amp#27;[38;5;32m[AndroidUiautomator2Driver@dabd (47571b8e)]&amp#27;[0m Matched '/session/47571b8e-6191-4ef5-a875-b0f0dcd05976/element/00000000-0000-0594-ffff-ffff0000078b/text' to command name 'getText'
&amp#27;[38;5;32m[AndroidUiautomator2Driver@dabd (47571b8e)]&amp#27;[0m Proxying [GET /session/47571b8e-6191-4ef5-a875-b0f0dcd05976/element/00000000-0000-0594-ffff-ffff0000078b/text] to [GET http://127.0.0.1:8201/session/e99dcc09-a0f0-48bb-8a0b-d829d4323b82/element/00000000-0000-0594-ffff-ffff0000078b/text] with no body
&amp#27;[38;5;32m[AndroidUiautomator2Driver@dabd (47571b8e)]&amp#27;[0m Got response with status 200: {"sessionId":"e99dcc09-a0f0-48bb-8a0b-d829d4323b82","value":"Products"}
&amp#27;[38;5;32m[AndroidUiautomator2Driver@dabd (47571b8e)]&amp#27;[0m Replacing sessionId e99dcc09-a0f0-48bb-8a0b-d829d4323b82 with 47571b8e-6191-4ef5-a875-b0f0dcd05976
&amp#27;[38;5;0m[HTTP]&amp#27;[0m &amp#27;[37m<-- GET /session/47571b8e-6191-4ef5-a875-b0f0dcd05976/element/00000000-0000-0594-ffff-ffff0000078b/text &amp#27;[39m&amp#27;[32m200&amp#27;[39m &amp#27;[90m21 ms - 71&amp#27;[39m
&amp#27;[38;5;0m[HTTP]&amp#27;[0m &amp#27;[90m&amp#27;[39m
&amp#27;[38;5;0m[HTTP]&amp#27;[0m &amp#27;[37m-->&amp#27;[39m &amp#27;[37mGET&amp#27;[39m &amp#27;[37m/session/47571b8e-6191-4ef5-a875-b0f0dcd05976/context&amp#27;[39m
&amp#27;[38;5;0m[HTTP]&amp#27;[0m &amp#27;[90m{}&amp#27;[39m
&amp#27;[38;5;32m[AndroidUiautomator2Driver@dabd (47571b8e)]&amp#27;[0m Calling AppiumDriver.getCurrentContext() with args: ["47571b8e-6191-4ef5-a875-b0f0dcd05976"]
&amp#27;[38;5;32m[AndroidUiautomator2Driver@dabd (47571b8e)]&amp#27;[0m Responding to client with driver.getCurrentContext() result: "NATIVE_APP"
&amp#27;[38;5;0m[HTTP]&amp#27;[0m &amp#27;[37m<-- GET /session/47571b8e-6191-4ef5-a875-b0f0dcd05976/context &amp#27;[39m&amp#27;[32m200&amp#27;[39m &amp#27;[90m1 ms - 22&amp#27;[39m
&amp#27;[38;5;0m[HTTP]&amp#27;[0m &amp#27;[90m&amp#27;[39m
&amp#27;[38;5;0m[HTTP]&amp#27;[0m &amp#27;[37m-->&amp#27;[39m &amp#27;[37mPOST&amp#27;[39m &amp#27;[37m/session/47571b8e-6191-4ef5-a875-b0f0dcd05976/element&amp#27;[39m
&amp#27;[38;5;0m[HTTP]&amp#27;[0m &amp#27;[90m{"using":"accessibility id","value":"open menu"}&amp#27;[39m
&amp#27;[38;5;32m[AndroidUiautomator2Driver@dabd (47571b8e)]&amp#27;[0m Calling AppiumDriver.findElement() with args: ["accessibility id","open menu","47571b8e-6191-4ef5-a875-b0f0dcd05976"]
&amp#27;[38;5;32m[AndroidUiautomator2Driver@dabd (47571b8e)]&amp#27;[0m Valid locator strategies for this request: xpath, id, class name, accessibility id, css selector, -android uiautomator
&amp#27;[38;5;32m[AndroidUiautomator2Driver@dabd (47571b8e)]&amp#27;[0m Waiting up to 10000 ms for condition
&amp#27;[38;5;32m[AndroidUiautomator2Driver@dabd (47571b8e)]&amp#27;[0m Matched '/element' to command name 'findElement'
&amp#27;[38;5;32m[AndroidUiautomator2Driver@dabd (47571b8e)]&amp#27;[0m Proxying [POST /element] to [POST http://127.0.0.1:8201/session/e99dcc09-a0f0-48bb-8a0b-d829d4323b82/element] with body: {"strategy":"accessibility id","selector":"open menu","context":"","multiple":false}
&amp#27;[38;5;32m[AndroidUiautomator2Driver@dabd (47571b8e)]&amp#27;[0m Got response with status 200: {"sessionId":"e99dcc09-a0f0-48bb-8a0b-d829d4323b82","value":{"ELEMENT":"00000000-0000-0594-ffff-ffff00000781","element-6066-11e4-a52e-4f735466cecf":"00000000-0000-0594-ffff-ffff00000781"}}
&amp#27;[38;5;32m[AndroidUiautomator2Driver@dabd (47571b8e)]&amp#27;[0m Responding to client with driver.findElement() result: {"element-6066-11e4-a52e-4f735466cecf":"00000000-0000-0594-ffff-ffff00000781","ELEMENT":"00000000-0000-0594-ffff-ffff00000781"}
&amp#27;[38;5;0m[HTTP]&amp#27;[0m &amp#27;[37m<-- POST /session/47571b8e-6191-4ef5-a875-b0f0dcd05976/element &amp#27;[39m&amp#27;[32m200&amp#27;[39m &amp#27;[90m92 ms - 137&amp#27;[39m
&amp#27;[38;5;0m[HTTP]&amp#27;[0m &amp#27;[90m&amp#27;[39m
&amp#27;[38;5;0m[HTTP]&amp#27;[0m &amp#27;[37m-->&amp#27;[39m &amp#27;[37mGET&amp#27;[39m &amp#27;[37m/session/47571b8e-6191-4ef5-a875-b0f0dcd05976/element/00000000-0000-0594-ffff-ffff00000781/displayed&amp#27;[39m
&amp#27;[38;5;0m[HTTP]&amp#27;[0m &amp#27;[90m{}&amp#27;[39m
&amp#27;[38;5;32m[AndroidUiautomator2Driver@dabd (47571b8e)]&amp#27;[0m Calling AppiumDriver.elementDisplayed() with args: ["00000000-0000-0594-ffff-ffff00000781","47571b8e-6191-4ef5-a875-b0f0dcd05976"]
&amp#27;[38;5;32m[AndroidUiautomator2Driver@dabd (47571b8e)]&amp#27;[0m Matched '/element/00000000-0000-0594-ffff-ffff00000781/attribute/displayed' to command name 'getAttribute'
&amp#27;[38;5;32m[AndroidUiautomator2Driver@dabd (47571b8e)]&amp#27;[0m Proxying [GET /element/00000000-0000-0594-ffff-ffff00000781/attribute/displayed] to [GET http://127.0.0.1:8201/session/e99dcc09-a0f0-48bb-8a0b-d829d4323b82/element/00000000-0000-0594-ffff-ffff00000781/attribute/displayed] with no body
&amp#27;[38;5;32m[AndroidUiautomator2Driver@dabd (47571b8e)]&amp#27;[0m Got response with status 200: {"sessionId":"e99dcc09-a0f0-48bb-8a0b-d829d4323b82","value":"true"}
&amp#27;[38;5;32m[AndroidUiautomator2Driver@dabd (47571b8e)]&amp#27;[0m Responding to client with driver.elementDisplayed() result: true
&amp#27;[38;5;0m[HTTP]&amp#27;[0m &amp#27;[37m<-- GET /session/47571b8e-6191-4ef5-a875-b0f0dcd05976/element/00000000-0000-0594-ffff-ffff00000781/displayed &amp#27;[39m&amp#27;[32m200&amp#27;[39m &amp#27;[90m24 ms - 14&amp#27;[39m
&amp#27;[38;5;0m[HTTP]&amp#27;[0m &amp#27;[90m&amp#27;[39m
&amp#27;[38;5;0m[HTTP]&amp#27;[0m &amp#27;[37m-->&amp#27;[39m &amp#27;[37mGET&amp#27;[39m &amp#27;[37m/session/47571b8e-6191-4ef5-a875-b0f0dcd05976/context&amp#27;[39m
&amp#27;[38;5;0m[HTTP]&amp#27;[0m &amp#27;[90m{}&amp#27;[39m
&amp#27;[38;5;32m[AndroidUiautomator2Driver@dabd (47571b8e)]&amp#27;[0m Calling AppiumDriver.getCurrentContext() with args: ["47571b8e-6191-4ef5-a875-b0f0dcd05976"]
&amp#27;[38;5;32m[AndroidUiautomator2Driver@dabd (47571b8e)]&amp#27;[0m Responding to client with driver.getCurrentContext() result: "NATIVE_APP"
&amp#27;[38;5;0m[HTTP]&amp#27;[0m &amp#27;[37m<-- GET /session/47571b8e-6191-4ef5-a875-b0f0dcd05976/context &amp#27;[39m&amp#27;[32m200&amp#27;[39m &amp#27;[90m1 ms - 22&amp#27;[39m
&amp#27;[38;5;0m[HTTP]&amp#27;[0m &amp#27;[90m&amp#27;[39m
&amp#27;[38;5;0m[HTTP]&amp#27;[0m &amp#27;[37m-->&amp#27;[39m &amp#27;[37mPOST&amp#27;[39m &amp#27;[37m/session/47571b8e-6191-4ef5-a875-b0f0dcd05976/element&amp#27;[39m
&amp#27;[38;5;0m[HTTP]&amp#27;[0m &amp#27;[90m{"using":"accessibility id","value":"open menu"}&amp#27;[39m
&amp#27;[38;5;32m[AndroidUiautomator2Driver@dabd (47571b8e)]&amp#27;[0m Calling AppiumDriver.findElement() with args: ["accessibility id","open menu","47571b8e-6191-4ef5-a875-b0f0dcd05976"]
&amp#27;[38;5;32m[AndroidUiautomator2Driver@dabd (47571b8e)]&amp#27;[0m Valid locator strategies for this request: xpath, id, class name, accessibility id, css selector, -android uiautomator
&amp#27;[38;5;32m[AndroidUiautomator2Driver@dabd (47571b8e)]&amp#27;[0m Waiting up to 10000 ms for condition
&amp#27;[38;5;32m[AndroidUiautomator2Driver@dabd (47571b8e)]&amp#27;[0m Matched '/element' to command name 'findElement'
&amp#27;[38;5;32m[AndroidUiautomator2Driver@dabd (47571b8e)]&amp#27;[0m Proxying [POST /element] to [POST http://127.0.0.1:8201/session/e99dcc09-a0f0-48bb-8a0b-d829d4323b82/element] with body: {"strategy":"accessibility id","selector":"open menu","context":"","multiple":false}
&amp#27;[38;5;32m[AndroidUiautomator2Driver@dabd (47571b8e)]&amp#27;[0m Got response with status 200: {"sessionId":"e99dcc09-a0f0-48bb-8a0b-d829d4323b82","value":{"ELEMENT":"00000000-0000-0594-ffff-ffff00000781","element-6066-11e4-a52e-4f735466cecf":"00000000-0000-0594-ffff-ffff00000781"}}
&amp#27;[38;5;32m[AndroidUiautomator2Driver@dabd (47571b8e)]&amp#27;[0m Responding to client with driver.findElement() result: {"element-6066-11e4-a52e-4f735466cecf":"00000000-0000-0594-ffff-ffff00000781","ELEMENT":"00000000-0000-0594-ffff-ffff00000781"}
&amp#27;[38;5;0m[HTTP]&amp#27;[0m &amp#27;[37m<-- POST /session/47571b8e-6191-4ef5-a875-b0f0dcd05976/element &amp#27;[39m&amp#27;[32m200&amp#27;[39m &amp#27;[90m99 ms - 137&amp#27;[39m
&amp#27;[38;5;0m[HTTP]&amp#27;[0m &amp#27;[90m&amp#27;[39m
&amp#27;[38;5;0m[HTTP]&amp#27;[0m &amp#27;[37m-->&amp#27;[39m &amp#27;[37mGET&amp#27;[39m &amp#27;[37m/session/47571b8e-6191-4ef5-a875-b0f0dcd05976/element/00000000-0000-0594-ffff-ffff00000781/enabled&amp#27;[39m
&amp#27;[38;5;0m[HTTP]&amp#27;[0m &amp#27;[90m{}&amp#27;[39m
&amp#27;[38;5;32m[AndroidUiautomator2Driver@dabd (47571b8e)]&amp#27;[0m Calling AppiumDriver.elementEnabled() with args: ["00000000-0000-0594-ffff-ffff00000781","47571b8e-6191-4ef5-a875-b0f0dcd05976"]
&amp#27;[38;5;32m[AndroidUiautomator2Driver@dabd (47571b8e)]&amp#27;[0m Matched '/element/00000000-0000-0594-ffff-ffff00000781/attribute/enabled' to command name 'getAttribute'
&amp#27;[38;5;32m[AndroidUiautomator2Driver@dabd (47571b8e)]&amp#27;[0m Proxying [GET /element/00000000-0000-0594-ffff-ffff00000781/attribute/enabled] to [GET http://127.0.0.1:8201/session/e99dcc09-a0f0-48bb-8a0b-d829d4323b82/element/00000000-0000-0594-ffff-ffff00000781/attribute/enabled] with no body
&amp#27;[38;5;32m[AndroidUiautomator2Driver@dabd (47571b8e)]&amp#27;[0m Got response with status 200: {"sessionId":"e99dcc09-a0f0-48bb-8a0b-d829d4323b82","value":"true"}
&amp#27;[38;5;32m[AndroidUiautomator2Driver@dabd (47571b8e)]&amp#27;[0m Responding to client with driver.elementEnabled() result: true
&amp#27;[38;5;0m[HTTP]&amp#27;[0m &amp#27;[37m<-- GET /session/47571b8e-6191-4ef5-a875-b0f0dcd05976/element/00000000-0000-0594-ffff-ffff00000781/enabled &amp#27;[39m&amp#27;[32m200&amp#27;[39m &amp#27;[90m25 ms - 14&amp#27;[39m
&amp#27;[38;5;0m[HTTP]&amp#27;[0m &amp#27;[90m&amp#27;[39m
&amp#27;[38;5;0m[HTTP]&amp#27;[0m &amp#27;[37m-->&amp#27;[39m &amp#27;[37mGET&amp#27;[39m &amp#27;[37m/session/47571b8e-6191-4ef5-a875-b0f0dcd05976/context&amp#27;[39m
&amp#27;[38;5;0m[HTTP]&amp#27;[0m &amp#27;[90m{}&amp#27;[39m
&amp#27;[38;5;32m[AndroidUiautomator2Driver@dabd (47571b8e)]&amp#27;[0m Calling AppiumDriver.getCurrentContext() with args: ["47571b8e-6191-4ef5-a875-b0f0dcd05976"]
&amp#27;[38;5;32m[AndroidUiautomator2Driver@dabd (47571b8e)]&amp#27;[0m Responding to client with driver.getCurrentContext() result: "NATIVE_APP"
&amp#27;[38;5;0m[HTTP]&amp#27;[0m &amp#27;[37m<-- GET /session/47571b8e-6191-4ef5-a875-b0f0dcd05976/context &amp#27;[39m&amp#27;[32m200&amp#27;[39m &amp#27;[90m1 ms - 22&amp#27;[39m
&amp#27;[38;5;0m[HTTP]&amp#27;[0m &amp#27;[90m&amp#27;[39m
&amp#27;[38;5;0m[HTTP]&amp#27;[0m &amp#27;[37m-->&amp#27;[39m &amp#27;[37mPOST&amp#27;[39m &amp#27;[37m/session/47571b8e-6191-4ef5-a875-b0f0dcd05976/element&amp#27;[39m
&amp#27;[38;5;0m[HTTP]&amp#27;[0m &amp#27;[90m{"using":"accessibility id","value":"open menu"}&amp#27;[39m
&amp#27;[38;5;32m[AndroidUiautomator2Driver@dabd (47571b8e)]&amp#27;[0m Calling AppiumDriver.findElement() with args: ["accessibility id","open menu","47571b8e-6191-4ef5-a875-b0f0dcd05976"]
&amp#27;[38;5;32m[AndroidUiautomator2Driver@dabd (47571b8e)]&amp#27;[0m Valid locator strategies for this request: xpath, id, class name, accessibility id, css selector, -android uiautomator
&amp#27;[38;5;32m[AndroidUiautomator2Driver@dabd (47571b8e)]&amp#27;[0m Waiting up to 10000 ms for condition
&amp#27;[38;5;32m[AndroidUiautomator2Driver@dabd (47571b8e)]&amp#27;[0m Matched '/element' to command name 'findElement'
&amp#27;[38;5;32m[AndroidUiautomator2Driver@dabd (47571b8e)]&amp#27;[0m Proxying [POST /element] to [POST http://127.0.0.1:8201/session/e99dcc09-a0f0-48bb-8a0b-d829d4323b82/element] with body: {"strategy":"accessibility id","selector":"open menu","context":"","multiple":false}
&amp#27;[38;5;32m[AndroidUiautomator2Driver@dabd (47571b8e)]&amp#27;[0m Got response with status 200: {"sessionId":"e99dcc09-a0f0-48bb-8a0b-d829d4323b82","value":{"ELEMENT":"00000000-0000-0594-ffff-ffff00000781","element-6066-11e4-a52e-4f735466cecf":"00000000-0000-0594-ffff-ffff00000781"}}
&amp#27;[38;5;32m[AndroidUiautomator2Driver@dabd (47571b8e)]&amp#27;[0m Responding to client with driver.findElement() result: {"element-6066-11e4-a52e-4f735466cecf":"00000000-0000-0594-ffff-ffff00000781","ELEMENT":"00000000-0000-0594-ffff-ffff00000781"}
&amp#27;[38;5;0m[HTTP]&amp#27;[0m &amp#27;[37m<-- POST /session/47571b8e-6191-4ef5-a875-b0f0dcd05976/element &amp#27;[39m&amp#27;[32m200&amp#27;[39m &amp#27;[90m599 ms - 137&amp#27;[39m
&amp#27;[38;5;0m[HTTP]&amp#27;[0m &amp#27;[90m&amp#27;[39m
&amp#27;[38;5;0m[HTTP]&amp#27;[0m &amp#27;[37m-->&amp#27;[39m &amp#27;[37mPOST&amp#27;[39m &amp#27;[37m/session/47571b8e-6191-4ef5-a875-b0f0dcd05976/element/00000000-0000-0594-ffff-ffff00000781/click&amp#27;[39m
&amp#27;[38;5;0m[HTTP]&amp#27;[0m &amp#27;[90m{"id":"00000000-0000-0594-ffff-ffff00000781"}&amp#27;[39m
&amp#27;[38;5;32m[AndroidUiautomator2Driver@dabd (47571b8e)]&amp#27;[0m Calling AppiumDriver.click() with args: ["00000000-0000-0594-ffff-ffff00000781","47571b8e-6191-4ef5-a875-b0f0dcd05976"]
&amp#27;[38;5;32m[AndroidUiautomator2Driver@dabd (47571b8e)]&amp#27;[0m Matched '/element/00000000-0000-0594-ffff-ffff00000781/click' to command name 'click'
&amp#27;[38;5;32m[AndroidUiautomator2Driver@dabd (47571b8e)]&amp#27;[0m Proxying [POST /element/00000000-0000-0594-ffff-ffff00000781/click] to [POST http://127.0.0.1:8201/session/e99dcc09-a0f0-48bb-8a0b-d829d4323b82/element/00000000-0000-0594-ffff-ffff00000781/click] with body: {"element":"00000000-0000-0594-ffff-ffff00000781"}
&amp#27;[38;5;32m[AndroidUiautomator2Driver@dabd (47571b8e)]&amp#27;[0m Got response with status 200: {"sessionId":"e99dcc09-a0f0-48bb-8a0b-d829d4323b82","value":null}
&amp#27;[38;5;32m[AndroidUiautomator2Driver@dabd (47571b8e)]&amp#27;[0m Responding to client with driver.click() result: null
&amp#27;[38;5;0m[HTTP]&amp#27;[0m &amp#27;[37m<-- POST /session/47571b8e-6191-4ef5-a875-b0f0dcd05976/element/00000000-0000-0594-ffff-ffff00000781/click &amp#27;[39m&amp#27;[32m200&amp#27;[39m &amp#27;[90m1005 ms - 14&amp#27;[39m
&amp#27;[38;5;0m[HTTP]&amp#27;[0m &amp#27;[90m&amp#27;[39m
&amp#27;[38;5;0m[HTTP]&amp#27;[0m &amp#27;[37m-->&amp#27;[39m &amp#27;[37mGET&amp#27;[39m &amp#27;[37m/session/47571b8e-6191-4ef5-a875-b0f0dcd05976/context&amp#27;[39m
&amp#27;[38;5;0m[HTTP]&amp#27;[0m &amp#27;[90m{}&amp#27;[39m
&amp#27;[38;5;32m[AndroidUiautomator2Driver@dabd (47571b8e)]&amp#27;[0m Calling AppiumDriver.getCurrentContext() with args: ["47571b8e-6191-4ef5-a875-b0f0dcd05976"]
&amp#27;[38;5;32m[AndroidUiautomator2Driver@dabd (47571b8e)]&amp#27;[0m Responding to client with driver.getCurrentContext() result: "NATIVE_APP"
&amp#27;[38;5;0m[HTTP]&amp#27;[0m &amp#27;[37m<-- GET /session/47571b8e-6191-4ef5-a875-b0f0dcd05976/context &amp#27;[39m&amp#27;[32m200&amp#27;[39m &amp#27;[90m1 ms - 22&amp#27;[39m
&amp#27;[38;5;0m[HTTP]&amp#27;[0m &amp#27;[90m&amp#27;[39m
&amp#27;[38;5;0m[HTTP]&amp#27;[0m &amp#27;[37m-->&amp#27;[39m &amp#27;[37mPOST&amp#27;[39m &amp#27;[37m/session/47571b8e-6191-4ef5-a875-b0f0dcd05976/element&amp#27;[39m
&amp#27;[38;5;0m[HTTP]&amp#27;[0m &amp#27;[90m{"using":"accessibility id","value":"menu item log out"}&amp#27;[39m
&amp#27;[38;5;32m[AndroidUiautomator2Driver@dabd (47571b8e)]&amp#27;[0m Calling AppiumDriver.findElement() with args: ["accessibility id","menu item log out","47571b8e-6191-4ef5-a875-b0f0dcd05976"]
&amp#27;[38;5;32m[AndroidUiautomator2Driver@dabd (47571b8e)]&amp#27;[0m Valid locator strategies for this request: xpath, id, class name, accessibility id, css selector, -android uiautomator
&amp#27;[38;5;32m[AndroidUiautomator2Driver@dabd (47571b8e)]&amp#27;[0m Waiting up to 10000 ms for condition
&amp#27;[38;5;32m[AndroidUiautomator2Driver@dabd (47571b8e)]&amp#27;[0m Matched '/element' to command name 'findElement'
&amp#27;[38;5;32m[AndroidUiautomator2Driver@dabd (47571b8e)]&amp#27;[0m Proxying [POST /element] to [POST http://127.0.0.1:8201/session/e99dcc09-a0f0-48bb-8a0b-d829d4323b82/element] with body: {"strategy":"accessibility id","selector":"menu item log out","context":"","multiple":false}
&amp#27;[38;5;32m[AndroidUiautomator2Driver@dabd (47571b8e)]&amp#27;[0m Got response with status 200: {"sessionId":"e99dcc09-a0f0-48bb-8a0b-d829d4323b82","value":{"ELEMENT":"00000000-0000-0594-ffff-ffff000000a2","element-6066-11e4-a52e-4f735466cecf":"00000000-0000-0594-ffff-ffff000000a2"}}
&amp#27;[38;5;32m[AndroidUiautomator2Driver@dabd (47571b8e)]&amp#27;[0m Responding to client with driver.findElement() result: {"element-6066-11e4-a52e-4f735466cecf":"00000000-0000-0594-ffff-ffff000000a2","ELEMENT":"00000000-0000-0594-ffff-ffff000000a2"}
&amp#27;[38;5;0m[HTTP]&amp#27;[0m &amp#27;[37m<-- POST /session/47571b8e-6191-4ef5-a875-b0f0dcd05976/element &amp#27;[39m&amp#27;[32m200&amp#27;[39m &amp#27;[90m365 ms - 137&amp#27;[39m
&amp#27;[38;5;0m[HTTP]&amp#27;[0m &amp#27;[90m&amp#27;[39m
&amp#27;[38;5;0m[HTTP]&amp#27;[0m &amp#27;[37m-->&amp#27;[39m &amp#27;[37mPOST&amp#27;[39m &amp#27;[37m/session/47571b8e-6191-4ef5-a875-b0f0dcd05976/element/00000000-0000-0594-ffff-ffff000000a2/click&amp#27;[39m
&amp#27;[38;5;0m[HTTP]&amp#27;[0m &amp#27;[90m{"id":"00000000-0000-0594-ffff-ffff000000a2"}&amp#27;[39m
&amp#27;[38;5;32m[AndroidUiautomator2Driver@dabd (47571b8e)]&amp#27;[0m Calling AppiumDriver.click() with args: ["00000000-0000-0594-ffff-ffff000000a2","47571b8e-6191-4ef5-a875-b0f0dcd05976"]
&amp#27;[38;5;32m[AndroidUiautomator2Driver@dabd (47571b8e)]&amp#27;[0m Matched '/element/00000000-0000-0594-ffff-ffff000000a2/click' to command name 'click'
&amp#27;[38;5;32m[AndroidUiautomator2Driver@dabd (47571b8e)]&amp#27;[0m Proxying [POST /element/00000000-0000-0594-ffff-ffff000000a2/click] to [POST http://127.0.0.1:8201/session/e99dcc09-a0f0-48bb-8a0b-d829d4323b82/element/00000000-0000-0594-ffff-ffff000000a2/click] with body: {"element":"00000000-0000-0594-ffff-ffff000000a2"}
&amp#27;[38;5;32m[AndroidUiautomator2Driver@dabd (47571b8e)]&amp#27;[0m Got response with status 200: {"sessionId":"e99dcc09-a0f0-48bb-8a0b-d829d4323b82","value":null}
&amp#27;[38;5;32m[AndroidUiautomator2Driver@dabd (47571b8e)]&amp#27;[0m Responding to client with driver.click() result: null
&amp#27;[38;5;0m[HTTP]&amp#27;[0m &amp#27;[37m<-- POST /session/47571b8e-6191-4ef5-a875-b0f0dcd05976/element/00000000-0000-0594-ffff-ffff000000a2/click &amp#27;[39m&amp#27;[32m200&amp#27;[39m &amp#27;[90m1251 ms - 14&amp#27;[39m
&amp#27;[38;5;0m[HTTP]&amp#27;[0m &amp#27;[90m&amp#27;[39m
&amp#27;[38;5;0m[HTTP]&amp#27;[0m &amp#27;[37m-->&amp#27;[39m &amp#27;[37mGET&amp#27;[39m &amp#27;[37m/session/47571b8e-6191-4ef5-a875-b0f0dcd05976/context&amp#27;[39m
&amp#27;[38;5;0m[HTTP]&amp#27;[0m &amp#27;[90m{}&amp#27;[39m
&amp#27;[38;5;32m[AndroidUiautomator2Driver@dabd (47571b8e)]&amp#27;[0m Calling AppiumDriver.getCurrentContext() with args: ["47571b8e-6191-4ef5-a875-b0f0dcd05976"]
&amp#27;[38;5;32m[AndroidUiautomator2Driver@dabd (47571b8e)]&amp#27;[0m Responding to client with driver.getCurrentContext() result: "NATIVE_APP"
&amp#27;[38;5;0m[HTTP]&amp#27;[0m &amp#27;[37m<-- GET /session/47571b8e-6191-4ef5-a875-b0f0dcd05976/context &amp#27;[39m&amp#27;[32m200&amp#27;[39m &amp#27;[90m1 ms - 22&amp#27;[39m
&amp#27;[38;5;0m[HTTP]&amp#27;[0m &amp#27;[90m&amp#27;[39m
&amp#27;[38;5;0m[HTTP]&amp#27;[0m &amp#27;[37m-->&amp#27;[39m &amp#27;[37mPOST&amp#27;[39m &amp#27;[37m/session/47571b8e-6191-4ef5-a875-b0f0dcd05976/element&amp#27;[39m
&amp#27;[38;5;0m[HTTP]&amp#27;[0m &amp#27;[90m{"using":"id","value":"android:id/button1"}&amp#27;[39m
&amp#27;[38;5;32m[AndroidUiautomator2Driver@dabd (47571b8e)]&amp#27;[0m Calling AppiumDriver.findElement() with args: ["id","android:id/button1","47571b8e-6191-4ef5-a875-b0f0dcd05976"]
&amp#27;[38;5;32m[AndroidUiautomator2Driver@dabd (47571b8e)]&amp#27;[0m Valid locator strategies for this request: xpath, id, class name, accessibility id, css selector, -android uiautomator
&amp#27;[38;5;32m[AndroidUiautomator2Driver@dabd (47571b8e)]&amp#27;[0m Waiting up to 10000 ms for condition
&amp#27;[38;5;32m[AndroidUiautomator2Driver@dabd (47571b8e)]&amp#27;[0m Matched '/element' to command name 'findElement'
&amp#27;[38;5;32m[AndroidUiautomator2Driver@dabd (47571b8e)]&amp#27;[0m Proxying [POST /element] to [POST http://127.0.0.1:8201/session/e99dcc09-a0f0-48bb-8a0b-d829d4323b82/element] with body: {"strategy":"id","selector":"android:id/button1","context":"","multiple":false}
&amp#27;[38;5;32m[AndroidUiautomator2Driver@dabd (47571b8e)]&amp#27;[0m Got response with status 404: {"sessionId":"e99dcc09-a0f0-48bb-8a0b-d829d4323b82","value":{"error":"no such element","message":"An element could not be located on the page using the given search parameters","stacktrace":"io.appium.uiautomator2.common.exceptions.ElementNotFoundException: An element could not be located on the page using the given search parameters\n\tat io.appium.uiautomator2.handler.FindElement.safeHandle(FindElement.java:63)\n\tat io.appium.uiautomator2.handler.request.SafeRequestHandler.handle(SafeRequestHandler.java:59)\n\tat io.appium.uiautomator2.server.AppiumServlet.handleRequest(AppiumServlet.java:277)\n\tat io.appium.uiautomator2.server.AppiumServlet.handleHttpRequest(AppiumServlet.java:271)\n\tat io.appium.uiautomator2.http.ServerHandler.channelRead(ServerHandler.java:77)\n\tat io.netty.channel.AbstractChannelHandlerContext.invokeChannelRead(AbstractChannelHandlerContext.java:366)\n\tat io.netty.channel.AbstractChannelHandlerContext.invokeChannelRead(AbstractChannelHandlerContext.java:352)\n\tat io.netty.chann...
&amp#27;[38;5;128m[W3C]&amp#27;[0m Matched W3C error code 'no such element' to NoSuchElementError
&amp#27;[38;5;32m[AndroidUiautomator2Driver@dabd (47571b8e)]&amp#27;[0m Waited for 110 ms so far
&amp#27;[38;5;32m[AndroidUiautomator2Driver@dabd (47571b8e)]&amp#27;[0m Matched '/element' to command name 'findElement'
&amp#27;[38;5;32m[AndroidUiautomator2Driver@dabd (47571b8e)]&amp#27;[0m Proxying [POST /element] to [POST http://127.0.0.1:8201/session/e99dcc09-a0f0-48bb-8a0b-d829d4323b82/element] with body: {"strategy":"id","selector":"android:id/button1","context":"","multiple":false}
&amp#27;[38;5;32m[AndroidUiautomator2Driver@dabd (47571b8e)]&amp#27;[0m Got response with status 200: {"sessionId":"e99dcc09-a0f0-48bb-8a0b-d829d4323b82","value":{"ELEMENT":"00000000-0000-0599-ffff-ffff000007fe","element-6066-11e4-a52e-4f735466cecf":"00000000-0000-0599-ffff-ffff000007fe"}}
&amp#27;[38;5;32m[AndroidUiautomator2Driver@dabd (47571b8e)]&amp#27;[0m Responding to client with driver.findElement() result: {"element-6066-11e4-a52e-4f735466cecf":"00000000-0000-0599-ffff-ffff000007fe","ELEMENT":"00000000-0000-0599-ffff-ffff000007fe"}
&amp#27;[38;5;0m[HTTP]&amp#27;[0m &amp#27;[37m<-- POST /session/47571b8e-6191-4ef5-a875-b0f0dcd05976/element &amp#27;[39m&amp#27;[32m200&amp#27;[39m &amp#27;[90m642 ms - 137&amp#27;[39m
&amp#27;[38;5;0m[HTTP]&amp#27;[0m &amp#27;[90m&amp#27;[39m
&amp#27;[38;5;0m[HTTP]&amp#27;[0m &amp#27;[37m-->&amp#27;[39m &amp#27;[37mPOST&amp#27;[39m &amp#27;[37m/session/47571b8e-6191-4ef5-a875-b0f0dcd05976/element/00000000-0000-0599-ffff-ffff000007fe/click&amp#27;[39m
&amp#27;[38;5;0m[HTTP]&amp#27;[0m &amp#27;[90m{"id":"00000000-0000-0599-ffff-ffff000007fe"}&amp#27;[39m
&amp#27;[38;5;32m[AndroidUiautomator2Driver@dabd (47571b8e)]&amp#27;[0m Calling AppiumDriver.click() with args: ["00000000-0000-0599-ffff-ffff000007fe","47571b8e-6191-4ef5-a875-b0f0dcd05976"]
&amp#27;[38;5;32m[AndroidUiautomator2Driver@dabd (47571b8e)]&amp#27;[0m Matched '/element/00000000-0000-0599-ffff-ffff000007fe/click' to command name 'click'
&amp#27;[38;5;32m[AndroidUiautomator2Driver@dabd (47571b8e)]&amp#27;[0m Proxying [POST /element/00000000-0000-0599-ffff-ffff000007fe/click] to [POST http://127.0.0.1:8201/session/e99dcc09-a0f0-48bb-8a0b-d829d4323b82/element/00000000-0000-0599-ffff-ffff000007fe/click] with body: {"element":"00000000-0000-0599-ffff-ffff000007fe"}
&amp#27;[38;5;32m[AndroidUiautomator2Driver@dabd (47571b8e)]&amp#27;[0m Got response with status 200: {"sessionId":"e99dcc09-a0f0-48bb-8a0b-d829d4323b82","value":null}
&amp#27;[38;5;32m[AndroidUiautomator2Driver@dabd (47571b8e)]&amp#27;[0m Responding to client with driver.click() result: null
&amp#27;[38;5;0m[HTTP]&amp#27;[0m &amp#27;[37m<-- POST /session/47571b8e-6191-4ef5-a875-b0f0dcd05976/element/00000000-0000-0599-ffff-ffff000007fe/click &amp#27;[39m&amp#27;[32m200&amp#27;[39m &amp#27;[90m53 ms - 14&amp#27;[39m
&amp#27;[38;5;0m[HTTP]&amp#27;[0m &amp#27;[90m&amp#27;[39m
&amp#27;[38;5;0m[HTTP]&amp#27;[0m &amp#27;[37m-->&amp#27;[39m &amp#27;[37mGET&amp#27;[39m &amp#27;[37m/session/47571b8e-6191-4ef5-a875-b0f0dcd05976/context&amp#27;[39m
&amp#27;[38;5;0m[HTTP]&amp#27;[0m &amp#27;[90m{}&amp#27;[39m
&amp#27;[38;5;32m[AndroidUiautomator2Driver@dabd (47571b8e)]&amp#27;[0m Calling AppiumDriver.getCurrentContext() with args: ["47571b8e-6191-4ef5-a875-b0f0dcd05976"]
&amp#27;[38;5;32m[AndroidUiautomator2Driver@dabd (47571b8e)]&amp#27;[0m Responding to client with driver.getCurrentContext() result: "NATIVE_APP"
&amp#27;[38;5;0m[HTTP]&amp#27;[0m &amp#27;[37m<-- GET /session/47571b8e-6191-4ef5-a875-b0f0dcd05976/context &amp#27;[39m&amp#27;[32m200&amp#27;[39m &amp#27;[90m1 ms - 22&amp#27;[39m
&amp#27;[38;5;0m[HTTP]&amp#27;[0m &amp#27;[90m&amp#27;[39m
&amp#27;[38;5;0m[HTTP]&amp#27;[0m &amp#27;[37m-->&amp#27;[39m &amp#27;[37mPOST&amp#27;[39m &amp#27;[37m/session/47571b8e-6191-4ef5-a875-b0f0dcd05976/element&amp#27;[39m
&amp#27;[38;5;0m[HTTP]&amp#27;[0m &amp#27;[90m{"using":"class name","value":"android.widget.Button"}&amp#27;[39m
&amp#27;[38;5;32m[AndroidUiautomator2Driver@dabd (47571b8e)]&amp#27;[0m Calling AppiumDriver.findElement() with args: ["class name","android.widget.Button","47571b8e-6191-4ef5-a875-b0f0dcd05976"]
&amp#27;[38;5;32m[AndroidUiautomator2Driver@dabd (47571b8e)]&amp#27;[0m Valid locator strategies for this request: xpath, id, class name, accessibility id, css selector, -android uiautomator
&amp#27;[38;5;32m[AndroidUiautomator2Driver@dabd (47571b8e)]&amp#27;[0m Waiting up to 10000 ms for condition
&amp#27;[38;5;32m[AndroidUiautomator2Driver@dabd (47571b8e)]&amp#27;[0m Matched '/element' to command name 'findElement'
&amp#27;[38;5;32m[AndroidUiautomator2Driver@dabd (47571b8e)]&amp#27;[0m Proxying [POST /element] to [POST http://127.0.0.1:8201/session/e99dcc09-a0f0-48bb-8a0b-d829d4323b82/element] with body: {"strategy":"class name","selector":"android.widget.Button","context":"","multiple":false}
&amp#27;[38;5;32m[AndroidUiautomator2Driver@dabd (47571b8e)]&amp#27;[0m Got response with status 200: {"sessionId":"e99dcc09-a0f0-48bb-8a0b-d829d4323b82","value":{"ELEMENT":"00000000-0000-059a-ffff-ffff00000843","element-6066-11e4-a52e-4f735466cecf":"00000000-0000-059a-ffff-ffff00000843"}}
&amp#27;[38;5;32m[AndroidUiautomator2Driver@dabd (47571b8e)]&amp#27;[0m Responding to client with driver.findElement() result: {"element-6066-11e4-a52e-4f735466cecf":"00000000-0000-059a-ffff-ffff00000843","ELEMENT":"00000000-0000-059a-ffff-ffff00000843"}
&amp#27;[38;5;0m[HTTP]&amp#27;[0m &amp#27;[37m<-- POST /session/47571b8e-6191-4ef5-a875-b0f0dcd05976/element &amp#27;[39m&amp#27;[32m200&amp#27;[39m &amp#27;[90m282 ms - 137&amp#27;[39m
&amp#27;[38;5;0m[HTTP]&amp#27;[0m &amp#27;[90m&amp#27;[39m
&amp#27;[38;5;0m[HTTP]&amp#27;[0m &amp#27;[37m-->&amp#27;[39m &amp#27;[37mPOST&amp#27;[39m &amp#27;[37m/session/47571b8e-6191-4ef5-a875-b0f0dcd05976/element/00000000-0000-059a-ffff-ffff00000843/click&amp#27;[39m
&amp#27;[38;5;0m[HTTP]&amp#27;[0m &amp#27;[90m{"id":"00000000-0000-059a-ffff-ffff00000843"}&amp#27;[39m
&amp#27;[38;5;32m[AndroidUiautomator2Driver@dabd (47571b8e)]&amp#27;[0m Calling AppiumDriver.click() with args: ["00000000-0000-059a-ffff-ffff00000843","47571b8e-6191-4ef5-a875-b0f0dcd05976"]
&amp#27;[38;5;32m[AndroidUiautomator2Driver@dabd (47571b8e)]&amp#27;[0m Matched '/element/00000000-0000-059a-ffff-ffff00000843/click' to command name 'click'
&amp#27;[38;5;32m[AndroidUiautomator2Driver@dabd (47571b8e)]&amp#27;[0m Proxying [POST /element/00000000-0000-059a-ffff-ffff00000843/click] to [POST http://127.0.0.1:8201/session/e99dcc09-a0f0-48bb-8a0b-d829d4323b82/element/00000000-0000-059a-ffff-ffff00000843/click] with body: {"element":"00000000-0000-059a-ffff-ffff00000843"}
&amp#27;[38;5;32m[AndroidUiautomator2Driver@dabd (47571b8e)]&amp#27;[0m Got response with status 200: {"sessionId":"e99dcc09-a0f0-48bb-8a0b-d829d4323b82","value":null}
&amp#27;[38;5;32m[AndroidUiautomator2Driver@dabd (47571b8e)]&amp#27;[0m Responding to client with driver.click() result: null
&amp#27;[38;5;0m[HTTP]&amp#27;[0m &amp#27;[37m<-- POST /session/47571b8e-6191-4ef5-a875-b0f0dcd05976/element/00000000-0000-059a-ffff-ffff00000843/click &amp#27;[39m&amp#27;[32m200&amp#27;[39m &amp#27;[90m450 ms - 14&amp#27;[39m
&amp#27;[38;5;0m[HTTP]&amp#27;[0m &amp#27;[90m&amp#27;[39m
&amp#27;[38;5;0m[HTTP]&amp#27;[0m &amp#27;[37m-->&amp#27;[39m &amp#27;[37mGET&amp#27;[39m &amp#27;[37m/session/47571b8e-6191-4ef5-a875-b0f0dcd05976/context&amp#27;[39m
&amp#27;[38;5;0m[HTTP]&amp#27;[0m &amp#27;[90m{}&amp#27;[39m
&amp#27;[38;5;32m[AndroidUiautomator2Driver@dabd (47571b8e)]&amp#27;[0m Calling AppiumDriver.getCurrentContext() with args: ["47571b8e-6191-4ef5-a875-b0f0dcd05976"]
&amp#27;[38;5;32m[AndroidUiautomator2Driver@dabd (47571b8e)]&amp#27;[0m Responding to client with driver.getCurrentContext() result: "NATIVE_APP"
&amp#27;[38;5;0m[HTTP]&amp#27;[0m &amp#27;[37m<-- GET /session/47571b8e-6191-4ef5-a875-b0f0dcd05976/context &amp#27;[39m&amp#27;[32m200&amp#27;[39m &amp#27;[90m1 ms - 22&amp#27;[39m
&amp#27;[38;5;0m[HTTP]&amp#27;[0m &amp#27;[90m&amp#27;[39m
&amp#27;[38;5;0m[HTTP]&amp#27;[0m &amp#27;[37m-->&amp#27;[39m &amp#27;[37mPOST&amp#27;[39m &amp#27;[37m/session/47571b8e-6191-4ef5-a875-b0f0dcd05976/element&amp#27;[39m
&amp#27;[38;5;0m[HTTP]&amp#27;[0m &amp#27;[90m{"using":"accessibility id","value":"container header"}&amp#27;[39m
&amp#27;[38;5;32m[AndroidUiautomator2Driver@dabd (47571b8e)]&amp#27;[0m Calling AppiumDriver.findElement() with args: ["accessibility id","container header","47571b8e-6191-4ef5-a875-b0f0dcd05976"]
&amp#27;[38;5;32m[AndroidUiautomator2Driver@dabd (47571b8e)]&amp#27;[0m Valid locator strategies for this request: xpath, id, class name, accessibility id, css selector, -android uiautomator
&amp#27;[38;5;32m[AndroidUiautomator2Driver@dabd (47571b8e)]&amp#27;[0m Waiting up to 10000 ms for condition
&amp#27;[38;5;32m[AndroidUiautomator2Driver@dabd (47571b8e)]&amp#27;[0m Matched '/element' to command name 'findElement'
&amp#27;[38;5;32m[AndroidUiautomator2Driver@dabd (47571b8e)]&amp#27;[0m Proxying [POST /element] to [POST http://127.0.0.1:8201/session/e99dcc09-a0f0-48bb-8a0b-d829d4323b82/element] with body: {"strategy":"accessibility id","selector":"container header","context":"","multiple":false}
&amp#27;[38;5;32m[AndroidUiautomator2Driver@dabd (47571b8e)]&amp#27;[0m Got response with status 200: {"sessionId":"e99dcc09-a0f0-48bb-8a0b-d829d4323b82","value":{"ELEMENT":"00000000-0000-0594-ffff-ffff00000812","element-6066-11e4-a52e-4f735466cecf":"00000000-0000-0594-ffff-ffff00000812"}}
&amp#27;[38;5;32m[AndroidUiautomator2Driver@dabd (47571b8e)]&amp#27;[0m Responding to client with driver.findElement() result: {"element-6066-11e4-a52e-4f735466cecf":"00000000-0000-0594-ffff-ffff00000812","ELEMENT":"00000000-0000-0594-ffff-ffff00000812"}
&amp#27;[38;5;0m[HTTP]&amp#27;[0m &amp#27;[37m<-- POST /session/47571b8e-6191-4ef5-a875-b0f0dcd05976/element &amp#27;[39m&amp#27;[32m200&amp#27;[39m &amp#27;[90m713 ms - 137&amp#27;[39m
&amp#27;[38;5;0m[HTTP]&amp#27;[0m &amp#27;[90m&amp#27;[39m
&amp#27;[38;5;0m[HTTP]&amp#27;[0m &amp#27;[37m-->&amp#27;[39m &amp#27;[37mPOST&amp#27;[39m &amp#27;[37m/session/47571b8e-6191-4ef5-a875-b0f0dcd05976/element/00000000-0000-0594-ffff-ffff00000812/element&amp#27;[39m
&amp#27;[38;5;0m[HTTP]&amp#27;[0m &amp#27;[90m{"id":"00000000-0000-0594-ffff-ffff00000812","using":"class name","value":"android.widget.TextView"}&amp#27;[39m
&amp#27;[38;5;32m[AndroidUiautomator2Driver@dabd (47571b8e)]&amp#27;[0m Calling AppiumDriver.findElementFromElement() with args: ["class name","android.widget.TextView","00000000-0000-0594-ffff-ffff00000812","47571b8e-6191-4ef5-a875-b0f0dcd05976"]
&amp#27;[38;5;32m[AndroidUiautomator2Driver@dabd (47571b8e)]&amp#27;[0m Valid locator strategies for this request: xpath, id, class name, accessibility id, css selector, -android uiautomator
&amp#27;[38;5;32m[AndroidUiautomator2Driver@dabd (47571b8e)]&amp#27;[0m Waiting up to 10000 ms for condition
&amp#27;[38;5;32m[AndroidUiautomator2Driver@dabd (47571b8e)]&amp#27;[0m Matched '/element' to command name 'findElement'
&amp#27;[38;5;32m[AndroidUiautomator2Driver@dabd (47571b8e)]&amp#27;[0m Proxying [POST /element] to [POST http://127.0.0.1:8201/session/e99dcc09-a0f0-48bb-8a0b-d829d4323b82/element] with body: {"strategy":"class name","selector":"android.widget.TextView","context":"00000000-0000-0594-ffff-ffff00000812","multiple":false}
&amp#27;[38;5;32m[AndroidUiautomator2Driver@dabd (47571b8e)]&amp#27;[0m Got response with status 200: {"sessionId":"e99dcc09-a0f0-48bb-8a0b-d829d4323b82","value":{"ELEMENT":"00000000-0000-0594-ffff-ffff00000813","element-6066-11e4-a52e-4f735466cecf":"00000000-0000-0594-ffff-ffff00000813"}}
&amp#27;[38;5;32m[AndroidUiautomator2Driver@dabd (47571b8e)]&amp#27;[0m Responding to client with driver.findElementFromElement() result: {"element-6066-11e4-a52e-4f735466cecf":"00000000-0000-0594-ffff-ffff00000813","ELEMENT":"00000000-0000-0594-ffff-ffff00000813"}
&amp#27;[38;5;0m[HTTP]&amp#27;[0m &amp#27;[37m<-- POST /session/47571b8e-6191-4ef5-a875-b0f0dcd05976/element/00000000-0000-0594-ffff-ffff00000812/element &amp#27;[39m&amp#27;[32m200&amp#27;[39m &amp#27;[90m72 ms - 137&amp#27;[39m
&amp#27;[38;5;0m[HTTP]&amp#27;[0m &amp#27;[90m&amp#27;[39m
&amp#27;[38;5;0m[HTTP]&amp#27;[0m &amp#27;[37m-->&amp#27;[39m &amp#27;[37mGET&amp#27;[39m &amp#27;[37m/session/47571b8e-6191-4ef5-a875-b0f0dcd05976/element/00000000-0000-0594-ffff-ffff00000813/text&amp#27;[39m
&amp#27;[38;5;0m[HTTP]&amp#27;[0m &amp#27;[90m{}&amp#27;[39m
&amp#27;[38;5;32m[AndroidUiautomator2Driver@dabd (47571b8e)]&amp#27;[0m Driver proxy active, passing request on via HTTP proxy
&amp#27;[38;5;32m[AndroidUiautomator2Driver@dabd (47571b8e)]&amp#27;[0m Matched '/session/47571b8e-6191-4ef5-a875-b0f0dcd05976/element/00000000-0000-0594-ffff-ffff00000813/text' to command name 'getText'
&amp#27;[38;5;32m[AndroidUiautomator2Driver@dabd (47571b8e)]&amp#27;[0m Proxying [GET /session/47571b8e-6191-4ef5-a875-b0f0dcd05976/element/00000000-0000-0594-ffff-ffff00000813/text] to [GET http://127.0.0.1:8201/session/e99dcc09-a0f0-48bb-8a0b-d829d4323b82/element/00000000-0000-0594-ffff-ffff00000813/text] with no body
&amp#27;[38;5;32m[AndroidUiautomator2Driver@dabd (47571b8e)]&amp#27;[0m Got response with status 200: {"sessionId":"e99dcc09-a0f0-48bb-8a0b-d829d4323b82","value":"Login"}
&amp#27;[38;5;32m[AndroidUiautomator2Driver@dabd (47571b8e)]&amp#27;[0m Replacing sessionId e99dcc09-a0f0-48bb-8a0b-d829d4323b82 with 47571b8e-6191-4ef5-a875-b0f0dcd05976
&amp#27;[38;5;0m[HTTP]&amp#27;[0m &amp#27;[37m<-- GET /session/47571b8e-6191-4ef5-a875-b0f0dcd05976/element/00000000-0000-0594-ffff-ffff00000813/text &amp#27;[39m&amp#27;[32m200&amp#27;[39m &amp#27;[90m46 ms - 68&amp#27;[39m
&amp#27;[38;5;0m[HTTP]&amp#27;[0m &amp#27;[90m&amp#27;[39m
]]></system-out>
  </testcase>
  <testcase name="AboutPageVerification" classname="testCases.TC2_MenuFeatures" time="13.258">
    <system-out><![CDATA[&amp#27;[38;5;0m[HTTP]&amp#27;[0m &amp#27;[37m-->&amp#27;[39m &amp#27;[37mDELETE&amp#27;[39m &amp#27;[37m/session/47571b8e-6191-4ef5-a875-b0f0dcd05976&amp#27;[39m
&amp#27;[38;5;0m[HTTP]&amp#27;[0m &amp#27;[90m{}&amp#27;[39m
&amp#27;[38;5;32m[AndroidUiautomator2Driver@dabd (47571b8e)]&amp#27;[0m Calling AppiumDriver.deleteSession() with args: ["47571b8e-6191-4ef5-a875-b0f0dcd05976"]
&amp#27;[38;5;16m[AppiumDriver@6bb1]&amp#27;[0m Event 'quitSessionRequested' logged at 1707198428507 (21:47:08 GMT-0800 (Pacific Standard Time))
&amp#27;[38;5;16m[AppiumDriver@6bb1]&amp#27;[0m Removing session 47571b8e-6191-4ef5-a875-b0f0dcd05976 from our master session list
&amp#27;[38;5;32m[AndroidUiautomator2Driver@dabd (47571b8e)]&amp#27;[0m Deleting UiAutomator2 session
&amp#27;[38;5;32m[AndroidUiautomator2Driver@dabd (47571b8e)]&amp#27;[0m Deleting UiAutomator2 server session
&amp#27;[38;5;32m[AndroidUiautomator2Driver@dabd (47571b8e)]&amp#27;[0m Matched '/' to command name 'deleteSession'
&amp#27;[38;5;32m[AndroidUiautomator2Driver@dabd (47571b8e)]&amp#27;[0m Proxying [DELETE /] to [DELETE http://127.0.0.1:8201/session/e99dcc09-a0f0-48bb-8a0b-d829d4323b82] with no body
&amp#27;[38;5;32m[AndroidUiautomator2Driver@dabd (47571b8e)]&amp#27;[0m Got response with status 200: {"sessionId":"e99dcc09-a0f0-48bb-8a0b-d829d4323b82","value":null}
&amp#27;[38;5;64m[ADB]&amp#27;[0m Running 'C:\Users\super\Desktop\Study\Appium\cmdline-tools\bin\platform-tools\adb.exe -P 5037 -s LMG900TMW8KJ7DTSOB shell dumpsys activity services io.appium.settings/.recorder.RecorderService'
&amp#27;[38;5;64m[ADB]&amp#27;[0m Running 'C:\Users\super\Desktop\Study\Appium\cmdline-tools\bin\platform-tools\adb.exe -P 5037 -s LMG900TMW8KJ7DTSOB shell am force-stop com.saucelabs.mydemoapp.rn'
&amp#27;[38;5;96m[Logcat]&amp#27;[0m Stopping logcat capture
&amp#27;[38;5;64m[ADB]&amp#27;[0m Removing forwarded port socket connection: 8201 
&amp#27;[38;5;64m[ADB]&amp#27;[0m Running 'C:\Users\super\Desktop\Study\Appium\cmdline-tools\bin\platform-tools\adb.exe -P 5037 -s LMG900TMW8KJ7DTSOB forward --remove tcp:8201'
&amp#27;[38;5;32m[AndroidUiautomator2Driver@dabd (47571b8e)]&amp#27;[0m Restoring hidden api policy to the device default configuration
&amp#27;[38;5;64m[ADB]&amp#27;[0m Running 'C:\Users\super\Desktop\Study\Appium\cmdline-tools\bin\platform-tools\adb.exe -P 5037 -s LMG900TMW8KJ7DTSOB shell 'settings delete global hidden_api_policy_pre_p_apps;settings delete global hidden_api_policy_p_apps;settings delete global hidden_api_policy''
&amp#27;[38;5;16m[AppiumDriver@6bb1]&amp#27;[0m Event 'quitSessionFinished' logged at 1707198428755 (21:47:08 GMT-0800 (Pacific Standard Time))
&amp#27;[38;5;16m[AppiumDriver@6bb1]&amp#27;[0m Received response: null
&amp#27;[38;5;16m[AppiumDriver@6bb1]&amp#27;[0m But deleting session, so not returning
&amp#27;[38;5;16m[AppiumDriver@6bb1]&amp#27;[0m Responding to client with driver.deleteSession() result: null
&amp#27;[38;5;0m[HTTP]&amp#27;[0m &amp#27;[37m<-- DELETE /session/47571b8e-6191-4ef5-a875-b0f0dcd05976 &amp#27;[39m&amp#27;[32m200&amp#27;[39m &amp#27;[90m249 ms - 14&amp#27;[39m
&amp#27;[38;5;0m[HTTP]&amp#27;[0m &amp#27;[90m&amp#27;[39m
&amp#27;[35m[Appium]&amp#27;[39m Welcome to Appium v2.2.1
&amp#27;[35m[Appium]&amp#27;[39m Non-default server args:
&amp#27;[35m[Appium]&amp#27;[39m { address: &amp#27;[32m'127.0.0.1'&amp#27;[39m }
&amp#27;[35m[Appium]&amp#27;[39m Attempting to load driver uiautomator2...
&amp#27;[35m[Appium]&amp#27;[39m Requiring driver at C:\Users\super\.appium\node_modules\appium-uiautomator2-driver
&amp#27;[35m[Appium]&amp#27;[39m Appium REST http interface listener started on http://127.0.0.1:4723
&amp#27;[35m[Appium]&amp#27;[39m Available drivers:
&amp#27;[35m[Appium]&amp#27;[39m   - uiautomator2@2.32.3 (automationName 'UiAutomator2')
&amp#27;[35m[Appium]&amp#27;[39m No plugins have been installed. Use the "appium plugin" command to install the one(s) you want to use.
&amp#27;[38;5;0m[HTTP]&amp#27;[0m &amp#27;[37m-->&amp#27;[39m &amp#27;[37mGET&amp#27;[39m &amp#27;[37m/status&amp#27;[39m
&amp#27;[38;5;0m[HTTP]&amp#27;[0m &amp#27;[90m{}&amp#27;[39m
&amp#27;[38;5;16m[AppiumDriver@32e6]&amp#27;[0m Calling AppiumDriver.getStatus() with args: []
&amp#27;[38;5;16m[AppiumDriver@32e6]&amp#27;[0m Responding to client with driver.getStatus() result: {"ready":true,"message":"The server is ready to accept new connections","build":{"version":"2.2.1"}}
&amp#27;[38;5;0m[HTTP]&amp#27;[0m &amp#27;[37m<-- GET /status &amp#27;[39m&amp#27;[32m200&amp#27;[39m &amp#27;[90m5 ms - 110&amp#27;[39m
&amp#27;[38;5;0m[HTTP]&amp#27;[0m &amp#27;[90m&amp#27;[39m
&amp#27;[38;5;0m[HTTP]&amp#27;[0m Request idempotency key: 571d773f-f0a1-4a24-9fb0-f035bdecb73f
&amp#27;[38;5;0m[HTTP]&amp#27;[0m &amp#27;[37m-->&amp#27;[39m &amp#27;[37mPOST&amp#27;[39m &amp#27;[37m/session&amp#27;[39m
&amp#27;[38;5;0m[HTTP]&amp#27;[0m &amp#27;[90m{"capabilities":{"firstMatch":[{}],"alwaysMatch":{"appium:app":"C:\\Users\\super\\eclipse-AppiumProject\\demo_app\\src\\test\\java\\testResources\\Android-MyDemoAppRN.1.3.0.build-244.apk","appium:automationName":"UIAutomator2","appium:chromedriverExecutable":"C:\\Users\\super\\Desktop\\Study\\Appium\\chromedriver120\\chromedriver.exe","platformName":"ANDROID"}}}&amp#27;[39m
&amp#27;[38;5;16m[AppiumDriver@32e6]&amp#27;[0m Calling AppiumDriver.createSession() with args: [null,null,{"firstMatch":[{}],"alwaysMatch":{"appium:app":"C:\\Users\\super\\eclipse-AppiumProject\\demo_app\\src\\test\\java\\testResources\\Android-MyDemoAppRN.1.3.0.build-244.apk","appium:automationName":"UIAutomator2","appium:chromedriverExecutable":"C:\\Users\\super\\Desktop\\Study\\Appium\\chromedriver120\\chromedriver.exe","platformName":"ANDROID"}}]
&amp#27;[38;5;16m[AppiumDriver@32e6]&amp#27;[0m Event 'newSessionRequested' logged at 1707198434792 (21:47:14 GMT-0800 (Pacific Standard Time))
&amp#27;[35m[Appium]&amp#27;[39m Attempting to find matching driver for automationName 'UIAutomator2' and platformName 'ANDROID'
&amp#27;[35m[Appium]&amp#27;[39m The 'uiautomator2' driver was installed and matched caps.
&amp#27;[35m[Appium]&amp#27;[39m Will require it at C:\Users\super\.appium\node_modules\appium-uiautomator2-driver
&amp#27;[35m[Appium]&amp#27;[39m Requiring driver at C:\Users\super\.appium\node_modules\appium-uiautomator2-driver
&amp#27;[38;5;16m[AppiumDriver@32e6]&amp#27;[0m Appium v2.2.1 creating new AndroidUiautomator2Driver (v2.32.3) session
&amp#27;[38;5;16m[AppiumDriver@32e6]&amp#27;[0m Checking BaseDriver versions for Appium and AndroidUiautomator2Driver
&amp#27;[38;5;16m[AppiumDriver@32e6]&amp#27;[0m Appium's BaseDriver version is 9.4.1
&amp#27;[38;5;16m[AppiumDriver@32e6]&amp#27;[0m AndroidUiautomator2Driver's BaseDriver version is 9.4.1
&amp#27;[38;5;32m[AndroidUiautomator2Driver@c35c]&amp#27;[0m Creating session with W3C capabilities: {
&amp#27;[38;5;32m[AndroidUiautomator2Driver@c35c]&amp#27;[0m   "alwaysMatch": {
&amp#27;[38;5;32m[AndroidUiautomator2Driver@c35c]&amp#27;[0m     "platformName": "ANDROID",
&amp#27;[38;5;32m[AndroidUiautomator2Driver@c35c]&amp#27;[0m     "appium:app": "C:\\Users\\super\\eclipse-AppiumProject\\demo_app\\src\\test\\java\\testResources\\Android-MyDemoAppRN.1.3.0.build-244.apk",
&amp#27;[38;5;32m[AndroidUiautomator2Driver@c35c]&amp#27;[0m     "appium:automationName": "UIAutomator2",
&amp#27;[38;5;32m[AndroidUiautomator2Driver@c35c]&amp#27;[0m     "appium:chromedriverExecutable": "C:\\Users\\super\\Desktop\\Study\\Appium\\chromedriver120\\chromedriver.exe"
&amp#27;[38;5;32m[AndroidUiautomator2Driver@c35c]&amp#27;[0m   },
&amp#27;[38;5;32m[AndroidUiautomator2Driver@c35c]&amp#27;[0m   "firstMatch": [
&amp#27;[38;5;32m[AndroidUiautomator2Driver@c35c]&amp#27;[0m     {}
&amp#27;[38;5;32m[AndroidUiautomator2Driver@c35c]&amp#27;[0m   ]
&amp#27;[38;5;32m[AndroidUiautomator2Driver@c35c]&amp#27;[0m }
&amp#27;[38;5;32m[AndroidUiautomator2Driver@c35c (83760a3e)]&amp#27;[0m Session created with session id: 83760a3e-13d9-4f16-93c9-f76dc55a2f2d
&amp#27;[38;5;48m[BaseDriver]&amp#27;[0m Using local app 'C:\Users\super\eclipse-AppiumProject\demo_app\src\test\java\testResources\Android-MyDemoAppRN.1.3.0.build-244.apk'
&amp#27;[38;5;32m[AndroidUiautomator2Driver@c35c (83760a3e)]&amp#27;[0m Checking whether app is actually present
&amp#27;[38;5;64m[ADB]&amp#27;[0m Found 2 'build-tools' folders under 'C:\Users\super\Desktop\Study\Appium\cmdline-tools\bin' (newest first):
&amp#27;[38;5;64m[ADB]&amp#27;[0m     C:\Users\super\Desktop\Study\Appium\cmdline-tools\bin\build-tools\34.0.0
&amp#27;[38;5;64m[ADB]&amp#27;[0m     C:\Users\super\Desktop\Study\Appium\cmdline-tools\bin\build-tools\33.0.1
&amp#27;[38;5;64m[ADB]&amp#27;[0m Using 'adb.exe' from 'C:\Users\super\Desktop\Study\Appium\cmdline-tools\bin\platform-tools\adb.exe'
&amp#27;[38;5;64m[ADB]&amp#27;[0m Running 'C:\Users\super\Desktop\Study\Appium\cmdline-tools\bin\platform-tools\adb.exe -P 5037 start-server'
&amp#27;[38;5;80m[AndroidDriver]&amp#27;[0m Retrieving device list
&amp#27;[38;5;64m[ADB]&amp#27;[0m Trying to find connected Android devices
&amp#27;[38;5;64m[ADB]&amp#27;[0m Getting connected devices
&amp#27;[38;5;64m[ADB]&amp#27;[0m Connected devices: [{"udid":"LMG900TMW8KJ7DTSOB","state":"device"}]
&amp#27;[38;5;80m[AndroidDriver]&amp#27;[0m Using device: LMG900TMW8KJ7DTSOB
&amp#27;[38;5;64m[ADB]&amp#27;[0m Using 'adb.exe' from 'C:\Users\super\Desktop\Study\Appium\cmdline-tools\bin\platform-tools\adb.exe'
&amp#27;[38;5;64m[ADB]&amp#27;[0m Running 'C:\Users\super\Desktop\Study\Appium\cmdline-tools\bin\platform-tools\adb.exe -P 5037 start-server'
&amp#27;[38;5;64m[ADB]&amp#27;[0m Setting device id to LMG900TMW8KJ7DTSOB
&amp#27;[38;5;64m[ADB]&amp#27;[0m Running 'C:\Users\super\Desktop\Study\Appium\cmdline-tools\bin\platform-tools\adb.exe -P 5037 -s LMG900TMW8KJ7DTSOB shell getprop ro.build.version.sdk'
&amp#27;[38;5;64m[ADB]&amp#27;[0m Current device property 'ro.build.version.sdk': 31
&amp#27;[38;5;64m[ADB]&amp#27;[0m Getting device platform version
&amp#27;[38;5;64m[ADB]&amp#27;[0m Running 'C:\Users\super\Desktop\Study\Appium\cmdline-tools\bin\platform-tools\adb.exe -P 5037 -s LMG900TMW8KJ7DTSOB shell getprop ro.build.version.release'
&amp#27;[38;5;64m[ADB]&amp#27;[0m Current device property 'ro.build.version.release': 12
&amp#27;[38;5;64m[ADB]&amp#27;[0m Device API level: 31
&amp#27;[38;5;32m[AndroidUiautomator2Driver@c35c (83760a3e)]&amp#27;[0m Relaxing hidden api policy
&amp#27;[38;5;64m[ADB]&amp#27;[0m Running 'C:\Users\super\Desktop\Study\Appium\cmdline-tools\bin\platform-tools\adb.exe -P 5037 -s LMG900TMW8KJ7DTSOB shell 'settings put global hidden_api_policy_pre_p_apps 1;settings put global hidden_api_policy_p_apps 1;settings put global hidden_api_policy 1''
&amp#27;[38;5;80m[AndroidDriver]&amp#27;[0m Parsing package and activity from app manifest
&amp#27;[38;5;64m[ADB]&amp#27;[0m Package name: 'com.saucelabs.mydemoapp.rn'
&amp#27;[38;5;64m[ADB]&amp#27;[0m Main activity name: 'com.saucelabs.mydemoapp.rn.MainActivity'
&amp#27;[38;5;80m[AndroidDriver]&amp#27;[0m Parsed package and activity are: com.saucelabs.mydemoapp.rn/com.saucelabs.mydemoapp.rn.MainActivity
&amp#27;[38;5;80m[AndroidDriver]&amp#27;[0m Pushing settings apk to device...
&amp#27;[38;5;64m[ADB]&amp#27;[0m Getting package info for 'io.appium.settings'
&amp#27;[38;5;64m[ADB]&amp#27;[0m Running 'C:\Users\super\Desktop\Study\Appium\cmdline-tools\bin\platform-tools\adb.exe -P 5037 -s LMG900TMW8KJ7DTSOB shell dumpsys package io.appium.settings'
&amp#27;[38;5;64m[ADB]&amp#27;[0m The version name of the installed 'io.appium.settings' is greater or equal to the application version name ('5.1.2' >= '5.1.2')
&amp#27;[38;5;64m[ADB]&amp#27;[0m There is no need to install/upgrade 'C:\Users\super\.appium\node_modules\appium-uiautomator2-driver\node_modules\io.appium.settings\apks\settings_apk-debug.apk'
&amp#27;[38;5;64m[ADB]&amp#27;[0m Getting IDs of all 'io.appium.settings' processes
&amp#27;[38;5;64m[ADB]&amp#27;[0m Running 'C:\Users\super\Desktop\Study\Appium\cmdline-tools\bin\platform-tools\adb.exe -P 5037 -s LMG900TMW8KJ7DTSOB shell 'pgrep --help; echo $?''
&amp#27;[38;5;64m[ADB]&amp#27;[0m Running 'C:\Users\super\Desktop\Study\Appium\cmdline-tools\bin\platform-tools\adb.exe -P 5037 -s LMG900TMW8KJ7DTSOB shell pgrep -f \(\[\[:blank:\]\]\|\^\)io\.appium\.settings\(\[\[:blank:\]\]\|\$\)'
&amp#27;[38;5;80m[AndroidDriver]&amp#27;[0m io.appium.settings is already running. There is no need to reset its permissions.
&amp#27;[38;5;64m[ADB]&amp#27;[0m Running 'C:\Users\super\Desktop\Study\Appium\cmdline-tools\bin\platform-tools\adb.exe -P 5037 -s LMG900TMW8KJ7DTSOB shell appops set io.appium.settings android:mock_location allow'
&amp#27;[38;5;64m[ADB]&amp#27;[0m Running 'C:\Users\super\Desktop\Study\Appium\cmdline-tools\bin\platform-tools\adb.exe -P 5037 -s LMG900TMW8KJ7DTSOB shell "[ -e '/data/local/tmp/mock_apps.json' ] && echo __PASS__"'
&amp#27;[38;5;64m[ADB]&amp#27;[0m Running 'C:\Users\super\Desktop\Study\Appium\cmdline-tools\bin\platform-tools\adb.exe -P 5037 -s LMG900TMW8KJ7DTSOB shell cat /data/local/tmp/mock_apps.json'
&amp#27;[38;5;96m[Logcat]&amp#27;[0m Starting logs capture with command: C:\\Users\\super\\Desktop\\Study\\Appium\\cmdline-tools\\bin\\platform-tools\\adb.exe -P 5037 -s LMG900TMW8KJ7DTSOB logcat -v threadtime
&amp#27;[38;5;32m[AndroidUiautomator2Driver@c35c (83760a3e)]&amp#27;[0m Forwarding UiAutomator2 Server port 6790 to local port 8201
&amp#27;[38;5;64m[ADB]&amp#27;[0m Forwarding system: 8201 to device: 6790
&amp#27;[38;5;64m[ADB]&amp#27;[0m Running 'C:\Users\super\Desktop\Study\Appium\cmdline-tools\bin\platform-tools\adb.exe -P 5037 -s LMG900TMW8KJ7DTSOB forward tcp:8201 tcp:6790'
&amp#27;[38;5;64m[ADB]&amp#27;[0m Checking app cert for C:\Users\super\.appium\node_modules\appium-uiautomator2-driver\node_modules\appium-uiautomator2-server\apks\appium-uiautomator2-server-v5.12.7.apk
&amp#27;[38;5;64m[ADB]&amp#27;[0m Checking app cert for C:\Users\super\.appium\node_modules\appium-uiautomator2-driver\node_modules\appium-uiautomator2-server\apks\appium-uiautomator2-server-debug-androidTest.apk
&amp#27;[38;5;64m[ADB]&amp#27;[0m Using 'apksigner.jar' from 'C:\Users\super\Desktop\Study\Appium\cmdline-tools\bin\build-tools\34.0.0\lib\apksigner.jar'
&amp#27;[38;5;64m[ADB]&amp#27;[0m Starting apksigner: 'C:\\Program Files\\Java\\jdk-17\\bin\\java.exe' -Xmx1024M -Xss1m -jar C:\\Users\\super\\Desktop\\Study\\Appium\\cmdline-tools\\bin\\build-tools\\34.0.0\\lib\\apksigner.jar verify --print-certs C:\\Users\\super\\.appium\\node_modules\\appium-uiautomator2-driver\\node_modules\\appium-uiautomator2-server\\apks\\appium-uiautomator2-server-debug-androidTest.apk
&amp#27;[38;5;64m[ADB]&amp#27;[0m Starting apksigner: 'C:\\Program Files\\Java\\jdk-17\\bin\\java.exe' -Xmx1024M -Xss1m -jar C:\\Users\\super\\Desktop\\Study\\Appium\\cmdline-tools\\bin\\build-tools\\34.0.0\\lib\\apksigner.jar verify --print-certs C:\\Users\\super\\.appium\\node_modules\\appium-uiautomator2-driver\\node_modules\\appium-uiautomator2-server\\apks\\appium-uiautomator2-server-v5.12.7.apk
&amp#27;[38;5;64m[ADB]&amp#27;[0m apksigner stdout: Signer #1 certificate DN: EMAILADDRESS=android@android.com, CN=Android, OU=Android, O=Android, L=Mountain View, ST=California, C=US
&amp#27;[38;5;64m[ADB]&amp#27;[0m Signer #1 certificate SHA-256 digest: a40da80a59d170caa950cf15c18c454d47a39b26989d8b640ecd745ba71bf5dc
&amp#27;[38;5;64m[ADB]&amp#27;[0m Signer #1 certificate SHA-1 digest: 61ed377e85d386a8dfee6b864bd85b0bfaa5af81
&amp#27;[38;5;64m[ADB]&amp#27;[0m Signer #1 certificate MD5 digest: e89b158e4bcf988ebd09eb83f5378e87
&amp#27;[38;5;64m[ADB]&amp#27;[0m 
&amp#27;[38;5;64m[ADB]&amp#27;[0m sha256 hash did match for 'appium-uiautomator2-server-debug-androidTest.apk'
&amp#27;[38;5;64m[ADB]&amp#27;[0m 'C:\Users\super\.appium\node_modules\appium-uiautomator2-driver\node_modules\appium-uiautomator2-server\apks\appium-uiautomator2-server-debug-androidTest.apk' is signed with the default certificate
&amp#27;[38;5;64m[ADB]&amp#27;[0m Getting install status for io.appium.uiautomator2.server.test
&amp#27;[38;5;64m[ADB]&amp#27;[0m Running 'C:\Users\super\Desktop\Study\Appium\cmdline-tools\bin\platform-tools\adb.exe -P 5037 -s LMG900TMW8KJ7DTSOB shell pm path io.appium.uiautomator2.server.test'
&amp#27;[38;5;64m[ADB]&amp#27;[0m 'io.appium.uiautomator2.server.test' is installed
&amp#27;[38;5;64m[ADB]&amp#27;[0m apksigner stdout: Signer #1 certificate DN: EMAILADDRESS=android@android.com, CN=Android, OU=Android, O=Android, L=Mountain View, ST=California, C=US
&amp#27;[38;5;64m[ADB]&amp#27;[0m Signer #1 certificate SHA-256 digest: a40da80a59d170caa950cf15c18c454d47a39b26989d8b640ecd745ba71bf5dc
&amp#27;[38;5;64m[ADB]&amp#27;[0m Signer #1 certificate SHA-1 digest: 61ed377e85d386a8dfee6b864bd85b0bfaa5af81
&amp#27;[38;5;64m[ADB]&amp#27;[0m Signer #1 certificate MD5 digest: e89b158e4bcf988ebd09eb83f5378e87
&amp#27;[38;5;64m[ADB]&amp#27;[0m 
&amp#27;[38;5;64m[ADB]&amp#27;[0m sha256 hash did match for 'appium-uiautomator2-server-v5.12.7.apk'
&amp#27;[38;5;64m[ADB]&amp#27;[0m 'C:\Users\super\.appium\node_modules\appium-uiautomator2-driver\node_modules\appium-uiautomator2-server\apks\appium-uiautomator2-server-v5.12.7.apk' is signed with the default certificate
&amp#27;[38;5;64m[ADB]&amp#27;[0m Getting package info for 'io.appium.uiautomator2.server'
&amp#27;[38;5;64m[ADB]&amp#27;[0m Running 'C:\Users\super\Desktop\Study\Appium\cmdline-tools\bin\platform-tools\adb.exe -P 5037 -s LMG900TMW8KJ7DTSOB shell dumpsys package io.appium.uiautomator2.server'
&amp#27;[38;5;64m[ADB]&amp#27;[0m The version name of the installed 'io.appium.uiautomator2.server' is greater or equal to the application version name ('5.12.7' >= '5.12.7')
&amp#27;[38;5;32m[AndroidUiautomator2Driver@c35c (83760a3e)]&amp#27;[0m Server packages status: [{"wasSigned":true,"installState":"sameVersionInstalled","appPath":"C:\\Users\\super\\.appium\\node_modules\\appium-uiautomator2-driver\\node_modules\\appium-uiautomator2-server\\apks\\appium-uiautomator2-server-v5.12.7.apk","appId":"io.appium.uiautomator2.server"},{"wasSigned":true,"installState":"sameVersionInstalled","appPath":"C:\\Users\\super\\.appium\\node_modules\\appium-uiautomator2-driver\\node_modules\\appium-uiautomator2-server\\apks\\appium-uiautomator2-server-debug-androidTest.apk","appId":"io.appium.uiautomator2.server.test"}]
&amp#27;[38;5;32m[AndroidUiautomator2Driver@c35c (83760a3e)]&amp#27;[0m Server packages are not going to be (re)installed
&amp#27;[38;5;32m[AndroidUiautomator2Driver@c35c (83760a3e)]&amp#27;[0m Waiting up to 30000ms for services to be available
&amp#27;[38;5;64m[ADB]&amp#27;[0m Running 'C:\Users\super\Desktop\Study\Appium\cmdline-tools\bin\platform-tools\adb.exe -P 5037 -s LMG900TMW8KJ7DTSOB shell pm list instrumentation'
&amp#27;[38;5;32m[AndroidUiautomator2Driver@c35c (83760a3e)]&amp#27;[0m Instrumentation target 'io.appium.uiautomator2.server.test/androidx.test.runner.AndroidJUnitRunner' is available
&amp#27;[38;5;64m[ADB]&amp#27;[0m Adding packages ["io.appium.settings","io.appium.uiautomator2.server","io.appium.uiautomator2.server.test"] to Doze whitelist
&amp#27;[38;5;64m[ADB]&amp#27;[0m Got the following command chunks to execute: [["dumpsys","deviceidle","whitelist","+io.appium.settings",";","dumpsys","deviceidle","whitelist","+io.appium.uiautomator2.server",";","dumpsys","deviceidle","whitelist","+io.appium.uiautomator2.server.test",";"]]
&amp#27;[38;5;64m[ADB]&amp#27;[0m Running 'C:\Users\super\Desktop\Study\Appium\cmdline-tools\bin\platform-tools\adb.exe -P 5037 -s LMG900TMW8KJ7DTSOB shell dumpsys deviceidle whitelist +io.appium.settings ; dumpsys deviceidle whitelist +io.appium.uiautomator2.server ; dumpsys deviceidle whitelist +io.appium.uiautomator2.server.test ;'
&amp#27;[38;5;64m[ADB]&amp#27;[0m Checking app cert for C:\Users\super\eclipse-AppiumProject\demo_app\src\test\java\testResources\Android-MyDemoAppRN.1.3.0.build-244.apk
&amp#27;[38;5;64m[ADB]&amp#27;[0m Starting apksigner: 'C:\\Program Files\\Java\\jdk-17\\bin\\java.exe' -Xmx1024M -Xss1m -jar C:\\Users\\super\\Desktop\\Study\\Appium\\cmdline-tools\\bin\\build-tools\\34.0.0\\lib\\apksigner.jar verify --print-certs C:\\Users\\super\\eclipse-AppiumProject\\demo_app\\src\\test\\java\\testResources\\Android-MyDemoAppRN.1.3.0.build-244.apk
&amp#27;[38;5;64m[ADB]&amp#27;[0m apksigner stdout: Signer #1 certificate DN: CN=Android Debug, OU=Android, O=Unknown, L=Unknown, ST=Unknown, C=US
&amp#27;[38;5;64m[ADB]&amp#27;[0m Signer #1 certificate SHA-256 digest: fac61745dc0903786fb9ede62a962b399f7348f0bb6f899b8332667591033b9c
&amp#27;[38;5;64m[ADB]&amp#27;[0m Signer #1 certificate SHA-1 digest: 5e8f16062ea3cd2c4a0d547876baa6f38cabf625
&amp#27;[38;5;64m[ADB]&amp#27;[0m Signer #1 certificate MD5 digest: 20f46148b72d8e5e5ca23d37a4f41490
&amp#27;[38;5;64m[ADB]&amp#27;[0m 
&amp#27;[38;5;64m[ADB]&amp#27;[0m 'C:\Users\super\eclipse-AppiumProject\demo_app\src\test\java\testResources\Android-MyDemoAppRN.1.3.0.build-244.apk' is signed with a non-default certificate
&amp#27;[38;5;64m[ADB]&amp#27;[0m Getting package info for 'com.saucelabs.mydemoapp.rn'
&amp#27;[38;5;64m[ADB]&amp#27;[0m Running 'C:\Users\super\Desktop\Study\Appium\cmdline-tools\bin\platform-tools\adb.exe -P 5037 -s LMG900TMW8KJ7DTSOB shell dumpsys package com.saucelabs.mydemoapp.rn'
&amp#27;[38;5;64m[ADB]&amp#27;[0m The version name of the installed 'com.saucelabs.mydemoapp.rn' is greater or equal to the application version name ('1.3.0' >= '1.3.0')
&amp#27;[38;5;64m[ADB]&amp#27;[0m There is no need to install/upgrade 'C:\Users\super\eclipse-AppiumProject\demo_app\src\test\java\testResources\Android-MyDemoAppRN.1.3.0.build-244.apk'
&amp#27;[38;5;80m[AndroidDriver]&amp#27;[0m Performing fast reset on 'com.saucelabs.mydemoapp.rn'
&amp#27;[38;5;64m[ADB]&amp#27;[0m Getting install status for com.saucelabs.mydemoapp.rn
&amp#27;[38;5;64m[ADB]&amp#27;[0m Running 'C:\Users\super\Desktop\Study\Appium\cmdline-tools\bin\platform-tools\adb.exe -P 5037 -s LMG900TMW8KJ7DTSOB shell pm path com.saucelabs.mydemoapp.rn'
&amp#27;[38;5;64m[ADB]&amp#27;[0m 'com.saucelabs.mydemoapp.rn' is installed
&amp#27;[38;5;64m[ADB]&amp#27;[0m Running 'C:\Users\super\Desktop\Study\Appium\cmdline-tools\bin\platform-tools\adb.exe -P 5037 -s LMG900TMW8KJ7DTSOB shell am force-stop com.saucelabs.mydemoapp.rn'
&amp#27;[38;5;64m[ADB]&amp#27;[0m Running 'C:\Users\super\Desktop\Study\Appium\cmdline-tools\bin\platform-tools\adb.exe -P 5037 -s LMG900TMW8KJ7DTSOB shell pm clear com.saucelabs.mydemoapp.rn'
&amp#27;[38;5;80m[AndroidDriver]&amp#27;[0m Performed fast reset on the installed 'com.saucelabs.mydemoapp.rn' application (stop and clear)
&amp#27;[38;5;32m[AndroidUiautomator2Driver@c35c (83760a3e)]&amp#27;[0m Performing shallow cleanup of automation leftovers
&amp#27;[38;5;32m[AndroidUiautomator2Driver@c35c (83760a3e)]&amp#27;[0m No obsolete sessions have been detected (socket hang up)
&amp#27;[38;5;64m[ADB]&amp#27;[0m Running 'C:\Users\super\Desktop\Study\Appium\cmdline-tools\bin\platform-tools\adb.exe -P 5037 -s LMG900TMW8KJ7DTSOB shell am force-stop io.appium.uiautomator2.server.test'
&amp#27;[38;5;32m[AndroidUiautomator2Driver@c35c (83760a3e)]&amp#27;[0m Starting UIAutomator2 server 5.12.7
&amp#27;[38;5;32m[AndroidUiautomator2Driver@c35c (83760a3e)]&amp#27;[0m Using UIAutomator2 server from 'C:\Users\super\.appium\node_modules\appium-uiautomator2-driver\node_modules\appium-uiautomator2-server\apks\appium-uiautomator2-server-v5.12.7.apk' and test from 'C:\Users\super\.appium\node_modules\appium-uiautomator2-driver\node_modules\appium-uiautomator2-server\apks\appium-uiautomator2-server-debug-androidTest.apk'
&amp#27;[38;5;32m[AndroidUiautomator2Driver@c35c (83760a3e)]&amp#27;[0m Waiting up to 30000ms for UiAutomator2 to be online...
&amp#27;[38;5;64m[ADB]&amp#27;[0m Creating ADB subprocess with args: ["-P","5037","-s","LMG900TMW8KJ7DTSOB","shell","am","instrument","-w","-e","disableAnalytics","true","io.appium.uiautomator2.server.test/androidx.test.runner.AndroidJUnitRunner"]
&amp#27;[38;5;32m[AndroidUiautomator2Driver@c35c (83760a3e)]&amp#27;[0m Matched '/status' to command name 'getStatus'
&amp#27;[38;5;32m[AndroidUiautomator2Driver@c35c (83760a3e)]&amp#27;[0m Proxying [GET /status] to [GET http://127.0.0.1:8201/status] with no body
&amp#27;[38;5;32m[AndroidUiautomator2Driver@c35c (83760a3e)]&amp#27;[0m socket hang up
&amp#27;[38;5;32m[AndroidUiautomator2Driver@c35c (83760a3e)]&amp#27;[0m Matched '/status' to command name 'getStatus'
&amp#27;[38;5;32m[AndroidUiautomator2Driver@c35c (83760a3e)]&amp#27;[0m Proxying [GET /status] to [GET http://127.0.0.1:8201/status] with no body
&amp#27;[38;5;32m[AndroidUiautomator2Driver@c35c (83760a3e)]&amp#27;[0m socket hang up
&amp#27;[38;5;112m[Instrumentation]&amp#27;[0m io.appium.uiautomator2.server.test.AppiumUiAutomator2Server:
&amp#27;[38;5;32m[AndroidUiautomator2Driver@c35c (83760a3e)]&amp#27;[0m Matched '/status' to command name 'getStatus'
&amp#27;[38;5;32m[AndroidUiautomator2Driver@c35c (83760a3e)]&amp#27;[0m Proxying [GET /status] to [GET http://127.0.0.1:8201/status] with no body
&amp#27;[38;5;32m[AndroidUiautomator2Driver@c35c (83760a3e)]&amp#27;[0m socket hang up
&amp#27;[38;5;32m[AndroidUiautomator2Driver@c35c (83760a3e)]&amp#27;[0m Matched '/status' to command name 'getStatus'
&amp#27;[38;5;32m[AndroidUiautomator2Driver@c35c (83760a3e)]&amp#27;[0m Proxying [GET /status] to [GET http://127.0.0.1:8201/status] with no body
&amp#27;[38;5;32m[AndroidUiautomator2Driver@c35c (83760a3e)]&amp#27;[0m Got response with status 200: {"sessionId":"None","value":{"message":"UiAutomator2 Server is ready to accept commands","ready":true}}
&amp#27;[38;5;32m[AndroidUiautomator2Driver@c35c (83760a3e)]&amp#27;[0m The initialization of the instrumentation process took 3191ms
&amp#27;[38;5;32m[AndroidUiautomator2Driver@c35c (83760a3e)]&amp#27;[0m Matched '/session' to command name 'createSession'
&amp#27;[38;5;32m[AndroidUiautomator2Driver@c35c (83760a3e)]&amp#27;[0m Proxying [POST /session] to [POST http://127.0.0.1:8201/session] with body: {"capabilities":{"firstMatch":[{"platformName":"ANDROID","app":"C:\\Users\\super\\eclipse-AppiumProject\\demo_app\\src\\test\\java\\testResources\\Android-MyDemoAppRN.1.3.0.build-244.apk","automationName":"UIAutomator2","chromedriverExecutable":"C:\\Users\\super\\Desktop\\Study\\Appium\\chromedriver120\\chromedriver.exe","platform":"LINUX","webStorageEnabled":false,"takesScreenshot":true,"javascriptEnabled":true,"databaseEnabled":false,"networkConnectionEnabled":true,"locationContextEnabled":false,"warnings":{},"desired":{"platformName":"ANDROID","app":"C:\\Users\\super\\eclipse-AppiumProject\\demo_app\\src\\test\\java\\testResources\\Android-MyDemoAppRN.1.3.0.build-244.apk","automationName":"UIAutomator2","chromedriverExecutable":"C:\\Users\\super\\Desktop\\Study\\Appium\\chromedriver120\\chromedriver.exe"},"deviceName":"LMG900TMW8KJ7DTSOB","deviceUDID":"LMG900TMW8KJ7DTSOB","appPackage":"com.saucelabs.mydemoapp.rn"}],"alwaysMatch":{}}}
&amp#27;[38;5;32m[AndroidUiautomator2Driver@c35c (83760a3e)]&amp#27;[0m Got response with status 200: {"sessionId":"a4f15fa2-b955-4911-9a5c-74159e5f2769","value":{"capabilities":{"firstMatch":[{"platformName":"ANDROID","app":"C:\\Users\\super\\eclipse-AppiumProject\\demo_app\\src\\test\\java\\testResources\\Android-MyDemoAppRN.1.3.0.build-244.apk","automationName":"UIAutomator2","chromedriverExecutable":"C:\\Users\\super\\Desktop\\Study\\Appium\\chromedriver120\\chromedriver.exe","platform":"LINUX","webStorageEnabled":false,"takesScreenshot":true,"javascriptEnabled":true,"databaseEnabled":false,"networkConnectionEnabled":true,"locationContextEnabled":false,"warnings":{},"desired":{"platformName":"ANDROID","app":"C:\\Users\\super\\eclipse-AppiumProject\\demo_app\\src\\test\\java\\testResources\\Android-MyDemoAppRN.1.3.0.build-244.apk","automationName":"UIAutomator2","chromedriverExecutable":"C:\\Users\\super\\Desktop\\Study\\Appium\\chromedriver120\\chromedriver.exe"},"deviceName":"LMG900TMW8KJ7DTSOB","deviceUDID":"LMG900TMW8KJ7DTSOB","appPackage":"com.saucelabs.mydemoapp.rn"}],"alwaysMatch":{}},"sessionId"...
&amp#27;[38;5;32m[AndroidUiautomator2Driver@c35c (83760a3e)]&amp#27;[0m Determined the downstream protocol as 'W3C'
&amp#27;[38;5;32m[AndroidUiautomator2Driver@c35c (83760a3e)]&amp#27;[0m Proxying [GET /appium/device/pixel_ratio] to [GET http://127.0.0.1:8201/session/a4f15fa2-b955-4911-9a5c-74159e5f2769/appium/device/pixel_ratio] with no body
&amp#27;[38;5;32m[AndroidUiautomator2Driver@c35c (83760a3e)]&amp#27;[0m Matched '/appium/device/system_bars' to command name 'getSystemBars'
&amp#27;[38;5;32m[AndroidUiautomator2Driver@c35c (83760a3e)]&amp#27;[0m Proxying [GET /appium/device/system_bars] to [GET http://127.0.0.1:8201/session/a4f15fa2-b955-4911-9a5c-74159e5f2769/appium/device/system_bars] with no body
&amp#27;[38;5;32m[AndroidUiautomator2Driver@c35c (83760a3e)]&amp#27;[0m Matched '/window/current/size' to command name 'getWindowSize'
&amp#27;[38;5;32m[AndroidUiautomator2Driver@c35c (83760a3e)]&amp#27;[0m Proxying [GET /window/current/size] to [GET http://127.0.0.1:8201/session/a4f15fa2-b955-4911-9a5c-74159e5f2769/window/current/size] with no body
&amp#27;[38;5;32m[AndroidUiautomator2Driver@c35c (83760a3e)]&amp#27;[0m Proxying [GET /appium/device/info] to [GET http://127.0.0.1:8201/session/a4f15fa2-b955-4911-9a5c-74159e5f2769/appium/device/info] with no body
&amp#27;[38;5;64m[ADB]&amp#27;[0m Running 'C:\Users\super\Desktop\Study\Appium\cmdline-tools\bin\platform-tools\adb.exe -P 5037 -s LMG900TMW8KJ7DTSOB shell dumpsys window'
&amp#27;[38;5;32m[AndroidUiautomator2Driver@c35c (83760a3e)]&amp#27;[0m Got response with status 200: {"sessionId":"a4f15fa2-b955-4911-9a5c-74159e5f2769","value":2.625}
&amp#27;[38;5;32m[AndroidUiautomator2Driver@c35c (83760a3e)]&amp#27;[0m Got response with status 200: {"sessionId":"a4f15fa2-b955-4911-9a5c-74159e5f2769","value":{"height":2342,"width":1080}}
&amp#27;[38;5;32m[AndroidUiautomator2Driver@c35c (83760a3e)]&amp#27;[0m Got response with status 200: {"sessionId":"a4f15fa2-b955-4911-9a5c-74159e5f2769","value":{"statusBar":76}}
&amp#27;[38;5;80m[AndroidDriver]&amp#27;[0m Screen already unlocked, doing nothing
&amp#27;[38;5;32m[AndroidUiautomator2Driver@c35c (83760a3e)]&amp#27;[0m Starting 'com.saucelabs.mydemoapp.rn/com.saucelabs.mydemoapp.rn.MainActivity and waiting for 'com.saucelabs.mydemoapp.rn/com.saucelabs.mydemoapp.rn.MainActivity'
&amp#27;[38;5;64m[ADB]&amp#27;[0m Running 'C:\Users\super\Desktop\Study\Appium\cmdline-tools\bin\platform-tools\adb.exe -P 5037 -s LMG900TMW8KJ7DTSOB shell am start -W -n com.saucelabs.mydemoapp.rn/com.saucelabs.mydemoapp.rn.MainActivity -S -a android.intent.action.MAIN -c android.intent.category.LAUNCHER -f 0x10200000'
&amp#27;[38;5;32m[AndroidUiautomator2Driver@c35c (83760a3e)]&amp#27;[0m Got response with status 200: {"sessionId":"a4f15fa2-b955-4911-9a5c-74159e5f2769","value":{"androidId":"cdc734c4260e7e2f","apiVersion":"31","bluetooth":{"state":"OFF"},"brand":"lge","carrierName":"","displayDensity":420,"locale":"en_US","manufacturer":"LGE","model":"LM-G900TM","networks":[{"capabilities":{"SSID":null,"linkDownBandwidthKbps":60000,"linkUpstreamBandwidthKbps":12000,"networkCapabilities":"NET_CAPABILITY_NOT_METERED,NET_CAPABILITY_INTERNET,NET_CAPABILITY_NOT_RESTRICTED,NET_CAPABILITY_TRUSTED,NET_CAPABILITY_NOT_VPN,NET_CAPABILITY_VALIDATED,NET_CAPABILITY_NOT_ROAMING,NET_CAPABILITY_FOREGROUND,NET_CAPABILITY_NOT_CONGESTED,NET_CAPABILITY_NOT_SUSPENDED","signalStrength":-62,"transportTypes":"TRANSPORT_WIFI"},"detailedState":"CONNECTED","extraInfo":"","isAvailable":true,"isConnected":true,"isFailover":false,"isRoaming":false,"state":"CONNECTED","subtype":-1,"subtypeName":"","type":1,"typeName":"WIFI"}],"platformVersion":"12","realDisplaySize":"1080x2460","timeZone":"America/Los_Angeles"}}
&amp#27;[38;5;64m[ADB]&amp#27;[0m Waiting up to 20000ms for activity matching pkg: 'com.saucelabs.mydemoapp.rn' and activity: 'com.saucelabs.mydemoapp.rn.MainActivity' to be focused
&amp#27;[38;5;64m[ADB]&amp#27;[0m Possible activities, to be checked: 'com.saucelabs.mydemoapp.rn.MainActivity', 'com.saucelabs.mydemoapp.rn.com.saucelabs.mydemoapp.rn.MainActivity'
&amp#27;[38;5;64m[ADB]&amp#27;[0m Getting focused package and activity
&amp#27;[38;5;64m[ADB]&amp#27;[0m Running 'C:\Users\super\Desktop\Study\Appium\cmdline-tools\bin\platform-tools\adb.exe -P 5037 -s LMG900TMW8KJ7DTSOB shell dumpsys window displays'
&amp#27;[38;5;64m[ADB]&amp#27;[0m Found package: 'com.saucelabs.mydemoapp.rn' and fully qualified activity name : 'com.saucelabs.mydemoapp.rn.MainActivity'
&amp#27;[38;5;16m[AppiumDriver@32e6]&amp#27;[0m New AndroidUiautomator2Driver session created successfully, session 83760a3e-13d9-4f16-93c9-f76dc55a2f2d added to master session list
&amp#27;[38;5;16m[AppiumDriver@32e6]&amp#27;[0m Event 'newSessionStarted' logged at 1707198442830 (21:47:22 GMT-0800 (Pacific Standard Time))
&amp#27;[38;5;32m[AndroidUiautomator2Driver@c35c (83760a3e)]&amp#27;[0m Cached the protocol value 'W3C' for the new session 83760a3e-13d9-4f16-93c9-f76dc55a2f2d
&amp#27;[38;5;32m[AndroidUiautomator2Driver@c35c (83760a3e)]&amp#27;[0m Responding to client with driver.createSession() result: {"capabilities":{"platformName":"ANDROID","app":"C:\\Users\\super\\eclipse-AppiumProject\\demo_app\\src\\test\\java\\testResources\\Android-MyDemoAppRN.1.3.0.build-244.apk","automationName":"UIAutomator2","chromedriverExecutable":"C:\\Users\\super\\Desktop\\Study\\Appium\\chromedriver120\\chromedriver.exe","platform":"LINUX","webStorageEnabled":false,"takesScreenshot":true,"javascriptEnabled":true,"databaseEnabled":false,"networkConnectionEnabled":true,"locationContextEnabled":false,"warnings":{},"desired":{"platformName":"ANDROID","app":"C:\\Users\\super\\eclipse-AppiumProject\\demo_app\\src\\test\\java\\testResources\\Android-MyDemoAppRN.1.3.0.build-244.apk","automationName":"UIAutomator2","chromedriverExecutable":"C:\\Users\\super\\Desktop\\Study\\Appium\\chromedriver120\\chromedriver.exe"},"deviceName":"LMG900TMW8KJ7DTSOB","deviceUDID":"LMG900TMW8KJ7DTSOB","appPackage":"com.saucelabs.mydemoapp.rn","pixelRatio":"2.625","statBarHeight":76,"viewportRect":{"left":0,"top":76,"width":1080,"height":2266},"dev...
&amp#27;[38;5;0m[HTTP]&amp#27;[0m &amp#27;[37m<-- POST /session &amp#27;[39m&amp#27;[32m200&amp#27;[39m &amp#27;[90m8040 ms - 1232&amp#27;[39m
&amp#27;[38;5;0m[HTTP]&amp#27;[0m &amp#27;[90m&amp#27;[39m
&amp#27;[38;5;0m[HTTP]&amp#27;[0m &amp#27;[37m-->&amp#27;[39m &amp#27;[37mPOST&amp#27;[39m &amp#27;[37m/session/83760a3e-13d9-4f16-93c9-f76dc55a2f2d/timeouts&amp#27;[39m
&amp#27;[38;5;0m[HTTP]&amp#27;[0m &amp#27;[90m{"implicit":10000}&amp#27;[39m
&amp#27;[38;5;32m[AndroidUiautomator2Driver@c35c (83760a3e)]&amp#27;[0m Calling AppiumDriver.timeouts() with args: [null,null,null,null,10000,"83760a3e-13d9-4f16-93c9-f76dc55a2f2d"]
&amp#27;[38;5;32m[AndroidUiautomator2Driver@c35c (83760a3e)]&amp#27;[0m W3C timeout argument: {"implicit":10000}}
&amp#27;[38;5;32m[AndroidUiautomator2Driver@c35c (83760a3e)]&amp#27;[0m Set implicit wait to 10000ms
&amp#27;[38;5;32m[AndroidUiautomator2Driver@c35c (83760a3e)]&amp#27;[0m Responding to client with driver.timeouts() result: null
&amp#27;[38;5;0m[HTTP]&amp#27;[0m &amp#27;[37m<-- POST /session/83760a3e-13d9-4f16-93c9-f76dc55a2f2d/timeouts &amp#27;[39m&amp#27;[32m200&amp#27;[39m &amp#27;[90m3 ms - 14&amp#27;[39m
&amp#27;[38;5;0m[HTTP]&amp#27;[0m &amp#27;[90m&amp#27;[39m
&amp#27;[38;5;0m[HTTP]&amp#27;[0m &amp#27;[37m-->&amp#27;[39m &amp#27;[37mGET&amp#27;[39m &amp#27;[37m/session/83760a3e-13d9-4f16-93c9-f76dc55a2f2d/context&amp#27;[39m
&amp#27;[38;5;0m[HTTP]&amp#27;[0m &amp#27;[90m{}&amp#27;[39m
&amp#27;[38;5;32m[AndroidUiautomator2Driver@c35c (83760a3e)]&amp#27;[0m Calling AppiumDriver.getCurrentContext() with args: ["83760a3e-13d9-4f16-93c9-f76dc55a2f2d"]
&amp#27;[38;5;32m[AndroidUiautomator2Driver@c35c (83760a3e)]&amp#27;[0m Responding to client with driver.getCurrentContext() result: "NATIVE_APP"
&amp#27;[38;5;0m[HTTP]&amp#27;[0m &amp#27;[37m<-- GET /session/83760a3e-13d9-4f16-93c9-f76dc55a2f2d/context &amp#27;[39m&amp#27;[32m200&amp#27;[39m &amp#27;[90m5 ms - 22&amp#27;[39m
&amp#27;[38;5;0m[HTTP]&amp#27;[0m &amp#27;[90m&amp#27;[39m
&amp#27;[38;5;0m[HTTP]&amp#27;[0m &amp#27;[37m-->&amp#27;[39m &amp#27;[37mPOST&amp#27;[39m &amp#27;[37m/session/83760a3e-13d9-4f16-93c9-f76dc55a2f2d/element&amp#27;[39m
&amp#27;[38;5;0m[HTTP]&amp#27;[0m &amp#27;[90m{"using":"accessibility id","value":"open menu"}&amp#27;[39m
&amp#27;[38;5;32m[AndroidUiautomator2Driver@c35c (83760a3e)]&amp#27;[0m Calling AppiumDriver.findElement() with args: ["accessibility id","open menu","83760a3e-13d9-4f16-93c9-f76dc55a2f2d"]
&amp#27;[38;5;32m[AndroidUiautomator2Driver@c35c (83760a3e)]&amp#27;[0m Valid locator strategies for this request: xpath, id, class name, accessibility id, css selector, -android uiautomator
&amp#27;[38;5;32m[AndroidUiautomator2Driver@c35c (83760a3e)]&amp#27;[0m Waiting up to 10000 ms for condition
&amp#27;[38;5;32m[AndroidUiautomator2Driver@c35c (83760a3e)]&amp#27;[0m Matched '/element' to command name 'findElement'
&amp#27;[38;5;32m[AndroidUiautomator2Driver@c35c (83760a3e)]&amp#27;[0m Proxying [POST /element] to [POST http://127.0.0.1:8201/session/a4f15fa2-b955-4911-9a5c-74159e5f2769/element] with body: {"strategy":"accessibility id","selector":"open menu","context":"","multiple":false}
&amp#27;[38;5;32m[AndroidUiautomator2Driver@c35c (83760a3e)]&amp#27;[0m Got response with status 200: {"sessionId":"a4f15fa2-b955-4911-9a5c-74159e5f2769","value":{"ELEMENT":"00000000-0000-05af-ffff-ffff00000022","element-6066-11e4-a52e-4f735466cecf":"00000000-0000-05af-ffff-ffff00000022"}}
&amp#27;[38;5;32m[AndroidUiautomator2Driver@c35c (83760a3e)]&amp#27;[0m Responding to client with driver.findElement() result: {"element-6066-11e4-a52e-4f735466cecf":"00000000-0000-05af-ffff-ffff00000022","ELEMENT":"00000000-0000-05af-ffff-ffff00000022"}
&amp#27;[38;5;0m[HTTP]&amp#27;[0m &amp#27;[37m<-- POST /session/83760a3e-13d9-4f16-93c9-f76dc55a2f2d/element &amp#27;[39m&amp#27;[32m200&amp#27;[39m &amp#27;[90m177 ms - 137&amp#27;[39m
&amp#27;[38;5;0m[HTTP]&amp#27;[0m &amp#27;[90m&amp#27;[39m
&amp#27;[38;5;0m[HTTP]&amp#27;[0m &amp#27;[37m-->&amp#27;[39m &amp#27;[37mGET&amp#27;[39m &amp#27;[37m/session/83760a3e-13d9-4f16-93c9-f76dc55a2f2d/element/00000000-0000-05af-ffff-ffff00000022/displayed&amp#27;[39m
&amp#27;[38;5;0m[HTTP]&amp#27;[0m &amp#27;[90m{}&amp#27;[39m
&amp#27;[38;5;32m[AndroidUiautomator2Driver@c35c (83760a3e)]&amp#27;[0m Calling AppiumDriver.elementDisplayed() with args: ["00000000-0000-05af-ffff-ffff00000022","83760a3e-13d9-4f16-93c9-f76dc55a2f2d"]
&amp#27;[38;5;32m[AndroidUiautomator2Driver@c35c (83760a3e)]&amp#27;[0m Matched '/element/00000000-0000-05af-ffff-ffff00000022/attribute/displayed' to command name 'getAttribute'
&amp#27;[38;5;32m[AndroidUiautomator2Driver@c35c (83760a3e)]&amp#27;[0m Proxying [GET /element/00000000-0000-05af-ffff-ffff00000022/attribute/displayed] to [GET http://127.0.0.1:8201/session/a4f15fa2-b955-4911-9a5c-74159e5f2769/element/00000000-0000-05af-ffff-ffff00000022/attribute/displayed] with no body
&amp#27;[38;5;32m[AndroidUiautomator2Driver@c35c (83760a3e)]&amp#27;[0m Got response with status 200: {"sessionId":"a4f15fa2-b955-4911-9a5c-74159e5f2769","value":"true"}
&amp#27;[38;5;32m[AndroidUiautomator2Driver@c35c (83760a3e)]&amp#27;[0m Responding to client with driver.elementDisplayed() result: true
&amp#27;[38;5;0m[HTTP]&amp#27;[0m &amp#27;[37m<-- GET /session/83760a3e-13d9-4f16-93c9-f76dc55a2f2d/element/00000000-0000-05af-ffff-ffff00000022/displayed &amp#27;[39m&amp#27;[32m200&amp#27;[39m &amp#27;[90m34 ms - 14&amp#27;[39m
&amp#27;[38;5;0m[HTTP]&amp#27;[0m &amp#27;[90m&amp#27;[39m
&amp#27;[38;5;0m[HTTP]&amp#27;[0m &amp#27;[37m-->&amp#27;[39m &amp#27;[37mGET&amp#27;[39m &amp#27;[37m/session/83760a3e-13d9-4f16-93c9-f76dc55a2f2d/context&amp#27;[39m
&amp#27;[38;5;0m[HTTP]&amp#27;[0m &amp#27;[90m{}&amp#27;[39m
&amp#27;[38;5;32m[AndroidUiautomator2Driver@c35c (83760a3e)]&amp#27;[0m Calling AppiumDriver.getCurrentContext() with args: ["83760a3e-13d9-4f16-93c9-f76dc55a2f2d"]
&amp#27;[38;5;32m[AndroidUiautomator2Driver@c35c (83760a3e)]&amp#27;[0m Responding to client with driver.getCurrentContext() result: "NATIVE_APP"
&amp#27;[38;5;0m[HTTP]&amp#27;[0m &amp#27;[37m<-- GET /session/83760a3e-13d9-4f16-93c9-f76dc55a2f2d/context &amp#27;[39m&amp#27;[32m200&amp#27;[39m &amp#27;[90m3 ms - 22&amp#27;[39m
&amp#27;[38;5;0m[HTTP]&amp#27;[0m &amp#27;[90m&amp#27;[39m
&amp#27;[38;5;0m[HTTP]&amp#27;[0m &amp#27;[37m-->&amp#27;[39m &amp#27;[37mPOST&amp#27;[39m &amp#27;[37m/session/83760a3e-13d9-4f16-93c9-f76dc55a2f2d/element&amp#27;[39m
&amp#27;[38;5;0m[HTTP]&amp#27;[0m &amp#27;[90m{"using":"accessibility id","value":"open menu"}&amp#27;[39m
&amp#27;[38;5;32m[AndroidUiautomator2Driver@c35c (83760a3e)]&amp#27;[0m Calling AppiumDriver.findElement() with args: ["accessibility id","open menu","83760a3e-13d9-4f16-93c9-f76dc55a2f2d"]
&amp#27;[38;5;32m[AndroidUiautomator2Driver@c35c (83760a3e)]&amp#27;[0m Valid locator strategies for this request: xpath, id, class name, accessibility id, css selector, -android uiautomator
&amp#27;[38;5;32m[AndroidUiautomator2Driver@c35c (83760a3e)]&amp#27;[0m Waiting up to 10000 ms for condition
&amp#27;[38;5;32m[AndroidUiautomator2Driver@c35c (83760a3e)]&amp#27;[0m Matched '/element' to command name 'findElement'
&amp#27;[38;5;32m[AndroidUiautomator2Driver@c35c (83760a3e)]&amp#27;[0m Proxying [POST /element] to [POST http://127.0.0.1:8201/session/a4f15fa2-b955-4911-9a5c-74159e5f2769/element] with body: {"strategy":"accessibility id","selector":"open menu","context":"","multiple":false}
&amp#27;[38;5;32m[AndroidUiautomator2Driver@c35c (83760a3e)]&amp#27;[0m Got response with status 200: {"sessionId":"a4f15fa2-b955-4911-9a5c-74159e5f2769","value":{"ELEMENT":"00000000-0000-05af-ffff-ffff00000022","element-6066-11e4-a52e-4f735466cecf":"00000000-0000-05af-ffff-ffff00000022"}}
&amp#27;[38;5;32m[AndroidUiautomator2Driver@c35c (83760a3e)]&amp#27;[0m Responding to client with driver.findElement() result: {"element-6066-11e4-a52e-4f735466cecf":"00000000-0000-05af-ffff-ffff00000022","ELEMENT":"00000000-0000-05af-ffff-ffff00000022"}
&amp#27;[38;5;0m[HTTP]&amp#27;[0m &amp#27;[37m<-- POST /session/83760a3e-13d9-4f16-93c9-f76dc55a2f2d/element &amp#27;[39m&amp#27;[32m200&amp#27;[39m &amp#27;[90m125 ms - 137&amp#27;[39m
&amp#27;[38;5;0m[HTTP]&amp#27;[0m &amp#27;[90m&amp#27;[39m
&amp#27;[38;5;0m[HTTP]&amp#27;[0m &amp#27;[37m-->&amp#27;[39m &amp#27;[37mGET&amp#27;[39m &amp#27;[37m/session/83760a3e-13d9-4f16-93c9-f76dc55a2f2d/element/00000000-0000-05af-ffff-ffff00000022/enabled&amp#27;[39m
&amp#27;[38;5;0m[HTTP]&amp#27;[0m &amp#27;[90m{}&amp#27;[39m
&amp#27;[38;5;32m[AndroidUiautomator2Driver@c35c (83760a3e)]&amp#27;[0m Calling AppiumDriver.elementEnabled() with args: ["00000000-0000-05af-ffff-ffff00000022","83760a3e-13d9-4f16-93c9-f76dc55a2f2d"]
&amp#27;[38;5;32m[AndroidUiautomator2Driver@c35c (83760a3e)]&amp#27;[0m Matched '/element/00000000-0000-05af-ffff-ffff00000022/attribute/enabled' to command name 'getAttribute'
&amp#27;[38;5;32m[AndroidUiautomator2Driver@c35c (83760a3e)]&amp#27;[0m Proxying [GET /element/00000000-0000-05af-ffff-ffff00000022/attribute/enabled] to [GET http://127.0.0.1:8201/session/a4f15fa2-b955-4911-9a5c-74159e5f2769/element/00000000-0000-05af-ffff-ffff00000022/attribute/enabled] with no body
&amp#27;[38;5;32m[AndroidUiautomator2Driver@c35c (83760a3e)]&amp#27;[0m Got response with status 200: {"sessionId":"a4f15fa2-b955-4911-9a5c-74159e5f2769","value":"true"}
&amp#27;[38;5;32m[AndroidUiautomator2Driver@c35c (83760a3e)]&amp#27;[0m Responding to client with driver.elementEnabled() result: true
&amp#27;[38;5;0m[HTTP]&amp#27;[0m &amp#27;[37m<-- GET /session/83760a3e-13d9-4f16-93c9-f76dc55a2f2d/element/00000000-0000-05af-ffff-ffff00000022/enabled &amp#27;[39m&amp#27;[32m200&amp#27;[39m &amp#27;[90m35 ms - 14&amp#27;[39m
&amp#27;[38;5;0m[HTTP]&amp#27;[0m &amp#27;[90m&amp#27;[39m
&amp#27;[38;5;0m[HTTP]&amp#27;[0m &amp#27;[37m-->&amp#27;[39m &amp#27;[37mGET&amp#27;[39m &amp#27;[37m/session/83760a3e-13d9-4f16-93c9-f76dc55a2f2d/context&amp#27;[39m
&amp#27;[38;5;0m[HTTP]&amp#27;[0m &amp#27;[90m{}&amp#27;[39m
&amp#27;[38;5;32m[AndroidUiautomator2Driver@c35c (83760a3e)]&amp#27;[0m Calling AppiumDriver.getCurrentContext() with args: ["83760a3e-13d9-4f16-93c9-f76dc55a2f2d"]
&amp#27;[38;5;32m[AndroidUiautomator2Driver@c35c (83760a3e)]&amp#27;[0m Responding to client with driver.getCurrentContext() result: "NATIVE_APP"
&amp#27;[38;5;0m[HTTP]&amp#27;[0m &amp#27;[37m<-- GET /session/83760a3e-13d9-4f16-93c9-f76dc55a2f2d/context &amp#27;[39m&amp#27;[32m200&amp#27;[39m &amp#27;[90m1 ms - 22&amp#27;[39m
&amp#27;[38;5;0m[HTTP]&amp#27;[0m &amp#27;[90m&amp#27;[39m
&amp#27;[38;5;0m[HTTP]&amp#27;[0m &amp#27;[37m-->&amp#27;[39m &amp#27;[37mPOST&amp#27;[39m &amp#27;[37m/session/83760a3e-13d9-4f16-93c9-f76dc55a2f2d/element&amp#27;[39m
&amp#27;[38;5;0m[HTTP]&amp#27;[0m &amp#27;[90m{"using":"accessibility id","value":"open menu"}&amp#27;[39m
&amp#27;[38;5;32m[AndroidUiautomator2Driver@c35c (83760a3e)]&amp#27;[0m Calling AppiumDriver.findElement() with args: ["accessibility id","open menu","83760a3e-13d9-4f16-93c9-f76dc55a2f2d"]
&amp#27;[38;5;32m[AndroidUiautomator2Driver@c35c (83760a3e)]&amp#27;[0m Valid locator strategies for this request: xpath, id, class name, accessibility id, css selector, -android uiautomator
&amp#27;[38;5;32m[AndroidUiautomator2Driver@c35c (83760a3e)]&amp#27;[0m Waiting up to 10000 ms for condition
&amp#27;[38;5;32m[AndroidUiautomator2Driver@c35c (83760a3e)]&amp#27;[0m Matched '/element' to command name 'findElement'
&amp#27;[38;5;32m[AndroidUiautomator2Driver@c35c (83760a3e)]&amp#27;[0m Proxying [POST /element] to [POST http://127.0.0.1:8201/session/a4f15fa2-b955-4911-9a5c-74159e5f2769/element] with body: {"strategy":"accessibility id","selector":"open menu","context":"","multiple":false}
&amp#27;[38;5;32m[AndroidUiautomator2Driver@c35c (83760a3e)]&amp#27;[0m Got response with status 200: {"sessionId":"a4f15fa2-b955-4911-9a5c-74159e5f2769","value":{"ELEMENT":"00000000-0000-05af-ffff-ffff00000022","element-6066-11e4-a52e-4f735466cecf":"00000000-0000-05af-ffff-ffff00000022"}}
&amp#27;[38;5;32m[AndroidUiautomator2Driver@c35c (83760a3e)]&amp#27;[0m Responding to client with driver.findElement() result: {"element-6066-11e4-a52e-4f735466cecf":"00000000-0000-05af-ffff-ffff00000022","ELEMENT":"00000000-0000-05af-ffff-ffff00000022"}
&amp#27;[38;5;0m[HTTP]&amp#27;[0m &amp#27;[37m<-- POST /session/83760a3e-13d9-4f16-93c9-f76dc55a2f2d/element &amp#27;[39m&amp#27;[32m200&amp#27;[39m &amp#27;[90m123 ms - 137&amp#27;[39m
&amp#27;[38;5;0m[HTTP]&amp#27;[0m &amp#27;[90m&amp#27;[39m
&amp#27;[38;5;0m[HTTP]&amp#27;[0m &amp#27;[37m-->&amp#27;[39m &amp#27;[37mPOST&amp#27;[39m &amp#27;[37m/session/83760a3e-13d9-4f16-93c9-f76dc55a2f2d/element/00000000-0000-05af-ffff-ffff00000022/click&amp#27;[39m
&amp#27;[38;5;0m[HTTP]&amp#27;[0m &amp#27;[90m{"id":"00000000-0000-05af-ffff-ffff00000022"}&amp#27;[39m
&amp#27;[38;5;32m[AndroidUiautomator2Driver@c35c (83760a3e)]&amp#27;[0m Calling AppiumDriver.click() with args: ["00000000-0000-05af-ffff-ffff00000022","83760a3e-13d9-4f16-93c9-f76dc55a2f2d"]
&amp#27;[38;5;32m[AndroidUiautomator2Driver@c35c (83760a3e)]&amp#27;[0m Matched '/element/00000000-0000-05af-ffff-ffff00000022/click' to command name 'click'
&amp#27;[38;5;32m[AndroidUiautomator2Driver@c35c (83760a3e)]&amp#27;[0m Proxying [POST /element/00000000-0000-05af-ffff-ffff00000022/click] to [POST http://127.0.0.1:8201/session/a4f15fa2-b955-4911-9a5c-74159e5f2769/element/00000000-0000-05af-ffff-ffff00000022/click] with body: {"element":"00000000-0000-05af-ffff-ffff00000022"}
&amp#27;[38;5;32m[AndroidUiautomator2Driver@c35c (83760a3e)]&amp#27;[0m Got response with status 200: {"sessionId":"a4f15fa2-b955-4911-9a5c-74159e5f2769","value":null}
&amp#27;[38;5;32m[AndroidUiautomator2Driver@c35c (83760a3e)]&amp#27;[0m Responding to client with driver.click() result: null
&amp#27;[38;5;0m[HTTP]&amp#27;[0m &amp#27;[37m<-- POST /session/83760a3e-13d9-4f16-93c9-f76dc55a2f2d/element/00000000-0000-05af-ffff-ffff00000022/click &amp#27;[39m&amp#27;[32m200&amp#27;[39m &amp#27;[90m96 ms - 14&amp#27;[39m
&amp#27;[38;5;0m[HTTP]&amp#27;[0m &amp#27;[90m&amp#27;[39m
&amp#27;[38;5;0m[HTTP]&amp#27;[0m &amp#27;[37m-->&amp#27;[39m &amp#27;[37mGET&amp#27;[39m &amp#27;[37m/session/83760a3e-13d9-4f16-93c9-f76dc55a2f2d/context&amp#27;[39m
&amp#27;[38;5;0m[HTTP]&amp#27;[0m &amp#27;[90m{}&amp#27;[39m
&amp#27;[38;5;32m[AndroidUiautomator2Driver@c35c (83760a3e)]&amp#27;[0m Calling AppiumDriver.getCurrentContext() with args: ["83760a3e-13d9-4f16-93c9-f76dc55a2f2d"]
&amp#27;[38;5;32m[AndroidUiautomator2Driver@c35c (83760a3e)]&amp#27;[0m Responding to client with driver.getCurrentContext() result: "NATIVE_APP"
&amp#27;[38;5;0m[HTTP]&amp#27;[0m &amp#27;[37m<-- GET /session/83760a3e-13d9-4f16-93c9-f76dc55a2f2d/context &amp#27;[39m&amp#27;[32m200&amp#27;[39m &amp#27;[90m1 ms - 22&amp#27;[39m
&amp#27;[38;5;0m[HTTP]&amp#27;[0m &amp#27;[90m&amp#27;[39m
&amp#27;[38;5;0m[HTTP]&amp#27;[0m &amp#27;[37m-->&amp#27;[39m &amp#27;[37mPOST&amp#27;[39m &amp#27;[37m/session/83760a3e-13d9-4f16-93c9-f76dc55a2f2d/element&amp#27;[39m
&amp#27;[38;5;0m[HTTP]&amp#27;[0m &amp#27;[90m{"using":"accessibility id","value":"menu item about"}&amp#27;[39m
&amp#27;[38;5;32m[AndroidUiautomator2Driver@c35c (83760a3e)]&amp#27;[0m Calling AppiumDriver.findElement() with args: ["accessibility id","menu item about","83760a3e-13d9-4f16-93c9-f76dc55a2f2d"]
&amp#27;[38;5;32m[AndroidUiautomator2Driver@c35c (83760a3e)]&amp#27;[0m Valid locator strategies for this request: xpath, id, class name, accessibility id, css selector, -android uiautomator
&amp#27;[38;5;32m[AndroidUiautomator2Driver@c35c (83760a3e)]&amp#27;[0m Waiting up to 10000 ms for condition
&amp#27;[38;5;32m[AndroidUiautomator2Driver@c35c (83760a3e)]&amp#27;[0m Matched '/element' to command name 'findElement'
&amp#27;[38;5;32m[AndroidUiautomator2Driver@c35c (83760a3e)]&amp#27;[0m Proxying [POST /element] to [POST http://127.0.0.1:8201/session/a4f15fa2-b955-4911-9a5c-74159e5f2769/element] with body: {"strategy":"accessibility id","selector":"menu item about","context":"","multiple":false}
&amp#27;[38;5;32m[AndroidUiautomator2Driver@c35c (83760a3e)]&amp#27;[0m Got response with status 200: {"sessionId":"a4f15fa2-b955-4911-9a5c-74159e5f2769","value":{"ELEMENT":"00000000-0000-05af-ffff-ffff0000009a","element-6066-11e4-a52e-4f735466cecf":"00000000-0000-05af-ffff-ffff0000009a"}}
&amp#27;[38;5;32m[AndroidUiautomator2Driver@c35c (83760a3e)]&amp#27;[0m Responding to client with driver.findElement() result: {"element-6066-11e4-a52e-4f735466cecf":"00000000-0000-05af-ffff-ffff0000009a","ELEMENT":"00000000-0000-05af-ffff-ffff0000009a"}
&amp#27;[38;5;0m[HTTP]&amp#27;[0m &amp#27;[37m<-- POST /session/83760a3e-13d9-4f16-93c9-f76dc55a2f2d/element &amp#27;[39m&amp#27;[32m200&amp#27;[39m &amp#27;[90m292 ms - 137&amp#27;[39m
&amp#27;[38;5;0m[HTTP]&amp#27;[0m &amp#27;[90m&amp#27;[39m
&amp#27;[38;5;0m[HTTP]&amp#27;[0m &amp#27;[37m-->&amp#27;[39m &amp#27;[37mPOST&amp#27;[39m &amp#27;[37m/session/83760a3e-13d9-4f16-93c9-f76dc55a2f2d/element/00000000-0000-05af-ffff-ffff0000009a/click&amp#27;[39m
&amp#27;[38;5;0m[HTTP]&amp#27;[0m &amp#27;[90m{"id":"00000000-0000-05af-ffff-ffff0000009a"}&amp#27;[39m
&amp#27;[38;5;32m[AndroidUiautomator2Driver@c35c (83760a3e)]&amp#27;[0m Calling AppiumDriver.click() with args: ["00000000-0000-05af-ffff-ffff0000009a","83760a3e-13d9-4f16-93c9-f76dc55a2f2d"]
&amp#27;[38;5;32m[AndroidUiautomator2Driver@c35c (83760a3e)]&amp#27;[0m Matched '/element/00000000-0000-05af-ffff-ffff0000009a/click' to command name 'click'
&amp#27;[38;5;32m[AndroidUiautomator2Driver@c35c (83760a3e)]&amp#27;[0m Proxying [POST /element/00000000-0000-05af-ffff-ffff0000009a/click] to [POST http://127.0.0.1:8201/session/a4f15fa2-b955-4911-9a5c-74159e5f2769/element/00000000-0000-05af-ffff-ffff0000009a/click] with body: {"element":"00000000-0000-05af-ffff-ffff0000009a"}
&amp#27;[38;5;32m[AndroidUiautomator2Driver@c35c (83760a3e)]&amp#27;[0m Got response with status 200: {"sessionId":"a4f15fa2-b955-4911-9a5c-74159e5f2769","value":null}
&amp#27;[38;5;32m[AndroidUiautomator2Driver@c35c (83760a3e)]&amp#27;[0m Responding to client with driver.click() result: null
&amp#27;[38;5;0m[HTTP]&amp#27;[0m &amp#27;[37m<-- POST /session/83760a3e-13d9-4f16-93c9-f76dc55a2f2d/element/00000000-0000-05af-ffff-ffff0000009a/click &amp#27;[39m&amp#27;[32m200&amp#27;[39m &amp#27;[90m1337 ms - 14&amp#27;[39m
&amp#27;[38;5;0m[HTTP]&amp#27;[0m &amp#27;[90m&amp#27;[39m
&amp#27;[38;5;0m[HTTP]&amp#27;[0m &amp#27;[37m-->&amp#27;[39m &amp#27;[37mGET&amp#27;[39m &amp#27;[37m/session/83760a3e-13d9-4f16-93c9-f76dc55a2f2d/context&amp#27;[39m
&amp#27;[38;5;0m[HTTP]&amp#27;[0m &amp#27;[90m{}&amp#27;[39m
&amp#27;[38;5;32m[AndroidUiautomator2Driver@c35c (83760a3e)]&amp#27;[0m Calling AppiumDriver.getCurrentContext() with args: ["83760a3e-13d9-4f16-93c9-f76dc55a2f2d"]
&amp#27;[38;5;32m[AndroidUiautomator2Driver@c35c (83760a3e)]&amp#27;[0m Responding to client with driver.getCurrentContext() result: "NATIVE_APP"
&amp#27;[38;5;0m[HTTP]&amp#27;[0m &amp#27;[37m<-- GET /session/83760a3e-13d9-4f16-93c9-f76dc55a2f2d/context &amp#27;[39m&amp#27;[32m200&amp#27;[39m &amp#27;[90m1 ms - 22&amp#27;[39m
&amp#27;[38;5;0m[HTTP]&amp#27;[0m &amp#27;[90m&amp#27;[39m
&amp#27;[38;5;0m[HTTP]&amp#27;[0m &amp#27;[37m-->&amp#27;[39m &amp#27;[37mPOST&amp#27;[39m &amp#27;[37m/session/83760a3e-13d9-4f16-93c9-f76dc55a2f2d/element&amp#27;[39m
&amp#27;[38;5;0m[HTTP]&amp#27;[0m &amp#27;[90m{"using":"accessibility id","value":"container header"}&amp#27;[39m
&amp#27;[38;5;32m[AndroidUiautomator2Driver@c35c (83760a3e)]&amp#27;[0m Calling AppiumDriver.findElement() with args: ["accessibility id","container header","83760a3e-13d9-4f16-93c9-f76dc55a2f2d"]
&amp#27;[38;5;32m[AndroidUiautomator2Driver@c35c (83760a3e)]&amp#27;[0m Valid locator strategies for this request: xpath, id, class name, accessibility id, css selector, -android uiautomator
&amp#27;[38;5;32m[AndroidUiautomator2Driver@c35c (83760a3e)]&amp#27;[0m Waiting up to 10000 ms for condition
&amp#27;[38;5;32m[AndroidUiautomator2Driver@c35c (83760a3e)]&amp#27;[0m Matched '/element' to command name 'findElement'
&amp#27;[38;5;32m[AndroidUiautomator2Driver@c35c (83760a3e)]&amp#27;[0m Proxying [POST /element] to [POST http://127.0.0.1:8201/session/a4f15fa2-b955-4911-9a5c-74159e5f2769/element] with body: {"strategy":"accessibility id","selector":"container header","context":"","multiple":false}
&amp#27;[38;5;32m[AndroidUiautomator2Driver@c35c (83760a3e)]&amp#27;[0m Got response with status 200: {"sessionId":"a4f15fa2-b955-4911-9a5c-74159e5f2769","value":{"ELEMENT":"00000000-0000-05af-ffff-ffff000000ba","element-6066-11e4-a52e-4f735466cecf":"00000000-0000-05af-ffff-ffff000000ba"}}
&amp#27;[38;5;32m[AndroidUiautomator2Driver@c35c (83760a3e)]&amp#27;[0m Responding to client with driver.findElement() result: {"element-6066-11e4-a52e-4f735466cecf":"00000000-0000-05af-ffff-ffff000000ba","ELEMENT":"00000000-0000-05af-ffff-ffff000000ba"}
&amp#27;[38;5;0m[HTTP]&amp#27;[0m &amp#27;[37m<-- POST /session/83760a3e-13d9-4f16-93c9-f76dc55a2f2d/element &amp#27;[39m&amp#27;[32m200&amp#27;[39m &amp#27;[90m1807 ms - 137&amp#27;[39m
&amp#27;[38;5;0m[HTTP]&amp#27;[0m &amp#27;[90m&amp#27;[39m
&amp#27;[38;5;0m[HTTP]&amp#27;[0m &amp#27;[37m-->&amp#27;[39m &amp#27;[37mPOST&amp#27;[39m &amp#27;[37m/session/83760a3e-13d9-4f16-93c9-f76dc55a2f2d/element/00000000-0000-05af-ffff-ffff000000ba/element&amp#27;[39m
&amp#27;[38;5;0m[HTTP]&amp#27;[0m &amp#27;[90m{"id":"00000000-0000-05af-ffff-ffff000000ba","using":"class name","value":"android.widget.TextView"}&amp#27;[39m
&amp#27;[38;5;32m[AndroidUiautomator2Driver@c35c (83760a3e)]&amp#27;[0m Calling AppiumDriver.findElementFromElement() with args: ["class name","android.widget.TextView","00000000-0000-05af-ffff-ffff000000ba","83760a3e-13d9-4f16-93c9-f76dc55a2f2d"]
&amp#27;[38;5;32m[AndroidUiautomator2Driver@c35c (83760a3e)]&amp#27;[0m Valid locator strategies for this request: xpath, id, class name, accessibility id, css selector, -android uiautomator
&amp#27;[38;5;32m[AndroidUiautomator2Driver@c35c (83760a3e)]&amp#27;[0m Waiting up to 10000 ms for condition
&amp#27;[38;5;32m[AndroidUiautomator2Driver@c35c (83760a3e)]&amp#27;[0m Matched '/element' to command name 'findElement'
&amp#27;[38;5;32m[AndroidUiautomator2Driver@c35c (83760a3e)]&amp#27;[0m Proxying [POST /element] to [POST http://127.0.0.1:8201/session/a4f15fa2-b955-4911-9a5c-74159e5f2769/element] with body: {"strategy":"class name","selector":"android.widget.TextView","context":"00000000-0000-05af-ffff-ffff000000ba","multiple":false}
&amp#27;[38;5;32m[AndroidUiautomator2Driver@c35c (83760a3e)]&amp#27;[0m Got response with status 200: {"sessionId":"a4f15fa2-b955-4911-9a5c-74159e5f2769","value":{"ELEMENT":"00000000-0000-05af-ffff-ffff000000bb","element-6066-11e4-a52e-4f735466cecf":"00000000-0000-05af-ffff-ffff000000bb"}}
&amp#27;[38;5;32m[AndroidUiautomator2Driver@c35c (83760a3e)]&amp#27;[0m Responding to client with driver.findElementFromElement() result: {"element-6066-11e4-a52e-4f735466cecf":"00000000-0000-05af-ffff-ffff000000bb","ELEMENT":"00000000-0000-05af-ffff-ffff000000bb"}
&amp#27;[38;5;0m[HTTP]&amp#27;[0m &amp#27;[37m<-- POST /session/83760a3e-13d9-4f16-93c9-f76dc55a2f2d/element/00000000-0000-05af-ffff-ffff000000ba/element &amp#27;[39m&amp#27;[32m200&amp#27;[39m &amp#27;[90m60 ms - 137&amp#27;[39m
&amp#27;[38;5;0m[HTTP]&amp#27;[0m &amp#27;[90m&amp#27;[39m
&amp#27;[38;5;0m[HTTP]&amp#27;[0m &amp#27;[37m-->&amp#27;[39m &amp#27;[37mGET&amp#27;[39m &amp#27;[37m/session/83760a3e-13d9-4f16-93c9-f76dc55a2f2d/element/00000000-0000-05af-ffff-ffff000000bb/text&amp#27;[39m
&amp#27;[38;5;0m[HTTP]&amp#27;[0m &amp#27;[90m{}&amp#27;[39m
&amp#27;[38;5;32m[AndroidUiautomator2Driver@c35c (83760a3e)]&amp#27;[0m Driver proxy active, passing request on via HTTP proxy
&amp#27;[38;5;32m[AndroidUiautomator2Driver@c35c (83760a3e)]&amp#27;[0m Matched '/session/83760a3e-13d9-4f16-93c9-f76dc55a2f2d/element/00000000-0000-05af-ffff-ffff000000bb/text' to command name 'getText'
&amp#27;[38;5;32m[AndroidUiautomator2Driver@c35c (83760a3e)]&amp#27;[0m Proxying [GET /session/83760a3e-13d9-4f16-93c9-f76dc55a2f2d/element/00000000-0000-05af-ffff-ffff000000bb/text] to [GET http://127.0.0.1:8201/session/a4f15fa2-b955-4911-9a5c-74159e5f2769/element/00000000-0000-05af-ffff-ffff000000bb/text] with no body
&amp#27;[38;5;32m[AndroidUiautomator2Driver@c35c (83760a3e)]&amp#27;[0m Got response with status 200: {"sessionId":"a4f15fa2-b955-4911-9a5c-74159e5f2769","value":"About"}
&amp#27;[38;5;32m[AndroidUiautomator2Driver@c35c (83760a3e)]&amp#27;[0m Replacing sessionId a4f15fa2-b955-4911-9a5c-74159e5f2769 with 83760a3e-13d9-4f16-93c9-f76dc55a2f2d
&amp#27;[38;5;0m[HTTP]&amp#27;[0m &amp#27;[37m<-- GET /session/83760a3e-13d9-4f16-93c9-f76dc55a2f2d/element/00000000-0000-05af-ffff-ffff000000bb/text &amp#27;[39m&amp#27;[32m200&amp#27;[39m &amp#27;[90m32 ms - 68&amp#27;[39m
&amp#27;[38;5;0m[HTTP]&amp#27;[0m &amp#27;[90m&amp#27;[39m
&amp#27;[38;5;0m[HTTP]&amp#27;[0m &amp#27;[37m-->&amp#27;[39m &amp#27;[37mGET&amp#27;[39m &amp#27;[37m/session/83760a3e-13d9-4f16-93c9-f76dc55a2f2d/context&amp#27;[39m
&amp#27;[38;5;0m[HTTP]&amp#27;[0m &amp#27;[90m{}&amp#27;[39m
&amp#27;[38;5;32m[AndroidUiautomator2Driver@c35c (83760a3e)]&amp#27;[0m Calling AppiumDriver.getCurrentContext() with args: ["83760a3e-13d9-4f16-93c9-f76dc55a2f2d"]
&amp#27;[38;5;32m[AndroidUiautomator2Driver@c35c (83760a3e)]&amp#27;[0m Responding to client with driver.getCurrentContext() result: "NATIVE_APP"
&amp#27;[38;5;0m[HTTP]&amp#27;[0m &amp#27;[37m<-- GET /session/83760a3e-13d9-4f16-93c9-f76dc55a2f2d/context &amp#27;[39m&amp#27;[32m200&amp#27;[39m &amp#27;[90m1 ms - 22&amp#27;[39m
&amp#27;[38;5;0m[HTTP]&amp#27;[0m &amp#27;[90m&amp#27;[39m
&amp#27;[38;5;0m[HTTP]&amp#27;[0m &amp#27;[37m-->&amp#27;[39m &amp#27;[37mPOST&amp#27;[39m &amp#27;[37m/session/83760a3e-13d9-4f16-93c9-f76dc55a2f2d/element&amp#27;[39m
&amp#27;[38;5;0m[HTTP]&amp#27;[0m &amp#27;[90m{"using":"xpath","value":"//android.widget.TextView[contains(@text,'build')]"}&amp#27;[39m
&amp#27;[38;5;32m[AndroidUiautomator2Driver@c35c (83760a3e)]&amp#27;[0m Calling AppiumDriver.findElement() with args: ["xpath","//android.widget.TextView[contains(@text,'build')]","83760a3e-13d9-4f16-93c9-f76dc55a2f2d"]
&amp#27;[38;5;32m[AndroidUiautomator2Driver@c35c (83760a3e)]&amp#27;[0m Valid locator strategies for this request: xpath, id, class name, accessibility id, css selector, -android uiautomator
&amp#27;[38;5;32m[AndroidUiautomator2Driver@c35c (83760a3e)]&amp#27;[0m Waiting up to 10000 ms for condition
&amp#27;[38;5;32m[AndroidUiautomator2Driver@c35c (83760a3e)]&amp#27;[0m Matched '/element' to command name 'findElement'
&amp#27;[38;5;32m[AndroidUiautomator2Driver@c35c (83760a3e)]&amp#27;[0m Proxying [POST /element] to [POST http://127.0.0.1:8201/session/a4f15fa2-b955-4911-9a5c-74159e5f2769/element] with body: {"strategy":"xpath","selector":"//android.widget.TextView[contains(@text,'build')]","context":"","multiple":false}
&amp#27;[38;5;32m[AndroidUiautomator2Driver@c35c (83760a3e)]&amp#27;[0m Got response with status 200: {"sessionId":"a4f15fa2-b955-4911-9a5c-74159e5f2769","value":{"ELEMENT":"00000000-0000-05af-ffff-ffff000000bd","element-6066-11e4-a52e-4f735466cecf":"00000000-0000-05af-ffff-ffff000000bd"}}
&amp#27;[38;5;32m[AndroidUiautomator2Driver@c35c (83760a3e)]&amp#27;[0m Responding to client with driver.findElement() result: {"element-6066-11e4-a52e-4f735466cecf":"00000000-0000-05af-ffff-ffff000000bd","ELEMENT":"00000000-0000-05af-ffff-ffff000000bd"}
&amp#27;[38;5;0m[HTTP]&amp#27;[0m &amp#27;[37m<-- POST /session/83760a3e-13d9-4f16-93c9-f76dc55a2f2d/element &amp#27;[39m&amp#27;[32m200&amp#27;[39m &amp#27;[90m1063 ms - 137&amp#27;[39m
&amp#27;[38;5;0m[HTTP]&amp#27;[0m &amp#27;[90m&amp#27;[39m
&amp#27;[38;5;0m[HTTP]&amp#27;[0m &amp#27;[37m-->&amp#27;[39m &amp#27;[37mGET&amp#27;[39m &amp#27;[37m/session/83760a3e-13d9-4f16-93c9-f76dc55a2f2d/element/00000000-0000-05af-ffff-ffff000000bd/text&amp#27;[39m
&amp#27;[38;5;0m[HTTP]&amp#27;[0m &amp#27;[90m{}&amp#27;[39m
&amp#27;[38;5;32m[AndroidUiautomator2Driver@c35c (83760a3e)]&amp#27;[0m Driver proxy active, passing request on via HTTP proxy
&amp#27;[38;5;32m[AndroidUiautomator2Driver@c35c (83760a3e)]&amp#27;[0m Matched '/session/83760a3e-13d9-4f16-93c9-f76dc55a2f2d/element/00000000-0000-05af-ffff-ffff000000bd/text' to command name 'getText'
&amp#27;[38;5;32m[AndroidUiautomator2Driver@c35c (83760a3e)]&amp#27;[0m Proxying [GET /session/83760a3e-13d9-4f16-93c9-f76dc55a2f2d/element/00000000-0000-05af-ffff-ffff000000bd/text] to [GET http://127.0.0.1:8201/session/a4f15fa2-b955-4911-9a5c-74159e5f2769/element/00000000-0000-05af-ffff-ffff000000bd/text] with no body
&amp#27;[38;5;32m[AndroidUiautomator2Driver@c35c (83760a3e)]&amp#27;[0m Got response with status 200: {"sessionId":"a4f15fa2-b955-4911-9a5c-74159e5f2769","value":"V.1.3.0-build 244 by "}
&amp#27;[38;5;32m[AndroidUiautomator2Driver@c35c (83760a3e)]&amp#27;[0m Replacing sessionId a4f15fa2-b955-4911-9a5c-74159e5f2769 with 83760a3e-13d9-4f16-93c9-f76dc55a2f2d
&amp#27;[38;5;0m[HTTP]&amp#27;[0m &amp#27;[37m<-- GET /session/83760a3e-13d9-4f16-93c9-f76dc55a2f2d/element/00000000-0000-05af-ffff-ffff000000bd/text &amp#27;[39m&amp#27;[32m200&amp#27;[39m &amp#27;[90m29 ms - 84&amp#27;[39m
&amp#27;[38;5;0m[HTTP]&amp#27;[0m &amp#27;[90m&amp#27;[39m
&amp#27;[38;5;0m[HTTP]&amp#27;[0m &amp#27;[37m-->&amp#27;[39m &amp#27;[37mGET&amp#27;[39m &amp#27;[37m/session/83760a3e-13d9-4f16-93c9-f76dc55a2f2d/context&amp#27;[39m
&amp#27;[38;5;0m[HTTP]&amp#27;[0m &amp#27;[90m{}&amp#27;[39m
&amp#27;[38;5;32m[AndroidUiautomator2Driver@c35c (83760a3e)]&amp#27;[0m Calling AppiumDriver.getCurrentContext() with args: ["83760a3e-13d9-4f16-93c9-f76dc55a2f2d"]
&amp#27;[38;5;32m[AndroidUiautomator2Driver@c35c (83760a3e)]&amp#27;[0m Responding to client with driver.getCurrentContext() result: "NATIVE_APP"
&amp#27;[38;5;0m[HTTP]&amp#27;[0m &amp#27;[37m<-- GET /session/83760a3e-13d9-4f16-93c9-f76dc55a2f2d/context &amp#27;[39m&amp#27;[32m200&amp#27;[39m &amp#27;[90m1 ms - 22&amp#27;[39m
&amp#27;[38;5;0m[HTTP]&amp#27;[0m &amp#27;[90m&amp#27;[39m
&amp#27;[38;5;0m[HTTP]&amp#27;[0m &amp#27;[37m-->&amp#27;[39m &amp#27;[37mPOST&amp#27;[39m &amp#27;[37m/session/83760a3e-13d9-4f16-93c9-f76dc55a2f2d/element&amp#27;[39m
&amp#27;[38;5;0m[HTTP]&amp#27;[0m &amp#27;[90m{"using":"xpath","value":"//android.widget.TextView[contains(@text,'website')]"}&amp#27;[39m
&amp#27;[38;5;32m[AndroidUiautomator2Driver@c35c (83760a3e)]&amp#27;[0m Calling AppiumDriver.findElement() with args: ["xpath","//android.widget.TextView[contains(@text,'website')]","83760a3e-13d9-4f16-93c9-f76dc55a2f2d"]
&amp#27;[38;5;32m[AndroidUiautomator2Driver@c35c (83760a3e)]&amp#27;[0m Valid locator strategies for this request: xpath, id, class name, accessibility id, css selector, -android uiautomator
&amp#27;[38;5;32m[AndroidUiautomator2Driver@c35c (83760a3e)]&amp#27;[0m Waiting up to 10000 ms for condition
&amp#27;[38;5;32m[AndroidUiautomator2Driver@c35c (83760a3e)]&amp#27;[0m Matched '/element' to command name 'findElement'
&amp#27;[38;5;32m[AndroidUiautomator2Driver@c35c (83760a3e)]&amp#27;[0m Proxying [POST /element] to [POST http://127.0.0.1:8201/session/a4f15fa2-b955-4911-9a5c-74159e5f2769/element] with body: {"strategy":"xpath","selector":"//android.widget.TextView[contains(@text,'website')]","context":"","multiple":false}
&amp#27;[38;5;32m[AndroidUiautomator2Driver@c35c (83760a3e)]&amp#27;[0m Got response with status 200: {"sessionId":"a4f15fa2-b955-4911-9a5c-74159e5f2769","value":{"ELEMENT":"00000000-0000-05af-ffff-ffff000000c0","element-6066-11e4-a52e-4f735466cecf":"00000000-0000-05af-ffff-ffff000000c0"}}
&amp#27;[38;5;32m[AndroidUiautomator2Driver@c35c (83760a3e)]&amp#27;[0m Responding to client with driver.findElement() result: {"element-6066-11e4-a52e-4f735466cecf":"00000000-0000-05af-ffff-ffff000000c0","ELEMENT":"00000000-0000-05af-ffff-ffff000000c0"}
&amp#27;[38;5;0m[HTTP]&amp#27;[0m &amp#27;[37m<-- POST /session/83760a3e-13d9-4f16-93c9-f76dc55a2f2d/element &amp#27;[39m&amp#27;[32m200&amp#27;[39m &amp#27;[90m840 ms - 137&amp#27;[39m
&amp#27;[38;5;0m[HTTP]&amp#27;[0m &amp#27;[90m&amp#27;[39m
&amp#27;[38;5;0m[HTTP]&amp#27;[0m &amp#27;[37m-->&amp#27;[39m &amp#27;[37mPOST&amp#27;[39m &amp#27;[37m/session/83760a3e-13d9-4f16-93c9-f76dc55a2f2d/element/00000000-0000-05af-ffff-ffff000000c0/click&amp#27;[39m
&amp#27;[38;5;0m[HTTP]&amp#27;[0m &amp#27;[90m{"id":"00000000-0000-05af-ffff-ffff000000c0"}&amp#27;[39m
&amp#27;[38;5;32m[AndroidUiautomator2Driver@c35c (83760a3e)]&amp#27;[0m Calling AppiumDriver.click() with args: ["00000000-0000-05af-ffff-ffff000000c0","83760a3e-13d9-4f16-93c9-f76dc55a2f2d"]
&amp#27;[38;5;32m[AndroidUiautomator2Driver@c35c (83760a3e)]&amp#27;[0m Matched '/element/00000000-0000-05af-ffff-ffff000000c0/click' to command name 'click'
&amp#27;[38;5;32m[AndroidUiautomator2Driver@c35c (83760a3e)]&amp#27;[0m Proxying [POST /element/00000000-0000-05af-ffff-ffff000000c0/click] to [POST http://127.0.0.1:8201/session/a4f15fa2-b955-4911-9a5c-74159e5f2769/element/00000000-0000-05af-ffff-ffff000000c0/click] with body: {"element":"00000000-0000-05af-ffff-ffff000000c0"}
&amp#27;[38;5;32m[AndroidUiautomator2Driver@c35c (83760a3e)]&amp#27;[0m Got response with status 200: {"sessionId":"a4f15fa2-b955-4911-9a5c-74159e5f2769","value":null}
&amp#27;[38;5;32m[AndroidUiautomator2Driver@c35c (83760a3e)]&amp#27;[0m Responding to client with driver.click() result: null
&amp#27;[38;5;0m[HTTP]&amp#27;[0m &amp#27;[37m<-- POST /session/83760a3e-13d9-4f16-93c9-f76dc55a2f2d/element/00000000-0000-05af-ffff-ffff000000c0/click &amp#27;[39m&amp#27;[32m200&amp#27;[39m &amp#27;[90m86 ms - 14&amp#27;[39m
&amp#27;[38;5;0m[HTTP]&amp#27;[0m &amp#27;[90m&amp#27;[39m
&amp#27;[38;5;0m[HTTP]&amp#27;[0m &amp#27;[37m-->&amp#27;[39m &amp#27;[37mGET&amp#27;[39m &amp#27;[37m/session/83760a3e-13d9-4f16-93c9-f76dc55a2f2d/contexts&amp#27;[39m
&amp#27;[38;5;0m[HTTP]&amp#27;[0m &amp#27;[90m{}&amp#27;[39m
&amp#27;[38;5;32m[AndroidUiautomator2Driver@c35c (83760a3e)]&amp#27;[0m Calling AppiumDriver.getContexts() with args: ["83760a3e-13d9-4f16-93c9-f76dc55a2f2d"]
&amp#27;[38;5;80m[AndroidDriver]&amp#27;[0m Getting a list of available webviews
&amp#27;[38;5;64m[ADB]&amp#27;[0m Running 'C:\Users\super\Desktop\Study\Appium\cmdline-tools\bin\platform-tools\adb.exe -P 5037 -s LMG900TMW8KJ7DTSOB shell cat /proc/net/unix'
&amp#27;[38;5;80m[AndroidDriver]&amp#27;[0m Parsed 2 active devtools sockets: ["@chrome_devtools_remote","@webview_devtools_remote_28441"]
&amp#27;[38;5;80m[AndroidDriver]&amp#27;[0m Collecting CDP data of 2 webviews
&amp#27;[38;5;80m[AndroidDriver]&amp#27;[0m Forwarding remote port chrome_devtools_remote to a local port in range 10900..11000
&amp#27;[38;5;80m[AndroidDriver]&amp#27;[0m You could use the 'webviewDevtoolsPort' capability to customize the starting port number
&amp#27;[38;5;80m[AndroidDriver]&amp#27;[0m Forwarding remote port webview_devtools_remote_28441 to a local port in range 10900..11000
&amp#27;[38;5;80m[AndroidDriver]&amp#27;[0m You could use the 'webviewDevtoolsPort' capability to customize the starting port number
&amp#27;[38;5;64m[ADB]&amp#27;[0m Running 'C:\Users\super\Desktop\Study\Appium\cmdline-tools\bin\platform-tools\adb.exe -P 5037 -s LMG900TMW8KJ7DTSOB forward tcp:10900 localabstract:chrome_devtools_remote'
&amp#27;[38;5;64m[ADB]&amp#27;[0m Removing forwarded port socket connection: 10900 
&amp#27;[38;5;64m[ADB]&amp#27;[0m Running 'C:\Users\super\Desktop\Study\Appium\cmdline-tools\bin\platform-tools\adb.exe -P 5037 -s LMG900TMW8KJ7DTSOB forward --remove tcp:10900'
&amp#27;[38;5;64m[ADB]&amp#27;[0m Running 'C:\Users\super\Desktop\Study\Appium\cmdline-tools\bin\platform-tools\adb.exe -P 5037 -s LMG900TMW8KJ7DTSOB forward tcp:10900 localabstract:webview_devtools_remote_28441'
&amp#27;[38;5;64m[ADB]&amp#27;[0m Removing forwarded port socket connection: 10900 
&amp#27;[38;5;64m[ADB]&amp#27;[0m Running 'C:\Users\super\Desktop\Study\Appium\cmdline-tools\bin\platform-tools\adb.exe -P 5037 -s LMG900TMW8KJ7DTSOB forward --remove tcp:10900'
&amp#27;[38;5;80m[AndroidDriver]&amp#27;[0m CDP data collection completed
&amp#27;[38;5;80m[AndroidDriver]&amp#27;[0m WEBVIEW_28441 mapped to pid 28441
&amp#27;[38;5;80m[AndroidDriver]&amp#27;[0m Getting process name for webview 'WEBVIEW_28441'
&amp#27;[38;5;64m[ADB]&amp#27;[0m Running 'C:\Users\super\Desktop\Study\Appium\cmdline-tools\bin\platform-tools\adb.exe -P 5037 -s LMG900TMW8KJ7DTSOB shell ps --help'
&amp#27;[38;5;64m[ADB]&amp#27;[0m Running 'C:\Users\super\Desktop\Study\Appium\cmdline-tools\bin\platform-tools\adb.exe -P 5037 -s LMG900TMW8KJ7DTSOB shell ps -A'
&amp#27;[38;5;80m[AndroidDriver]&amp#27;[0m Got process name: 'com.saucelabs.mydemoapp.rn'
&amp#27;[38;5;80m[AndroidDriver]&amp#27;[0m Skipping the webview 'WEBVIEW_28441' at '@webview_devtools_remote_28441' since it has reported having zero pages
&amp#27;[38;5;80m[AndroidDriver]&amp#27;[0m Found 1 webview: ["WEBVIEW_chrome"]
&amp#27;[38;5;32m[AndroidUiautomator2Driver@c35c (83760a3e)]&amp#27;[0m Available contexts: ["NATIVE_APP","WEBVIEW_chrome"]
&amp#27;[38;5;32m[AndroidUiautomator2Driver@c35c (83760a3e)]&amp#27;[0m Responding to client with driver.getContexts() result: ["NATIVE_APP","WEBVIEW_chrome"]
&amp#27;[38;5;0m[HTTP]&amp#27;[0m &amp#27;[37m<-- GET /session/83760a3e-13d9-4f16-93c9-f76dc55a2f2d/contexts &amp#27;[39m&amp#27;[32m200&amp#27;[39m &amp#27;[90m389 ms - 41&amp#27;[39m
&amp#27;[38;5;0m[HTTP]&amp#27;[0m &amp#27;[90m&amp#27;[39m
&amp#27;[38;5;0m[HTTP]&amp#27;[0m &amp#27;[37m-->&amp#27;[39m &amp#27;[37mPOST&amp#27;[39m &amp#27;[37m/session/83760a3e-13d9-4f16-93c9-f76dc55a2f2d/context&amp#27;[39m
&amp#27;[38;5;0m[HTTP]&amp#27;[0m &amp#27;[90m{"name":"WEBVIEW_chrome"}&amp#27;[39m
&amp#27;[38;5;32m[AndroidUiautomator2Driver@c35c (83760a3e)]&amp#27;[0m Calling AppiumDriver.setContext() with args: ["WEBVIEW_chrome","83760a3e-13d9-4f16-93c9-f76dc55a2f2d"]
&amp#27;[38;5;80m[AndroidDriver]&amp#27;[0m Getting a list of available webviews
&amp#27;[38;5;64m[ADB]&amp#27;[0m Running 'C:\Users\super\Desktop\Study\Appium\cmdline-tools\bin\platform-tools\adb.exe -P 5037 -s LMG900TMW8KJ7DTSOB shell cat /proc/net/unix'
&amp#27;[38;5;80m[AndroidDriver]&amp#27;[0m Parsed 2 active devtools sockets: ["@chrome_devtools_remote","@webview_devtools_remote_28441"]
&amp#27;[38;5;80m[AndroidDriver]&amp#27;[0m Collecting CDP data of 2 webviews
&amp#27;[38;5;80m[AndroidDriver]&amp#27;[0m Forwarding remote port chrome_devtools_remote to a local port in range 10900..11000
&amp#27;[38;5;80m[AndroidDriver]&amp#27;[0m You could use the 'webviewDevtoolsPort' capability to customize the starting port number
&amp#27;[38;5;80m[AndroidDriver]&amp#27;[0m Forwarding remote port webview_devtools_remote_28441 to a local port in range 10900..11000
&amp#27;[38;5;80m[AndroidDriver]&amp#27;[0m You could use the 'webviewDevtoolsPort' capability to customize the starting port number
&amp#27;[38;5;64m[ADB]&amp#27;[0m Running 'C:\Users\super\Desktop\Study\Appium\cmdline-tools\bin\platform-tools\adb.exe -P 5037 -s LMG900TMW8KJ7DTSOB forward tcp:10900 localabstract:chrome_devtools_remote'
&amp#27;[38;5;64m[ADB]&amp#27;[0m Removing forwarded port socket connection: 10900 
&amp#27;[38;5;64m[ADB]&amp#27;[0m Running 'C:\Users\super\Desktop\Study\Appium\cmdline-tools\bin\platform-tools\adb.exe -P 5037 -s LMG900TMW8KJ7DTSOB forward --remove tcp:10900'
&amp#27;[38;5;64m[ADB]&amp#27;[0m Running 'C:\Users\super\Desktop\Study\Appium\cmdline-tools\bin\platform-tools\adb.exe -P 5037 -s LMG900TMW8KJ7DTSOB forward tcp:10900 localabstract:webview_devtools_remote_28441'
&amp#27;[38;5;64m[ADB]&amp#27;[0m Removing forwarded port socket connection: 10900 
&amp#27;[38;5;64m[ADB]&amp#27;[0m Running 'C:\Users\super\Desktop\Study\Appium\cmdline-tools\bin\platform-tools\adb.exe -P 5037 -s LMG900TMW8KJ7DTSOB forward --remove tcp:10900'
&amp#27;[38;5;80m[AndroidDriver]&amp#27;[0m CDP data collection completed
&amp#27;[38;5;80m[AndroidDriver]&amp#27;[0m WEBVIEW_28441 mapped to pid 28441
&amp#27;[38;5;80m[AndroidDriver]&amp#27;[0m Getting process name for webview 'WEBVIEW_28441'
&amp#27;[38;5;64m[ADB]&amp#27;[0m Running 'C:\Users\super\Desktop\Study\Appium\cmdline-tools\bin\platform-tools\adb.exe -P 5037 -s LMG900TMW8KJ7DTSOB shell ps -A'
&amp#27;[38;5;80m[AndroidDriver]&amp#27;[0m Got process name: 'com.saucelabs.mydemoapp.rn'
&amp#27;[38;5;80m[AndroidDriver]&amp#27;[0m Skipping the webview 'WEBVIEW_28441' at '@webview_devtools_remote_28441' since it has reported having zero pages
&amp#27;[38;5;80m[AndroidDriver]&amp#27;[0m Found 1 webview: ["WEBVIEW_chrome"]
&amp#27;[38;5;32m[AndroidUiautomator2Driver@c35c (83760a3e)]&amp#27;[0m Available contexts: ["NATIVE_APP","WEBVIEW_chrome"]
&amp#27;[38;5;32m[AndroidUiautomator2Driver@c35c (83760a3e)]&amp#27;[0m Connecting to chrome-backed webview context 'WEBVIEW_chrome'
&amp#27;[38;5;32m[AndroidUiautomator2Driver@c35c (83760a3e)]&amp#27;[0m Identified chromeAndroidPackage as 'com.android.chrome' for context 'WEBVIEW_chrome' by CDP
&amp#27;[38;5;32m[AndroidUiautomator2Driver@c35c (83760a3e)]&amp#27;[0m A port was not given, using random free port: 65265
&amp#27;[38;5;32m[AndroidUiautomator2Driver@c35c (83760a3e)]&amp#27;[0m Passing web view details to the Chromedriver constructor: {
&amp#27;[38;5;32m[AndroidUiautomator2Driver@c35c (83760a3e)]&amp#27;[0m   "info": {
&amp#27;[38;5;32m[AndroidUiautomator2Driver@c35c (83760a3e)]&amp#27;[0m     "Android-Package": "com.android.chrome",
&amp#27;[38;5;32m[AndroidUiautomator2Driver@c35c (83760a3e)]&amp#27;[0m     "Browser": "Chrome/121.0.6167.143",
&amp#27;[38;5;32m[AndroidUiautomator2Driver@c35c (83760a3e)]&amp#27;[0m     "Protocol-Version": "1.3",
&amp#27;[38;5;32m[AndroidUiautomator2Driver@c35c (83760a3e)]&amp#27;[0m     "User-Agent": "Mozilla/5.0 (Linux; Android 10; K) AppleWebKit/537.36 (KHTML, like Gecko) Chrome/121.0.0.0 Mobile Safari/537.36",
&amp#27;[38;5;32m[AndroidUiautomator2Driver@c35c (83760a3e)]&amp#27;[0m     "V8-Version": "12.1.285.28",
&amp#27;[38;5;32m[AndroidUiautomator2Driver@c35c (83760a3e)]&amp#27;[0m     "WebKit-Version": "537.36 (@6dbe469eca7decf98d44b91675fd0961453c0d21)",
&amp#27;[38;5;32m[AndroidUiautomator2Driver@c35c (83760a3e)]&amp#27;[0m     "webSocketDebuggerUrl": "ws://127.0.0.1:10900/devtools/browser"
&amp#27;[38;5;32m[AndroidUiautomator2Driver@c35c (83760a3e)]&amp#27;[0m   },
&amp#27;[38;5;32m[AndroidUiautomator2Driver@c35c (83760a3e)]&amp#27;[0m   "process": {
&amp#27;[38;5;32m[AndroidUiautomator2Driver@c35c (83760a3e)]&amp#27;[0m     "name": "chrome",
&amp#27;[38;5;32m[AndroidUiautomator2Driver@c35c (83760a3e)]&amp#27;[0m     "id": null
&amp#27;[38;5;32m[AndroidUiautomator2Driver@c35c (83760a3e)]&amp#27;[0m   }
&amp#27;[38;5;32m[AndroidUiautomator2Driver@c35c (83760a3e)]&amp#27;[0m }
&amp#27;[38;5;32m[AndroidUiautomator2Driver@c35c (83760a3e)]&amp#27;[0m Automated Chromedriver download is disabled. Use 'chromedriver_autodownload' server feature to enable it
&amp#27;[38;5;80m[AndroidDriver]&amp#27;[0m Precalculated Chromedriver capabilities: {
&amp#27;[38;5;80m[AndroidDriver]&amp#27;[0m   "androidPackage": "com.android.chrome",
&amp#27;[38;5;80m[AndroidDriver]&amp#27;[0m   "androidUseRunningApp": true,
&amp#27;[38;5;80m[AndroidDriver]&amp#27;[0m   "androidDeviceSerial": "LMG900TMW8KJ7DTSOB"
&amp#27;[38;5;80m[AndroidDriver]&amp#27;[0m }
&amp#27;[38;5;32m[AndroidUiautomator2Driver@c35c (83760a3e)]&amp#27;[0m Before starting chromedriver, androidPackage is 'com.android.chrome'
&amp#27;[38;5;128m[Chromedriver@3c4f]&amp#27;[0m Changed state to 'starting'
&amp#27;[38;5;128m[Chromedriver@3c4f]&amp#27;[0m Set chromedriver binary as: C:\Users\super\Desktop\Study\Appium\chromedriver120\chromedriver.exe
&amp#27;[38;5;128m[Chromedriver@3c4f]&amp#27;[0m Killing any old chromedrivers, running: wmic process where "commandline like '%chromedriver.exe%--port=65265%'" delete
&amp#27;[38;5;128m[Chromedriver@3c4f]&amp#27;[0m Successfully cleaned up old chromedrivers
&amp#27;[38;5;128m[Chromedriver@3c4f]&amp#27;[0m Cleaning this device's adb forwarded port socket connections: LMG900TMW8KJ7DTSOB
&amp#27;[38;5;64m[ADB]&amp#27;[0m List forwarding ports
&amp#27;[38;5;64m[ADB]&amp#27;[0m Running 'C:\Users\super\Desktop\Study\Appium\cmdline-tools\bin\platform-tools\adb.exe -P 5037 -s LMG900TMW8KJ7DTSOB forward --list'
&amp#27;[38;5;128m[Chromedriver@3c4f]&amp#27;[0m Spawning chromedriver with: C:\Users\super\Desktop\Study\Appium\chromedriver120\chromedriver.exe --port=65265 --adb-port=5037 --verbose
&amp#27;[38;5;128m[Chromedriver@3c4f]&amp#27;[0m ChromeDriver version: '120.0.6099.109'
&amp#27;[38;5;128m[Chromedriver@3c4f]&amp#27;[0m Matched '/status' to command name 'getStatus'
&amp#27;[38;5;128m[Chromedriver@3c4f]&amp#27;[0m Proxying [GET /status] to [GET http://127.0.0.1:65265/status] with no body
&amp#27;[38;5;128m[Chromedriver@3c4f]&amp#27;[0m connect ECONNREFUSED 127.0.0.1:65265
&amp#27;[38;5;128m[Chromedriver@3c4f]&amp#27;[0m Matched '/status' to command name 'getStatus'
&amp#27;[38;5;128m[Chromedriver@3c4f]&amp#27;[0m Proxying [GET /status] to [GET http://127.0.0.1:65265/status] with no body
&amp#27;[38;5;128m[Chromedriver@3c4f]&amp#27;[0m Got response with status 200: {"value":{"build":{"version":"120.0.6099.109 (3419140ab665596f21b385ce136419fde0924272-refs/branch-heads/6099@{#1483})"},"message":"ChromeDriver ready for new sessions.","os":{"arch":"x86_64","name":"Windows NT","version":"10.0.19045"},"ready":true}}
&amp#27;[38;5;128m[Chromedriver@3c4f]&amp#27;[0m Starting W3C Chromedriver session with capabilities: {
&amp#27;[38;5;128m[Chromedriver@3c4f]&amp#27;[0m   "capabilities": {
&amp#27;[38;5;128m[Chromedriver@3c4f]&amp#27;[0m     "alwaysMatch": {
&amp#27;[38;5;128m[Chromedriver@3c4f]&amp#27;[0m       "goog:chromeOptions": {
&amp#27;[38;5;128m[Chromedriver@3c4f]&amp#27;[0m         "androidPackage": "com.android.chrome",
&amp#27;[38;5;128m[Chromedriver@3c4f]&amp#27;[0m         "androidUseRunningApp": true,
&amp#27;[38;5;128m[Chromedriver@3c4f]&amp#27;[0m         "androidDeviceSerial": "LMG900TMW8KJ7DTSOB"
&amp#27;[38;5;128m[Chromedriver@3c4f]&amp#27;[0m       },
&amp#27;[38;5;128m[Chromedriver@3c4f]&amp#27;[0m       "goog:loggingPrefs": {
&amp#27;[38;5;128m[Chromedriver@3c4f]&amp#27;[0m         "browser": "ALL"
&amp#27;[38;5;128m[Chromedriver@3c4f]&amp#27;[0m       }
&amp#27;[38;5;128m[Chromedriver@3c4f]&amp#27;[0m     }
&amp#27;[38;5;128m[Chromedriver@3c4f]&amp#27;[0m   }
&amp#27;[38;5;128m[Chromedriver@3c4f]&amp#27;[0m }
&amp#27;[38;5;128m[Chromedriver@3c4f]&amp#27;[0m Matched '/session' to command name 'createSession'
&amp#27;[38;5;128m[Chromedriver@3c4f]&amp#27;[0m Proxying [POST /session] to [POST http://127.0.0.1:65265/session] with body: {"capabilities":{"alwaysMatch":{"goog:chromeOptions":{"androidPackage":"com.android.chrome","androidUseRunningApp":true,"androidDeviceSerial":"LMG900TMW8KJ7DTSOB"},"goog:loggingPrefs":{"browser":"ALL"}}}}
&amp#27;[38;5;128m[Chromedriver@3c4f]&amp#27;[0m Webview version: 'Chrome/121.0.6167.143'
&amp#27;[38;5;128m[Chromedriver@3c4f]&amp#27;[0m Got response with status 200: {"value":{"capabilities":{"acceptInsecureCerts":false,"browserName":"chrome","browserVersion":"121.0.6167.143","chrome":{"chromedriverVersion":"120.0.6099.109 (3419140ab665596f21b385ce136419fde0924272-refs/branch-heads/6099@{#1483})"},"fedcm:accounts":true,"goog:chromeOptions":{"debuggerAddress":"localhost:65273"},"pageLoadStrategy":"normal","platformName":"android","proxy":{},"setWindowRect":false,"strictFileInteractability":false,"timeouts":{"implicit":0,"pageLoad":300000,"script":30000},"unhandledPromptBehavior":"dismiss and notify","webauthn:extension:credBlob":false,"webauthn:extension:largeBlob":false,"webauthn:extension:minPinLength":false,"webauthn:extension:prf":false,"webauthn:virtualAuthenticators":false},"sessionId":"867f667067eddc75e63a1c015348433b"}}
&amp#27;[38;5;128m[Chromedriver@3c4f]&amp#27;[0m Determined the downstream protocol as 'W3C'
&amp#27;[38;5;128m[Chromedriver@3c4f (867f6670)]&amp#27;[0m Changed state to 'online'
&amp#27;[38;5;32m[AndroidUiautomator2Driver@c35c (83760a3e)]&amp#27;[0m Responding to client with driver.setContext() result: null
&amp#27;[38;5;0m[HTTP]&amp#27;[0m &amp#27;[37m<-- POST /session/83760a3e-13d9-4f16-93c9-f76dc55a2f2d/context &amp#27;[39m&amp#27;[32m200&amp#27;[39m &amp#27;[90m2684 ms - 14&amp#27;[39m
&amp#27;[38;5;0m[HTTP]&amp#27;[0m &amp#27;[90m&amp#27;[39m
&amp#27;[38;5;0m[HTTP]&amp#27;[0m &amp#27;[37m-->&amp#27;[39m &amp#27;[37mGET&amp#27;[39m &amp#27;[37m/session/83760a3e-13d9-4f16-93c9-f76dc55a2f2d/context&amp#27;[39m
&amp#27;[38;5;0m[HTTP]&amp#27;[0m &amp#27;[90m{}&amp#27;[39m
&amp#27;[38;5;32m[AndroidUiautomator2Driver@c35c (83760a3e)]&amp#27;[0m Calling AppiumDriver.getCurrentContext() with args: ["83760a3e-13d9-4f16-93c9-f76dc55a2f2d"]
&amp#27;[38;5;32m[AndroidUiautomator2Driver@c35c (83760a3e)]&amp#27;[0m Responding to client with driver.getCurrentContext() result: "WEBVIEW_chrome"
&amp#27;[38;5;0m[HTTP]&amp#27;[0m &amp#27;[37m<-- GET /session/83760a3e-13d9-4f16-93c9-f76dc55a2f2d/context &amp#27;[39m&amp#27;[32m200&amp#27;[39m &amp#27;[90m1 ms - 26&amp#27;[39m
&amp#27;[38;5;0m[HTTP]&amp#27;[0m &amp#27;[90m&amp#27;[39m
&amp#27;[38;5;0m[HTTP]&amp#27;[0m &amp#27;[37m-->&amp#27;[39m &amp#27;[37mGET&amp#27;[39m &amp#27;[37m/session/83760a3e-13d9-4f16-93c9-f76dc55a2f2d/context&amp#27;[39m
&amp#27;[38;5;0m[HTTP]&amp#27;[0m &amp#27;[90m{}&amp#27;[39m
&amp#27;[38;5;32m[AndroidUiautomator2Driver@c35c (83760a3e)]&amp#27;[0m Calling AppiumDriver.getCurrentContext() with args: ["83760a3e-13d9-4f16-93c9-f76dc55a2f2d"]
&amp#27;[38;5;32m[AndroidUiautomator2Driver@c35c (83760a3e)]&amp#27;[0m Responding to client with driver.getCurrentContext() result: "WEBVIEW_chrome"
&amp#27;[38;5;0m[HTTP]&amp#27;[0m &amp#27;[37m<-- GET /session/83760a3e-13d9-4f16-93c9-f76dc55a2f2d/context &amp#27;[39m&amp#27;[32m200&amp#27;[39m &amp#27;[90m2 ms - 26&amp#27;[39m
&amp#27;[38;5;0m[HTTP]&amp#27;[0m &amp#27;[90m&amp#27;[39m
&amp#27;[38;5;0m[HTTP]&amp#27;[0m &amp#27;[37m-->&amp#27;[39m &amp#27;[37mPOST&amp#27;[39m &amp#27;[37m/session/83760a3e-13d9-4f16-93c9-f76dc55a2f2d/element&amp#27;[39m
&amp#27;[38;5;0m[HTTP]&amp#27;[0m &amp#27;[90m{"using":"xpath","value":"//img[@alt='Saucelabs']"}&amp#27;[39m
&amp#27;[38;5;32m[AndroidUiautomator2Driver@c35c (83760a3e)]&amp#27;[0m Driver proxy active, passing request on via HTTP proxy
&amp#27;[38;5;128m[Chromedriver@3c4f (867f6670)]&amp#27;[0m Matched '/session/83760a3e-13d9-4f16-93c9-f76dc55a2f2d/element' to command name 'findElement'
&amp#27;[38;5;128m[Chromedriver@3c4f (867f6670)]&amp#27;[0m Proxying [POST /session/83760a3e-13d9-4f16-93c9-f76dc55a2f2d/element] to [POST http://127.0.0.1:65265/session/867f667067eddc75e63a1c015348433b/element] with body: {"using":"xpath","value":"//img[@alt='Saucelabs']"}
&amp#27;[38;5;128m[Chromedriver@3c4f (867f6670)]&amp#27;[0m Got response with status 200: {"value":{"element-6066-11e4-a52e-4f735466cecf":"6B3A5715E722F685EDDAD0566E0E28EB_element_2652"}}
&amp#27;[38;5;0m[HTTP]&amp#27;[0m &amp#27;[37m<-- POST /session/83760a3e-13d9-4f16-93c9-f76dc55a2f2d/element &amp#27;[39m&amp#27;[32m200&amp#27;[39m &amp#27;[90m38 ms - 155&amp#27;[39m
&amp#27;[38;5;0m[HTTP]&amp#27;[0m &amp#27;[90m&amp#27;[39m
&amp#27;[38;5;0m[HTTP]&amp#27;[0m &amp#27;[37m-->&amp#27;[39m &amp#27;[37mGET&amp#27;[39m &amp#27;[37m/session/83760a3e-13d9-4f16-93c9-f76dc55a2f2d/element/6B3A5715E722F685EDDAD0566E0E28EB_element_2652/attribute/alt&amp#27;[39m
&amp#27;[38;5;0m[HTTP]&amp#27;[0m &amp#27;[90m{}&amp#27;[39m
&amp#27;[38;5;32m[AndroidUiautomator2Driver@c35c (83760a3e)]&amp#27;[0m Driver proxy active, passing request on via HTTP proxy
&amp#27;[38;5;128m[Chromedriver@3c4f (867f6670)]&amp#27;[0m Matched '/session/83760a3e-13d9-4f16-93c9-f76dc55a2f2d/element/6B3A5715E722F685EDDAD0566E0E28EB_element_2652/attribute/alt' to command name 'getAttribute'
&amp#27;[38;5;128m[Chromedriver@3c4f (867f6670)]&amp#27;[0m Proxying [GET /session/83760a3e-13d9-4f16-93c9-f76dc55a2f2d/element/6B3A5715E722F685EDDAD0566E0E28EB_element_2652/attribute/alt] to [GET http://127.0.0.1:65265/session/867f667067eddc75e63a1c015348433b/element/6B3A5715E722F685EDDAD0566E0E28EB_element_2652/attribute/alt] with no body
&amp#27;[38;5;128m[Chromedriver@3c4f (867f6670)]&amp#27;[0m Got response with status 200: {"value":"Saucelabs"}
&amp#27;[38;5;0m[HTTP]&amp#27;[0m &amp#27;[37m<-- GET /session/83760a3e-13d9-4f16-93c9-f76dc55a2f2d/element/6B3A5715E722F685EDDAD0566E0E28EB_element_2652/attribute/alt &amp#27;[39m&amp#27;[32m200&amp#27;[39m &amp#27;[90m13 ms - 21&amp#27;[39m
&amp#27;[38;5;0m[HTTP]&amp#27;[0m &amp#27;[90m&amp#27;[39m
&amp#27;[38;5;0m[HTTP]&amp#27;[0m &amp#27;[37m-->&amp#27;[39m &amp#27;[37mPOST&amp#27;[39m &amp#27;[37m/session/83760a3e-13d9-4f16-93c9-f76dc55a2f2d/context&amp#27;[39m
&amp#27;[38;5;0m[HTTP]&amp#27;[0m &amp#27;[90m{"name":"NATIVE_APP"}&amp#27;[39m
&amp#27;[38;5;32m[AndroidUiautomator2Driver@c35c (83760a3e)]&amp#27;[0m Calling AppiumDriver.setContext() with args: ["NATIVE_APP","83760a3e-13d9-4f16-93c9-f76dc55a2f2d"]
&amp#27;[38;5;80m[AndroidDriver]&amp#27;[0m Getting a list of available webviews
&amp#27;[38;5;64m[ADB]&amp#27;[0m Running 'C:\Users\super\Desktop\Study\Appium\cmdline-tools\bin\platform-tools\adb.exe -P 5037 -s LMG900TMW8KJ7DTSOB shell cat /proc/net/unix'
&amp#27;[38;5;80m[AndroidDriver]&amp#27;[0m Parsed 2 active devtools sockets: ["@chrome_devtools_remote","@webview_devtools_remote_28441"]
&amp#27;[38;5;80m[AndroidDriver]&amp#27;[0m Collecting CDP data of 2 webviews
&amp#27;[38;5;80m[AndroidDriver]&amp#27;[0m Forwarding remote port chrome_devtools_remote to a local port in range 10900..11000
&amp#27;[38;5;80m[AndroidDriver]&amp#27;[0m You could use the 'webviewDevtoolsPort' capability to customize the starting port number
&amp#27;[38;5;80m[AndroidDriver]&amp#27;[0m Forwarding remote port webview_devtools_remote_28441 to a local port in range 10900..11000
&amp#27;[38;5;80m[AndroidDriver]&amp#27;[0m You could use the 'webviewDevtoolsPort' capability to customize the starting port number
&amp#27;[38;5;64m[ADB]&amp#27;[0m Running 'C:\Users\super\Desktop\Study\Appium\cmdline-tools\bin\platform-tools\adb.exe -P 5037 -s LMG900TMW8KJ7DTSOB forward tcp:10900 localabstract:chrome_devtools_remote'
&amp#27;[38;5;64m[ADB]&amp#27;[0m Removing forwarded port socket connection: 10900 
&amp#27;[38;5;64m[ADB]&amp#27;[0m Running 'C:\Users\super\Desktop\Study\Appium\cmdline-tools\bin\platform-tools\adb.exe -P 5037 -s LMG900TMW8KJ7DTSOB forward --remove tcp:10900'
&amp#27;[38;5;64m[ADB]&amp#27;[0m Running 'C:\Users\super\Desktop\Study\Appium\cmdline-tools\bin\platform-tools\adb.exe -P 5037 -s LMG900TMW8KJ7DTSOB forward tcp:10900 localabstract:webview_devtools_remote_28441'
&amp#27;[38;5;64m[ADB]&amp#27;[0m Removing forwarded port socket connection: 10900 
&amp#27;[38;5;64m[ADB]&amp#27;[0m Running 'C:\Users\super\Desktop\Study\Appium\cmdline-tools\bin\platform-tools\adb.exe -P 5037 -s LMG900TMW8KJ7DTSOB forward --remove tcp:10900'
&amp#27;[38;5;80m[AndroidDriver]&amp#27;[0m CDP data collection completed
&amp#27;[38;5;80m[AndroidDriver]&amp#27;[0m WEBVIEW_28441 mapped to pid 28441
&amp#27;[38;5;80m[AndroidDriver]&amp#27;[0m Getting process name for webview 'WEBVIEW_28441'
&amp#27;[38;5;64m[ADB]&amp#27;[0m Running 'C:\Users\super\Desktop\Study\Appium\cmdline-tools\bin\platform-tools\adb.exe -P 5037 -s LMG900TMW8KJ7DTSOB shell ps -A'
&amp#27;[38;5;80m[AndroidDriver]&amp#27;[0m Got process name: 'com.saucelabs.mydemoapp.rn'
&amp#27;[38;5;80m[AndroidDriver]&amp#27;[0m Skipping the webview 'WEBVIEW_28441' at '@webview_devtools_remote_28441' since it has reported having zero pages
&amp#27;[38;5;80m[AndroidDriver]&amp#27;[0m Found 1 webview: ["WEBVIEW_chrome"]
&amp#27;[38;5;32m[AndroidUiautomator2Driver@c35c (83760a3e)]&amp#27;[0m Available contexts: ["NATIVE_APP","WEBVIEW_chrome"]
&amp#27;[38;5;32m[AndroidUiautomator2Driver@c35c (83760a3e)]&amp#27;[0m Responding to client with driver.setContext() result: null
&amp#27;[38;5;0m[HTTP]&amp#27;[0m &amp#27;[37m<-- POST /session/83760a3e-13d9-4f16-93c9-f76dc55a2f2d/context &amp#27;[39m&amp#27;[32m200&amp#27;[39m &amp#27;[90m374 ms - 14&amp#27;[39m
&amp#27;[38;5;0m[HTTP]&amp#27;[0m &amp#27;[90m&amp#27;[39m
&amp#27;[38;5;0m[HTTP]&amp#27;[0m &amp#27;[37m-->&amp#27;[39m &amp#27;[37mPOST&amp#27;[39m &amp#27;[37m/session/83760a3e-13d9-4f16-93c9-f76dc55a2f2d/back&amp#27;[39m
&amp#27;[38;5;0m[HTTP]&amp#27;[0m &amp#27;[90m{}&amp#27;[39m
&amp#27;[38;5;32m[AndroidUiautomator2Driver@c35c (83760a3e)]&amp#27;[0m Driver proxy active, passing request on via HTTP proxy
&amp#27;[38;5;32m[AndroidUiautomator2Driver@c35c (83760a3e)]&amp#27;[0m Matched '/session/83760a3e-13d9-4f16-93c9-f76dc55a2f2d/back' to command name 'back'
&amp#27;[38;5;32m[AndroidUiautomator2Driver@c35c (83760a3e)]&amp#27;[0m Proxying [POST /session/83760a3e-13d9-4f16-93c9-f76dc55a2f2d/back] to [POST http://127.0.0.1:8201/session/a4f15fa2-b955-4911-9a5c-74159e5f2769/back] with body: {}
&amp#27;[38;5;32m[AndroidUiautomator2Driver@c35c (83760a3e)]&amp#27;[0m Got response with status 200: {"sessionId":"a4f15fa2-b955-4911-9a5c-74159e5f2769","value":null}
&amp#27;[38;5;32m[AndroidUiautomator2Driver@c35c (83760a3e)]&amp#27;[0m Replacing sessionId a4f15fa2-b955-4911-9a5c-74159e5f2769 with 83760a3e-13d9-4f16-93c9-f76dc55a2f2d
&amp#27;[38;5;0m[HTTP]&amp#27;[0m &amp#27;[37m<-- POST /session/83760a3e-13d9-4f16-93c9-f76dc55a2f2d/back &amp#27;[39m&amp#27;[32m200&amp#27;[39m &amp#27;[90m748 ms - 65&amp#27;[39m
&amp#27;[38;5;0m[HTTP]&amp#27;[0m &amp#27;[90m&amp#27;[39m
&amp#27;[38;5;0m[HTTP]&amp#27;[0m &amp#27;[37m-->&amp#27;[39m &amp#27;[37mGET&amp#27;[39m &amp#27;[37m/session/83760a3e-13d9-4f16-93c9-f76dc55a2f2d/context&amp#27;[39m
&amp#27;[38;5;0m[HTTP]&amp#27;[0m &amp#27;[90m{}&amp#27;[39m
&amp#27;[38;5;32m[AndroidUiautomator2Driver@c35c (83760a3e)]&amp#27;[0m Calling AppiumDriver.getCurrentContext() with args: ["83760a3e-13d9-4f16-93c9-f76dc55a2f2d"]
&amp#27;[38;5;32m[AndroidUiautomator2Driver@c35c (83760a3e)]&amp#27;[0m Responding to client with driver.getCurrentContext() result: "NATIVE_APP"
&amp#27;[38;5;0m[HTTP]&amp#27;[0m &amp#27;[37m<-- GET /session/83760a3e-13d9-4f16-93c9-f76dc55a2f2d/context &amp#27;[39m&amp#27;[32m200&amp#27;[39m &amp#27;[90m1 ms - 22&amp#27;[39m
&amp#27;[38;5;0m[HTTP]&amp#27;[0m &amp#27;[90m&amp#27;[39m
&amp#27;[38;5;0m[HTTP]&amp#27;[0m &amp#27;[37m-->&amp#27;[39m &amp#27;[37mPOST&amp#27;[39m &amp#27;[37m/session/83760a3e-13d9-4f16-93c9-f76dc55a2f2d/element&amp#27;[39m
&amp#27;[38;5;0m[HTTP]&amp#27;[0m &amp#27;[90m{"using":"accessibility id","value":"open menu"}&amp#27;[39m
&amp#27;[38;5;32m[AndroidUiautomator2Driver@c35c (83760a3e)]&amp#27;[0m Calling AppiumDriver.findElement() with args: ["accessibility id","open menu","83760a3e-13d9-4f16-93c9-f76dc55a2f2d"]
&amp#27;[38;5;32m[AndroidUiautomator2Driver@c35c (83760a3e)]&amp#27;[0m Valid locator strategies for this request: xpath, id, class name, accessibility id, css selector, -android uiautomator
&amp#27;[38;5;32m[AndroidUiautomator2Driver@c35c (83760a3e)]&amp#27;[0m Waiting up to 10000 ms for condition
&amp#27;[38;5;32m[AndroidUiautomator2Driver@c35c (83760a3e)]&amp#27;[0m Matched '/element' to command name 'findElement'
&amp#27;[38;5;32m[AndroidUiautomator2Driver@c35c (83760a3e)]&amp#27;[0m Proxying [POST /element] to [POST http://127.0.0.1:8201/session/a4f15fa2-b955-4911-9a5c-74159e5f2769/element] with body: {"strategy":"accessibility id","selector":"open menu","context":"","multiple":false}
&amp#27;[38;5;32m[AndroidUiautomator2Driver@c35c (83760a3e)]&amp#27;[0m Got response with status 200: {"sessionId":"a4f15fa2-b955-4911-9a5c-74159e5f2769","value":{"ELEMENT":"00000000-0000-05af-ffff-ffff000000c5","element-6066-11e4-a52e-4f735466cecf":"00000000-0000-05af-ffff-ffff000000c5"}}
&amp#27;[38;5;32m[AndroidUiautomator2Driver@c35c (83760a3e)]&amp#27;[0m Responding to client with driver.findElement() result: {"element-6066-11e4-a52e-4f735466cecf":"00000000-0000-05af-ffff-ffff000000c5","ELEMENT":"00000000-0000-05af-ffff-ffff000000c5"}
&amp#27;[38;5;0m[HTTP]&amp#27;[0m &amp#27;[37m<-- POST /session/83760a3e-13d9-4f16-93c9-f76dc55a2f2d/element &amp#27;[39m&amp#27;[32m200&amp#27;[39m &amp#27;[90m65 ms - 137&amp#27;[39m
&amp#27;[38;5;0m[HTTP]&amp#27;[0m &amp#27;[90m&amp#27;[39m
&amp#27;[38;5;0m[HTTP]&amp#27;[0m &amp#27;[37m-->&amp#27;[39m &amp#27;[37mGET&amp#27;[39m &amp#27;[37m/session/83760a3e-13d9-4f16-93c9-f76dc55a2f2d/element/00000000-0000-05af-ffff-ffff000000c5/displayed&amp#27;[39m
&amp#27;[38;5;0m[HTTP]&amp#27;[0m &amp#27;[90m{}&amp#27;[39m
&amp#27;[38;5;32m[AndroidUiautomator2Driver@c35c (83760a3e)]&amp#27;[0m Calling AppiumDriver.elementDisplayed() with args: ["00000000-0000-05af-ffff-ffff000000c5","83760a3e-13d9-4f16-93c9-f76dc55a2f2d"]
&amp#27;[38;5;32m[AndroidUiautomator2Driver@c35c (83760a3e)]&amp#27;[0m Matched '/element/00000000-0000-05af-ffff-ffff000000c5/attribute/displayed' to command name 'getAttribute'
&amp#27;[38;5;32m[AndroidUiautomator2Driver@c35c (83760a3e)]&amp#27;[0m Proxying [GET /element/00000000-0000-05af-ffff-ffff000000c5/attribute/displayed] to [GET http://127.0.0.1:8201/session/a4f15fa2-b955-4911-9a5c-74159e5f2769/element/00000000-0000-05af-ffff-ffff000000c5/attribute/displayed] with no body
&amp#27;[38;5;32m[AndroidUiautomator2Driver@c35c (83760a3e)]&amp#27;[0m Got response with status 200: {"sessionId":"a4f15fa2-b955-4911-9a5c-74159e5f2769","value":"true"}
&amp#27;[38;5;32m[AndroidUiautomator2Driver@c35c (83760a3e)]&amp#27;[0m Responding to client with driver.elementDisplayed() result: true
&amp#27;[38;5;0m[HTTP]&amp#27;[0m &amp#27;[37m<-- GET /session/83760a3e-13d9-4f16-93c9-f76dc55a2f2d/element/00000000-0000-05af-ffff-ffff000000c5/displayed &amp#27;[39m&amp#27;[32m200&amp#27;[39m &amp#27;[90m24 ms - 14&amp#27;[39m
&amp#27;[38;5;0m[HTTP]&amp#27;[0m &amp#27;[90m&amp#27;[39m
&amp#27;[38;5;0m[HTTP]&amp#27;[0m &amp#27;[37m-->&amp#27;[39m &amp#27;[37mGET&amp#27;[39m &amp#27;[37m/session/83760a3e-13d9-4f16-93c9-f76dc55a2f2d/context&amp#27;[39m
&amp#27;[38;5;0m[HTTP]&amp#27;[0m &amp#27;[90m{}&amp#27;[39m
&amp#27;[38;5;32m[AndroidUiautomator2Driver@c35c (83760a3e)]&amp#27;[0m Calling AppiumDriver.getCurrentContext() with args: ["83760a3e-13d9-4f16-93c9-f76dc55a2f2d"]
&amp#27;[38;5;32m[AndroidUiautomator2Driver@c35c (83760a3e)]&amp#27;[0m Responding to client with driver.getCurrentContext() result: "NATIVE_APP"
&amp#27;[38;5;0m[HTTP]&amp#27;[0m &amp#27;[37m<-- GET /session/83760a3e-13d9-4f16-93c9-f76dc55a2f2d/context &amp#27;[39m&amp#27;[32m200&amp#27;[39m &amp#27;[90m1 ms - 22&amp#27;[39m
&amp#27;[38;5;0m[HTTP]&amp#27;[0m &amp#27;[90m&amp#27;[39m
&amp#27;[38;5;0m[HTTP]&amp#27;[0m &amp#27;[37m-->&amp#27;[39m &amp#27;[37mPOST&amp#27;[39m &amp#27;[37m/session/83760a3e-13d9-4f16-93c9-f76dc55a2f2d/element&amp#27;[39m
&amp#27;[38;5;0m[HTTP]&amp#27;[0m &amp#27;[90m{"using":"accessibility id","value":"open menu"}&amp#27;[39m
&amp#27;[38;5;32m[AndroidUiautomator2Driver@c35c (83760a3e)]&amp#27;[0m Calling AppiumDriver.findElement() with args: ["accessibility id","open menu","83760a3e-13d9-4f16-93c9-f76dc55a2f2d"]
&amp#27;[38;5;32m[AndroidUiautomator2Driver@c35c (83760a3e)]&amp#27;[0m Valid locator strategies for this request: xpath, id, class name, accessibility id, css selector, -android uiautomator
&amp#27;[38;5;32m[AndroidUiautomator2Driver@c35c (83760a3e)]&amp#27;[0m Waiting up to 10000 ms for condition
&amp#27;[38;5;32m[AndroidUiautomator2Driver@c35c (83760a3e)]&amp#27;[0m Matched '/element' to command name 'findElement'
&amp#27;[38;5;32m[AndroidUiautomator2Driver@c35c (83760a3e)]&amp#27;[0m Proxying [POST /element] to [POST http://127.0.0.1:8201/session/a4f15fa2-b955-4911-9a5c-74159e5f2769/element] with body: {"strategy":"accessibility id","selector":"open menu","context":"","multiple":false}
&amp#27;[38;5;32m[AndroidUiautomator2Driver@c35c (83760a3e)]&amp#27;[0m Got response with status 200: {"sessionId":"a4f15fa2-b955-4911-9a5c-74159e5f2769","value":{"ELEMENT":"00000000-0000-05af-ffff-ffff000000c5","element-6066-11e4-a52e-4f735466cecf":"00000000-0000-05af-ffff-ffff000000c5"}}
&amp#27;[38;5;32m[AndroidUiautomator2Driver@c35c (83760a3e)]&amp#27;[0m Responding to client with driver.findElement() result: {"element-6066-11e4-a52e-4f735466cecf":"00000000-0000-05af-ffff-ffff000000c5","ELEMENT":"00000000-0000-05af-ffff-ffff000000c5"}
&amp#27;[38;5;0m[HTTP]&amp#27;[0m &amp#27;[37m<-- POST /session/83760a3e-13d9-4f16-93c9-f76dc55a2f2d/element &amp#27;[39m&amp#27;[32m200&amp#27;[39m &amp#27;[90m56 ms - 137&amp#27;[39m
&amp#27;[38;5;0m[HTTP]&amp#27;[0m &amp#27;[90m&amp#27;[39m
&amp#27;[38;5;0m[HTTP]&amp#27;[0m &amp#27;[37m-->&amp#27;[39m &amp#27;[37mGET&amp#27;[39m &amp#27;[37m/session/83760a3e-13d9-4f16-93c9-f76dc55a2f2d/element/00000000-0000-05af-ffff-ffff000000c5/enabled&amp#27;[39m
&amp#27;[38;5;0m[HTTP]&amp#27;[0m &amp#27;[90m{}&amp#27;[39m
&amp#27;[38;5;32m[AndroidUiautomator2Driver@c35c (83760a3e)]&amp#27;[0m Calling AppiumDriver.elementEnabled() with args: ["00000000-0000-05af-ffff-ffff000000c5","83760a3e-13d9-4f16-93c9-f76dc55a2f2d"]
&amp#27;[38;5;32m[AndroidUiautomator2Driver@c35c (83760a3e)]&amp#27;[0m Matched '/element/00000000-0000-05af-ffff-ffff000000c5/attribute/enabled' to command name 'getAttribute'
&amp#27;[38;5;32m[AndroidUiautomator2Driver@c35c (83760a3e)]&amp#27;[0m Proxying [GET /element/00000000-0000-05af-ffff-ffff000000c5/attribute/enabled] to [GET http://127.0.0.1:8201/session/a4f15fa2-b955-4911-9a5c-74159e5f2769/element/00000000-0000-05af-ffff-ffff000000c5/attribute/enabled] with no body
&amp#27;[38;5;32m[AndroidUiautomator2Driver@c35c (83760a3e)]&amp#27;[0m Got response with status 200: {"sessionId":"a4f15fa2-b955-4911-9a5c-74159e5f2769","value":"true"}
&amp#27;[38;5;32m[AndroidUiautomator2Driver@c35c (83760a3e)]&amp#27;[0m Responding to client with driver.elementEnabled() result: true
&amp#27;[38;5;0m[HTTP]&amp#27;[0m &amp#27;[37m<-- GET /session/83760a3e-13d9-4f16-93c9-f76dc55a2f2d/element/00000000-0000-05af-ffff-ffff000000c5/enabled &amp#27;[39m&amp#27;[32m200&amp#27;[39m &amp#27;[90m27 ms - 14&amp#27;[39m
&amp#27;[38;5;0m[HTTP]&amp#27;[0m &amp#27;[90m&amp#27;[39m
&amp#27;[38;5;0m[HTTP]&amp#27;[0m &amp#27;[37m-->&amp#27;[39m &amp#27;[37mGET&amp#27;[39m &amp#27;[37m/session/83760a3e-13d9-4f16-93c9-f76dc55a2f2d/context&amp#27;[39m
&amp#27;[38;5;0m[HTTP]&amp#27;[0m &amp#27;[90m{}&amp#27;[39m
&amp#27;[38;5;32m[AndroidUiautomator2Driver@c35c (83760a3e)]&amp#27;[0m Calling AppiumDriver.getCurrentContext() with args: ["83760a3e-13d9-4f16-93c9-f76dc55a2f2d"]
&amp#27;[38;5;32m[AndroidUiautomator2Driver@c35c (83760a3e)]&amp#27;[0m Responding to client with driver.getCurrentContext() result: "NATIVE_APP"
&amp#27;[38;5;0m[HTTP]&amp#27;[0m &amp#27;[37m<-- GET /session/83760a3e-13d9-4f16-93c9-f76dc55a2f2d/context &amp#27;[39m&amp#27;[32m200&amp#27;[39m &amp#27;[90m1 ms - 22&amp#27;[39m
&amp#27;[38;5;0m[HTTP]&amp#27;[0m &amp#27;[90m&amp#27;[39m
&amp#27;[38;5;0m[HTTP]&amp#27;[0m &amp#27;[37m-->&amp#27;[39m &amp#27;[37mPOST&amp#27;[39m &amp#27;[37m/session/83760a3e-13d9-4f16-93c9-f76dc55a2f2d/element&amp#27;[39m
&amp#27;[38;5;0m[HTTP]&amp#27;[0m &amp#27;[90m{"using":"accessibility id","value":"open menu"}&amp#27;[39m
&amp#27;[38;5;32m[AndroidUiautomator2Driver@c35c (83760a3e)]&amp#27;[0m Calling AppiumDriver.findElement() with args: ["accessibility id","open menu","83760a3e-13d9-4f16-93c9-f76dc55a2f2d"]
&amp#27;[38;5;32m[AndroidUiautomator2Driver@c35c (83760a3e)]&amp#27;[0m Valid locator strategies for this request: xpath, id, class name, accessibility id, css selector, -android uiautomator
&amp#27;[38;5;32m[AndroidUiautomator2Driver@c35c (83760a3e)]&amp#27;[0m Waiting up to 10000 ms for condition
&amp#27;[38;5;32m[AndroidUiautomator2Driver@c35c (83760a3e)]&amp#27;[0m Matched '/element' to command name 'findElement'
&amp#27;[38;5;32m[AndroidUiautomator2Driver@c35c (83760a3e)]&amp#27;[0m Proxying [POST /element] to [POST http://127.0.0.1:8201/session/a4f15fa2-b955-4911-9a5c-74159e5f2769/element] with body: {"strategy":"accessibility id","selector":"open menu","context":"","multiple":false}
&amp#27;[38;5;32m[AndroidUiautomator2Driver@c35c (83760a3e)]&amp#27;[0m Got response with status 200: {"sessionId":"a4f15fa2-b955-4911-9a5c-74159e5f2769","value":{"ELEMENT":"00000000-0000-05af-ffff-ffff000000c5","element-6066-11e4-a52e-4f735466cecf":"00000000-0000-05af-ffff-ffff000000c5"}}
&amp#27;[38;5;32m[AndroidUiautomator2Driver@c35c (83760a3e)]&amp#27;[0m Responding to client with driver.findElement() result: {"element-6066-11e4-a52e-4f735466cecf":"00000000-0000-05af-ffff-ffff000000c5","ELEMENT":"00000000-0000-05af-ffff-ffff000000c5"}
&amp#27;[38;5;0m[HTTP]&amp#27;[0m &amp#27;[37m<-- POST /session/83760a3e-13d9-4f16-93c9-f76dc55a2f2d/element &amp#27;[39m&amp#27;[32m200&amp#27;[39m &amp#27;[90m77 ms - 137&amp#27;[39m
&amp#27;[38;5;0m[HTTP]&amp#27;[0m &amp#27;[90m&amp#27;[39m
&amp#27;[38;5;0m[HTTP]&amp#27;[0m &amp#27;[37m-->&amp#27;[39m &amp#27;[37mPOST&amp#27;[39m &amp#27;[37m/session/83760a3e-13d9-4f16-93c9-f76dc55a2f2d/element/00000000-0000-05af-ffff-ffff000000c5/click&amp#27;[39m
&amp#27;[38;5;0m[HTTP]&amp#27;[0m &amp#27;[90m{"id":"00000000-0000-05af-ffff-ffff000000c5"}&amp#27;[39m
&amp#27;[38;5;32m[AndroidUiautomator2Driver@c35c (83760a3e)]&amp#27;[0m Calling AppiumDriver.click() with args: ["00000000-0000-05af-ffff-ffff000000c5","83760a3e-13d9-4f16-93c9-f76dc55a2f2d"]
&amp#27;[38;5;32m[AndroidUiautomator2Driver@c35c (83760a3e)]&amp#27;[0m Matched '/element/00000000-0000-05af-ffff-ffff000000c5/click' to command name 'click'
&amp#27;[38;5;32m[AndroidUiautomator2Driver@c35c (83760a3e)]&amp#27;[0m Proxying [POST /element/00000000-0000-05af-ffff-ffff000000c5/click] to [POST http://127.0.0.1:8201/session/a4f15fa2-b955-4911-9a5c-74159e5f2769/element/00000000-0000-05af-ffff-ffff000000c5/click] with body: {"element":"00000000-0000-05af-ffff-ffff000000c5"}
&amp#27;[38;5;32m[AndroidUiautomator2Driver@c35c (83760a3e)]&amp#27;[0m Got response with status 200: {"sessionId":"a4f15fa2-b955-4911-9a5c-74159e5f2769","value":null}
&amp#27;[38;5;32m[AndroidUiautomator2Driver@c35c (83760a3e)]&amp#27;[0m Responding to client with driver.click() result: null
&amp#27;[38;5;0m[HTTP]&amp#27;[0m &amp#27;[37m<-- POST /session/83760a3e-13d9-4f16-93c9-f76dc55a2f2d/element/00000000-0000-05af-ffff-ffff000000c5/click &amp#27;[39m&amp#27;[32m200&amp#27;[39m &amp#27;[90m71 ms - 14&amp#27;[39m
&amp#27;[38;5;0m[HTTP]&amp#27;[0m &amp#27;[90m&amp#27;[39m
&amp#27;[38;5;0m[HTTP]&amp#27;[0m &amp#27;[37m-->&amp#27;[39m &amp#27;[37mGET&amp#27;[39m &amp#27;[37m/session/83760a3e-13d9-4f16-93c9-f76dc55a2f2d/context&amp#27;[39m
&amp#27;[38;5;0m[HTTP]&amp#27;[0m &amp#27;[90m{}&amp#27;[39m
&amp#27;[38;5;32m[AndroidUiautomator2Driver@c35c (83760a3e)]&amp#27;[0m Calling AppiumDriver.getCurrentContext() with args: ["83760a3e-13d9-4f16-93c9-f76dc55a2f2d"]
&amp#27;[38;5;32m[AndroidUiautomator2Driver@c35c (83760a3e)]&amp#27;[0m Responding to client with driver.getCurrentContext() result: "NATIVE_APP"
&amp#27;[38;5;0m[HTTP]&amp#27;[0m &amp#27;[37m<-- GET /session/83760a3e-13d9-4f16-93c9-f76dc55a2f2d/context &amp#27;[39m&amp#27;[32m200&amp#27;[39m &amp#27;[90m1 ms - 22&amp#27;[39m
&amp#27;[38;5;0m[HTTP]&amp#27;[0m &amp#27;[90m&amp#27;[39m
&amp#27;[38;5;0m[HTTP]&amp#27;[0m &amp#27;[37m-->&amp#27;[39m &amp#27;[37mPOST&amp#27;[39m &amp#27;[37m/session/83760a3e-13d9-4f16-93c9-f76dc55a2f2d/element&amp#27;[39m
&amp#27;[38;5;0m[HTTP]&amp#27;[0m &amp#27;[90m{"using":"accessibility id","value":"menu item catalog"}&amp#27;[39m
&amp#27;[38;5;32m[AndroidUiautomator2Driver@c35c (83760a3e)]&amp#27;[0m Calling AppiumDriver.findElement() with args: ["accessibility id","menu item catalog","83760a3e-13d9-4f16-93c9-f76dc55a2f2d"]
&amp#27;[38;5;32m[AndroidUiautomator2Driver@c35c (83760a3e)]&amp#27;[0m Valid locator strategies for this request: xpath, id, class name, accessibility id, css selector, -android uiautomator
&amp#27;[38;5;32m[AndroidUiautomator2Driver@c35c (83760a3e)]&amp#27;[0m Waiting up to 10000 ms for condition
&amp#27;[38;5;32m[AndroidUiautomator2Driver@c35c (83760a3e)]&amp#27;[0m Matched '/element' to command name 'findElement'
&amp#27;[38;5;32m[AndroidUiautomator2Driver@c35c (83760a3e)]&amp#27;[0m Proxying [POST /element] to [POST http://127.0.0.1:8201/session/a4f15fa2-b955-4911-9a5c-74159e5f2769/element] with body: {"strategy":"accessibility id","selector":"menu item catalog","context":"","multiple":false}
&amp#27;[38;5;32m[AndroidUiautomator2Driver@c35c (83760a3e)]&amp#27;[0m Got response with status 404: {"sessionId":"a4f15fa2-b955-4911-9a5c-74159e5f2769","value":{"error":"no such element","message":"An element could not be located on the page using the given search parameters","stacktrace":"io.appium.uiautomator2.common.exceptions.ElementNotFoundException: An element could not be located on the page using the given search parameters\n\tat io.appium.uiautomator2.handler.FindElement.safeHandle(FindElement.java:63)\n\tat io.appium.uiautomator2.handler.request.SafeRequestHandler.handle(SafeRequestHandler.java:59)\n\tat io.appium.uiautomator2.server.AppiumServlet.handleRequest(AppiumServlet.java:277)\n\tat io.appium.uiautomator2.server.AppiumServlet.handleHttpRequest(AppiumServlet.java:271)\n\tat io.appium.uiautomator2.http.ServerHandler.channelRead(ServerHandler.java:77)\n\tat io.netty.channel.AbstractChannelHandlerContext.invokeChannelRead(AbstractChannelHandlerContext.java:366)\n\tat io.netty.channel.AbstractChannelHandlerContext.invokeChannelRead(AbstractChannelHandlerContext.java:352)\n\tat io.netty.chann...
&amp#27;[38;5;144m[W3C]&amp#27;[0m Matched W3C error code 'no such element' to NoSuchElementError
&amp#27;[38;5;32m[AndroidUiautomator2Driver@c35c (83760a3e)]&amp#27;[0m Waited for 98 ms so far
&amp#27;[38;5;32m[AndroidUiautomator2Driver@c35c (83760a3e)]&amp#27;[0m Matched '/element' to command name 'findElement'
&amp#27;[38;5;32m[AndroidUiautomator2Driver@c35c (83760a3e)]&amp#27;[0m Proxying [POST /element] to [POST http://127.0.0.1:8201/session/a4f15fa2-b955-4911-9a5c-74159e5f2769/element] with body: {"strategy":"accessibility id","selector":"menu item catalog","context":"","multiple":false}
&amp#27;[38;5;32m[AndroidUiautomator2Driver@c35c (83760a3e)]&amp#27;[0m Got response with status 200: {"sessionId":"a4f15fa2-b955-4911-9a5c-74159e5f2769","value":{"ELEMENT":"00000000-0000-05af-ffff-ffff00000090","element-6066-11e4-a52e-4f735466cecf":"00000000-0000-05af-ffff-ffff00000090"}}
&amp#27;[38;5;32m[AndroidUiautomator2Driver@c35c (83760a3e)]&amp#27;[0m Responding to client with driver.findElement() result: {"element-6066-11e4-a52e-4f735466cecf":"00000000-0000-05af-ffff-ffff00000090","ELEMENT":"00000000-0000-05af-ffff-ffff00000090"}
&amp#27;[38;5;0m[HTTP]&amp#27;[0m &amp#27;[37m<-- POST /session/83760a3e-13d9-4f16-93c9-f76dc55a2f2d/element &amp#27;[39m&amp#27;[32m200&amp#27;[39m &amp#27;[90m1564 ms - 137&amp#27;[39m
&amp#27;[38;5;0m[HTTP]&amp#27;[0m &amp#27;[90m&amp#27;[39m
&amp#27;[38;5;0m[HTTP]&amp#27;[0m &amp#27;[37m-->&amp#27;[39m &amp#27;[37mPOST&amp#27;[39m &amp#27;[37m/session/83760a3e-13d9-4f16-93c9-f76dc55a2f2d/element/00000000-0000-05af-ffff-ffff00000090/click&amp#27;[39m
&amp#27;[38;5;0m[HTTP]&amp#27;[0m &amp#27;[90m{"id":"00000000-0000-05af-ffff-ffff00000090"}&amp#27;[39m
&amp#27;[38;5;32m[AndroidUiautomator2Driver@c35c (83760a3e)]&amp#27;[0m Calling AppiumDriver.click() with args: ["00000000-0000-05af-ffff-ffff00000090","83760a3e-13d9-4f16-93c9-f76dc55a2f2d"]
&amp#27;[38;5;32m[AndroidUiautomator2Driver@c35c (83760a3e)]&amp#27;[0m Matched '/element/00000000-0000-05af-ffff-ffff00000090/click' to command name 'click'
&amp#27;[38;5;32m[AndroidUiautomator2Driver@c35c (83760a3e)]&amp#27;[0m Proxying [POST /element/00000000-0000-05af-ffff-ffff00000090/click] to [POST http://127.0.0.1:8201/session/a4f15fa2-b955-4911-9a5c-74159e5f2769/element/00000000-0000-05af-ffff-ffff00000090/click] with body: {"element":"00000000-0000-05af-ffff-ffff00000090"}
&amp#27;[38;5;32m[AndroidUiautomator2Driver@c35c (83760a3e)]&amp#27;[0m Got response with status 200: {"sessionId":"a4f15fa2-b955-4911-9a5c-74159e5f2769","value":null}
&amp#27;[38;5;32m[AndroidUiautomator2Driver@c35c (83760a3e)]&amp#27;[0m Responding to client with driver.click() result: null
&amp#27;[38;5;0m[HTTP]&amp#27;[0m &amp#27;[37m<-- POST /session/83760a3e-13d9-4f16-93c9-f76dc55a2f2d/element/00000000-0000-05af-ffff-ffff00000090/click &amp#27;[39m&amp#27;[32m200&amp#27;[39m &amp#27;[90m129 ms - 14&amp#27;[39m
&amp#27;[38;5;0m[HTTP]&amp#27;[0m &amp#27;[90m&amp#27;[39m
]]></system-out>
  </testcase>
  <testcase name="LoginVerification[{country=United States, address2=999, city=San Diego, address1=123 Test Ave, zipcode=92131, password=10203040, productcolor=blue, fullname=Bob Fisher, state=California, cardnumber=1234 1234 1234 123, securitycode=345, username=bob@example.com, expdate=06/26}](1)" classname="testCases.TC2_MenuFeatures" time="18.391">
    <system-out><![CDATA[&amp#27;[38;5;0m[HTTP]&amp#27;[0m &amp#27;[37m-->&amp#27;[39m &amp#27;[37mGET&amp#27;[39m &amp#27;[37m/session/83760a3e-13d9-4f16-93c9-f76dc55a2f2d/context&amp#27;[39m
&amp#27;[38;5;0m[HTTP]&amp#27;[0m &amp#27;[90m{}&amp#27;[39m
&amp#27;[38;5;32m[AndroidUiautomator2Driver@c35c (83760a3e)]&amp#27;[0m Calling AppiumDriver.getCurrentContext() with args: ["83760a3e-13d9-4f16-93c9-f76dc55a2f2d"]
&amp#27;[38;5;32m[AndroidUiautomator2Driver@c35c (83760a3e)]&amp#27;[0m Responding to client with driver.getCurrentContext() result: "NATIVE_APP"
&amp#27;[38;5;0m[HTTP]&amp#27;[0m &amp#27;[37m<-- GET /session/83760a3e-13d9-4f16-93c9-f76dc55a2f2d/context &amp#27;[39m&amp#27;[32m200&amp#27;[39m &amp#27;[90m1 ms - 22&amp#27;[39m
&amp#27;[38;5;0m[HTTP]&amp#27;[0m &amp#27;[90m&amp#27;[39m
&amp#27;[38;5;0m[HTTP]&amp#27;[0m &amp#27;[37m-->&amp#27;[39m &amp#27;[37mPOST&amp#27;[39m &amp#27;[37m/session/83760a3e-13d9-4f16-93c9-f76dc55a2f2d/element&amp#27;[39m
&amp#27;[38;5;0m[HTTP]&amp#27;[0m &amp#27;[90m{"using":"accessibility id","value":"open menu"}&amp#27;[39m
&amp#27;[38;5;32m[AndroidUiautomator2Driver@c35c (83760a3e)]&amp#27;[0m Calling AppiumDriver.findElement() with args: ["accessibility id","open menu","83760a3e-13d9-4f16-93c9-f76dc55a2f2d"]
&amp#27;[38;5;32m[AndroidUiautomator2Driver@c35c (83760a3e)]&amp#27;[0m Valid locator strategies for this request: xpath, id, class name, accessibility id, css selector, -android uiautomator
&amp#27;[38;5;32m[AndroidUiautomator2Driver@c35c (83760a3e)]&amp#27;[0m Waiting up to 10000 ms for condition
&amp#27;[38;5;32m[AndroidUiautomator2Driver@c35c (83760a3e)]&amp#27;[0m Matched '/element' to command name 'findElement'
&amp#27;[38;5;32m[AndroidUiautomator2Driver@c35c (83760a3e)]&amp#27;[0m Proxying [POST /element] to [POST http://127.0.0.1:8201/session/a4f15fa2-b955-4911-9a5c-74159e5f2769/element] with body: {"strategy":"accessibility id","selector":"open menu","context":"","multiple":false}
&amp#27;[38;5;32m[AndroidUiautomator2Driver@c35c (83760a3e)]&amp#27;[0m Got response with status 200: {"sessionId":"a4f15fa2-b955-4911-9a5c-74159e5f2769","value":{"ELEMENT":"00000000-0000-05af-ffff-ffff00000022","element-6066-11e4-a52e-4f735466cecf":"00000000-0000-05af-ffff-ffff00000022"}}
&amp#27;[38;5;32m[AndroidUiautomator2Driver@c35c (83760a3e)]&amp#27;[0m Responding to client with driver.findElement() result: {"element-6066-11e4-a52e-4f735466cecf":"00000000-0000-05af-ffff-ffff00000022","ELEMENT":"00000000-0000-05af-ffff-ffff00000022"}
&amp#27;[38;5;0m[HTTP]&amp#27;[0m &amp#27;[37m<-- POST /session/83760a3e-13d9-4f16-93c9-f76dc55a2f2d/element &amp#27;[39m&amp#27;[32m200&amp#27;[39m &amp#27;[90m1239 ms - 137&amp#27;[39m
&amp#27;[38;5;0m[HTTP]&amp#27;[0m &amp#27;[90m&amp#27;[39m
&amp#27;[38;5;0m[HTTP]&amp#27;[0m &amp#27;[37m-->&amp#27;[39m &amp#27;[37mGET&amp#27;[39m &amp#27;[37m/session/83760a3e-13d9-4f16-93c9-f76dc55a2f2d/element/00000000-0000-05af-ffff-ffff00000022/displayed&amp#27;[39m
&amp#27;[38;5;0m[HTTP]&amp#27;[0m &amp#27;[90m{}&amp#27;[39m
&amp#27;[38;5;32m[AndroidUiautomator2Driver@c35c (83760a3e)]&amp#27;[0m Calling AppiumDriver.elementDisplayed() with args: ["00000000-0000-05af-ffff-ffff00000022","83760a3e-13d9-4f16-93c9-f76dc55a2f2d"]
&amp#27;[38;5;32m[AndroidUiautomator2Driver@c35c (83760a3e)]&amp#27;[0m Matched '/element/00000000-0000-05af-ffff-ffff00000022/attribute/displayed' to command name 'getAttribute'
&amp#27;[38;5;32m[AndroidUiautomator2Driver@c35c (83760a3e)]&amp#27;[0m Proxying [GET /element/00000000-0000-05af-ffff-ffff00000022/attribute/displayed] to [GET http://127.0.0.1:8201/session/a4f15fa2-b955-4911-9a5c-74159e5f2769/element/00000000-0000-05af-ffff-ffff00000022/attribute/displayed] with no body
&amp#27;[38;5;32m[AndroidUiautomator2Driver@c35c (83760a3e)]&amp#27;[0m Got response with status 200: {"sessionId":"a4f15fa2-b955-4911-9a5c-74159e5f2769","value":"true"}
&amp#27;[38;5;32m[AndroidUiautomator2Driver@c35c (83760a3e)]&amp#27;[0m Responding to client with driver.elementDisplayed() result: true
&amp#27;[38;5;0m[HTTP]&amp#27;[0m &amp#27;[37m<-- GET /session/83760a3e-13d9-4f16-93c9-f76dc55a2f2d/element/00000000-0000-05af-ffff-ffff00000022/displayed &amp#27;[39m&amp#27;[32m200&amp#27;[39m &amp#27;[90m59 ms - 14&amp#27;[39m
&amp#27;[38;5;0m[HTTP]&amp#27;[0m &amp#27;[90m&amp#27;[39m
&amp#27;[38;5;0m[HTTP]&amp#27;[0m &amp#27;[37m-->&amp#27;[39m &amp#27;[37mGET&amp#27;[39m &amp#27;[37m/session/83760a3e-13d9-4f16-93c9-f76dc55a2f2d/context&amp#27;[39m
&amp#27;[38;5;0m[HTTP]&amp#27;[0m &amp#27;[90m{}&amp#27;[39m
&amp#27;[38;5;32m[AndroidUiautomator2Driver@c35c (83760a3e)]&amp#27;[0m Calling AppiumDriver.getCurrentContext() with args: ["83760a3e-13d9-4f16-93c9-f76dc55a2f2d"]
&amp#27;[38;5;32m[AndroidUiautomator2Driver@c35c (83760a3e)]&amp#27;[0m Responding to client with driver.getCurrentContext() result: "NATIVE_APP"
&amp#27;[38;5;0m[HTTP]&amp#27;[0m &amp#27;[37m<-- GET /session/83760a3e-13d9-4f16-93c9-f76dc55a2f2d/context &amp#27;[39m&amp#27;[32m200&amp#27;[39m &amp#27;[90m1 ms - 22&amp#27;[39m
&amp#27;[38;5;0m[HTTP]&amp#27;[0m &amp#27;[90m&amp#27;[39m
&amp#27;[38;5;0m[HTTP]&amp#27;[0m &amp#27;[37m-->&amp#27;[39m &amp#27;[37mPOST&amp#27;[39m &amp#27;[37m/session/83760a3e-13d9-4f16-93c9-f76dc55a2f2d/element&amp#27;[39m
&amp#27;[38;5;0m[HTTP]&amp#27;[0m &amp#27;[90m{"using":"accessibility id","value":"open menu"}&amp#27;[39m
&amp#27;[38;5;32m[AndroidUiautomator2Driver@c35c (83760a3e)]&amp#27;[0m Calling AppiumDriver.findElement() with args: ["accessibility id","open menu","83760a3e-13d9-4f16-93c9-f76dc55a2f2d"]
&amp#27;[38;5;32m[AndroidUiautomator2Driver@c35c (83760a3e)]&amp#27;[0m Valid locator strategies for this request: xpath, id, class name, accessibility id, css selector, -android uiautomator
&amp#27;[38;5;32m[AndroidUiautomator2Driver@c35c (83760a3e)]&amp#27;[0m Waiting up to 10000 ms for condition
&amp#27;[38;5;32m[AndroidUiautomator2Driver@c35c (83760a3e)]&amp#27;[0m Matched '/element' to command name 'findElement'
&amp#27;[38;5;32m[AndroidUiautomator2Driver@c35c (83760a3e)]&amp#27;[0m Proxying [POST /element] to [POST http://127.0.0.1:8201/session/a4f15fa2-b955-4911-9a5c-74159e5f2769/element] with body: {"strategy":"accessibility id","selector":"open menu","context":"","multiple":false}
&amp#27;[38;5;32m[AndroidUiautomator2Driver@c35c (83760a3e)]&amp#27;[0m Got response with status 200: {"sessionId":"a4f15fa2-b955-4911-9a5c-74159e5f2769","value":{"ELEMENT":"00000000-0000-05af-ffff-ffff00000022","element-6066-11e4-a52e-4f735466cecf":"00000000-0000-05af-ffff-ffff00000022"}}
&amp#27;[38;5;32m[AndroidUiautomator2Driver@c35c (83760a3e)]&amp#27;[0m Responding to client with driver.findElement() result: {"element-6066-11e4-a52e-4f735466cecf":"00000000-0000-05af-ffff-ffff00000022","ELEMENT":"00000000-0000-05af-ffff-ffff00000022"}
&amp#27;[38;5;0m[HTTP]&amp#27;[0m &amp#27;[37m<-- POST /session/83760a3e-13d9-4f16-93c9-f76dc55a2f2d/element &amp#27;[39m&amp#27;[32m200&amp#27;[39m &amp#27;[90m209 ms - 137&amp#27;[39m
&amp#27;[38;5;0m[HTTP]&amp#27;[0m &amp#27;[90m&amp#27;[39m
&amp#27;[38;5;0m[HTTP]&amp#27;[0m &amp#27;[37m-->&amp#27;[39m &amp#27;[37mGET&amp#27;[39m &amp#27;[37m/session/83760a3e-13d9-4f16-93c9-f76dc55a2f2d/element/00000000-0000-05af-ffff-ffff00000022/enabled&amp#27;[39m
&amp#27;[38;5;0m[HTTP]&amp#27;[0m &amp#27;[90m{}&amp#27;[39m
&amp#27;[38;5;32m[AndroidUiautomator2Driver@c35c (83760a3e)]&amp#27;[0m Calling AppiumDriver.elementEnabled() with args: ["00000000-0000-05af-ffff-ffff00000022","83760a3e-13d9-4f16-93c9-f76dc55a2f2d"]
&amp#27;[38;5;32m[AndroidUiautomator2Driver@c35c (83760a3e)]&amp#27;[0m Matched '/element/00000000-0000-05af-ffff-ffff00000022/attribute/enabled' to command name 'getAttribute'
&amp#27;[38;5;32m[AndroidUiautomator2Driver@c35c (83760a3e)]&amp#27;[0m Proxying [GET /element/00000000-0000-05af-ffff-ffff00000022/attribute/enabled] to [GET http://127.0.0.1:8201/session/a4f15fa2-b955-4911-9a5c-74159e5f2769/element/00000000-0000-05af-ffff-ffff00000022/attribute/enabled] with no body
&amp#27;[38;5;32m[AndroidUiautomator2Driver@c35c (83760a3e)]&amp#27;[0m Got response with status 200: {"sessionId":"a4f15fa2-b955-4911-9a5c-74159e5f2769","value":"true"}
&amp#27;[38;5;32m[AndroidUiautomator2Driver@c35c (83760a3e)]&amp#27;[0m Responding to client with driver.elementEnabled() result: true
&amp#27;[38;5;0m[HTTP]&amp#27;[0m &amp#27;[37m<-- GET /session/83760a3e-13d9-4f16-93c9-f76dc55a2f2d/element/00000000-0000-05af-ffff-ffff00000022/enabled &amp#27;[39m&amp#27;[32m200&amp#27;[39m &amp#27;[90m39 ms - 14&amp#27;[39m
&amp#27;[38;5;0m[HTTP]&amp#27;[0m &amp#27;[90m&amp#27;[39m
&amp#27;[38;5;0m[HTTP]&amp#27;[0m &amp#27;[37m-->&amp#27;[39m &amp#27;[37mGET&amp#27;[39m &amp#27;[37m/session/83760a3e-13d9-4f16-93c9-f76dc55a2f2d/context&amp#27;[39m
&amp#27;[38;5;0m[HTTP]&amp#27;[0m &amp#27;[90m{}&amp#27;[39m
&amp#27;[38;5;32m[AndroidUiautomator2Driver@c35c (83760a3e)]&amp#27;[0m Calling AppiumDriver.getCurrentContext() with args: ["83760a3e-13d9-4f16-93c9-f76dc55a2f2d"]
&amp#27;[38;5;32m[AndroidUiautomator2Driver@c35c (83760a3e)]&amp#27;[0m Responding to client with driver.getCurrentContext() result: "NATIVE_APP"
&amp#27;[38;5;0m[HTTP]&amp#27;[0m &amp#27;[37m<-- GET /session/83760a3e-13d9-4f16-93c9-f76dc55a2f2d/context &amp#27;[39m&amp#27;[32m200&amp#27;[39m &amp#27;[90m1 ms - 22&amp#27;[39m
&amp#27;[38;5;0m[HTTP]&amp#27;[0m &amp#27;[90m&amp#27;[39m
&amp#27;[38;5;0m[HTTP]&amp#27;[0m &amp#27;[37m-->&amp#27;[39m &amp#27;[37mPOST&amp#27;[39m &amp#27;[37m/session/83760a3e-13d9-4f16-93c9-f76dc55a2f2d/element&amp#27;[39m
&amp#27;[38;5;0m[HTTP]&amp#27;[0m &amp#27;[90m{"using":"accessibility id","value":"open menu"}&amp#27;[39m
&amp#27;[38;5;32m[AndroidUiautomator2Driver@c35c (83760a3e)]&amp#27;[0m Calling AppiumDriver.findElement() with args: ["accessibility id","open menu","83760a3e-13d9-4f16-93c9-f76dc55a2f2d"]
&amp#27;[38;5;32m[AndroidUiautomator2Driver@c35c (83760a3e)]&amp#27;[0m Valid locator strategies for this request: xpath, id, class name, accessibility id, css selector, -android uiautomator
&amp#27;[38;5;32m[AndroidUiautomator2Driver@c35c (83760a3e)]&amp#27;[0m Waiting up to 10000 ms for condition
&amp#27;[38;5;32m[AndroidUiautomator2Driver@c35c (83760a3e)]&amp#27;[0m Matched '/element' to command name 'findElement'
&amp#27;[38;5;32m[AndroidUiautomator2Driver@c35c (83760a3e)]&amp#27;[0m Proxying [POST /element] to [POST http://127.0.0.1:8201/session/a4f15fa2-b955-4911-9a5c-74159e5f2769/element] with body: {"strategy":"accessibility id","selector":"open menu","context":"","multiple":false}
&amp#27;[38;5;32m[AndroidUiautomator2Driver@c35c (83760a3e)]&amp#27;[0m Got response with status 200: {"sessionId":"a4f15fa2-b955-4911-9a5c-74159e5f2769","value":{"ELEMENT":"00000000-0000-05af-ffff-ffff00000022","element-6066-11e4-a52e-4f735466cecf":"00000000-0000-05af-ffff-ffff00000022"}}
&amp#27;[38;5;32m[AndroidUiautomator2Driver@c35c (83760a3e)]&amp#27;[0m Responding to client with driver.findElement() result: {"element-6066-11e4-a52e-4f735466cecf":"00000000-0000-05af-ffff-ffff00000022","ELEMENT":"00000000-0000-05af-ffff-ffff00000022"}
&amp#27;[38;5;0m[HTTP]&amp#27;[0m &amp#27;[37m<-- POST /session/83760a3e-13d9-4f16-93c9-f76dc55a2f2d/element &amp#27;[39m&amp#27;[32m200&amp#27;[39m &amp#27;[90m114 ms - 137&amp#27;[39m
&amp#27;[38;5;0m[HTTP]&amp#27;[0m &amp#27;[90m&amp#27;[39m
&amp#27;[38;5;0m[HTTP]&amp#27;[0m &amp#27;[37m-->&amp#27;[39m &amp#27;[37mPOST&amp#27;[39m &amp#27;[37m/session/83760a3e-13d9-4f16-93c9-f76dc55a2f2d/element/00000000-0000-05af-ffff-ffff00000022/click&amp#27;[39m
&amp#27;[38;5;0m[HTTP]&amp#27;[0m &amp#27;[90m{"id":"00000000-0000-05af-ffff-ffff00000022"}&amp#27;[39m
&amp#27;[38;5;32m[AndroidUiautomator2Driver@c35c (83760a3e)]&amp#27;[0m Calling AppiumDriver.click() with args: ["00000000-0000-05af-ffff-ffff00000022","83760a3e-13d9-4f16-93c9-f76dc55a2f2d"]
&amp#27;[38;5;32m[AndroidUiautomator2Driver@c35c (83760a3e)]&amp#27;[0m Matched '/element/00000000-0000-05af-ffff-ffff00000022/click' to command name 'click'
&amp#27;[38;5;32m[AndroidUiautomator2Driver@c35c (83760a3e)]&amp#27;[0m Proxying [POST /element/00000000-0000-05af-ffff-ffff00000022/click] to [POST http://127.0.0.1:8201/session/a4f15fa2-b955-4911-9a5c-74159e5f2769/element/00000000-0000-05af-ffff-ffff00000022/click] with body: {"element":"00000000-0000-05af-ffff-ffff00000022"}
&amp#27;[38;5;32m[AndroidUiautomator2Driver@c35c (83760a3e)]&amp#27;[0m Got response with status 200: {"sessionId":"a4f15fa2-b955-4911-9a5c-74159e5f2769","value":null}
&amp#27;[38;5;32m[AndroidUiautomator2Driver@c35c (83760a3e)]&amp#27;[0m Responding to client with driver.click() result: null
&amp#27;[38;5;0m[HTTP]&amp#27;[0m &amp#27;[37m<-- POST /session/83760a3e-13d9-4f16-93c9-f76dc55a2f2d/element/00000000-0000-05af-ffff-ffff00000022/click &amp#27;[39m&amp#27;[32m200&amp#27;[39m &amp#27;[90m60 ms - 14&amp#27;[39m
&amp#27;[38;5;0m[HTTP]&amp#27;[0m &amp#27;[90m&amp#27;[39m
&amp#27;[38;5;0m[HTTP]&amp#27;[0m &amp#27;[37m-->&amp#27;[39m &amp#27;[37mGET&amp#27;[39m &amp#27;[37m/session/83760a3e-13d9-4f16-93c9-f76dc55a2f2d/context&amp#27;[39m
&amp#27;[38;5;0m[HTTP]&amp#27;[0m &amp#27;[90m{}&amp#27;[39m
&amp#27;[38;5;32m[AndroidUiautomator2Driver@c35c (83760a3e)]&amp#27;[0m Calling AppiumDriver.getCurrentContext() with args: ["83760a3e-13d9-4f16-93c9-f76dc55a2f2d"]
&amp#27;[38;5;32m[AndroidUiautomator2Driver@c35c (83760a3e)]&amp#27;[0m Responding to client with driver.getCurrentContext() result: "NATIVE_APP"
&amp#27;[38;5;0m[HTTP]&amp#27;[0m &amp#27;[37m<-- GET /session/83760a3e-13d9-4f16-93c9-f76dc55a2f2d/context &amp#27;[39m&amp#27;[32m200&amp#27;[39m &amp#27;[90m1 ms - 22&amp#27;[39m
&amp#27;[38;5;0m[HTTP]&amp#27;[0m &amp#27;[90m&amp#27;[39m
&amp#27;[38;5;0m[HTTP]&amp#27;[0m &amp#27;[37m-->&amp#27;[39m &amp#27;[37mPOST&amp#27;[39m &amp#27;[37m/session/83760a3e-13d9-4f16-93c9-f76dc55a2f2d/element&amp#27;[39m
&amp#27;[38;5;0m[HTTP]&amp#27;[0m &amp#27;[90m{"using":"accessibility id","value":"menu item log in"}&amp#27;[39m
&amp#27;[38;5;32m[AndroidUiautomator2Driver@c35c (83760a3e)]&amp#27;[0m Calling AppiumDriver.findElement() with args: ["accessibility id","menu item log in","83760a3e-13d9-4f16-93c9-f76dc55a2f2d"]
&amp#27;[38;5;32m[AndroidUiautomator2Driver@c35c (83760a3e)]&amp#27;[0m Valid locator strategies for this request: xpath, id, class name, accessibility id, css selector, -android uiautomator
&amp#27;[38;5;32m[AndroidUiautomator2Driver@c35c (83760a3e)]&amp#27;[0m Waiting up to 10000 ms for condition
&amp#27;[38;5;32m[AndroidUiautomator2Driver@c35c (83760a3e)]&amp#27;[0m Matched '/element' to command name 'findElement'
&amp#27;[38;5;32m[AndroidUiautomator2Driver@c35c (83760a3e)]&amp#27;[0m Proxying [POST /element] to [POST http://127.0.0.1:8201/session/a4f15fa2-b955-4911-9a5c-74159e5f2769/element] with body: {"strategy":"accessibility id","selector":"menu item log in","context":"","multiple":false}
&amp#27;[38;5;32m[AndroidUiautomator2Driver@c35c (83760a3e)]&amp#27;[0m Got response with status 200: {"sessionId":"a4f15fa2-b955-4911-9a5c-74159e5f2769","value":{"ELEMENT":"00000000-0000-05af-ffff-ffff000000a0","element-6066-11e4-a52e-4f735466cecf":"00000000-0000-05af-ffff-ffff000000a0"}}
&amp#27;[38;5;32m[AndroidUiautomator2Driver@c35c (83760a3e)]&amp#27;[0m Responding to client with driver.findElement() result: {"element-6066-11e4-a52e-4f735466cecf":"00000000-0000-05af-ffff-ffff000000a0","ELEMENT":"00000000-0000-05af-ffff-ffff000000a0"}
&amp#27;[38;5;0m[HTTP]&amp#27;[0m &amp#27;[37m<-- POST /session/83760a3e-13d9-4f16-93c9-f76dc55a2f2d/element &amp#27;[39m&amp#27;[32m200&amp#27;[39m &amp#27;[90m139 ms - 137&amp#27;[39m
&amp#27;[38;5;0m[HTTP]&amp#27;[0m &amp#27;[90m&amp#27;[39m
&amp#27;[38;5;0m[HTTP]&amp#27;[0m &amp#27;[37m-->&amp#27;[39m &amp#27;[37mPOST&amp#27;[39m &amp#27;[37m/session/83760a3e-13d9-4f16-93c9-f76dc55a2f2d/element/00000000-0000-05af-ffff-ffff000000a0/click&amp#27;[39m
&amp#27;[38;5;0m[HTTP]&amp#27;[0m &amp#27;[90m{"id":"00000000-0000-05af-ffff-ffff000000a0"}&amp#27;[39m
&amp#27;[38;5;32m[AndroidUiautomator2Driver@c35c (83760a3e)]&amp#27;[0m Calling AppiumDriver.click() with args: ["00000000-0000-05af-ffff-ffff000000a0","83760a3e-13d9-4f16-93c9-f76dc55a2f2d"]
&amp#27;[38;5;32m[AndroidUiautomator2Driver@c35c (83760a3e)]&amp#27;[0m Matched '/element/00000000-0000-05af-ffff-ffff000000a0/click' to command name 'click'
&amp#27;[38;5;32m[AndroidUiautomator2Driver@c35c (83760a3e)]&amp#27;[0m Proxying [POST /element/00000000-0000-05af-ffff-ffff000000a0/click] to [POST http://127.0.0.1:8201/session/a4f15fa2-b955-4911-9a5c-74159e5f2769/element/00000000-0000-05af-ffff-ffff000000a0/click] with body: {"element":"00000000-0000-05af-ffff-ffff000000a0"}
&amp#27;[38;5;32m[AndroidUiautomator2Driver@c35c (83760a3e)]&amp#27;[0m Got response with status 200: {"sessionId":"a4f15fa2-b955-4911-9a5c-74159e5f2769","value":null}
&amp#27;[38;5;32m[AndroidUiautomator2Driver@c35c (83760a3e)]&amp#27;[0m Responding to client with driver.click() result: null
&amp#27;[38;5;0m[HTTP]&amp#27;[0m &amp#27;[37m<-- POST /session/83760a3e-13d9-4f16-93c9-f76dc55a2f2d/element/00000000-0000-05af-ffff-ffff000000a0/click &amp#27;[39m&amp#27;[32m200&amp#27;[39m &amp#27;[90m1446 ms - 14&amp#27;[39m
&amp#27;[38;5;0m[HTTP]&amp#27;[0m &amp#27;[90m&amp#27;[39m
&amp#27;[38;5;0m[HTTP]&amp#27;[0m &amp#27;[37m-->&amp#27;[39m &amp#27;[37mGET&amp#27;[39m &amp#27;[37m/session/83760a3e-13d9-4f16-93c9-f76dc55a2f2d/context&amp#27;[39m
&amp#27;[38;5;0m[HTTP]&amp#27;[0m &amp#27;[90m{}&amp#27;[39m
&amp#27;[38;5;32m[AndroidUiautomator2Driver@c35c (83760a3e)]&amp#27;[0m Calling AppiumDriver.getCurrentContext() with args: ["83760a3e-13d9-4f16-93c9-f76dc55a2f2d"]
&amp#27;[38;5;32m[AndroidUiautomator2Driver@c35c (83760a3e)]&amp#27;[0m Responding to client with driver.getCurrentContext() result: "NATIVE_APP"
&amp#27;[38;5;0m[HTTP]&amp#27;[0m &amp#27;[37m<-- GET /session/83760a3e-13d9-4f16-93c9-f76dc55a2f2d/context &amp#27;[39m&amp#27;[32m200&amp#27;[39m &amp#27;[90m1 ms - 22&amp#27;[39m
&amp#27;[38;5;0m[HTTP]&amp#27;[0m &amp#27;[90m&amp#27;[39m
&amp#27;[38;5;0m[HTTP]&amp#27;[0m &amp#27;[37m-->&amp#27;[39m &amp#27;[37mPOST&amp#27;[39m &amp#27;[37m/session/83760a3e-13d9-4f16-93c9-f76dc55a2f2d/element&amp#27;[39m
&amp#27;[38;5;0m[HTTP]&amp#27;[0m &amp#27;[90m{"using":"accessibility id","value":"Username input field"}&amp#27;[39m
&amp#27;[38;5;32m[AndroidUiautomator2Driver@c35c (83760a3e)]&amp#27;[0m Calling AppiumDriver.findElement() with args: ["accessibility id","Username input field","83760a3e-13d9-4f16-93c9-f76dc55a2f2d"]
&amp#27;[38;5;32m[AndroidUiautomator2Driver@c35c (83760a3e)]&amp#27;[0m Valid locator strategies for this request: xpath, id, class name, accessibility id, css selector, -android uiautomator
&amp#27;[38;5;32m[AndroidUiautomator2Driver@c35c (83760a3e)]&amp#27;[0m Waiting up to 10000 ms for condition
&amp#27;[38;5;32m[AndroidUiautomator2Driver@c35c (83760a3e)]&amp#27;[0m Matched '/element' to command name 'findElement'
&amp#27;[38;5;32m[AndroidUiautomator2Driver@c35c (83760a3e)]&amp#27;[0m Proxying [POST /element] to [POST http://127.0.0.1:8201/session/a4f15fa2-b955-4911-9a5c-74159e5f2769/element] with body: {"strategy":"accessibility id","selector":"Username input field","context":"","multiple":false}
&amp#27;[38;5;32m[AndroidUiautomator2Driver@c35c (83760a3e)]&amp#27;[0m Got response with status 200: {"sessionId":"a4f15fa2-b955-4911-9a5c-74159e5f2769","value":{"ELEMENT":"00000000-0000-05af-ffff-ffff000000e4","element-6066-11e4-a52e-4f735466cecf":"00000000-0000-05af-ffff-ffff000000e4"}}
&amp#27;[38;5;32m[AndroidUiautomator2Driver@c35c (83760a3e)]&amp#27;[0m Responding to client with driver.findElement() result: {"element-6066-11e4-a52e-4f735466cecf":"00000000-0000-05af-ffff-ffff000000e4","ELEMENT":"00000000-0000-05af-ffff-ffff000000e4"}
&amp#27;[38;5;0m[HTTP]&amp#27;[0m &amp#27;[37m<-- POST /session/83760a3e-13d9-4f16-93c9-f76dc55a2f2d/element &amp#27;[39m&amp#27;[32m200&amp#27;[39m &amp#27;[90m1514 ms - 137&amp#27;[39m
&amp#27;[38;5;0m[HTTP]&amp#27;[0m &amp#27;[90m&amp#27;[39m
&amp#27;[38;5;0m[HTTP]&amp#27;[0m &amp#27;[37m-->&amp#27;[39m &amp#27;[37mPOST&amp#27;[39m &amp#27;[37m/session/83760a3e-13d9-4f16-93c9-f76dc55a2f2d/element/00000000-0000-05af-ffff-ffff000000e4/value&amp#27;[39m
&amp#27;[38;5;0m[HTTP]&amp#27;[0m &amp#27;[90m{"id":"00000000-0000-05af-ffff-ffff000000e4","text":"bob@example.coma","value":["b","o","b","@","e","x","a","m","p","l","e",".","c","o","m","a"]}&amp#27;[39m
&amp#27;[38;5;32m[AndroidUiautomator2Driver@c35c (83760a3e)]&amp#27;[0m Calling AppiumDriver.setValue() with args: [["b","o","b","@","e","x","a","m","p","l","e",".","c","o","m","a"],"00000000-0000-05af-ffff-ffff000000e4","83760a3e-13d9-4f16-93c9-f76dc55a2f2d"]
&amp#27;[38;5;32m[AndroidUiautomator2Driver@c35c (83760a3e)]&amp#27;[0m Matched '/element/00000000-0000-05af-ffff-ffff000000e4/value' to command name 'setValue'
&amp#27;[38;5;32m[AndroidUiautomator2Driver@c35c (83760a3e)]&amp#27;[0m Added 'value' property ["b","o","b","@","e","x","a","m","p","l","e",".","c","o","m","a"] to 'setValue' request body
&amp#27;[38;5;32m[AndroidUiautomator2Driver@c35c (83760a3e)]&amp#27;[0m Proxying [POST /element/00000000-0000-05af-ffff-ffff000000e4/value] to [POST http://127.0.0.1:8201/session/a4f15fa2-b955-4911-9a5c-74159e5f2769/element/00000000-0000-05af-ffff-ffff000000e4/value] with body: {"elementId":"00000000-0000-05af-ffff-ffff000000e4","text":"bob@example.coma","replace":false,"value":["b","o","b","@","e","x","a","m","p","l","e",".","c","o","m","a"]}
&amp#27;[38;5;32m[AndroidUiautomator2Driver@c35c (83760a3e)]&amp#27;[0m Got response with status 200: {"sessionId":"a4f15fa2-b955-4911-9a5c-74159e5f2769","value":null}
&amp#27;[38;5;32m[AndroidUiautomator2Driver@c35c (83760a3e)]&amp#27;[0m Responding to client with driver.setValue() result: null
&amp#27;[38;5;0m[HTTP]&amp#27;[0m &amp#27;[37m<-- POST /session/83760a3e-13d9-4f16-93c9-f76dc55a2f2d/element/00000000-0000-05af-ffff-ffff000000e4/value &amp#27;[39m&amp#27;[32m200&amp#27;[39m &amp#27;[90m166 ms - 14&amp#27;[39m
&amp#27;[38;5;0m[HTTP]&amp#27;[0m &amp#27;[90m&amp#27;[39m
&amp#27;[38;5;0m[HTTP]&amp#27;[0m &amp#27;[37m-->&amp#27;[39m &amp#27;[37mGET&amp#27;[39m &amp#27;[37m/session/83760a3e-13d9-4f16-93c9-f76dc55a2f2d/context&amp#27;[39m
&amp#27;[38;5;0m[HTTP]&amp#27;[0m &amp#27;[90m{}&amp#27;[39m
&amp#27;[38;5;32m[AndroidUiautomator2Driver@c35c (83760a3e)]&amp#27;[0m Calling AppiumDriver.getCurrentContext() with args: ["83760a3e-13d9-4f16-93c9-f76dc55a2f2d"]
&amp#27;[38;5;32m[AndroidUiautomator2Driver@c35c (83760a3e)]&amp#27;[0m Responding to client with driver.getCurrentContext() result: "NATIVE_APP"
&amp#27;[38;5;0m[HTTP]&amp#27;[0m &amp#27;[37m<-- GET /session/83760a3e-13d9-4f16-93c9-f76dc55a2f2d/context &amp#27;[39m&amp#27;[32m200&amp#27;[39m &amp#27;[90m1 ms - 22&amp#27;[39m
&amp#27;[38;5;0m[HTTP]&amp#27;[0m &amp#27;[90m&amp#27;[39m
&amp#27;[38;5;0m[HTTP]&amp#27;[0m &amp#27;[37m-->&amp#27;[39m &amp#27;[37mPOST&amp#27;[39m &amp#27;[37m/session/83760a3e-13d9-4f16-93c9-f76dc55a2f2d/element&amp#27;[39m
&amp#27;[38;5;0m[HTTP]&amp#27;[0m &amp#27;[90m{"using":"accessibility id","value":"Password input field"}&amp#27;[39m
&amp#27;[38;5;32m[AndroidUiautomator2Driver@c35c (83760a3e)]&amp#27;[0m Calling AppiumDriver.findElement() with args: ["accessibility id","Password input field","83760a3e-13d9-4f16-93c9-f76dc55a2f2d"]
&amp#27;[38;5;32m[AndroidUiautomator2Driver@c35c (83760a3e)]&amp#27;[0m Valid locator strategies for this request: xpath, id, class name, accessibility id, css selector, -android uiautomator
&amp#27;[38;5;32m[AndroidUiautomator2Driver@c35c (83760a3e)]&amp#27;[0m Waiting up to 10000 ms for condition
&amp#27;[38;5;32m[AndroidUiautomator2Driver@c35c (83760a3e)]&amp#27;[0m Matched '/element' to command name 'findElement'
&amp#27;[38;5;32m[AndroidUiautomator2Driver@c35c (83760a3e)]&amp#27;[0m Proxying [POST /element] to [POST http://127.0.0.1:8201/session/a4f15fa2-b955-4911-9a5c-74159e5f2769/element] with body: {"strategy":"accessibility id","selector":"Password input field","context":"","multiple":false}
&amp#27;[38;5;32m[AndroidUiautomator2Driver@c35c (83760a3e)]&amp#27;[0m Got response with status 200: {"sessionId":"a4f15fa2-b955-4911-9a5c-74159e5f2769","value":{"ELEMENT":"00000000-0000-05af-ffff-ffff000000e7","element-6066-11e4-a52e-4f735466cecf":"00000000-0000-05af-ffff-ffff000000e7"}}
&amp#27;[38;5;32m[AndroidUiautomator2Driver@c35c (83760a3e)]&amp#27;[0m Responding to client with driver.findElement() result: {"element-6066-11e4-a52e-4f735466cecf":"00000000-0000-05af-ffff-ffff000000e7","ELEMENT":"00000000-0000-05af-ffff-ffff000000e7"}
&amp#27;[38;5;0m[HTTP]&amp#27;[0m &amp#27;[37m<-- POST /session/83760a3e-13d9-4f16-93c9-f76dc55a2f2d/element &amp#27;[39m&amp#27;[32m200&amp#27;[39m &amp#27;[90m777 ms - 137&amp#27;[39m
&amp#27;[38;5;0m[HTTP]&amp#27;[0m &amp#27;[90m&amp#27;[39m
&amp#27;[38;5;0m[HTTP]&amp#27;[0m &amp#27;[37m-->&amp#27;[39m &amp#27;[37mPOST&amp#27;[39m &amp#27;[37m/session/83760a3e-13d9-4f16-93c9-f76dc55a2f2d/element/00000000-0000-05af-ffff-ffff000000e7/value&amp#27;[39m
&amp#27;[38;5;0m[HTTP]&amp#27;[0m &amp#27;[90m{"id":"00000000-0000-05af-ffff-ffff000000e7","text":"10203040","value":["1","0","2","0","3","0","4","0"]}&amp#27;[39m
&amp#27;[38;5;32m[AndroidUiautomator2Driver@c35c (83760a3e)]&amp#27;[0m Calling AppiumDriver.setValue() with args: [["1","0","2","0","3","0","4","0"],"00000000-0000-05af-ffff-ffff000000e7","83760a3e-13d9-4f16-93c9-f76dc55a2f2d"]
&amp#27;[38;5;32m[AndroidUiautomator2Driver@c35c (83760a3e)]&amp#27;[0m Matched '/element/00000000-0000-05af-ffff-ffff000000e7/value' to command name 'setValue'
&amp#27;[38;5;32m[AndroidUiautomator2Driver@c35c (83760a3e)]&amp#27;[0m Added 'value' property ["1","0","2","0","3","0","4","0"] to 'setValue' request body
&amp#27;[38;5;32m[AndroidUiautomator2Driver@c35c (83760a3e)]&amp#27;[0m Proxying [POST /element/00000000-0000-05af-ffff-ffff000000e7/value] to [POST http://127.0.0.1:8201/session/a4f15fa2-b955-4911-9a5c-74159e5f2769/element/00000000-0000-05af-ffff-ffff000000e7/value] with body: {"elementId":"00000000-0000-05af-ffff-ffff000000e7","text":"10203040","replace":false,"value":["1","0","2","0","3","0","4","0"]}
&amp#27;[38;5;32m[AndroidUiautomator2Driver@c35c (83760a3e)]&amp#27;[0m Got response with status 200: {"sessionId":"a4f15fa2-b955-4911-9a5c-74159e5f2769","value":null}
&amp#27;[38;5;32m[AndroidUiautomator2Driver@c35c (83760a3e)]&amp#27;[0m Responding to client with driver.setValue() result: null
&amp#27;[38;5;0m[HTTP]&amp#27;[0m &amp#27;[37m<-- POST /session/83760a3e-13d9-4f16-93c9-f76dc55a2f2d/element/00000000-0000-05af-ffff-ffff000000e7/value &amp#27;[39m&amp#27;[32m200&amp#27;[39m &amp#27;[90m78 ms - 14&amp#27;[39m
&amp#27;[38;5;0m[HTTP]&amp#27;[0m &amp#27;[90m&amp#27;[39m
&amp#27;[38;5;0m[HTTP]&amp#27;[0m &amp#27;[37m-->&amp#27;[39m &amp#27;[37mGET&amp#27;[39m &amp#27;[37m/session/83760a3e-13d9-4f16-93c9-f76dc55a2f2d/context&amp#27;[39m
&amp#27;[38;5;0m[HTTP]&amp#27;[0m &amp#27;[90m{}&amp#27;[39m
&amp#27;[38;5;32m[AndroidUiautomator2Driver@c35c (83760a3e)]&amp#27;[0m Calling AppiumDriver.getCurrentContext() with args: ["83760a3e-13d9-4f16-93c9-f76dc55a2f2d"]
&amp#27;[38;5;32m[AndroidUiautomator2Driver@c35c (83760a3e)]&amp#27;[0m Responding to client with driver.getCurrentContext() result: "NATIVE_APP"
&amp#27;[38;5;0m[HTTP]&amp#27;[0m &amp#27;[37m<-- GET /session/83760a3e-13d9-4f16-93c9-f76dc55a2f2d/context &amp#27;[39m&amp#27;[32m200&amp#27;[39m &amp#27;[90m1 ms - 22&amp#27;[39m
&amp#27;[38;5;0m[HTTP]&amp#27;[0m &amp#27;[90m&amp#27;[39m
&amp#27;[38;5;0m[HTTP]&amp#27;[0m &amp#27;[37m-->&amp#27;[39m &amp#27;[37mPOST&amp#27;[39m &amp#27;[37m/session/83760a3e-13d9-4f16-93c9-f76dc55a2f2d/element&amp#27;[39m
&amp#27;[38;5;0m[HTTP]&amp#27;[0m &amp#27;[90m{"using":"accessibility id","value":"Login button"}&amp#27;[39m
&amp#27;[38;5;32m[AndroidUiautomator2Driver@c35c (83760a3e)]&amp#27;[0m Calling AppiumDriver.findElement() with args: ["accessibility id","Login button","83760a3e-13d9-4f16-93c9-f76dc55a2f2d"]
&amp#27;[38;5;32m[AndroidUiautomator2Driver@c35c (83760a3e)]&amp#27;[0m Valid locator strategies for this request: xpath, id, class name, accessibility id, css selector, -android uiautomator
&amp#27;[38;5;32m[AndroidUiautomator2Driver@c35c (83760a3e)]&amp#27;[0m Waiting up to 10000 ms for condition
&amp#27;[38;5;32m[AndroidUiautomator2Driver@c35c (83760a3e)]&amp#27;[0m Matched '/element' to command name 'findElement'
&amp#27;[38;5;32m[AndroidUiautomator2Driver@c35c (83760a3e)]&amp#27;[0m Proxying [POST /element] to [POST http://127.0.0.1:8201/session/a4f15fa2-b955-4911-9a5c-74159e5f2769/element] with body: {"strategy":"accessibility id","selector":"Login button","context":"","multiple":false}
&amp#27;[38;5;32m[AndroidUiautomator2Driver@c35c (83760a3e)]&amp#27;[0m Got response with status 200: {"sessionId":"a4f15fa2-b955-4911-9a5c-74159e5f2769","value":{"ELEMENT":"00000000-0000-05af-ffff-ffff000000ea","element-6066-11e4-a52e-4f735466cecf":"00000000-0000-05af-ffff-ffff000000ea"}}
&amp#27;[38;5;32m[AndroidUiautomator2Driver@c35c (83760a3e)]&amp#27;[0m Responding to client with driver.findElement() result: {"element-6066-11e4-a52e-4f735466cecf":"00000000-0000-05af-ffff-ffff000000ea","ELEMENT":"00000000-0000-05af-ffff-ffff000000ea"}
&amp#27;[38;5;0m[HTTP]&amp#27;[0m &amp#27;[37m<-- POST /session/83760a3e-13d9-4f16-93c9-f76dc55a2f2d/element &amp#27;[39m&amp#27;[32m200&amp#27;[39m &amp#27;[90m870 ms - 137&amp#27;[39m
&amp#27;[38;5;0m[HTTP]&amp#27;[0m &amp#27;[90m&amp#27;[39m
&amp#27;[38;5;0m[HTTP]&amp#27;[0m &amp#27;[37m-->&amp#27;[39m &amp#27;[37mPOST&amp#27;[39m &amp#27;[37m/session/83760a3e-13d9-4f16-93c9-f76dc55a2f2d/element/00000000-0000-05af-ffff-ffff000000ea/click&amp#27;[39m
&amp#27;[38;5;0m[HTTP]&amp#27;[0m &amp#27;[90m{"id":"00000000-0000-05af-ffff-ffff000000ea"}&amp#27;[39m
&amp#27;[38;5;32m[AndroidUiautomator2Driver@c35c (83760a3e)]&amp#27;[0m Calling AppiumDriver.click() with args: ["00000000-0000-05af-ffff-ffff000000ea","83760a3e-13d9-4f16-93c9-f76dc55a2f2d"]
&amp#27;[38;5;32m[AndroidUiautomator2Driver@c35c (83760a3e)]&amp#27;[0m Matched '/element/00000000-0000-05af-ffff-ffff000000ea/click' to command name 'click'
&amp#27;[38;5;32m[AndroidUiautomator2Driver@c35c (83760a3e)]&amp#27;[0m Proxying [POST /element/00000000-0000-05af-ffff-ffff000000ea/click] to [POST http://127.0.0.1:8201/session/a4f15fa2-b955-4911-9a5c-74159e5f2769/element/00000000-0000-05af-ffff-ffff000000ea/click] with body: {"element":"00000000-0000-05af-ffff-ffff000000ea"}
&amp#27;[38;5;32m[AndroidUiautomator2Driver@c35c (83760a3e)]&amp#27;[0m Got response with status 200: {"sessionId":"a4f15fa2-b955-4911-9a5c-74159e5f2769","value":null}
&amp#27;[38;5;32m[AndroidUiautomator2Driver@c35c (83760a3e)]&amp#27;[0m Responding to client with driver.click() result: null
&amp#27;[38;5;0m[HTTP]&amp#27;[0m &amp#27;[37m<-- POST /session/83760a3e-13d9-4f16-93c9-f76dc55a2f2d/element/00000000-0000-05af-ffff-ffff000000ea/click &amp#27;[39m&amp#27;[32m200&amp#27;[39m &amp#27;[90m103 ms - 14&amp#27;[39m
&amp#27;[38;5;0m[HTTP]&amp#27;[0m &amp#27;[90m&amp#27;[39m
&amp#27;[38;5;0m[HTTP]&amp#27;[0m &amp#27;[37m-->&amp#27;[39m &amp#27;[37mGET&amp#27;[39m &amp#27;[37m/session/83760a3e-13d9-4f16-93c9-f76dc55a2f2d/context&amp#27;[39m
&amp#27;[38;5;0m[HTTP]&amp#27;[0m &amp#27;[90m{}&amp#27;[39m
&amp#27;[38;5;32m[AndroidUiautomator2Driver@c35c (83760a3e)]&amp#27;[0m Calling AppiumDriver.getCurrentContext() with args: ["83760a3e-13d9-4f16-93c9-f76dc55a2f2d"]
&amp#27;[38;5;32m[AndroidUiautomator2Driver@c35c (83760a3e)]&amp#27;[0m Responding to client with driver.getCurrentContext() result: "NATIVE_APP"
&amp#27;[38;5;0m[HTTP]&amp#27;[0m &amp#27;[37m<-- GET /session/83760a3e-13d9-4f16-93c9-f76dc55a2f2d/context &amp#27;[39m&amp#27;[32m200&amp#27;[39m &amp#27;[90m1 ms - 22&amp#27;[39m
&amp#27;[38;5;0m[HTTP]&amp#27;[0m &amp#27;[90m&amp#27;[39m
&amp#27;[38;5;0m[HTTP]&amp#27;[0m &amp#27;[37m-->&amp#27;[39m &amp#27;[37mPOST&amp#27;[39m &amp#27;[37m/session/83760a3e-13d9-4f16-93c9-f76dc55a2f2d/element&amp#27;[39m
&amp#27;[38;5;0m[HTTP]&amp#27;[0m &amp#27;[90m{"using":"accessibility id","value":"generic-error-message"}&amp#27;[39m
&amp#27;[38;5;32m[AndroidUiautomator2Driver@c35c (83760a3e)]&amp#27;[0m Calling AppiumDriver.findElement() with args: ["accessibility id","generic-error-message","83760a3e-13d9-4f16-93c9-f76dc55a2f2d"]
&amp#27;[38;5;32m[AndroidUiautomator2Driver@c35c (83760a3e)]&amp#27;[0m Valid locator strategies for this request: xpath, id, class name, accessibility id, css selector, -android uiautomator
&amp#27;[38;5;32m[AndroidUiautomator2Driver@c35c (83760a3e)]&amp#27;[0m Waiting up to 10000 ms for condition
&amp#27;[38;5;32m[AndroidUiautomator2Driver@c35c (83760a3e)]&amp#27;[0m Matched '/element' to command name 'findElement'
&amp#27;[38;5;32m[AndroidUiautomator2Driver@c35c (83760a3e)]&amp#27;[0m Proxying [POST /element] to [POST http://127.0.0.1:8201/session/a4f15fa2-b955-4911-9a5c-74159e5f2769/element] with body: {"strategy":"accessibility id","selector":"generic-error-message","context":"","multiple":false}
&amp#27;[38;5;32m[AndroidUiautomator2Driver@c35c (83760a3e)]&amp#27;[0m Got response with status 200: {"sessionId":"a4f15fa2-b955-4911-9a5c-74159e5f2769","value":{"ELEMENT":"00000000-0000-05af-ffff-ffff000000e9","element-6066-11e4-a52e-4f735466cecf":"00000000-0000-05af-ffff-ffff000000e9"}}
&amp#27;[38;5;32m[AndroidUiautomator2Driver@c35c (83760a3e)]&amp#27;[0m Responding to client with driver.findElement() result: {"element-6066-11e4-a52e-4f735466cecf":"00000000-0000-05af-ffff-ffff000000e9","ELEMENT":"00000000-0000-05af-ffff-ffff000000e9"}
&amp#27;[38;5;0m[HTTP]&amp#27;[0m &amp#27;[37m<-- POST /session/83760a3e-13d9-4f16-93c9-f76dc55a2f2d/element &amp#27;[39m&amp#27;[32m200&amp#27;[39m &amp#27;[90m395 ms - 137&amp#27;[39m
&amp#27;[38;5;0m[HTTP]&amp#27;[0m &amp#27;[90m&amp#27;[39m
&amp#27;[38;5;0m[HTTP]&amp#27;[0m &amp#27;[37m-->&amp#27;[39m &amp#27;[37mPOST&amp#27;[39m &amp#27;[37m/session/83760a3e-13d9-4f16-93c9-f76dc55a2f2d/element/00000000-0000-05af-ffff-ffff000000e9/element&amp#27;[39m
&amp#27;[38;5;0m[HTTP]&amp#27;[0m &amp#27;[90m{"id":"00000000-0000-05af-ffff-ffff000000e9","using":"class name","value":"android.widget.TextView"}&amp#27;[39m
&amp#27;[38;5;32m[AndroidUiautomator2Driver@c35c (83760a3e)]&amp#27;[0m Calling AppiumDriver.findElementFromElement() with args: ["class name","android.widget.TextView","00000000-0000-05af-ffff-ffff000000e9","83760a3e-13d9-4f16-93c9-f76dc55a2f2d"]
&amp#27;[38;5;32m[AndroidUiautomator2Driver@c35c (83760a3e)]&amp#27;[0m Valid locator strategies for this request: xpath, id, class name, accessibility id, css selector, -android uiautomator
&amp#27;[38;5;32m[AndroidUiautomator2Driver@c35c (83760a3e)]&amp#27;[0m Waiting up to 10000 ms for condition
&amp#27;[38;5;32m[AndroidUiautomator2Driver@c35c (83760a3e)]&amp#27;[0m Matched '/element' to command name 'findElement'
&amp#27;[38;5;32m[AndroidUiautomator2Driver@c35c (83760a3e)]&amp#27;[0m Proxying [POST /element] to [POST http://127.0.0.1:8201/session/a4f15fa2-b955-4911-9a5c-74159e5f2769/element] with body: {"strategy":"class name","selector":"android.widget.TextView","context":"00000000-0000-05af-ffff-ffff000000e9","multiple":false}
&amp#27;[38;5;32m[AndroidUiautomator2Driver@c35c (83760a3e)]&amp#27;[0m Got response with status 200: {"sessionId":"a4f15fa2-b955-4911-9a5c-74159e5f2769","value":{"ELEMENT":"00000000-0000-05af-ffff-ffff00000104","element-6066-11e4-a52e-4f735466cecf":"00000000-0000-05af-ffff-ffff00000104"}}
&amp#27;[38;5;32m[AndroidUiautomator2Driver@c35c (83760a3e)]&amp#27;[0m Responding to client with driver.findElementFromElement() result: {"element-6066-11e4-a52e-4f735466cecf":"00000000-0000-05af-ffff-ffff00000104","ELEMENT":"00000000-0000-05af-ffff-ffff00000104"}
&amp#27;[38;5;0m[HTTP]&amp#27;[0m &amp#27;[37m<-- POST /session/83760a3e-13d9-4f16-93c9-f76dc55a2f2d/element/00000000-0000-05af-ffff-ffff000000e9/element &amp#27;[39m&amp#27;[32m200&amp#27;[39m &amp#27;[90m87 ms - 137&amp#27;[39m
&amp#27;[38;5;0m[HTTP]&amp#27;[0m &amp#27;[90m&amp#27;[39m
&amp#27;[38;5;0m[HTTP]&amp#27;[0m &amp#27;[37m-->&amp#27;[39m &amp#27;[37mGET&amp#27;[39m &amp#27;[37m/session/83760a3e-13d9-4f16-93c9-f76dc55a2f2d/element/00000000-0000-05af-ffff-ffff00000104/text&amp#27;[39m
&amp#27;[38;5;0m[HTTP]&amp#27;[0m &amp#27;[90m{}&amp#27;[39m
&amp#27;[38;5;32m[AndroidUiautomator2Driver@c35c (83760a3e)]&amp#27;[0m Driver proxy active, passing request on via HTTP proxy
&amp#27;[38;5;32m[AndroidUiautomator2Driver@c35c (83760a3e)]&amp#27;[0m Matched '/session/83760a3e-13d9-4f16-93c9-f76dc55a2f2d/element/00000000-0000-05af-ffff-ffff00000104/text' to command name 'getText'
&amp#27;[38;5;32m[AndroidUiautomator2Driver@c35c (83760a3e)]&amp#27;[0m Proxying [GET /session/83760a3e-13d9-4f16-93c9-f76dc55a2f2d/element/00000000-0000-05af-ffff-ffff00000104/text] to [GET http://127.0.0.1:8201/session/a4f15fa2-b955-4911-9a5c-74159e5f2769/element/00000000-0000-05af-ffff-ffff00000104/text] with no body
&amp#27;[38;5;32m[AndroidUiautomator2Driver@c35c (83760a3e)]&amp#27;[0m Got response with status 200: {"sessionId":"a4f15fa2-b955-4911-9a5c-74159e5f2769","value":"Provided credentials do not match any user in this service."}
&amp#27;[38;5;32m[AndroidUiautomator2Driver@c35c (83760a3e)]&amp#27;[0m Replacing sessionId a4f15fa2-b955-4911-9a5c-74159e5f2769 with 83760a3e-13d9-4f16-93c9-f76dc55a2f2d
&amp#27;[38;5;0m[HTTP]&amp#27;[0m &amp#27;[37m<-- GET /session/83760a3e-13d9-4f16-93c9-f76dc55a2f2d/element/00000000-0000-05af-ffff-ffff00000104/text &amp#27;[39m&amp#27;[32m200&amp#27;[39m &amp#27;[90m39 ms - 122&amp#27;[39m
&amp#27;[38;5;0m[HTTP]&amp#27;[0m &amp#27;[90m&amp#27;[39m
&amp#27;[38;5;0m[HTTP]&amp#27;[0m &amp#27;[37m-->&amp#27;[39m &amp#27;[37mGET&amp#27;[39m &amp#27;[37m/session/83760a3e-13d9-4f16-93c9-f76dc55a2f2d/context&amp#27;[39m
&amp#27;[38;5;0m[HTTP]&amp#27;[0m &amp#27;[90m{}&amp#27;[39m
&amp#27;[38;5;32m[AndroidUiautomator2Driver@c35c (83760a3e)]&amp#27;[0m Calling AppiumDriver.getCurrentContext() with args: ["83760a3e-13d9-4f16-93c9-f76dc55a2f2d"]
&amp#27;[38;5;32m[AndroidUiautomator2Driver@c35c (83760a3e)]&amp#27;[0m Responding to client with driver.getCurrentContext() result: "NATIVE_APP"
&amp#27;[38;5;0m[HTTP]&amp#27;[0m &amp#27;[37m<-- GET /session/83760a3e-13d9-4f16-93c9-f76dc55a2f2d/context &amp#27;[39m&amp#27;[32m200&amp#27;[39m &amp#27;[90m1 ms - 22&amp#27;[39m
&amp#27;[38;5;0m[HTTP]&amp#27;[0m &amp#27;[90m&amp#27;[39m
&amp#27;[38;5;0m[HTTP]&amp#27;[0m &amp#27;[37m-->&amp#27;[39m &amp#27;[37mPOST&amp#27;[39m &amp#27;[37m/session/83760a3e-13d9-4f16-93c9-f76dc55a2f2d/element&amp#27;[39m
&amp#27;[38;5;0m[HTTP]&amp#27;[0m &amp#27;[90m{"using":"accessibility id","value":"Username input field"}&amp#27;[39m
&amp#27;[38;5;32m[AndroidUiautomator2Driver@c35c (83760a3e)]&amp#27;[0m Calling AppiumDriver.findElement() with args: ["accessibility id","Username input field","83760a3e-13d9-4f16-93c9-f76dc55a2f2d"]
&amp#27;[38;5;32m[AndroidUiautomator2Driver@c35c (83760a3e)]&amp#27;[0m Valid locator strategies for this request: xpath, id, class name, accessibility id, css selector, -android uiautomator
&amp#27;[38;5;32m[AndroidUiautomator2Driver@c35c (83760a3e)]&amp#27;[0m Waiting up to 10000 ms for condition
&amp#27;[38;5;32m[AndroidUiautomator2Driver@c35c (83760a3e)]&amp#27;[0m Matched '/element' to command name 'findElement'
&amp#27;[38;5;32m[AndroidUiautomator2Driver@c35c (83760a3e)]&amp#27;[0m Proxying [POST /element] to [POST http://127.0.0.1:8201/session/a4f15fa2-b955-4911-9a5c-74159e5f2769/element] with body: {"strategy":"accessibility id","selector":"Username input field","context":"","multiple":false}
&amp#27;[38;5;32m[AndroidUiautomator2Driver@c35c (83760a3e)]&amp#27;[0m Got response with status 200: {"sessionId":"a4f15fa2-b955-4911-9a5c-74159e5f2769","value":{"ELEMENT":"00000000-0000-05af-ffff-ffff000000e4","element-6066-11e4-a52e-4f735466cecf":"00000000-0000-05af-ffff-ffff000000e4"}}
&amp#27;[38;5;32m[AndroidUiautomator2Driver@c35c (83760a3e)]&amp#27;[0m Responding to client with driver.findElement() result: {"element-6066-11e4-a52e-4f735466cecf":"00000000-0000-05af-ffff-ffff000000e4","ELEMENT":"00000000-0000-05af-ffff-ffff000000e4"}
&amp#27;[38;5;0m[HTTP]&amp#27;[0m &amp#27;[37m<-- POST /session/83760a3e-13d9-4f16-93c9-f76dc55a2f2d/element &amp#27;[39m&amp#27;[32m200&amp#27;[39m &amp#27;[90m156 ms - 137&amp#27;[39m
&amp#27;[38;5;0m[HTTP]&amp#27;[0m &amp#27;[90m&amp#27;[39m
&amp#27;[38;5;0m[HTTP]&amp#27;[0m &amp#27;[37m-->&amp#27;[39m &amp#27;[37mPOST&amp#27;[39m &amp#27;[37m/session/83760a3e-13d9-4f16-93c9-f76dc55a2f2d/element/00000000-0000-05af-ffff-ffff000000e4/clear&amp#27;[39m
&amp#27;[38;5;0m[HTTP]&amp#27;[0m &amp#27;[90m{"id":"00000000-0000-05af-ffff-ffff000000e4"}&amp#27;[39m
&amp#27;[38;5;32m[AndroidUiautomator2Driver@c35c (83760a3e)]&amp#27;[0m Calling AppiumDriver.clear() with args: ["00000000-0000-05af-ffff-ffff000000e4","83760a3e-13d9-4f16-93c9-f76dc55a2f2d"]
&amp#27;[38;5;32m[AndroidUiautomator2Driver@c35c (83760a3e)]&amp#27;[0m Matched '/element/00000000-0000-05af-ffff-ffff000000e4/clear' to command name 'clear'
&amp#27;[38;5;32m[AndroidUiautomator2Driver@c35c (83760a3e)]&amp#27;[0m Proxying [POST /element/00000000-0000-05af-ffff-ffff000000e4/clear] to [POST http://127.0.0.1:8201/session/a4f15fa2-b955-4911-9a5c-74159e5f2769/element/00000000-0000-05af-ffff-ffff000000e4/clear] with body: {"elementId":"00000000-0000-05af-ffff-ffff000000e4"}
&amp#27;[38;5;32m[AndroidUiautomator2Driver@c35c (83760a3e)]&amp#27;[0m Got response with status 200: {"sessionId":"a4f15fa2-b955-4911-9a5c-74159e5f2769","value":null}
&amp#27;[38;5;32m[AndroidUiautomator2Driver@c35c (83760a3e)]&amp#27;[0m Responding to client with driver.clear() result: null
&amp#27;[38;5;0m[HTTP]&amp#27;[0m &amp#27;[37m<-- POST /session/83760a3e-13d9-4f16-93c9-f76dc55a2f2d/element/00000000-0000-05af-ffff-ffff000000e4/clear &amp#27;[39m&amp#27;[32m200&amp#27;[39m &amp#27;[90m40 ms - 14&amp#27;[39m
&amp#27;[38;5;0m[HTTP]&amp#27;[0m &amp#27;[90m&amp#27;[39m
&amp#27;[38;5;0m[HTTP]&amp#27;[0m &amp#27;[37m-->&amp#27;[39m &amp#27;[37mGET&amp#27;[39m &amp#27;[37m/session/83760a3e-13d9-4f16-93c9-f76dc55a2f2d/context&amp#27;[39m
&amp#27;[38;5;0m[HTTP]&amp#27;[0m &amp#27;[90m{}&amp#27;[39m
&amp#27;[38;5;32m[AndroidUiautomator2Driver@c35c (83760a3e)]&amp#27;[0m Calling AppiumDriver.getCurrentContext() with args: ["83760a3e-13d9-4f16-93c9-f76dc55a2f2d"]
&amp#27;[38;5;32m[AndroidUiautomator2Driver@c35c (83760a3e)]&amp#27;[0m Responding to client with driver.getCurrentContext() result: "NATIVE_APP"
&amp#27;[38;5;0m[HTTP]&amp#27;[0m &amp#27;[37m<-- GET /session/83760a3e-13d9-4f16-93c9-f76dc55a2f2d/context &amp#27;[39m&amp#27;[32m200&amp#27;[39m &amp#27;[90m1 ms - 22&amp#27;[39m
&amp#27;[38;5;0m[HTTP]&amp#27;[0m &amp#27;[90m&amp#27;[39m
&amp#27;[38;5;0m[HTTP]&amp#27;[0m &amp#27;[37m-->&amp#27;[39m &amp#27;[37mPOST&amp#27;[39m &amp#27;[37m/session/83760a3e-13d9-4f16-93c9-f76dc55a2f2d/element&amp#27;[39m
&amp#27;[38;5;0m[HTTP]&amp#27;[0m &amp#27;[90m{"using":"accessibility id","value":"Username input field"}&amp#27;[39m
&amp#27;[38;5;32m[AndroidUiautomator2Driver@c35c (83760a3e)]&amp#27;[0m Calling AppiumDriver.findElement() with args: ["accessibility id","Username input field","83760a3e-13d9-4f16-93c9-f76dc55a2f2d"]
&amp#27;[38;5;32m[AndroidUiautomator2Driver@c35c (83760a3e)]&amp#27;[0m Valid locator strategies for this request: xpath, id, class name, accessibility id, css selector, -android uiautomator
&amp#27;[38;5;32m[AndroidUiautomator2Driver@c35c (83760a3e)]&amp#27;[0m Waiting up to 10000 ms for condition
&amp#27;[38;5;32m[AndroidUiautomator2Driver@c35c (83760a3e)]&amp#27;[0m Matched '/element' to command name 'findElement'
&amp#27;[38;5;32m[AndroidUiautomator2Driver@c35c (83760a3e)]&amp#27;[0m Proxying [POST /element] to [POST http://127.0.0.1:8201/session/a4f15fa2-b955-4911-9a5c-74159e5f2769/element] with body: {"strategy":"accessibility id","selector":"Username input field","context":"","multiple":false}
&amp#27;[38;5;32m[AndroidUiautomator2Driver@c35c (83760a3e)]&amp#27;[0m Got response with status 200: {"sessionId":"a4f15fa2-b955-4911-9a5c-74159e5f2769","value":{"ELEMENT":"00000000-0000-05af-ffff-ffff000000e4","element-6066-11e4-a52e-4f735466cecf":"00000000-0000-05af-ffff-ffff000000e4"}}
&amp#27;[38;5;32m[AndroidUiautomator2Driver@c35c (83760a3e)]&amp#27;[0m Responding to client with driver.findElement() result: {"element-6066-11e4-a52e-4f735466cecf":"00000000-0000-05af-ffff-ffff000000e4","ELEMENT":"00000000-0000-05af-ffff-ffff000000e4"}
&amp#27;[38;5;0m[HTTP]&amp#27;[0m &amp#27;[37m<-- POST /session/83760a3e-13d9-4f16-93c9-f76dc55a2f2d/element &amp#27;[39m&amp#27;[32m200&amp#27;[39m &amp#27;[90m965 ms - 137&amp#27;[39m
&amp#27;[38;5;0m[HTTP]&amp#27;[0m &amp#27;[90m&amp#27;[39m
&amp#27;[38;5;0m[HTTP]&amp#27;[0m &amp#27;[37m-->&amp#27;[39m &amp#27;[37mPOST&amp#27;[39m &amp#27;[37m/session/83760a3e-13d9-4f16-93c9-f76dc55a2f2d/element/00000000-0000-05af-ffff-ffff000000e4/value&amp#27;[39m
&amp#27;[38;5;0m[HTTP]&amp#27;[0m &amp#27;[90m{"id":"00000000-0000-05af-ffff-ffff000000e4","text":"bob@example.com","value":["b","o","b","@","e","x","a","m","p","l","e",".","c","o","m"]}&amp#27;[39m
&amp#27;[38;5;32m[AndroidUiautomator2Driver@c35c (83760a3e)]&amp#27;[0m Calling AppiumDriver.setValue() with args: [["b","o","b","@","e","x","a","m","p","l","e",".","c","o","m"],"00000000-0000-05af-ffff-ffff000000e4","83760a3e-13d9-4f16-93c9-f76dc55a2f2d"]
&amp#27;[38;5;32m[AndroidUiautomator2Driver@c35c (83760a3e)]&amp#27;[0m Matched '/element/00000000-0000-05af-ffff-ffff000000e4/value' to command name 'setValue'
&amp#27;[38;5;32m[AndroidUiautomator2Driver@c35c (83760a3e)]&amp#27;[0m Added 'value' property ["b","o","b","@","e","x","a","m","p","l","e",".","c","o","m"] to 'setValue' request body
&amp#27;[38;5;32m[AndroidUiautomator2Driver@c35c (83760a3e)]&amp#27;[0m Proxying [POST /element/00000000-0000-05af-ffff-ffff000000e4/value] to [POST http://127.0.0.1:8201/session/a4f15fa2-b955-4911-9a5c-74159e5f2769/element/00000000-0000-05af-ffff-ffff000000e4/value] with body: {"elementId":"00000000-0000-05af-ffff-ffff000000e4","text":"bob@example.com","replace":false,"value":["b","o","b","@","e","x","a","m","p","l","e",".","c","o","m"]}
&amp#27;[38;5;32m[AndroidUiautomator2Driver@c35c (83760a3e)]&amp#27;[0m Got response with status 200: {"sessionId":"a4f15fa2-b955-4911-9a5c-74159e5f2769","value":null}
&amp#27;[38;5;32m[AndroidUiautomator2Driver@c35c (83760a3e)]&amp#27;[0m Responding to client with driver.setValue() result: null
&amp#27;[38;5;0m[HTTP]&amp#27;[0m &amp#27;[37m<-- POST /session/83760a3e-13d9-4f16-93c9-f76dc55a2f2d/element/00000000-0000-05af-ffff-ffff000000e4/value &amp#27;[39m&amp#27;[32m200&amp#27;[39m &amp#27;[90m75 ms - 14&amp#27;[39m
&amp#27;[38;5;0m[HTTP]&amp#27;[0m &amp#27;[90m&amp#27;[39m
&amp#27;[38;5;0m[HTTP]&amp#27;[0m &amp#27;[37m-->&amp#27;[39m &amp#27;[37mGET&amp#27;[39m &amp#27;[37m/session/83760a3e-13d9-4f16-93c9-f76dc55a2f2d/context&amp#27;[39m
&amp#27;[38;5;0m[HTTP]&amp#27;[0m &amp#27;[90m{}&amp#27;[39m
&amp#27;[38;5;32m[AndroidUiautomator2Driver@c35c (83760a3e)]&amp#27;[0m Calling AppiumDriver.getCurrentContext() with args: ["83760a3e-13d9-4f16-93c9-f76dc55a2f2d"]
&amp#27;[38;5;32m[AndroidUiautomator2Driver@c35c (83760a3e)]&amp#27;[0m Responding to client with driver.getCurrentContext() result: "NATIVE_APP"
&amp#27;[38;5;0m[HTTP]&amp#27;[0m &amp#27;[37m<-- GET /session/83760a3e-13d9-4f16-93c9-f76dc55a2f2d/context &amp#27;[39m&amp#27;[32m200&amp#27;[39m &amp#27;[90m1 ms - 22&amp#27;[39m
&amp#27;[38;5;0m[HTTP]&amp#27;[0m &amp#27;[90m&amp#27;[39m
&amp#27;[38;5;0m[HTTP]&amp#27;[0m &amp#27;[37m-->&amp#27;[39m &amp#27;[37mPOST&amp#27;[39m &amp#27;[37m/session/83760a3e-13d9-4f16-93c9-f76dc55a2f2d/element&amp#27;[39m
&amp#27;[38;5;0m[HTTP]&amp#27;[0m &amp#27;[90m{"using":"accessibility id","value":"Login button"}&amp#27;[39m
&amp#27;[38;5;32m[AndroidUiautomator2Driver@c35c (83760a3e)]&amp#27;[0m Calling AppiumDriver.findElement() with args: ["accessibility id","Login button","83760a3e-13d9-4f16-93c9-f76dc55a2f2d"]
&amp#27;[38;5;32m[AndroidUiautomator2Driver@c35c (83760a3e)]&amp#27;[0m Valid locator strategies for this request: xpath, id, class name, accessibility id, css selector, -android uiautomator
&amp#27;[38;5;32m[AndroidUiautomator2Driver@c35c (83760a3e)]&amp#27;[0m Waiting up to 10000 ms for condition
&amp#27;[38;5;32m[AndroidUiautomator2Driver@c35c (83760a3e)]&amp#27;[0m Matched '/element' to command name 'findElement'
&amp#27;[38;5;32m[AndroidUiautomator2Driver@c35c (83760a3e)]&amp#27;[0m Proxying [POST /element] to [POST http://127.0.0.1:8201/session/a4f15fa2-b955-4911-9a5c-74159e5f2769/element] with body: {"strategy":"accessibility id","selector":"Login button","context":"","multiple":false}
&amp#27;[38;5;32m[AndroidUiautomator2Driver@c35c (83760a3e)]&amp#27;[0m Got response with status 200: {"sessionId":"a4f15fa2-b955-4911-9a5c-74159e5f2769","value":{"ELEMENT":"00000000-0000-05af-ffff-ffff000000ea","element-6066-11e4-a52e-4f735466cecf":"00000000-0000-05af-ffff-ffff000000ea"}}
&amp#27;[38;5;32m[AndroidUiautomator2Driver@c35c (83760a3e)]&amp#27;[0m Responding to client with driver.findElement() result: {"element-6066-11e4-a52e-4f735466cecf":"00000000-0000-05af-ffff-ffff000000ea","ELEMENT":"00000000-0000-05af-ffff-ffff000000ea"}
&amp#27;[38;5;0m[HTTP]&amp#27;[0m &amp#27;[37m<-- POST /session/83760a3e-13d9-4f16-93c9-f76dc55a2f2d/element &amp#27;[39m&amp#27;[32m200&amp#27;[39m &amp#27;[90m829 ms - 137&amp#27;[39m
&amp#27;[38;5;0m[HTTP]&amp#27;[0m &amp#27;[90m&amp#27;[39m
&amp#27;[38;5;0m[HTTP]&amp#27;[0m &amp#27;[37m-->&amp#27;[39m &amp#27;[37mPOST&amp#27;[39m &amp#27;[37m/session/83760a3e-13d9-4f16-93c9-f76dc55a2f2d/element/00000000-0000-05af-ffff-ffff000000ea/click&amp#27;[39m
&amp#27;[38;5;0m[HTTP]&amp#27;[0m &amp#27;[90m{"id":"00000000-0000-05af-ffff-ffff000000ea"}&amp#27;[39m
&amp#27;[38;5;32m[AndroidUiautomator2Driver@c35c (83760a3e)]&amp#27;[0m Calling AppiumDriver.click() with args: ["00000000-0000-05af-ffff-ffff000000ea","83760a3e-13d9-4f16-93c9-f76dc55a2f2d"]
&amp#27;[38;5;32m[AndroidUiautomator2Driver@c35c (83760a3e)]&amp#27;[0m Matched '/element/00000000-0000-05af-ffff-ffff000000ea/click' to command name 'click'
&amp#27;[38;5;32m[AndroidUiautomator2Driver@c35c (83760a3e)]&amp#27;[0m Proxying [POST /element/00000000-0000-05af-ffff-ffff000000ea/click] to [POST http://127.0.0.1:8201/session/a4f15fa2-b955-4911-9a5c-74159e5f2769/element/00000000-0000-05af-ffff-ffff000000ea/click] with body: {"element":"00000000-0000-05af-ffff-ffff000000ea"}
&amp#27;[38;5;32m[AndroidUiautomator2Driver@c35c (83760a3e)]&amp#27;[0m Got response with status 200: {"sessionId":"a4f15fa2-b955-4911-9a5c-74159e5f2769","value":null}
&amp#27;[38;5;32m[AndroidUiautomator2Driver@c35c (83760a3e)]&amp#27;[0m Responding to client with driver.click() result: null
&amp#27;[38;5;0m[HTTP]&amp#27;[0m &amp#27;[37m<-- POST /session/83760a3e-13d9-4f16-93c9-f76dc55a2f2d/element/00000000-0000-05af-ffff-ffff000000ea/click &amp#27;[39m&amp#27;[32m200&amp#27;[39m &amp#27;[90m106 ms - 14&amp#27;[39m
&amp#27;[38;5;0m[HTTP]&amp#27;[0m &amp#27;[90m&amp#27;[39m
&amp#27;[38;5;0m[HTTP]&amp#27;[0m &amp#27;[37m-->&amp#27;[39m &amp#27;[37mGET&amp#27;[39m &amp#27;[37m/session/83760a3e-13d9-4f16-93c9-f76dc55a2f2d/context&amp#27;[39m
&amp#27;[38;5;0m[HTTP]&amp#27;[0m &amp#27;[90m{}&amp#27;[39m
&amp#27;[38;5;32m[AndroidUiautomator2Driver@c35c (83760a3e)]&amp#27;[0m Calling AppiumDriver.getCurrentContext() with args: ["83760a3e-13d9-4f16-93c9-f76dc55a2f2d"]
&amp#27;[38;5;32m[AndroidUiautomator2Driver@c35c (83760a3e)]&amp#27;[0m Responding to client with driver.getCurrentContext() result: "NATIVE_APP"
&amp#27;[38;5;0m[HTTP]&amp#27;[0m &amp#27;[37m<-- GET /session/83760a3e-13d9-4f16-93c9-f76dc55a2f2d/context &amp#27;[39m&amp#27;[32m200&amp#27;[39m &amp#27;[90m1 ms - 22&amp#27;[39m
&amp#27;[38;5;0m[HTTP]&amp#27;[0m &amp#27;[90m&amp#27;[39m
&amp#27;[38;5;0m[HTTP]&amp#27;[0m &amp#27;[37m-->&amp#27;[39m &amp#27;[37mPOST&amp#27;[39m &amp#27;[37m/session/83760a3e-13d9-4f16-93c9-f76dc55a2f2d/element&amp#27;[39m
&amp#27;[38;5;0m[HTTP]&amp#27;[0m &amp#27;[90m{"using":"accessibility id","value":"open menu"}&amp#27;[39m
&amp#27;[38;5;32m[AndroidUiautomator2Driver@c35c (83760a3e)]&amp#27;[0m Calling AppiumDriver.findElement() with args: ["accessibility id","open menu","83760a3e-13d9-4f16-93c9-f76dc55a2f2d"]
&amp#27;[38;5;32m[AndroidUiautomator2Driver@c35c (83760a3e)]&amp#27;[0m Valid locator strategies for this request: xpath, id, class name, accessibility id, css selector, -android uiautomator
&amp#27;[38;5;32m[AndroidUiautomator2Driver@c35c (83760a3e)]&amp#27;[0m Waiting up to 10000 ms for condition
&amp#27;[38;5;32m[AndroidUiautomator2Driver@c35c (83760a3e)]&amp#27;[0m Matched '/element' to command name 'findElement'
&amp#27;[38;5;32m[AndroidUiautomator2Driver@c35c (83760a3e)]&amp#27;[0m Proxying [POST /element] to [POST http://127.0.0.1:8201/session/a4f15fa2-b955-4911-9a5c-74159e5f2769/element] with body: {"strategy":"accessibility id","selector":"open menu","context":"","multiple":false}
&amp#27;[38;5;32m[AndroidUiautomator2Driver@c35c (83760a3e)]&amp#27;[0m Got response with status 200: {"sessionId":"a4f15fa2-b955-4911-9a5c-74159e5f2769","value":{"ELEMENT":"00000000-0000-05af-ffff-ffff00000022","element-6066-11e4-a52e-4f735466cecf":"00000000-0000-05af-ffff-ffff00000022"}}
&amp#27;[38;5;32m[AndroidUiautomator2Driver@c35c (83760a3e)]&amp#27;[0m Responding to client with driver.findElement() result: {"element-6066-11e4-a52e-4f735466cecf":"00000000-0000-05af-ffff-ffff00000022","ELEMENT":"00000000-0000-05af-ffff-ffff00000022"}
&amp#27;[38;5;0m[HTTP]&amp#27;[0m &amp#27;[37m<-- POST /session/83760a3e-13d9-4f16-93c9-f76dc55a2f2d/element &amp#27;[39m&amp#27;[32m200&amp#27;[39m &amp#27;[90m504 ms - 137&amp#27;[39m
&amp#27;[38;5;0m[HTTP]&amp#27;[0m &amp#27;[90m&amp#27;[39m
&amp#27;[38;5;0m[HTTP]&amp#27;[0m &amp#27;[37m-->&amp#27;[39m &amp#27;[37mGET&amp#27;[39m &amp#27;[37m/session/83760a3e-13d9-4f16-93c9-f76dc55a2f2d/element/00000000-0000-05af-ffff-ffff00000022/displayed&amp#27;[39m
&amp#27;[38;5;0m[HTTP]&amp#27;[0m &amp#27;[90m{}&amp#27;[39m
&amp#27;[38;5;32m[AndroidUiautomator2Driver@c35c (83760a3e)]&amp#27;[0m Calling AppiumDriver.elementDisplayed() with args: ["00000000-0000-05af-ffff-ffff00000022","83760a3e-13d9-4f16-93c9-f76dc55a2f2d"]
&amp#27;[38;5;32m[AndroidUiautomator2Driver@c35c (83760a3e)]&amp#27;[0m Matched '/element/00000000-0000-05af-ffff-ffff00000022/attribute/displayed' to command name 'getAttribute'
&amp#27;[38;5;32m[AndroidUiautomator2Driver@c35c (83760a3e)]&amp#27;[0m Proxying [GET /element/00000000-0000-05af-ffff-ffff00000022/attribute/displayed] to [GET http://127.0.0.1:8201/session/a4f15fa2-b955-4911-9a5c-74159e5f2769/element/00000000-0000-05af-ffff-ffff00000022/attribute/displayed] with no body
&amp#27;[38;5;32m[AndroidUiautomator2Driver@c35c (83760a3e)]&amp#27;[0m Got response with status 200: {"sessionId":"a4f15fa2-b955-4911-9a5c-74159e5f2769","value":"true"}
&amp#27;[38;5;32m[AndroidUiautomator2Driver@c35c (83760a3e)]&amp#27;[0m Responding to client with driver.elementDisplayed() result: true
&amp#27;[38;5;0m[HTTP]&amp#27;[0m &amp#27;[37m<-- GET /session/83760a3e-13d9-4f16-93c9-f76dc55a2f2d/element/00000000-0000-05af-ffff-ffff00000022/displayed &amp#27;[39m&amp#27;[32m200&amp#27;[39m &amp#27;[90m60 ms - 14&amp#27;[39m
&amp#27;[38;5;0m[HTTP]&amp#27;[0m &amp#27;[90m&amp#27;[39m
&amp#27;[38;5;0m[HTTP]&amp#27;[0m &amp#27;[37m-->&amp#27;[39m &amp#27;[37mGET&amp#27;[39m &amp#27;[37m/session/83760a3e-13d9-4f16-93c9-f76dc55a2f2d/context&amp#27;[39m
&amp#27;[38;5;0m[HTTP]&amp#27;[0m &amp#27;[90m{}&amp#27;[39m
&amp#27;[38;5;32m[AndroidUiautomator2Driver@c35c (83760a3e)]&amp#27;[0m Calling AppiumDriver.getCurrentContext() with args: ["83760a3e-13d9-4f16-93c9-f76dc55a2f2d"]
&amp#27;[38;5;32m[AndroidUiautomator2Driver@c35c (83760a3e)]&amp#27;[0m Responding to client with driver.getCurrentContext() result: "NATIVE_APP"
&amp#27;[38;5;0m[HTTP]&amp#27;[0m &amp#27;[37m<-- GET /session/83760a3e-13d9-4f16-93c9-f76dc55a2f2d/context &amp#27;[39m&amp#27;[32m200&amp#27;[39m &amp#27;[90m1 ms - 22&amp#27;[39m
&amp#27;[38;5;0m[HTTP]&amp#27;[0m &amp#27;[90m&amp#27;[39m
&amp#27;[38;5;0m[HTTP]&amp#27;[0m &amp#27;[37m-->&amp#27;[39m &amp#27;[37mPOST&amp#27;[39m &amp#27;[37m/session/83760a3e-13d9-4f16-93c9-f76dc55a2f2d/element&amp#27;[39m
&amp#27;[38;5;0m[HTTP]&amp#27;[0m &amp#27;[90m{"using":"accessibility id","value":"open menu"}&amp#27;[39m
&amp#27;[38;5;32m[AndroidUiautomator2Driver@c35c (83760a3e)]&amp#27;[0m Calling AppiumDriver.findElement() with args: ["accessibility id","open menu","83760a3e-13d9-4f16-93c9-f76dc55a2f2d"]
&amp#27;[38;5;32m[AndroidUiautomator2Driver@c35c (83760a3e)]&amp#27;[0m Valid locator strategies for this request: xpath, id, class name, accessibility id, css selector, -android uiautomator
&amp#27;[38;5;32m[AndroidUiautomator2Driver@c35c (83760a3e)]&amp#27;[0m Waiting up to 10000 ms for condition
&amp#27;[38;5;32m[AndroidUiautomator2Driver@c35c (83760a3e)]&amp#27;[0m Matched '/element' to command name 'findElement'
&amp#27;[38;5;32m[AndroidUiautomator2Driver@c35c (83760a3e)]&amp#27;[0m Proxying [POST /element] to [POST http://127.0.0.1:8201/session/a4f15fa2-b955-4911-9a5c-74159e5f2769/element] with body: {"strategy":"accessibility id","selector":"open menu","context":"","multiple":false}
&amp#27;[38;5;32m[AndroidUiautomator2Driver@c35c (83760a3e)]&amp#27;[0m Got response with status 200: {"sessionId":"a4f15fa2-b955-4911-9a5c-74159e5f2769","value":{"ELEMENT":"00000000-0000-05af-ffff-ffff00000022","element-6066-11e4-a52e-4f735466cecf":"00000000-0000-05af-ffff-ffff00000022"}}
&amp#27;[38;5;32m[AndroidUiautomator2Driver@c35c (83760a3e)]&amp#27;[0m Responding to client with driver.findElement() result: {"element-6066-11e4-a52e-4f735466cecf":"00000000-0000-05af-ffff-ffff00000022","ELEMENT":"00000000-0000-05af-ffff-ffff00000022"}
&amp#27;[38;5;0m[HTTP]&amp#27;[0m &amp#27;[37m<-- POST /session/83760a3e-13d9-4f16-93c9-f76dc55a2f2d/element &amp#27;[39m&amp#27;[32m200&amp#27;[39m &amp#27;[90m163 ms - 137&amp#27;[39m
&amp#27;[38;5;0m[HTTP]&amp#27;[0m &amp#27;[90m&amp#27;[39m
&amp#27;[38;5;0m[HTTP]&amp#27;[0m &amp#27;[37m-->&amp#27;[39m &amp#27;[37mGET&amp#27;[39m &amp#27;[37m/session/83760a3e-13d9-4f16-93c9-f76dc55a2f2d/element/00000000-0000-05af-ffff-ffff00000022/enabled&amp#27;[39m
&amp#27;[38;5;0m[HTTP]&amp#27;[0m &amp#27;[90m{}&amp#27;[39m
&amp#27;[38;5;32m[AndroidUiautomator2Driver@c35c (83760a3e)]&amp#27;[0m Calling AppiumDriver.elementEnabled() with args: ["00000000-0000-05af-ffff-ffff00000022","83760a3e-13d9-4f16-93c9-f76dc55a2f2d"]
&amp#27;[38;5;32m[AndroidUiautomator2Driver@c35c (83760a3e)]&amp#27;[0m Matched '/element/00000000-0000-05af-ffff-ffff00000022/attribute/enabled' to command name 'getAttribute'
&amp#27;[38;5;32m[AndroidUiautomator2Driver@c35c (83760a3e)]&amp#27;[0m Proxying [GET /element/00000000-0000-05af-ffff-ffff00000022/attribute/enabled] to [GET http://127.0.0.1:8201/session/a4f15fa2-b955-4911-9a5c-74159e5f2769/element/00000000-0000-05af-ffff-ffff00000022/attribute/enabled] with no body
&amp#27;[38;5;32m[AndroidUiautomator2Driver@c35c (83760a3e)]&amp#27;[0m Got response with status 200: {"sessionId":"a4f15fa2-b955-4911-9a5c-74159e5f2769","value":"true"}
&amp#27;[38;5;32m[AndroidUiautomator2Driver@c35c (83760a3e)]&amp#27;[0m Responding to client with driver.elementEnabled() result: true
&amp#27;[38;5;0m[HTTP]&amp#27;[0m &amp#27;[37m<-- GET /session/83760a3e-13d9-4f16-93c9-f76dc55a2f2d/element/00000000-0000-05af-ffff-ffff00000022/enabled &amp#27;[39m&amp#27;[32m200&amp#27;[39m &amp#27;[90m36 ms - 14&amp#27;[39m
&amp#27;[38;5;0m[HTTP]&amp#27;[0m &amp#27;[90m&amp#27;[39m
&amp#27;[38;5;0m[HTTP]&amp#27;[0m &amp#27;[37m-->&amp#27;[39m &amp#27;[37mGET&amp#27;[39m &amp#27;[37m/session/83760a3e-13d9-4f16-93c9-f76dc55a2f2d/context&amp#27;[39m
&amp#27;[38;5;0m[HTTP]&amp#27;[0m &amp#27;[90m{}&amp#27;[39m
&amp#27;[38;5;32m[AndroidUiautomator2Driver@c35c (83760a3e)]&amp#27;[0m Calling AppiumDriver.getCurrentContext() with args: ["83760a3e-13d9-4f16-93c9-f76dc55a2f2d"]
&amp#27;[38;5;32m[AndroidUiautomator2Driver@c35c (83760a3e)]&amp#27;[0m Responding to client with driver.getCurrentContext() result: "NATIVE_APP"
&amp#27;[38;5;0m[HTTP]&amp#27;[0m &amp#27;[37m<-- GET /session/83760a3e-13d9-4f16-93c9-f76dc55a2f2d/context &amp#27;[39m&amp#27;[32m200&amp#27;[39m &amp#27;[90m1 ms - 22&amp#27;[39m
&amp#27;[38;5;0m[HTTP]&amp#27;[0m &amp#27;[90m&amp#27;[39m
&amp#27;[38;5;0m[HTTP]&amp#27;[0m &amp#27;[37m-->&amp#27;[39m &amp#27;[37mPOST&amp#27;[39m &amp#27;[37m/session/83760a3e-13d9-4f16-93c9-f76dc55a2f2d/element&amp#27;[39m
&amp#27;[38;5;0m[HTTP]&amp#27;[0m &amp#27;[90m{"using":"accessibility id","value":"open menu"}&amp#27;[39m
&amp#27;[38;5;32m[AndroidUiautomator2Driver@c35c (83760a3e)]&amp#27;[0m Calling AppiumDriver.findElement() with args: ["accessibility id","open menu","83760a3e-13d9-4f16-93c9-f76dc55a2f2d"]
&amp#27;[38;5;32m[AndroidUiautomator2Driver@c35c (83760a3e)]&amp#27;[0m Valid locator strategies for this request: xpath, id, class name, accessibility id, css selector, -android uiautomator
&amp#27;[38;5;32m[AndroidUiautomator2Driver@c35c (83760a3e)]&amp#27;[0m Waiting up to 10000 ms for condition
&amp#27;[38;5;32m[AndroidUiautomator2Driver@c35c (83760a3e)]&amp#27;[0m Matched '/element' to command name 'findElement'
&amp#27;[38;5;32m[AndroidUiautomator2Driver@c35c (83760a3e)]&amp#27;[0m Proxying [POST /element] to [POST http://127.0.0.1:8201/session/a4f15fa2-b955-4911-9a5c-74159e5f2769/element] with body: {"strategy":"accessibility id","selector":"open menu","context":"","multiple":false}
&amp#27;[38;5;32m[AndroidUiautomator2Driver@c35c (83760a3e)]&amp#27;[0m Got response with status 200: {"sessionId":"a4f15fa2-b955-4911-9a5c-74159e5f2769","value":{"ELEMENT":"00000000-0000-05af-ffff-ffff00000022","element-6066-11e4-a52e-4f735466cecf":"00000000-0000-05af-ffff-ffff00000022"}}
&amp#27;[38;5;32m[AndroidUiautomator2Driver@c35c (83760a3e)]&amp#27;[0m Responding to client with driver.findElement() result: {"element-6066-11e4-a52e-4f735466cecf":"00000000-0000-05af-ffff-ffff00000022","ELEMENT":"00000000-0000-05af-ffff-ffff00000022"}
&amp#27;[38;5;0m[HTTP]&amp#27;[0m &amp#27;[37m<-- POST /session/83760a3e-13d9-4f16-93c9-f76dc55a2f2d/element &amp#27;[39m&amp#27;[32m200&amp#27;[39m &amp#27;[90m124 ms - 137&amp#27;[39m
&amp#27;[38;5;0m[HTTP]&amp#27;[0m &amp#27;[90m&amp#27;[39m
&amp#27;[38;5;0m[HTTP]&amp#27;[0m &amp#27;[37m-->&amp#27;[39m &amp#27;[37mPOST&amp#27;[39m &amp#27;[37m/session/83760a3e-13d9-4f16-93c9-f76dc55a2f2d/element/00000000-0000-05af-ffff-ffff00000022/click&amp#27;[39m
&amp#27;[38;5;0m[HTTP]&amp#27;[0m &amp#27;[90m{"id":"00000000-0000-05af-ffff-ffff00000022"}&amp#27;[39m
&amp#27;[38;5;32m[AndroidUiautomator2Driver@c35c (83760a3e)]&amp#27;[0m Calling AppiumDriver.click() with args: ["00000000-0000-05af-ffff-ffff00000022","83760a3e-13d9-4f16-93c9-f76dc55a2f2d"]
&amp#27;[38;5;32m[AndroidUiautomator2Driver@c35c (83760a3e)]&amp#27;[0m Matched '/element/00000000-0000-05af-ffff-ffff00000022/click' to command name 'click'
&amp#27;[38;5;32m[AndroidUiautomator2Driver@c35c (83760a3e)]&amp#27;[0m Proxying [POST /element/00000000-0000-05af-ffff-ffff00000022/click] to [POST http://127.0.0.1:8201/session/a4f15fa2-b955-4911-9a5c-74159e5f2769/element/00000000-0000-05af-ffff-ffff00000022/click] with body: {"element":"00000000-0000-05af-ffff-ffff00000022"}
&amp#27;[38;5;32m[AndroidUiautomator2Driver@c35c (83760a3e)]&amp#27;[0m Got response with status 200: {"sessionId":"a4f15fa2-b955-4911-9a5c-74159e5f2769","value":null}
&amp#27;[38;5;32m[AndroidUiautomator2Driver@c35c (83760a3e)]&amp#27;[0m Responding to client with driver.click() result: null
&amp#27;[38;5;0m[HTTP]&amp#27;[0m &amp#27;[37m<-- POST /session/83760a3e-13d9-4f16-93c9-f76dc55a2f2d/element/00000000-0000-05af-ffff-ffff00000022/click &amp#27;[39m&amp#27;[32m200&amp#27;[39m &amp#27;[90m76 ms - 14&amp#27;[39m
&amp#27;[38;5;0m[HTTP]&amp#27;[0m &amp#27;[90m&amp#27;[39m
&amp#27;[38;5;0m[HTTP]&amp#27;[0m &amp#27;[37m-->&amp#27;[39m &amp#27;[37mGET&amp#27;[39m &amp#27;[37m/session/83760a3e-13d9-4f16-93c9-f76dc55a2f2d/context&amp#27;[39m
&amp#27;[38;5;0m[HTTP]&amp#27;[0m &amp#27;[90m{}&amp#27;[39m
&amp#27;[38;5;32m[AndroidUiautomator2Driver@c35c (83760a3e)]&amp#27;[0m Calling AppiumDriver.getCurrentContext() with args: ["83760a3e-13d9-4f16-93c9-f76dc55a2f2d"]
&amp#27;[38;5;32m[AndroidUiautomator2Driver@c35c (83760a3e)]&amp#27;[0m Responding to client with driver.getCurrentContext() result: "NATIVE_APP"
&amp#27;[38;5;0m[HTTP]&amp#27;[0m &amp#27;[37m<-- GET /session/83760a3e-13d9-4f16-93c9-f76dc55a2f2d/context &amp#27;[39m&amp#27;[32m200&amp#27;[39m &amp#27;[90m1 ms - 22&amp#27;[39m
&amp#27;[38;5;0m[HTTP]&amp#27;[0m &amp#27;[90m&amp#27;[39m
&amp#27;[38;5;0m[HTTP]&amp#27;[0m &amp#27;[37m-->&amp#27;[39m &amp#27;[37mPOST&amp#27;[39m &amp#27;[37m/session/83760a3e-13d9-4f16-93c9-f76dc55a2f2d/element&amp#27;[39m
&amp#27;[38;5;0m[HTTP]&amp#27;[0m &amp#27;[90m{"using":"accessibility id","value":"menu item log in"}&amp#27;[39m
&amp#27;[38;5;32m[AndroidUiautomator2Driver@c35c (83760a3e)]&amp#27;[0m Calling AppiumDriver.findElement() with args: ["accessibility id","menu item log in","83760a3e-13d9-4f16-93c9-f76dc55a2f2d"]
&amp#27;[38;5;32m[AndroidUiautomator2Driver@c35c (83760a3e)]&amp#27;[0m Valid locator strategies for this request: xpath, id, class name, accessibility id, css selector, -android uiautomator
&amp#27;[38;5;32m[AndroidUiautomator2Driver@c35c (83760a3e)]&amp#27;[0m Waiting up to 10000 ms for condition
&amp#27;[38;5;32m[AndroidUiautomator2Driver@c35c (83760a3e)]&amp#27;[0m Matched '/element' to command name 'findElement'
&amp#27;[38;5;32m[AndroidUiautomator2Driver@c35c (83760a3e)]&amp#27;[0m Proxying [POST /element] to [POST http://127.0.0.1:8201/session/a4f15fa2-b955-4911-9a5c-74159e5f2769/element] with body: {"strategy":"accessibility id","selector":"menu item log in","context":"","multiple":false}
&amp#27;[38;5;32m[AndroidUiautomator2Driver@c35c (83760a3e)]&amp#27;[0m Got response with status 200: {"sessionId":"a4f15fa2-b955-4911-9a5c-74159e5f2769","value":{"ELEMENT":"00000000-0000-05af-ffff-ffff000000a0","element-6066-11e4-a52e-4f735466cecf":"00000000-0000-05af-ffff-ffff000000a0"}}
&amp#27;[38;5;32m[AndroidUiautomator2Driver@c35c (83760a3e)]&amp#27;[0m Responding to client with driver.findElement() result: {"element-6066-11e4-a52e-4f735466cecf":"00000000-0000-05af-ffff-ffff000000a0","ELEMENT":"00000000-0000-05af-ffff-ffff000000a0"}
&amp#27;[38;5;0m[HTTP]&amp#27;[0m &amp#27;[37m<-- POST /session/83760a3e-13d9-4f16-93c9-f76dc55a2f2d/element &amp#27;[39m&amp#27;[32m200&amp#27;[39m &amp#27;[90m159 ms - 137&amp#27;[39m
&amp#27;[38;5;0m[HTTP]&amp#27;[0m &amp#27;[90m&amp#27;[39m
&amp#27;[38;5;0m[HTTP]&amp#27;[0m &amp#27;[37m-->&amp#27;[39m &amp#27;[37mPOST&amp#27;[39m &amp#27;[37m/session/83760a3e-13d9-4f16-93c9-f76dc55a2f2d/element/00000000-0000-05af-ffff-ffff000000a0/click&amp#27;[39m
&amp#27;[38;5;0m[HTTP]&amp#27;[0m &amp#27;[90m{"id":"00000000-0000-05af-ffff-ffff000000a0"}&amp#27;[39m
&amp#27;[38;5;32m[AndroidUiautomator2Driver@c35c (83760a3e)]&amp#27;[0m Calling AppiumDriver.click() with args: ["00000000-0000-05af-ffff-ffff000000a0","83760a3e-13d9-4f16-93c9-f76dc55a2f2d"]
&amp#27;[38;5;32m[AndroidUiautomator2Driver@c35c (83760a3e)]&amp#27;[0m Matched '/element/00000000-0000-05af-ffff-ffff000000a0/click' to command name 'click'
&amp#27;[38;5;32m[AndroidUiautomator2Driver@c35c (83760a3e)]&amp#27;[0m Proxying [POST /element/00000000-0000-05af-ffff-ffff000000a0/click] to [POST http://127.0.0.1:8201/session/a4f15fa2-b955-4911-9a5c-74159e5f2769/element/00000000-0000-05af-ffff-ffff000000a0/click] with body: {"element":"00000000-0000-05af-ffff-ffff000000a0"}
&amp#27;[38;5;32m[AndroidUiautomator2Driver@c35c (83760a3e)]&amp#27;[0m Got response with status 200: {"sessionId":"a4f15fa2-b955-4911-9a5c-74159e5f2769","value":null}
&amp#27;[38;5;32m[AndroidUiautomator2Driver@c35c (83760a3e)]&amp#27;[0m Responding to client with driver.click() result: null
&amp#27;[38;5;0m[HTTP]&amp#27;[0m &amp#27;[37m<-- POST /session/83760a3e-13d9-4f16-93c9-f76dc55a2f2d/element/00000000-0000-05af-ffff-ffff000000a0/click &amp#27;[39m&amp#27;[32m200&amp#27;[39m &amp#27;[90m1430 ms - 14&amp#27;[39m
&amp#27;[38;5;0m[HTTP]&amp#27;[0m &amp#27;[90m&amp#27;[39m
&amp#27;[38;5;0m[HTTP]&amp#27;[0m &amp#27;[37m-->&amp#27;[39m &amp#27;[37mGET&amp#27;[39m &amp#27;[37m/session/83760a3e-13d9-4f16-93c9-f76dc55a2f2d/context&amp#27;[39m
&amp#27;[38;5;0m[HTTP]&amp#27;[0m &amp#27;[90m{}&amp#27;[39m
&amp#27;[38;5;32m[AndroidUiautomator2Driver@c35c (83760a3e)]&amp#27;[0m Calling AppiumDriver.getCurrentContext() with args: ["83760a3e-13d9-4f16-93c9-f76dc55a2f2d"]
&amp#27;[38;5;32m[AndroidUiautomator2Driver@c35c (83760a3e)]&amp#27;[0m Responding to client with driver.getCurrentContext() result: "NATIVE_APP"
&amp#27;[38;5;0m[HTTP]&amp#27;[0m &amp#27;[37m<-- GET /session/83760a3e-13d9-4f16-93c9-f76dc55a2f2d/context &amp#27;[39m&amp#27;[32m200&amp#27;[39m &amp#27;[90m1 ms - 22&amp#27;[39m
&amp#27;[38;5;0m[HTTP]&amp#27;[0m &amp#27;[90m&amp#27;[39m
&amp#27;[38;5;0m[HTTP]&amp#27;[0m &amp#27;[37m-->&amp#27;[39m &amp#27;[37mPOST&amp#27;[39m &amp#27;[37m/session/83760a3e-13d9-4f16-93c9-f76dc55a2f2d/element&amp#27;[39m
&amp#27;[38;5;0m[HTTP]&amp#27;[0m &amp#27;[90m{"using":"accessibility id","value":"container header"}&amp#27;[39m
&amp#27;[38;5;32m[AndroidUiautomator2Driver@c35c (83760a3e)]&amp#27;[0m Calling AppiumDriver.findElement() with args: ["accessibility id","container header","83760a3e-13d9-4f16-93c9-f76dc55a2f2d"]
&amp#27;[38;5;32m[AndroidUiautomator2Driver@c35c (83760a3e)]&amp#27;[0m Valid locator strategies for this request: xpath, id, class name, accessibility id, css selector, -android uiautomator
&amp#27;[38;5;32m[AndroidUiautomator2Driver@c35c (83760a3e)]&amp#27;[0m Waiting up to 10000 ms for condition
&amp#27;[38;5;32m[AndroidUiautomator2Driver@c35c (83760a3e)]&amp#27;[0m Matched '/element' to command name 'findElement'
&amp#27;[38;5;32m[AndroidUiautomator2Driver@c35c (83760a3e)]&amp#27;[0m Proxying [POST /element] to [POST http://127.0.0.1:8201/session/a4f15fa2-b955-4911-9a5c-74159e5f2769/element] with body: {"strategy":"accessibility id","selector":"container header","context":"","multiple":false}
&amp#27;[38;5;32m[AndroidUiautomator2Driver@c35c (83760a3e)]&amp#27;[0m Got response with status 200: {"sessionId":"a4f15fa2-b955-4911-9a5c-74159e5f2769","value":{"ELEMENT":"00000000-0000-05af-ffff-ffff00000123","element-6066-11e4-a52e-4f735466cecf":"00000000-0000-05af-ffff-ffff00000123"}}
&amp#27;[38;5;32m[AndroidUiautomator2Driver@c35c (83760a3e)]&amp#27;[0m Responding to client with driver.findElement() result: {"element-6066-11e4-a52e-4f735466cecf":"00000000-0000-05af-ffff-ffff00000123","ELEMENT":"00000000-0000-05af-ffff-ffff00000123"}
&amp#27;[38;5;0m[HTTP]&amp#27;[0m &amp#27;[37m<-- POST /session/83760a3e-13d9-4f16-93c9-f76dc55a2f2d/element &amp#27;[39m&amp#27;[32m200&amp#27;[39m &amp#27;[90m1318 ms - 137&amp#27;[39m
&amp#27;[38;5;0m[HTTP]&amp#27;[0m &amp#27;[90m&amp#27;[39m
&amp#27;[38;5;0m[HTTP]&amp#27;[0m &amp#27;[37m-->&amp#27;[39m &amp#27;[37mPOST&amp#27;[39m &amp#27;[37m/session/83760a3e-13d9-4f16-93c9-f76dc55a2f2d/element/00000000-0000-05af-ffff-ffff00000123/element&amp#27;[39m
&amp#27;[38;5;0m[HTTP]&amp#27;[0m &amp#27;[90m{"id":"00000000-0000-05af-ffff-ffff00000123","using":"class name","value":"android.widget.TextView"}&amp#27;[39m
&amp#27;[38;5;32m[AndroidUiautomator2Driver@c35c (83760a3e)]&amp#27;[0m Calling AppiumDriver.findElementFromElement() with args: ["class name","android.widget.TextView","00000000-0000-05af-ffff-ffff00000123","83760a3e-13d9-4f16-93c9-f76dc55a2f2d"]
&amp#27;[38;5;32m[AndroidUiautomator2Driver@c35c (83760a3e)]&amp#27;[0m Valid locator strategies for this request: xpath, id, class name, accessibility id, css selector, -android uiautomator
&amp#27;[38;5;32m[AndroidUiautomator2Driver@c35c (83760a3e)]&amp#27;[0m Waiting up to 10000 ms for condition
&amp#27;[38;5;32m[AndroidUiautomator2Driver@c35c (83760a3e)]&amp#27;[0m Matched '/element' to command name 'findElement'
&amp#27;[38;5;32m[AndroidUiautomator2Driver@c35c (83760a3e)]&amp#27;[0m Proxying [POST /element] to [POST http://127.0.0.1:8201/session/a4f15fa2-b955-4911-9a5c-74159e5f2769/element] with body: {"strategy":"class name","selector":"android.widget.TextView","context":"00000000-0000-05af-ffff-ffff00000123","multiple":false}
&amp#27;[38;5;32m[AndroidUiautomator2Driver@c35c (83760a3e)]&amp#27;[0m Got response with status 200: {"sessionId":"a4f15fa2-b955-4911-9a5c-74159e5f2769","value":{"ELEMENT":"00000000-0000-05af-ffff-ffff00000124","element-6066-11e4-a52e-4f735466cecf":"00000000-0000-05af-ffff-ffff00000124"}}
&amp#27;[38;5;32m[AndroidUiautomator2Driver@c35c (83760a3e)]&amp#27;[0m Responding to client with driver.findElementFromElement() result: {"element-6066-11e4-a52e-4f735466cecf":"00000000-0000-05af-ffff-ffff00000124","ELEMENT":"00000000-0000-05af-ffff-ffff00000124"}
&amp#27;[38;5;0m[HTTP]&amp#27;[0m &amp#27;[37m<-- POST /session/83760a3e-13d9-4f16-93c9-f76dc55a2f2d/element/00000000-0000-05af-ffff-ffff00000123/element &amp#27;[39m&amp#27;[32m200&amp#27;[39m &amp#27;[90m80 ms - 137&amp#27;[39m
&amp#27;[38;5;0m[HTTP]&amp#27;[0m &amp#27;[90m&amp#27;[39m
&amp#27;[38;5;0m[HTTP]&amp#27;[0m &amp#27;[37m-->&amp#27;[39m &amp#27;[37mGET&amp#27;[39m &amp#27;[37m/session/83760a3e-13d9-4f16-93c9-f76dc55a2f2d/element/00000000-0000-05af-ffff-ffff00000124/text&amp#27;[39m
&amp#27;[38;5;0m[HTTP]&amp#27;[0m &amp#27;[90m{}&amp#27;[39m
&amp#27;[38;5;32m[AndroidUiautomator2Driver@c35c (83760a3e)]&amp#27;[0m Driver proxy active, passing request on via HTTP proxy
&amp#27;[38;5;32m[AndroidUiautomator2Driver@c35c (83760a3e)]&amp#27;[0m Matched '/session/83760a3e-13d9-4f16-93c9-f76dc55a2f2d/element/00000000-0000-05af-ffff-ffff00000124/text' to command name 'getText'
&amp#27;[38;5;32m[AndroidUiautomator2Driver@c35c (83760a3e)]&amp#27;[0m Proxying [GET /session/83760a3e-13d9-4f16-93c9-f76dc55a2f2d/element/00000000-0000-05af-ffff-ffff00000124/text] to [GET http://127.0.0.1:8201/session/a4f15fa2-b955-4911-9a5c-74159e5f2769/element/00000000-0000-05af-ffff-ffff00000124/text] with no body
&amp#27;[38;5;32m[AndroidUiautomator2Driver@c35c (83760a3e)]&amp#27;[0m Got response with status 200: {"sessionId":"a4f15fa2-b955-4911-9a5c-74159e5f2769","value":"No Items"}
&amp#27;[38;5;32m[AndroidUiautomator2Driver@c35c (83760a3e)]&amp#27;[0m Replacing sessionId a4f15fa2-b955-4911-9a5c-74159e5f2769 with 83760a3e-13d9-4f16-93c9-f76dc55a2f2d
&amp#27;[38;5;0m[HTTP]&amp#27;[0m &amp#27;[37m<-- GET /session/83760a3e-13d9-4f16-93c9-f76dc55a2f2d/element/00000000-0000-05af-ffff-ffff00000124/text &amp#27;[39m&amp#27;[32m200&amp#27;[39m &amp#27;[90m41 ms - 71&amp#27;[39m
&amp#27;[38;5;0m[HTTP]&amp#27;[0m &amp#27;[90m&amp#27;[39m
&amp#27;[38;5;0m[HTTP]&amp#27;[0m &amp#27;[37m-->&amp#27;[39m &amp#27;[37mGET&amp#27;[39m &amp#27;[37m/session/83760a3e-13d9-4f16-93c9-f76dc55a2f2d/context&amp#27;[39m
&amp#27;[38;5;0m[HTTP]&amp#27;[0m &amp#27;[90m{}&amp#27;[39m
&amp#27;[38;5;32m[AndroidUiautomator2Driver@c35c (83760a3e)]&amp#27;[0m Calling AppiumDriver.getCurrentContext() with args: ["83760a3e-13d9-4f16-93c9-f76dc55a2f2d"]
&amp#27;[38;5;32m[AndroidUiautomator2Driver@c35c (83760a3e)]&amp#27;[0m Responding to client with driver.getCurrentContext() result: "NATIVE_APP"
&amp#27;[38;5;0m[HTTP]&amp#27;[0m &amp#27;[37m<-- GET /session/83760a3e-13d9-4f16-93c9-f76dc55a2f2d/context &amp#27;[39m&amp#27;[32m200&amp#27;[39m &amp#27;[90m1 ms - 22&amp#27;[39m
&amp#27;[38;5;0m[HTTP]&amp#27;[0m &amp#27;[90m&amp#27;[39m
&amp#27;[38;5;0m[HTTP]&amp#27;[0m &amp#27;[37m-->&amp#27;[39m &amp#27;[37mPOST&amp#27;[39m &amp#27;[37m/session/83760a3e-13d9-4f16-93c9-f76dc55a2f2d/element&amp#27;[39m
&amp#27;[38;5;0m[HTTP]&amp#27;[0m &amp#27;[90m{"using":"accessibility id","value":"open menu"}&amp#27;[39m
&amp#27;[38;5;32m[AndroidUiautomator2Driver@c35c (83760a3e)]&amp#27;[0m Calling AppiumDriver.findElement() with args: ["accessibility id","open menu","83760a3e-13d9-4f16-93c9-f76dc55a2f2d"]
&amp#27;[38;5;32m[AndroidUiautomator2Driver@c35c (83760a3e)]&amp#27;[0m Valid locator strategies for this request: xpath, id, class name, accessibility id, css selector, -android uiautomator
&amp#27;[38;5;32m[AndroidUiautomator2Driver@c35c (83760a3e)]&amp#27;[0m Waiting up to 10000 ms for condition
&amp#27;[38;5;32m[AndroidUiautomator2Driver@c35c (83760a3e)]&amp#27;[0m Matched '/element' to command name 'findElement'
&amp#27;[38;5;32m[AndroidUiautomator2Driver@c35c (83760a3e)]&amp#27;[0m Proxying [POST /element] to [POST http://127.0.0.1:8201/session/a4f15fa2-b955-4911-9a5c-74159e5f2769/element] with body: {"strategy":"accessibility id","selector":"open menu","context":"","multiple":false}
&amp#27;[38;5;32m[AndroidUiautomator2Driver@c35c (83760a3e)]&amp#27;[0m Got response with status 200: {"sessionId":"a4f15fa2-b955-4911-9a5c-74159e5f2769","value":{"ELEMENT":"00000000-0000-05af-ffff-ffff0000012c","element-6066-11e4-a52e-4f735466cecf":"00000000-0000-05af-ffff-ffff0000012c"}}
&amp#27;[38;5;32m[AndroidUiautomator2Driver@c35c (83760a3e)]&amp#27;[0m Responding to client with driver.findElement() result: {"element-6066-11e4-a52e-4f735466cecf":"00000000-0000-05af-ffff-ffff0000012c","ELEMENT":"00000000-0000-05af-ffff-ffff0000012c"}
&amp#27;[38;5;0m[HTTP]&amp#27;[0m &amp#27;[37m<-- POST /session/83760a3e-13d9-4f16-93c9-f76dc55a2f2d/element &amp#27;[39m&amp#27;[32m200&amp#27;[39m &amp#27;[90m153 ms - 137&amp#27;[39m
&amp#27;[38;5;0m[HTTP]&amp#27;[0m &amp#27;[90m&amp#27;[39m
&amp#27;[38;5;0m[HTTP]&amp#27;[0m &amp#27;[37m-->&amp#27;[39m &amp#27;[37mGET&amp#27;[39m &amp#27;[37m/session/83760a3e-13d9-4f16-93c9-f76dc55a2f2d/element/00000000-0000-05af-ffff-ffff0000012c/displayed&amp#27;[39m
&amp#27;[38;5;0m[HTTP]&amp#27;[0m &amp#27;[90m{}&amp#27;[39m
&amp#27;[38;5;32m[AndroidUiautomator2Driver@c35c (83760a3e)]&amp#27;[0m Calling AppiumDriver.elementDisplayed() with args: ["00000000-0000-05af-ffff-ffff0000012c","83760a3e-13d9-4f16-93c9-f76dc55a2f2d"]
&amp#27;[38;5;32m[AndroidUiautomator2Driver@c35c (83760a3e)]&amp#27;[0m Matched '/element/00000000-0000-05af-ffff-ffff0000012c/attribute/displayed' to command name 'getAttribute'
&amp#27;[38;5;32m[AndroidUiautomator2Driver@c35c (83760a3e)]&amp#27;[0m Proxying [GET /element/00000000-0000-05af-ffff-ffff0000012c/attribute/displayed] to [GET http://127.0.0.1:8201/session/a4f15fa2-b955-4911-9a5c-74159e5f2769/element/00000000-0000-05af-ffff-ffff0000012c/attribute/displayed] with no body
&amp#27;[38;5;32m[AndroidUiautomator2Driver@c35c (83760a3e)]&amp#27;[0m Got response with status 200: {"sessionId":"a4f15fa2-b955-4911-9a5c-74159e5f2769","value":"true"}
&amp#27;[38;5;32m[AndroidUiautomator2Driver@c35c (83760a3e)]&amp#27;[0m Responding to client with driver.elementDisplayed() result: true
&amp#27;[38;5;0m[HTTP]&amp#27;[0m &amp#27;[37m<-- GET /session/83760a3e-13d9-4f16-93c9-f76dc55a2f2d/element/00000000-0000-05af-ffff-ffff0000012c/displayed &amp#27;[39m&amp#27;[32m200&amp#27;[39m &amp#27;[90m35 ms - 14&amp#27;[39m
&amp#27;[38;5;0m[HTTP]&amp#27;[0m &amp#27;[90m&amp#27;[39m
&amp#27;[38;5;0m[HTTP]&amp#27;[0m &amp#27;[37m-->&amp#27;[39m &amp#27;[37mGET&amp#27;[39m &amp#27;[37m/session/83760a3e-13d9-4f16-93c9-f76dc55a2f2d/context&amp#27;[39m
&amp#27;[38;5;0m[HTTP]&amp#27;[0m &amp#27;[90m{}&amp#27;[39m
&amp#27;[38;5;32m[AndroidUiautomator2Driver@c35c (83760a3e)]&amp#27;[0m Calling AppiumDriver.getCurrentContext() with args: ["83760a3e-13d9-4f16-93c9-f76dc55a2f2d"]
&amp#27;[38;5;32m[AndroidUiautomator2Driver@c35c (83760a3e)]&amp#27;[0m Responding to client with driver.getCurrentContext() result: "NATIVE_APP"
&amp#27;[38;5;0m[HTTP]&amp#27;[0m &amp#27;[37m<-- GET /session/83760a3e-13d9-4f16-93c9-f76dc55a2f2d/context &amp#27;[39m&amp#27;[32m200&amp#27;[39m &amp#27;[90m1 ms - 22&amp#27;[39m
&amp#27;[38;5;0m[HTTP]&amp#27;[0m &amp#27;[90m&amp#27;[39m
&amp#27;[38;5;0m[HTTP]&amp#27;[0m &amp#27;[37m-->&amp#27;[39m &amp#27;[37mPOST&amp#27;[39m &amp#27;[37m/session/83760a3e-13d9-4f16-93c9-f76dc55a2f2d/element&amp#27;[39m
&amp#27;[38;5;0m[HTTP]&amp#27;[0m &amp#27;[90m{"using":"accessibility id","value":"open menu"}&amp#27;[39m
&amp#27;[38;5;32m[AndroidUiautomator2Driver@c35c (83760a3e)]&amp#27;[0m Calling AppiumDriver.findElement() with args: ["accessibility id","open menu","83760a3e-13d9-4f16-93c9-f76dc55a2f2d"]
&amp#27;[38;5;32m[AndroidUiautomator2Driver@c35c (83760a3e)]&amp#27;[0m Valid locator strategies for this request: xpath, id, class name, accessibility id, css selector, -android uiautomator
&amp#27;[38;5;32m[AndroidUiautomator2Driver@c35c (83760a3e)]&amp#27;[0m Waiting up to 10000 ms for condition
&amp#27;[38;5;32m[AndroidUiautomator2Driver@c35c (83760a3e)]&amp#27;[0m Matched '/element' to command name 'findElement'
&amp#27;[38;5;32m[AndroidUiautomator2Driver@c35c (83760a3e)]&amp#27;[0m Proxying [POST /element] to [POST http://127.0.0.1:8201/session/a4f15fa2-b955-4911-9a5c-74159e5f2769/element] with body: {"strategy":"accessibility id","selector":"open menu","context":"","multiple":false}
&amp#27;[38;5;32m[AndroidUiautomator2Driver@c35c (83760a3e)]&amp#27;[0m Got response with status 200: {"sessionId":"a4f15fa2-b955-4911-9a5c-74159e5f2769","value":{"ELEMENT":"00000000-0000-05af-ffff-ffff0000012c","element-6066-11e4-a52e-4f735466cecf":"00000000-0000-05af-ffff-ffff0000012c"}}
&amp#27;[38;5;32m[AndroidUiautomator2Driver@c35c (83760a3e)]&amp#27;[0m Responding to client with driver.findElement() result: {"element-6066-11e4-a52e-4f735466cecf":"00000000-0000-05af-ffff-ffff0000012c","ELEMENT":"00000000-0000-05af-ffff-ffff0000012c"}
&amp#27;[38;5;0m[HTTP]&amp#27;[0m &amp#27;[37m<-- POST /session/83760a3e-13d9-4f16-93c9-f76dc55a2f2d/element &amp#27;[39m&amp#27;[32m200&amp#27;[39m &amp#27;[90m111 ms - 137&amp#27;[39m
&amp#27;[38;5;0m[HTTP]&amp#27;[0m &amp#27;[90m&amp#27;[39m
&amp#27;[38;5;0m[HTTP]&amp#27;[0m &amp#27;[37m-->&amp#27;[39m &amp#27;[37mGET&amp#27;[39m &amp#27;[37m/session/83760a3e-13d9-4f16-93c9-f76dc55a2f2d/element/00000000-0000-05af-ffff-ffff0000012c/enabled&amp#27;[39m
&amp#27;[38;5;0m[HTTP]&amp#27;[0m &amp#27;[90m{}&amp#27;[39m
&amp#27;[38;5;32m[AndroidUiautomator2Driver@c35c (83760a3e)]&amp#27;[0m Calling AppiumDriver.elementEnabled() with args: ["00000000-0000-05af-ffff-ffff0000012c","83760a3e-13d9-4f16-93c9-f76dc55a2f2d"]
&amp#27;[38;5;32m[AndroidUiautomator2Driver@c35c (83760a3e)]&amp#27;[0m Matched '/element/00000000-0000-05af-ffff-ffff0000012c/attribute/enabled' to command name 'getAttribute'
&amp#27;[38;5;32m[AndroidUiautomator2Driver@c35c (83760a3e)]&amp#27;[0m Proxying [GET /element/00000000-0000-05af-ffff-ffff0000012c/attribute/enabled] to [GET http://127.0.0.1:8201/session/a4f15fa2-b955-4911-9a5c-74159e5f2769/element/00000000-0000-05af-ffff-ffff0000012c/attribute/enabled] with no body
&amp#27;[38;5;32m[AndroidUiautomator2Driver@c35c (83760a3e)]&amp#27;[0m Got response with status 200: {"sessionId":"a4f15fa2-b955-4911-9a5c-74159e5f2769","value":"true"}
&amp#27;[38;5;32m[AndroidUiautomator2Driver@c35c (83760a3e)]&amp#27;[0m Responding to client with driver.elementEnabled() result: true
&amp#27;[38;5;0m[HTTP]&amp#27;[0m &amp#27;[37m<-- GET /session/83760a3e-13d9-4f16-93c9-f76dc55a2f2d/element/00000000-0000-05af-ffff-ffff0000012c/enabled &amp#27;[39m&amp#27;[32m200&amp#27;[39m &amp#27;[90m30 ms - 14&amp#27;[39m
&amp#27;[38;5;0m[HTTP]&amp#27;[0m &amp#27;[90m&amp#27;[39m
&amp#27;[38;5;0m[HTTP]&amp#27;[0m &amp#27;[37m-->&amp#27;[39m &amp#27;[37mGET&amp#27;[39m &amp#27;[37m/session/83760a3e-13d9-4f16-93c9-f76dc55a2f2d/context&amp#27;[39m
&amp#27;[38;5;0m[HTTP]&amp#27;[0m &amp#27;[90m{}&amp#27;[39m
&amp#27;[38;5;32m[AndroidUiautomator2Driver@c35c (83760a3e)]&amp#27;[0m Calling AppiumDriver.getCurrentContext() with args: ["83760a3e-13d9-4f16-93c9-f76dc55a2f2d"]
&amp#27;[38;5;32m[AndroidUiautomator2Driver@c35c (83760a3e)]&amp#27;[0m Responding to client with driver.getCurrentContext() result: "NATIVE_APP"
&amp#27;[38;5;0m[HTTP]&amp#27;[0m &amp#27;[37m<-- GET /session/83760a3e-13d9-4f16-93c9-f76dc55a2f2d/context &amp#27;[39m&amp#27;[32m200&amp#27;[39m &amp#27;[90m1 ms - 22&amp#27;[39m
&amp#27;[38;5;0m[HTTP]&amp#27;[0m &amp#27;[90m&amp#27;[39m
&amp#27;[38;5;0m[HTTP]&amp#27;[0m &amp#27;[37m-->&amp#27;[39m &amp#27;[37mPOST&amp#27;[39m &amp#27;[37m/session/83760a3e-13d9-4f16-93c9-f76dc55a2f2d/element&amp#27;[39m
&amp#27;[38;5;0m[HTTP]&amp#27;[0m &amp#27;[90m{"using":"accessibility id","value":"open menu"}&amp#27;[39m
&amp#27;[38;5;32m[AndroidUiautomator2Driver@c35c (83760a3e)]&amp#27;[0m Calling AppiumDriver.findElement() with args: ["accessibility id","open menu","83760a3e-13d9-4f16-93c9-f76dc55a2f2d"]
&amp#27;[38;5;32m[AndroidUiautomator2Driver@c35c (83760a3e)]&amp#27;[0m Valid locator strategies for this request: xpath, id, class name, accessibility id, css selector, -android uiautomator
&amp#27;[38;5;32m[AndroidUiautomator2Driver@c35c (83760a3e)]&amp#27;[0m Waiting up to 10000 ms for condition
&amp#27;[38;5;32m[AndroidUiautomator2Driver@c35c (83760a3e)]&amp#27;[0m Matched '/element' to command name 'findElement'
&amp#27;[38;5;32m[AndroidUiautomator2Driver@c35c (83760a3e)]&amp#27;[0m Proxying [POST /element] to [POST http://127.0.0.1:8201/session/a4f15fa2-b955-4911-9a5c-74159e5f2769/element] with body: {"strategy":"accessibility id","selector":"open menu","context":"","multiple":false}
&amp#27;[38;5;32m[AndroidUiautomator2Driver@c35c (83760a3e)]&amp#27;[0m Got response with status 200: {"sessionId":"a4f15fa2-b955-4911-9a5c-74159e5f2769","value":{"ELEMENT":"00000000-0000-05af-ffff-ffff0000012c","element-6066-11e4-a52e-4f735466cecf":"00000000-0000-05af-ffff-ffff0000012c"}}
&amp#27;[38;5;32m[AndroidUiautomator2Driver@c35c (83760a3e)]&amp#27;[0m Responding to client with driver.findElement() result: {"element-6066-11e4-a52e-4f735466cecf":"00000000-0000-05af-ffff-ffff0000012c","ELEMENT":"00000000-0000-05af-ffff-ffff0000012c"}
&amp#27;[38;5;0m[HTTP]&amp#27;[0m &amp#27;[37m<-- POST /session/83760a3e-13d9-4f16-93c9-f76dc55a2f2d/element &amp#27;[39m&amp#27;[32m200&amp#27;[39m &amp#27;[90m125 ms - 137&amp#27;[39m
&amp#27;[38;5;0m[HTTP]&amp#27;[0m &amp#27;[90m&amp#27;[39m
&amp#27;[38;5;0m[HTTP]&amp#27;[0m &amp#27;[37m-->&amp#27;[39m &amp#27;[37mPOST&amp#27;[39m &amp#27;[37m/session/83760a3e-13d9-4f16-93c9-f76dc55a2f2d/element/00000000-0000-05af-ffff-ffff0000012c/click&amp#27;[39m
&amp#27;[38;5;0m[HTTP]&amp#27;[0m &amp#27;[90m{"id":"00000000-0000-05af-ffff-ffff0000012c"}&amp#27;[39m
&amp#27;[38;5;32m[AndroidUiautomator2Driver@c35c (83760a3e)]&amp#27;[0m Calling AppiumDriver.click() with args: ["00000000-0000-05af-ffff-ffff0000012c","83760a3e-13d9-4f16-93c9-f76dc55a2f2d"]
&amp#27;[38;5;32m[AndroidUiautomator2Driver@c35c (83760a3e)]&amp#27;[0m Matched '/element/00000000-0000-05af-ffff-ffff0000012c/click' to command name 'click'
&amp#27;[38;5;32m[AndroidUiautomator2Driver@c35c (83760a3e)]&amp#27;[0m Proxying [POST /element/00000000-0000-05af-ffff-ffff0000012c/click] to [POST http://127.0.0.1:8201/session/a4f15fa2-b955-4911-9a5c-74159e5f2769/element/00000000-0000-05af-ffff-ffff0000012c/click] with body: {"element":"00000000-0000-05af-ffff-ffff0000012c"}
&amp#27;[38;5;32m[AndroidUiautomator2Driver@c35c (83760a3e)]&amp#27;[0m Got response with status 200: {"sessionId":"a4f15fa2-b955-4911-9a5c-74159e5f2769","value":null}
&amp#27;[38;5;32m[AndroidUiautomator2Driver@c35c (83760a3e)]&amp#27;[0m Responding to client with driver.click() result: null
&amp#27;[38;5;0m[HTTP]&amp#27;[0m &amp#27;[37m<-- POST /session/83760a3e-13d9-4f16-93c9-f76dc55a2f2d/element/00000000-0000-05af-ffff-ffff0000012c/click &amp#27;[39m&amp#27;[32m200&amp#27;[39m &amp#27;[90m62 ms - 14&amp#27;[39m
&amp#27;[38;5;0m[HTTP]&amp#27;[0m &amp#27;[90m&amp#27;[39m
&amp#27;[38;5;0m[HTTP]&amp#27;[0m &amp#27;[37m-->&amp#27;[39m &amp#27;[37mGET&amp#27;[39m &amp#27;[37m/session/83760a3e-13d9-4f16-93c9-f76dc55a2f2d/context&amp#27;[39m
&amp#27;[38;5;0m[HTTP]&amp#27;[0m &amp#27;[90m{}&amp#27;[39m
&amp#27;[38;5;32m[AndroidUiautomator2Driver@c35c (83760a3e)]&amp#27;[0m Calling AppiumDriver.getCurrentContext() with args: ["83760a3e-13d9-4f16-93c9-f76dc55a2f2d"]
&amp#27;[38;5;32m[AndroidUiautomator2Driver@c35c (83760a3e)]&amp#27;[0m Responding to client with driver.getCurrentContext() result: "NATIVE_APP"
&amp#27;[38;5;0m[HTTP]&amp#27;[0m &amp#27;[37m<-- GET /session/83760a3e-13d9-4f16-93c9-f76dc55a2f2d/context &amp#27;[39m&amp#27;[32m200&amp#27;[39m &amp#27;[90m1 ms - 22&amp#27;[39m
&amp#27;[38;5;0m[HTTP]&amp#27;[0m &amp#27;[90m&amp#27;[39m
&amp#27;[38;5;0m[HTTP]&amp#27;[0m &amp#27;[37m-->&amp#27;[39m &amp#27;[37mPOST&amp#27;[39m &amp#27;[37m/session/83760a3e-13d9-4f16-93c9-f76dc55a2f2d/element&amp#27;[39m
&amp#27;[38;5;0m[HTTP]&amp#27;[0m &amp#27;[90m{"using":"accessibility id","value":"menu item catalog"}&amp#27;[39m
&amp#27;[38;5;32m[AndroidUiautomator2Driver@c35c (83760a3e)]&amp#27;[0m Calling AppiumDriver.findElement() with args: ["accessibility id","menu item catalog","83760a3e-13d9-4f16-93c9-f76dc55a2f2d"]
&amp#27;[38;5;32m[AndroidUiautomator2Driver@c35c (83760a3e)]&amp#27;[0m Valid locator strategies for this request: xpath, id, class name, accessibility id, css selector, -android uiautomator
&amp#27;[38;5;32m[AndroidUiautomator2Driver@c35c (83760a3e)]&amp#27;[0m Waiting up to 10000 ms for condition
&amp#27;[38;5;32m[AndroidUiautomator2Driver@c35c (83760a3e)]&amp#27;[0m Matched '/element' to command name 'findElement'
&amp#27;[38;5;32m[AndroidUiautomator2Driver@c35c (83760a3e)]&amp#27;[0m Proxying [POST /element] to [POST http://127.0.0.1:8201/session/a4f15fa2-b955-4911-9a5c-74159e5f2769/element] with body: {"strategy":"accessibility id","selector":"menu item catalog","context":"","multiple":false}
&amp#27;[38;5;32m[AndroidUiautomator2Driver@c35c (83760a3e)]&amp#27;[0m Got response with status 404: {"sessionId":"a4f15fa2-b955-4911-9a5c-74159e5f2769","value":{"error":"no such element","message":"An element could not be located on the page using the given search parameters","stacktrace":"io.appium.uiautomator2.common.exceptions.ElementNotFoundException: An element could not be located on the page using the given search parameters\n\tat io.appium.uiautomator2.handler.FindElement.safeHandle(FindElement.java:63)\n\tat io.appium.uiautomator2.handler.request.SafeRequestHandler.handle(SafeRequestHandler.java:59)\n\tat io.appium.uiautomator2.server.AppiumServlet.handleRequest(AppiumServlet.java:277)\n\tat io.appium.uiautomator2.server.AppiumServlet.handleHttpRequest(AppiumServlet.java:271)\n\tat io.appium.uiautomator2.http.ServerHandler.channelRead(ServerHandler.java:77)\n\tat io.netty.channel.AbstractChannelHandlerContext.invokeChannelRead(AbstractChannelHandlerContext.java:366)\n\tat io.netty.channel.AbstractChannelHandlerContext.invokeChannelRead(AbstractChannelHandlerContext.java:352)\n\tat io.netty.chann...
&amp#27;[38;5;144m[W3C]&amp#27;[0m Matched W3C error code 'no such element' to NoSuchElementError
&amp#27;[38;5;32m[AndroidUiautomator2Driver@c35c (83760a3e)]&amp#27;[0m Waited for 121 ms so far
&amp#27;[38;5;32m[AndroidUiautomator2Driver@c35c (83760a3e)]&amp#27;[0m Matched '/element' to command name 'findElement'
&amp#27;[38;5;32m[AndroidUiautomator2Driver@c35c (83760a3e)]&amp#27;[0m Proxying [POST /element] to [POST http://127.0.0.1:8201/session/a4f15fa2-b955-4911-9a5c-74159e5f2769/element] with body: {"strategy":"accessibility id","selector":"menu item catalog","context":"","multiple":false}
&amp#27;[38;5;32m[AndroidUiautomator2Driver@c35c (83760a3e)]&amp#27;[0m Got response with status 200: {"sessionId":"a4f15fa2-b955-4911-9a5c-74159e5f2769","value":{"ELEMENT":"00000000-0000-05af-ffff-ffff00000090","element-6066-11e4-a52e-4f735466cecf":"00000000-0000-05af-ffff-ffff00000090"}}
&amp#27;[38;5;32m[AndroidUiautomator2Driver@c35c (83760a3e)]&amp#27;[0m Responding to client with driver.findElement() result: {"element-6066-11e4-a52e-4f735466cecf":"00000000-0000-05af-ffff-ffff00000090","ELEMENT":"00000000-0000-05af-ffff-ffff00000090"}
&amp#27;[38;5;0m[HTTP]&amp#27;[0m &amp#27;[37m<-- POST /session/83760a3e-13d9-4f16-93c9-f76dc55a2f2d/element &amp#27;[39m&amp#27;[32m200&amp#27;[39m &amp#27;[90m2056 ms - 137&amp#27;[39m
&amp#27;[38;5;0m[HTTP]&amp#27;[0m &amp#27;[90m&amp#27;[39m
&amp#27;[38;5;0m[HTTP]&amp#27;[0m &amp#27;[37m-->&amp#27;[39m &amp#27;[37mPOST&amp#27;[39m &amp#27;[37m/session/83760a3e-13d9-4f16-93c9-f76dc55a2f2d/element/00000000-0000-05af-ffff-ffff00000090/click&amp#27;[39m
&amp#27;[38;5;0m[HTTP]&amp#27;[0m &amp#27;[90m{"id":"00000000-0000-05af-ffff-ffff00000090"}&amp#27;[39m
&amp#27;[38;5;32m[AndroidUiautomator2Driver@c35c (83760a3e)]&amp#27;[0m Calling AppiumDriver.click() with args: ["00000000-0000-05af-ffff-ffff00000090","83760a3e-13d9-4f16-93c9-f76dc55a2f2d"]
&amp#27;[38;5;32m[AndroidUiautomator2Driver@c35c (83760a3e)]&amp#27;[0m Matched '/element/00000000-0000-05af-ffff-ffff00000090/click' to command name 'click'
&amp#27;[38;5;32m[AndroidUiautomator2Driver@c35c (83760a3e)]&amp#27;[0m Proxying [POST /element/00000000-0000-05af-ffff-ffff00000090/click] to [POST http://127.0.0.1:8201/session/a4f15fa2-b955-4911-9a5c-74159e5f2769/element/00000000-0000-05af-ffff-ffff00000090/click] with body: {"element":"00000000-0000-05af-ffff-ffff00000090"}
&amp#27;[38;5;32m[AndroidUiautomator2Driver@c35c (83760a3e)]&amp#27;[0m Got response with status 200: {"sessionId":"a4f15fa2-b955-4911-9a5c-74159e5f2769","value":null}
&amp#27;[38;5;32m[AndroidUiautomator2Driver@c35c (83760a3e)]&amp#27;[0m Responding to client with driver.click() result: null
&amp#27;[38;5;0m[HTTP]&amp#27;[0m &amp#27;[37m<-- POST /session/83760a3e-13d9-4f16-93c9-f76dc55a2f2d/element/00000000-0000-05af-ffff-ffff00000090/click &amp#27;[39m&amp#27;[32m200&amp#27;[39m &amp#27;[90m104 ms - 14&amp#27;[39m
&amp#27;[38;5;0m[HTTP]&amp#27;[0m &amp#27;[90m&amp#27;[39m
]]></system-out>
  </testcase>
  <testcase name="ResetAppVerification" classname="testCases.TC2_MenuFeatures" time="29.66">
    <system-out><![CDATA[&amp#27;[38;5;0m[HTTP]&amp#27;[0m &amp#27;[37m-->&amp#27;[39m &amp#27;[37mGET&amp#27;[39m &amp#27;[37m/session/83760a3e-13d9-4f16-93c9-f76dc55a2f2d/context&amp#27;[39m
&amp#27;[38;5;0m[HTTP]&amp#27;[0m &amp#27;[90m{}&amp#27;[39m
&amp#27;[38;5;32m[AndroidUiautomator2Driver@c35c (83760a3e)]&amp#27;[0m Calling AppiumDriver.getCurrentContext() with args: ["83760a3e-13d9-4f16-93c9-f76dc55a2f2d"]
&amp#27;[38;5;32m[AndroidUiautomator2Driver@c35c (83760a3e)]&amp#27;[0m Responding to client with driver.getCurrentContext() result: "NATIVE_APP"
&amp#27;[38;5;0m[HTTP]&amp#27;[0m &amp#27;[37m<-- GET /session/83760a3e-13d9-4f16-93c9-f76dc55a2f2d/context &amp#27;[39m&amp#27;[32m200&amp#27;[39m &amp#27;[90m1 ms - 22&amp#27;[39m
&amp#27;[38;5;0m[HTTP]&amp#27;[0m &amp#27;[90m&amp#27;[39m
&amp#27;[38;5;0m[HTTP]&amp#27;[0m &amp#27;[37m-->&amp#27;[39m &amp#27;[37mPOST&amp#27;[39m &amp#27;[37m/session/83760a3e-13d9-4f16-93c9-f76dc55a2f2d/elements&amp#27;[39m
&amp#27;[38;5;0m[HTTP]&amp#27;[0m &amp#27;[90m{"using":"xpath","value":"//android.view.ViewGroup[@content-desc='store item']"}&amp#27;[39m
&amp#27;[38;5;32m[AndroidUiautomator2Driver@c35c (83760a3e)]&amp#27;[0m Calling AppiumDriver.findElements() with args: ["xpath","//android.view.ViewGroup[@content-desc='store item']","83760a3e-13d9-4f16-93c9-f76dc55a2f2d"]
&amp#27;[38;5;32m[AndroidUiautomator2Driver@c35c (83760a3e)]&amp#27;[0m Valid locator strategies for this request: xpath, id, class name, accessibility id, css selector, -android uiautomator
&amp#27;[38;5;32m[AndroidUiautomator2Driver@c35c (83760a3e)]&amp#27;[0m Waiting up to 10000 ms for condition
&amp#27;[38;5;32m[AndroidUiautomator2Driver@c35c (83760a3e)]&amp#27;[0m Matched '/elements' to command name 'findElements'
&amp#27;[38;5;32m[AndroidUiautomator2Driver@c35c (83760a3e)]&amp#27;[0m Proxying [POST /elements] to [POST http://127.0.0.1:8201/session/a4f15fa2-b955-4911-9a5c-74159e5f2769/elements] with body: {"strategy":"xpath","selector":"//android.view.ViewGroup[@content-desc='store item']","context":"","multiple":true}
&amp#27;[38;5;32m[AndroidUiautomator2Driver@c35c (83760a3e)]&amp#27;[0m Got response with status 200: {"sessionId":"a4f15fa2-b955-4911-9a5c-74159e5f2769","value":[{"ELEMENT":"00000000-0000-05af-ffff-ffff00000032","element-6066-11e4-a52e-4f735466cecf":"00000000-0000-05af-ffff-ffff00000032"},{"ELEMENT":"00000000-0000-05af-ffff-ffff00000041","element-6066-11e4-a52e-4f735466cecf":"00000000-0000-05af-ffff-ffff00000041"},{"ELEMENT":"00000000-0000-05af-ffff-ffff00000051","element-6066-11e4-a52e-4f735466cecf":"00000000-0000-05af-ffff-ffff00000051"},{"ELEMENT":"00000000-0000-05af-ffff-ffff00000060","element-6066-11e4-a52e-4f735466cecf":"00000000-0000-05af-ffff-ffff00000060"},{"ELEMENT":"00000000-0000-05af-ffff-ffff00000070","element-6066-11e4-a52e-4f735466cecf":"00000000-0000-05af-ffff-ffff00000070"},{"ELEMENT":"00000000-0000-05af-ffff-ffff0000007f","element-6066-11e4-a52e-4f735466cecf":"00000000-0000-05af-ffff-ffff0000007f"}]}
&amp#27;[38;5;32m[AndroidUiautomator2Driver@c35c (83760a3e)]&amp#27;[0m Responding to client with driver.findElements() result: [{"element-6066-11e4-a52e-4f735466cecf":"00000000-0000-05af-ffff-ffff00000032","ELEMENT":"00000000-0000-05af-ffff-ffff00000032"},{"element-6066-11e4-a52e-4f735466cecf":"00000000-0000-05af-ffff-ffff00000041","ELEMENT":"00000000-0000-05af-ffff-ffff00000041"},{"element-6066-11e4-a52e-4f735466cecf":"00000000-0000-05af-ffff-ffff00000051","ELEMENT":"00000000-0000-05af-ffff-ffff00000051"},{"element-6066-11e4-a52e-4f735466cecf":"00000000-0000-05af-ffff-ffff00000060","ELEMENT":"00000000-0000-05af-ffff-ffff00000060"},{"element-6066-11e4-a52e-4f735466cecf":"00000000-0000-05af-ffff-ffff00000070","ELEMENT":"00000000-0000-05af-ffff-ffff00000070"},{"element-6066-11e4-a52e-4f735466cecf":"00000000-0000-05af-ffff-ffff0000007f","ELEMENT":"00000000-0000-05af-ffff-ffff0000007f"}]
&amp#27;[38;5;0m[HTTP]&amp#27;[0m &amp#27;[37m<-- POST /session/83760a3e-13d9-4f16-93c9-f76dc55a2f2d/elements &amp#27;[39m&amp#27;[32m200&amp#27;[39m &amp#27;[90m2263 ms - 779&amp#27;[39m
&amp#27;[38;5;0m[HTTP]&amp#27;[0m &amp#27;[90m&amp#27;[39m
&amp#27;[38;5;0m[HTTP]&amp#27;[0m &amp#27;[37m-->&amp#27;[39m &amp#27;[37mPOST&amp#27;[39m &amp#27;[37m/session/83760a3e-13d9-4f16-93c9-f76dc55a2f2d/element/00000000-0000-05af-ffff-ffff00000032/element&amp#27;[39m
&amp#27;[38;5;0m[HTTP]&amp#27;[0m &amp#27;[90m{"id":"00000000-0000-05af-ffff-ffff00000032","using":"class name","value":"android.widget.ImageView"}&amp#27;[39m
&amp#27;[38;5;32m[AndroidUiautomator2Driver@c35c (83760a3e)]&amp#27;[0m Calling AppiumDriver.findElementFromElement() with args: ["class name","android.widget.ImageView","00000000-0000-05af-ffff-ffff00000032","83760a3e-13d9-4f16-93c9-f76dc55a2f2d"]
&amp#27;[38;5;32m[AndroidUiautomator2Driver@c35c (83760a3e)]&amp#27;[0m Valid locator strategies for this request: xpath, id, class name, accessibility id, css selector, -android uiautomator
&amp#27;[38;5;32m[AndroidUiautomator2Driver@c35c (83760a3e)]&amp#27;[0m Waiting up to 10000 ms for condition
&amp#27;[38;5;32m[AndroidUiautomator2Driver@c35c (83760a3e)]&amp#27;[0m Matched '/element' to command name 'findElement'
&amp#27;[38;5;32m[AndroidUiautomator2Driver@c35c (83760a3e)]&amp#27;[0m Proxying [POST /element] to [POST http://127.0.0.1:8201/session/a4f15fa2-b955-4911-9a5c-74159e5f2769/element] with body: {"strategy":"class name","selector":"android.widget.ImageView","context":"00000000-0000-05af-ffff-ffff00000032","multiple":false}
&amp#27;[38;5;32m[AndroidUiautomator2Driver@c35c (83760a3e)]&amp#27;[0m Got response with status 200: {"sessionId":"a4f15fa2-b955-4911-9a5c-74159e5f2769","value":{"ELEMENT":"00000000-0000-05af-ffff-ffff00000034","element-6066-11e4-a52e-4f735466cecf":"00000000-0000-05af-ffff-ffff00000034"}}
&amp#27;[38;5;32m[AndroidUiautomator2Driver@c35c (83760a3e)]&amp#27;[0m Responding to client with driver.findElementFromElement() result: {"element-6066-11e4-a52e-4f735466cecf":"00000000-0000-05af-ffff-ffff00000034","ELEMENT":"00000000-0000-05af-ffff-ffff00000034"}
&amp#27;[38;5;0m[HTTP]&amp#27;[0m &amp#27;[37m<-- POST /session/83760a3e-13d9-4f16-93c9-f76dc55a2f2d/element/00000000-0000-05af-ffff-ffff00000032/element &amp#27;[39m&amp#27;[32m200&amp#27;[39m &amp#27;[90m499 ms - 137&amp#27;[39m
&amp#27;[38;5;0m[HTTP]&amp#27;[0m &amp#27;[90m&amp#27;[39m
&amp#27;[38;5;0m[HTTP]&amp#27;[0m &amp#27;[37m-->&amp#27;[39m &amp#27;[37mPOST&amp#27;[39m &amp#27;[37m/session/83760a3e-13d9-4f16-93c9-f76dc55a2f2d/element/00000000-0000-05af-ffff-ffff00000034/click&amp#27;[39m
&amp#27;[38;5;0m[HTTP]&amp#27;[0m &amp#27;[90m{"id":"00000000-0000-05af-ffff-ffff00000034"}&amp#27;[39m
&amp#27;[38;5;32m[AndroidUiautomator2Driver@c35c (83760a3e)]&amp#27;[0m Calling AppiumDriver.click() with args: ["00000000-0000-05af-ffff-ffff00000034","83760a3e-13d9-4f16-93c9-f76dc55a2f2d"]
&amp#27;[38;5;32m[AndroidUiautomator2Driver@c35c (83760a3e)]&amp#27;[0m Matched '/element/00000000-0000-05af-ffff-ffff00000034/click' to command name 'click'
&amp#27;[38;5;32m[AndroidUiautomator2Driver@c35c (83760a3e)]&amp#27;[0m Proxying [POST /element/00000000-0000-05af-ffff-ffff00000034/click] to [POST http://127.0.0.1:8201/session/a4f15fa2-b955-4911-9a5c-74159e5f2769/element/00000000-0000-05af-ffff-ffff00000034/click] with body: {"element":"00000000-0000-05af-ffff-ffff00000034"}
&amp#27;[38;5;32m[AndroidUiautomator2Driver@c35c (83760a3e)]&amp#27;[0m Got response with status 200: {"sessionId":"a4f15fa2-b955-4911-9a5c-74159e5f2769","value":null}
&amp#27;[38;5;32m[AndroidUiautomator2Driver@c35c (83760a3e)]&amp#27;[0m Responding to client with driver.click() result: null
&amp#27;[38;5;0m[HTTP]&amp#27;[0m &amp#27;[37m<-- POST /session/83760a3e-13d9-4f16-93c9-f76dc55a2f2d/element/00000000-0000-05af-ffff-ffff00000034/click &amp#27;[39m&amp#27;[32m200&amp#27;[39m &amp#27;[90m79 ms - 14&amp#27;[39m
&amp#27;[38;5;0m[HTTP]&amp#27;[0m &amp#27;[90m&amp#27;[39m
&amp#27;[38;5;0m[HTTP]&amp#27;[0m &amp#27;[37m-->&amp#27;[39m &amp#27;[37mGET&amp#27;[39m &amp#27;[37m/session/83760a3e-13d9-4f16-93c9-f76dc55a2f2d/context&amp#27;[39m
&amp#27;[38;5;0m[HTTP]&amp#27;[0m &amp#27;[90m{}&amp#27;[39m
&amp#27;[38;5;32m[AndroidUiautomator2Driver@c35c (83760a3e)]&amp#27;[0m Calling AppiumDriver.getCurrentContext() with args: ["83760a3e-13d9-4f16-93c9-f76dc55a2f2d"]
&amp#27;[38;5;32m[AndroidUiautomator2Driver@c35c (83760a3e)]&amp#27;[0m Responding to client with driver.getCurrentContext() result: "NATIVE_APP"
&amp#27;[38;5;0m[HTTP]&amp#27;[0m &amp#27;[37m<-- GET /session/83760a3e-13d9-4f16-93c9-f76dc55a2f2d/context &amp#27;[39m&amp#27;[32m200&amp#27;[39m &amp#27;[90m1 ms - 22&amp#27;[39m
&amp#27;[38;5;0m[HTTP]&amp#27;[0m &amp#27;[90m&amp#27;[39m
&amp#27;[38;5;0m[HTTP]&amp#27;[0m &amp#27;[37m-->&amp#27;[39m &amp#27;[37mPOST&amp#27;[39m &amp#27;[37m/session/83760a3e-13d9-4f16-93c9-f76dc55a2f2d/element&amp#27;[39m
&amp#27;[38;5;0m[HTTP]&amp#27;[0m &amp#27;[90m{"using":"accessibility id","value":"Add To Cart button"}&amp#27;[39m
&amp#27;[38;5;32m[AndroidUiautomator2Driver@c35c (83760a3e)]&amp#27;[0m Calling AppiumDriver.findElement() with args: ["accessibility id","Add To Cart button","83760a3e-13d9-4f16-93c9-f76dc55a2f2d"]
&amp#27;[38;5;32m[AndroidUiautomator2Driver@c35c (83760a3e)]&amp#27;[0m Valid locator strategies for this request: xpath, id, class name, accessibility id, css selector, -android uiautomator
&amp#27;[38;5;32m[AndroidUiautomator2Driver@c35c (83760a3e)]&amp#27;[0m Waiting up to 10000 ms for condition
&amp#27;[38;5;32m[AndroidUiautomator2Driver@c35c (83760a3e)]&amp#27;[0m Matched '/element' to command name 'findElement'
&amp#27;[38;5;32m[AndroidUiautomator2Driver@c35c (83760a3e)]&amp#27;[0m Proxying [POST /element] to [POST http://127.0.0.1:8201/session/a4f15fa2-b955-4911-9a5c-74159e5f2769/element] with body: {"strategy":"accessibility id","selector":"Add To Cart button","context":"","multiple":false}
&amp#27;[38;5;32m[AndroidUiautomator2Driver@c35c (83760a3e)]&amp#27;[0m Got response with status 200: {"sessionId":"a4f15fa2-b955-4911-9a5c-74159e5f2769","value":{"ELEMENT":"00000000-0000-05af-ffff-ffff0000015c","element-6066-11e4-a52e-4f735466cecf":"00000000-0000-05af-ffff-ffff0000015c"}}
&amp#27;[38;5;32m[AndroidUiautomator2Driver@c35c (83760a3e)]&amp#27;[0m Responding to client with driver.findElement() result: {"element-6066-11e4-a52e-4f735466cecf":"00000000-0000-05af-ffff-ffff0000015c","ELEMENT":"00000000-0000-05af-ffff-ffff0000015c"}
&amp#27;[38;5;0m[HTTP]&amp#27;[0m &amp#27;[37m<-- POST /session/83760a3e-13d9-4f16-93c9-f76dc55a2f2d/element &amp#27;[39m&amp#27;[32m200&amp#27;[39m &amp#27;[90m979 ms - 137&amp#27;[39m
&amp#27;[38;5;0m[HTTP]&amp#27;[0m &amp#27;[90m&amp#27;[39m
&amp#27;[38;5;0m[HTTP]&amp#27;[0m &amp#27;[37m-->&amp#27;[39m &amp#27;[37mPOST&amp#27;[39m &amp#27;[37m/session/83760a3e-13d9-4f16-93c9-f76dc55a2f2d/element/00000000-0000-05af-ffff-ffff0000015c/click&amp#27;[39m
&amp#27;[38;5;0m[HTTP]&amp#27;[0m &amp#27;[90m{"id":"00000000-0000-05af-ffff-ffff0000015c"}&amp#27;[39m
&amp#27;[38;5;32m[AndroidUiautomator2Driver@c35c (83760a3e)]&amp#27;[0m Calling AppiumDriver.click() with args: ["00000000-0000-05af-ffff-ffff0000015c","83760a3e-13d9-4f16-93c9-f76dc55a2f2d"]
&amp#27;[38;5;32m[AndroidUiautomator2Driver@c35c (83760a3e)]&amp#27;[0m Matched '/element/00000000-0000-05af-ffff-ffff0000015c/click' to command name 'click'
&amp#27;[38;5;32m[AndroidUiautomator2Driver@c35c (83760a3e)]&amp#27;[0m Proxying [POST /element/00000000-0000-05af-ffff-ffff0000015c/click] to [POST http://127.0.0.1:8201/session/a4f15fa2-b955-4911-9a5c-74159e5f2769/element/00000000-0000-05af-ffff-ffff0000015c/click] with body: {"element":"00000000-0000-05af-ffff-ffff0000015c"}
&amp#27;[38;5;32m[AndroidUiautomator2Driver@c35c (83760a3e)]&amp#27;[0m Got response with status 200: {"sessionId":"a4f15fa2-b955-4911-9a5c-74159e5f2769","value":null}
&amp#27;[38;5;32m[AndroidUiautomator2Driver@c35c (83760a3e)]&amp#27;[0m Responding to client with driver.click() result: null
&amp#27;[38;5;0m[HTTP]&amp#27;[0m &amp#27;[37m<-- POST /session/83760a3e-13d9-4f16-93c9-f76dc55a2f2d/element/00000000-0000-05af-ffff-ffff0000015c/click &amp#27;[39m&amp#27;[32m200&amp#27;[39m &amp#27;[90m107 ms - 14&amp#27;[39m
&amp#27;[38;5;0m[HTTP]&amp#27;[0m &amp#27;[90m&amp#27;[39m
&amp#27;[38;5;0m[HTTP]&amp#27;[0m &amp#27;[37m-->&amp#27;[39m &amp#27;[37mGET&amp#27;[39m &amp#27;[37m/session/83760a3e-13d9-4f16-93c9-f76dc55a2f2d/context&amp#27;[39m
&amp#27;[38;5;0m[HTTP]&amp#27;[0m &amp#27;[90m{}&amp#27;[39m
&amp#27;[38;5;32m[AndroidUiautomator2Driver@c35c (83760a3e)]&amp#27;[0m Calling AppiumDriver.getCurrentContext() with args: ["83760a3e-13d9-4f16-93c9-f76dc55a2f2d"]
&amp#27;[38;5;32m[AndroidUiautomator2Driver@c35c (83760a3e)]&amp#27;[0m Responding to client with driver.getCurrentContext() result: "NATIVE_APP"
&amp#27;[38;5;0m[HTTP]&amp#27;[0m &amp#27;[37m<-- GET /session/83760a3e-13d9-4f16-93c9-f76dc55a2f2d/context &amp#27;[39m&amp#27;[32m200&amp#27;[39m &amp#27;[90m1 ms - 22&amp#27;[39m
&amp#27;[38;5;0m[HTTP]&amp#27;[0m &amp#27;[90m&amp#27;[39m
&amp#27;[38;5;0m[HTTP]&amp#27;[0m &amp#27;[37m-->&amp#27;[39m &amp#27;[37mPOST&amp#27;[39m &amp#27;[37m/session/83760a3e-13d9-4f16-93c9-f76dc55a2f2d/element&amp#27;[39m
&amp#27;[38;5;0m[HTTP]&amp#27;[0m &amp#27;[90m{"using":"xpath","value":"//android.view.ViewGroup[@content-desc='cart badge']/android.widget.TextView"}&amp#27;[39m
&amp#27;[38;5;32m[AndroidUiautomator2Driver@c35c (83760a3e)]&amp#27;[0m Calling AppiumDriver.findElement() with args: ["xpath","//android.view.ViewGroup[@content-desc='cart badge']/android.widget.TextView","83760a3e-13d9-4f16-93c9-f76dc55a2f2d"]
&amp#27;[38;5;32m[AndroidUiautomator2Driver@c35c (83760a3e)]&amp#27;[0m Valid locator strategies for this request: xpath, id, class name, accessibility id, css selector, -android uiautomator
&amp#27;[38;5;32m[AndroidUiautomator2Driver@c35c (83760a3e)]&amp#27;[0m Waiting up to 10000 ms for condition
&amp#27;[38;5;32m[AndroidUiautomator2Driver@c35c (83760a3e)]&amp#27;[0m Matched '/element' to command name 'findElement'
&amp#27;[38;5;32m[AndroidUiautomator2Driver@c35c (83760a3e)]&amp#27;[0m Proxying [POST /element] to [POST http://127.0.0.1:8201/session/a4f15fa2-b955-4911-9a5c-74159e5f2769/element] with body: {"strategy":"xpath","selector":"//android.view.ViewGroup[@content-desc='cart badge']/android.widget.TextView","context":"","multiple":false}
&amp#27;[38;5;32m[AndroidUiautomator2Driver@c35c (83760a3e)]&amp#27;[0m Got response with status 200: {"sessionId":"a4f15fa2-b955-4911-9a5c-74159e5f2769","value":{"ELEMENT":"00000000-0000-05af-ffff-ffff00000169","element-6066-11e4-a52e-4f735466cecf":"00000000-0000-05af-ffff-ffff00000169"}}
&amp#27;[38;5;32m[AndroidUiautomator2Driver@c35c (83760a3e)]&amp#27;[0m Responding to client with driver.findElement() result: {"element-6066-11e4-a52e-4f735466cecf":"00000000-0000-05af-ffff-ffff00000169","ELEMENT":"00000000-0000-05af-ffff-ffff00000169"}
&amp#27;[38;5;0m[HTTP]&amp#27;[0m &amp#27;[37m<-- POST /session/83760a3e-13d9-4f16-93c9-f76dc55a2f2d/element &amp#27;[39m&amp#27;[32m200&amp#27;[39m &amp#27;[90m861 ms - 137&amp#27;[39m
&amp#27;[38;5;0m[HTTP]&amp#27;[0m &amp#27;[90m&amp#27;[39m
&amp#27;[38;5;0m[HTTP]&amp#27;[0m &amp#27;[37m-->&amp#27;[39m &amp#27;[37mGET&amp#27;[39m &amp#27;[37m/session/83760a3e-13d9-4f16-93c9-f76dc55a2f2d/element/00000000-0000-05af-ffff-ffff00000169/displayed&amp#27;[39m
&amp#27;[38;5;0m[HTTP]&amp#27;[0m &amp#27;[90m{}&amp#27;[39m
&amp#27;[38;5;32m[AndroidUiautomator2Driver@c35c (83760a3e)]&amp#27;[0m Calling AppiumDriver.elementDisplayed() with args: ["00000000-0000-05af-ffff-ffff00000169","83760a3e-13d9-4f16-93c9-f76dc55a2f2d"]
&amp#27;[38;5;32m[AndroidUiautomator2Driver@c35c (83760a3e)]&amp#27;[0m Matched '/element/00000000-0000-05af-ffff-ffff00000169/attribute/displayed' to command name 'getAttribute'
&amp#27;[38;5;32m[AndroidUiautomator2Driver@c35c (83760a3e)]&amp#27;[0m Proxying [GET /element/00000000-0000-05af-ffff-ffff00000169/attribute/displayed] to [GET http://127.0.0.1:8201/session/a4f15fa2-b955-4911-9a5c-74159e5f2769/element/00000000-0000-05af-ffff-ffff00000169/attribute/displayed] with no body
&amp#27;[38;5;32m[AndroidUiautomator2Driver@c35c (83760a3e)]&amp#27;[0m Got response with status 200: {"sessionId":"a4f15fa2-b955-4911-9a5c-74159e5f2769","value":"true"}
&amp#27;[38;5;32m[AndroidUiautomator2Driver@c35c (83760a3e)]&amp#27;[0m Responding to client with driver.elementDisplayed() result: true
&amp#27;[38;5;0m[HTTP]&amp#27;[0m &amp#27;[37m<-- GET /session/83760a3e-13d9-4f16-93c9-f76dc55a2f2d/element/00000000-0000-05af-ffff-ffff00000169/displayed &amp#27;[39m&amp#27;[32m200&amp#27;[39m &amp#27;[90m33 ms - 14&amp#27;[39m
&amp#27;[38;5;0m[HTTP]&amp#27;[0m &amp#27;[90m&amp#27;[39m
&amp#27;[38;5;0m[HTTP]&amp#27;[0m &amp#27;[37m-->&amp#27;[39m &amp#27;[37mGET&amp#27;[39m &amp#27;[37m/session/83760a3e-13d9-4f16-93c9-f76dc55a2f2d/context&amp#27;[39m
&amp#27;[38;5;0m[HTTP]&amp#27;[0m &amp#27;[90m{}&amp#27;[39m
&amp#27;[38;5;32m[AndroidUiautomator2Driver@c35c (83760a3e)]&amp#27;[0m Calling AppiumDriver.getCurrentContext() with args: ["83760a3e-13d9-4f16-93c9-f76dc55a2f2d"]
&amp#27;[38;5;32m[AndroidUiautomator2Driver@c35c (83760a3e)]&amp#27;[0m Responding to client with driver.getCurrentContext() result: "NATIVE_APP"
&amp#27;[38;5;0m[HTTP]&amp#27;[0m &amp#27;[37m<-- GET /session/83760a3e-13d9-4f16-93c9-f76dc55a2f2d/context &amp#27;[39m&amp#27;[32m200&amp#27;[39m &amp#27;[90m1 ms - 22&amp#27;[39m
&amp#27;[38;5;0m[HTTP]&amp#27;[0m &amp#27;[90m&amp#27;[39m
&amp#27;[38;5;0m[HTTP]&amp#27;[0m &amp#27;[37m-->&amp#27;[39m &amp#27;[37mPOST&amp#27;[39m &amp#27;[37m/session/83760a3e-13d9-4f16-93c9-f76dc55a2f2d/element&amp#27;[39m
&amp#27;[38;5;0m[HTTP]&amp#27;[0m &amp#27;[90m{"using":"xpath","value":"//android.view.ViewGroup[@content-desc='cart badge']/android.widget.TextView"}&amp#27;[39m
&amp#27;[38;5;32m[AndroidUiautomator2Driver@c35c (83760a3e)]&amp#27;[0m Calling AppiumDriver.findElement() with args: ["xpath","//android.view.ViewGroup[@content-desc='cart badge']/android.widget.TextView","83760a3e-13d9-4f16-93c9-f76dc55a2f2d"]
&amp#27;[38;5;32m[AndroidUiautomator2Driver@c35c (83760a3e)]&amp#27;[0m Valid locator strategies for this request: xpath, id, class name, accessibility id, css selector, -android uiautomator
&amp#27;[38;5;32m[AndroidUiautomator2Driver@c35c (83760a3e)]&amp#27;[0m Waiting up to 10000 ms for condition
&amp#27;[38;5;32m[AndroidUiautomator2Driver@c35c (83760a3e)]&amp#27;[0m Matched '/element' to command name 'findElement'
&amp#27;[38;5;32m[AndroidUiautomator2Driver@c35c (83760a3e)]&amp#27;[0m Proxying [POST /element] to [POST http://127.0.0.1:8201/session/a4f15fa2-b955-4911-9a5c-74159e5f2769/element] with body: {"strategy":"xpath","selector":"//android.view.ViewGroup[@content-desc='cart badge']/android.widget.TextView","context":"","multiple":false}
&amp#27;[38;5;32m[AndroidUiautomator2Driver@c35c (83760a3e)]&amp#27;[0m Got response with status 200: {"sessionId":"a4f15fa2-b955-4911-9a5c-74159e5f2769","value":{"ELEMENT":"00000000-0000-05af-ffff-ffff00000169","element-6066-11e4-a52e-4f735466cecf":"00000000-0000-05af-ffff-ffff00000169"}}
&amp#27;[38;5;32m[AndroidUiautomator2Driver@c35c (83760a3e)]&amp#27;[0m Responding to client with driver.findElement() result: {"element-6066-11e4-a52e-4f735466cecf":"00000000-0000-05af-ffff-ffff00000169","ELEMENT":"00000000-0000-05af-ffff-ffff00000169"}
&amp#27;[38;5;0m[HTTP]&amp#27;[0m &amp#27;[37m<-- POST /session/83760a3e-13d9-4f16-93c9-f76dc55a2f2d/element &amp#27;[39m&amp#27;[32m200&amp#27;[39m &amp#27;[90m473 ms - 137&amp#27;[39m
&amp#27;[38;5;0m[HTTP]&amp#27;[0m &amp#27;[90m&amp#27;[39m
&amp#27;[38;5;0m[HTTP]&amp#27;[0m &amp#27;[37m-->&amp#27;[39m &amp#27;[37mGET&amp#27;[39m &amp#27;[37m/session/83760a3e-13d9-4f16-93c9-f76dc55a2f2d/element/00000000-0000-05af-ffff-ffff00000169/text&amp#27;[39m
&amp#27;[38;5;0m[HTTP]&amp#27;[0m &amp#27;[90m{}&amp#27;[39m
&amp#27;[38;5;32m[AndroidUiautomator2Driver@c35c (83760a3e)]&amp#27;[0m Driver proxy active, passing request on via HTTP proxy
&amp#27;[38;5;32m[AndroidUiautomator2Driver@c35c (83760a3e)]&amp#27;[0m Matched '/session/83760a3e-13d9-4f16-93c9-f76dc55a2f2d/element/00000000-0000-05af-ffff-ffff00000169/text' to command name 'getText'
&amp#27;[38;5;32m[AndroidUiautomator2Driver@c35c (83760a3e)]&amp#27;[0m Proxying [GET /session/83760a3e-13d9-4f16-93c9-f76dc55a2f2d/element/00000000-0000-05af-ffff-ffff00000169/text] to [GET http://127.0.0.1:8201/session/a4f15fa2-b955-4911-9a5c-74159e5f2769/element/00000000-0000-05af-ffff-ffff00000169/text] with no body
&amp#27;[38;5;32m[AndroidUiautomator2Driver@c35c (83760a3e)]&amp#27;[0m Got response with status 200: {"sessionId":"a4f15fa2-b955-4911-9a5c-74159e5f2769","value":"1"}
&amp#27;[38;5;32m[AndroidUiautomator2Driver@c35c (83760a3e)]&amp#27;[0m Replacing sessionId a4f15fa2-b955-4911-9a5c-74159e5f2769 with 83760a3e-13d9-4f16-93c9-f76dc55a2f2d
&amp#27;[38;5;0m[HTTP]&amp#27;[0m &amp#27;[37m<-- GET /session/83760a3e-13d9-4f16-93c9-f76dc55a2f2d/element/00000000-0000-05af-ffff-ffff00000169/text &amp#27;[39m&amp#27;[32m200&amp#27;[39m &amp#27;[90m140 ms - 64&amp#27;[39m
&amp#27;[38;5;0m[HTTP]&amp#27;[0m &amp#27;[90m&amp#27;[39m
&amp#27;[38;5;0m[HTTP]&amp#27;[0m &amp#27;[37m-->&amp#27;[39m &amp#27;[37mGET&amp#27;[39m &amp#27;[37m/session/83760a3e-13d9-4f16-93c9-f76dc55a2f2d/context&amp#27;[39m
&amp#27;[38;5;0m[HTTP]&amp#27;[0m &amp#27;[90m{}&amp#27;[39m
&amp#27;[38;5;32m[AndroidUiautomator2Driver@c35c (83760a3e)]&amp#27;[0m Calling AppiumDriver.getCurrentContext() with args: ["83760a3e-13d9-4f16-93c9-f76dc55a2f2d"]
&amp#27;[38;5;32m[AndroidUiautomator2Driver@c35c (83760a3e)]&amp#27;[0m Responding to client with driver.getCurrentContext() result: "NATIVE_APP"
&amp#27;[38;5;0m[HTTP]&amp#27;[0m &amp#27;[37m<-- GET /session/83760a3e-13d9-4f16-93c9-f76dc55a2f2d/context &amp#27;[39m&amp#27;[32m200&amp#27;[39m &amp#27;[90m1 ms - 22&amp#27;[39m
&amp#27;[38;5;0m[HTTP]&amp#27;[0m &amp#27;[90m&amp#27;[39m
&amp#27;[38;5;0m[HTTP]&amp#27;[0m &amp#27;[37m-->&amp#27;[39m &amp#27;[37mPOST&amp#27;[39m &amp#27;[37m/session/83760a3e-13d9-4f16-93c9-f76dc55a2f2d/element&amp#27;[39m
&amp#27;[38;5;0m[HTTP]&amp#27;[0m &amp#27;[90m{"using":"accessibility id","value":"open menu"}&amp#27;[39m
&amp#27;[38;5;32m[AndroidUiautomator2Driver@c35c (83760a3e)]&amp#27;[0m Calling AppiumDriver.findElement() with args: ["accessibility id","open menu","83760a3e-13d9-4f16-93c9-f76dc55a2f2d"]
&amp#27;[38;5;32m[AndroidUiautomator2Driver@c35c (83760a3e)]&amp#27;[0m Valid locator strategies for this request: xpath, id, class name, accessibility id, css selector, -android uiautomator
&amp#27;[38;5;32m[AndroidUiautomator2Driver@c35c (83760a3e)]&amp#27;[0m Waiting up to 10000 ms for condition
&amp#27;[38;5;32m[AndroidUiautomator2Driver@c35c (83760a3e)]&amp#27;[0m Matched '/element' to command name 'findElement'
&amp#27;[38;5;32m[AndroidUiautomator2Driver@c35c (83760a3e)]&amp#27;[0m Proxying [POST /element] to [POST http://127.0.0.1:8201/session/a4f15fa2-b955-4911-9a5c-74159e5f2769/element] with body: {"strategy":"accessibility id","selector":"open menu","context":"","multiple":false}
&amp#27;[38;5;32m[AndroidUiautomator2Driver@c35c (83760a3e)]&amp#27;[0m Got response with status 200: {"sessionId":"a4f15fa2-b955-4911-9a5c-74159e5f2769","value":{"ELEMENT":"00000000-0000-05af-ffff-ffff00000163","element-6066-11e4-a52e-4f735466cecf":"00000000-0000-05af-ffff-ffff00000163"}}
&amp#27;[38;5;32m[AndroidUiautomator2Driver@c35c (83760a3e)]&amp#27;[0m Responding to client with driver.findElement() result: {"element-6066-11e4-a52e-4f735466cecf":"00000000-0000-05af-ffff-ffff00000163","ELEMENT":"00000000-0000-05af-ffff-ffff00000163"}
&amp#27;[38;5;0m[HTTP]&amp#27;[0m &amp#27;[37m<-- POST /session/83760a3e-13d9-4f16-93c9-f76dc55a2f2d/element &amp#27;[39m&amp#27;[32m200&amp#27;[39m &amp#27;[90m126 ms - 137&amp#27;[39m
&amp#27;[38;5;0m[HTTP]&amp#27;[0m &amp#27;[90m&amp#27;[39m
&amp#27;[38;5;0m[HTTP]&amp#27;[0m &amp#27;[37m-->&amp#27;[39m &amp#27;[37mGET&amp#27;[39m &amp#27;[37m/session/83760a3e-13d9-4f16-93c9-f76dc55a2f2d/element/00000000-0000-05af-ffff-ffff00000163/displayed&amp#27;[39m
&amp#27;[38;5;0m[HTTP]&amp#27;[0m &amp#27;[90m{}&amp#27;[39m
&amp#27;[38;5;32m[AndroidUiautomator2Driver@c35c (83760a3e)]&amp#27;[0m Calling AppiumDriver.elementDisplayed() with args: ["00000000-0000-05af-ffff-ffff00000163","83760a3e-13d9-4f16-93c9-f76dc55a2f2d"]
&amp#27;[38;5;32m[AndroidUiautomator2Driver@c35c (83760a3e)]&amp#27;[0m Matched '/element/00000000-0000-05af-ffff-ffff00000163/attribute/displayed' to command name 'getAttribute'
&amp#27;[38;5;32m[AndroidUiautomator2Driver@c35c (83760a3e)]&amp#27;[0m Proxying [GET /element/00000000-0000-05af-ffff-ffff00000163/attribute/displayed] to [GET http://127.0.0.1:8201/session/a4f15fa2-b955-4911-9a5c-74159e5f2769/element/00000000-0000-05af-ffff-ffff00000163/attribute/displayed] with no body
&amp#27;[38;5;32m[AndroidUiautomator2Driver@c35c (83760a3e)]&amp#27;[0m Got response with status 200: {"sessionId":"a4f15fa2-b955-4911-9a5c-74159e5f2769","value":"true"}
&amp#27;[38;5;32m[AndroidUiautomator2Driver@c35c (83760a3e)]&amp#27;[0m Responding to client with driver.elementDisplayed() result: true
&amp#27;[38;5;0m[HTTP]&amp#27;[0m &amp#27;[37m<-- GET /session/83760a3e-13d9-4f16-93c9-f76dc55a2f2d/element/00000000-0000-05af-ffff-ffff00000163/displayed &amp#27;[39m&amp#27;[32m200&amp#27;[39m &amp#27;[90m26 ms - 14&amp#27;[39m
&amp#27;[38;5;0m[HTTP]&amp#27;[0m &amp#27;[90m&amp#27;[39m
&amp#27;[38;5;0m[HTTP]&amp#27;[0m &amp#27;[37m-->&amp#27;[39m &amp#27;[37mGET&amp#27;[39m &amp#27;[37m/session/83760a3e-13d9-4f16-93c9-f76dc55a2f2d/context&amp#27;[39m
&amp#27;[38;5;0m[HTTP]&amp#27;[0m &amp#27;[90m{}&amp#27;[39m
&amp#27;[38;5;32m[AndroidUiautomator2Driver@c35c (83760a3e)]&amp#27;[0m Calling AppiumDriver.getCurrentContext() with args: ["83760a3e-13d9-4f16-93c9-f76dc55a2f2d"]
&amp#27;[38;5;32m[AndroidUiautomator2Driver@c35c (83760a3e)]&amp#27;[0m Responding to client with driver.getCurrentContext() result: "NATIVE_APP"
&amp#27;[38;5;0m[HTTP]&amp#27;[0m &amp#27;[37m<-- GET /session/83760a3e-13d9-4f16-93c9-f76dc55a2f2d/context &amp#27;[39m&amp#27;[32m200&amp#27;[39m &amp#27;[90m1 ms - 22&amp#27;[39m
&amp#27;[38;5;0m[HTTP]&amp#27;[0m &amp#27;[90m&amp#27;[39m
&amp#27;[38;5;0m[HTTP]&amp#27;[0m &amp#27;[37m-->&amp#27;[39m &amp#27;[37mPOST&amp#27;[39m &amp#27;[37m/session/83760a3e-13d9-4f16-93c9-f76dc55a2f2d/element&amp#27;[39m
&amp#27;[38;5;0m[HTTP]&amp#27;[0m &amp#27;[90m{"using":"accessibility id","value":"open menu"}&amp#27;[39m
&amp#27;[38;5;32m[AndroidUiautomator2Driver@c35c (83760a3e)]&amp#27;[0m Calling AppiumDriver.findElement() with args: ["accessibility id","open menu","83760a3e-13d9-4f16-93c9-f76dc55a2f2d"]
&amp#27;[38;5;32m[AndroidUiautomator2Driver@c35c (83760a3e)]&amp#27;[0m Valid locator strategies for this request: xpath, id, class name, accessibility id, css selector, -android uiautomator
&amp#27;[38;5;32m[AndroidUiautomator2Driver@c35c (83760a3e)]&amp#27;[0m Waiting up to 10000 ms for condition
&amp#27;[38;5;32m[AndroidUiautomator2Driver@c35c (83760a3e)]&amp#27;[0m Matched '/element' to command name 'findElement'
&amp#27;[38;5;32m[AndroidUiautomator2Driver@c35c (83760a3e)]&amp#27;[0m Proxying [POST /element] to [POST http://127.0.0.1:8201/session/a4f15fa2-b955-4911-9a5c-74159e5f2769/element] with body: {"strategy":"accessibility id","selector":"open menu","context":"","multiple":false}
&amp#27;[38;5;32m[AndroidUiautomator2Driver@c35c (83760a3e)]&amp#27;[0m Got response with status 200: {"sessionId":"a4f15fa2-b955-4911-9a5c-74159e5f2769","value":{"ELEMENT":"00000000-0000-05af-ffff-ffff00000163","element-6066-11e4-a52e-4f735466cecf":"00000000-0000-05af-ffff-ffff00000163"}}
&amp#27;[38;5;32m[AndroidUiautomator2Driver@c35c (83760a3e)]&amp#27;[0m Responding to client with driver.findElement() result: {"element-6066-11e4-a52e-4f735466cecf":"00000000-0000-05af-ffff-ffff00000163","ELEMENT":"00000000-0000-05af-ffff-ffff00000163"}
&amp#27;[38;5;0m[HTTP]&amp#27;[0m &amp#27;[37m<-- POST /session/83760a3e-13d9-4f16-93c9-f76dc55a2f2d/element &amp#27;[39m&amp#27;[32m200&amp#27;[39m &amp#27;[90m111 ms - 137&amp#27;[39m
&amp#27;[38;5;0m[HTTP]&amp#27;[0m &amp#27;[90m&amp#27;[39m
&amp#27;[38;5;0m[HTTP]&amp#27;[0m &amp#27;[37m-->&amp#27;[39m &amp#27;[37mGET&amp#27;[39m &amp#27;[37m/session/83760a3e-13d9-4f16-93c9-f76dc55a2f2d/element/00000000-0000-05af-ffff-ffff00000163/enabled&amp#27;[39m
&amp#27;[38;5;0m[HTTP]&amp#27;[0m &amp#27;[90m{}&amp#27;[39m
&amp#27;[38;5;32m[AndroidUiautomator2Driver@c35c (83760a3e)]&amp#27;[0m Calling AppiumDriver.elementEnabled() with args: ["00000000-0000-05af-ffff-ffff00000163","83760a3e-13d9-4f16-93c9-f76dc55a2f2d"]
&amp#27;[38;5;32m[AndroidUiautomator2Driver@c35c (83760a3e)]&amp#27;[0m Matched '/element/00000000-0000-05af-ffff-ffff00000163/attribute/enabled' to command name 'getAttribute'
&amp#27;[38;5;32m[AndroidUiautomator2Driver@c35c (83760a3e)]&amp#27;[0m Proxying [GET /element/00000000-0000-05af-ffff-ffff00000163/attribute/enabled] to [GET http://127.0.0.1:8201/session/a4f15fa2-b955-4911-9a5c-74159e5f2769/element/00000000-0000-05af-ffff-ffff00000163/attribute/enabled] with no body
&amp#27;[38;5;32m[AndroidUiautomator2Driver@c35c (83760a3e)]&amp#27;[0m Got response with status 200: {"sessionId":"a4f15fa2-b955-4911-9a5c-74159e5f2769","value":"true"}
&amp#27;[38;5;32m[AndroidUiautomator2Driver@c35c (83760a3e)]&amp#27;[0m Responding to client with driver.elementEnabled() result: true
&amp#27;[38;5;0m[HTTP]&amp#27;[0m &amp#27;[37m<-- GET /session/83760a3e-13d9-4f16-93c9-f76dc55a2f2d/element/00000000-0000-05af-ffff-ffff00000163/enabled &amp#27;[39m&amp#27;[32m200&amp#27;[39m &amp#27;[90m29 ms - 14&amp#27;[39m
&amp#27;[38;5;0m[HTTP]&amp#27;[0m &amp#27;[90m&amp#27;[39m
&amp#27;[38;5;0m[HTTP]&amp#27;[0m &amp#27;[37m-->&amp#27;[39m &amp#27;[37mGET&amp#27;[39m &amp#27;[37m/session/83760a3e-13d9-4f16-93c9-f76dc55a2f2d/context&amp#27;[39m
&amp#27;[38;5;0m[HTTP]&amp#27;[0m &amp#27;[90m{}&amp#27;[39m
&amp#27;[38;5;32m[AndroidUiautomator2Driver@c35c (83760a3e)]&amp#27;[0m Calling AppiumDriver.getCurrentContext() with args: ["83760a3e-13d9-4f16-93c9-f76dc55a2f2d"]
&amp#27;[38;5;32m[AndroidUiautomator2Driver@c35c (83760a3e)]&amp#27;[0m Responding to client with driver.getCurrentContext() result: "NATIVE_APP"
&amp#27;[38;5;0m[HTTP]&amp#27;[0m &amp#27;[37m<-- GET /session/83760a3e-13d9-4f16-93c9-f76dc55a2f2d/context &amp#27;[39m&amp#27;[32m200&amp#27;[39m &amp#27;[90m1 ms - 22&amp#27;[39m
&amp#27;[38;5;0m[HTTP]&amp#27;[0m &amp#27;[90m&amp#27;[39m
&amp#27;[38;5;0m[HTTP]&amp#27;[0m &amp#27;[37m-->&amp#27;[39m &amp#27;[37mPOST&amp#27;[39m &amp#27;[37m/session/83760a3e-13d9-4f16-93c9-f76dc55a2f2d/element&amp#27;[39m
&amp#27;[38;5;0m[HTTP]&amp#27;[0m &amp#27;[90m{"using":"accessibility id","value":"open menu"}&amp#27;[39m
&amp#27;[38;5;32m[AndroidUiautomator2Driver@c35c (83760a3e)]&amp#27;[0m Calling AppiumDriver.findElement() with args: ["accessibility id","open menu","83760a3e-13d9-4f16-93c9-f76dc55a2f2d"]
&amp#27;[38;5;32m[AndroidUiautomator2Driver@c35c (83760a3e)]&amp#27;[0m Valid locator strategies for this request: xpath, id, class name, accessibility id, css selector, -android uiautomator
&amp#27;[38;5;32m[AndroidUiautomator2Driver@c35c (83760a3e)]&amp#27;[0m Waiting up to 10000 ms for condition
&amp#27;[38;5;32m[AndroidUiautomator2Driver@c35c (83760a3e)]&amp#27;[0m Matched '/element' to command name 'findElement'
&amp#27;[38;5;32m[AndroidUiautomator2Driver@c35c (83760a3e)]&amp#27;[0m Proxying [POST /element] to [POST http://127.0.0.1:8201/session/a4f15fa2-b955-4911-9a5c-74159e5f2769/element] with body: {"strategy":"accessibility id","selector":"open menu","context":"","multiple":false}
&amp#27;[38;5;32m[AndroidUiautomator2Driver@c35c (83760a3e)]&amp#27;[0m Got response with status 200: {"sessionId":"a4f15fa2-b955-4911-9a5c-74159e5f2769","value":{"ELEMENT":"00000000-0000-05af-ffff-ffff00000163","element-6066-11e4-a52e-4f735466cecf":"00000000-0000-05af-ffff-ffff00000163"}}
&amp#27;[38;5;32m[AndroidUiautomator2Driver@c35c (83760a3e)]&amp#27;[0m Responding to client with driver.findElement() result: {"element-6066-11e4-a52e-4f735466cecf":"00000000-0000-05af-ffff-ffff00000163","ELEMENT":"00000000-0000-05af-ffff-ffff00000163"}
&amp#27;[38;5;0m[HTTP]&amp#27;[0m &amp#27;[37m<-- POST /session/83760a3e-13d9-4f16-93c9-f76dc55a2f2d/element &amp#27;[39m&amp#27;[32m200&amp#27;[39m &amp#27;[90m112 ms - 137&amp#27;[39m
&amp#27;[38;5;0m[HTTP]&amp#27;[0m &amp#27;[90m&amp#27;[39m
&amp#27;[38;5;0m[HTTP]&amp#27;[0m &amp#27;[37m-->&amp#27;[39m &amp#27;[37mPOST&amp#27;[39m &amp#27;[37m/session/83760a3e-13d9-4f16-93c9-f76dc55a2f2d/element/00000000-0000-05af-ffff-ffff00000163/click&amp#27;[39m
&amp#27;[38;5;0m[HTTP]&amp#27;[0m &amp#27;[90m{"id":"00000000-0000-05af-ffff-ffff00000163"}&amp#27;[39m
&amp#27;[38;5;32m[AndroidUiautomator2Driver@c35c (83760a3e)]&amp#27;[0m Calling AppiumDriver.click() with args: ["00000000-0000-05af-ffff-ffff00000163","83760a3e-13d9-4f16-93c9-f76dc55a2f2d"]
&amp#27;[38;5;32m[AndroidUiautomator2Driver@c35c (83760a3e)]&amp#27;[0m Matched '/element/00000000-0000-05af-ffff-ffff00000163/click' to command name 'click'
&amp#27;[38;5;32m[AndroidUiautomator2Driver@c35c (83760a3e)]&amp#27;[0m Proxying [POST /element/00000000-0000-05af-ffff-ffff00000163/click] to [POST http://127.0.0.1:8201/session/a4f15fa2-b955-4911-9a5c-74159e5f2769/element/00000000-0000-05af-ffff-ffff00000163/click] with body: {"element":"00000000-0000-05af-ffff-ffff00000163"}
&amp#27;[38;5;32m[AndroidUiautomator2Driver@c35c (83760a3e)]&amp#27;[0m Got response with status 200: {"sessionId":"a4f15fa2-b955-4911-9a5c-74159e5f2769","value":null}
&amp#27;[38;5;32m[AndroidUiautomator2Driver@c35c (83760a3e)]&amp#27;[0m Responding to client with driver.click() result: null
&amp#27;[38;5;0m[HTTP]&amp#27;[0m &amp#27;[37m<-- POST /session/83760a3e-13d9-4f16-93c9-f76dc55a2f2d/element/00000000-0000-05af-ffff-ffff00000163/click &amp#27;[39m&amp#27;[32m200&amp#27;[39m &amp#27;[90m62 ms - 14&amp#27;[39m
&amp#27;[38;5;0m[HTTP]&amp#27;[0m &amp#27;[90m&amp#27;[39m
&amp#27;[38;5;0m[HTTP]&amp#27;[0m &amp#27;[37m-->&amp#27;[39m &amp#27;[37mGET&amp#27;[39m &amp#27;[37m/session/83760a3e-13d9-4f16-93c9-f76dc55a2f2d/context&amp#27;[39m
&amp#27;[38;5;0m[HTTP]&amp#27;[0m &amp#27;[90m{}&amp#27;[39m
&amp#27;[38;5;32m[AndroidUiautomator2Driver@c35c (83760a3e)]&amp#27;[0m Calling AppiumDriver.getCurrentContext() with args: ["83760a3e-13d9-4f16-93c9-f76dc55a2f2d"]
&amp#27;[38;5;32m[AndroidUiautomator2Driver@c35c (83760a3e)]&amp#27;[0m Responding to client with driver.getCurrentContext() result: "NATIVE_APP"
&amp#27;[38;5;0m[HTTP]&amp#27;[0m &amp#27;[37m<-- GET /session/83760a3e-13d9-4f16-93c9-f76dc55a2f2d/context &amp#27;[39m&amp#27;[32m200&amp#27;[39m &amp#27;[90m1 ms - 22&amp#27;[39m
&amp#27;[38;5;0m[HTTP]&amp#27;[0m &amp#27;[90m&amp#27;[39m
&amp#27;[38;5;0m[HTTP]&amp#27;[0m &amp#27;[37m-->&amp#27;[39m &amp#27;[37mPOST&amp#27;[39m &amp#27;[37m/session/83760a3e-13d9-4f16-93c9-f76dc55a2f2d/element&amp#27;[39m
&amp#27;[38;5;0m[HTTP]&amp#27;[0m &amp#27;[90m{"using":"accessibility id","value":"menu item catalog"}&amp#27;[39m
&amp#27;[38;5;32m[AndroidUiautomator2Driver@c35c (83760a3e)]&amp#27;[0m Calling AppiumDriver.findElement() with args: ["accessibility id","menu item catalog","83760a3e-13d9-4f16-93c9-f76dc55a2f2d"]
&amp#27;[38;5;32m[AndroidUiautomator2Driver@c35c (83760a3e)]&amp#27;[0m Valid locator strategies for this request: xpath, id, class name, accessibility id, css selector, -android uiautomator
&amp#27;[38;5;32m[AndroidUiautomator2Driver@c35c (83760a3e)]&amp#27;[0m Waiting up to 10000 ms for condition
&amp#27;[38;5;32m[AndroidUiautomator2Driver@c35c (83760a3e)]&amp#27;[0m Matched '/element' to command name 'findElement'
&amp#27;[38;5;32m[AndroidUiautomator2Driver@c35c (83760a3e)]&amp#27;[0m Proxying [POST /element] to [POST http://127.0.0.1:8201/session/a4f15fa2-b955-4911-9a5c-74159e5f2769/element] with body: {"strategy":"accessibility id","selector":"menu item catalog","context":"","multiple":false}
&amp#27;[38;5;32m[AndroidUiautomator2Driver@c35c (83760a3e)]&amp#27;[0m Got response with status 200: {"sessionId":"a4f15fa2-b955-4911-9a5c-74159e5f2769","value":{"ELEMENT":"00000000-0000-05af-ffff-ffff00000090","element-6066-11e4-a52e-4f735466cecf":"00000000-0000-05af-ffff-ffff00000090"}}
&amp#27;[38;5;32m[AndroidUiautomator2Driver@c35c (83760a3e)]&amp#27;[0m Responding to client with driver.findElement() result: {"element-6066-11e4-a52e-4f735466cecf":"00000000-0000-05af-ffff-ffff00000090","ELEMENT":"00000000-0000-05af-ffff-ffff00000090"}
&amp#27;[38;5;0m[HTTP]&amp#27;[0m &amp#27;[37m<-- POST /session/83760a3e-13d9-4f16-93c9-f76dc55a2f2d/element &amp#27;[39m&amp#27;[32m200&amp#27;[39m &amp#27;[90m254 ms - 137&amp#27;[39m
&amp#27;[38;5;0m[HTTP]&amp#27;[0m &amp#27;[90m&amp#27;[39m
&amp#27;[38;5;0m[HTTP]&amp#27;[0m &amp#27;[37m-->&amp#27;[39m &amp#27;[37mPOST&amp#27;[39m &amp#27;[37m/session/83760a3e-13d9-4f16-93c9-f76dc55a2f2d/element/00000000-0000-05af-ffff-ffff00000090/click&amp#27;[39m
&amp#27;[38;5;0m[HTTP]&amp#27;[0m &amp#27;[90m{"id":"00000000-0000-05af-ffff-ffff00000090"}&amp#27;[39m
&amp#27;[38;5;32m[AndroidUiautomator2Driver@c35c (83760a3e)]&amp#27;[0m Calling AppiumDriver.click() with args: ["00000000-0000-05af-ffff-ffff00000090","83760a3e-13d9-4f16-93c9-f76dc55a2f2d"]
&amp#27;[38;5;32m[AndroidUiautomator2Driver@c35c (83760a3e)]&amp#27;[0m Matched '/element/00000000-0000-05af-ffff-ffff00000090/click' to command name 'click'
&amp#27;[38;5;32m[AndroidUiautomator2Driver@c35c (83760a3e)]&amp#27;[0m Proxying [POST /element/00000000-0000-05af-ffff-ffff00000090/click] to [POST http://127.0.0.1:8201/session/a4f15fa2-b955-4911-9a5c-74159e5f2769/element/00000000-0000-05af-ffff-ffff00000090/click] with body: {"element":"00000000-0000-05af-ffff-ffff00000090"}
&amp#27;[38;5;32m[AndroidUiautomator2Driver@c35c (83760a3e)]&amp#27;[0m Got response with status 200: {"sessionId":"a4f15fa2-b955-4911-9a5c-74159e5f2769","value":null}
&amp#27;[38;5;32m[AndroidUiautomator2Driver@c35c (83760a3e)]&amp#27;[0m Responding to client with driver.click() result: null
&amp#27;[38;5;0m[HTTP]&amp#27;[0m &amp#27;[37m<-- POST /session/83760a3e-13d9-4f16-93c9-f76dc55a2f2d/element/00000000-0000-05af-ffff-ffff00000090/click &amp#27;[39m&amp#27;[32m200&amp#27;[39m &amp#27;[90m1313 ms - 14&amp#27;[39m
&amp#27;[38;5;0m[HTTP]&amp#27;[0m &amp#27;[90m&amp#27;[39m
&amp#27;[38;5;0m[HTTP]&amp#27;[0m &amp#27;[37m-->&amp#27;[39m &amp#27;[37mGET&amp#27;[39m &amp#27;[37m/session/83760a3e-13d9-4f16-93c9-f76dc55a2f2d/context&amp#27;[39m
&amp#27;[38;5;0m[HTTP]&amp#27;[0m &amp#27;[90m{}&amp#27;[39m
&amp#27;[38;5;32m[AndroidUiautomator2Driver@c35c (83760a3e)]&amp#27;[0m Calling AppiumDriver.getCurrentContext() with args: ["83760a3e-13d9-4f16-93c9-f76dc55a2f2d"]
&amp#27;[38;5;32m[AndroidUiautomator2Driver@c35c (83760a3e)]&amp#27;[0m Responding to client with driver.getCurrentContext() result: "NATIVE_APP"
&amp#27;[38;5;0m[HTTP]&amp#27;[0m &amp#27;[37m<-- GET /session/83760a3e-13d9-4f16-93c9-f76dc55a2f2d/context &amp#27;[39m&amp#27;[32m200&amp#27;[39m &amp#27;[90m2 ms - 22&amp#27;[39m
&amp#27;[38;5;0m[HTTP]&amp#27;[0m &amp#27;[90m&amp#27;[39m
&amp#27;[38;5;0m[HTTP]&amp#27;[0m &amp#27;[37m-->&amp#27;[39m &amp#27;[37mPOST&amp#27;[39m &amp#27;[37m/session/83760a3e-13d9-4f16-93c9-f76dc55a2f2d/element&amp#27;[39m
&amp#27;[38;5;0m[HTTP]&amp#27;[0m &amp#27;[90m{"using":"accessibility id","value":"open menu"}&amp#27;[39m
&amp#27;[38;5;32m[AndroidUiautomator2Driver@c35c (83760a3e)]&amp#27;[0m Calling AppiumDriver.findElement() with args: ["accessibility id","open menu","83760a3e-13d9-4f16-93c9-f76dc55a2f2d"]
&amp#27;[38;5;32m[AndroidUiautomator2Driver@c35c (83760a3e)]&amp#27;[0m Valid locator strategies for this request: xpath, id, class name, accessibility id, css selector, -android uiautomator
&amp#27;[38;5;32m[AndroidUiautomator2Driver@c35c (83760a3e)]&amp#27;[0m Waiting up to 10000 ms for condition
&amp#27;[38;5;32m[AndroidUiautomator2Driver@c35c (83760a3e)]&amp#27;[0m Matched '/element' to command name 'findElement'
&amp#27;[38;5;32m[AndroidUiautomator2Driver@c35c (83760a3e)]&amp#27;[0m Proxying [POST /element] to [POST http://127.0.0.1:8201/session/a4f15fa2-b955-4911-9a5c-74159e5f2769/element] with body: {"strategy":"accessibility id","selector":"open menu","context":"","multiple":false}
&amp#27;[38;5;32m[AndroidUiautomator2Driver@c35c (83760a3e)]&amp#27;[0m Got response with status 200: {"sessionId":"a4f15fa2-b955-4911-9a5c-74159e5f2769","value":{"ELEMENT":"00000000-0000-05af-ffff-ffff00000022","element-6066-11e4-a52e-4f735466cecf":"00000000-0000-05af-ffff-ffff00000022"}}
&amp#27;[38;5;32m[AndroidUiautomator2Driver@c35c (83760a3e)]&amp#27;[0m Responding to client with driver.findElement() result: {"element-6066-11e4-a52e-4f735466cecf":"00000000-0000-05af-ffff-ffff00000022","ELEMENT":"00000000-0000-05af-ffff-ffff00000022"}
&amp#27;[38;5;0m[HTTP]&amp#27;[0m &amp#27;[37m<-- POST /session/83760a3e-13d9-4f16-93c9-f76dc55a2f2d/element &amp#27;[39m&amp#27;[32m200&amp#27;[39m &amp#27;[90m1267 ms - 137&amp#27;[39m
&amp#27;[38;5;0m[HTTP]&amp#27;[0m &amp#27;[90m&amp#27;[39m
&amp#27;[38;5;0m[HTTP]&amp#27;[0m &amp#27;[37m-->&amp#27;[39m &amp#27;[37mGET&amp#27;[39m &amp#27;[37m/session/83760a3e-13d9-4f16-93c9-f76dc55a2f2d/element/00000000-0000-05af-ffff-ffff00000022/displayed&amp#27;[39m
&amp#27;[38;5;0m[HTTP]&amp#27;[0m &amp#27;[90m{}&amp#27;[39m
&amp#27;[38;5;32m[AndroidUiautomator2Driver@c35c (83760a3e)]&amp#27;[0m Calling AppiumDriver.elementDisplayed() with args: ["00000000-0000-05af-ffff-ffff00000022","83760a3e-13d9-4f16-93c9-f76dc55a2f2d"]
&amp#27;[38;5;32m[AndroidUiautomator2Driver@c35c (83760a3e)]&amp#27;[0m Matched '/element/00000000-0000-05af-ffff-ffff00000022/attribute/displayed' to command name 'getAttribute'
&amp#27;[38;5;32m[AndroidUiautomator2Driver@c35c (83760a3e)]&amp#27;[0m Proxying [GET /element/00000000-0000-05af-ffff-ffff00000022/attribute/displayed] to [GET http://127.0.0.1:8201/session/a4f15fa2-b955-4911-9a5c-74159e5f2769/element/00000000-0000-05af-ffff-ffff00000022/attribute/displayed] with no body
&amp#27;[38;5;32m[AndroidUiautomator2Driver@c35c (83760a3e)]&amp#27;[0m Got response with status 200: {"sessionId":"a4f15fa2-b955-4911-9a5c-74159e5f2769","value":"true"}
&amp#27;[38;5;32m[AndroidUiautomator2Driver@c35c (83760a3e)]&amp#27;[0m Responding to client with driver.elementDisplayed() result: true
&amp#27;[38;5;0m[HTTP]&amp#27;[0m &amp#27;[37m<-- GET /session/83760a3e-13d9-4f16-93c9-f76dc55a2f2d/element/00000000-0000-05af-ffff-ffff00000022/displayed &amp#27;[39m&amp#27;[32m200&amp#27;[39m &amp#27;[90m77 ms - 14&amp#27;[39m
&amp#27;[38;5;0m[HTTP]&amp#27;[0m &amp#27;[90m&amp#27;[39m
&amp#27;[38;5;0m[HTTP]&amp#27;[0m &amp#27;[37m-->&amp#27;[39m &amp#27;[37mGET&amp#27;[39m &amp#27;[37m/session/83760a3e-13d9-4f16-93c9-f76dc55a2f2d/context&amp#27;[39m
&amp#27;[38;5;0m[HTTP]&amp#27;[0m &amp#27;[90m{}&amp#27;[39m
&amp#27;[38;5;32m[AndroidUiautomator2Driver@c35c (83760a3e)]&amp#27;[0m Calling AppiumDriver.getCurrentContext() with args: ["83760a3e-13d9-4f16-93c9-f76dc55a2f2d"]
&amp#27;[38;5;32m[AndroidUiautomator2Driver@c35c (83760a3e)]&amp#27;[0m Responding to client with driver.getCurrentContext() result: "NATIVE_APP"
&amp#27;[38;5;0m[HTTP]&amp#27;[0m &amp#27;[37m<-- GET /session/83760a3e-13d9-4f16-93c9-f76dc55a2f2d/context &amp#27;[39m&amp#27;[32m200&amp#27;[39m &amp#27;[90m1 ms - 22&amp#27;[39m
&amp#27;[38;5;0m[HTTP]&amp#27;[0m &amp#27;[90m&amp#27;[39m
&amp#27;[38;5;0m[HTTP]&amp#27;[0m &amp#27;[37m-->&amp#27;[39m &amp#27;[37mPOST&amp#27;[39m &amp#27;[37m/session/83760a3e-13d9-4f16-93c9-f76dc55a2f2d/element&amp#27;[39m
&amp#27;[38;5;0m[HTTP]&amp#27;[0m &amp#27;[90m{"using":"accessibility id","value":"open menu"}&amp#27;[39m
&amp#27;[38;5;32m[AndroidUiautomator2Driver@c35c (83760a3e)]&amp#27;[0m Calling AppiumDriver.findElement() with args: ["accessibility id","open menu","83760a3e-13d9-4f16-93c9-f76dc55a2f2d"]
&amp#27;[38;5;32m[AndroidUiautomator2Driver@c35c (83760a3e)]&amp#27;[0m Valid locator strategies for this request: xpath, id, class name, accessibility id, css selector, -android uiautomator
&amp#27;[38;5;32m[AndroidUiautomator2Driver@c35c (83760a3e)]&amp#27;[0m Waiting up to 10000 ms for condition
&amp#27;[38;5;32m[AndroidUiautomator2Driver@c35c (83760a3e)]&amp#27;[0m Matched '/element' to command name 'findElement'
&amp#27;[38;5;32m[AndroidUiautomator2Driver@c35c (83760a3e)]&amp#27;[0m Proxying [POST /element] to [POST http://127.0.0.1:8201/session/a4f15fa2-b955-4911-9a5c-74159e5f2769/element] with body: {"strategy":"accessibility id","selector":"open menu","context":"","multiple":false}
&amp#27;[38;5;32m[AndroidUiautomator2Driver@c35c (83760a3e)]&amp#27;[0m Got response with status 200: {"sessionId":"a4f15fa2-b955-4911-9a5c-74159e5f2769","value":{"ELEMENT":"00000000-0000-05af-ffff-ffff00000022","element-6066-11e4-a52e-4f735466cecf":"00000000-0000-05af-ffff-ffff00000022"}}
&amp#27;[38;5;32m[AndroidUiautomator2Driver@c35c (83760a3e)]&amp#27;[0m Responding to client with driver.findElement() result: {"element-6066-11e4-a52e-4f735466cecf":"00000000-0000-05af-ffff-ffff00000022","ELEMENT":"00000000-0000-05af-ffff-ffff00000022"}
&amp#27;[38;5;0m[HTTP]&amp#27;[0m &amp#27;[37m<-- POST /session/83760a3e-13d9-4f16-93c9-f76dc55a2f2d/element &amp#27;[39m&amp#27;[32m200&amp#27;[39m &amp#27;[90m233 ms - 137&amp#27;[39m
&amp#27;[38;5;0m[HTTP]&amp#27;[0m &amp#27;[90m&amp#27;[39m
&amp#27;[38;5;0m[HTTP]&amp#27;[0m &amp#27;[37m-->&amp#27;[39m &amp#27;[37mGET&amp#27;[39m &amp#27;[37m/session/83760a3e-13d9-4f16-93c9-f76dc55a2f2d/element/00000000-0000-05af-ffff-ffff00000022/enabled&amp#27;[39m
&amp#27;[38;5;0m[HTTP]&amp#27;[0m &amp#27;[90m{}&amp#27;[39m
&amp#27;[38;5;32m[AndroidUiautomator2Driver@c35c (83760a3e)]&amp#27;[0m Calling AppiumDriver.elementEnabled() with args: ["00000000-0000-05af-ffff-ffff00000022","83760a3e-13d9-4f16-93c9-f76dc55a2f2d"]
&amp#27;[38;5;32m[AndroidUiautomator2Driver@c35c (83760a3e)]&amp#27;[0m Matched '/element/00000000-0000-05af-ffff-ffff00000022/attribute/enabled' to command name 'getAttribute'
&amp#27;[38;5;32m[AndroidUiautomator2Driver@c35c (83760a3e)]&amp#27;[0m Proxying [GET /element/00000000-0000-05af-ffff-ffff00000022/attribute/enabled] to [GET http://127.0.0.1:8201/session/a4f15fa2-b955-4911-9a5c-74159e5f2769/element/00000000-0000-05af-ffff-ffff00000022/attribute/enabled] with no body
&amp#27;[38;5;32m[AndroidUiautomator2Driver@c35c (83760a3e)]&amp#27;[0m Got response with status 200: {"sessionId":"a4f15fa2-b955-4911-9a5c-74159e5f2769","value":"true"}
&amp#27;[38;5;32m[AndroidUiautomator2Driver@c35c (83760a3e)]&amp#27;[0m Responding to client with driver.elementEnabled() result: true
&amp#27;[38;5;0m[HTTP]&amp#27;[0m &amp#27;[37m<-- GET /session/83760a3e-13d9-4f16-93c9-f76dc55a2f2d/element/00000000-0000-05af-ffff-ffff00000022/enabled &amp#27;[39m&amp#27;[32m200&amp#27;[39m &amp#27;[90m45 ms - 14&amp#27;[39m
&amp#27;[38;5;0m[HTTP]&amp#27;[0m &amp#27;[90m&amp#27;[39m
&amp#27;[38;5;0m[HTTP]&amp#27;[0m &amp#27;[37m-->&amp#27;[39m &amp#27;[37mGET&amp#27;[39m &amp#27;[37m/session/83760a3e-13d9-4f16-93c9-f76dc55a2f2d/context&amp#27;[39m
&amp#27;[38;5;0m[HTTP]&amp#27;[0m &amp#27;[90m{}&amp#27;[39m
&amp#27;[38;5;32m[AndroidUiautomator2Driver@c35c (83760a3e)]&amp#27;[0m Calling AppiumDriver.getCurrentContext() with args: ["83760a3e-13d9-4f16-93c9-f76dc55a2f2d"]
&amp#27;[38;5;32m[AndroidUiautomator2Driver@c35c (83760a3e)]&amp#27;[0m Responding to client with driver.getCurrentContext() result: "NATIVE_APP"
&amp#27;[38;5;0m[HTTP]&amp#27;[0m &amp#27;[37m<-- GET /session/83760a3e-13d9-4f16-93c9-f76dc55a2f2d/context &amp#27;[39m&amp#27;[32m200&amp#27;[39m &amp#27;[90m1 ms - 22&amp#27;[39m
&amp#27;[38;5;0m[HTTP]&amp#27;[0m &amp#27;[90m&amp#27;[39m
&amp#27;[38;5;0m[HTTP]&amp#27;[0m &amp#27;[37m-->&amp#27;[39m &amp#27;[37mPOST&amp#27;[39m &amp#27;[37m/session/83760a3e-13d9-4f16-93c9-f76dc55a2f2d/element&amp#27;[39m
&amp#27;[38;5;0m[HTTP]&amp#27;[0m &amp#27;[90m{"using":"accessibility id","value":"open menu"}&amp#27;[39m
&amp#27;[38;5;32m[AndroidUiautomator2Driver@c35c (83760a3e)]&amp#27;[0m Calling AppiumDriver.findElement() with args: ["accessibility id","open menu","83760a3e-13d9-4f16-93c9-f76dc55a2f2d"]
&amp#27;[38;5;32m[AndroidUiautomator2Driver@c35c (83760a3e)]&amp#27;[0m Valid locator strategies for this request: xpath, id, class name, accessibility id, css selector, -android uiautomator
&amp#27;[38;5;32m[AndroidUiautomator2Driver@c35c (83760a3e)]&amp#27;[0m Waiting up to 10000 ms for condition
&amp#27;[38;5;32m[AndroidUiautomator2Driver@c35c (83760a3e)]&amp#27;[0m Matched '/element' to command name 'findElement'
&amp#27;[38;5;32m[AndroidUiautomator2Driver@c35c (83760a3e)]&amp#27;[0m Proxying [POST /element] to [POST http://127.0.0.1:8201/session/a4f15fa2-b955-4911-9a5c-74159e5f2769/element] with body: {"strategy":"accessibility id","selector":"open menu","context":"","multiple":false}
&amp#27;[38;5;32m[AndroidUiautomator2Driver@c35c (83760a3e)]&amp#27;[0m Got response with status 200: {"sessionId":"a4f15fa2-b955-4911-9a5c-74159e5f2769","value":{"ELEMENT":"00000000-0000-05af-ffff-ffff00000022","element-6066-11e4-a52e-4f735466cecf":"00000000-0000-05af-ffff-ffff00000022"}}
&amp#27;[38;5;32m[AndroidUiautomator2Driver@c35c (83760a3e)]&amp#27;[0m Responding to client with driver.findElement() result: {"element-6066-11e4-a52e-4f735466cecf":"00000000-0000-05af-ffff-ffff00000022","ELEMENT":"00000000-0000-05af-ffff-ffff00000022"}
&amp#27;[38;5;0m[HTTP]&amp#27;[0m &amp#27;[37m<-- POST /session/83760a3e-13d9-4f16-93c9-f76dc55a2f2d/element &amp#27;[39m&amp#27;[32m200&amp#27;[39m &amp#27;[90m144 ms - 137&amp#27;[39m
&amp#27;[38;5;0m[HTTP]&amp#27;[0m &amp#27;[90m&amp#27;[39m
&amp#27;[38;5;0m[HTTP]&amp#27;[0m &amp#27;[37m-->&amp#27;[39m &amp#27;[37mPOST&amp#27;[39m &amp#27;[37m/session/83760a3e-13d9-4f16-93c9-f76dc55a2f2d/element/00000000-0000-05af-ffff-ffff00000022/click&amp#27;[39m
&amp#27;[38;5;0m[HTTP]&amp#27;[0m &amp#27;[90m{"id":"00000000-0000-05af-ffff-ffff00000022"}&amp#27;[39m
&amp#27;[38;5;32m[AndroidUiautomator2Driver@c35c (83760a3e)]&amp#27;[0m Calling AppiumDriver.click() with args: ["00000000-0000-05af-ffff-ffff00000022","83760a3e-13d9-4f16-93c9-f76dc55a2f2d"]
&amp#27;[38;5;32m[AndroidUiautomator2Driver@c35c (83760a3e)]&amp#27;[0m Matched '/element/00000000-0000-05af-ffff-ffff00000022/click' to command name 'click'
&amp#27;[38;5;32m[AndroidUiautomator2Driver@c35c (83760a3e)]&amp#27;[0m Proxying [POST /element/00000000-0000-05af-ffff-ffff00000022/click] to [POST http://127.0.0.1:8201/session/a4f15fa2-b955-4911-9a5c-74159e5f2769/element/00000000-0000-05af-ffff-ffff00000022/click] with body: {"element":"00000000-0000-05af-ffff-ffff00000022"}
&amp#27;[38;5;32m[AndroidUiautomator2Driver@c35c (83760a3e)]&amp#27;[0m Got response with status 200: {"sessionId":"a4f15fa2-b955-4911-9a5c-74159e5f2769","value":null}
&amp#27;[38;5;32m[AndroidUiautomator2Driver@c35c (83760a3e)]&amp#27;[0m Responding to client with driver.click() result: null
&amp#27;[38;5;0m[HTTP]&amp#27;[0m &amp#27;[37m<-- POST /session/83760a3e-13d9-4f16-93c9-f76dc55a2f2d/element/00000000-0000-05af-ffff-ffff00000022/click &amp#27;[39m&amp#27;[32m200&amp#27;[39m &amp#27;[90m77 ms - 14&amp#27;[39m
&amp#27;[38;5;0m[HTTP]&amp#27;[0m &amp#27;[90m&amp#27;[39m
&amp#27;[38;5;0m[HTTP]&amp#27;[0m &amp#27;[37m-->&amp#27;[39m &amp#27;[37mGET&amp#27;[39m &amp#27;[37m/session/83760a3e-13d9-4f16-93c9-f76dc55a2f2d/context&amp#27;[39m
&amp#27;[38;5;0m[HTTP]&amp#27;[0m &amp#27;[90m{}&amp#27;[39m
&amp#27;[38;5;32m[AndroidUiautomator2Driver@c35c (83760a3e)]&amp#27;[0m Calling AppiumDriver.getCurrentContext() with args: ["83760a3e-13d9-4f16-93c9-f76dc55a2f2d"]
&amp#27;[38;5;32m[AndroidUiautomator2Driver@c35c (83760a3e)]&amp#27;[0m Responding to client with driver.getCurrentContext() result: "NATIVE_APP"
&amp#27;[38;5;0m[HTTP]&amp#27;[0m &amp#27;[37m<-- GET /session/83760a3e-13d9-4f16-93c9-f76dc55a2f2d/context &amp#27;[39m&amp#27;[32m200&amp#27;[39m &amp#27;[90m1 ms - 22&amp#27;[39m
&amp#27;[38;5;0m[HTTP]&amp#27;[0m &amp#27;[90m&amp#27;[39m
&amp#27;[38;5;0m[HTTP]&amp#27;[0m &amp#27;[37m-->&amp#27;[39m &amp#27;[37mPOST&amp#27;[39m &amp#27;[37m/session/83760a3e-13d9-4f16-93c9-f76dc55a2f2d/element&amp#27;[39m
&amp#27;[38;5;0m[HTTP]&amp#27;[0m &amp#27;[90m{"using":"accessibility id","value":"menu item reset app"}&amp#27;[39m
&amp#27;[38;5;32m[AndroidUiautomator2Driver@c35c (83760a3e)]&amp#27;[0m Calling AppiumDriver.findElement() with args: ["accessibility id","menu item reset app","83760a3e-13d9-4f16-93c9-f76dc55a2f2d"]
&amp#27;[38;5;32m[AndroidUiautomator2Driver@c35c (83760a3e)]&amp#27;[0m Valid locator strategies for this request: xpath, id, class name, accessibility id, css selector, -android uiautomator
&amp#27;[38;5;32m[AndroidUiautomator2Driver@c35c (83760a3e)]&amp#27;[0m Waiting up to 10000 ms for condition
&amp#27;[38;5;32m[AndroidUiautomator2Driver@c35c (83760a3e)]&amp#27;[0m Matched '/element' to command name 'findElement'
&amp#27;[38;5;32m[AndroidUiautomator2Driver@c35c (83760a3e)]&amp#27;[0m Proxying [POST /element] to [POST http://127.0.0.1:8201/session/a4f15fa2-b955-4911-9a5c-74159e5f2769/element] with body: {"strategy":"accessibility id","selector":"menu item reset app","context":"","multiple":false}
&amp#27;[38;5;32m[AndroidUiautomator2Driver@c35c (83760a3e)]&amp#27;[0m Got response with status 200: {"sessionId":"a4f15fa2-b955-4911-9a5c-74159e5f2769","value":{"ELEMENT":"00000000-0000-05af-ffff-ffff0000009c","element-6066-11e4-a52e-4f735466cecf":"00000000-0000-05af-ffff-ffff0000009c"}}
&amp#27;[38;5;32m[AndroidUiautomator2Driver@c35c (83760a3e)]&amp#27;[0m Responding to client with driver.findElement() result: {"element-6066-11e4-a52e-4f735466cecf":"00000000-0000-05af-ffff-ffff0000009c","ELEMENT":"00000000-0000-05af-ffff-ffff0000009c"}
&amp#27;[38;5;0m[HTTP]&amp#27;[0m &amp#27;[37m<-- POST /session/83760a3e-13d9-4f16-93c9-f76dc55a2f2d/element &amp#27;[39m&amp#27;[32m200&amp#27;[39m &amp#27;[90m125 ms - 137&amp#27;[39m
&amp#27;[38;5;0m[HTTP]&amp#27;[0m &amp#27;[90m&amp#27;[39m
&amp#27;[38;5;0m[HTTP]&amp#27;[0m &amp#27;[37m-->&amp#27;[39m &amp#27;[37mPOST&amp#27;[39m &amp#27;[37m/session/83760a3e-13d9-4f16-93c9-f76dc55a2f2d/element/00000000-0000-05af-ffff-ffff0000009c/click&amp#27;[39m
&amp#27;[38;5;0m[HTTP]&amp#27;[0m &amp#27;[90m{"id":"00000000-0000-05af-ffff-ffff0000009c"}&amp#27;[39m
&amp#27;[38;5;32m[AndroidUiautomator2Driver@c35c (83760a3e)]&amp#27;[0m Calling AppiumDriver.click() with args: ["00000000-0000-05af-ffff-ffff0000009c","83760a3e-13d9-4f16-93c9-f76dc55a2f2d"]
&amp#27;[38;5;32m[AndroidUiautomator2Driver@c35c (83760a3e)]&amp#27;[0m Matched '/element/00000000-0000-05af-ffff-ffff0000009c/click' to command name 'click'
&amp#27;[38;5;32m[AndroidUiautomator2Driver@c35c (83760a3e)]&amp#27;[0m Proxying [POST /element/00000000-0000-05af-ffff-ffff0000009c/click] to [POST http://127.0.0.1:8201/session/a4f15fa2-b955-4911-9a5c-74159e5f2769/element/00000000-0000-05af-ffff-ffff0000009c/click] with body: {"element":"00000000-0000-05af-ffff-ffff0000009c"}
&amp#27;[38;5;32m[AndroidUiautomator2Driver@c35c (83760a3e)]&amp#27;[0m Got response with status 200: {"sessionId":"a4f15fa2-b955-4911-9a5c-74159e5f2769","value":null}
&amp#27;[38;5;32m[AndroidUiautomator2Driver@c35c (83760a3e)]&amp#27;[0m Responding to client with driver.click() result: null
&amp#27;[38;5;0m[HTTP]&amp#27;[0m &amp#27;[37m<-- POST /session/83760a3e-13d9-4f16-93c9-f76dc55a2f2d/element/00000000-0000-05af-ffff-ffff0000009c/click &amp#27;[39m&amp#27;[32m200&amp#27;[39m &amp#27;[90m1640 ms - 14&amp#27;[39m
&amp#27;[38;5;0m[HTTP]&amp#27;[0m &amp#27;[90m&amp#27;[39m
&amp#27;[38;5;0m[HTTP]&amp#27;[0m &amp#27;[37m-->&amp#27;[39m &amp#27;[37mPOST&amp#27;[39m &amp#27;[37m/session/83760a3e-13d9-4f16-93c9-f76dc55a2f2d/element&amp#27;[39m
&amp#27;[38;5;0m[HTTP]&amp#27;[0m &amp#27;[90m{"using":"id","value":"android:id/button2"}&amp#27;[39m
&amp#27;[38;5;32m[AndroidUiautomator2Driver@c35c (83760a3e)]&amp#27;[0m Calling AppiumDriver.findElement() with args: ["id","android:id/button2","83760a3e-13d9-4f16-93c9-f76dc55a2f2d"]
&amp#27;[38;5;32m[AndroidUiautomator2Driver@c35c (83760a3e)]&amp#27;[0m Valid locator strategies for this request: xpath, id, class name, accessibility id, css selector, -android uiautomator
&amp#27;[38;5;32m[AndroidUiautomator2Driver@c35c (83760a3e)]&amp#27;[0m Waiting up to 10000 ms for condition
&amp#27;[38;5;32m[AndroidUiautomator2Driver@c35c (83760a3e)]&amp#27;[0m Matched '/element' to command name 'findElement'
&amp#27;[38;5;32m[AndroidUiautomator2Driver@c35c (83760a3e)]&amp#27;[0m Proxying [POST /element] to [POST http://127.0.0.1:8201/session/a4f15fa2-b955-4911-9a5c-74159e5f2769/element] with body: {"strategy":"id","selector":"android:id/button2","context":"","multiple":false}
&amp#27;[38;5;32m[AndroidUiautomator2Driver@c35c (83760a3e)]&amp#27;[0m Got response with status 200: {"sessionId":"a4f15fa2-b955-4911-9a5c-74159e5f2769","value":{"ELEMENT":"00000000-0000-05b0-ffff-ffff00000180","element-6066-11e4-a52e-4f735466cecf":"00000000-0000-05b0-ffff-ffff00000180"}}
&amp#27;[38;5;32m[AndroidUiautomator2Driver@c35c (83760a3e)]&amp#27;[0m Responding to client with driver.findElement() result: {"element-6066-11e4-a52e-4f735466cecf":"00000000-0000-05b0-ffff-ffff00000180","ELEMENT":"00000000-0000-05b0-ffff-ffff00000180"}
&amp#27;[38;5;0m[HTTP]&amp#27;[0m &amp#27;[37m<-- POST /session/83760a3e-13d9-4f16-93c9-f76dc55a2f2d/element &amp#27;[39m&amp#27;[32m200&amp#27;[39m &amp#27;[90m648 ms - 137&amp#27;[39m
&amp#27;[38;5;0m[HTTP]&amp#27;[0m &amp#27;[90m&amp#27;[39m
&amp#27;[38;5;0m[HTTP]&amp#27;[0m &amp#27;[37m-->&amp#27;[39m &amp#27;[37mPOST&amp#27;[39m &amp#27;[37m/session/83760a3e-13d9-4f16-93c9-f76dc55a2f2d/element/00000000-0000-05b0-ffff-ffff00000180/click&amp#27;[39m
&amp#27;[38;5;0m[HTTP]&amp#27;[0m &amp#27;[90m{"id":"00000000-0000-05b0-ffff-ffff00000180"}&amp#27;[39m
&amp#27;[38;5;32m[AndroidUiautomator2Driver@c35c (83760a3e)]&amp#27;[0m Calling AppiumDriver.click() with args: ["00000000-0000-05b0-ffff-ffff00000180","83760a3e-13d9-4f16-93c9-f76dc55a2f2d"]
&amp#27;[38;5;32m[AndroidUiautomator2Driver@c35c (83760a3e)]&amp#27;[0m Matched '/element/00000000-0000-05b0-ffff-ffff00000180/click' to command name 'click'
&amp#27;[38;5;32m[AndroidUiautomator2Driver@c35c (83760a3e)]&amp#27;[0m Proxying [POST /element/00000000-0000-05b0-ffff-ffff00000180/click] to [POST http://127.0.0.1:8201/session/a4f15fa2-b955-4911-9a5c-74159e5f2769/element/00000000-0000-05b0-ffff-ffff00000180/click] with body: {"element":"00000000-0000-05b0-ffff-ffff00000180"}
&amp#27;[38;5;32m[AndroidUiautomator2Driver@c35c (83760a3e)]&amp#27;[0m Got response with status 200: {"sessionId":"a4f15fa2-b955-4911-9a5c-74159e5f2769","value":null}
&amp#27;[38;5;32m[AndroidUiautomator2Driver@c35c (83760a3e)]&amp#27;[0m Responding to client with driver.click() result: null
&amp#27;[38;5;0m[HTTP]&amp#27;[0m &amp#27;[37m<-- POST /session/83760a3e-13d9-4f16-93c9-f76dc55a2f2d/element/00000000-0000-05b0-ffff-ffff00000180/click &amp#27;[39m&amp#27;[32m200&amp#27;[39m &amp#27;[90m97 ms - 14&amp#27;[39m
&amp#27;[38;5;0m[HTTP]&amp#27;[0m &amp#27;[90m&amp#27;[39m
&amp#27;[38;5;0m[HTTP]&amp#27;[0m &amp#27;[37m-->&amp#27;[39m &amp#27;[37mGET&amp#27;[39m &amp#27;[37m/session/83760a3e-13d9-4f16-93c9-f76dc55a2f2d/context&amp#27;[39m
&amp#27;[38;5;0m[HTTP]&amp#27;[0m &amp#27;[90m{}&amp#27;[39m
&amp#27;[38;5;32m[AndroidUiautomator2Driver@c35c (83760a3e)]&amp#27;[0m Calling AppiumDriver.getCurrentContext() with args: ["83760a3e-13d9-4f16-93c9-f76dc55a2f2d"]
&amp#27;[38;5;32m[AndroidUiautomator2Driver@c35c (83760a3e)]&amp#27;[0m Responding to client with driver.getCurrentContext() result: "NATIVE_APP"
&amp#27;[38;5;0m[HTTP]&amp#27;[0m &amp#27;[37m<-- GET /session/83760a3e-13d9-4f16-93c9-f76dc55a2f2d/context &amp#27;[39m&amp#27;[32m200&amp#27;[39m &amp#27;[90m1 ms - 22&amp#27;[39m
&amp#27;[38;5;0m[HTTP]&amp#27;[0m &amp#27;[90m&amp#27;[39m
&amp#27;[38;5;0m[HTTP]&amp#27;[0m &amp#27;[37m-->&amp#27;[39m &amp#27;[37mPOST&amp#27;[39m &amp#27;[37m/session/83760a3e-13d9-4f16-93c9-f76dc55a2f2d/element&amp#27;[39m
&amp#27;[38;5;0m[HTTP]&amp#27;[0m &amp#27;[90m{"using":"accessibility id","value":"menu item reset app"}&amp#27;[39m
&amp#27;[38;5;32m[AndroidUiautomator2Driver@c35c (83760a3e)]&amp#27;[0m Calling AppiumDriver.findElement() with args: ["accessibility id","menu item reset app","83760a3e-13d9-4f16-93c9-f76dc55a2f2d"]
&amp#27;[38;5;32m[AndroidUiautomator2Driver@c35c (83760a3e)]&amp#27;[0m Valid locator strategies for this request: xpath, id, class name, accessibility id, css selector, -android uiautomator
&amp#27;[38;5;32m[AndroidUiautomator2Driver@c35c (83760a3e)]&amp#27;[0m Waiting up to 10000 ms for condition
&amp#27;[38;5;32m[AndroidUiautomator2Driver@c35c (83760a3e)]&amp#27;[0m Matched '/element' to command name 'findElement'
&amp#27;[38;5;32m[AndroidUiautomator2Driver@c35c (83760a3e)]&amp#27;[0m Proxying [POST /element] to [POST http://127.0.0.1:8201/session/a4f15fa2-b955-4911-9a5c-74159e5f2769/element] with body: {"strategy":"accessibility id","selector":"menu item reset app","context":"","multiple":false}
&amp#27;[38;5;32m[AndroidUiautomator2Driver@c35c (83760a3e)]&amp#27;[0m Got response with status 200: {"sessionId":"a4f15fa2-b955-4911-9a5c-74159e5f2769","value":{"ELEMENT":"00000000-0000-05af-ffff-ffff0000009c","element-6066-11e4-a52e-4f735466cecf":"00000000-0000-05af-ffff-ffff0000009c"}}
&amp#27;[38;5;32m[AndroidUiautomator2Driver@c35c (83760a3e)]&amp#27;[0m Responding to client with driver.findElement() result: {"element-6066-11e4-a52e-4f735466cecf":"00000000-0000-05af-ffff-ffff0000009c","ELEMENT":"00000000-0000-05af-ffff-ffff0000009c"}
&amp#27;[38;5;0m[HTTP]&amp#27;[0m &amp#27;[37m<-- POST /session/83760a3e-13d9-4f16-93c9-f76dc55a2f2d/element &amp#27;[39m&amp#27;[32m200&amp#27;[39m &amp#27;[90m503 ms - 137&amp#27;[39m
&amp#27;[38;5;0m[HTTP]&amp#27;[0m &amp#27;[90m&amp#27;[39m
&amp#27;[38;5;0m[HTTP]&amp#27;[0m &amp#27;[37m-->&amp#27;[39m &amp#27;[37mPOST&amp#27;[39m &amp#27;[37m/session/83760a3e-13d9-4f16-93c9-f76dc55a2f2d/element/00000000-0000-05af-ffff-ffff0000009c/click&amp#27;[39m
&amp#27;[38;5;0m[HTTP]&amp#27;[0m &amp#27;[90m{"id":"00000000-0000-05af-ffff-ffff0000009c"}&amp#27;[39m
&amp#27;[38;5;32m[AndroidUiautomator2Driver@c35c (83760a3e)]&amp#27;[0m Calling AppiumDriver.click() with args: ["00000000-0000-05af-ffff-ffff0000009c","83760a3e-13d9-4f16-93c9-f76dc55a2f2d"]
&amp#27;[38;5;32m[AndroidUiautomator2Driver@c35c (83760a3e)]&amp#27;[0m Matched '/element/00000000-0000-05af-ffff-ffff0000009c/click' to command name 'click'
&amp#27;[38;5;32m[AndroidUiautomator2Driver@c35c (83760a3e)]&amp#27;[0m Proxying [POST /element/00000000-0000-05af-ffff-ffff0000009c/click] to [POST http://127.0.0.1:8201/session/a4f15fa2-b955-4911-9a5c-74159e5f2769/element/00000000-0000-05af-ffff-ffff0000009c/click] with body: {"element":"00000000-0000-05af-ffff-ffff0000009c"}
&amp#27;[38;5;32m[AndroidUiautomator2Driver@c35c (83760a3e)]&amp#27;[0m Got response with status 200: {"sessionId":"a4f15fa2-b955-4911-9a5c-74159e5f2769","value":null}
&amp#27;[38;5;32m[AndroidUiautomator2Driver@c35c (83760a3e)]&amp#27;[0m Responding to client with driver.click() result: null
&amp#27;[38;5;0m[HTTP]&amp#27;[0m &amp#27;[37m<-- POST /session/83760a3e-13d9-4f16-93c9-f76dc55a2f2d/element/00000000-0000-05af-ffff-ffff0000009c/click &amp#27;[39m&amp#27;[32m200&amp#27;[39m &amp#27;[90m750 ms - 14&amp#27;[39m
&amp#27;[38;5;0m[HTTP]&amp#27;[0m &amp#27;[90m&amp#27;[39m
&amp#27;[38;5;0m[HTTP]&amp#27;[0m &amp#27;[37m-->&amp#27;[39m &amp#27;[37mPOST&amp#27;[39m &amp#27;[37m/session/83760a3e-13d9-4f16-93c9-f76dc55a2f2d/element&amp#27;[39m
&amp#27;[38;5;0m[HTTP]&amp#27;[0m &amp#27;[90m{"using":"id","value":"android:id/button1"}&amp#27;[39m
&amp#27;[38;5;32m[AndroidUiautomator2Driver@c35c (83760a3e)]&amp#27;[0m Calling AppiumDriver.findElement() with args: ["id","android:id/button1","83760a3e-13d9-4f16-93c9-f76dc55a2f2d"]
&amp#27;[38;5;32m[AndroidUiautomator2Driver@c35c (83760a3e)]&amp#27;[0m Valid locator strategies for this request: xpath, id, class name, accessibility id, css selector, -android uiautomator
&amp#27;[38;5;32m[AndroidUiautomator2Driver@c35c (83760a3e)]&amp#27;[0m Waiting up to 10000 ms for condition
&amp#27;[38;5;32m[AndroidUiautomator2Driver@c35c (83760a3e)]&amp#27;[0m Matched '/element' to command name 'findElement'
&amp#27;[38;5;32m[AndroidUiautomator2Driver@c35c (83760a3e)]&amp#27;[0m Proxying [POST /element] to [POST http://127.0.0.1:8201/session/a4f15fa2-b955-4911-9a5c-74159e5f2769/element] with body: {"strategy":"id","selector":"android:id/button1","context":"","multiple":false}
&amp#27;[38;5;32m[AndroidUiautomator2Driver@c35c (83760a3e)]&amp#27;[0m Got response with status 200: {"sessionId":"a4f15fa2-b955-4911-9a5c-74159e5f2769","value":{"ELEMENT":"00000000-0000-05b1-ffff-ffff00000198","element-6066-11e4-a52e-4f735466cecf":"00000000-0000-05b1-ffff-ffff00000198"}}
&amp#27;[38;5;32m[AndroidUiautomator2Driver@c35c (83760a3e)]&amp#27;[0m Responding to client with driver.findElement() result: {"element-6066-11e4-a52e-4f735466cecf":"00000000-0000-05b1-ffff-ffff00000198","ELEMENT":"00000000-0000-05b1-ffff-ffff00000198"}
&amp#27;[38;5;0m[HTTP]&amp#27;[0m &amp#27;[37m<-- POST /session/83760a3e-13d9-4f16-93c9-f76dc55a2f2d/element &amp#27;[39m&amp#27;[32m200&amp#27;[39m &amp#27;[90m135 ms - 137&amp#27;[39m
&amp#27;[38;5;0m[HTTP]&amp#27;[0m &amp#27;[90m&amp#27;[39m
&amp#27;[38;5;0m[HTTP]&amp#27;[0m &amp#27;[37m-->&amp#27;[39m &amp#27;[37mPOST&amp#27;[39m &amp#27;[37m/session/83760a3e-13d9-4f16-93c9-f76dc55a2f2d/element/00000000-0000-05b1-ffff-ffff00000198/click&amp#27;[39m
&amp#27;[38;5;0m[HTTP]&amp#27;[0m &amp#27;[90m{"id":"00000000-0000-05b1-ffff-ffff00000198"}&amp#27;[39m
&amp#27;[38;5;32m[AndroidUiautomator2Driver@c35c (83760a3e)]&amp#27;[0m Calling AppiumDriver.click() with args: ["00000000-0000-05b1-ffff-ffff00000198","83760a3e-13d9-4f16-93c9-f76dc55a2f2d"]
&amp#27;[38;5;32m[AndroidUiautomator2Driver@c35c (83760a3e)]&amp#27;[0m Matched '/element/00000000-0000-05b1-ffff-ffff00000198/click' to command name 'click'
&amp#27;[38;5;32m[AndroidUiautomator2Driver@c35c (83760a3e)]&amp#27;[0m Proxying [POST /element/00000000-0000-05b1-ffff-ffff00000198/click] to [POST http://127.0.0.1:8201/session/a4f15fa2-b955-4911-9a5c-74159e5f2769/element/00000000-0000-05b1-ffff-ffff00000198/click] with body: {"element":"00000000-0000-05b1-ffff-ffff00000198"}
&amp#27;[38;5;32m[AndroidUiautomator2Driver@c35c (83760a3e)]&amp#27;[0m Got response with status 200: {"sessionId":"a4f15fa2-b955-4911-9a5c-74159e5f2769","value":null}
&amp#27;[38;5;32m[AndroidUiautomator2Driver@c35c (83760a3e)]&amp#27;[0m Responding to client with driver.click() result: null
&amp#27;[38;5;0m[HTTP]&amp#27;[0m &amp#27;[37m<-- POST /session/83760a3e-13d9-4f16-93c9-f76dc55a2f2d/element/00000000-0000-05b1-ffff-ffff00000198/click &amp#27;[39m&amp#27;[32m200&amp#27;[39m &amp#27;[90m84 ms - 14&amp#27;[39m
&amp#27;[38;5;0m[HTTP]&amp#27;[0m &amp#27;[90m&amp#27;[39m
&amp#27;[38;5;0m[HTTP]&amp#27;[0m &amp#27;[37m-->&amp#27;[39m &amp#27;[37mPOST&amp#27;[39m &amp#27;[37m/session/83760a3e-13d9-4f16-93c9-f76dc55a2f2d/element&amp#27;[39m
&amp#27;[38;5;0m[HTTP]&amp#27;[0m &amp#27;[90m{"using":"id","value":"android:id/button1"}&amp#27;[39m
&amp#27;[38;5;32m[AndroidUiautomator2Driver@c35c (83760a3e)]&amp#27;[0m Calling AppiumDriver.findElement() with args: ["id","android:id/button1","83760a3e-13d9-4f16-93c9-f76dc55a2f2d"]
&amp#27;[38;5;32m[AndroidUiautomator2Driver@c35c (83760a3e)]&amp#27;[0m Valid locator strategies for this request: xpath, id, class name, accessibility id, css selector, -android uiautomator
&amp#27;[38;5;32m[AndroidUiautomator2Driver@c35c (83760a3e)]&amp#27;[0m Waiting up to 10000 ms for condition
&amp#27;[38;5;32m[AndroidUiautomator2Driver@c35c (83760a3e)]&amp#27;[0m Matched '/element' to command name 'findElement'
&amp#27;[38;5;32m[AndroidUiautomator2Driver@c35c (83760a3e)]&amp#27;[0m Proxying [POST /element] to [POST http://127.0.0.1:8201/session/a4f15fa2-b955-4911-9a5c-74159e5f2769/element] with body: {"strategy":"id","selector":"android:id/button1","context":"","multiple":false}
&amp#27;[38;5;32m[AndroidUiautomator2Driver@c35c (83760a3e)]&amp#27;[0m Got response with status 200: {"sessionId":"a4f15fa2-b955-4911-9a5c-74159e5f2769","value":{"ELEMENT":"00000000-0000-05b2-ffff-ffff000001af","element-6066-11e4-a52e-4f735466cecf":"00000000-0000-05b2-ffff-ffff000001af"}}
&amp#27;[38;5;32m[AndroidUiautomator2Driver@c35c (83760a3e)]&amp#27;[0m Responding to client with driver.findElement() result: {"element-6066-11e4-a52e-4f735466cecf":"00000000-0000-05b2-ffff-ffff000001af","ELEMENT":"00000000-0000-05b2-ffff-ffff000001af"}
&amp#27;[38;5;0m[HTTP]&amp#27;[0m &amp#27;[37m<-- POST /session/83760a3e-13d9-4f16-93c9-f76dc55a2f2d/element &amp#27;[39m&amp#27;[32m200&amp#27;[39m &amp#27;[90m108 ms - 137&amp#27;[39m
&amp#27;[38;5;0m[HTTP]&amp#27;[0m &amp#27;[90m&amp#27;[39m
&amp#27;[38;5;0m[HTTP]&amp#27;[0m &amp#27;[37m-->&amp#27;[39m &amp#27;[37mPOST&amp#27;[39m &amp#27;[37m/session/83760a3e-13d9-4f16-93c9-f76dc55a2f2d/element/00000000-0000-05b2-ffff-ffff000001af/click&amp#27;[39m
&amp#27;[38;5;0m[HTTP]&amp#27;[0m &amp#27;[90m{"id":"00000000-0000-05b2-ffff-ffff000001af"}&amp#27;[39m
&amp#27;[38;5;32m[AndroidUiautomator2Driver@c35c (83760a3e)]&amp#27;[0m Calling AppiumDriver.click() with args: ["00000000-0000-05b2-ffff-ffff000001af","83760a3e-13d9-4f16-93c9-f76dc55a2f2d"]
&amp#27;[38;5;32m[AndroidUiautomator2Driver@c35c (83760a3e)]&amp#27;[0m Matched '/element/00000000-0000-05b2-ffff-ffff000001af/click' to command name 'click'
&amp#27;[38;5;32m[AndroidUiautomator2Driver@c35c (83760a3e)]&amp#27;[0m Proxying [POST /element/00000000-0000-05b2-ffff-ffff000001af/click] to [POST http://127.0.0.1:8201/session/a4f15fa2-b955-4911-9a5c-74159e5f2769/element/00000000-0000-05b2-ffff-ffff000001af/click] with body: {"element":"00000000-0000-05b2-ffff-ffff000001af"}
&amp#27;[38;5;32m[AndroidUiautomator2Driver@c35c (83760a3e)]&amp#27;[0m Got response with status 200: {"sessionId":"a4f15fa2-b955-4911-9a5c-74159e5f2769","value":null}
&amp#27;[38;5;32m[AndroidUiautomator2Driver@c35c (83760a3e)]&amp#27;[0m Responding to client with driver.click() result: null
&amp#27;[38;5;0m[HTTP]&amp#27;[0m &amp#27;[37m<-- POST /session/83760a3e-13d9-4f16-93c9-f76dc55a2f2d/element/00000000-0000-05b2-ffff-ffff000001af/click &amp#27;[39m&amp#27;[32m200&amp#27;[39m &amp#27;[90m147 ms - 14&amp#27;[39m
&amp#27;[38;5;0m[HTTP]&amp#27;[0m &amp#27;[90m&amp#27;[39m
&amp#27;[38;5;0m[HTTP]&amp#27;[0m &amp#27;[37m-->&amp#27;[39m &amp#27;[37mGET&amp#27;[39m &amp#27;[37m/session/83760a3e-13d9-4f16-93c9-f76dc55a2f2d/context&amp#27;[39m
&amp#27;[38;5;0m[HTTP]&amp#27;[0m &amp#27;[90m{}&amp#27;[39m
&amp#27;[38;5;32m[AndroidUiautomator2Driver@c35c (83760a3e)]&amp#27;[0m Calling AppiumDriver.getCurrentContext() with args: ["83760a3e-13d9-4f16-93c9-f76dc55a2f2d"]
&amp#27;[38;5;32m[AndroidUiautomator2Driver@c35c (83760a3e)]&amp#27;[0m Responding to client with driver.getCurrentContext() result: "NATIVE_APP"
&amp#27;[38;5;0m[HTTP]&amp#27;[0m &amp#27;[37m<-- GET /session/83760a3e-13d9-4f16-93c9-f76dc55a2f2d/context &amp#27;[39m&amp#27;[32m200&amp#27;[39m &amp#27;[90m1 ms - 22&amp#27;[39m
&amp#27;[38;5;0m[HTTP]&amp#27;[0m &amp#27;[90m&amp#27;[39m
&amp#27;[38;5;0m[HTTP]&amp#27;[0m &amp#27;[37m-->&amp#27;[39m &amp#27;[37mPOST&amp#27;[39m &amp#27;[37m/session/83760a3e-13d9-4f16-93c9-f76dc55a2f2d/element&amp#27;[39m
&amp#27;[38;5;0m[HTTP]&amp#27;[0m &amp#27;[90m{"using":"accessibility id","value":"menu item catalog"}&amp#27;[39m
&amp#27;[38;5;32m[AndroidUiautomator2Driver@c35c (83760a3e)]&amp#27;[0m Calling AppiumDriver.findElement() with args: ["accessibility id","menu item catalog","83760a3e-13d9-4f16-93c9-f76dc55a2f2d"]
&amp#27;[38;5;32m[AndroidUiautomator2Driver@c35c (83760a3e)]&amp#27;[0m Valid locator strategies for this request: xpath, id, class name, accessibility id, css selector, -android uiautomator
&amp#27;[38;5;32m[AndroidUiautomator2Driver@c35c (83760a3e)]&amp#27;[0m Waiting up to 10000 ms for condition
&amp#27;[38;5;32m[AndroidUiautomator2Driver@c35c (83760a3e)]&amp#27;[0m Matched '/element' to command name 'findElement'
&amp#27;[38;5;32m[AndroidUiautomator2Driver@c35c (83760a3e)]&amp#27;[0m Proxying [POST /element] to [POST http://127.0.0.1:8201/session/a4f15fa2-b955-4911-9a5c-74159e5f2769/element] with body: {"strategy":"accessibility id","selector":"menu item catalog","context":"","multiple":false}
&amp#27;[38;5;32m[AndroidUiautomator2Driver@c35c (83760a3e)]&amp#27;[0m Got response with status 200: {"sessionId":"a4f15fa2-b955-4911-9a5c-74159e5f2769","value":{"ELEMENT":"00000000-0000-05af-ffff-ffff00000090","element-6066-11e4-a52e-4f735466cecf":"00000000-0000-05af-ffff-ffff00000090"}}
&amp#27;[38;5;32m[AndroidUiautomator2Driver@c35c (83760a3e)]&amp#27;[0m Responding to client with driver.findElement() result: {"element-6066-11e4-a52e-4f735466cecf":"00000000-0000-05af-ffff-ffff00000090","ELEMENT":"00000000-0000-05af-ffff-ffff00000090"}
&amp#27;[38;5;0m[HTTP]&amp#27;[0m &amp#27;[37m<-- POST /session/83760a3e-13d9-4f16-93c9-f76dc55a2f2d/element &amp#27;[39m&amp#27;[32m200&amp#27;[39m &amp#27;[90m372 ms - 137&amp#27;[39m
&amp#27;[38;5;0m[HTTP]&amp#27;[0m &amp#27;[90m&amp#27;[39m
&amp#27;[38;5;0m[HTTP]&amp#27;[0m &amp#27;[37m-->&amp#27;[39m &amp#27;[37mPOST&amp#27;[39m &amp#27;[37m/session/83760a3e-13d9-4f16-93c9-f76dc55a2f2d/element/00000000-0000-05af-ffff-ffff00000090/click&amp#27;[39m
&amp#27;[38;5;0m[HTTP]&amp#27;[0m &amp#27;[90m{"id":"00000000-0000-05af-ffff-ffff00000090"}&amp#27;[39m
&amp#27;[38;5;32m[AndroidUiautomator2Driver@c35c (83760a3e)]&amp#27;[0m Calling AppiumDriver.click() with args: ["00000000-0000-05af-ffff-ffff00000090","83760a3e-13d9-4f16-93c9-f76dc55a2f2d"]
&amp#27;[38;5;32m[AndroidUiautomator2Driver@c35c (83760a3e)]&amp#27;[0m Matched '/element/00000000-0000-05af-ffff-ffff00000090/click' to command name 'click'
&amp#27;[38;5;32m[AndroidUiautomator2Driver@c35c (83760a3e)]&amp#27;[0m Proxying [POST /element/00000000-0000-05af-ffff-ffff00000090/click] to [POST http://127.0.0.1:8201/session/a4f15fa2-b955-4911-9a5c-74159e5f2769/element/00000000-0000-05af-ffff-ffff00000090/click] with body: {"element":"00000000-0000-05af-ffff-ffff00000090"}
&amp#27;[38;5;32m[AndroidUiautomator2Driver@c35c (83760a3e)]&amp#27;[0m Got response with status 200: {"sessionId":"a4f15fa2-b955-4911-9a5c-74159e5f2769","value":null}
&amp#27;[38;5;32m[AndroidUiautomator2Driver@c35c (83760a3e)]&amp#27;[0m Responding to client with driver.click() result: null
&amp#27;[38;5;0m[HTTP]&amp#27;[0m &amp#27;[37m<-- POST /session/83760a3e-13d9-4f16-93c9-f76dc55a2f2d/element/00000000-0000-05af-ffff-ffff00000090/click &amp#27;[39m&amp#27;[32m200&amp#27;[39m &amp#27;[90m264 ms - 14&amp#27;[39m
&amp#27;[38;5;0m[HTTP]&amp#27;[0m &amp#27;[90m&amp#27;[39m
&amp#27;[38;5;0m[HTTP]&amp#27;[0m &amp#27;[37m-->&amp#27;[39m &amp#27;[37mPOST&amp#27;[39m &amp#27;[37m/session/83760a3e-13d9-4f16-93c9-f76dc55a2f2d/element&amp#27;[39m
&amp#27;[38;5;0m[HTTP]&amp#27;[0m &amp#27;[90m{"using":"xpath","value":"//android.view.ViewGroup[@content-desc='cart badge']/android.widget.TextView"}&amp#27;[39m
&amp#27;[38;5;32m[AndroidUiautomator2Driver@c35c (83760a3e)]&amp#27;[0m Calling AppiumDriver.findElement() with args: ["xpath","//android.view.ViewGroup[@content-desc='cart badge']/android.widget.TextView","83760a3e-13d9-4f16-93c9-f76dc55a2f2d"]
&amp#27;[38;5;32m[AndroidUiautomator2Driver@c35c (83760a3e)]&amp#27;[0m Valid locator strategies for this request: xpath, id, class name, accessibility id, css selector, -android uiautomator
&amp#27;[38;5;32m[AndroidUiautomator2Driver@c35c (83760a3e)]&amp#27;[0m Waiting up to 10000 ms for condition
&amp#27;[38;5;32m[AndroidUiautomator2Driver@c35c (83760a3e)]&amp#27;[0m Matched '/element' to command name 'findElement'
&amp#27;[38;5;32m[AndroidUiautomator2Driver@c35c (83760a3e)]&amp#27;[0m Proxying [POST /element] to [POST http://127.0.0.1:8201/session/a4f15fa2-b955-4911-9a5c-74159e5f2769/element] with body: {"strategy":"xpath","selector":"//android.view.ViewGroup[@content-desc='cart badge']/android.widget.TextView","context":"","multiple":false}
&amp#27;[38;5;32m[AndroidUiautomator2Driver@c35c (83760a3e)]&amp#27;[0m Got response with status 404: {"sessionId":"a4f15fa2-b955-4911-9a5c-74159e5f2769","value":{"error":"no such element","message":"An element could not be located on the page using the given search parameters","stacktrace":"io.appium.uiautomator2.common.exceptions.ElementNotFoundException: An element could not be located on the page using the given search parameters\n\tat io.appium.uiautomator2.utils.ElementLocationHelpers.findElement(ElementLocationHelpers.java:156)\n\tat io.appium.uiautomator2.handler.FindElement.safeHandle(FindElement.java:60)\n\tat io.appium.uiautomator2.handler.request.SafeRequestHandler.handle(SafeRequestHandler.java:59)\n\tat io.appium.uiautomator2.server.AppiumServlet.handleRequest(AppiumServlet.java:277)\n\tat io.appium.uiautomator2.server.AppiumServlet.handleHttpRequest(AppiumServlet.java:271)\n\tat io.appium.uiautomator2.http.ServerHandler.channelRead(ServerHandler.java:77)\n\tat io.netty.channel.AbstractChannelHandlerContext.invokeChannelRead(AbstractChannelHandlerContext.java:366)\n\tat io.netty.channel.Abstr...
&amp#27;[38;5;144m[W3C]&amp#27;[0m Matched W3C error code 'no such element' to NoSuchElementError
&amp#27;[38;5;32m[AndroidUiautomator2Driver@c35c (83760a3e)]&amp#27;[0m Waited for 1805 ms so far
&amp#27;[38;5;32m[AndroidUiautomator2Driver@c35c (83760a3e)]&amp#27;[0m Matched '/element' to command name 'findElement'
&amp#27;[38;5;32m[AndroidUiautomator2Driver@c35c (83760a3e)]&amp#27;[0m Proxying [POST /element] to [POST http://127.0.0.1:8201/session/a4f15fa2-b955-4911-9a5c-74159e5f2769/element] with body: {"strategy":"xpath","selector":"//android.view.ViewGroup[@content-desc='cart badge']/android.widget.TextView","context":"","multiple":false}
&amp#27;[38;5;32m[AndroidUiautomator2Driver@c35c (83760a3e)]&amp#27;[0m Got response with status 404: {"sessionId":"a4f15fa2-b955-4911-9a5c-74159e5f2769","value":{"error":"no such element","message":"An element could not be located on the page using the given search parameters","stacktrace":"io.appium.uiautomator2.common.exceptions.ElementNotFoundException: An element could not be located on the page using the given search parameters\n\tat io.appium.uiautomator2.utils.ElementLocationHelpers.findElement(ElementLocationHelpers.java:156)\n\tat io.appium.uiautomator2.handler.FindElement.safeHandle(FindElement.java:60)\n\tat io.appium.uiautomator2.handler.request.SafeRequestHandler.handle(SafeRequestHandler.java:59)\n\tat io.appium.uiautomator2.server.AppiumServlet.handleRequest(AppiumServlet.java:277)\n\tat io.appium.uiautomator2.server.AppiumServlet.handleHttpRequest(AppiumServlet.java:271)\n\tat io.appium.uiautomator2.http.ServerHandler.channelRead(ServerHandler.java:77)\n\tat io.netty.channel.AbstractChannelHandlerContext.invokeChannelRead(AbstractChannelHandlerContext.java:366)\n\tat io.netty.channel.Abstr...
&amp#27;[38;5;144m[W3C]&amp#27;[0m Matched W3C error code 'no such element' to NoSuchElementError
&amp#27;[38;5;32m[AndroidUiautomator2Driver@c35c (83760a3e)]&amp#27;[0m Waited for 2970 ms so far
&amp#27;[38;5;32m[AndroidUiautomator2Driver@c35c (83760a3e)]&amp#27;[0m Matched '/element' to command name 'findElement'
&amp#27;[38;5;32m[AndroidUiautomator2Driver@c35c (83760a3e)]&amp#27;[0m Proxying [POST /element] to [POST http://127.0.0.1:8201/session/a4f15fa2-b955-4911-9a5c-74159e5f2769/element] with body: {"strategy":"xpath","selector":"//android.view.ViewGroup[@content-desc='cart badge']/android.widget.TextView","context":"","multiple":false}
&amp#27;[38;5;32m[AndroidUiautomator2Driver@c35c (83760a3e)]&amp#27;[0m Got response with status 404: {"sessionId":"a4f15fa2-b955-4911-9a5c-74159e5f2769","value":{"error":"no such element","message":"An element could not be located on the page using the given search parameters","stacktrace":"io.appium.uiautomator2.common.exceptions.ElementNotFoundException: An element could not be located on the page using the given search parameters\n\tat io.appium.uiautomator2.utils.ElementLocationHelpers.findElement(ElementLocationHelpers.java:156)\n\tat io.appium.uiautomator2.handler.FindElement.safeHandle(FindElement.java:60)\n\tat io.appium.uiautomator2.handler.request.SafeRequestHandler.handle(SafeRequestHandler.java:59)\n\tat io.appium.uiautomator2.server.AppiumServlet.handleRequest(AppiumServlet.java:277)\n\tat io.appium.uiautomator2.server.AppiumServlet.handleHttpRequest(AppiumServlet.java:271)\n\tat io.appium.uiautomator2.http.ServerHandler.channelRead(ServerHandler.java:77)\n\tat io.netty.channel.AbstractChannelHandlerContext.invokeChannelRead(AbstractChannelHandlerContext.java:366)\n\tat io.netty.channel.Abstr...
&amp#27;[38;5;144m[W3C]&amp#27;[0m Matched W3C error code 'no such element' to NoSuchElementError
&amp#27;[38;5;32m[AndroidUiautomator2Driver@c35c (83760a3e)]&amp#27;[0m Waited for 4411 ms so far
&amp#27;[38;5;32m[AndroidUiautomator2Driver@c35c (83760a3e)]&amp#27;[0m Matched '/element' to command name 'findElement'
&amp#27;[38;5;32m[AndroidUiautomator2Driver@c35c (83760a3e)]&amp#27;[0m Proxying [POST /element] to [POST http://127.0.0.1:8201/session/a4f15fa2-b955-4911-9a5c-74159e5f2769/element] with body: {"strategy":"xpath","selector":"//android.view.ViewGroup[@content-desc='cart badge']/android.widget.TextView","context":"","multiple":false}
&amp#27;[38;5;32m[AndroidUiautomator2Driver@c35c (83760a3e)]&amp#27;[0m Got response with status 404: {"sessionId":"a4f15fa2-b955-4911-9a5c-74159e5f2769","value":{"error":"no such element","message":"An element could not be located on the page using the given search parameters","stacktrace":"io.appium.uiautomator2.common.exceptions.ElementNotFoundException: An element could not be located on the page using the given search parameters\n\tat io.appium.uiautomator2.utils.ElementLocationHelpers.findElement(ElementLocationHelpers.java:156)\n\tat io.appium.uiautomator2.handler.FindElement.safeHandle(FindElement.java:60)\n\tat io.appium.uiautomator2.handler.request.SafeRequestHandler.handle(SafeRequestHandler.java:59)\n\tat io.appium.uiautomator2.server.AppiumServlet.handleRequest(AppiumServlet.java:277)\n\tat io.appium.uiautomator2.server.AppiumServlet.handleHttpRequest(AppiumServlet.java:271)\n\tat io.appium.uiautomator2.http.ServerHandler.channelRead(ServerHandler.java:77)\n\tat io.netty.channel.AbstractChannelHandlerContext.invokeChannelRead(AbstractChannelHandlerContext.java:366)\n\tat io.netty.channel.Abstr...
&amp#27;[38;5;144m[W3C]&amp#27;[0m Matched W3C error code 'no such element' to NoSuchElementError
&amp#27;[38;5;32m[AndroidUiautomator2Driver@c35c (83760a3e)]&amp#27;[0m Waited for 5764 ms so far
&amp#27;[38;5;32m[AndroidUiautomator2Driver@c35c (83760a3e)]&amp#27;[0m Matched '/element' to command name 'findElement'
&amp#27;[38;5;32m[AndroidUiautomator2Driver@c35c (83760a3e)]&amp#27;[0m Proxying [POST /element] to [POST http://127.0.0.1:8201/session/a4f15fa2-b955-4911-9a5c-74159e5f2769/element] with body: {"strategy":"xpath","selector":"//android.view.ViewGroup[@content-desc='cart badge']/android.widget.TextView","context":"","multiple":false}
&amp#27;[38;5;32m[AndroidUiautomator2Driver@c35c (83760a3e)]&amp#27;[0m Got response with status 404: {"sessionId":"a4f15fa2-b955-4911-9a5c-74159e5f2769","value":{"error":"no such element","message":"An element could not be located on the page using the given search parameters","stacktrace":"io.appium.uiautomator2.common.exceptions.ElementNotFoundException: An element could not be located on the page using the given search parameters\n\tat io.appium.uiautomator2.utils.ElementLocationHelpers.findElement(ElementLocationHelpers.java:156)\n\tat io.appium.uiautomator2.handler.FindElement.safeHandle(FindElement.java:60)\n\tat io.appium.uiautomator2.handler.request.SafeRequestHandler.handle(SafeRequestHandler.java:59)\n\tat io.appium.uiautomator2.server.AppiumServlet.handleRequest(AppiumServlet.java:277)\n\tat io.appium.uiautomator2.server.AppiumServlet.handleHttpRequest(AppiumServlet.java:271)\n\tat io.appium.uiautomator2.http.ServerHandler.channelRead(ServerHandler.java:77)\n\tat io.netty.channel.AbstractChannelHandlerContext.invokeChannelRead(AbstractChannelHandlerContext.java:366)\n\tat io.netty.channel.Abstr...
&amp#27;[38;5;144m[W3C]&amp#27;[0m Matched W3C error code 'no such element' to NoSuchElementError
&amp#27;[38;5;32m[AndroidUiautomator2Driver@c35c (83760a3e)]&amp#27;[0m Waited for 7094 ms so far
&amp#27;[38;5;32m[AndroidUiautomator2Driver@c35c (83760a3e)]&amp#27;[0m Matched '/element' to command name 'findElement'
&amp#27;[38;5;32m[AndroidUiautomator2Driver@c35c (83760a3e)]&amp#27;[0m Proxying [POST /element] to [POST http://127.0.0.1:8201/session/a4f15fa2-b955-4911-9a5c-74159e5f2769/element] with body: {"strategy":"xpath","selector":"//android.view.ViewGroup[@content-desc='cart badge']/android.widget.TextView","context":"","multiple":false}
&amp#27;[38;5;32m[AndroidUiautomator2Driver@c35c (83760a3e)]&amp#27;[0m Got response with status 404: {"sessionId":"a4f15fa2-b955-4911-9a5c-74159e5f2769","value":{"error":"no such element","message":"An element could not be located on the page using the given search parameters","stacktrace":"io.appium.uiautomator2.common.exceptions.ElementNotFoundException: An element could not be located on the page using the given search parameters\n\tat io.appium.uiautomator2.utils.ElementLocationHelpers.findElement(ElementLocationHelpers.java:156)\n\tat io.appium.uiautomator2.handler.FindElement.safeHandle(FindElement.java:60)\n\tat io.appium.uiautomator2.handler.request.SafeRequestHandler.handle(SafeRequestHandler.java:59)\n\tat io.appium.uiautomator2.server.AppiumServlet.handleRequest(AppiumServlet.java:277)\n\tat io.appium.uiautomator2.server.AppiumServlet.handleHttpRequest(AppiumServlet.java:271)\n\tat io.appium.uiautomator2.http.ServerHandler.channelRead(ServerHandler.java:77)\n\tat io.netty.channel.AbstractChannelHandlerContext.invokeChannelRead(AbstractChannelHandlerContext.java:366)\n\tat io.netty.channel.Abstr...
&amp#27;[38;5;144m[W3C]&amp#27;[0m Matched W3C error code 'no such element' to NoSuchElementError
&amp#27;[38;5;32m[AndroidUiautomator2Driver@c35c (83760a3e)]&amp#27;[0m Waited for 8764 ms so far
&amp#27;[38;5;32m[AndroidUiautomator2Driver@c35c (83760a3e)]&amp#27;[0m Matched '/element' to command name 'findElement'
&amp#27;[38;5;32m[AndroidUiautomator2Driver@c35c (83760a3e)]&amp#27;[0m Proxying [POST /element] to [POST http://127.0.0.1:8201/session/a4f15fa2-b955-4911-9a5c-74159e5f2769/element] with body: {"strategy":"xpath","selector":"//android.view.ViewGroup[@content-desc='cart badge']/android.widget.TextView","context":"","multiple":false}
&amp#27;[38;5;32m[AndroidUiautomator2Driver@c35c (83760a3e)]&amp#27;[0m Got response with status 404: {"sessionId":"a4f15fa2-b955-4911-9a5c-74159e5f2769","value":{"error":"no such element","message":"An element could not be located on the page using the given search parameters","stacktrace":"io.appium.uiautomator2.common.exceptions.ElementNotFoundException: An element could not be located on the page using the given search parameters\n\tat io.appium.uiautomator2.utils.ElementLocationHelpers.findElement(ElementLocationHelpers.java:156)\n\tat io.appium.uiautomator2.handler.FindElement.safeHandle(FindElement.java:60)\n\tat io.appium.uiautomator2.handler.request.SafeRequestHandler.handle(SafeRequestHandler.java:59)\n\tat io.appium.uiautomator2.server.AppiumServlet.handleRequest(AppiumServlet.java:277)\n\tat io.appium.uiautomator2.server.AppiumServlet.handleHttpRequest(AppiumServlet.java:271)\n\tat io.appium.uiautomator2.http.ServerHandler.channelRead(ServerHandler.java:77)\n\tat io.netty.channel.AbstractChannelHandlerContext.invokeChannelRead(AbstractChannelHandlerContext.java:366)\n\tat io.netty.channel.Abstr...
&amp#27;[38;5;144m[W3C]&amp#27;[0m Matched W3C error code 'no such element' to NoSuchElementError
&amp#27;[38;5;32m[AndroidUiautomator2Driver@c35c (83760a3e)]&amp#27;[0m Encountered internal error running command: NoSuchElementError: An element could not be located on the page using the given search parameters.
&amp#27;[38;5;32m[AndroidUiautomator2Driver@c35c (83760a3e)]&amp#27;[0m     at AndroidUiautomator2Driver.findElOrEls (C:\Users\super\.appium\node_modules\appium-uiautomator2-driver\node_modules\appium-android-driver\lib\commands\find.ts:87:11)
&amp#27;[38;5;32m[AndroidUiautomator2Driver@c35c (83760a3e)]&amp#27;[0m     at processTicksAndRejections (node:internal/process/task_queues:95:5)
&amp#27;[38;5;32m[AndroidUiautomator2Driver@c35c (83760a3e)]&amp#27;[0m     at AndroidUiautomator2Driver.findElOrElsWithProcessing (C:\Users\super\AppData\Roaming\npm\node_modules\appium\node_modules\@appium\base-driver\lib\basedriver\commands\find.ts:60:12)
&amp#27;[38;5;32m[AndroidUiautomator2Driver@c35c (83760a3e)]&amp#27;[0m     at AndroidUiautomator2Driver.findElement (C:\Users\super\AppData\Roaming\npm\node_modules\appium\node_modules\@appium\base-driver\lib\basedriver\commands\find.ts:75:12)
&amp#27;[38;5;0m[HTTP]&amp#27;[0m &amp#27;[37m<-- POST /session/83760a3e-13d9-4f16-93c9-f76dc55a2f2d/element &amp#27;[39m&amp#27;[33m404&amp#27;[39m &amp#27;[90m10235 ms - 890&amp#27;[39m
&amp#27;[38;5;0m[HTTP]&amp#27;[0m &amp#27;[90m&amp#27;[39m
&amp#27;[38;5;0m[HTTP]&amp#27;[0m &amp#27;[37m-->&amp#27;[39m &amp#27;[37mGET&amp#27;[39m &amp#27;[37m/session/83760a3e-13d9-4f16-93c9-f76dc55a2f2d/context&amp#27;[39m
&amp#27;[38;5;0m[HTTP]&amp#27;[0m &amp#27;[90m{}&amp#27;[39m
&amp#27;[38;5;32m[AndroidUiautomator2Driver@c35c (83760a3e)]&amp#27;[0m Calling AppiumDriver.getCurrentContext() with args: ["83760a3e-13d9-4f16-93c9-f76dc55a2f2d"]
&amp#27;[38;5;32m[AndroidUiautomator2Driver@c35c (83760a3e)]&amp#27;[0m Responding to client with driver.getCurrentContext() result: "NATIVE_APP"
&amp#27;[38;5;0m[HTTP]&amp#27;[0m &amp#27;[37m<-- GET /session/83760a3e-13d9-4f16-93c9-f76dc55a2f2d/context &amp#27;[39m&amp#27;[32m200&amp#27;[39m &amp#27;[90m1 ms - 22&amp#27;[39m
&amp#27;[38;5;0m[HTTP]&amp#27;[0m &amp#27;[90m&amp#27;[39m
&amp#27;[38;5;0m[HTTP]&amp#27;[0m &amp#27;[37m-->&amp#27;[39m &amp#27;[37mPOST&amp#27;[39m &amp#27;[37m/session/83760a3e-13d9-4f16-93c9-f76dc55a2f2d/element&amp#27;[39m
&amp#27;[38;5;0m[HTTP]&amp#27;[0m &amp#27;[90m{"using":"accessibility id","value":"cart badge"}&amp#27;[39m
&amp#27;[38;5;32m[AndroidUiautomator2Driver@c35c (83760a3e)]&amp#27;[0m Calling AppiumDriver.findElement() with args: ["accessibility id","cart badge","83760a3e-13d9-4f16-93c9-f76dc55a2f2d"]
&amp#27;[38;5;32m[AndroidUiautomator2Driver@c35c (83760a3e)]&amp#27;[0m Valid locator strategies for this request: xpath, id, class name, accessibility id, css selector, -android uiautomator
&amp#27;[38;5;32m[AndroidUiautomator2Driver@c35c (83760a3e)]&amp#27;[0m Waiting up to 10000 ms for condition
&amp#27;[38;5;32m[AndroidUiautomator2Driver@c35c (83760a3e)]&amp#27;[0m Matched '/element' to command name 'findElement'
&amp#27;[38;5;32m[AndroidUiautomator2Driver@c35c (83760a3e)]&amp#27;[0m Proxying [POST /element] to [POST http://127.0.0.1:8201/session/a4f15fa2-b955-4911-9a5c-74159e5f2769/element] with body: {"strategy":"accessibility id","selector":"cart badge","context":"","multiple":false}
&amp#27;[38;5;32m[AndroidUiautomator2Driver@c35c (83760a3e)]&amp#27;[0m Got response with status 200: {"sessionId":"a4f15fa2-b955-4911-9a5c-74159e5f2769","value":{"ELEMENT":"00000000-0000-05af-ffff-ffff00000028","element-6066-11e4-a52e-4f735466cecf":"00000000-0000-05af-ffff-ffff00000028"}}
&amp#27;[38;5;32m[AndroidUiautomator2Driver@c35c (83760a3e)]&amp#27;[0m Responding to client with driver.findElement() result: {"element-6066-11e4-a52e-4f735466cecf":"00000000-0000-05af-ffff-ffff00000028","ELEMENT":"00000000-0000-05af-ffff-ffff00000028"}
&amp#27;[38;5;0m[HTTP]&amp#27;[0m &amp#27;[37m<-- POST /session/83760a3e-13d9-4f16-93c9-f76dc55a2f2d/element &amp#27;[39m&amp#27;[32m200&amp#27;[39m &amp#27;[90m134 ms - 137&amp#27;[39m
&amp#27;[38;5;0m[HTTP]&amp#27;[0m &amp#27;[90m&amp#27;[39m
&amp#27;[38;5;0m[HTTP]&amp#27;[0m &amp#27;[37m-->&amp#27;[39m &amp#27;[37mPOST&amp#27;[39m &amp#27;[37m/session/83760a3e-13d9-4f16-93c9-f76dc55a2f2d/element/00000000-0000-05af-ffff-ffff00000028/click&amp#27;[39m
&amp#27;[38;5;0m[HTTP]&amp#27;[0m &amp#27;[90m{"id":"00000000-0000-05af-ffff-ffff00000028"}&amp#27;[39m
&amp#27;[38;5;32m[AndroidUiautomator2Driver@c35c (83760a3e)]&amp#27;[0m Calling AppiumDriver.click() with args: ["00000000-0000-05af-ffff-ffff00000028","83760a3e-13d9-4f16-93c9-f76dc55a2f2d"]
&amp#27;[38;5;32m[AndroidUiautomator2Driver@c35c (83760a3e)]&amp#27;[0m Matched '/element/00000000-0000-05af-ffff-ffff00000028/click' to command name 'click'
&amp#27;[38;5;32m[AndroidUiautomator2Driver@c35c (83760a3e)]&amp#27;[0m Proxying [POST /element/00000000-0000-05af-ffff-ffff00000028/click] to [POST http://127.0.0.1:8201/session/a4f15fa2-b955-4911-9a5c-74159e5f2769/element/00000000-0000-05af-ffff-ffff00000028/click] with body: {"element":"00000000-0000-05af-ffff-ffff00000028"}
&amp#27;[38;5;32m[AndroidUiautomator2Driver@c35c (83760a3e)]&amp#27;[0m Got response with status 200: {"sessionId":"a4f15fa2-b955-4911-9a5c-74159e5f2769","value":null}
&amp#27;[38;5;32m[AndroidUiautomator2Driver@c35c (83760a3e)]&amp#27;[0m Responding to client with driver.click() result: null
&amp#27;[38;5;0m[HTTP]&amp#27;[0m &amp#27;[37m<-- POST /session/83760a3e-13d9-4f16-93c9-f76dc55a2f2d/element/00000000-0000-05af-ffff-ffff00000028/click &amp#27;[39m&amp#27;[32m200&amp#27;[39m &amp#27;[90m75 ms - 14&amp#27;[39m
&amp#27;[38;5;0m[HTTP]&amp#27;[0m &amp#27;[90m&amp#27;[39m
&amp#27;[38;5;0m[HTTP]&amp#27;[0m &amp#27;[37m-->&amp#27;[39m &amp#27;[37mGET&amp#27;[39m &amp#27;[37m/session/83760a3e-13d9-4f16-93c9-f76dc55a2f2d/context&amp#27;[39m
&amp#27;[38;5;0m[HTTP]&amp#27;[0m &amp#27;[90m{}&amp#27;[39m
&amp#27;[38;5;32m[AndroidUiautomator2Driver@c35c (83760a3e)]&amp#27;[0m Calling AppiumDriver.getCurrentContext() with args: ["83760a3e-13d9-4f16-93c9-f76dc55a2f2d"]
&amp#27;[38;5;32m[AndroidUiautomator2Driver@c35c (83760a3e)]&amp#27;[0m Responding to client with driver.getCurrentContext() result: "NATIVE_APP"
&amp#27;[38;5;0m[HTTP]&amp#27;[0m &amp#27;[37m<-- GET /session/83760a3e-13d9-4f16-93c9-f76dc55a2f2d/context &amp#27;[39m&amp#27;[32m200&amp#27;[39m &amp#27;[90m1 ms - 22&amp#27;[39m
&amp#27;[38;5;0m[HTTP]&amp#27;[0m &amp#27;[90m&amp#27;[39m
&amp#27;[38;5;0m[HTTP]&amp#27;[0m &amp#27;[37m-->&amp#27;[39m &amp#27;[37mPOST&amp#27;[39m &amp#27;[37m/session/83760a3e-13d9-4f16-93c9-f76dc55a2f2d/element&amp#27;[39m
&amp#27;[38;5;0m[HTTP]&amp#27;[0m &amp#27;[90m{"using":"accessibility id","value":"container header"}&amp#27;[39m
&amp#27;[38;5;32m[AndroidUiautomator2Driver@c35c (83760a3e)]&amp#27;[0m Calling AppiumDriver.findElement() with args: ["accessibility id","container header","83760a3e-13d9-4f16-93c9-f76dc55a2f2d"]
&amp#27;[38;5;32m[AndroidUiautomator2Driver@c35c (83760a3e)]&amp#27;[0m Valid locator strategies for this request: xpath, id, class name, accessibility id, css selector, -android uiautomator
&amp#27;[38;5;32m[AndroidUiautomator2Driver@c35c (83760a3e)]&amp#27;[0m Waiting up to 10000 ms for condition
&amp#27;[38;5;32m[AndroidUiautomator2Driver@c35c (83760a3e)]&amp#27;[0m Matched '/element' to command name 'findElement'
&amp#27;[38;5;32m[AndroidUiautomator2Driver@c35c (83760a3e)]&amp#27;[0m Proxying [POST /element] to [POST http://127.0.0.1:8201/session/a4f15fa2-b955-4911-9a5c-74159e5f2769/element] with body: {"strategy":"accessibility id","selector":"container header","context":"","multiple":false}
&amp#27;[38;5;32m[AndroidUiautomator2Driver@c35c (83760a3e)]&amp#27;[0m Got response with status 200: {"sessionId":"a4f15fa2-b955-4911-9a5c-74159e5f2769","value":{"ELEMENT":"00000000-0000-05af-ffff-ffff00000123","element-6066-11e4-a52e-4f735466cecf":"00000000-0000-05af-ffff-ffff00000123"}}
&amp#27;[38;5;32m[AndroidUiautomator2Driver@c35c (83760a3e)]&amp#27;[0m Responding to client with driver.findElement() result: {"element-6066-11e4-a52e-4f735466cecf":"00000000-0000-05af-ffff-ffff00000123","ELEMENT":"00000000-0000-05af-ffff-ffff00000123"}
&amp#27;[38;5;0m[HTTP]&amp#27;[0m &amp#27;[37m<-- POST /session/83760a3e-13d9-4f16-93c9-f76dc55a2f2d/element &amp#27;[39m&amp#27;[32m200&amp#27;[39m &amp#27;[90m448 ms - 137&amp#27;[39m
&amp#27;[38;5;0m[HTTP]&amp#27;[0m &amp#27;[90m&amp#27;[39m
&amp#27;[38;5;0m[HTTP]&amp#27;[0m &amp#27;[37m-->&amp#27;[39m &amp#27;[37mPOST&amp#27;[39m &amp#27;[37m/session/83760a3e-13d9-4f16-93c9-f76dc55a2f2d/element/00000000-0000-05af-ffff-ffff00000123/element&amp#27;[39m
&amp#27;[38;5;0m[HTTP]&amp#27;[0m &amp#27;[90m{"id":"00000000-0000-05af-ffff-ffff00000123","using":"class name","value":"android.widget.TextView"}&amp#27;[39m
&amp#27;[38;5;32m[AndroidUiautomator2Driver@c35c (83760a3e)]&amp#27;[0m Calling AppiumDriver.findElementFromElement() with args: ["class name","android.widget.TextView","00000000-0000-05af-ffff-ffff00000123","83760a3e-13d9-4f16-93c9-f76dc55a2f2d"]
&amp#27;[38;5;32m[AndroidUiautomator2Driver@c35c (83760a3e)]&amp#27;[0m Valid locator strategies for this request: xpath, id, class name, accessibility id, css selector, -android uiautomator
&amp#27;[38;5;32m[AndroidUiautomator2Driver@c35c (83760a3e)]&amp#27;[0m Waiting up to 10000 ms for condition
&amp#27;[38;5;32m[AndroidUiautomator2Driver@c35c (83760a3e)]&amp#27;[0m Matched '/element' to command name 'findElement'
&amp#27;[38;5;32m[AndroidUiautomator2Driver@c35c (83760a3e)]&amp#27;[0m Proxying [POST /element] to [POST http://127.0.0.1:8201/session/a4f15fa2-b955-4911-9a5c-74159e5f2769/element] with body: {"strategy":"class name","selector":"android.widget.TextView","context":"00000000-0000-05af-ffff-ffff00000123","multiple":false}
&amp#27;[38;5;32m[AndroidUiautomator2Driver@c35c (83760a3e)]&amp#27;[0m Got response with status 200: {"sessionId":"a4f15fa2-b955-4911-9a5c-74159e5f2769","value":{"ELEMENT":"00000000-0000-05af-ffff-ffff00000124","element-6066-11e4-a52e-4f735466cecf":"00000000-0000-05af-ffff-ffff00000124"}}
&amp#27;[38;5;32m[AndroidUiautomator2Driver@c35c (83760a3e)]&amp#27;[0m Responding to client with driver.findElementFromElement() result: {"element-6066-11e4-a52e-4f735466cecf":"00000000-0000-05af-ffff-ffff00000124","ELEMENT":"00000000-0000-05af-ffff-ffff00000124"}
&amp#27;[38;5;0m[HTTP]&amp#27;[0m &amp#27;[37m<-- POST /session/83760a3e-13d9-4f16-93c9-f76dc55a2f2d/element/00000000-0000-05af-ffff-ffff00000123/element &amp#27;[39m&amp#27;[32m200&amp#27;[39m &amp#27;[90m72 ms - 137&amp#27;[39m
&amp#27;[38;5;0m[HTTP]&amp#27;[0m &amp#27;[90m&amp#27;[39m
&amp#27;[38;5;0m[HTTP]&amp#27;[0m &amp#27;[37m-->&amp#27;[39m &amp#27;[37mGET&amp#27;[39m &amp#27;[37m/session/83760a3e-13d9-4f16-93c9-f76dc55a2f2d/element/00000000-0000-05af-ffff-ffff00000124/text&amp#27;[39m
&amp#27;[38;5;0m[HTTP]&amp#27;[0m &amp#27;[90m{}&amp#27;[39m
&amp#27;[38;5;32m[AndroidUiautomator2Driver@c35c (83760a3e)]&amp#27;[0m Driver proxy active, passing request on via HTTP proxy
&amp#27;[38;5;32m[AndroidUiautomator2Driver@c35c (83760a3e)]&amp#27;[0m Matched '/session/83760a3e-13d9-4f16-93c9-f76dc55a2f2d/element/00000000-0000-05af-ffff-ffff00000124/text' to command name 'getText'
&amp#27;[38;5;32m[AndroidUiautomator2Driver@c35c (83760a3e)]&amp#27;[0m Proxying [GET /session/83760a3e-13d9-4f16-93c9-f76dc55a2f2d/element/00000000-0000-05af-ffff-ffff00000124/text] to [GET http://127.0.0.1:8201/session/a4f15fa2-b955-4911-9a5c-74159e5f2769/element/00000000-0000-05af-ffff-ffff00000124/text] with no body
&amp#27;[38;5;32m[AndroidUiautomator2Driver@c35c (83760a3e)]&amp#27;[0m Got response with status 200: {"sessionId":"a4f15fa2-b955-4911-9a5c-74159e5f2769","value":"No Items"}
&amp#27;[38;5;32m[AndroidUiautomator2Driver@c35c (83760a3e)]&amp#27;[0m Replacing sessionId a4f15fa2-b955-4911-9a5c-74159e5f2769 with 83760a3e-13d9-4f16-93c9-f76dc55a2f2d
&amp#27;[38;5;0m[HTTP]&amp#27;[0m &amp#27;[37m<-- GET /session/83760a3e-13d9-4f16-93c9-f76dc55a2f2d/element/00000000-0000-05af-ffff-ffff00000124/text &amp#27;[39m&amp#27;[32m200&amp#27;[39m &amp#27;[90m31 ms - 71&amp#27;[39m
&amp#27;[38;5;0m[HTTP]&amp#27;[0m &amp#27;[90m&amp#27;[39m
&amp#27;[38;5;0m[HTTP]&amp#27;[0m &amp#27;[37m-->&amp#27;[39m &amp#27;[37mGET&amp#27;[39m &amp#27;[37m/session/83760a3e-13d9-4f16-93c9-f76dc55a2f2d/context&amp#27;[39m
&amp#27;[38;5;0m[HTTP]&amp#27;[0m &amp#27;[90m{}&amp#27;[39m
&amp#27;[38;5;32m[AndroidUiautomator2Driver@c35c (83760a3e)]&amp#27;[0m Calling AppiumDriver.getCurrentContext() with args: ["83760a3e-13d9-4f16-93c9-f76dc55a2f2d"]
&amp#27;[38;5;32m[AndroidUiautomator2Driver@c35c (83760a3e)]&amp#27;[0m Responding to client with driver.getCurrentContext() result: "NATIVE_APP"
&amp#27;[38;5;0m[HTTP]&amp#27;[0m &amp#27;[37m<-- GET /session/83760a3e-13d9-4f16-93c9-f76dc55a2f2d/context &amp#27;[39m&amp#27;[32m200&amp#27;[39m &amp#27;[90m1 ms - 22&amp#27;[39m
&amp#27;[38;5;0m[HTTP]&amp#27;[0m &amp#27;[90m&amp#27;[39m
&amp#27;[38;5;0m[HTTP]&amp#27;[0m &amp#27;[37m-->&amp#27;[39m &amp#27;[37mPOST&amp#27;[39m &amp#27;[37m/session/83760a3e-13d9-4f16-93c9-f76dc55a2f2d/element&amp#27;[39m
&amp#27;[38;5;0m[HTTP]&amp#27;[0m &amp#27;[90m{"using":"accessibility id","value":"Go Shopping button"}&amp#27;[39m
&amp#27;[38;5;32m[AndroidUiautomator2Driver@c35c (83760a3e)]&amp#27;[0m Calling AppiumDriver.findElement() with args: ["accessibility id","Go Shopping button","83760a3e-13d9-4f16-93c9-f76dc55a2f2d"]
&amp#27;[38;5;32m[AndroidUiautomator2Driver@c35c (83760a3e)]&amp#27;[0m Valid locator strategies for this request: xpath, id, class name, accessibility id, css selector, -android uiautomator
&amp#27;[38;5;32m[AndroidUiautomator2Driver@c35c (83760a3e)]&amp#27;[0m Waiting up to 10000 ms for condition
&amp#27;[38;5;32m[AndroidUiautomator2Driver@c35c (83760a3e)]&amp#27;[0m Matched '/element' to command name 'findElement'
&amp#27;[38;5;32m[AndroidUiautomator2Driver@c35c (83760a3e)]&amp#27;[0m Proxying [POST /element] to [POST http://127.0.0.1:8201/session/a4f15fa2-b955-4911-9a5c-74159e5f2769/element] with body: {"strategy":"accessibility id","selector":"Go Shopping button","context":"","multiple":false}
&amp#27;[38;5;32m[AndroidUiautomator2Driver@c35c (83760a3e)]&amp#27;[0m Got response with status 200: {"sessionId":"a4f15fa2-b955-4911-9a5c-74159e5f2769","value":{"ELEMENT":"00000000-0000-05af-ffff-ffff000001b5","element-6066-11e4-a52e-4f735466cecf":"00000000-0000-05af-ffff-ffff000001b5"}}
&amp#27;[38;5;32m[AndroidUiautomator2Driver@c35c (83760a3e)]&amp#27;[0m Responding to client with driver.findElement() result: {"element-6066-11e4-a52e-4f735466cecf":"00000000-0000-05af-ffff-ffff000001b5","ELEMENT":"00000000-0000-05af-ffff-ffff000001b5"}
&amp#27;[38;5;0m[HTTP]&amp#27;[0m &amp#27;[37m<-- POST /session/83760a3e-13d9-4f16-93c9-f76dc55a2f2d/element &amp#27;[39m&amp#27;[32m200&amp#27;[39m &amp#27;[90m132 ms - 137&amp#27;[39m
&amp#27;[38;5;0m[HTTP]&amp#27;[0m &amp#27;[90m&amp#27;[39m
&amp#27;[38;5;0m[HTTP]&amp#27;[0m &amp#27;[37m-->&amp#27;[39m &amp#27;[37mPOST&amp#27;[39m &amp#27;[37m/session/83760a3e-13d9-4f16-93c9-f76dc55a2f2d/element/00000000-0000-05af-ffff-ffff000001b5/click&amp#27;[39m
&amp#27;[38;5;0m[HTTP]&amp#27;[0m &amp#27;[90m{"id":"00000000-0000-05af-ffff-ffff000001b5"}&amp#27;[39m
&amp#27;[38;5;32m[AndroidUiautomator2Driver@c35c (83760a3e)]&amp#27;[0m Calling AppiumDriver.click() with args: ["00000000-0000-05af-ffff-ffff000001b5","83760a3e-13d9-4f16-93c9-f76dc55a2f2d"]
&amp#27;[38;5;32m[AndroidUiautomator2Driver@c35c (83760a3e)]&amp#27;[0m Matched '/element/00000000-0000-05af-ffff-ffff000001b5/click' to command name 'click'
&amp#27;[38;5;32m[AndroidUiautomator2Driver@c35c (83760a3e)]&amp#27;[0m Proxying [POST /element/00000000-0000-05af-ffff-ffff000001b5/click] to [POST http://127.0.0.1:8201/session/a4f15fa2-b955-4911-9a5c-74159e5f2769/element/00000000-0000-05af-ffff-ffff000001b5/click] with body: {"element":"00000000-0000-05af-ffff-ffff000001b5"}
&amp#27;[38;5;32m[AndroidUiautomator2Driver@c35c (83760a3e)]&amp#27;[0m Got response with status 200: {"sessionId":"a4f15fa2-b955-4911-9a5c-74159e5f2769","value":null}
&amp#27;[38;5;32m[AndroidUiautomator2Driver@c35c (83760a3e)]&amp#27;[0m Responding to client with driver.click() result: null
&amp#27;[38;5;0m[HTTP]&amp#27;[0m &amp#27;[37m<-- POST /session/83760a3e-13d9-4f16-93c9-f76dc55a2f2d/element/00000000-0000-05af-ffff-ffff000001b5/click &amp#27;[39m&amp#27;[32m200&amp#27;[39m &amp#27;[90m65 ms - 14&amp#27;[39m
&amp#27;[38;5;0m[HTTP]&amp#27;[0m &amp#27;[90m&amp#27;[39m
]]></system-out>
  </testcase>
  <testcase name="WebviewTest" classname="testCases.TC2_MenuFeatures" time="26.183">
    <system-out><![CDATA[&amp#27;[38;5;0m[HTTP]&amp#27;[0m &amp#27;[37m-->&amp#27;[39m &amp#27;[37mGET&amp#27;[39m &amp#27;[37m/session/83760a3e-13d9-4f16-93c9-f76dc55a2f2d/context&amp#27;[39m
&amp#27;[38;5;0m[HTTP]&amp#27;[0m &amp#27;[90m{}&amp#27;[39m
&amp#27;[38;5;32m[AndroidUiautomator2Driver@c35c (83760a3e)]&amp#27;[0m Calling AppiumDriver.getCurrentContext() with args: ["83760a3e-13d9-4f16-93c9-f76dc55a2f2d"]
&amp#27;[38;5;32m[AndroidUiautomator2Driver@c35c (83760a3e)]&amp#27;[0m Responding to client with driver.getCurrentContext() result: "NATIVE_APP"
&amp#27;[38;5;0m[HTTP]&amp#27;[0m &amp#27;[37m<-- GET /session/83760a3e-13d9-4f16-93c9-f76dc55a2f2d/context &amp#27;[39m&amp#27;[32m200&amp#27;[39m &amp#27;[90m1 ms - 22&amp#27;[39m
&amp#27;[38;5;0m[HTTP]&amp#27;[0m &amp#27;[90m&amp#27;[39m
&amp#27;[38;5;0m[HTTP]&amp#27;[0m &amp#27;[37m-->&amp#27;[39m &amp#27;[37mPOST&amp#27;[39m &amp#27;[37m/session/83760a3e-13d9-4f16-93c9-f76dc55a2f2d/element&amp#27;[39m
&amp#27;[38;5;0m[HTTP]&amp#27;[0m &amp#27;[90m{"using":"accessibility id","value":"open menu"}&amp#27;[39m
&amp#27;[38;5;32m[AndroidUiautomator2Driver@c35c (83760a3e)]&amp#27;[0m Calling AppiumDriver.findElement() with args: ["accessibility id","open menu","83760a3e-13d9-4f16-93c9-f76dc55a2f2d"]
&amp#27;[38;5;32m[AndroidUiautomator2Driver@c35c (83760a3e)]&amp#27;[0m Valid locator strategies for this request: xpath, id, class name, accessibility id, css selector, -android uiautomator
&amp#27;[38;5;32m[AndroidUiautomator2Driver@c35c (83760a3e)]&amp#27;[0m Waiting up to 10000 ms for condition
&amp#27;[38;5;32m[AndroidUiautomator2Driver@c35c (83760a3e)]&amp#27;[0m Matched '/element' to command name 'findElement'
&amp#27;[38;5;32m[AndroidUiautomator2Driver@c35c (83760a3e)]&amp#27;[0m Proxying [POST /element] to [POST http://127.0.0.1:8201/session/a4f15fa2-b955-4911-9a5c-74159e5f2769/element] with body: {"strategy":"accessibility id","selector":"open menu","context":"","multiple":false}
&amp#27;[38;5;32m[AndroidUiautomator2Driver@c35c (83760a3e)]&amp#27;[0m Got response with status 200: {"sessionId":"a4f15fa2-b955-4911-9a5c-74159e5f2769","value":{"ELEMENT":"00000000-0000-05af-ffff-ffff00000022","element-6066-11e4-a52e-4f735466cecf":"00000000-0000-05af-ffff-ffff00000022"}}
&amp#27;[38;5;32m[AndroidUiautomator2Driver@c35c (83760a3e)]&amp#27;[0m Responding to client with driver.findElement() result: {"element-6066-11e4-a52e-4f735466cecf":"00000000-0000-05af-ffff-ffff00000022","ELEMENT":"00000000-0000-05af-ffff-ffff00000022"}
&amp#27;[38;5;0m[HTTP]&amp#27;[0m &amp#27;[37m<-- POST /session/83760a3e-13d9-4f16-93c9-f76dc55a2f2d/element &amp#27;[39m&amp#27;[32m200&amp#27;[39m &amp#27;[90m551 ms - 137&amp#27;[39m
&amp#27;[38;5;0m[HTTP]&amp#27;[0m &amp#27;[90m&amp#27;[39m
&amp#27;[38;5;0m[HTTP]&amp#27;[0m &amp#27;[37m-->&amp#27;[39m &amp#27;[37mGET&amp#27;[39m &amp#27;[37m/session/83760a3e-13d9-4f16-93c9-f76dc55a2f2d/element/00000000-0000-05af-ffff-ffff00000022/displayed&amp#27;[39m
&amp#27;[38;5;0m[HTTP]&amp#27;[0m &amp#27;[90m{}&amp#27;[39m
&amp#27;[38;5;32m[AndroidUiautomator2Driver@c35c (83760a3e)]&amp#27;[0m Calling AppiumDriver.elementDisplayed() with args: ["00000000-0000-05af-ffff-ffff00000022","83760a3e-13d9-4f16-93c9-f76dc55a2f2d"]
&amp#27;[38;5;32m[AndroidUiautomator2Driver@c35c (83760a3e)]&amp#27;[0m Matched '/element/00000000-0000-05af-ffff-ffff00000022/attribute/displayed' to command name 'getAttribute'
&amp#27;[38;5;32m[AndroidUiautomator2Driver@c35c (83760a3e)]&amp#27;[0m Proxying [GET /element/00000000-0000-05af-ffff-ffff00000022/attribute/displayed] to [GET http://127.0.0.1:8201/session/a4f15fa2-b955-4911-9a5c-74159e5f2769/element/00000000-0000-05af-ffff-ffff00000022/attribute/displayed] with no body
&amp#27;[38;5;32m[AndroidUiautomator2Driver@c35c (83760a3e)]&amp#27;[0m Got response with status 200: {"sessionId":"a4f15fa2-b955-4911-9a5c-74159e5f2769","value":"true"}
&amp#27;[38;5;32m[AndroidUiautomator2Driver@c35c (83760a3e)]&amp#27;[0m Responding to client with driver.elementDisplayed() result: true
&amp#27;[38;5;0m[HTTP]&amp#27;[0m &amp#27;[37m<-- GET /session/83760a3e-13d9-4f16-93c9-f76dc55a2f2d/element/00000000-0000-05af-ffff-ffff00000022/displayed &amp#27;[39m&amp#27;[32m200&amp#27;[39m &amp#27;[90m38 ms - 14&amp#27;[39m
&amp#27;[38;5;0m[HTTP]&amp#27;[0m &amp#27;[90m&amp#27;[39m
&amp#27;[38;5;0m[HTTP]&amp#27;[0m &amp#27;[37m-->&amp#27;[39m &amp#27;[37mGET&amp#27;[39m &amp#27;[37m/session/83760a3e-13d9-4f16-93c9-f76dc55a2f2d/context&amp#27;[39m
&amp#27;[38;5;0m[HTTP]&amp#27;[0m &amp#27;[90m{}&amp#27;[39m
&amp#27;[38;5;32m[AndroidUiautomator2Driver@c35c (83760a3e)]&amp#27;[0m Calling AppiumDriver.getCurrentContext() with args: ["83760a3e-13d9-4f16-93c9-f76dc55a2f2d"]
&amp#27;[38;5;32m[AndroidUiautomator2Driver@c35c (83760a3e)]&amp#27;[0m Responding to client with driver.getCurrentContext() result: "NATIVE_APP"
&amp#27;[38;5;0m[HTTP]&amp#27;[0m &amp#27;[37m<-- GET /session/83760a3e-13d9-4f16-93c9-f76dc55a2f2d/context &amp#27;[39m&amp#27;[32m200&amp#27;[39m &amp#27;[90m2 ms - 22&amp#27;[39m
&amp#27;[38;5;0m[HTTP]&amp#27;[0m &amp#27;[90m&amp#27;[39m
&amp#27;[38;5;0m[HTTP]&amp#27;[0m &amp#27;[37m-->&amp#27;[39m &amp#27;[37mPOST&amp#27;[39m &amp#27;[37m/session/83760a3e-13d9-4f16-93c9-f76dc55a2f2d/element&amp#27;[39m
&amp#27;[38;5;0m[HTTP]&amp#27;[0m &amp#27;[90m{"using":"accessibility id","value":"open menu"}&amp#27;[39m
&amp#27;[38;5;32m[AndroidUiautomator2Driver@c35c (83760a3e)]&amp#27;[0m Calling AppiumDriver.findElement() with args: ["accessibility id","open menu","83760a3e-13d9-4f16-93c9-f76dc55a2f2d"]
&amp#27;[38;5;32m[AndroidUiautomator2Driver@c35c (83760a3e)]&amp#27;[0m Valid locator strategies for this request: xpath, id, class name, accessibility id, css selector, -android uiautomator
&amp#27;[38;5;32m[AndroidUiautomator2Driver@c35c (83760a3e)]&amp#27;[0m Waiting up to 10000 ms for condition
&amp#27;[38;5;32m[AndroidUiautomator2Driver@c35c (83760a3e)]&amp#27;[0m Matched '/element' to command name 'findElement'
&amp#27;[38;5;32m[AndroidUiautomator2Driver@c35c (83760a3e)]&amp#27;[0m Proxying [POST /element] to [POST http://127.0.0.1:8201/session/a4f15fa2-b955-4911-9a5c-74159e5f2769/element] with body: {"strategy":"accessibility id","selector":"open menu","context":"","multiple":false}
&amp#27;[38;5;32m[AndroidUiautomator2Driver@c35c (83760a3e)]&amp#27;[0m Got response with status 200: {"sessionId":"a4f15fa2-b955-4911-9a5c-74159e5f2769","value":{"ELEMENT":"00000000-0000-05af-ffff-ffff00000022","element-6066-11e4-a52e-4f735466cecf":"00000000-0000-05af-ffff-ffff00000022"}}
&amp#27;[38;5;32m[AndroidUiautomator2Driver@c35c (83760a3e)]&amp#27;[0m Responding to client with driver.findElement() result: {"element-6066-11e4-a52e-4f735466cecf":"00000000-0000-05af-ffff-ffff00000022","ELEMENT":"00000000-0000-05af-ffff-ffff00000022"}
&amp#27;[38;5;0m[HTTP]&amp#27;[0m &amp#27;[37m<-- POST /session/83760a3e-13d9-4f16-93c9-f76dc55a2f2d/element &amp#27;[39m&amp#27;[32m200&amp#27;[39m &amp#27;[90m116 ms - 137&amp#27;[39m
&amp#27;[38;5;0m[HTTP]&amp#27;[0m &amp#27;[90m&amp#27;[39m
&amp#27;[38;5;0m[HTTP]&amp#27;[0m &amp#27;[37m-->&amp#27;[39m &amp#27;[37mGET&amp#27;[39m &amp#27;[37m/session/83760a3e-13d9-4f16-93c9-f76dc55a2f2d/element/00000000-0000-05af-ffff-ffff00000022/enabled&amp#27;[39m
&amp#27;[38;5;0m[HTTP]&amp#27;[0m &amp#27;[90m{}&amp#27;[39m
&amp#27;[38;5;32m[AndroidUiautomator2Driver@c35c (83760a3e)]&amp#27;[0m Calling AppiumDriver.elementEnabled() with args: ["00000000-0000-05af-ffff-ffff00000022","83760a3e-13d9-4f16-93c9-f76dc55a2f2d"]
&amp#27;[38;5;32m[AndroidUiautomator2Driver@c35c (83760a3e)]&amp#27;[0m Matched '/element/00000000-0000-05af-ffff-ffff00000022/attribute/enabled' to command name 'getAttribute'
&amp#27;[38;5;32m[AndroidUiautomator2Driver@c35c (83760a3e)]&amp#27;[0m Proxying [GET /element/00000000-0000-05af-ffff-ffff00000022/attribute/enabled] to [GET http://127.0.0.1:8201/session/a4f15fa2-b955-4911-9a5c-74159e5f2769/element/00000000-0000-05af-ffff-ffff00000022/attribute/enabled] with no body
&amp#27;[38;5;32m[AndroidUiautomator2Driver@c35c (83760a3e)]&amp#27;[0m Got response with status 200: {"sessionId":"a4f15fa2-b955-4911-9a5c-74159e5f2769","value":"true"}
&amp#27;[38;5;32m[AndroidUiautomator2Driver@c35c (83760a3e)]&amp#27;[0m Responding to client with driver.elementEnabled() result: true
&amp#27;[38;5;0m[HTTP]&amp#27;[0m &amp#27;[37m<-- GET /session/83760a3e-13d9-4f16-93c9-f76dc55a2f2d/element/00000000-0000-05af-ffff-ffff00000022/enabled &amp#27;[39m&amp#27;[32m200&amp#27;[39m &amp#27;[90m28 ms - 14&amp#27;[39m
&amp#27;[38;5;0m[HTTP]&amp#27;[0m &amp#27;[90m&amp#27;[39m
&amp#27;[38;5;0m[HTTP]&amp#27;[0m &amp#27;[37m-->&amp#27;[39m &amp#27;[37mGET&amp#27;[39m &amp#27;[37m/session/83760a3e-13d9-4f16-93c9-f76dc55a2f2d/context&amp#27;[39m
&amp#27;[38;5;0m[HTTP]&amp#27;[0m &amp#27;[90m{}&amp#27;[39m
&amp#27;[38;5;32m[AndroidUiautomator2Driver@c35c (83760a3e)]&amp#27;[0m Calling AppiumDriver.getCurrentContext() with args: ["83760a3e-13d9-4f16-93c9-f76dc55a2f2d"]
&amp#27;[38;5;32m[AndroidUiautomator2Driver@c35c (83760a3e)]&amp#27;[0m Responding to client with driver.getCurrentContext() result: "NATIVE_APP"
&amp#27;[38;5;0m[HTTP]&amp#27;[0m &amp#27;[37m<-- GET /session/83760a3e-13d9-4f16-93c9-f76dc55a2f2d/context &amp#27;[39m&amp#27;[32m200&amp#27;[39m &amp#27;[90m1 ms - 22&amp#27;[39m
&amp#27;[38;5;0m[HTTP]&amp#27;[0m &amp#27;[90m&amp#27;[39m
&amp#27;[38;5;0m[HTTP]&amp#27;[0m &amp#27;[37m-->&amp#27;[39m &amp#27;[37mPOST&amp#27;[39m &amp#27;[37m/session/83760a3e-13d9-4f16-93c9-f76dc55a2f2d/element&amp#27;[39m
&amp#27;[38;5;0m[HTTP]&amp#27;[0m &amp#27;[90m{"using":"accessibility id","value":"open menu"}&amp#27;[39m
&amp#27;[38;5;32m[AndroidUiautomator2Driver@c35c (83760a3e)]&amp#27;[0m Calling AppiumDriver.findElement() with args: ["accessibility id","open menu","83760a3e-13d9-4f16-93c9-f76dc55a2f2d"]
&amp#27;[38;5;32m[AndroidUiautomator2Driver@c35c (83760a3e)]&amp#27;[0m Valid locator strategies for this request: xpath, id, class name, accessibility id, css selector, -android uiautomator
&amp#27;[38;5;32m[AndroidUiautomator2Driver@c35c (83760a3e)]&amp#27;[0m Waiting up to 10000 ms for condition
&amp#27;[38;5;32m[AndroidUiautomator2Driver@c35c (83760a3e)]&amp#27;[0m Matched '/element' to command name 'findElement'
&amp#27;[38;5;32m[AndroidUiautomator2Driver@c35c (83760a3e)]&amp#27;[0m Proxying [POST /element] to [POST http://127.0.0.1:8201/session/a4f15fa2-b955-4911-9a5c-74159e5f2769/element] with body: {"strategy":"accessibility id","selector":"open menu","context":"","multiple":false}
&amp#27;[38;5;32m[AndroidUiautomator2Driver@c35c (83760a3e)]&amp#27;[0m Got response with status 200: {"sessionId":"a4f15fa2-b955-4911-9a5c-74159e5f2769","value":{"ELEMENT":"00000000-0000-05af-ffff-ffff00000022","element-6066-11e4-a52e-4f735466cecf":"00000000-0000-05af-ffff-ffff00000022"}}
&amp#27;[38;5;32m[AndroidUiautomator2Driver@c35c (83760a3e)]&amp#27;[0m Responding to client with driver.findElement() result: {"element-6066-11e4-a52e-4f735466cecf":"00000000-0000-05af-ffff-ffff00000022","ELEMENT":"00000000-0000-05af-ffff-ffff00000022"}
&amp#27;[38;5;0m[HTTP]&amp#27;[0m &amp#27;[37m<-- POST /session/83760a3e-13d9-4f16-93c9-f76dc55a2f2d/element &amp#27;[39m&amp#27;[32m200&amp#27;[39m &amp#27;[90m113 ms - 137&amp#27;[39m
&amp#27;[38;5;0m[HTTP]&amp#27;[0m &amp#27;[90m&amp#27;[39m
&amp#27;[38;5;0m[HTTP]&amp#27;[0m &amp#27;[37m-->&amp#27;[39m &amp#27;[37mPOST&amp#27;[39m &amp#27;[37m/session/83760a3e-13d9-4f16-93c9-f76dc55a2f2d/element/00000000-0000-05af-ffff-ffff00000022/click&amp#27;[39m
&amp#27;[38;5;0m[HTTP]&amp#27;[0m &amp#27;[90m{"id":"00000000-0000-05af-ffff-ffff00000022"}&amp#27;[39m
&amp#27;[38;5;32m[AndroidUiautomator2Driver@c35c (83760a3e)]&amp#27;[0m Calling AppiumDriver.click() with args: ["00000000-0000-05af-ffff-ffff00000022","83760a3e-13d9-4f16-93c9-f76dc55a2f2d"]
&amp#27;[38;5;32m[AndroidUiautomator2Driver@c35c (83760a3e)]&amp#27;[0m Matched '/element/00000000-0000-05af-ffff-ffff00000022/click' to command name 'click'
&amp#27;[38;5;32m[AndroidUiautomator2Driver@c35c (83760a3e)]&amp#27;[0m Proxying [POST /element/00000000-0000-05af-ffff-ffff00000022/click] to [POST http://127.0.0.1:8201/session/a4f15fa2-b955-4911-9a5c-74159e5f2769/element/00000000-0000-05af-ffff-ffff00000022/click] with body: {"element":"00000000-0000-05af-ffff-ffff00000022"}
&amp#27;[38;5;32m[AndroidUiautomator2Driver@c35c (83760a3e)]&amp#27;[0m Got response with status 200: {"sessionId":"a4f15fa2-b955-4911-9a5c-74159e5f2769","value":null}
&amp#27;[38;5;32m[AndroidUiautomator2Driver@c35c (83760a3e)]&amp#27;[0m Responding to client with driver.click() result: null
&amp#27;[38;5;0m[HTTP]&amp#27;[0m &amp#27;[37m<-- POST /session/83760a3e-13d9-4f16-93c9-f76dc55a2f2d/element/00000000-0000-05af-ffff-ffff00000022/click &amp#27;[39m&amp#27;[32m200&amp#27;[39m &amp#27;[90m79 ms - 14&amp#27;[39m
&amp#27;[38;5;0m[HTTP]&amp#27;[0m &amp#27;[90m&amp#27;[39m
&amp#27;[38;5;0m[HTTP]&amp#27;[0m &amp#27;[37m-->&amp#27;[39m &amp#27;[37mGET&amp#27;[39m &amp#27;[37m/session/83760a3e-13d9-4f16-93c9-f76dc55a2f2d/context&amp#27;[39m
&amp#27;[38;5;0m[HTTP]&amp#27;[0m &amp#27;[90m{}&amp#27;[39m
&amp#27;[38;5;32m[AndroidUiautomator2Driver@c35c (83760a3e)]&amp#27;[0m Calling AppiumDriver.getCurrentContext() with args: ["83760a3e-13d9-4f16-93c9-f76dc55a2f2d"]
&amp#27;[38;5;32m[AndroidUiautomator2Driver@c35c (83760a3e)]&amp#27;[0m Responding to client with driver.getCurrentContext() result: "NATIVE_APP"
&amp#27;[38;5;0m[HTTP]&amp#27;[0m &amp#27;[37m<-- GET /session/83760a3e-13d9-4f16-93c9-f76dc55a2f2d/context &amp#27;[39m&amp#27;[32m200&amp#27;[39m &amp#27;[90m1 ms - 22&amp#27;[39m
&amp#27;[38;5;0m[HTTP]&amp#27;[0m &amp#27;[90m&amp#27;[39m
&amp#27;[38;5;0m[HTTP]&amp#27;[0m &amp#27;[37m-->&amp#27;[39m &amp#27;[37mPOST&amp#27;[39m &amp#27;[37m/session/83760a3e-13d9-4f16-93c9-f76dc55a2f2d/element&amp#27;[39m
&amp#27;[38;5;0m[HTTP]&amp#27;[0m &amp#27;[90m{"using":"accessibility id","value":"menu item webview"}&amp#27;[39m
&amp#27;[38;5;32m[AndroidUiautomator2Driver@c35c (83760a3e)]&amp#27;[0m Calling AppiumDriver.findElement() with args: ["accessibility id","menu item webview","83760a3e-13d9-4f16-93c9-f76dc55a2f2d"]
&amp#27;[38;5;32m[AndroidUiautomator2Driver@c35c (83760a3e)]&amp#27;[0m Valid locator strategies for this request: xpath, id, class name, accessibility id, css selector, -android uiautomator
&amp#27;[38;5;32m[AndroidUiautomator2Driver@c35c (83760a3e)]&amp#27;[0m Waiting up to 10000 ms for condition
&amp#27;[38;5;32m[AndroidUiautomator2Driver@c35c (83760a3e)]&amp#27;[0m Matched '/element' to command name 'findElement'
&amp#27;[38;5;32m[AndroidUiautomator2Driver@c35c (83760a3e)]&amp#27;[0m Proxying [POST /element] to [POST http://127.0.0.1:8201/session/a4f15fa2-b955-4911-9a5c-74159e5f2769/element] with body: {"strategy":"accessibility id","selector":"menu item webview","context":"","multiple":false}
&amp#27;[38;5;32m[AndroidUiautomator2Driver@c35c (83760a3e)]&amp#27;[0m Got response with status 200: {"sessionId":"a4f15fa2-b955-4911-9a5c-74159e5f2769","value":{"ELEMENT":"00000000-0000-05af-ffff-ffff00000092","element-6066-11e4-a52e-4f735466cecf":"00000000-0000-05af-ffff-ffff00000092"}}
&amp#27;[38;5;32m[AndroidUiautomator2Driver@c35c (83760a3e)]&amp#27;[0m Responding to client with driver.findElement() result: {"element-6066-11e4-a52e-4f735466cecf":"00000000-0000-05af-ffff-ffff00000092","ELEMENT":"00000000-0000-05af-ffff-ffff00000092"}
&amp#27;[38;5;0m[HTTP]&amp#27;[0m &amp#27;[37m<-- POST /session/83760a3e-13d9-4f16-93c9-f76dc55a2f2d/element &amp#27;[39m&amp#27;[32m200&amp#27;[39m &amp#27;[90m620 ms - 137&amp#27;[39m
&amp#27;[38;5;0m[HTTP]&amp#27;[0m &amp#27;[90m&amp#27;[39m
&amp#27;[38;5;0m[HTTP]&amp#27;[0m &amp#27;[37m-->&amp#27;[39m &amp#27;[37mPOST&amp#27;[39m &amp#27;[37m/session/83760a3e-13d9-4f16-93c9-f76dc55a2f2d/element/00000000-0000-05af-ffff-ffff00000092/click&amp#27;[39m
&amp#27;[38;5;0m[HTTP]&amp#27;[0m &amp#27;[90m{"id":"00000000-0000-05af-ffff-ffff00000092"}&amp#27;[39m
&amp#27;[38;5;32m[AndroidUiautomator2Driver@c35c (83760a3e)]&amp#27;[0m Calling AppiumDriver.click() with args: ["00000000-0000-05af-ffff-ffff00000092","83760a3e-13d9-4f16-93c9-f76dc55a2f2d"]
&amp#27;[38;5;32m[AndroidUiautomator2Driver@c35c (83760a3e)]&amp#27;[0m Matched '/element/00000000-0000-05af-ffff-ffff00000092/click' to command name 'click'
&amp#27;[38;5;32m[AndroidUiautomator2Driver@c35c (83760a3e)]&amp#27;[0m Proxying [POST /element/00000000-0000-05af-ffff-ffff00000092/click] to [POST http://127.0.0.1:8201/session/a4f15fa2-b955-4911-9a5c-74159e5f2769/element/00000000-0000-05af-ffff-ffff00000092/click] with body: {"element":"00000000-0000-05af-ffff-ffff00000092"}
&amp#27;[38;5;32m[AndroidUiautomator2Driver@c35c (83760a3e)]&amp#27;[0m Got response with status 200: {"sessionId":"a4f15fa2-b955-4911-9a5c-74159e5f2769","value":null}
&amp#27;[38;5;32m[AndroidUiautomator2Driver@c35c (83760a3e)]&amp#27;[0m Responding to client with driver.click() result: null
&amp#27;[38;5;0m[HTTP]&amp#27;[0m &amp#27;[37m<-- POST /session/83760a3e-13d9-4f16-93c9-f76dc55a2f2d/element/00000000-0000-05af-ffff-ffff00000092/click &amp#27;[39m&amp#27;[32m200&amp#27;[39m &amp#27;[90m975 ms - 14&amp#27;[39m
&amp#27;[38;5;0m[HTTP]&amp#27;[0m &amp#27;[90m&amp#27;[39m
&amp#27;[38;5;0m[HTTP]&amp#27;[0m &amp#27;[37m-->&amp#27;[39m &amp#27;[37mGET&amp#27;[39m &amp#27;[37m/session/83760a3e-13d9-4f16-93c9-f76dc55a2f2d/context&amp#27;[39m
&amp#27;[38;5;0m[HTTP]&amp#27;[0m &amp#27;[90m{}&amp#27;[39m
&amp#27;[38;5;32m[AndroidUiautomator2Driver@c35c (83760a3e)]&amp#27;[0m Calling AppiumDriver.getCurrentContext() with args: ["83760a3e-13d9-4f16-93c9-f76dc55a2f2d"]
&amp#27;[38;5;32m[AndroidUiautomator2Driver@c35c (83760a3e)]&amp#27;[0m Responding to client with driver.getCurrentContext() result: "NATIVE_APP"
&amp#27;[38;5;0m[HTTP]&amp#27;[0m &amp#27;[37m<-- GET /session/83760a3e-13d9-4f16-93c9-f76dc55a2f2d/context &amp#27;[39m&amp#27;[32m200&amp#27;[39m &amp#27;[90m1 ms - 22&amp#27;[39m
&amp#27;[38;5;0m[HTTP]&amp#27;[0m &amp#27;[90m&amp#27;[39m
&amp#27;[38;5;0m[HTTP]&amp#27;[0m &amp#27;[37m-->&amp#27;[39m &amp#27;[37mPOST&amp#27;[39m &amp#27;[37m/session/83760a3e-13d9-4f16-93c9-f76dc55a2f2d/element&amp#27;[39m
&amp#27;[38;5;0m[HTTP]&amp#27;[0m &amp#27;[90m{"using":"accessibility id","value":"container header"}&amp#27;[39m
&amp#27;[38;5;32m[AndroidUiautomator2Driver@c35c (83760a3e)]&amp#27;[0m Calling AppiumDriver.findElement() with args: ["accessibility id","container header","83760a3e-13d9-4f16-93c9-f76dc55a2f2d"]
&amp#27;[38;5;32m[AndroidUiautomator2Driver@c35c (83760a3e)]&amp#27;[0m Valid locator strategies for this request: xpath, id, class name, accessibility id, css selector, -android uiautomator
&amp#27;[38;5;32m[AndroidUiautomator2Driver@c35c (83760a3e)]&amp#27;[0m Waiting up to 10000 ms for condition
&amp#27;[38;5;32m[AndroidUiautomator2Driver@c35c (83760a3e)]&amp#27;[0m Matched '/element' to command name 'findElement'
&amp#27;[38;5;32m[AndroidUiautomator2Driver@c35c (83760a3e)]&amp#27;[0m Proxying [POST /element] to [POST http://127.0.0.1:8201/session/a4f15fa2-b955-4911-9a5c-74159e5f2769/element] with body: {"strategy":"accessibility id","selector":"container header","context":"","multiple":false}
&amp#27;[38;5;32m[AndroidUiautomator2Driver@c35c (83760a3e)]&amp#27;[0m Got response with status 200: {"sessionId":"a4f15fa2-b955-4911-9a5c-74159e5f2769","value":{"ELEMENT":"00000000-0000-05af-ffff-ffff000001c7","element-6066-11e4-a52e-4f735466cecf":"00000000-0000-05af-ffff-ffff000001c7"}}
&amp#27;[38;5;32m[AndroidUiautomator2Driver@c35c (83760a3e)]&amp#27;[0m Responding to client with driver.findElement() result: {"element-6066-11e4-a52e-4f735466cecf":"00000000-0000-05af-ffff-ffff000001c7","ELEMENT":"00000000-0000-05af-ffff-ffff000001c7"}
&amp#27;[38;5;0m[HTTP]&amp#27;[0m &amp#27;[37m<-- POST /session/83760a3e-13d9-4f16-93c9-f76dc55a2f2d/element &amp#27;[39m&amp#27;[32m200&amp#27;[39m &amp#27;[90m1487 ms - 137&amp#27;[39m
&amp#27;[38;5;0m[HTTP]&amp#27;[0m &amp#27;[90m&amp#27;[39m
&amp#27;[38;5;0m[HTTP]&amp#27;[0m &amp#27;[37m-->&amp#27;[39m &amp#27;[37mPOST&amp#27;[39m &amp#27;[37m/session/83760a3e-13d9-4f16-93c9-f76dc55a2f2d/element/00000000-0000-05af-ffff-ffff000001c7/element&amp#27;[39m
&amp#27;[38;5;0m[HTTP]&amp#27;[0m &amp#27;[90m{"id":"00000000-0000-05af-ffff-ffff000001c7","using":"xpath","value":"//android.widget.TextView"}&amp#27;[39m
&amp#27;[38;5;32m[AndroidUiautomator2Driver@c35c (83760a3e)]&amp#27;[0m Calling AppiumDriver.findElementFromElement() with args: ["xpath","//android.widget.TextView","00000000-0000-05af-ffff-ffff000001c7","83760a3e-13d9-4f16-93c9-f76dc55a2f2d"]
&amp#27;[38;5;32m[AndroidUiautomator2Driver@c35c (83760a3e)]&amp#27;[0m Valid locator strategies for this request: xpath, id, class name, accessibility id, css selector, -android uiautomator
&amp#27;[38;5;32m[AndroidUiautomator2Driver@c35c (83760a3e)]&amp#27;[0m Waiting up to 10000 ms for condition
&amp#27;[38;5;32m[AndroidUiautomator2Driver@c35c (83760a3e)]&amp#27;[0m Matched '/element' to command name 'findElement'
&amp#27;[38;5;32m[AndroidUiautomator2Driver@c35c (83760a3e)]&amp#27;[0m Proxying [POST /element] to [POST http://127.0.0.1:8201/session/a4f15fa2-b955-4911-9a5c-74159e5f2769/element] with body: {"strategy":"xpath","selector":"//android.widget.TextView","context":"00000000-0000-05af-ffff-ffff000001c7","multiple":false}
&amp#27;[38;5;32m[AndroidUiautomator2Driver@c35c (83760a3e)]&amp#27;[0m Got response with status 200: {"sessionId":"a4f15fa2-b955-4911-9a5c-74159e5f2769","value":{"ELEMENT":"00000000-0000-05af-ffff-ffff000001c8","element-6066-11e4-a52e-4f735466cecf":"00000000-0000-05af-ffff-ffff000001c8"}}
&amp#27;[38;5;32m[AndroidUiautomator2Driver@c35c (83760a3e)]&amp#27;[0m Responding to client with driver.findElementFromElement() result: {"element-6066-11e4-a52e-4f735466cecf":"00000000-0000-05af-ffff-ffff000001c8","ELEMENT":"00000000-0000-05af-ffff-ffff000001c8"}
&amp#27;[38;5;0m[HTTP]&amp#27;[0m &amp#27;[37m<-- POST /session/83760a3e-13d9-4f16-93c9-f76dc55a2f2d/element/00000000-0000-05af-ffff-ffff000001c7/element &amp#27;[39m&amp#27;[32m200&amp#27;[39m &amp#27;[90m221 ms - 137&amp#27;[39m
&amp#27;[38;5;0m[HTTP]&amp#27;[0m &amp#27;[90m&amp#27;[39m
&amp#27;[38;5;0m[HTTP]&amp#27;[0m &amp#27;[37m-->&amp#27;[39m &amp#27;[37mGET&amp#27;[39m &amp#27;[37m/session/83760a3e-13d9-4f16-93c9-f76dc55a2f2d/element/00000000-0000-05af-ffff-ffff000001c8/text&amp#27;[39m
&amp#27;[38;5;0m[HTTP]&amp#27;[0m &amp#27;[90m{}&amp#27;[39m
&amp#27;[38;5;32m[AndroidUiautomator2Driver@c35c (83760a3e)]&amp#27;[0m Driver proxy active, passing request on via HTTP proxy
&amp#27;[38;5;32m[AndroidUiautomator2Driver@c35c (83760a3e)]&amp#27;[0m Matched '/session/83760a3e-13d9-4f16-93c9-f76dc55a2f2d/element/00000000-0000-05af-ffff-ffff000001c8/text' to command name 'getText'
&amp#27;[38;5;32m[AndroidUiautomator2Driver@c35c (83760a3e)]&amp#27;[0m Proxying [GET /session/83760a3e-13d9-4f16-93c9-f76dc55a2f2d/element/00000000-0000-05af-ffff-ffff000001c8/text] to [GET http://127.0.0.1:8201/session/a4f15fa2-b955-4911-9a5c-74159e5f2769/element/00000000-0000-05af-ffff-ffff000001c8/text] with no body
&amp#27;[38;5;32m[AndroidUiautomator2Driver@c35c (83760a3e)]&amp#27;[0m Got response with status 200: {"sessionId":"a4f15fa2-b955-4911-9a5c-74159e5f2769","value":"Webview"}
&amp#27;[38;5;32m[AndroidUiautomator2Driver@c35c (83760a3e)]&amp#27;[0m Replacing sessionId a4f15fa2-b955-4911-9a5c-74159e5f2769 with 83760a3e-13d9-4f16-93c9-f76dc55a2f2d
&amp#27;[38;5;0m[HTTP]&amp#27;[0m &amp#27;[37m<-- GET /session/83760a3e-13d9-4f16-93c9-f76dc55a2f2d/element/00000000-0000-05af-ffff-ffff000001c8/text &amp#27;[39m&amp#27;[32m200&amp#27;[39m &amp#27;[90m49 ms - 70&amp#27;[39m
&amp#27;[38;5;0m[HTTP]&amp#27;[0m &amp#27;[90m&amp#27;[39m
&amp#27;[38;5;0m[HTTP]&amp#27;[0m &amp#27;[37m-->&amp#27;[39m &amp#27;[37mGET&amp#27;[39m &amp#27;[37m/session/83760a3e-13d9-4f16-93c9-f76dc55a2f2d/context&amp#27;[39m
&amp#27;[38;5;0m[HTTP]&amp#27;[0m &amp#27;[90m{}&amp#27;[39m
&amp#27;[38;5;32m[AndroidUiautomator2Driver@c35c (83760a3e)]&amp#27;[0m Calling AppiumDriver.getCurrentContext() with args: ["83760a3e-13d9-4f16-93c9-f76dc55a2f2d"]
&amp#27;[38;5;32m[AndroidUiautomator2Driver@c35c (83760a3e)]&amp#27;[0m Responding to client with driver.getCurrentContext() result: "NATIVE_APP"
&amp#27;[38;5;0m[HTTP]&amp#27;[0m &amp#27;[37m<-- GET /session/83760a3e-13d9-4f16-93c9-f76dc55a2f2d/context &amp#27;[39m&amp#27;[32m200&amp#27;[39m &amp#27;[90m1 ms - 22&amp#27;[39m
&amp#27;[38;5;0m[HTTP]&amp#27;[0m &amp#27;[90m&amp#27;[39m
&amp#27;[38;5;0m[HTTP]&amp#27;[0m &amp#27;[37m-->&amp#27;[39m &amp#27;[37mPOST&amp#27;[39m &amp#27;[37m/session/83760a3e-13d9-4f16-93c9-f76dc55a2f2d/element&amp#27;[39m
&amp#27;[38;5;0m[HTTP]&amp#27;[0m &amp#27;[90m{"using":"accessibility id","value":"URL input field"}&amp#27;[39m
&amp#27;[38;5;32m[AndroidUiautomator2Driver@c35c (83760a3e)]&amp#27;[0m Calling AppiumDriver.findElement() with args: ["accessibility id","URL input field","83760a3e-13d9-4f16-93c9-f76dc55a2f2d"]
&amp#27;[38;5;32m[AndroidUiautomator2Driver@c35c (83760a3e)]&amp#27;[0m Valid locator strategies for this request: xpath, id, class name, accessibility id, css selector, -android uiautomator
&amp#27;[38;5;32m[AndroidUiautomator2Driver@c35c (83760a3e)]&amp#27;[0m Waiting up to 10000 ms for condition
&amp#27;[38;5;32m[AndroidUiautomator2Driver@c35c (83760a3e)]&amp#27;[0m Matched '/element' to command name 'findElement'
&amp#27;[38;5;32m[AndroidUiautomator2Driver@c35c (83760a3e)]&amp#27;[0m Proxying [POST /element] to [POST http://127.0.0.1:8201/session/a4f15fa2-b955-4911-9a5c-74159e5f2769/element] with body: {"strategy":"accessibility id","selector":"URL input field","context":"","multiple":false}
&amp#27;[38;5;32m[AndroidUiautomator2Driver@c35c (83760a3e)]&amp#27;[0m Got response with status 200: {"sessionId":"a4f15fa2-b955-4911-9a5c-74159e5f2769","value":{"ELEMENT":"00000000-0000-05af-ffff-ffff000001ca","element-6066-11e4-a52e-4f735466cecf":"00000000-0000-05af-ffff-ffff000001ca"}}
&amp#27;[38;5;32m[AndroidUiautomator2Driver@c35c (83760a3e)]&amp#27;[0m Responding to client with driver.findElement() result: {"element-6066-11e4-a52e-4f735466cecf":"00000000-0000-05af-ffff-ffff000001ca","ELEMENT":"00000000-0000-05af-ffff-ffff000001ca"}
&amp#27;[38;5;0m[HTTP]&amp#27;[0m &amp#27;[37m<-- POST /session/83760a3e-13d9-4f16-93c9-f76dc55a2f2d/element &amp#27;[39m&amp#27;[32m200&amp#27;[39m &amp#27;[90m105 ms - 137&amp#27;[39m
&amp#27;[38;5;0m[HTTP]&amp#27;[0m &amp#27;[90m&amp#27;[39m
&amp#27;[38;5;0m[HTTP]&amp#27;[0m &amp#27;[37m-->&amp#27;[39m &amp#27;[37mPOST&amp#27;[39m &amp#27;[37m/session/83760a3e-13d9-4f16-93c9-f76dc55a2f2d/element/00000000-0000-05af-ffff-ffff000001ca/value&amp#27;[39m
&amp#27;[38;5;0m[HTTP]&amp#27;[0m &amp#27;[90m{"id":"00000000-0000-05af-ffff-ffff000001ca","text":"http://www.google.com","value":["h","t","t","p",":","/","/","w","w","w",".","g","o","o","g","l","e",".","c","o","m"]}&amp#27;[39m
&amp#27;[38;5;32m[AndroidUiautomator2Driver@c35c (83760a3e)]&amp#27;[0m Calling AppiumDriver.setValue() with args: [["h","t","t","p",":","/","/","w","w","w",".","g","o","o","g","l","e",".","c","o","m"],"00000000-0000-05af-ffff-ffff000001ca","83760a3e-13d9-4f16-93c9-f76dc55a2f2d"]
&amp#27;[38;5;32m[AndroidUiautomator2Driver@c35c (83760a3e)]&amp#27;[0m Matched '/element/00000000-0000-05af-ffff-ffff000001ca/value' to command name 'setValue'
&amp#27;[38;5;32m[AndroidUiautomator2Driver@c35c (83760a3e)]&amp#27;[0m Added 'value' property ["h","t","t","p",":","/","/","w","w","w",".","g","o","o","g","l","e",".","c","o","m"] to 'setValue' request body
&amp#27;[38;5;32m[AndroidUiautomator2Driver@c35c (83760a3e)]&amp#27;[0m Proxying [POST /element/00000000-0000-05af-ffff-ffff000001ca/value] to [POST http://127.0.0.1:8201/session/a4f15fa2-b955-4911-9a5c-74159e5f2769/element/00000000-0000-05af-ffff-ffff000001ca/value] with body: {"elementId":"00000000-0000-05af-ffff-ffff000001ca","text":"http://www.google.com","replace":false,"value":["h","t","t","p",":","/","/","w","w","w",".","g","o","o","g","l","e",".","c","o","m"]}
&amp#27;[38;5;32m[AndroidUiautomator2Driver@c35c (83760a3e)]&amp#27;[0m Got response with status 200: {"sessionId":"a4f15fa2-b955-4911-9a5c-74159e5f2769","value":null}
&amp#27;[38;5;32m[AndroidUiautomator2Driver@c35c (83760a3e)]&amp#27;[0m Responding to client with driver.setValue() result: null
&amp#27;[38;5;0m[HTTP]&amp#27;[0m &amp#27;[37m<-- POST /session/83760a3e-13d9-4f16-93c9-f76dc55a2f2d/element/00000000-0000-05af-ffff-ffff000001ca/value &amp#27;[39m&amp#27;[32m200&amp#27;[39m &amp#27;[90m563 ms - 14&amp#27;[39m
&amp#27;[38;5;0m[HTTP]&amp#27;[0m &amp#27;[90m&amp#27;[39m
&amp#27;[38;5;0m[HTTP]&amp#27;[0m &amp#27;[37m-->&amp#27;[39m &amp#27;[37mGET&amp#27;[39m &amp#27;[37m/session/83760a3e-13d9-4f16-93c9-f76dc55a2f2d/context&amp#27;[39m
&amp#27;[38;5;0m[HTTP]&amp#27;[0m &amp#27;[90m{}&amp#27;[39m
&amp#27;[38;5;32m[AndroidUiautomator2Driver@c35c (83760a3e)]&amp#27;[0m Calling AppiumDriver.getCurrentContext() with args: ["83760a3e-13d9-4f16-93c9-f76dc55a2f2d"]
&amp#27;[38;5;32m[AndroidUiautomator2Driver@c35c (83760a3e)]&amp#27;[0m Responding to client with driver.getCurrentContext() result: "NATIVE_APP"
&amp#27;[38;5;0m[HTTP]&amp#27;[0m &amp#27;[37m<-- GET /session/83760a3e-13d9-4f16-93c9-f76dc55a2f2d/context &amp#27;[39m&amp#27;[32m200&amp#27;[39m &amp#27;[90m1 ms - 22&amp#27;[39m
&amp#27;[38;5;0m[HTTP]&amp#27;[0m &amp#27;[90m&amp#27;[39m
&amp#27;[38;5;0m[HTTP]&amp#27;[0m &amp#27;[37m-->&amp#27;[39m &amp#27;[37mPOST&amp#27;[39m &amp#27;[37m/session/83760a3e-13d9-4f16-93c9-f76dc55a2f2d/element&amp#27;[39m
&amp#27;[38;5;0m[HTTP]&amp#27;[0m &amp#27;[90m{"using":"accessibility id","value":"Go To Site button"}&amp#27;[39m
&amp#27;[38;5;32m[AndroidUiautomator2Driver@c35c (83760a3e)]&amp#27;[0m Calling AppiumDriver.findElement() with args: ["accessibility id","Go To Site button","83760a3e-13d9-4f16-93c9-f76dc55a2f2d"]
&amp#27;[38;5;32m[AndroidUiautomator2Driver@c35c (83760a3e)]&amp#27;[0m Valid locator strategies for this request: xpath, id, class name, accessibility id, css selector, -android uiautomator
&amp#27;[38;5;32m[AndroidUiautomator2Driver@c35c (83760a3e)]&amp#27;[0m Waiting up to 10000 ms for condition
&amp#27;[38;5;32m[AndroidUiautomator2Driver@c35c (83760a3e)]&amp#27;[0m Matched '/element' to command name 'findElement'
&amp#27;[38;5;32m[AndroidUiautomator2Driver@c35c (83760a3e)]&amp#27;[0m Proxying [POST /element] to [POST http://127.0.0.1:8201/session/a4f15fa2-b955-4911-9a5c-74159e5f2769/element] with body: {"strategy":"accessibility id","selector":"Go To Site button","context":"","multiple":false}
&amp#27;[38;5;32m[AndroidUiautomator2Driver@c35c (83760a3e)]&amp#27;[0m Got response with status 200: {"sessionId":"a4f15fa2-b955-4911-9a5c-74159e5f2769","value":{"ELEMENT":"00000000-0000-05af-ffff-ffff000001cd","element-6066-11e4-a52e-4f735466cecf":"00000000-0000-05af-ffff-ffff000001cd"}}
&amp#27;[38;5;32m[AndroidUiautomator2Driver@c35c (83760a3e)]&amp#27;[0m Responding to client with driver.findElement() result: {"element-6066-11e4-a52e-4f735466cecf":"00000000-0000-05af-ffff-ffff000001cd","ELEMENT":"00000000-0000-05af-ffff-ffff000001cd"}
&amp#27;[38;5;0m[HTTP]&amp#27;[0m &amp#27;[37m<-- POST /session/83760a3e-13d9-4f16-93c9-f76dc55a2f2d/element &amp#27;[39m&amp#27;[32m200&amp#27;[39m &amp#27;[90m654 ms - 137&amp#27;[39m
&amp#27;[38;5;0m[HTTP]&amp#27;[0m &amp#27;[90m&amp#27;[39m
&amp#27;[38;5;0m[HTTP]&amp#27;[0m &amp#27;[37m-->&amp#27;[39m &amp#27;[37mPOST&amp#27;[39m &amp#27;[37m/session/83760a3e-13d9-4f16-93c9-f76dc55a2f2d/element/00000000-0000-05af-ffff-ffff000001cd/click&amp#27;[39m
&amp#27;[38;5;0m[HTTP]&amp#27;[0m &amp#27;[90m{"id":"00000000-0000-05af-ffff-ffff000001cd"}&amp#27;[39m
&amp#27;[38;5;32m[AndroidUiautomator2Driver@c35c (83760a3e)]&amp#27;[0m Calling AppiumDriver.click() with args: ["00000000-0000-05af-ffff-ffff000001cd","83760a3e-13d9-4f16-93c9-f76dc55a2f2d"]
&amp#27;[38;5;32m[AndroidUiautomator2Driver@c35c (83760a3e)]&amp#27;[0m Matched '/element/00000000-0000-05af-ffff-ffff000001cd/click' to command name 'click'
&amp#27;[38;5;32m[AndroidUiautomator2Driver@c35c (83760a3e)]&amp#27;[0m Proxying [POST /element/00000000-0000-05af-ffff-ffff000001cd/click] to [POST http://127.0.0.1:8201/session/a4f15fa2-b955-4911-9a5c-74159e5f2769/element/00000000-0000-05af-ffff-ffff000001cd/click] with body: {"element":"00000000-0000-05af-ffff-ffff000001cd"}
&amp#27;[38;5;32m[AndroidUiautomator2Driver@c35c (83760a3e)]&amp#27;[0m Got response with status 200: {"sessionId":"a4f15fa2-b955-4911-9a5c-74159e5f2769","value":null}
&amp#27;[38;5;32m[AndroidUiautomator2Driver@c35c (83760a3e)]&amp#27;[0m Responding to client with driver.click() result: null
&amp#27;[38;5;0m[HTTP]&amp#27;[0m &amp#27;[37m<-- POST /session/83760a3e-13d9-4f16-93c9-f76dc55a2f2d/element/00000000-0000-05af-ffff-ffff000001cd/click &amp#27;[39m&amp#27;[32m200&amp#27;[39m &amp#27;[90m547 ms - 14&amp#27;[39m
&amp#27;[38;5;0m[HTTP]&amp#27;[0m &amp#27;[90m&amp#27;[39m
&amp#27;[38;5;0m[HTTP]&amp#27;[0m &amp#27;[37m-->&amp#27;[39m &amp#27;[37mGET&amp#27;[39m &amp#27;[37m/session/83760a3e-13d9-4f16-93c9-f76dc55a2f2d/contexts&amp#27;[39m
&amp#27;[38;5;0m[HTTP]&amp#27;[0m &amp#27;[90m{}&amp#27;[39m
&amp#27;[38;5;32m[AndroidUiautomator2Driver@c35c (83760a3e)]&amp#27;[0m Calling AppiumDriver.getContexts() with args: ["83760a3e-13d9-4f16-93c9-f76dc55a2f2d"]
&amp#27;[38;5;80m[AndroidDriver]&amp#27;[0m Getting a list of available webviews
&amp#27;[38;5;64m[ADB]&amp#27;[0m Running 'C:\Users\super\Desktop\Study\Appium\cmdline-tools\bin\platform-tools\adb.exe -P 5037 -s LMG900TMW8KJ7DTSOB shell cat /proc/net/unix'
&amp#27;[38;5;80m[AndroidDriver]&amp#27;[0m Parsed 2 active devtools sockets: ["@chrome_devtools_remote","@webview_devtools_remote_28441"]
&amp#27;[38;5;80m[AndroidDriver]&amp#27;[0m Collecting CDP data of 2 webviews
&amp#27;[38;5;80m[AndroidDriver]&amp#27;[0m Forwarding remote port chrome_devtools_remote to a local port in range 10900..11000
&amp#27;[38;5;80m[AndroidDriver]&amp#27;[0m You could use the 'webviewDevtoolsPort' capability to customize the starting port number
&amp#27;[38;5;80m[AndroidDriver]&amp#27;[0m Forwarding remote port webview_devtools_remote_28441 to a local port in range 10900..11000
&amp#27;[38;5;80m[AndroidDriver]&amp#27;[0m You could use the 'webviewDevtoolsPort' capability to customize the starting port number
&amp#27;[38;5;64m[ADB]&amp#27;[0m Running 'C:\Users\super\Desktop\Study\Appium\cmdline-tools\bin\platform-tools\adb.exe -P 5037 -s LMG900TMW8KJ7DTSOB forward tcp:10900 localabstract:chrome_devtools_remote'
&amp#27;[38;5;64m[ADB]&amp#27;[0m Removing forwarded port socket connection: 10900 
&amp#27;[38;5;64m[ADB]&amp#27;[0m Running 'C:\Users\super\Desktop\Study\Appium\cmdline-tools\bin\platform-tools\adb.exe -P 5037 -s LMG900TMW8KJ7DTSOB forward --remove tcp:10900'
&amp#27;[38;5;64m[ADB]&amp#27;[0m Running 'C:\Users\super\Desktop\Study\Appium\cmdline-tools\bin\platform-tools\adb.exe -P 5037 -s LMG900TMW8KJ7DTSOB forward tcp:10900 localabstract:webview_devtools_remote_28441'
&amp#27;[38;5;64m[ADB]&amp#27;[0m Removing forwarded port socket connection: 10900 
&amp#27;[38;5;64m[ADB]&amp#27;[0m Running 'C:\Users\super\Desktop\Study\Appium\cmdline-tools\bin\platform-tools\adb.exe -P 5037 -s LMG900TMW8KJ7DTSOB forward --remove tcp:10900'
&amp#27;[38;5;80m[AndroidDriver]&amp#27;[0m CDP data collection completed
&amp#27;[38;5;80m[AndroidDriver]&amp#27;[0m WEBVIEW_28441 mapped to pid 28441
&amp#27;[38;5;80m[AndroidDriver]&amp#27;[0m Getting process name for webview 'WEBVIEW_28441'
&amp#27;[38;5;64m[ADB]&amp#27;[0m Running 'C:\Users\super\Desktop\Study\Appium\cmdline-tools\bin\platform-tools\adb.exe -P 5037 -s LMG900TMW8KJ7DTSOB shell ps -A'
&amp#27;[38;5;80m[AndroidDriver]&amp#27;[0m Got process name: 'com.saucelabs.mydemoapp.rn'
&amp#27;[38;5;80m[AndroidDriver]&amp#27;[0m Skipping the webview 'WEBVIEW_28441' at '@webview_devtools_remote_28441' since it has reported having zero pages
&amp#27;[38;5;80m[AndroidDriver]&amp#27;[0m Found 1 webview: ["WEBVIEW_chrome"]
&amp#27;[38;5;32m[AndroidUiautomator2Driver@c35c (83760a3e)]&amp#27;[0m Available contexts: ["NATIVE_APP","WEBVIEW_chrome"]
&amp#27;[38;5;32m[AndroidUiautomator2Driver@c35c (83760a3e)]&amp#27;[0m Responding to client with driver.getContexts() result: ["NATIVE_APP","WEBVIEW_chrome"]
&amp#27;[38;5;0m[HTTP]&amp#27;[0m &amp#27;[37m<-- GET /session/83760a3e-13d9-4f16-93c9-f76dc55a2f2d/contexts &amp#27;[39m&amp#27;[32m200&amp#27;[39m &amp#27;[90m739 ms - 41&amp#27;[39m
&amp#27;[38;5;0m[HTTP]&amp#27;[0m &amp#27;[90m&amp#27;[39m
&amp#27;[38;5;0m[HTTP]&amp#27;[0m &amp#27;[37m-->&amp#27;[39m &amp#27;[37mGET&amp#27;[39m &amp#27;[37m/session/83760a3e-13d9-4f16-93c9-f76dc55a2f2d/context&amp#27;[39m
&amp#27;[38;5;0m[HTTP]&amp#27;[0m &amp#27;[90m{}&amp#27;[39m
&amp#27;[38;5;32m[AndroidUiautomator2Driver@c35c (83760a3e)]&amp#27;[0m Calling AppiumDriver.getCurrentContext() with args: ["83760a3e-13d9-4f16-93c9-f76dc55a2f2d"]
&amp#27;[38;5;32m[AndroidUiautomator2Driver@c35c (83760a3e)]&amp#27;[0m Responding to client with driver.getCurrentContext() result: "NATIVE_APP"
&amp#27;[38;5;0m[HTTP]&amp#27;[0m &amp#27;[37m<-- GET /session/83760a3e-13d9-4f16-93c9-f76dc55a2f2d/context &amp#27;[39m&amp#27;[32m200&amp#27;[39m &amp#27;[90m1 ms - 22&amp#27;[39m
&amp#27;[38;5;0m[HTTP]&amp#27;[0m &amp#27;[90m&amp#27;[39m
&amp#27;[38;5;0m[HTTP]&amp#27;[0m &amp#27;[37m-->&amp#27;[39m &amp#27;[37mPOST&amp#27;[39m &amp#27;[37m/session/83760a3e-13d9-4f16-93c9-f76dc55a2f2d/element&amp#27;[39m
&amp#27;[38;5;0m[HTTP]&amp#27;[0m &amp#27;[90m{"using":"accessibility id","value":"URL-error-message"}&amp#27;[39m
&amp#27;[38;5;32m[AndroidUiautomator2Driver@c35c (83760a3e)]&amp#27;[0m Calling AppiumDriver.findElement() with args: ["accessibility id","URL-error-message","83760a3e-13d9-4f16-93c9-f76dc55a2f2d"]
&amp#27;[38;5;32m[AndroidUiautomator2Driver@c35c (83760a3e)]&amp#27;[0m Valid locator strategies for this request: xpath, id, class name, accessibility id, css selector, -android uiautomator
&amp#27;[38;5;32m[AndroidUiautomator2Driver@c35c (83760a3e)]&amp#27;[0m Waiting up to 10000 ms for condition
&amp#27;[38;5;32m[AndroidUiautomator2Driver@c35c (83760a3e)]&amp#27;[0m Matched '/element' to command name 'findElement'
&amp#27;[38;5;32m[AndroidUiautomator2Driver@c35c (83760a3e)]&amp#27;[0m Proxying [POST /element] to [POST http://127.0.0.1:8201/session/a4f15fa2-b955-4911-9a5c-74159e5f2769/element] with body: {"strategy":"accessibility id","selector":"URL-error-message","context":"","multiple":false}
&amp#27;[38;5;32m[AndroidUiautomator2Driver@c35c (83760a3e)]&amp#27;[0m Got response with status 200: {"sessionId":"a4f15fa2-b955-4911-9a5c-74159e5f2769","value":{"ELEMENT":"00000000-0000-05af-ffff-ffff000001cb","element-6066-11e4-a52e-4f735466cecf":"00000000-0000-05af-ffff-ffff000001cb"}}
&amp#27;[38;5;32m[AndroidUiautomator2Driver@c35c (83760a3e)]&amp#27;[0m Responding to client with driver.findElement() result: {"element-6066-11e4-a52e-4f735466cecf":"00000000-0000-05af-ffff-ffff000001cb","ELEMENT":"00000000-0000-05af-ffff-ffff000001cb"}
&amp#27;[38;5;0m[HTTP]&amp#27;[0m &amp#27;[37m<-- POST /session/83760a3e-13d9-4f16-93c9-f76dc55a2f2d/element &amp#27;[39m&amp#27;[32m200&amp#27;[39m &amp#27;[90m212 ms - 137&amp#27;[39m
&amp#27;[38;5;0m[HTTP]&amp#27;[0m &amp#27;[90m&amp#27;[39m
&amp#27;[38;5;0m[HTTP]&amp#27;[0m &amp#27;[37m-->&amp#27;[39m &amp#27;[37mPOST&amp#27;[39m &amp#27;[37m/session/83760a3e-13d9-4f16-93c9-f76dc55a2f2d/element/00000000-0000-05af-ffff-ffff000001cb/element&amp#27;[39m
&amp#27;[38;5;0m[HTTP]&amp#27;[0m &amp#27;[90m{"id":"00000000-0000-05af-ffff-ffff000001cb","using":"xpath","value":"//android.widget.TextView"}&amp#27;[39m
&amp#27;[38;5;32m[AndroidUiautomator2Driver@c35c (83760a3e)]&amp#27;[0m Calling AppiumDriver.findElementFromElement() with args: ["xpath","//android.widget.TextView","00000000-0000-05af-ffff-ffff000001cb","83760a3e-13d9-4f16-93c9-f76dc55a2f2d"]
&amp#27;[38;5;32m[AndroidUiautomator2Driver@c35c (83760a3e)]&amp#27;[0m Valid locator strategies for this request: xpath, id, class name, accessibility id, css selector, -android uiautomator
&amp#27;[38;5;32m[AndroidUiautomator2Driver@c35c (83760a3e)]&amp#27;[0m Waiting up to 10000 ms for condition
&amp#27;[38;5;32m[AndroidUiautomator2Driver@c35c (83760a3e)]&amp#27;[0m Matched '/element' to command name 'findElement'
&amp#27;[38;5;32m[AndroidUiautomator2Driver@c35c (83760a3e)]&amp#27;[0m Proxying [POST /element] to [POST http://127.0.0.1:8201/session/a4f15fa2-b955-4911-9a5c-74159e5f2769/element] with body: {"strategy":"xpath","selector":"//android.widget.TextView","context":"00000000-0000-05af-ffff-ffff000001cb","multiple":false}
&amp#27;[38;5;32m[AndroidUiautomator2Driver@c35c (83760a3e)]&amp#27;[0m Got response with status 200: {"sessionId":"a4f15fa2-b955-4911-9a5c-74159e5f2769","value":{"ELEMENT":"00000000-0000-05af-ffff-ffff000001d9","element-6066-11e4-a52e-4f735466cecf":"00000000-0000-05af-ffff-ffff000001d9"}}
&amp#27;[38;5;32m[AndroidUiautomator2Driver@c35c (83760a3e)]&amp#27;[0m Responding to client with driver.findElementFromElement() result: {"element-6066-11e4-a52e-4f735466cecf":"00000000-0000-05af-ffff-ffff000001d9","ELEMENT":"00000000-0000-05af-ffff-ffff000001d9"}
&amp#27;[38;5;0m[HTTP]&amp#27;[0m &amp#27;[37m<-- POST /session/83760a3e-13d9-4f16-93c9-f76dc55a2f2d/element/00000000-0000-05af-ffff-ffff000001cb/element &amp#27;[39m&amp#27;[32m200&amp#27;[39m &amp#27;[90m116 ms - 137&amp#27;[39m
&amp#27;[38;5;0m[HTTP]&amp#27;[0m &amp#27;[90m&amp#27;[39m
&amp#27;[38;5;0m[HTTP]&amp#27;[0m &amp#27;[37m-->&amp#27;[39m &amp#27;[37mGET&amp#27;[39m &amp#27;[37m/session/83760a3e-13d9-4f16-93c9-f76dc55a2f2d/element/00000000-0000-05af-ffff-ffff000001d9/text&amp#27;[39m
&amp#27;[38;5;0m[HTTP]&amp#27;[0m &amp#27;[90m{}&amp#27;[39m
&amp#27;[38;5;32m[AndroidUiautomator2Driver@c35c (83760a3e)]&amp#27;[0m Driver proxy active, passing request on via HTTP proxy
&amp#27;[38;5;32m[AndroidUiautomator2Driver@c35c (83760a3e)]&amp#27;[0m Matched '/session/83760a3e-13d9-4f16-93c9-f76dc55a2f2d/element/00000000-0000-05af-ffff-ffff000001d9/text' to command name 'getText'
&amp#27;[38;5;32m[AndroidUiautomator2Driver@c35c (83760a3e)]&amp#27;[0m Proxying [GET /session/83760a3e-13d9-4f16-93c9-f76dc55a2f2d/element/00000000-0000-05af-ffff-ffff000001d9/text] to [GET http://127.0.0.1:8201/session/a4f15fa2-b955-4911-9a5c-74159e5f2769/element/00000000-0000-05af-ffff-ffff000001d9/text] with no body
&amp#27;[38;5;32m[AndroidUiautomator2Driver@c35c (83760a3e)]&amp#27;[0m Got response with status 200: {"sessionId":"a4f15fa2-b955-4911-9a5c-74159e5f2769","value":"Please provide a correct https url."}
&amp#27;[38;5;32m[AndroidUiautomator2Driver@c35c (83760a3e)]&amp#27;[0m Replacing sessionId a4f15fa2-b955-4911-9a5c-74159e5f2769 with 83760a3e-13d9-4f16-93c9-f76dc55a2f2d
&amp#27;[38;5;0m[HTTP]&amp#27;[0m &amp#27;[37m<-- GET /session/83760a3e-13d9-4f16-93c9-f76dc55a2f2d/element/00000000-0000-05af-ffff-ffff000001d9/text &amp#27;[39m&amp#27;[32m200&amp#27;[39m &amp#27;[90m26 ms - 98&amp#27;[39m
&amp#27;[38;5;0m[HTTP]&amp#27;[0m &amp#27;[90m&amp#27;[39m
&amp#27;[38;5;0m[HTTP]&amp#27;[0m &amp#27;[37m-->&amp#27;[39m &amp#27;[37mGET&amp#27;[39m &amp#27;[37m/session/83760a3e-13d9-4f16-93c9-f76dc55a2f2d/context&amp#27;[39m
&amp#27;[38;5;0m[HTTP]&amp#27;[0m &amp#27;[90m{}&amp#27;[39m
&amp#27;[38;5;32m[AndroidUiautomator2Driver@c35c (83760a3e)]&amp#27;[0m Calling AppiumDriver.getCurrentContext() with args: ["83760a3e-13d9-4f16-93c9-f76dc55a2f2d"]
&amp#27;[38;5;32m[AndroidUiautomator2Driver@c35c (83760a3e)]&amp#27;[0m Responding to client with driver.getCurrentContext() result: "NATIVE_APP"
&amp#27;[38;5;0m[HTTP]&amp#27;[0m &amp#27;[37m<-- GET /session/83760a3e-13d9-4f16-93c9-f76dc55a2f2d/context &amp#27;[39m&amp#27;[32m200&amp#27;[39m &amp#27;[90m1 ms - 22&amp#27;[39m
&amp#27;[38;5;0m[HTTP]&amp#27;[0m &amp#27;[90m&amp#27;[39m
&amp#27;[38;5;0m[HTTP]&amp#27;[0m &amp#27;[37m-->&amp#27;[39m &amp#27;[37mPOST&amp#27;[39m &amp#27;[37m/session/83760a3e-13d9-4f16-93c9-f76dc55a2f2d/element&amp#27;[39m
&amp#27;[38;5;0m[HTTP]&amp#27;[0m &amp#27;[90m{"using":"accessibility id","value":"URL input field"}&amp#27;[39m
&amp#27;[38;5;32m[AndroidUiautomator2Driver@c35c (83760a3e)]&amp#27;[0m Calling AppiumDriver.findElement() with args: ["accessibility id","URL input field","83760a3e-13d9-4f16-93c9-f76dc55a2f2d"]
&amp#27;[38;5;32m[AndroidUiautomator2Driver@c35c (83760a3e)]&amp#27;[0m Valid locator strategies for this request: xpath, id, class name, accessibility id, css selector, -android uiautomator
&amp#27;[38;5;32m[AndroidUiautomator2Driver@c35c (83760a3e)]&amp#27;[0m Waiting up to 10000 ms for condition
&amp#27;[38;5;32m[AndroidUiautomator2Driver@c35c (83760a3e)]&amp#27;[0m Matched '/element' to command name 'findElement'
&amp#27;[38;5;32m[AndroidUiautomator2Driver@c35c (83760a3e)]&amp#27;[0m Proxying [POST /element] to [POST http://127.0.0.1:8201/session/a4f15fa2-b955-4911-9a5c-74159e5f2769/element] with body: {"strategy":"accessibility id","selector":"URL input field","context":"","multiple":false}
&amp#27;[38;5;32m[AndroidUiautomator2Driver@c35c (83760a3e)]&amp#27;[0m Got response with status 200: {"sessionId":"a4f15fa2-b955-4911-9a5c-74159e5f2769","value":{"ELEMENT":"00000000-0000-05af-ffff-ffff000001ca","element-6066-11e4-a52e-4f735466cecf":"00000000-0000-05af-ffff-ffff000001ca"}}
&amp#27;[38;5;32m[AndroidUiautomator2Driver@c35c (83760a3e)]&amp#27;[0m Responding to client with driver.findElement() result: {"element-6066-11e4-a52e-4f735466cecf":"00000000-0000-05af-ffff-ffff000001ca","ELEMENT":"00000000-0000-05af-ffff-ffff000001ca"}
&amp#27;[38;5;0m[HTTP]&amp#27;[0m &amp#27;[37m<-- POST /session/83760a3e-13d9-4f16-93c9-f76dc55a2f2d/element &amp#27;[39m&amp#27;[32m200&amp#27;[39m &amp#27;[90m130 ms - 137&amp#27;[39m
&amp#27;[38;5;0m[HTTP]&amp#27;[0m &amp#27;[90m&amp#27;[39m
&amp#27;[38;5;0m[HTTP]&amp#27;[0m &amp#27;[37m-->&amp#27;[39m &amp#27;[37mPOST&amp#27;[39m &amp#27;[37m/session/83760a3e-13d9-4f16-93c9-f76dc55a2f2d/element/00000000-0000-05af-ffff-ffff000001ca/value&amp#27;[39m
&amp#27;[38;5;0m[HTTP]&amp#27;[0m &amp#27;[90m{"id":"00000000-0000-05af-ffff-ffff000001ca","text":"https://www.google.com","value":["h","t","t","p","s",":","/","/","w","w","w",".","g","o","o","g","l","e",".","c","o","m"]}&amp#27;[39m
&amp#27;[38;5;32m[AndroidUiautomator2Driver@c35c (83760a3e)]&amp#27;[0m Calling AppiumDriver.setValue() with args: [["h","t","t","p","s",":","/","/","w","w","w",".","g","o","o","g","l","e",".","c","o","m"],"00000000-0000-05af-ffff-ffff000001ca","83760a3e-13d9-4f16-93c9-f76dc55a2f2d"]
&amp#27;[38;5;32m[AndroidUiautomator2Driver@c35c (83760a3e)]&amp#27;[0m Matched '/element/00000000-0000-05af-ffff-ffff000001ca/value' to command name 'setValue'
&amp#27;[38;5;32m[AndroidUiautomator2Driver@c35c (83760a3e)]&amp#27;[0m Added 'value' property ["h","t","t","p","s",":","/","/","w","w","w",".","g","o","o","g","l","e",".","c","o","m"] to 'setValue' request body
&amp#27;[38;5;32m[AndroidUiautomator2Driver@c35c (83760a3e)]&amp#27;[0m Proxying [POST /element/00000000-0000-05af-ffff-ffff000001ca/value] to [POST http://127.0.0.1:8201/session/a4f15fa2-b955-4911-9a5c-74159e5f2769/element/00000000-0000-05af-ffff-ffff000001ca/value] with body: {"elementId":"00000000-0000-05af-ffff-ffff000001ca","text":"https://www.google.com","replace":false,"value":["h","t","t","p","s",":","/","/","w","w","w",".","g","o","o","g","l","e",".","c","o","m"]}
&amp#27;[38;5;32m[AndroidUiautomator2Driver@c35c (83760a3e)]&amp#27;[0m Got response with status 200: {"sessionId":"a4f15fa2-b955-4911-9a5c-74159e5f2769","value":null}
&amp#27;[38;5;32m[AndroidUiautomator2Driver@c35c (83760a3e)]&amp#27;[0m Responding to client with driver.setValue() result: null
&amp#27;[38;5;0m[HTTP]&amp#27;[0m &amp#27;[37m<-- POST /session/83760a3e-13d9-4f16-93c9-f76dc55a2f2d/element/00000000-0000-05af-ffff-ffff000001ca/value &amp#27;[39m&amp#27;[32m200&amp#27;[39m &amp#27;[90m76 ms - 14&amp#27;[39m
&amp#27;[38;5;0m[HTTP]&amp#27;[0m &amp#27;[90m&amp#27;[39m
&amp#27;[38;5;0m[HTTP]&amp#27;[0m &amp#27;[37m-->&amp#27;[39m &amp#27;[37mGET&amp#27;[39m &amp#27;[37m/session/83760a3e-13d9-4f16-93c9-f76dc55a2f2d/context&amp#27;[39m
&amp#27;[38;5;0m[HTTP]&amp#27;[0m &amp#27;[90m{}&amp#27;[39m
&amp#27;[38;5;32m[AndroidUiautomator2Driver@c35c (83760a3e)]&amp#27;[0m Calling AppiumDriver.getCurrentContext() with args: ["83760a3e-13d9-4f16-93c9-f76dc55a2f2d"]
&amp#27;[38;5;32m[AndroidUiautomator2Driver@c35c (83760a3e)]&amp#27;[0m Responding to client with driver.getCurrentContext() result: "NATIVE_APP"
&amp#27;[38;5;0m[HTTP]&amp#27;[0m &amp#27;[37m<-- GET /session/83760a3e-13d9-4f16-93c9-f76dc55a2f2d/context &amp#27;[39m&amp#27;[32m200&amp#27;[39m &amp#27;[90m1 ms - 22&amp#27;[39m
&amp#27;[38;5;0m[HTTP]&amp#27;[0m &amp#27;[90m&amp#27;[39m
&amp#27;[38;5;0m[HTTP]&amp#27;[0m &amp#27;[37m-->&amp#27;[39m &amp#27;[37mPOST&amp#27;[39m &amp#27;[37m/session/83760a3e-13d9-4f16-93c9-f76dc55a2f2d/element&amp#27;[39m
&amp#27;[38;5;0m[HTTP]&amp#27;[0m &amp#27;[90m{"using":"accessibility id","value":"Go To Site button"}&amp#27;[39m
&amp#27;[38;5;32m[AndroidUiautomator2Driver@c35c (83760a3e)]&amp#27;[0m Calling AppiumDriver.findElement() with args: ["accessibility id","Go To Site button","83760a3e-13d9-4f16-93c9-f76dc55a2f2d"]
&amp#27;[38;5;32m[AndroidUiautomator2Driver@c35c (83760a3e)]&amp#27;[0m Valid locator strategies for this request: xpath, id, class name, accessibility id, css selector, -android uiautomator
&amp#27;[38;5;32m[AndroidUiautomator2Driver@c35c (83760a3e)]&amp#27;[0m Waiting up to 10000 ms for condition
&amp#27;[38;5;32m[AndroidUiautomator2Driver@c35c (83760a3e)]&amp#27;[0m Matched '/element' to command name 'findElement'
&amp#27;[38;5;32m[AndroidUiautomator2Driver@c35c (83760a3e)]&amp#27;[0m Proxying [POST /element] to [POST http://127.0.0.1:8201/session/a4f15fa2-b955-4911-9a5c-74159e5f2769/element] with body: {"strategy":"accessibility id","selector":"Go To Site button","context":"","multiple":false}
&amp#27;[38;5;32m[AndroidUiautomator2Driver@c35c (83760a3e)]&amp#27;[0m Got response with status 200: {"sessionId":"a4f15fa2-b955-4911-9a5c-74159e5f2769","value":{"ELEMENT":"00000000-0000-05af-ffff-ffff000001cd","element-6066-11e4-a52e-4f735466cecf":"00000000-0000-05af-ffff-ffff000001cd"}}
&amp#27;[38;5;32m[AndroidUiautomator2Driver@c35c (83760a3e)]&amp#27;[0m Responding to client with driver.findElement() result: {"element-6066-11e4-a52e-4f735466cecf":"00000000-0000-05af-ffff-ffff000001cd","ELEMENT":"00000000-0000-05af-ffff-ffff000001cd"}
&amp#27;[38;5;0m[HTTP]&amp#27;[0m &amp#27;[37m<-- POST /session/83760a3e-13d9-4f16-93c9-f76dc55a2f2d/element &amp#27;[39m&amp#27;[32m200&amp#27;[39m &amp#27;[90m680 ms - 137&amp#27;[39m
&amp#27;[38;5;0m[HTTP]&amp#27;[0m &amp#27;[90m&amp#27;[39m
&amp#27;[38;5;0m[HTTP]&amp#27;[0m &amp#27;[37m-->&amp#27;[39m &amp#27;[37mPOST&amp#27;[39m &amp#27;[37m/session/83760a3e-13d9-4f16-93c9-f76dc55a2f2d/element/00000000-0000-05af-ffff-ffff000001cd/click&amp#27;[39m
&amp#27;[38;5;0m[HTTP]&amp#27;[0m &amp#27;[90m{"id":"00000000-0000-05af-ffff-ffff000001cd"}&amp#27;[39m
&amp#27;[38;5;32m[AndroidUiautomator2Driver@c35c (83760a3e)]&amp#27;[0m Calling AppiumDriver.click() with args: ["00000000-0000-05af-ffff-ffff000001cd","83760a3e-13d9-4f16-93c9-f76dc55a2f2d"]
&amp#27;[38;5;32m[AndroidUiautomator2Driver@c35c (83760a3e)]&amp#27;[0m Matched '/element/00000000-0000-05af-ffff-ffff000001cd/click' to command name 'click'
&amp#27;[38;5;32m[AndroidUiautomator2Driver@c35c (83760a3e)]&amp#27;[0m Proxying [POST /element/00000000-0000-05af-ffff-ffff000001cd/click] to [POST http://127.0.0.1:8201/session/a4f15fa2-b955-4911-9a5c-74159e5f2769/element/00000000-0000-05af-ffff-ffff000001cd/click] with body: {"element":"00000000-0000-05af-ffff-ffff000001cd"}
&amp#27;[38;5;32m[AndroidUiautomator2Driver@c35c (83760a3e)]&amp#27;[0m Got response with status 200: {"sessionId":"a4f15fa2-b955-4911-9a5c-74159e5f2769","value":null}
&amp#27;[38;5;32m[AndroidUiautomator2Driver@c35c (83760a3e)]&amp#27;[0m Responding to client with driver.click() result: null
&amp#27;[38;5;0m[HTTP]&amp#27;[0m &amp#27;[37m<-- POST /session/83760a3e-13d9-4f16-93c9-f76dc55a2f2d/element/00000000-0000-05af-ffff-ffff000001cd/click &amp#27;[39m&amp#27;[32m200&amp#27;[39m &amp#27;[90m92 ms - 14&amp#27;[39m
&amp#27;[38;5;0m[HTTP]&amp#27;[0m &amp#27;[90m&amp#27;[39m
&amp#27;[38;5;0m[HTTP]&amp#27;[0m &amp#27;[37m-->&amp#27;[39m &amp#27;[37mGET&amp#27;[39m &amp#27;[37m/session/83760a3e-13d9-4f16-93c9-f76dc55a2f2d/contexts&amp#27;[39m
&amp#27;[38;5;0m[HTTP]&amp#27;[0m &amp#27;[90m{}&amp#27;[39m
&amp#27;[38;5;32m[AndroidUiautomator2Driver@c35c (83760a3e)]&amp#27;[0m Calling AppiumDriver.getContexts() with args: ["83760a3e-13d9-4f16-93c9-f76dc55a2f2d"]
&amp#27;[38;5;80m[AndroidDriver]&amp#27;[0m Getting a list of available webviews
&amp#27;[38;5;64m[ADB]&amp#27;[0m Running 'C:\Users\super\Desktop\Study\Appium\cmdline-tools\bin\platform-tools\adb.exe -P 5037 -s LMG900TMW8KJ7DTSOB shell cat /proc/net/unix'
&amp#27;[38;5;80m[AndroidDriver]&amp#27;[0m Parsed 2 active devtools sockets: ["@chrome_devtools_remote","@webview_devtools_remote_28441"]
&amp#27;[38;5;80m[AndroidDriver]&amp#27;[0m Collecting CDP data of 2 webviews
&amp#27;[38;5;80m[AndroidDriver]&amp#27;[0m Forwarding remote port chrome_devtools_remote to a local port in range 10900..11000
&amp#27;[38;5;80m[AndroidDriver]&amp#27;[0m You could use the 'webviewDevtoolsPort' capability to customize the starting port number
&amp#27;[38;5;80m[AndroidDriver]&amp#27;[0m Forwarding remote port webview_devtools_remote_28441 to a local port in range 10900..11000
&amp#27;[38;5;80m[AndroidDriver]&amp#27;[0m You could use the 'webviewDevtoolsPort' capability to customize the starting port number
&amp#27;[38;5;64m[ADB]&amp#27;[0m Running 'C:\Users\super\Desktop\Study\Appium\cmdline-tools\bin\platform-tools\adb.exe -P 5037 -s LMG900TMW8KJ7DTSOB forward tcp:10900 localabstract:chrome_devtools_remote'
&amp#27;[38;5;64m[ADB]&amp#27;[0m Removing forwarded port socket connection: 10900 
&amp#27;[38;5;64m[ADB]&amp#27;[0m Running 'C:\Users\super\Desktop\Study\Appium\cmdline-tools\bin\platform-tools\adb.exe -P 5037 -s LMG900TMW8KJ7DTSOB forward --remove tcp:10900'
&amp#27;[38;5;64m[ADB]&amp#27;[0m Running 'C:\Users\super\Desktop\Study\Appium\cmdline-tools\bin\platform-tools\adb.exe -P 5037 -s LMG900TMW8KJ7DTSOB forward tcp:10900 localabstract:webview_devtools_remote_28441'
&amp#27;[38;5;64m[ADB]&amp#27;[0m Removing forwarded port socket connection: 10900 
&amp#27;[38;5;64m[ADB]&amp#27;[0m Running 'C:\Users\super\Desktop\Study\Appium\cmdline-tools\bin\platform-tools\adb.exe -P 5037 -s LMG900TMW8KJ7DTSOB forward --remove tcp:10900'
&amp#27;[38;5;80m[AndroidDriver]&amp#27;[0m CDP data collection completed
&amp#27;[38;5;80m[AndroidDriver]&amp#27;[0m WEBVIEW_28441 mapped to pid 28441
&amp#27;[38;5;80m[AndroidDriver]&amp#27;[0m Getting process name for webview 'WEBVIEW_28441'
&amp#27;[38;5;64m[ADB]&amp#27;[0m Running 'C:\Users\super\Desktop\Study\Appium\cmdline-tools\bin\platform-tools\adb.exe -P 5037 -s LMG900TMW8KJ7DTSOB shell ps -A'
&amp#27;[38;5;80m[AndroidDriver]&amp#27;[0m Got process name: 'com.saucelabs.mydemoapp.rn'
&amp#27;[38;5;80m[AndroidDriver]&amp#27;[0m Found 2 webviews: ["WEBVIEW_chrome","WEBVIEW_com.saucelabs.mydemoapp.rn"]
&amp#27;[38;5;32m[AndroidUiautomator2Driver@c35c (83760a3e)]&amp#27;[0m Available contexts: ["NATIVE_APP","WEBVIEW_chrome","WEBVIEW_com.saucelabs.mydemoapp.rn"]
&amp#27;[38;5;32m[AndroidUiautomator2Driver@c35c (83760a3e)]&amp#27;[0m Responding to client with driver.getContexts() result: ["NATIVE_APP","WEBVIEW_chrome","WEBVIEW_com.saucelabs.mydemoapp.rn"]
&amp#27;[38;5;0m[HTTP]&amp#27;[0m &amp#27;[37m<-- GET /session/83760a3e-13d9-4f16-93c9-f76dc55a2f2d/contexts &amp#27;[39m&amp#27;[32m200&amp#27;[39m &amp#27;[90m749 ms - 78&amp#27;[39m
&amp#27;[38;5;0m[HTTP]&amp#27;[0m &amp#27;[90m&amp#27;[39m
&amp#27;[38;5;0m[HTTP]&amp#27;[0m &amp#27;[37m-->&amp#27;[39m &amp#27;[37mPOST&amp#27;[39m &amp#27;[37m/session/83760a3e-13d9-4f16-93c9-f76dc55a2f2d/context&amp#27;[39m
&amp#27;[38;5;0m[HTTP]&amp#27;[0m &amp#27;[90m{"name":"WEBVIEW_com.saucelabs.mydemoapp.rn"}&amp#27;[39m
&amp#27;[38;5;32m[AndroidUiautomator2Driver@c35c (83760a3e)]&amp#27;[0m Calling AppiumDriver.setContext() with args: ["WEBVIEW_com.saucelabs.mydemoapp.rn","83760a3e-13d9-4f16-93c9-f76dc55a2f2d"]
&amp#27;[38;5;80m[AndroidDriver]&amp#27;[0m Getting a list of available webviews
&amp#27;[38;5;64m[ADB]&amp#27;[0m Running 'C:\Users\super\Desktop\Study\Appium\cmdline-tools\bin\platform-tools\adb.exe -P 5037 -s LMG900TMW8KJ7DTSOB shell cat /proc/net/unix'
&amp#27;[38;5;80m[AndroidDriver]&amp#27;[0m Parsed 2 active devtools sockets: ["@chrome_devtools_remote","@webview_devtools_remote_28441"]
&amp#27;[38;5;80m[AndroidDriver]&amp#27;[0m Collecting CDP data of 2 webviews
&amp#27;[38;5;80m[AndroidDriver]&amp#27;[0m Forwarding remote port chrome_devtools_remote to a local port in range 10900..11000
&amp#27;[38;5;80m[AndroidDriver]&amp#27;[0m You could use the 'webviewDevtoolsPort' capability to customize the starting port number
&amp#27;[38;5;80m[AndroidDriver]&amp#27;[0m Forwarding remote port webview_devtools_remote_28441 to a local port in range 10900..11000
&amp#27;[38;5;80m[AndroidDriver]&amp#27;[0m You could use the 'webviewDevtoolsPort' capability to customize the starting port number
&amp#27;[38;5;64m[ADB]&amp#27;[0m Running 'C:\Users\super\Desktop\Study\Appium\cmdline-tools\bin\platform-tools\adb.exe -P 5037 -s LMG900TMW8KJ7DTSOB forward tcp:10900 localabstract:chrome_devtools_remote'
&amp#27;[38;5;64m[ADB]&amp#27;[0m Removing forwarded port socket connection: 10900 
&amp#27;[38;5;64m[ADB]&amp#27;[0m Running 'C:\Users\super\Desktop\Study\Appium\cmdline-tools\bin\platform-tools\adb.exe -P 5037 -s LMG900TMW8KJ7DTSOB forward --remove tcp:10900'
&amp#27;[38;5;64m[ADB]&amp#27;[0m Running 'C:\Users\super\Desktop\Study\Appium\cmdline-tools\bin\platform-tools\adb.exe -P 5037 -s LMG900TMW8KJ7DTSOB forward tcp:10900 localabstract:webview_devtools_remote_28441'
&amp#27;[38;5;64m[ADB]&amp#27;[0m Removing forwarded port socket connection: 10900 
&amp#27;[38;5;64m[ADB]&amp#27;[0m Running 'C:\Users\super\Desktop\Study\Appium\cmdline-tools\bin\platform-tools\adb.exe -P 5037 -s LMG900TMW8KJ7DTSOB forward --remove tcp:10900'
&amp#27;[38;5;80m[AndroidDriver]&amp#27;[0m CDP data collection completed
&amp#27;[38;5;80m[AndroidDriver]&amp#27;[0m WEBVIEW_28441 mapped to pid 28441
&amp#27;[38;5;80m[AndroidDriver]&amp#27;[0m Getting process name for webview 'WEBVIEW_28441'
&amp#27;[38;5;64m[ADB]&amp#27;[0m Running 'C:\Users\super\Desktop\Study\Appium\cmdline-tools\bin\platform-tools\adb.exe -P 5037 -s LMG900TMW8KJ7DTSOB shell ps -A'
&amp#27;[38;5;80m[AndroidDriver]&amp#27;[0m Got process name: 'com.saucelabs.mydemoapp.rn'
&amp#27;[38;5;80m[AndroidDriver]&amp#27;[0m Found 2 webviews: ["WEBVIEW_chrome","WEBVIEW_com.saucelabs.mydemoapp.rn"]
&amp#27;[38;5;32m[AndroidUiautomator2Driver@c35c (83760a3e)]&amp#27;[0m Available contexts: ["NATIVE_APP","WEBVIEW_chrome","WEBVIEW_com.saucelabs.mydemoapp.rn"]
&amp#27;[38;5;32m[AndroidUiautomator2Driver@c35c (83760a3e)]&amp#27;[0m Connecting to chrome-backed webview context 'WEBVIEW_com.saucelabs.mydemoapp.rn'
&amp#27;[38;5;32m[AndroidUiautomator2Driver@c35c (83760a3e)]&amp#27;[0m A port was not given, using random free port: 65359
&amp#27;[38;5;32m[AndroidUiautomator2Driver@c35c (83760a3e)]&amp#27;[0m Passing web view details to the Chromedriver constructor: {
&amp#27;[38;5;32m[AndroidUiautomator2Driver@c35c (83760a3e)]&amp#27;[0m   "info": {
&amp#27;[38;5;32m[AndroidUiautomator2Driver@c35c (83760a3e)]&amp#27;[0m     "Android-Package": "com.saucelabs.mydemoapp.rn",
&amp#27;[38;5;32m[AndroidUiautomator2Driver@c35c (83760a3e)]&amp#27;[0m     "Browser": "Chrome/121.0.6167.143",
&amp#27;[38;5;32m[AndroidUiautomator2Driver@c35c (83760a3e)]&amp#27;[0m     "Protocol-Version": "1.3",
&amp#27;[38;5;32m[AndroidUiautomator2Driver@c35c (83760a3e)]&amp#27;[0m     "User-Agent": "Mozilla/5.0 (Linux; Android 12; LM-G900TM Build/SKQ1.211103.001; wv) AppleWebKit/537.36 (KHTML, like Gecko) Version/4.0 Chrome/121.0.6167.143 Mobile Safari/537.36",
&amp#27;[38;5;32m[AndroidUiautomator2Driver@c35c (83760a3e)]&amp#27;[0m     "V8-Version": "12.1.285.28",
&amp#27;[38;5;32m[AndroidUiautomator2Driver@c35c (83760a3e)]&amp#27;[0m     "WebKit-Version": "537.36 (@6dbe469eca7decf98d44b91675fd0961453c0d21)",
&amp#27;[38;5;32m[AndroidUiautomator2Driver@c35c (83760a3e)]&amp#27;[0m     "webSocketDebuggerUrl": "ws://127.0.0.1:10900/devtools/browser"
&amp#27;[38;5;32m[AndroidUiautomator2Driver@c35c (83760a3e)]&amp#27;[0m   },
&amp#27;[38;5;32m[AndroidUiautomator2Driver@c35c (83760a3e)]&amp#27;[0m   "process": {
&amp#27;[38;5;32m[AndroidUiautomator2Driver@c35c (83760a3e)]&amp#27;[0m     "name": "com.saucelabs.mydemoapp.rn",
&amp#27;[38;5;32m[AndroidUiautomator2Driver@c35c (83760a3e)]&amp#27;[0m     "id": "28441"
&amp#27;[38;5;32m[AndroidUiautomator2Driver@c35c (83760a3e)]&amp#27;[0m   }
&amp#27;[38;5;32m[AndroidUiautomator2Driver@c35c (83760a3e)]&amp#27;[0m }
&amp#27;[38;5;32m[AndroidUiautomator2Driver@c35c (83760a3e)]&amp#27;[0m Automated Chromedriver download is disabled. Use 'chromedriver_autodownload' server feature to enable it
&amp#27;[38;5;80m[AndroidDriver]&amp#27;[0m Precalculated Chromedriver capabilities: {
&amp#27;[38;5;80m[AndroidDriver]&amp#27;[0m   "androidPackage": "com.saucelabs.mydemoapp.rn",
&amp#27;[38;5;80m[AndroidDriver]&amp#27;[0m   "androidUseRunningApp": true,
&amp#27;[38;5;80m[AndroidDriver]&amp#27;[0m   "androidProcess": "com.saucelabs.mydemoapp.rn",
&amp#27;[38;5;80m[AndroidDriver]&amp#27;[0m   "androidDeviceSerial": "LMG900TMW8KJ7DTSOB"
&amp#27;[38;5;80m[AndroidDriver]&amp#27;[0m }
&amp#27;[38;5;32m[AndroidUiautomator2Driver@c35c (83760a3e)]&amp#27;[0m Before starting chromedriver, androidPackage is 'com.saucelabs.mydemoapp.rn'
&amp#27;[38;5;128m[Chromedriver@a1bc]&amp#27;[0m Changed state to 'starting'
&amp#27;[38;5;128m[Chromedriver@a1bc]&amp#27;[0m Set chromedriver binary as: C:\Users\super\Desktop\Study\Appium\chromedriver120\chromedriver.exe
&amp#27;[38;5;128m[Chromedriver@a1bc]&amp#27;[0m Killing any old chromedrivers, running: wmic process where "commandline like '%chromedriver.exe%--port=65359%'" delete
&amp#27;[38;5;128m[Chromedriver@a1bc]&amp#27;[0m Successfully cleaned up old chromedrivers
&amp#27;[38;5;128m[Chromedriver@a1bc]&amp#27;[0m Cleaning this device's adb forwarded port socket connections: LMG900TMW8KJ7DTSOB
&amp#27;[38;5;64m[ADB]&amp#27;[0m List forwarding ports
&amp#27;[38;5;64m[ADB]&amp#27;[0m Running 'C:\Users\super\Desktop\Study\Appium\cmdline-tools\bin\platform-tools\adb.exe -P 5037 -s LMG900TMW8KJ7DTSOB forward --list'
&amp#27;[38;5;128m[Chromedriver@a1bc]&amp#27;[0m Spawning chromedriver with: C:\Users\super\Desktop\Study\Appium\chromedriver120\chromedriver.exe --port=65359 --adb-port=5037 --verbose
&amp#27;[38;5;128m[Chromedriver@a1bc]&amp#27;[0m ChromeDriver version: '120.0.6099.109'
&amp#27;[38;5;128m[Chromedriver@a1bc]&amp#27;[0m Matched '/status' to command name 'getStatus'
&amp#27;[38;5;128m[Chromedriver@a1bc]&amp#27;[0m Proxying [GET /status] to [GET http://127.0.0.1:65359/status] with no body
&amp#27;[38;5;128m[Chromedriver@a1bc]&amp#27;[0m connect ECONNREFUSED 127.0.0.1:65359
&amp#27;[38;5;128m[Chromedriver@a1bc]&amp#27;[0m Matched '/status' to command name 'getStatus'
&amp#27;[38;5;128m[Chromedriver@a1bc]&amp#27;[0m Proxying [GET /status] to [GET http://127.0.0.1:65359/status] with no body
&amp#27;[38;5;128m[Chromedriver@a1bc]&amp#27;[0m Got response with status 200: {"value":{"build":{"version":"120.0.6099.109 (3419140ab665596f21b385ce136419fde0924272-refs/branch-heads/6099@{#1483})"},"message":"ChromeDriver ready for new sessions.","os":{"arch":"x86_64","name":"Windows NT","version":"10.0.19045"},"ready":true}}
&amp#27;[38;5;128m[Chromedriver@a1bc]&amp#27;[0m Starting W3C Chromedriver session with capabilities: {
&amp#27;[38;5;128m[Chromedriver@a1bc]&amp#27;[0m   "capabilities": {
&amp#27;[38;5;128m[Chromedriver@a1bc]&amp#27;[0m     "alwaysMatch": {
&amp#27;[38;5;128m[Chromedriver@a1bc]&amp#27;[0m       "goog:chromeOptions": {
&amp#27;[38;5;128m[Chromedriver@a1bc]&amp#27;[0m         "androidPackage": "com.saucelabs.mydemoapp.rn",
&amp#27;[38;5;128m[Chromedriver@a1bc]&amp#27;[0m         "androidUseRunningApp": true,
&amp#27;[38;5;128m[Chromedriver@a1bc]&amp#27;[0m         "androidProcess": "com.saucelabs.mydemoapp.rn",
&amp#27;[38;5;128m[Chromedriver@a1bc]&amp#27;[0m         "androidDeviceSerial": "LMG900TMW8KJ7DTSOB"
&amp#27;[38;5;128m[Chromedriver@a1bc]&amp#27;[0m       },
&amp#27;[38;5;128m[Chromedriver@a1bc]&amp#27;[0m       "goog:loggingPrefs": {
&amp#27;[38;5;128m[Chromedriver@a1bc]&amp#27;[0m         "browser": "ALL"
&amp#27;[38;5;128m[Chromedriver@a1bc]&amp#27;[0m       }
&amp#27;[38;5;128m[Chromedriver@a1bc]&amp#27;[0m     }
&amp#27;[38;5;128m[Chromedriver@a1bc]&amp#27;[0m   }
&amp#27;[38;5;128m[Chromedriver@a1bc]&amp#27;[0m }
&amp#27;[38;5;128m[Chromedriver@a1bc]&amp#27;[0m Matched '/session' to command name 'createSession'
&amp#27;[38;5;128m[Chromedriver@a1bc]&amp#27;[0m Proxying [POST /session] to [POST http://127.0.0.1:65359/session] with body: {"capabilities":{"alwaysMatch":{"goog:chromeOptions":{"androidPackage":"com.saucelabs.mydemoapp.rn","androidUseRunningApp":true,"androidProcess":"com.saucelabs.mydemoapp.rn","androidDeviceSerial":"LMG900TMW8KJ7DTSOB"},"goog:loggingPrefs":{"browser":"ALL"}}}}
&amp#27;[38;5;128m[Chromedriver@a1bc]&amp#27;[0m Webview version: 'Chrome/121.0.6167.143'
&amp#27;[38;5;128m[Chromedriver@a1bc]&amp#27;[0m Got response with status 200: {"value":{"capabilities":{"acceptInsecureCerts":false,"browserName":"chrome","browserVersion":"121.0.6167.143","chrome":{"chromedriverVersion":"120.0.6099.109 (3419140ab665596f21b385ce136419fde0924272-refs/branch-heads/6099@{#1483})"},"fedcm:accounts":true,"goog:chromeOptions":{"debuggerAddress":"localhost:65369"},"pageLoadStrategy":"normal","platformName":"android","proxy":{},"setWindowRect":false,"strictFileInteractability":false,"timeouts":{"implicit":0,"pageLoad":300000,"script":30000},"unhandledPromptBehavior":"dismiss and notify","webauthn:extension:credBlob":false,"webauthn:extension:largeBlob":false,"webauthn:extension:minPinLength":false,"webauthn:extension:prf":false,"webauthn:virtualAuthenticators":false},"sessionId":"0d3a52b331d08e22237882068560dc9c"}}
&amp#27;[38;5;128m[Chromedriver@a1bc]&amp#27;[0m Determined the downstream protocol as 'W3C'
&amp#27;[38;5;128m[Chromedriver@a1bc (0d3a52b3)]&amp#27;[0m Changed state to 'online'
&amp#27;[38;5;32m[AndroidUiautomator2Driver@c35c (83760a3e)]&amp#27;[0m Responding to client with driver.setContext() result: null
&amp#27;[38;5;0m[HTTP]&amp#27;[0m &amp#27;[37m<-- POST /session/83760a3e-13d9-4f16-93c9-f76dc55a2f2d/context &amp#27;[39m&amp#27;[32m200&amp#27;[39m &amp#27;[90m2052 ms - 14&amp#27;[39m
&amp#27;[38;5;0m[HTTP]&amp#27;[0m &amp#27;[90m&amp#27;[39m
&amp#27;[38;5;0m[HTTP]&amp#27;[0m &amp#27;[37m-->&amp#27;[39m &amp#27;[37mGET&amp#27;[39m &amp#27;[37m/session/83760a3e-13d9-4f16-93c9-f76dc55a2f2d/context&amp#27;[39m
&amp#27;[38;5;0m[HTTP]&amp#27;[0m &amp#27;[90m{}&amp#27;[39m
&amp#27;[38;5;32m[AndroidUiautomator2Driver@c35c (83760a3e)]&amp#27;[0m Calling AppiumDriver.getCurrentContext() with args: ["83760a3e-13d9-4f16-93c9-f76dc55a2f2d"]
&amp#27;[38;5;32m[AndroidUiautomator2Driver@c35c (83760a3e)]&amp#27;[0m Responding to client with driver.getCurrentContext() result: "WEBVIEW_com.saucelabs.mydemoapp.rn"
&amp#27;[38;5;0m[HTTP]&amp#27;[0m &amp#27;[37m<-- GET /session/83760a3e-13d9-4f16-93c9-f76dc55a2f2d/context &amp#27;[39m&amp#27;[32m200&amp#27;[39m &amp#27;[90m1 ms - 46&amp#27;[39m
&amp#27;[38;5;0m[HTTP]&amp#27;[0m &amp#27;[90m&amp#27;[39m
&amp#27;[38;5;0m[HTTP]&amp#27;[0m &amp#27;[37m-->&amp#27;[39m &amp#27;[37mGET&amp#27;[39m &amp#27;[37m/session/83760a3e-13d9-4f16-93c9-f76dc55a2f2d/context&amp#27;[39m
&amp#27;[38;5;0m[HTTP]&amp#27;[0m &amp#27;[90m{}&amp#27;[39m
&amp#27;[38;5;32m[AndroidUiautomator2Driver@c35c (83760a3e)]&amp#27;[0m Calling AppiumDriver.getCurrentContext() with args: ["83760a3e-13d9-4f16-93c9-f76dc55a2f2d"]
&amp#27;[38;5;32m[AndroidUiautomator2Driver@c35c (83760a3e)]&amp#27;[0m Responding to client with driver.getCurrentContext() result: "WEBVIEW_com.saucelabs.mydemoapp.rn"
&amp#27;[38;5;0m[HTTP]&amp#27;[0m &amp#27;[37m<-- GET /session/83760a3e-13d9-4f16-93c9-f76dc55a2f2d/context &amp#27;[39m&amp#27;[32m200&amp#27;[39m &amp#27;[90m1 ms - 46&amp#27;[39m
&amp#27;[38;5;0m[HTTP]&amp#27;[0m &amp#27;[90m&amp#27;[39m
&amp#27;[38;5;0m[HTTP]&amp#27;[0m &amp#27;[37m-->&amp#27;[39m &amp#27;[37mPOST&amp#27;[39m &amp#27;[37m/session/83760a3e-13d9-4f16-93c9-f76dc55a2f2d/element&amp#27;[39m
&amp#27;[38;5;0m[HTTP]&amp#27;[0m &amp#27;[90m{"using":"name","value":"q"}&amp#27;[39m
&amp#27;[38;5;32m[AndroidUiautomator2Driver@c35c (83760a3e)]&amp#27;[0m Driver proxy active, passing request on via HTTP proxy
&amp#27;[38;5;128m[Chromedriver@a1bc (0d3a52b3)]&amp#27;[0m Matched '/session/83760a3e-13d9-4f16-93c9-f76dc55a2f2d/element' to command name 'findElement'
&amp#27;[38;5;128m[Chromedriver@a1bc (0d3a52b3)]&amp#27;[0m Proxying [POST /session/83760a3e-13d9-4f16-93c9-f76dc55a2f2d/element] to [POST http://127.0.0.1:65359/session/0d3a52b331d08e22237882068560dc9c/element] with body: {"using":"name","value":"q"}
&amp#27;[38;5;128m[Chromedriver@a1bc (0d3a52b3)]&amp#27;[0m Got response with status 400: {"value":{"error":"invalid argument","message":"invalid argument: invalid locator\n  (Session info: chrome=121.0.6167.143)","stacktrace":"\tGetHandleVerifier [0x00007FF629392142+3514994]\n\t(No symbol) [0x00007FF628FB0CE2]\n\t(No symbol) [0x00007FF628E576AA]\n\t(No symbol) [0x00007FF628EA0EF5]\n\t(No symbol) [0x00007FF628EA197C]\n\t(No symbol) [0x00007FF628EE4EE7]\n\t(No symbol) [0x00007FF628EC602F]\n\t(No symbol) [0x00007FF628EE28F6]\n\t(No symbol) [0x00007FF628EC5D93]\n\t(No symbol) [0x00007FF628E94BDC]\n\t(No symbol) [0x00007FF628E95C64]\n\tGetHandleVerifier [0x00007FF6293BE16B+3695259]\n\tGetHandleVerifier [0x00007FF629416737+4057191]\n\tGetHandleVerifier [0x00007FF62940E4E3+4023827]\n\tGetHandleVerifier [0x00007FF6290E04F9+689705]\n\t(No symbol) [0x00007FF628FBC048]\n\t(No symbol) [0x00007FF628FB8044]\n\t(No symbol) [0x00007FF628FB81C9]\n\t(No symbol) [0x00007FF628FA88C4]\n\tBaseThreadInitThunk [0x00007FFDCA107344+20]\n\tRtlUserThreadStart [0x00007FFDCB6826B1+33]\n"}}
&amp#27;[38;5;144m[W3C]&amp#27;[0m Matched W3C error code 'invalid argument' to InvalidArgumentError
&amp#27;[38;5;0m[HTTP]&amp#27;[0m &amp#27;[37m<-- POST /session/83760a3e-13d9-4f16-93c9-f76dc55a2f2d/element &amp#27;[39m&amp#27;[33m400&amp#27;[39m &amp#27;[90m27 ms - 987&amp#27;[39m
&amp#27;[38;5;0m[HTTP]&amp#27;[0m &amp#27;[90m&amp#27;[39m
&amp#27;[38;5;0m[HTTP]&amp#27;[0m &amp#27;[37m-->&amp#27;[39m &amp#27;[37mPOST&amp#27;[39m &amp#27;[37m/session/83760a3e-13d9-4f16-93c9-f76dc55a2f2d/element&amp#27;[39m
&amp#27;[38;5;0m[HTTP]&amp#27;[0m &amp#27;[90m{"using":"css selector","value":"*[name='q']"}&amp#27;[39m
&amp#27;[38;5;32m[AndroidUiautomator2Driver@c35c (83760a3e)]&amp#27;[0m Driver proxy active, passing request on via HTTP proxy
&amp#27;[38;5;128m[Chromedriver@a1bc (0d3a52b3)]&amp#27;[0m Matched '/session/83760a3e-13d9-4f16-93c9-f76dc55a2f2d/element' to command name 'findElement'
&amp#27;[38;5;128m[Chromedriver@a1bc (0d3a52b3)]&amp#27;[0m Proxying [POST /session/83760a3e-13d9-4f16-93c9-f76dc55a2f2d/element] to [POST http://127.0.0.1:65359/session/0d3a52b331d08e22237882068560dc9c/element] with body: {"using":"css selector","value":"*[name='q']"}
&amp#27;[38;5;128m[Chromedriver@a1bc (0d3a52b3)]&amp#27;[0m Got response with status 200: {"value":{"element-6066-11e4-a52e-4f735466cecf":"0D6EB23F67D32A8207F6AAD15B2C371C_element_6"}}
&amp#27;[38;5;0m[HTTP]&amp#27;[0m &amp#27;[37m<-- POST /session/83760a3e-13d9-4f16-93c9-f76dc55a2f2d/element &amp#27;[39m&amp#27;[32m200&amp#27;[39m &amp#27;[90m98 ms - 149&amp#27;[39m
&amp#27;[38;5;0m[HTTP]&amp#27;[0m &amp#27;[90m&amp#27;[39m
&amp#27;[38;5;0m[HTTP]&amp#27;[0m &amp#27;[37m-->&amp#27;[39m &amp#27;[37mPOST&amp#27;[39m &amp#27;[37m/session/83760a3e-13d9-4f16-93c9-f76dc55a2f2d/element/0D6EB23F67D32A8207F6AAD15B2C371C_element_6/value&amp#27;[39m
&amp#27;[38;5;0m[HTTP]&amp#27;[0m &amp#27;[90m{"id":"0D6EB23F67D32A8207F6AAD15B2C371C_element_6","text":"reddit","value":["r","e","d","d","i","t"]}&amp#27;[39m
&amp#27;[38;5;32m[AndroidUiautomator2Driver@c35c (83760a3e)]&amp#27;[0m Driver proxy active, passing request on via HTTP proxy
&amp#27;[38;5;128m[Chromedriver@a1bc (0d3a52b3)]&amp#27;[0m Matched '/session/83760a3e-13d9-4f16-93c9-f76dc55a2f2d/element/0D6EB23F67D32A8207F6AAD15B2C371C_element_6/value' to command name 'setValue'
&amp#27;[38;5;128m[Chromedriver@a1bc (0d3a52b3)]&amp#27;[0m Proxying [POST /session/83760a3e-13d9-4f16-93c9-f76dc55a2f2d/element/0D6EB23F67D32A8207F6AAD15B2C371C_element_6/value] to [POST http://127.0.0.1:65359/session/0d3a52b331d08e22237882068560dc9c/element/0D6EB23F67D32A8207F6AAD15B2C371C_element_6/value] with body: {"id":"0D6EB23F67D32A8207F6AAD15B2C371C_element_6","text":"reddit","value":["r","e","d","d","i","t"]}
&amp#27;[38;5;128m[Chromedriver@a1bc (0d3a52b3)]&amp#27;[0m Got response with status 200: {"value":null}
&amp#27;[38;5;0m[HTTP]&amp#27;[0m &amp#27;[37m<-- POST /session/83760a3e-13d9-4f16-93c9-f76dc55a2f2d/element/0D6EB23F67D32A8207F6AAD15B2C371C_element_6/value &amp#27;[39m&amp#27;[32m200&amp#27;[39m &amp#27;[90m456 ms - 14&amp#27;[39m
&amp#27;[38;5;0m[HTTP]&amp#27;[0m &amp#27;[90m&amp#27;[39m
&amp#27;[38;5;0m[HTTP]&amp#27;[0m &amp#27;[37m-->&amp#27;[39m &amp#27;[37mGET&amp#27;[39m &amp#27;[37m/session/83760a3e-13d9-4f16-93c9-f76dc55a2f2d/context&amp#27;[39m
&amp#27;[38;5;0m[HTTP]&amp#27;[0m &amp#27;[90m{}&amp#27;[39m
&amp#27;[38;5;32m[AndroidUiautomator2Driver@c35c (83760a3e)]&amp#27;[0m Calling AppiumDriver.getCurrentContext() with args: ["83760a3e-13d9-4f16-93c9-f76dc55a2f2d"]
&amp#27;[38;5;32m[AndroidUiautomator2Driver@c35c (83760a3e)]&amp#27;[0m Responding to client with driver.getCurrentContext() result: "WEBVIEW_com.saucelabs.mydemoapp.rn"
&amp#27;[38;5;0m[HTTP]&amp#27;[0m &amp#27;[37m<-- GET /session/83760a3e-13d9-4f16-93c9-f76dc55a2f2d/context &amp#27;[39m&amp#27;[32m200&amp#27;[39m &amp#27;[90m1 ms - 46&amp#27;[39m
&amp#27;[38;5;0m[HTTP]&amp#27;[0m &amp#27;[90m&amp#27;[39m
&amp#27;[38;5;0m[HTTP]&amp#27;[0m &amp#27;[37m-->&amp#27;[39m &amp#27;[37mGET&amp#27;[39m &amp#27;[37m/session/83760a3e-13d9-4f16-93c9-f76dc55a2f2d/context&amp#27;[39m
&amp#27;[38;5;0m[HTTP]&amp#27;[0m &amp#27;[90m{}&amp#27;[39m
&amp#27;[38;5;32m[AndroidUiautomator2Driver@c35c (83760a3e)]&amp#27;[0m Calling AppiumDriver.getCurrentContext() with args: ["83760a3e-13d9-4f16-93c9-f76dc55a2f2d"]
&amp#27;[38;5;32m[AndroidUiautomator2Driver@c35c (83760a3e)]&amp#27;[0m Responding to client with driver.getCurrentContext() result: "WEBVIEW_com.saucelabs.mydemoapp.rn"
&amp#27;[38;5;0m[HTTP]&amp#27;[0m &amp#27;[37m<-- GET /session/83760a3e-13d9-4f16-93c9-f76dc55a2f2d/context &amp#27;[39m&amp#27;[32m200&amp#27;[39m &amp#27;[90m1 ms - 46&amp#27;[39m
&amp#27;[38;5;0m[HTTP]&amp#27;[0m &amp#27;[90m&amp#27;[39m
&amp#27;[38;5;0m[HTTP]&amp#27;[0m &amp#27;[37m-->&amp#27;[39m &amp#27;[37mPOST&amp#27;[39m &amp#27;[37m/session/83760a3e-13d9-4f16-93c9-f76dc55a2f2d/element&amp#27;[39m
&amp#27;[38;5;0m[HTTP]&amp#27;[0m &amp#27;[90m{"using":"css selector","value":"*[name='q']"}&amp#27;[39m
&amp#27;[38;5;32m[AndroidUiautomator2Driver@c35c (83760a3e)]&amp#27;[0m Driver proxy active, passing request on via HTTP proxy
&amp#27;[38;5;128m[Chromedriver@a1bc (0d3a52b3)]&amp#27;[0m Matched '/session/83760a3e-13d9-4f16-93c9-f76dc55a2f2d/element' to command name 'findElement'
&amp#27;[38;5;128m[Chromedriver@a1bc (0d3a52b3)]&amp#27;[0m Proxying [POST /session/83760a3e-13d9-4f16-93c9-f76dc55a2f2d/element] to [POST http://127.0.0.1:65359/session/0d3a52b331d08e22237882068560dc9c/element] with body: {"using":"css selector","value":"*[name='q']"}
&amp#27;[38;5;128m[Chromedriver@a1bc (0d3a52b3)]&amp#27;[0m Got response with status 200: {"value":{"element-6066-11e4-a52e-4f735466cecf":"0D6EB23F67D32A8207F6AAD15B2C371C_element_6"}}
&amp#27;[38;5;0m[HTTP]&amp#27;[0m &amp#27;[37m<-- POST /session/83760a3e-13d9-4f16-93c9-f76dc55a2f2d/element &amp#27;[39m&amp#27;[32m200&amp#27;[39m &amp#27;[90m280 ms - 149&amp#27;[39m
&amp#27;[38;5;0m[HTTP]&amp#27;[0m &amp#27;[90m&amp#27;[39m
&amp#27;[38;5;0m[HTTP]&amp#27;[0m &amp#27;[37m-->&amp#27;[39m &amp#27;[37mPOST&amp#27;[39m &amp#27;[37m/session/83760a3e-13d9-4f16-93c9-f76dc55a2f2d/element/0D6EB23F67D32A8207F6AAD15B2C371C_element_6/value&amp#27;[39m
&amp#27;[38;5;0m[HTTP]&amp#27;[0m &amp#27;[90m{"id":"0D6EB23F67D32A8207F6AAD15B2C371C_element_6","text":"î€‡","value":["î€‡"]}&amp#27;[39m
&amp#27;[38;5;32m[AndroidUiautomator2Driver@c35c (83760a3e)]&amp#27;[0m Driver proxy active, passing request on via HTTP proxy
&amp#27;[38;5;128m[Chromedriver@a1bc (0d3a52b3)]&amp#27;[0m Matched '/session/83760a3e-13d9-4f16-93c9-f76dc55a2f2d/element/0D6EB23F67D32A8207F6AAD15B2C371C_element_6/value' to command name 'setValue'
&amp#27;[38;5;128m[Chromedriver@a1bc (0d3a52b3)]&amp#27;[0m Proxying [POST /session/83760a3e-13d9-4f16-93c9-f76dc55a2f2d/element/0D6EB23F67D32A8207F6AAD15B2C371C_element_6/value] to [POST http://127.0.0.1:65359/session/0d3a52b331d08e22237882068560dc9c/element/0D6EB23F67D32A8207F6AAD15B2C371C_element_6/value] with body: {"id":"0D6EB23F67D32A8207F6AAD15B2C371C_element_6","text":"î€‡","value":["î€‡"]}
&amp#27;[38;5;128m[Chromedriver@a1bc (0d3a52b3)]&amp#27;[0m Got response with status 200: {"value":null}
&amp#27;[38;5;0m[HTTP]&amp#27;[0m &amp#27;[37m<-- POST /session/83760a3e-13d9-4f16-93c9-f76dc55a2f2d/element/0D6EB23F67D32A8207F6AAD15B2C371C_element_6/value &amp#27;[39m&amp#27;[32m200&amp#27;[39m &amp#27;[90m155 ms - 14&amp#27;[39m
&amp#27;[38;5;0m[HTTP]&amp#27;[0m &amp#27;[90m&amp#27;[39m
&amp#27;[38;5;0m[HTTP]&amp#27;[0m &amp#27;[37m-->&amp#27;[39m &amp#27;[37mPOST&amp#27;[39m &amp#27;[37m/session/83760a3e-13d9-4f16-93c9-f76dc55a2f2d/context&amp#27;[39m
&amp#27;[38;5;0m[HTTP]&amp#27;[0m &amp#27;[90m{"name":"NATIVE_APP"}&amp#27;[39m
&amp#27;[38;5;32m[AndroidUiautomator2Driver@c35c (83760a3e)]&amp#27;[0m Calling AppiumDriver.setContext() with args: ["NATIVE_APP","83760a3e-13d9-4f16-93c9-f76dc55a2f2d"]
&amp#27;[38;5;80m[AndroidDriver]&amp#27;[0m Getting a list of available webviews
&amp#27;[38;5;64m[ADB]&amp#27;[0m Running 'C:\Users\super\Desktop\Study\Appium\cmdline-tools\bin\platform-tools\adb.exe -P 5037 -s LMG900TMW8KJ7DTSOB shell cat /proc/net/unix'
&amp#27;[38;5;80m[AndroidDriver]&amp#27;[0m Parsed 2 active devtools sockets: ["@chrome_devtools_remote","@webview_devtools_remote_28441"]
&amp#27;[38;5;80m[AndroidDriver]&amp#27;[0m Collecting CDP data of 2 webviews
&amp#27;[38;5;80m[AndroidDriver]&amp#27;[0m Forwarding remote port chrome_devtools_remote to a local port in range 10900..11000
&amp#27;[38;5;80m[AndroidDriver]&amp#27;[0m You could use the 'webviewDevtoolsPort' capability to customize the starting port number
&amp#27;[38;5;80m[AndroidDriver]&amp#27;[0m Forwarding remote port webview_devtools_remote_28441 to a local port in range 10900..11000
&amp#27;[38;5;80m[AndroidDriver]&amp#27;[0m You could use the 'webviewDevtoolsPort' capability to customize the starting port number
&amp#27;[38;5;64m[ADB]&amp#27;[0m Running 'C:\Users\super\Desktop\Study\Appium\cmdline-tools\bin\platform-tools\adb.exe -P 5037 -s LMG900TMW8KJ7DTSOB forward tcp:10900 localabstract:chrome_devtools_remote'
&amp#27;[38;5;64m[ADB]&amp#27;[0m Removing forwarded port socket connection: 10900 
&amp#27;[38;5;64m[ADB]&amp#27;[0m Running 'C:\Users\super\Desktop\Study\Appium\cmdline-tools\bin\platform-tools\adb.exe -P 5037 -s LMG900TMW8KJ7DTSOB forward --remove tcp:10900'
&amp#27;[38;5;64m[ADB]&amp#27;[0m Running 'C:\Users\super\Desktop\Study\Appium\cmdline-tools\bin\platform-tools\adb.exe -P 5037 -s LMG900TMW8KJ7DTSOB forward tcp:10900 localabstract:webview_devtools_remote_28441'
&amp#27;[38;5;64m[ADB]&amp#27;[0m Removing forwarded port socket connection: 10900 
&amp#27;[38;5;64m[ADB]&amp#27;[0m Running 'C:\Users\super\Desktop\Study\Appium\cmdline-tools\bin\platform-tools\adb.exe -P 5037 -s LMG900TMW8KJ7DTSOB forward --remove tcp:10900'
&amp#27;[38;5;80m[AndroidDriver]&amp#27;[0m CDP data collection completed
&amp#27;[38;5;80m[AndroidDriver]&amp#27;[0m WEBVIEW_28441 mapped to pid 28441
&amp#27;[38;5;80m[AndroidDriver]&amp#27;[0m Getting process name for webview 'WEBVIEW_28441'
&amp#27;[38;5;64m[ADB]&amp#27;[0m Running 'C:\Users\super\Desktop\Study\Appium\cmdline-tools\bin\platform-tools\adb.exe -P 5037 -s LMG900TMW8KJ7DTSOB shell ps -A'
&amp#27;[38;5;80m[AndroidDriver]&amp#27;[0m Got process name: 'com.saucelabs.mydemoapp.rn'
&amp#27;[38;5;80m[AndroidDriver]&amp#27;[0m Found 2 webviews: ["WEBVIEW_chrome","WEBVIEW_com.saucelabs.mydemoapp.rn"]
&amp#27;[38;5;32m[AndroidUiautomator2Driver@c35c (83760a3e)]&amp#27;[0m Available contexts: ["NATIVE_APP","WEBVIEW_chrome","WEBVIEW_com.saucelabs.mydemoapp.rn"]
&amp#27;[38;5;32m[AndroidUiautomator2Driver@c35c (83760a3e)]&amp#27;[0m Responding to client with driver.setContext() result: null
&amp#27;[38;5;0m[HTTP]&amp#27;[0m &amp#27;[37m<-- POST /session/83760a3e-13d9-4f16-93c9-f76dc55a2f2d/context &amp#27;[39m&amp#27;[32m200&amp#27;[39m &amp#27;[90m565 ms - 14&amp#27;[39m
&amp#27;[38;5;0m[HTTP]&amp#27;[0m &amp#27;[90m&amp#27;[39m
&amp#27;[38;5;0m[HTTP]&amp#27;[0m &amp#27;[37m-->&amp#27;[39m &amp#27;[37mPOST&amp#27;[39m &amp#27;[37m/session/83760a3e-13d9-4f16-93c9-f76dc55a2f2d/back&amp#27;[39m
&amp#27;[38;5;0m[HTTP]&amp#27;[0m &amp#27;[90m{}&amp#27;[39m
&amp#27;[38;5;32m[AndroidUiautomator2Driver@c35c (83760a3e)]&amp#27;[0m Driver proxy active, passing request on via HTTP proxy
&amp#27;[38;5;32m[AndroidUiautomator2Driver@c35c (83760a3e)]&amp#27;[0m Matched '/session/83760a3e-13d9-4f16-93c9-f76dc55a2f2d/back' to command name 'back'
&amp#27;[38;5;32m[AndroidUiautomator2Driver@c35c (83760a3e)]&amp#27;[0m Proxying [POST /session/83760a3e-13d9-4f16-93c9-f76dc55a2f2d/back] to [POST http://127.0.0.1:8201/session/a4f15fa2-b955-4911-9a5c-74159e5f2769/back] with body: {}
&amp#27;[38;5;32m[AndroidUiautomator2Driver@c35c (83760a3e)]&amp#27;[0m Got response with status 200: {"sessionId":"a4f15fa2-b955-4911-9a5c-74159e5f2769","value":null}
&amp#27;[38;5;32m[AndroidUiautomator2Driver@c35c (83760a3e)]&amp#27;[0m Replacing sessionId a4f15fa2-b955-4911-9a5c-74159e5f2769 with 83760a3e-13d9-4f16-93c9-f76dc55a2f2d
&amp#27;[38;5;0m[HTTP]&amp#27;[0m &amp#27;[37m<-- POST /session/83760a3e-13d9-4f16-93c9-f76dc55a2f2d/back &amp#27;[39m&amp#27;[32m200&amp#27;[39m &amp#27;[90m190 ms - 65&amp#27;[39m
&amp#27;[38;5;0m[HTTP]&amp#27;[0m &amp#27;[90m&amp#27;[39m
&amp#27;[38;5;0m[HTTP]&amp#27;[0m &amp#27;[37m-->&amp#27;[39m &amp#27;[37mGET&amp#27;[39m &amp#27;[37m/session/83760a3e-13d9-4f16-93c9-f76dc55a2f2d/context&amp#27;[39m
&amp#27;[38;5;0m[HTTP]&amp#27;[0m &amp#27;[90m{}&amp#27;[39m
&amp#27;[38;5;32m[AndroidUiautomator2Driver@c35c (83760a3e)]&amp#27;[0m Calling AppiumDriver.getCurrentContext() with args: ["83760a3e-13d9-4f16-93c9-f76dc55a2f2d"]
&amp#27;[38;5;32m[AndroidUiautomator2Driver@c35c (83760a3e)]&amp#27;[0m Responding to client with driver.getCurrentContext() result: "NATIVE_APP"
&amp#27;[38;5;0m[HTTP]&amp#27;[0m &amp#27;[37m<-- GET /session/83760a3e-13d9-4f16-93c9-f76dc55a2f2d/context &amp#27;[39m&amp#27;[32m200&amp#27;[39m &amp#27;[90m1 ms - 22&amp#27;[39m
&amp#27;[38;5;0m[HTTP]&amp#27;[0m &amp#27;[90m&amp#27;[39m
&amp#27;[38;5;0m[HTTP]&amp#27;[0m &amp#27;[37m-->&amp#27;[39m &amp#27;[37mPOST&amp#27;[39m &amp#27;[37m/session/83760a3e-13d9-4f16-93c9-f76dc55a2f2d/element&amp#27;[39m
&amp#27;[38;5;0m[HTTP]&amp#27;[0m &amp#27;[90m{"using":"accessibility id","value":"open menu"}&amp#27;[39m
&amp#27;[38;5;32m[AndroidUiautomator2Driver@c35c (83760a3e)]&amp#27;[0m Calling AppiumDriver.findElement() with args: ["accessibility id","open menu","83760a3e-13d9-4f16-93c9-f76dc55a2f2d"]
&amp#27;[38;5;32m[AndroidUiautomator2Driver@c35c (83760a3e)]&amp#27;[0m Valid locator strategies for this request: xpath, id, class name, accessibility id, css selector, -android uiautomator
&amp#27;[38;5;32m[AndroidUiautomator2Driver@c35c (83760a3e)]&amp#27;[0m Waiting up to 10000 ms for condition
&amp#27;[38;5;32m[AndroidUiautomator2Driver@c35c (83760a3e)]&amp#27;[0m Matched '/element' to command name 'findElement'
&amp#27;[38;5;32m[AndroidUiautomator2Driver@c35c (83760a3e)]&amp#27;[0m Proxying [POST /element] to [POST http://127.0.0.1:8201/session/a4f15fa2-b955-4911-9a5c-74159e5f2769/element] with body: {"strategy":"accessibility id","selector":"open menu","context":"","multiple":false}
&amp#27;[38;5;32m[AndroidUiautomator2Driver@c35c (83760a3e)]&amp#27;[0m Got response with status 200: {"sessionId":"a4f15fa2-b955-4911-9a5c-74159e5f2769","value":{"ELEMENT":"00000000-0000-05af-ffff-ffff000001d2","element-6066-11e4-a52e-4f735466cecf":"00000000-0000-05af-ffff-ffff000001d2"}}
&amp#27;[38;5;32m[AndroidUiautomator2Driver@c35c (83760a3e)]&amp#27;[0m Responding to client with driver.findElement() result: {"element-6066-11e4-a52e-4f735466cecf":"00000000-0000-05af-ffff-ffff000001d2","ELEMENT":"00000000-0000-05af-ffff-ffff000001d2"}
&amp#27;[38;5;0m[HTTP]&amp#27;[0m &amp#27;[37m<-- POST /session/83760a3e-13d9-4f16-93c9-f76dc55a2f2d/element &amp#27;[39m&amp#27;[32m200&amp#27;[39m &amp#27;[90m1287 ms - 137&amp#27;[39m
&amp#27;[38;5;0m[HTTP]&amp#27;[0m &amp#27;[90m&amp#27;[39m
&amp#27;[38;5;0m[HTTP]&amp#27;[0m &amp#27;[37m-->&amp#27;[39m &amp#27;[37mGET&amp#27;[39m &amp#27;[37m/session/83760a3e-13d9-4f16-93c9-f76dc55a2f2d/element/00000000-0000-05af-ffff-ffff000001d2/displayed&amp#27;[39m
&amp#27;[38;5;0m[HTTP]&amp#27;[0m &amp#27;[90m{}&amp#27;[39m
&amp#27;[38;5;32m[AndroidUiautomator2Driver@c35c (83760a3e)]&amp#27;[0m Calling AppiumDriver.elementDisplayed() with args: ["00000000-0000-05af-ffff-ffff000001d2","83760a3e-13d9-4f16-93c9-f76dc55a2f2d"]
&amp#27;[38;5;32m[AndroidUiautomator2Driver@c35c (83760a3e)]&amp#27;[0m Matched '/element/00000000-0000-05af-ffff-ffff000001d2/attribute/displayed' to command name 'getAttribute'
&amp#27;[38;5;32m[AndroidUiautomator2Driver@c35c (83760a3e)]&amp#27;[0m Proxying [GET /element/00000000-0000-05af-ffff-ffff000001d2/attribute/displayed] to [GET http://127.0.0.1:8201/session/a4f15fa2-b955-4911-9a5c-74159e5f2769/element/00000000-0000-05af-ffff-ffff000001d2/attribute/displayed] with no body
&amp#27;[38;5;32m[AndroidUiautomator2Driver@c35c (83760a3e)]&amp#27;[0m Got response with status 200: {"sessionId":"a4f15fa2-b955-4911-9a5c-74159e5f2769","value":"true"}
&amp#27;[38;5;32m[AndroidUiautomator2Driver@c35c (83760a3e)]&amp#27;[0m Responding to client with driver.elementDisplayed() result: true
&amp#27;[38;5;0m[HTTP]&amp#27;[0m &amp#27;[37m<-- GET /session/83760a3e-13d9-4f16-93c9-f76dc55a2f2d/element/00000000-0000-05af-ffff-ffff000001d2/displayed &amp#27;[39m&amp#27;[32m200&amp#27;[39m &amp#27;[90m51 ms - 14&amp#27;[39m
&amp#27;[38;5;0m[HTTP]&amp#27;[0m &amp#27;[90m&amp#27;[39m
&amp#27;[38;5;0m[HTTP]&amp#27;[0m &amp#27;[37m-->&amp#27;[39m &amp#27;[37mGET&amp#27;[39m &amp#27;[37m/session/83760a3e-13d9-4f16-93c9-f76dc55a2f2d/context&amp#27;[39m
&amp#27;[38;5;0m[HTTP]&amp#27;[0m &amp#27;[90m{}&amp#27;[39m
&amp#27;[38;5;32m[AndroidUiautomator2Driver@c35c (83760a3e)]&amp#27;[0m Calling AppiumDriver.getCurrentContext() with args: ["83760a3e-13d9-4f16-93c9-f76dc55a2f2d"]
&amp#27;[38;5;32m[AndroidUiautomator2Driver@c35c (83760a3e)]&amp#27;[0m Responding to client with driver.getCurrentContext() result: "NATIVE_APP"
&amp#27;[38;5;0m[HTTP]&amp#27;[0m &amp#27;[37m<-- GET /session/83760a3e-13d9-4f16-93c9-f76dc55a2f2d/context &amp#27;[39m&amp#27;[32m200&amp#27;[39m &amp#27;[90m1 ms - 22&amp#27;[39m
&amp#27;[38;5;0m[HTTP]&amp#27;[0m &amp#27;[90m&amp#27;[39m
&amp#27;[38;5;0m[HTTP]&amp#27;[0m &amp#27;[37m-->&amp#27;[39m &amp#27;[37mPOST&amp#27;[39m &amp#27;[37m/session/83760a3e-13d9-4f16-93c9-f76dc55a2f2d/element&amp#27;[39m
&amp#27;[38;5;0m[HTTP]&amp#27;[0m &amp#27;[90m{"using":"accessibility id","value":"open menu"}&amp#27;[39m
&amp#27;[38;5;32m[AndroidUiautomator2Driver@c35c (83760a3e)]&amp#27;[0m Calling AppiumDriver.findElement() with args: ["accessibility id","open menu","83760a3e-13d9-4f16-93c9-f76dc55a2f2d"]
&amp#27;[38;5;32m[AndroidUiautomator2Driver@c35c (83760a3e)]&amp#27;[0m Valid locator strategies for this request: xpath, id, class name, accessibility id, css selector, -android uiautomator
&amp#27;[38;5;32m[AndroidUiautomator2Driver@c35c (83760a3e)]&amp#27;[0m Waiting up to 10000 ms for condition
&amp#27;[38;5;32m[AndroidUiautomator2Driver@c35c (83760a3e)]&amp#27;[0m Matched '/element' to command name 'findElement'
&amp#27;[38;5;32m[AndroidUiautomator2Driver@c35c (83760a3e)]&amp#27;[0m Proxying [POST /element] to [POST http://127.0.0.1:8201/session/a4f15fa2-b955-4911-9a5c-74159e5f2769/element] with body: {"strategy":"accessibility id","selector":"open menu","context":"","multiple":false}
&amp#27;[38;5;32m[AndroidUiautomator2Driver@c35c (83760a3e)]&amp#27;[0m Got response with status 200: {"sessionId":"a4f15fa2-b955-4911-9a5c-74159e5f2769","value":{"ELEMENT":"00000000-0000-05af-ffff-ffff000001d2","element-6066-11e4-a52e-4f735466cecf":"00000000-0000-05af-ffff-ffff000001d2"}}
&amp#27;[38;5;32m[AndroidUiautomator2Driver@c35c (83760a3e)]&amp#27;[0m Responding to client with driver.findElement() result: {"element-6066-11e4-a52e-4f735466cecf":"00000000-0000-05af-ffff-ffff000001d2","ELEMENT":"00000000-0000-05af-ffff-ffff000001d2"}
&amp#27;[38;5;0m[HTTP]&amp#27;[0m &amp#27;[37m<-- POST /session/83760a3e-13d9-4f16-93c9-f76dc55a2f2d/element &amp#27;[39m&amp#27;[32m200&amp#27;[39m &amp#27;[90m145 ms - 137&amp#27;[39m
&amp#27;[38;5;0m[HTTP]&amp#27;[0m &amp#27;[90m&amp#27;[39m
&amp#27;[38;5;0m[HTTP]&amp#27;[0m &amp#27;[37m-->&amp#27;[39m &amp#27;[37mGET&amp#27;[39m &amp#27;[37m/session/83760a3e-13d9-4f16-93c9-f76dc55a2f2d/element/00000000-0000-05af-ffff-ffff000001d2/enabled&amp#27;[39m
&amp#27;[38;5;0m[HTTP]&amp#27;[0m &amp#27;[90m{}&amp#27;[39m
&amp#27;[38;5;32m[AndroidUiautomator2Driver@c35c (83760a3e)]&amp#27;[0m Calling AppiumDriver.elementEnabled() with args: ["00000000-0000-05af-ffff-ffff000001d2","83760a3e-13d9-4f16-93c9-f76dc55a2f2d"]
&amp#27;[38;5;32m[AndroidUiautomator2Driver@c35c (83760a3e)]&amp#27;[0m Matched '/element/00000000-0000-05af-ffff-ffff000001d2/attribute/enabled' to command name 'getAttribute'
&amp#27;[38;5;32m[AndroidUiautomator2Driver@c35c (83760a3e)]&amp#27;[0m Proxying [GET /element/00000000-0000-05af-ffff-ffff000001d2/attribute/enabled] to [GET http://127.0.0.1:8201/session/a4f15fa2-b955-4911-9a5c-74159e5f2769/element/00000000-0000-05af-ffff-ffff000001d2/attribute/enabled] with no body
&amp#27;[38;5;32m[AndroidUiautomator2Driver@c35c (83760a3e)]&amp#27;[0m Got response with status 200: {"sessionId":"a4f15fa2-b955-4911-9a5c-74159e5f2769","value":"true"}
&amp#27;[38;5;32m[AndroidUiautomator2Driver@c35c (83760a3e)]&amp#27;[0m Responding to client with driver.elementEnabled() result: true
&amp#27;[38;5;0m[HTTP]&amp#27;[0m &amp#27;[37m<-- GET /session/83760a3e-13d9-4f16-93c9-f76dc55a2f2d/element/00000000-0000-05af-ffff-ffff000001d2/enabled &amp#27;[39m&amp#27;[32m200&amp#27;[39m &amp#27;[90m43 ms - 14&amp#27;[39m
&amp#27;[38;5;0m[HTTP]&amp#27;[0m &amp#27;[90m&amp#27;[39m
&amp#27;[38;5;0m[HTTP]&amp#27;[0m &amp#27;[37m-->&amp#27;[39m &amp#27;[37mGET&amp#27;[39m &amp#27;[37m/session/83760a3e-13d9-4f16-93c9-f76dc55a2f2d/context&amp#27;[39m
&amp#27;[38;5;0m[HTTP]&amp#27;[0m &amp#27;[90m{}&amp#27;[39m
&amp#27;[38;5;32m[AndroidUiautomator2Driver@c35c (83760a3e)]&amp#27;[0m Calling AppiumDriver.getCurrentContext() with args: ["83760a3e-13d9-4f16-93c9-f76dc55a2f2d"]
&amp#27;[38;5;32m[AndroidUiautomator2Driver@c35c (83760a3e)]&amp#27;[0m Responding to client with driver.getCurrentContext() result: "NATIVE_APP"
&amp#27;[38;5;0m[HTTP]&amp#27;[0m &amp#27;[37m<-- GET /session/83760a3e-13d9-4f16-93c9-f76dc55a2f2d/context &amp#27;[39m&amp#27;[32m200&amp#27;[39m &amp#27;[90m1 ms - 22&amp#27;[39m
&amp#27;[38;5;0m[HTTP]&amp#27;[0m &amp#27;[90m&amp#27;[39m
&amp#27;[38;5;0m[HTTP]&amp#27;[0m &amp#27;[37m-->&amp#27;[39m &amp#27;[37mPOST&amp#27;[39m &amp#27;[37m/session/83760a3e-13d9-4f16-93c9-f76dc55a2f2d/element&amp#27;[39m
&amp#27;[38;5;0m[HTTP]&amp#27;[0m &amp#27;[90m{"using":"accessibility id","value":"open menu"}&amp#27;[39m
&amp#27;[38;5;32m[AndroidUiautomator2Driver@c35c (83760a3e)]&amp#27;[0m Calling AppiumDriver.findElement() with args: ["accessibility id","open menu","83760a3e-13d9-4f16-93c9-f76dc55a2f2d"]
&amp#27;[38;5;32m[AndroidUiautomator2Driver@c35c (83760a3e)]&amp#27;[0m Valid locator strategies for this request: xpath, id, class name, accessibility id, css selector, -android uiautomator
&amp#27;[38;5;32m[AndroidUiautomator2Driver@c35c (83760a3e)]&amp#27;[0m Waiting up to 10000 ms for condition
&amp#27;[38;5;32m[AndroidUiautomator2Driver@c35c (83760a3e)]&amp#27;[0m Matched '/element' to command name 'findElement'
&amp#27;[38;5;32m[AndroidUiautomator2Driver@c35c (83760a3e)]&amp#27;[0m Proxying [POST /element] to [POST http://127.0.0.1:8201/session/a4f15fa2-b955-4911-9a5c-74159e5f2769/element] with body: {"strategy":"accessibility id","selector":"open menu","context":"","multiple":false}
&amp#27;[38;5;32m[AndroidUiautomator2Driver@c35c (83760a3e)]&amp#27;[0m Got response with status 200: {"sessionId":"a4f15fa2-b955-4911-9a5c-74159e5f2769","value":{"ELEMENT":"00000000-0000-05af-ffff-ffff000001d2","element-6066-11e4-a52e-4f735466cecf":"00000000-0000-05af-ffff-ffff000001d2"}}
&amp#27;[38;5;32m[AndroidUiautomator2Driver@c35c (83760a3e)]&amp#27;[0m Responding to client with driver.findElement() result: {"element-6066-11e4-a52e-4f735466cecf":"00000000-0000-05af-ffff-ffff000001d2","ELEMENT":"00000000-0000-05af-ffff-ffff000001d2"}
&amp#27;[38;5;0m[HTTP]&amp#27;[0m &amp#27;[37m<-- POST /session/83760a3e-13d9-4f16-93c9-f76dc55a2f2d/element &amp#27;[39m&amp#27;[32m200&amp#27;[39m &amp#27;[90m207 ms - 137&amp#27;[39m
&amp#27;[38;5;0m[HTTP]&amp#27;[0m &amp#27;[90m&amp#27;[39m
&amp#27;[38;5;0m[HTTP]&amp#27;[0m &amp#27;[37m-->&amp#27;[39m &amp#27;[37mPOST&amp#27;[39m &amp#27;[37m/session/83760a3e-13d9-4f16-93c9-f76dc55a2f2d/element/00000000-0000-05af-ffff-ffff000001d2/click&amp#27;[39m
&amp#27;[38;5;0m[HTTP]&amp#27;[0m &amp#27;[90m{"id":"00000000-0000-05af-ffff-ffff000001d2"}&amp#27;[39m
&amp#27;[38;5;32m[AndroidUiautomator2Driver@c35c (83760a3e)]&amp#27;[0m Calling AppiumDriver.click() with args: ["00000000-0000-05af-ffff-ffff000001d2","83760a3e-13d9-4f16-93c9-f76dc55a2f2d"]
&amp#27;[38;5;32m[AndroidUiautomator2Driver@c35c (83760a3e)]&amp#27;[0m Matched '/element/00000000-0000-05af-ffff-ffff000001d2/click' to command name 'click'
&amp#27;[38;5;32m[AndroidUiautomator2Driver@c35c (83760a3e)]&amp#27;[0m Proxying [POST /element/00000000-0000-05af-ffff-ffff000001d2/click] to [POST http://127.0.0.1:8201/session/a4f15fa2-b955-4911-9a5c-74159e5f2769/element/00000000-0000-05af-ffff-ffff000001d2/click] with body: {"element":"00000000-0000-05af-ffff-ffff000001d2"}
&amp#27;[38;5;32m[AndroidUiautomator2Driver@c35c (83760a3e)]&amp#27;[0m Got response with status 200: {"sessionId":"a4f15fa2-b955-4911-9a5c-74159e5f2769","value":null}
&amp#27;[38;5;32m[AndroidUiautomator2Driver@c35c (83760a3e)]&amp#27;[0m Responding to client with driver.click() result: null
&amp#27;[38;5;0m[HTTP]&amp#27;[0m &amp#27;[37m<-- POST /session/83760a3e-13d9-4f16-93c9-f76dc55a2f2d/element/00000000-0000-05af-ffff-ffff000001d2/click &amp#27;[39m&amp#27;[32m200&amp#27;[39m &amp#27;[90m84 ms - 14&amp#27;[39m
&amp#27;[38;5;0m[HTTP]&amp#27;[0m &amp#27;[90m&amp#27;[39m
&amp#27;[38;5;0m[HTTP]&amp#27;[0m &amp#27;[37m-->&amp#27;[39m &amp#27;[37mGET&amp#27;[39m &amp#27;[37m/session/83760a3e-13d9-4f16-93c9-f76dc55a2f2d/context&amp#27;[39m
&amp#27;[38;5;0m[HTTP]&amp#27;[0m &amp#27;[90m{}&amp#27;[39m
&amp#27;[38;5;32m[AndroidUiautomator2Driver@c35c (83760a3e)]&amp#27;[0m Calling AppiumDriver.getCurrentContext() with args: ["83760a3e-13d9-4f16-93c9-f76dc55a2f2d"]
&amp#27;[38;5;32m[AndroidUiautomator2Driver@c35c (83760a3e)]&amp#27;[0m Responding to client with driver.getCurrentContext() result: "NATIVE_APP"
&amp#27;[38;5;0m[HTTP]&amp#27;[0m &amp#27;[37m<-- GET /session/83760a3e-13d9-4f16-93c9-f76dc55a2f2d/context &amp#27;[39m&amp#27;[32m200&amp#27;[39m &amp#27;[90m1 ms - 22&amp#27;[39m
&amp#27;[38;5;0m[HTTP]&amp#27;[0m &amp#27;[90m&amp#27;[39m
&amp#27;[38;5;0m[HTTP]&amp#27;[0m &amp#27;[37m-->&amp#27;[39m &amp#27;[37mPOST&amp#27;[39m &amp#27;[37m/session/83760a3e-13d9-4f16-93c9-f76dc55a2f2d/element&amp#27;[39m
&amp#27;[38;5;0m[HTTP]&amp#27;[0m &amp#27;[90m{"using":"accessibility id","value":"menu item catalog"}&amp#27;[39m
&amp#27;[38;5;32m[AndroidUiautomator2Driver@c35c (83760a3e)]&amp#27;[0m Calling AppiumDriver.findElement() with args: ["accessibility id","menu item catalog","83760a3e-13d9-4f16-93c9-f76dc55a2f2d"]
&amp#27;[38;5;32m[AndroidUiautomator2Driver@c35c (83760a3e)]&amp#27;[0m Valid locator strategies for this request: xpath, id, class name, accessibility id, css selector, -android uiautomator
&amp#27;[38;5;32m[AndroidUiautomator2Driver@c35c (83760a3e)]&amp#27;[0m Waiting up to 10000 ms for condition
&amp#27;[38;5;32m[AndroidUiautomator2Driver@c35c (83760a3e)]&amp#27;[0m Matched '/element' to command name 'findElement'
&amp#27;[38;5;32m[AndroidUiautomator2Driver@c35c (83760a3e)]&amp#27;[0m Proxying [POST /element] to [POST http://127.0.0.1:8201/session/a4f15fa2-b955-4911-9a5c-74159e5f2769/element] with body: {"strategy":"accessibility id","selector":"menu item catalog","context":"","multiple":false}
&amp#27;[38;5;32m[AndroidUiautomator2Driver@c35c (83760a3e)]&amp#27;[0m Got response with status 404: {"sessionId":"a4f15fa2-b955-4911-9a5c-74159e5f2769","value":{"error":"no such element","message":"An element could not be located on the page using the given search parameters","stacktrace":"io.appium.uiautomator2.common.exceptions.ElementNotFoundException: An element could not be located on the page using the given search parameters\n\tat io.appium.uiautomator2.handler.FindElement.safeHandle(FindElement.java:63)\n\tat io.appium.uiautomator2.handler.request.SafeRequestHandler.handle(SafeRequestHandler.java:59)\n\tat io.appium.uiautomator2.server.AppiumServlet.handleRequest(AppiumServlet.java:277)\n\tat io.appium.uiautomator2.server.AppiumServlet.handleHttpRequest(AppiumServlet.java:271)\n\tat io.appium.uiautomator2.http.ServerHandler.channelRead(ServerHandler.java:77)\n\tat io.netty.channel.AbstractChannelHandlerContext.invokeChannelRead(AbstractChannelHandlerContext.java:366)\n\tat io.netty.channel.AbstractChannelHandlerContext.invokeChannelRead(AbstractChannelHandlerContext.java:352)\n\tat io.netty.chann...
&amp#27;[38;5;144m[W3C]&amp#27;[0m Matched W3C error code 'no such element' to NoSuchElementError
&amp#27;[38;5;32m[AndroidUiautomator2Driver@c35c (83760a3e)]&amp#27;[0m Waited for 133 ms so far
&amp#27;[38;5;32m[AndroidUiautomator2Driver@c35c (83760a3e)]&amp#27;[0m Matched '/element' to command name 'findElement'
&amp#27;[38;5;32m[AndroidUiautomator2Driver@c35c (83760a3e)]&amp#27;[0m Proxying [POST /element] to [POST http://127.0.0.1:8201/session/a4f15fa2-b955-4911-9a5c-74159e5f2769/element] with body: {"strategy":"accessibility id","selector":"menu item catalog","context":"","multiple":false}
&amp#27;[38;5;32m[AndroidUiautomator2Driver@c35c (83760a3e)]&amp#27;[0m Got response with status 200: {"sessionId":"a4f15fa2-b955-4911-9a5c-74159e5f2769","value":{"ELEMENT":"00000000-0000-05af-ffff-ffff00000090","element-6066-11e4-a52e-4f735466cecf":"00000000-0000-05af-ffff-ffff00000090"}}
&amp#27;[38;5;32m[AndroidUiautomator2Driver@c35c (83760a3e)]&amp#27;[0m Responding to client with driver.findElement() result: {"element-6066-11e4-a52e-4f735466cecf":"00000000-0000-05af-ffff-ffff00000090","ELEMENT":"00000000-0000-05af-ffff-ffff00000090"}
&amp#27;[38;5;0m[HTTP]&amp#27;[0m &amp#27;[37m<-- POST /session/83760a3e-13d9-4f16-93c9-f76dc55a2f2d/element &amp#27;[39m&amp#27;[32m200&amp#27;[39m &amp#27;[90m1545 ms - 137&amp#27;[39m
&amp#27;[38;5;0m[HTTP]&amp#27;[0m &amp#27;[90m&amp#27;[39m
&amp#27;[38;5;0m[HTTP]&amp#27;[0m &amp#27;[37m-->&amp#27;[39m &amp#27;[37mPOST&amp#27;[39m &amp#27;[37m/session/83760a3e-13d9-4f16-93c9-f76dc55a2f2d/element/00000000-0000-05af-ffff-ffff00000090/click&amp#27;[39m
&amp#27;[38;5;0m[HTTP]&amp#27;[0m &amp#27;[90m{"id":"00000000-0000-05af-ffff-ffff00000090"}&amp#27;[39m
&amp#27;[38;5;32m[AndroidUiautomator2Driver@c35c (83760a3e)]&amp#27;[0m Calling AppiumDriver.click() with args: ["00000000-0000-05af-ffff-ffff00000090","83760a3e-13d9-4f16-93c9-f76dc55a2f2d"]
&amp#27;[38;5;32m[AndroidUiautomator2Driver@c35c (83760a3e)]&amp#27;[0m Matched '/element/00000000-0000-05af-ffff-ffff00000090/click' to command name 'click'
&amp#27;[38;5;32m[AndroidUiautomator2Driver@c35c (83760a3e)]&amp#27;[0m Proxying [POST /element/00000000-0000-05af-ffff-ffff00000090/click] to [POST http://127.0.0.1:8201/session/a4f15fa2-b955-4911-9a5c-74159e5f2769/element/00000000-0000-05af-ffff-ffff00000090/click] with body: {"element":"00000000-0000-05af-ffff-ffff00000090"}
&amp#27;[38;5;32m[AndroidUiautomator2Driver@c35c (83760a3e)]&amp#27;[0m Got response with status 200: {"sessionId":"a4f15fa2-b955-4911-9a5c-74159e5f2769","value":null}
&amp#27;[38;5;32m[AndroidUiautomator2Driver@c35c (83760a3e)]&amp#27;[0m Responding to client with driver.click() result: null
&amp#27;[38;5;0m[HTTP]&amp#27;[0m &amp#27;[37m<-- POST /session/83760a3e-13d9-4f16-93c9-f76dc55a2f2d/element/00000000-0000-05af-ffff-ffff00000090/click &amp#27;[39m&amp#27;[32m200&amp#27;[39m &amp#27;[90m114 ms - 14&amp#27;[39m
&amp#27;[38;5;0m[HTTP]&amp#27;[0m &amp#27;[90m&amp#27;[39m
]]></system-out>
  </testcase>
  <testcase name="AscendingNameSortVerification" classname="testCases.TC3_CatalogueTests" time="17.574">
    <system-out><![CDATA[&amp#27;[38;5;0m[HTTP]&amp#27;[0m &amp#27;[37m-->&amp#27;[39m &amp#27;[37mDELETE&amp#27;[39m &amp#27;[37m/session/83760a3e-13d9-4f16-93c9-f76dc55a2f2d&amp#27;[39m
&amp#27;[38;5;0m[HTTP]&amp#27;[0m &amp#27;[90m{}&amp#27;[39m
&amp#27;[38;5;32m[AndroidUiautomator2Driver@c35c (83760a3e)]&amp#27;[0m Calling AppiumDriver.deleteSession() with args: ["83760a3e-13d9-4f16-93c9-f76dc55a2f2d"]
&amp#27;[38;5;16m[AppiumDriver@32e6]&amp#27;[0m Event 'quitSessionRequested' logged at 1707198533830 (21:48:53 GMT-0800 (Pacific Standard Time))
&amp#27;[38;5;16m[AppiumDriver@32e6]&amp#27;[0m Removing session 83760a3e-13d9-4f16-93c9-f76dc55a2f2d from our master session list
&amp#27;[38;5;32m[AndroidUiautomator2Driver@c35c (83760a3e)]&amp#27;[0m Deleting UiAutomator2 session
&amp#27;[38;5;32m[AndroidUiautomator2Driver@c35c (83760a3e)]&amp#27;[0m Stopping chromedriver for context WEBVIEW_chrome
&amp#27;[38;5;128m[Chromedriver@3c4f (867f6670)]&amp#27;[0m Changed state to 'stopping'
&amp#27;[38;5;128m[Chromedriver@3c4f (867f6670)]&amp#27;[0m Proxying [DELETE /] to [DELETE http://127.0.0.1:65265/session/867f667067eddc75e63a1c015348433b] with no body
&amp#27;[38;5;128m[Chromedriver@3c4f (867f6670)]&amp#27;[0m Got response with status 200: {"value":null}
&amp#27;[38;5;128m[Chromedriver@3c4f]&amp#27;[0m Changed state to 'stopped'
&amp#27;[38;5;32m[AndroidUiautomator2Driver@c35c (83760a3e)]&amp#27;[0m Stopping chromedriver for context WEBVIEW_com.saucelabs.mydemoapp.rn
&amp#27;[38;5;128m[Chromedriver@a1bc (0d3a52b3)]&amp#27;[0m Changed state to 'stopping'
&amp#27;[38;5;128m[Chromedriver@a1bc (0d3a52b3)]&amp#27;[0m Proxying [DELETE /] to [DELETE http://127.0.0.1:65359/session/0d3a52b331d08e22237882068560dc9c] with no body
&amp#27;[38;5;128m[Chromedriver@a1bc (0d3a52b3)]&amp#27;[0m Got response with status 200: {"value":null}
&amp#27;[38;5;128m[Chromedriver@a1bc]&amp#27;[0m Changed state to 'stopped'
&amp#27;[38;5;32m[AndroidUiautomator2Driver@c35c (83760a3e)]&amp#27;[0m Deleting UiAutomator2 server session
&amp#27;[38;5;32m[AndroidUiautomator2Driver@c35c (83760a3e)]&amp#27;[0m Matched '/' to command name 'deleteSession'
&amp#27;[38;5;32m[AndroidUiautomator2Driver@c35c (83760a3e)]&amp#27;[0m Proxying [DELETE /] to [DELETE http://127.0.0.1:8201/session/a4f15fa2-b955-4911-9a5c-74159e5f2769] with no body
&amp#27;[38;5;32m[AndroidUiautomator2Driver@c35c (83760a3e)]&amp#27;[0m Got response with status 200: {"sessionId":"a4f15fa2-b955-4911-9a5c-74159e5f2769","value":null}
&amp#27;[38;5;64m[ADB]&amp#27;[0m Running 'C:\Users\super\Desktop\Study\Appium\cmdline-tools\bin\platform-tools\adb.exe -P 5037 -s LMG900TMW8KJ7DTSOB shell dumpsys activity services io.appium.settings/.recorder.RecorderService'
&amp#27;[38;5;64m[ADB]&amp#27;[0m Running 'C:\Users\super\Desktop\Study\Appium\cmdline-tools\bin\platform-tools\adb.exe -P 5037 -s LMG900TMW8KJ7DTSOB shell am force-stop com.saucelabs.mydemoapp.rn'
&amp#27;[38;5;112m[Instrumentation]&amp#27;[0m .
&amp#27;[38;5;112m[Instrumentation]&amp#27;[0m Time: 94.055
&amp#27;[38;5;112m[Instrumentation]&amp#27;[0m 
&amp#27;[38;5;112m[Instrumentation]&amp#27;[0m OK (1 test)
&amp#27;[38;5;96m[Logcat]&amp#27;[0m Stopping logcat capture
&amp#27;[38;5;64m[ADB]&amp#27;[0m Removing forwarded port socket connection: 8201 
&amp#27;[38;5;64m[ADB]&amp#27;[0m Running 'C:\Users\super\Desktop\Study\Appium\cmdline-tools\bin\platform-tools\adb.exe -P 5037 -s LMG900TMW8KJ7DTSOB forward --remove tcp:8201'
&amp#27;[38;5;32m[AndroidUiautomator2Driver@c35c (83760a3e)]&amp#27;[0m Restoring hidden api policy to the device default configuration
&amp#27;[38;5;64m[ADB]&amp#27;[0m Running 'C:\Users\super\Desktop\Study\Appium\cmdline-tools\bin\platform-tools\adb.exe -P 5037 -s LMG900TMW8KJ7DTSOB shell 'settings delete global hidden_api_policy_pre_p_apps;settings delete global hidden_api_policy_p_apps;settings delete global hidden_api_policy''
&amp#27;[38;5;16m[AppiumDriver@32e6]&amp#27;[0m Event 'quitSessionFinished' logged at 1707198534119 (21:48:54 GMT-0800 (Pacific Standard Time))
&amp#27;[38;5;16m[AppiumDriver@32e6]&amp#27;[0m Received response: null
&amp#27;[38;5;16m[AppiumDriver@32e6]&amp#27;[0m But deleting session, so not returning
&amp#27;[38;5;16m[AppiumDriver@32e6]&amp#27;[0m Responding to client with driver.deleteSession() result: null
&amp#27;[38;5;0m[HTTP]&amp#27;[0m &amp#27;[37m<-- DELETE /session/83760a3e-13d9-4f16-93c9-f76dc55a2f2d &amp#27;[39m&amp#27;[32m200&amp#27;[39m &amp#27;[90m290 ms - 14&amp#27;[39m
&amp#27;[38;5;0m[HTTP]&amp#27;[0m &amp#27;[90m&amp#27;[39m
&amp#27;[35m[Appium]&amp#27;[39m Welcome to Appium v2.2.1
&amp#27;[35m[Appium]&amp#27;[39m Non-default server args:
&amp#27;[35m[Appium]&amp#27;[39m { address: &amp#27;[32m'127.0.0.1'&amp#27;[39m }
&amp#27;[35m[Appium]&amp#27;[39m Attempting to load driver uiautomator2...
&amp#27;[35m[Appium]&amp#27;[39m Requiring driver at C:\Users\super\.appium\node_modules\appium-uiautomator2-driver
&amp#27;[35m[Appium]&amp#27;[39m Appium REST http interface listener started on http://127.0.0.1:4723
&amp#27;[35m[Appium]&amp#27;[39m Available drivers:
&amp#27;[35m[Appium]&amp#27;[39m   - uiautomator2@2.32.3 (automationName 'UiAutomator2')
&amp#27;[35m[Appium]&amp#27;[39m No plugins have been installed. Use the "appium plugin" command to install the one(s) you want to use.
&amp#27;[38;5;0m[HTTP]&amp#27;[0m &amp#27;[37m-->&amp#27;[39m &amp#27;[37mGET&amp#27;[39m &amp#27;[37m/status&amp#27;[39m
&amp#27;[38;5;0m[HTTP]&amp#27;[0m &amp#27;[90m{}&amp#27;[39m
&amp#27;[38;5;16m[AppiumDriver@0c90]&amp#27;[0m Calling AppiumDriver.getStatus() with args: []
&amp#27;[38;5;16m[AppiumDriver@0c90]&amp#27;[0m Responding to client with driver.getStatus() result: {"ready":true,"message":"The server is ready to accept new connections","build":{"version":"2.2.1"}}
&amp#27;[38;5;0m[HTTP]&amp#27;[0m &amp#27;[37m<-- GET /status &amp#27;[39m&amp#27;[32m200&amp#27;[39m &amp#27;[90m5 ms - 110&amp#27;[39m
&amp#27;[38;5;0m[HTTP]&amp#27;[0m &amp#27;[90m&amp#27;[39m
&amp#27;[38;5;0m[HTTP]&amp#27;[0m Request idempotency key: 6ae28ce7-67c8-4771-83ad-bbb306de8d31
&amp#27;[38;5;0m[HTTP]&amp#27;[0m &amp#27;[37m-->&amp#27;[39m &amp#27;[37mPOST&amp#27;[39m &amp#27;[37m/session&amp#27;[39m
&amp#27;[38;5;0m[HTTP]&amp#27;[0m &amp#27;[90m{"capabilities":{"firstMatch":[{}],"alwaysMatch":{"appium:app":"C:\\Users\\super\\eclipse-AppiumProject\\demo_app\\src\\test\\java\\testResources\\Android-MyDemoAppRN.1.3.0.build-244.apk","appium:automationName":"UIAutomator2","appium:chromedriverExecutable":"C:\\Users\\super\\Desktop\\Study\\Appium\\chromedriver120\\chromedriver.exe","platformName":"ANDROID"}}}&amp#27;[39m
&amp#27;[38;5;16m[AppiumDriver@0c90]&amp#27;[0m Calling AppiumDriver.createSession() with args: [null,null,{"firstMatch":[{}],"alwaysMatch":{"appium:app":"C:\\Users\\super\\eclipse-AppiumProject\\demo_app\\src\\test\\java\\testResources\\Android-MyDemoAppRN.1.3.0.build-244.apk","appium:automationName":"UIAutomator2","appium:chromedriverExecutable":"C:\\Users\\super\\Desktop\\Study\\Appium\\chromedriver120\\chromedriver.exe","platformName":"ANDROID"}}]
&amp#27;[38;5;16m[AppiumDriver@0c90]&amp#27;[0m Event 'newSessionRequested' logged at 1707198539882 (21:48:59 GMT-0800 (Pacific Standard Time))
&amp#27;[35m[Appium]&amp#27;[39m Attempting to find matching driver for automationName 'UIAutomator2' and platformName 'ANDROID'
&amp#27;[35m[Appium]&amp#27;[39m The 'uiautomator2' driver was installed and matched caps.
&amp#27;[35m[Appium]&amp#27;[39m Will require it at C:\Users\super\.appium\node_modules\appium-uiautomator2-driver
&amp#27;[35m[Appium]&amp#27;[39m Requiring driver at C:\Users\super\.appium\node_modules\appium-uiautomator2-driver
&amp#27;[38;5;16m[AppiumDriver@0c90]&amp#27;[0m Appium v2.2.1 creating new AndroidUiautomator2Driver (v2.32.3) session
&amp#27;[38;5;16m[AppiumDriver@0c90]&amp#27;[0m Checking BaseDriver versions for Appium and AndroidUiautomator2Driver
&amp#27;[38;5;16m[AppiumDriver@0c90]&amp#27;[0m Appium's BaseDriver version is 9.4.1
&amp#27;[38;5;16m[AppiumDriver@0c90]&amp#27;[0m AndroidUiautomator2Driver's BaseDriver version is 9.4.1
&amp#27;[38;5;32m[AndroidUiautomator2Driver@fb3b]&amp#27;[0m Creating session with W3C capabilities: {
&amp#27;[38;5;32m[AndroidUiautomator2Driver@fb3b]&amp#27;[0m   "alwaysMatch": {
&amp#27;[38;5;32m[AndroidUiautomator2Driver@fb3b]&amp#27;[0m     "platformName": "ANDROID",
&amp#27;[38;5;32m[AndroidUiautomator2Driver@fb3b]&amp#27;[0m     "appium:app": "C:\\Users\\super\\eclipse-AppiumProject\\demo_app\\src\\test\\java\\testResources\\Android-MyDemoAppRN.1.3.0.build-244.apk",
&amp#27;[38;5;32m[AndroidUiautomator2Driver@fb3b]&amp#27;[0m     "appium:automationName": "UIAutomator2",
&amp#27;[38;5;32m[AndroidUiautomator2Driver@fb3b]&amp#27;[0m     "appium:chromedriverExecutable": "C:\\Users\\super\\Desktop\\Study\\Appium\\chromedriver120\\chromedriver.exe"
&amp#27;[38;5;32m[AndroidUiautomator2Driver@fb3b]&amp#27;[0m   },
&amp#27;[38;5;32m[AndroidUiautomator2Driver@fb3b]&amp#27;[0m   "firstMatch": [
&amp#27;[38;5;32m[AndroidUiautomator2Driver@fb3b]&amp#27;[0m     {}
&amp#27;[38;5;32m[AndroidUiautomator2Driver@fb3b]&amp#27;[0m   ]
&amp#27;[38;5;32m[AndroidUiautomator2Driver@fb3b]&amp#27;[0m }
&amp#27;[38;5;32m[AndroidUiautomator2Driver@fb3b (5cabbd15)]&amp#27;[0m Session created with session id: 5cabbd15-7e20-42e4-8d48-d95ee721e291
&amp#27;[38;5;48m[BaseDriver]&amp#27;[0m Using local app 'C:\Users\super\eclipse-AppiumProject\demo_app\src\test\java\testResources\Android-MyDemoAppRN.1.3.0.build-244.apk'
&amp#27;[38;5;32m[AndroidUiautomator2Driver@fb3b (5cabbd15)]&amp#27;[0m Checking whether app is actually present
&amp#27;[38;5;64m[ADB]&amp#27;[0m Found 2 'build-tools' folders under 'C:\Users\super\Desktop\Study\Appium\cmdline-tools\bin' (newest first):
&amp#27;[38;5;64m[ADB]&amp#27;[0m     C:\Users\super\Desktop\Study\Appium\cmdline-tools\bin\build-tools\34.0.0
&amp#27;[38;5;64m[ADB]&amp#27;[0m     C:\Users\super\Desktop\Study\Appium\cmdline-tools\bin\build-tools\33.0.1
&amp#27;[38;5;64m[ADB]&amp#27;[0m Using 'adb.exe' from 'C:\Users\super\Desktop\Study\Appium\cmdline-tools\bin\platform-tools\adb.exe'
&amp#27;[38;5;64m[ADB]&amp#27;[0m Running 'C:\Users\super\Desktop\Study\Appium\cmdline-tools\bin\platform-tools\adb.exe -P 5037 start-server'
&amp#27;[38;5;80m[AndroidDriver]&amp#27;[0m Retrieving device list
&amp#27;[38;5;64m[ADB]&amp#27;[0m Trying to find connected Android devices
&amp#27;[38;5;64m[ADB]&amp#27;[0m Getting connected devices
&amp#27;[38;5;64m[ADB]&amp#27;[0m Connected devices: [{"udid":"LMG900TMW8KJ7DTSOB","state":"device"}]
&amp#27;[38;5;80m[AndroidDriver]&amp#27;[0m Using device: LMG900TMW8KJ7DTSOB
&amp#27;[38;5;64m[ADB]&amp#27;[0m Using 'adb.exe' from 'C:\Users\super\Desktop\Study\Appium\cmdline-tools\bin\platform-tools\adb.exe'
&amp#27;[38;5;64m[ADB]&amp#27;[0m Running 'C:\Users\super\Desktop\Study\Appium\cmdline-tools\bin\platform-tools\adb.exe -P 5037 start-server'
&amp#27;[38;5;64m[ADB]&amp#27;[0m Setting device id to LMG900TMW8KJ7DTSOB
&amp#27;[38;5;64m[ADB]&amp#27;[0m Running 'C:\Users\super\Desktop\Study\Appium\cmdline-tools\bin\platform-tools\adb.exe -P 5037 -s LMG900TMW8KJ7DTSOB shell getprop ro.build.version.sdk'
&amp#27;[38;5;64m[ADB]&amp#27;[0m Current device property 'ro.build.version.sdk': 31
&amp#27;[38;5;64m[ADB]&amp#27;[0m Getting device platform version
&amp#27;[38;5;64m[ADB]&amp#27;[0m Running 'C:\Users\super\Desktop\Study\Appium\cmdline-tools\bin\platform-tools\adb.exe -P 5037 -s LMG900TMW8KJ7DTSOB shell getprop ro.build.version.release'
&amp#27;[38;5;64m[ADB]&amp#27;[0m Current device property 'ro.build.version.release': 12
&amp#27;[38;5;64m[ADB]&amp#27;[0m Device API level: 31
&amp#27;[38;5;32m[AndroidUiautomator2Driver@fb3b (5cabbd15)]&amp#27;[0m Relaxing hidden api policy
&amp#27;[38;5;64m[ADB]&amp#27;[0m Running 'C:\Users\super\Desktop\Study\Appium\cmdline-tools\bin\platform-tools\adb.exe -P 5037 -s LMG900TMW8KJ7DTSOB shell 'settings put global hidden_api_policy_pre_p_apps 1;settings put global hidden_api_policy_p_apps 1;settings put global hidden_api_policy 1''
&amp#27;[38;5;80m[AndroidDriver]&amp#27;[0m Parsing package and activity from app manifest
&amp#27;[38;5;64m[ADB]&amp#27;[0m Package name: 'com.saucelabs.mydemoapp.rn'
&amp#27;[38;5;64m[ADB]&amp#27;[0m Main activity name: 'com.saucelabs.mydemoapp.rn.MainActivity'
&amp#27;[38;5;80m[AndroidDriver]&amp#27;[0m Parsed package and activity are: com.saucelabs.mydemoapp.rn/com.saucelabs.mydemoapp.rn.MainActivity
&amp#27;[38;5;80m[AndroidDriver]&amp#27;[0m Pushing settings apk to device...
&amp#27;[38;5;64m[ADB]&amp#27;[0m Getting package info for 'io.appium.settings'
&amp#27;[38;5;64m[ADB]&amp#27;[0m Running 'C:\Users\super\Desktop\Study\Appium\cmdline-tools\bin\platform-tools\adb.exe -P 5037 -s LMG900TMW8KJ7DTSOB shell dumpsys package io.appium.settings'
&amp#27;[38;5;64m[ADB]&amp#27;[0m The version name of the installed 'io.appium.settings' is greater or equal to the application version name ('5.1.2' >= '5.1.2')
&amp#27;[38;5;64m[ADB]&amp#27;[0m There is no need to install/upgrade 'C:\Users\super\.appium\node_modules\appium-uiautomator2-driver\node_modules\io.appium.settings\apks\settings_apk-debug.apk'
&amp#27;[38;5;64m[ADB]&amp#27;[0m Getting IDs of all 'io.appium.settings' processes
&amp#27;[38;5;64m[ADB]&amp#27;[0m Running 'C:\Users\super\Desktop\Study\Appium\cmdline-tools\bin\platform-tools\adb.exe -P 5037 -s LMG900TMW8KJ7DTSOB shell 'pgrep --help; echo $?''
&amp#27;[38;5;64m[ADB]&amp#27;[0m Running 'C:\Users\super\Desktop\Study\Appium\cmdline-tools\bin\platform-tools\adb.exe -P 5037 -s LMG900TMW8KJ7DTSOB shell pgrep -f \(\[\[:blank:\]\]\|\^\)io\.appium\.settings\(\[\[:blank:\]\]\|\$\)'
&amp#27;[38;5;80m[AndroidDriver]&amp#27;[0m io.appium.settings is already running. There is no need to reset its permissions.
&amp#27;[38;5;64m[ADB]&amp#27;[0m Running 'C:\Users\super\Desktop\Study\Appium\cmdline-tools\bin\platform-tools\adb.exe -P 5037 -s LMG900TMW8KJ7DTSOB shell appops set io.appium.settings android:mock_location allow'
&amp#27;[38;5;64m[ADB]&amp#27;[0m Running 'C:\Users\super\Desktop\Study\Appium\cmdline-tools\bin\platform-tools\adb.exe -P 5037 -s LMG900TMW8KJ7DTSOB shell "[ -e '/data/local/tmp/mock_apps.json' ] && echo __PASS__"'
&amp#27;[38;5;64m[ADB]&amp#27;[0m Running 'C:\Users\super\Desktop\Study\Appium\cmdline-tools\bin\platform-tools\adb.exe -P 5037 -s LMG900TMW8KJ7DTSOB shell cat /data/local/tmp/mock_apps.json'
&amp#27;[38;5;96m[Logcat]&amp#27;[0m Starting logs capture with command: C:\\Users\\super\\Desktop\\Study\\Appium\\cmdline-tools\\bin\\platform-tools\\adb.exe -P 5037 -s LMG900TMW8KJ7DTSOB logcat -v threadtime
&amp#27;[38;5;32m[AndroidUiautomator2Driver@fb3b (5cabbd15)]&amp#27;[0m Forwarding UiAutomator2 Server port 6790 to local port 8201
&amp#27;[38;5;64m[ADB]&amp#27;[0m Forwarding system: 8201 to device: 6790
&amp#27;[38;5;64m[ADB]&amp#27;[0m Running 'C:\Users\super\Desktop\Study\Appium\cmdline-tools\bin\platform-tools\adb.exe -P 5037 -s LMG900TMW8KJ7DTSOB forward tcp:8201 tcp:6790'
&amp#27;[38;5;64m[ADB]&amp#27;[0m Checking app cert for C:\Users\super\.appium\node_modules\appium-uiautomator2-driver\node_modules\appium-uiautomator2-server\apks\appium-uiautomator2-server-v5.12.7.apk
&amp#27;[38;5;64m[ADB]&amp#27;[0m Checking app cert for C:\Users\super\.appium\node_modules\appium-uiautomator2-driver\node_modules\appium-uiautomator2-server\apks\appium-uiautomator2-server-debug-androidTest.apk
&amp#27;[38;5;64m[ADB]&amp#27;[0m Using 'apksigner.jar' from 'C:\Users\super\Desktop\Study\Appium\cmdline-tools\bin\build-tools\34.0.0\lib\apksigner.jar'
&amp#27;[38;5;64m[ADB]&amp#27;[0m Starting apksigner: 'C:\\Program Files\\Java\\jdk-17\\bin\\java.exe' -Xmx1024M -Xss1m -jar C:\\Users\\super\\Desktop\\Study\\Appium\\cmdline-tools\\bin\\build-tools\\34.0.0\\lib\\apksigner.jar verify --print-certs C:\\Users\\super\\.appium\\node_modules\\appium-uiautomator2-driver\\node_modules\\appium-uiautomator2-server\\apks\\appium-uiautomator2-server-debug-androidTest.apk
&amp#27;[38;5;64m[ADB]&amp#27;[0m Starting apksigner: 'C:\\Program Files\\Java\\jdk-17\\bin\\java.exe' -Xmx1024M -Xss1m -jar C:\\Users\\super\\Desktop\\Study\\Appium\\cmdline-tools\\bin\\build-tools\\34.0.0\\lib\\apksigner.jar verify --print-certs C:\\Users\\super\\.appium\\node_modules\\appium-uiautomator2-driver\\node_modules\\appium-uiautomator2-server\\apks\\appium-uiautomator2-server-v5.12.7.apk
&amp#27;[38;5;64m[ADB]&amp#27;[0m apksigner stdout: Signer #1 certificate DN: EMAILADDRESS=android@android.com, CN=Android, OU=Android, O=Android, L=Mountain View, ST=California, C=US
&amp#27;[38;5;64m[ADB]&amp#27;[0m Signer #1 certificate SHA-256 digest: a40da80a59d170caa950cf15c18c454d47a39b26989d8b640ecd745ba71bf5dc
&amp#27;[38;5;64m[ADB]&amp#27;[0m Signer #1 certificate SHA-1 digest: 61ed377e85d386a8dfee6b864bd85b0bfaa5af81
&amp#27;[38;5;64m[ADB]&amp#27;[0m Signer #1 certificate MD5 digest: e89b158e4bcf988ebd09eb83f5378e87
&amp#27;[38;5;64m[ADB]&amp#27;[0m 
&amp#27;[38;5;64m[ADB]&amp#27;[0m sha256 hash did match for 'appium-uiautomator2-server-debug-androidTest.apk'
&amp#27;[38;5;64m[ADB]&amp#27;[0m 'C:\Users\super\.appium\node_modules\appium-uiautomator2-driver\node_modules\appium-uiautomator2-server\apks\appium-uiautomator2-server-debug-androidTest.apk' is signed with the default certificate
&amp#27;[38;5;64m[ADB]&amp#27;[0m Getting install status for io.appium.uiautomator2.server.test
&amp#27;[38;5;64m[ADB]&amp#27;[0m Running 'C:\Users\super\Desktop\Study\Appium\cmdline-tools\bin\platform-tools\adb.exe -P 5037 -s LMG900TMW8KJ7DTSOB shell pm path io.appium.uiautomator2.server.test'
&amp#27;[38;5;64m[ADB]&amp#27;[0m 'io.appium.uiautomator2.server.test' is installed
&amp#27;[38;5;64m[ADB]&amp#27;[0m apksigner stdout: Signer #1 certificate DN: EMAILADDRESS=android@android.com, CN=Android, OU=Android, O=Android, L=Mountain View, ST=California, C=US
&amp#27;[38;5;64m[ADB]&amp#27;[0m Signer #1 certificate SHA-256 digest: a40da80a59d170caa950cf15c18c454d47a39b26989d8b640ecd745ba71bf5dc
&amp#27;[38;5;64m[ADB]&amp#27;[0m Signer #1 certificate SHA-1 digest: 61ed377e85d386a8dfee6b864bd85b0bfaa5af81
&amp#27;[38;5;64m[ADB]&amp#27;[0m Signer #1 certificate MD5 digest: e89b158e4bcf988ebd09eb83f5378e87
&amp#27;[38;5;64m[ADB]&amp#27;[0m 
&amp#27;[38;5;64m[ADB]&amp#27;[0m sha256 hash did match for 'appium-uiautomator2-server-v5.12.7.apk'
&amp#27;[38;5;64m[ADB]&amp#27;[0m 'C:\Users\super\.appium\node_modules\appium-uiautomator2-driver\node_modules\appium-uiautomator2-server\apks\appium-uiautomator2-server-v5.12.7.apk' is signed with the default certificate
&amp#27;[38;5;64m[ADB]&amp#27;[0m Getting package info for 'io.appium.uiautomator2.server'
&amp#27;[38;5;64m[ADB]&amp#27;[0m Running 'C:\Users\super\Desktop\Study\Appium\cmdline-tools\bin\platform-tools\adb.exe -P 5037 -s LMG900TMW8KJ7DTSOB shell dumpsys package io.appium.uiautomator2.server'
&amp#27;[38;5;64m[ADB]&amp#27;[0m The version name of the installed 'io.appium.uiautomator2.server' is greater or equal to the application version name ('5.12.7' >= '5.12.7')
&amp#27;[38;5;32m[AndroidUiautomator2Driver@fb3b (5cabbd15)]&amp#27;[0m Server packages status: [{"wasSigned":true,"installState":"sameVersionInstalled","appPath":"C:\\Users\\super\\.appium\\node_modules\\appium-uiautomator2-driver\\node_modules\\appium-uiautomator2-server\\apks\\appium-uiautomator2-server-v5.12.7.apk","appId":"io.appium.uiautomator2.server"},{"wasSigned":true,"installState":"sameVersionInstalled","appPath":"C:\\Users\\super\\.appium\\node_modules\\appium-uiautomator2-driver\\node_modules\\appium-uiautomator2-server\\apks\\appium-uiautomator2-server-debug-androidTest.apk","appId":"io.appium.uiautomator2.server.test"}]
&amp#27;[38;5;32m[AndroidUiautomator2Driver@fb3b (5cabbd15)]&amp#27;[0m Server packages are not going to be (re)installed
&amp#27;[38;5;32m[AndroidUiautomator2Driver@fb3b (5cabbd15)]&amp#27;[0m Waiting up to 30000ms for services to be available
&amp#27;[38;5;64m[ADB]&amp#27;[0m Running 'C:\Users\super\Desktop\Study\Appium\cmdline-tools\bin\platform-tools\adb.exe -P 5037 -s LMG900TMW8KJ7DTSOB shell pm list instrumentation'
&amp#27;[38;5;32m[AndroidUiautomator2Driver@fb3b (5cabbd15)]&amp#27;[0m Instrumentation target 'io.appium.uiautomator2.server.test/androidx.test.runner.AndroidJUnitRunner' is available
&amp#27;[38;5;64m[ADB]&amp#27;[0m Adding packages ["io.appium.settings","io.appium.uiautomator2.server","io.appium.uiautomator2.server.test"] to Doze whitelist
&amp#27;[38;5;64m[ADB]&amp#27;[0m Got the following command chunks to execute: [["dumpsys","deviceidle","whitelist","+io.appium.settings",";","dumpsys","deviceidle","whitelist","+io.appium.uiautomator2.server",";","dumpsys","deviceidle","whitelist","+io.appium.uiautomator2.server.test",";"]]
&amp#27;[38;5;64m[ADB]&amp#27;[0m Running 'C:\Users\super\Desktop\Study\Appium\cmdline-tools\bin\platform-tools\adb.exe -P 5037 -s LMG900TMW8KJ7DTSOB shell dumpsys deviceidle whitelist +io.appium.settings ; dumpsys deviceidle whitelist +io.appium.uiautomator2.server ; dumpsys deviceidle whitelist +io.appium.uiautomator2.server.test ;'
&amp#27;[38;5;64m[ADB]&amp#27;[0m Checking app cert for C:\Users\super\eclipse-AppiumProject\demo_app\src\test\java\testResources\Android-MyDemoAppRN.1.3.0.build-244.apk
&amp#27;[38;5;64m[ADB]&amp#27;[0m Starting apksigner: 'C:\\Program Files\\Java\\jdk-17\\bin\\java.exe' -Xmx1024M -Xss1m -jar C:\\Users\\super\\Desktop\\Study\\Appium\\cmdline-tools\\bin\\build-tools\\34.0.0\\lib\\apksigner.jar verify --print-certs C:\\Users\\super\\eclipse-AppiumProject\\demo_app\\src\\test\\java\\testResources\\Android-MyDemoAppRN.1.3.0.build-244.apk
&amp#27;[38;5;64m[ADB]&amp#27;[0m apksigner stdout: Signer #1 certificate DN: CN=Android Debug, OU=Android, O=Unknown, L=Unknown, ST=Unknown, C=US
&amp#27;[38;5;64m[ADB]&amp#27;[0m Signer #1 certificate SHA-256 digest: fac61745dc0903786fb9ede62a962b399f7348f0bb6f899b8332667591033b9c
&amp#27;[38;5;64m[ADB]&amp#27;[0m Signer #1 certificate SHA-1 digest: 5e8f16062ea3cd2c4a0d547876baa6f38cabf625
&amp#27;[38;5;64m[ADB]&amp#27;[0m Signer #1 certificate MD5 digest: 20f46148b72d8e5e5ca23d37a4f41490
&amp#27;[38;5;64m[ADB]&amp#27;[0m 
&amp#27;[38;5;64m[ADB]&amp#27;[0m 'C:\Users\super\eclipse-AppiumProject\demo_app\src\test\java\testResources\Android-MyDemoAppRN.1.3.0.build-244.apk' is signed with a non-default certificate
&amp#27;[38;5;64m[ADB]&amp#27;[0m Getting package info for 'com.saucelabs.mydemoapp.rn'
&amp#27;[38;5;64m[ADB]&amp#27;[0m Running 'C:\Users\super\Desktop\Study\Appium\cmdline-tools\bin\platform-tools\adb.exe -P 5037 -s LMG900TMW8KJ7DTSOB shell dumpsys package com.saucelabs.mydemoapp.rn'
&amp#27;[38;5;64m[ADB]&amp#27;[0m The version name of the installed 'com.saucelabs.mydemoapp.rn' is greater or equal to the application version name ('1.3.0' >= '1.3.0')
&amp#27;[38;5;64m[ADB]&amp#27;[0m There is no need to install/upgrade 'C:\Users\super\eclipse-AppiumProject\demo_app\src\test\java\testResources\Android-MyDemoAppRN.1.3.0.build-244.apk'
&amp#27;[38;5;80m[AndroidDriver]&amp#27;[0m Performing fast reset on 'com.saucelabs.mydemoapp.rn'
&amp#27;[38;5;64m[ADB]&amp#27;[0m Getting install status for com.saucelabs.mydemoapp.rn
&amp#27;[38;5;64m[ADB]&amp#27;[0m Running 'C:\Users\super\Desktop\Study\Appium\cmdline-tools\bin\platform-tools\adb.exe -P 5037 -s LMG900TMW8KJ7DTSOB shell pm path com.saucelabs.mydemoapp.rn'
&amp#27;[38;5;64m[ADB]&amp#27;[0m 'com.saucelabs.mydemoapp.rn' is installed
&amp#27;[38;5;64m[ADB]&amp#27;[0m Running 'C:\Users\super\Desktop\Study\Appium\cmdline-tools\bin\platform-tools\adb.exe -P 5037 -s LMG900TMW8KJ7DTSOB shell am force-stop com.saucelabs.mydemoapp.rn'
&amp#27;[38;5;64m[ADB]&amp#27;[0m Running 'C:\Users\super\Desktop\Study\Appium\cmdline-tools\bin\platform-tools\adb.exe -P 5037 -s LMG900TMW8KJ7DTSOB shell pm clear com.saucelabs.mydemoapp.rn'
&amp#27;[38;5;80m[AndroidDriver]&amp#27;[0m Performed fast reset on the installed 'com.saucelabs.mydemoapp.rn' application (stop and clear)
&amp#27;[38;5;32m[AndroidUiautomator2Driver@fb3b (5cabbd15)]&amp#27;[0m Performing shallow cleanup of automation leftovers
&amp#27;[38;5;32m[AndroidUiautomator2Driver@fb3b (5cabbd15)]&amp#27;[0m No obsolete sessions have been detected (socket hang up)
&amp#27;[38;5;64m[ADB]&amp#27;[0m Running 'C:\Users\super\Desktop\Study\Appium\cmdline-tools\bin\platform-tools\adb.exe -P 5037 -s LMG900TMW8KJ7DTSOB shell am force-stop io.appium.uiautomator2.server.test'
&amp#27;[38;5;32m[AndroidUiautomator2Driver@fb3b (5cabbd15)]&amp#27;[0m Starting UIAutomator2 server 5.12.7
&amp#27;[38;5;32m[AndroidUiautomator2Driver@fb3b (5cabbd15)]&amp#27;[0m Using UIAutomator2 server from 'C:\Users\super\.appium\node_modules\appium-uiautomator2-driver\node_modules\appium-uiautomator2-server\apks\appium-uiautomator2-server-v5.12.7.apk' and test from 'C:\Users\super\.appium\node_modules\appium-uiautomator2-driver\node_modules\appium-uiautomator2-server\apks\appium-uiautomator2-server-debug-androidTest.apk'
&amp#27;[38;5;32m[AndroidUiautomator2Driver@fb3b (5cabbd15)]&amp#27;[0m Waiting up to 30000ms for UiAutomator2 to be online...
&amp#27;[38;5;64m[ADB]&amp#27;[0m Creating ADB subprocess with args: ["-P","5037","-s","LMG900TMW8KJ7DTSOB","shell","am","instrument","-w","-e","disableAnalytics","true","io.appium.uiautomator2.server.test/androidx.test.runner.AndroidJUnitRunner"]
&amp#27;[38;5;32m[AndroidUiautomator2Driver@fb3b (5cabbd15)]&amp#27;[0m Matched '/status' to command name 'getStatus'
&amp#27;[38;5;32m[AndroidUiautomator2Driver@fb3b (5cabbd15)]&amp#27;[0m Proxying [GET /status] to [GET http://127.0.0.1:8201/status] with no body
&amp#27;[38;5;32m[AndroidUiautomator2Driver@fb3b (5cabbd15)]&amp#27;[0m socket hang up
&amp#27;[38;5;32m[AndroidUiautomator2Driver@fb3b (5cabbd15)]&amp#27;[0m Matched '/status' to command name 'getStatus'
&amp#27;[38;5;32m[AndroidUiautomator2Driver@fb3b (5cabbd15)]&amp#27;[0m Proxying [GET /status] to [GET http://127.0.0.1:8201/status] with no body
&amp#27;[38;5;32m[AndroidUiautomator2Driver@fb3b (5cabbd15)]&amp#27;[0m socket hang up
&amp#27;[38;5;112m[Instrumentation]&amp#27;[0m io.appium.uiautomator2.server.test.AppiumUiAutomator2Server:
&amp#27;[38;5;32m[AndroidUiautomator2Driver@fb3b (5cabbd15)]&amp#27;[0m Matched '/status' to command name 'getStatus'
&amp#27;[38;5;32m[AndroidUiautomator2Driver@fb3b (5cabbd15)]&amp#27;[0m Proxying [GET /status] to [GET http://127.0.0.1:8201/status] with no body
&amp#27;[38;5;32m[AndroidUiautomator2Driver@fb3b (5cabbd15)]&amp#27;[0m socket hang up
&amp#27;[38;5;32m[AndroidUiautomator2Driver@fb3b (5cabbd15)]&amp#27;[0m Matched '/status' to command name 'getStatus'
&amp#27;[38;5;32m[AndroidUiautomator2Driver@fb3b (5cabbd15)]&amp#27;[0m Proxying [GET /status] to [GET http://127.0.0.1:8201/status] with no body
&amp#27;[38;5;32m[AndroidUiautomator2Driver@fb3b (5cabbd15)]&amp#27;[0m Got response with status 200: {"sessionId":"None","value":{"message":"UiAutomator2 Server is ready to accept commands","ready":true}}
&amp#27;[38;5;32m[AndroidUiautomator2Driver@fb3b (5cabbd15)]&amp#27;[0m The initialization of the instrumentation process took 3198ms
&amp#27;[38;5;32m[AndroidUiautomator2Driver@fb3b (5cabbd15)]&amp#27;[0m Matched '/session' to command name 'createSession'
&amp#27;[38;5;32m[AndroidUiautomator2Driver@fb3b (5cabbd15)]&amp#27;[0m Proxying [POST /session] to [POST http://127.0.0.1:8201/session] with body: {"capabilities":{"firstMatch":[{"platformName":"ANDROID","app":"C:\\Users\\super\\eclipse-AppiumProject\\demo_app\\src\\test\\java\\testResources\\Android-MyDemoAppRN.1.3.0.build-244.apk","automationName":"UIAutomator2","chromedriverExecutable":"C:\\Users\\super\\Desktop\\Study\\Appium\\chromedriver120\\chromedriver.exe","platform":"LINUX","webStorageEnabled":false,"takesScreenshot":true,"javascriptEnabled":true,"databaseEnabled":false,"networkConnectionEnabled":true,"locationContextEnabled":false,"warnings":{},"desired":{"platformName":"ANDROID","app":"C:\\Users\\super\\eclipse-AppiumProject\\demo_app\\src\\test\\java\\testResources\\Android-MyDemoAppRN.1.3.0.build-244.apk","automationName":"UIAutomator2","chromedriverExecutable":"C:\\Users\\super\\Desktop\\Study\\Appium\\chromedriver120\\chromedriver.exe"},"deviceName":"LMG900TMW8KJ7DTSOB","deviceUDID":"LMG900TMW8KJ7DTSOB","appPackage":"com.saucelabs.mydemoapp.rn"}],"alwaysMatch":{}}}
&amp#27;[38;5;32m[AndroidUiautomator2Driver@fb3b (5cabbd15)]&amp#27;[0m Got response with status 200: {"sessionId":"dc1a88ef-730b-4fe2-afab-0087ad1f4d72","value":{"capabilities":{"firstMatch":[{"platformName":"ANDROID","app":"C:\\Users\\super\\eclipse-AppiumProject\\demo_app\\src\\test\\java\\testResources\\Android-MyDemoAppRN.1.3.0.build-244.apk","automationName":"UIAutomator2","chromedriverExecutable":"C:\\Users\\super\\Desktop\\Study\\Appium\\chromedriver120\\chromedriver.exe","platform":"LINUX","webStorageEnabled":false,"takesScreenshot":true,"javascriptEnabled":true,"databaseEnabled":false,"networkConnectionEnabled":true,"locationContextEnabled":false,"warnings":{},"desired":{"platformName":"ANDROID","app":"C:\\Users\\super\\eclipse-AppiumProject\\demo_app\\src\\test\\java\\testResources\\Android-MyDemoAppRN.1.3.0.build-244.apk","automationName":"UIAutomator2","chromedriverExecutable":"C:\\Users\\super\\Desktop\\Study\\Appium\\chromedriver120\\chromedriver.exe"},"deviceName":"LMG900TMW8KJ7DTSOB","deviceUDID":"LMG900TMW8KJ7DTSOB","appPackage":"com.saucelabs.mydemoapp.rn"}],"alwaysMatch":{}},"sessionId"...
&amp#27;[38;5;32m[AndroidUiautomator2Driver@fb3b (5cabbd15)]&amp#27;[0m Determined the downstream protocol as 'W3C'
&amp#27;[38;5;32m[AndroidUiautomator2Driver@fb3b (5cabbd15)]&amp#27;[0m Proxying [GET /appium/device/pixel_ratio] to [GET http://127.0.0.1:8201/session/dc1a88ef-730b-4fe2-afab-0087ad1f4d72/appium/device/pixel_ratio] with no body
&amp#27;[38;5;32m[AndroidUiautomator2Driver@fb3b (5cabbd15)]&amp#27;[0m Matched '/appium/device/system_bars' to command name 'getSystemBars'
&amp#27;[38;5;32m[AndroidUiautomator2Driver@fb3b (5cabbd15)]&amp#27;[0m Proxying [GET /appium/device/system_bars] to [GET http://127.0.0.1:8201/session/dc1a88ef-730b-4fe2-afab-0087ad1f4d72/appium/device/system_bars] with no body
&amp#27;[38;5;32m[AndroidUiautomator2Driver@fb3b (5cabbd15)]&amp#27;[0m Matched '/window/current/size' to command name 'getWindowSize'
&amp#27;[38;5;32m[AndroidUiautomator2Driver@fb3b (5cabbd15)]&amp#27;[0m Proxying [GET /window/current/size] to [GET http://127.0.0.1:8201/session/dc1a88ef-730b-4fe2-afab-0087ad1f4d72/window/current/size] with no body
&amp#27;[38;5;32m[AndroidUiautomator2Driver@fb3b (5cabbd15)]&amp#27;[0m Proxying [GET /appium/device/info] to [GET http://127.0.0.1:8201/session/dc1a88ef-730b-4fe2-afab-0087ad1f4d72/appium/device/info] with no body
&amp#27;[38;5;64m[ADB]&amp#27;[0m Running 'C:\Users\super\Desktop\Study\Appium\cmdline-tools\bin\platform-tools\adb.exe -P 5037 -s LMG900TMW8KJ7DTSOB shell dumpsys window'
&amp#27;[38;5;32m[AndroidUiautomator2Driver@fb3b (5cabbd15)]&amp#27;[0m Got response with status 200: {"sessionId":"dc1a88ef-730b-4fe2-afab-0087ad1f4d72","value":2.625}
&amp#27;[38;5;32m[AndroidUiautomator2Driver@fb3b (5cabbd15)]&amp#27;[0m Got response with status 200: {"sessionId":"dc1a88ef-730b-4fe2-afab-0087ad1f4d72","value":{"statusBar":76}}
&amp#27;[38;5;32m[AndroidUiautomator2Driver@fb3b (5cabbd15)]&amp#27;[0m Got response with status 200: {"sessionId":"dc1a88ef-730b-4fe2-afab-0087ad1f4d72","value":{"height":2342,"width":1080}}
&amp#27;[38;5;80m[AndroidDriver]&amp#27;[0m Screen already unlocked, doing nothing
&amp#27;[38;5;32m[AndroidUiautomator2Driver@fb3b (5cabbd15)]&amp#27;[0m Starting 'com.saucelabs.mydemoapp.rn/com.saucelabs.mydemoapp.rn.MainActivity and waiting for 'com.saucelabs.mydemoapp.rn/com.saucelabs.mydemoapp.rn.MainActivity'
&amp#27;[38;5;64m[ADB]&amp#27;[0m Running 'C:\Users\super\Desktop\Study\Appium\cmdline-tools\bin\platform-tools\adb.exe -P 5037 -s LMG900TMW8KJ7DTSOB shell am start -W -n com.saucelabs.mydemoapp.rn/com.saucelabs.mydemoapp.rn.MainActivity -S -a android.intent.action.MAIN -c android.intent.category.LAUNCHER -f 0x10200000'
&amp#27;[38;5;32m[AndroidUiautomator2Driver@fb3b (5cabbd15)]&amp#27;[0m Got response with status 200: {"sessionId":"dc1a88ef-730b-4fe2-afab-0087ad1f4d72","value":{"androidId":"cdc734c4260e7e2f","apiVersion":"31","bluetooth":{"state":"OFF"},"brand":"lge","carrierName":"","displayDensity":420,"locale":"en_US","manufacturer":"LGE","model":"LM-G900TM","networks":[{"capabilities":{"SSID":null,"linkDownBandwidthKbps":60000,"linkUpstreamBandwidthKbps":12000,"networkCapabilities":"NET_CAPABILITY_NOT_METERED,NET_CAPABILITY_INTERNET,NET_CAPABILITY_NOT_RESTRICTED,NET_CAPABILITY_TRUSTED,NET_CAPABILITY_NOT_VPN,NET_CAPABILITY_VALIDATED,NET_CAPABILITY_NOT_ROAMING,NET_CAPABILITY_FOREGROUND,NET_CAPABILITY_NOT_CONGESTED,NET_CAPABILITY_NOT_SUSPENDED","signalStrength":-62,"transportTypes":"TRANSPORT_WIFI"},"detailedState":"CONNECTED","extraInfo":"","isAvailable":true,"isConnected":true,"isFailover":false,"isRoaming":false,"state":"CONNECTED","subtype":-1,"subtypeName":"","type":1,"typeName":"WIFI"}],"platformVersion":"12","realDisplaySize":"1080x2460","timeZone":"America/Los_Angeles"}}
&amp#27;[38;5;64m[ADB]&amp#27;[0m Waiting up to 20000ms for activity matching pkg: 'com.saucelabs.mydemoapp.rn' and activity: 'com.saucelabs.mydemoapp.rn.MainActivity' to be focused
&amp#27;[38;5;64m[ADB]&amp#27;[0m Possible activities, to be checked: 'com.saucelabs.mydemoapp.rn.MainActivity', 'com.saucelabs.mydemoapp.rn.com.saucelabs.mydemoapp.rn.MainActivity'
&amp#27;[38;5;64m[ADB]&amp#27;[0m Getting focused package and activity
&amp#27;[38;5;64m[ADB]&amp#27;[0m Running 'C:\Users\super\Desktop\Study\Appium\cmdline-tools\bin\platform-tools\adb.exe -P 5037 -s LMG900TMW8KJ7DTSOB shell dumpsys window displays'
&amp#27;[38;5;64m[ADB]&amp#27;[0m Found package: 'com.saucelabs.mydemoapp.rn' and fully qualified activity name : 'com.saucelabs.mydemoapp.rn.MainActivity'
&amp#27;[38;5;16m[AppiumDriver@0c90]&amp#27;[0m New AndroidUiautomator2Driver session created successfully, session 5cabbd15-7e20-42e4-8d48-d95ee721e291 added to master session list
&amp#27;[38;5;16m[AppiumDriver@0c90]&amp#27;[0m Event 'newSessionStarted' logged at 1707198547683 (21:49:07 GMT-0800 (Pacific Standard Time))
&amp#27;[38;5;32m[AndroidUiautomator2Driver@fb3b (5cabbd15)]&amp#27;[0m Cached the protocol value 'W3C' for the new session 5cabbd15-7e20-42e4-8d48-d95ee721e291
&amp#27;[38;5;32m[AndroidUiautomator2Driver@fb3b (5cabbd15)]&amp#27;[0m Responding to client with driver.createSession() result: {"capabilities":{"platformName":"ANDROID","app":"C:\\Users\\super\\eclipse-AppiumProject\\demo_app\\src\\test\\java\\testResources\\Android-MyDemoAppRN.1.3.0.build-244.apk","automationName":"UIAutomator2","chromedriverExecutable":"C:\\Users\\super\\Desktop\\Study\\Appium\\chromedriver120\\chromedriver.exe","platform":"LINUX","webStorageEnabled":false,"takesScreenshot":true,"javascriptEnabled":true,"databaseEnabled":false,"networkConnectionEnabled":true,"locationContextEnabled":false,"warnings":{},"desired":{"platformName":"ANDROID","app":"C:\\Users\\super\\eclipse-AppiumProject\\demo_app\\src\\test\\java\\testResources\\Android-MyDemoAppRN.1.3.0.build-244.apk","automationName":"UIAutomator2","chromedriverExecutable":"C:\\Users\\super\\Desktop\\Study\\Appium\\chromedriver120\\chromedriver.exe"},"deviceName":"LMG900TMW8KJ7DTSOB","deviceUDID":"LMG900TMW8KJ7DTSOB","appPackage":"com.saucelabs.mydemoapp.rn","pixelRatio":"2.625","statBarHeight":76,"viewportRect":{"left":0,"top":76,"width":1080,"height":2266},"dev...
&amp#27;[38;5;0m[HTTP]&amp#27;[0m &amp#27;[37m<-- POST /session &amp#27;[39m&amp#27;[32m200&amp#27;[39m &amp#27;[90m7803 ms - 1232&amp#27;[39m
&amp#27;[38;5;0m[HTTP]&amp#27;[0m &amp#27;[90m&amp#27;[39m
&amp#27;[38;5;0m[HTTP]&amp#27;[0m &amp#27;[37m-->&amp#27;[39m &amp#27;[37mPOST&amp#27;[39m &amp#27;[37m/session/5cabbd15-7e20-42e4-8d48-d95ee721e291/timeouts&amp#27;[39m
&amp#27;[38;5;0m[HTTP]&amp#27;[0m &amp#27;[90m{"implicit":10000}&amp#27;[39m
&amp#27;[38;5;32m[AndroidUiautomator2Driver@fb3b (5cabbd15)]&amp#27;[0m Calling AppiumDriver.timeouts() with args: [null,null,null,null,10000,"5cabbd15-7e20-42e4-8d48-d95ee721e291"]
&amp#27;[38;5;32m[AndroidUiautomator2Driver@fb3b (5cabbd15)]&amp#27;[0m W3C timeout argument: {"implicit":10000}}
&amp#27;[38;5;32m[AndroidUiautomator2Driver@fb3b (5cabbd15)]&amp#27;[0m Set implicit wait to 10000ms
&amp#27;[38;5;32m[AndroidUiautomator2Driver@fb3b (5cabbd15)]&amp#27;[0m Responding to client with driver.timeouts() result: null
&amp#27;[38;5;0m[HTTP]&amp#27;[0m &amp#27;[37m<-- POST /session/5cabbd15-7e20-42e4-8d48-d95ee721e291/timeouts &amp#27;[39m&amp#27;[32m200&amp#27;[39m &amp#27;[90m3 ms - 14&amp#27;[39m
&amp#27;[38;5;0m[HTTP]&amp#27;[0m &amp#27;[90m&amp#27;[39m
&amp#27;[38;5;0m[HTTP]&amp#27;[0m &amp#27;[37m-->&amp#27;[39m &amp#27;[37mGET&amp#27;[39m &amp#27;[37m/session/5cabbd15-7e20-42e4-8d48-d95ee721e291/context&amp#27;[39m
&amp#27;[38;5;0m[HTTP]&amp#27;[0m &amp#27;[90m{}&amp#27;[39m
&amp#27;[38;5;32m[AndroidUiautomator2Driver@fb3b (5cabbd15)]&amp#27;[0m Calling AppiumDriver.getCurrentContext() with args: ["5cabbd15-7e20-42e4-8d48-d95ee721e291"]
&amp#27;[38;5;32m[AndroidUiautomator2Driver@fb3b (5cabbd15)]&amp#27;[0m Responding to client with driver.getCurrentContext() result: "NATIVE_APP"
&amp#27;[38;5;0m[HTTP]&amp#27;[0m &amp#27;[37m<-- GET /session/5cabbd15-7e20-42e4-8d48-d95ee721e291/context &amp#27;[39m&amp#27;[32m200&amp#27;[39m &amp#27;[90m5 ms - 22&amp#27;[39m
&amp#27;[38;5;0m[HTTP]&amp#27;[0m &amp#27;[90m&amp#27;[39m
&amp#27;[38;5;0m[HTTP]&amp#27;[0m &amp#27;[37m-->&amp#27;[39m &amp#27;[37mPOST&amp#27;[39m &amp#27;[37m/session/5cabbd15-7e20-42e4-8d48-d95ee721e291/element&amp#27;[39m
&amp#27;[38;5;0m[HTTP]&amp#27;[0m &amp#27;[90m{"using":"accessibility id","value":"sort button"}&amp#27;[39m
&amp#27;[38;5;32m[AndroidUiautomator2Driver@fb3b (5cabbd15)]&amp#27;[0m Calling AppiumDriver.findElement() with args: ["accessibility id","sort button","5cabbd15-7e20-42e4-8d48-d95ee721e291"]
&amp#27;[38;5;32m[AndroidUiautomator2Driver@fb3b (5cabbd15)]&amp#27;[0m Valid locator strategies for this request: xpath, id, class name, accessibility id, css selector, -android uiautomator
&amp#27;[38;5;32m[AndroidUiautomator2Driver@fb3b (5cabbd15)]&amp#27;[0m Waiting up to 10000 ms for condition
&amp#27;[38;5;32m[AndroidUiautomator2Driver@fb3b (5cabbd15)]&amp#27;[0m Matched '/element' to command name 'findElement'
&amp#27;[38;5;32m[AndroidUiautomator2Driver@fb3b (5cabbd15)]&amp#27;[0m Proxying [POST /element] to [POST http://127.0.0.1:8201/session/dc1a88ef-730b-4fe2-afab-0087ad1f4d72/element] with body: {"strategy":"accessibility id","selector":"sort button","context":"","multiple":false}
&amp#27;[38;5;32m[AndroidUiautomator2Driver@fb3b (5cabbd15)]&amp#27;[0m Got response with status 200: {"sessionId":"dc1a88ef-730b-4fe2-afab-0087ad1f4d72","value":{"ELEMENT":"00000000-0000-05c7-ffff-ffff00000026","element-6066-11e4-a52e-4f735466cecf":"00000000-0000-05c7-ffff-ffff00000026"}}
&amp#27;[38;5;32m[AndroidUiautomator2Driver@fb3b (5cabbd15)]&amp#27;[0m Responding to client with driver.findElement() result: {"element-6066-11e4-a52e-4f735466cecf":"00000000-0000-05c7-ffff-ffff00000026","ELEMENT":"00000000-0000-05c7-ffff-ffff00000026"}
&amp#27;[38;5;0m[HTTP]&amp#27;[0m &amp#27;[37m<-- POST /session/5cabbd15-7e20-42e4-8d48-d95ee721e291/element &amp#27;[39m&amp#27;[32m200&amp#27;[39m &amp#27;[90m137 ms - 137&amp#27;[39m
&amp#27;[38;5;0m[HTTP]&amp#27;[0m &amp#27;[90m&amp#27;[39m
&amp#27;[38;5;0m[HTTP]&amp#27;[0m &amp#27;[37m-->&amp#27;[39m &amp#27;[37mPOST&amp#27;[39m &amp#27;[37m/session/5cabbd15-7e20-42e4-8d48-d95ee721e291/element/00000000-0000-05c7-ffff-ffff00000026/click&amp#27;[39m
&amp#27;[38;5;0m[HTTP]&amp#27;[0m &amp#27;[90m{"id":"00000000-0000-05c7-ffff-ffff00000026"}&amp#27;[39m
&amp#27;[38;5;32m[AndroidUiautomator2Driver@fb3b (5cabbd15)]&amp#27;[0m Calling AppiumDriver.click() with args: ["00000000-0000-05c7-ffff-ffff00000026","5cabbd15-7e20-42e4-8d48-d95ee721e291"]
&amp#27;[38;5;32m[AndroidUiautomator2Driver@fb3b (5cabbd15)]&amp#27;[0m Matched '/element/00000000-0000-05c7-ffff-ffff00000026/click' to command name 'click'
&amp#27;[38;5;32m[AndroidUiautomator2Driver@fb3b (5cabbd15)]&amp#27;[0m Proxying [POST /element/00000000-0000-05c7-ffff-ffff00000026/click] to [POST http://127.0.0.1:8201/session/dc1a88ef-730b-4fe2-afab-0087ad1f4d72/element/00000000-0000-05c7-ffff-ffff00000026/click] with body: {"element":"00000000-0000-05c7-ffff-ffff00000026"}
&amp#27;[38;5;32m[AndroidUiautomator2Driver@fb3b (5cabbd15)]&amp#27;[0m Got response with status 200: {"sessionId":"dc1a88ef-730b-4fe2-afab-0087ad1f4d72","value":null}
&amp#27;[38;5;32m[AndroidUiautomator2Driver@fb3b (5cabbd15)]&amp#27;[0m Responding to client with driver.click() result: null
&amp#27;[38;5;0m[HTTP]&amp#27;[0m &amp#27;[37m<-- POST /session/5cabbd15-7e20-42e4-8d48-d95ee721e291/element/00000000-0000-05c7-ffff-ffff00000026/click &amp#27;[39m&amp#27;[32m200&amp#27;[39m &amp#27;[90m86 ms - 14&amp#27;[39m
&amp#27;[38;5;0m[HTTP]&amp#27;[0m &amp#27;[90m&amp#27;[39m
&amp#27;[38;5;0m[HTTP]&amp#27;[0m &amp#27;[37m-->&amp#27;[39m &amp#27;[37mGET&amp#27;[39m &amp#27;[37m/session/5cabbd15-7e20-42e4-8d48-d95ee721e291/context&amp#27;[39m
&amp#27;[38;5;0m[HTTP]&amp#27;[0m &amp#27;[90m{}&amp#27;[39m
&amp#27;[38;5;32m[AndroidUiautomator2Driver@fb3b (5cabbd15)]&amp#27;[0m Calling AppiumDriver.getCurrentContext() with args: ["5cabbd15-7e20-42e4-8d48-d95ee721e291"]
&amp#27;[38;5;32m[AndroidUiautomator2Driver@fb3b (5cabbd15)]&amp#27;[0m Responding to client with driver.getCurrentContext() result: "NATIVE_APP"
&amp#27;[38;5;0m[HTTP]&amp#27;[0m &amp#27;[37m<-- GET /session/5cabbd15-7e20-42e4-8d48-d95ee721e291/context &amp#27;[39m&amp#27;[32m200&amp#27;[39m &amp#27;[90m3 ms - 22&amp#27;[39m
&amp#27;[38;5;0m[HTTP]&amp#27;[0m &amp#27;[90m&amp#27;[39m
&amp#27;[38;5;0m[HTTP]&amp#27;[0m &amp#27;[37m-->&amp#27;[39m &amp#27;[37mPOST&amp#27;[39m &amp#27;[37m/session/5cabbd15-7e20-42e4-8d48-d95ee721e291/element&amp#27;[39m
&amp#27;[38;5;0m[HTTP]&amp#27;[0m &amp#27;[90m{"using":"accessibility id","value":"nameAsc"}&amp#27;[39m
&amp#27;[38;5;32m[AndroidUiautomator2Driver@fb3b (5cabbd15)]&amp#27;[0m Calling AppiumDriver.findElement() with args: ["accessibility id","nameAsc","5cabbd15-7e20-42e4-8d48-d95ee721e291"]
&amp#27;[38;5;32m[AndroidUiautomator2Driver@fb3b (5cabbd15)]&amp#27;[0m Valid locator strategies for this request: xpath, id, class name, accessibility id, css selector, -android uiautomator
&amp#27;[38;5;32m[AndroidUiautomator2Driver@fb3b (5cabbd15)]&amp#27;[0m Waiting up to 10000 ms for condition
&amp#27;[38;5;32m[AndroidUiautomator2Driver@fb3b (5cabbd15)]&amp#27;[0m Matched '/element' to command name 'findElement'
&amp#27;[38;5;32m[AndroidUiautomator2Driver@fb3b (5cabbd15)]&amp#27;[0m Proxying [POST /element] to [POST http://127.0.0.1:8201/session/dc1a88ef-730b-4fe2-afab-0087ad1f4d72/element] with body: {"strategy":"accessibility id","selector":"nameAsc","context":"","multiple":false}
&amp#27;[38;5;32m[AndroidUiautomator2Driver@fb3b (5cabbd15)]&amp#27;[0m Got response with status 404: {"sessionId":"dc1a88ef-730b-4fe2-afab-0087ad1f4d72","value":{"error":"no such element","message":"An element could not be located on the page using the given search parameters","stacktrace":"io.appium.uiautomator2.common.exceptions.ElementNotFoundException: An element could not be located on the page using the given search parameters\n\tat io.appium.uiautomator2.handler.FindElement.safeHandle(FindElement.java:63)\n\tat io.appium.uiautomator2.handler.request.SafeRequestHandler.handle(SafeRequestHandler.java:59)\n\tat io.appium.uiautomator2.server.AppiumServlet.handleRequest(AppiumServlet.java:277)\n\tat io.appium.uiautomator2.server.AppiumServlet.handleHttpRequest(AppiumServlet.java:271)\n\tat io.appium.uiautomator2.http.ServerHandler.channelRead(ServerHandler.java:77)\n\tat io.netty.channel.AbstractChannelHandlerContext.invokeChannelRead(AbstractChannelHandlerContext.java:366)\n\tat io.netty.channel.AbstractChannelHandlerContext.invokeChannelRead(AbstractChannelHandlerContext.java:352)\n\tat io.netty.chann...
&amp#27;[38;5;128m[W3C]&amp#27;[0m Matched W3C error code 'no such element' to NoSuchElementError
&amp#27;[38;5;32m[AndroidUiautomator2Driver@fb3b (5cabbd15)]&amp#27;[0m Waited for 151 ms so far
&amp#27;[38;5;32m[AndroidUiautomator2Driver@fb3b (5cabbd15)]&amp#27;[0m Matched '/element' to command name 'findElement'
&amp#27;[38;5;32m[AndroidUiautomator2Driver@fb3b (5cabbd15)]&amp#27;[0m Proxying [POST /element] to [POST http://127.0.0.1:8201/session/dc1a88ef-730b-4fe2-afab-0087ad1f4d72/element] with body: {"strategy":"accessibility id","selector":"nameAsc","context":"","multiple":false}
&amp#27;[38;5;32m[AndroidUiautomator2Driver@fb3b (5cabbd15)]&amp#27;[0m Got response with status 200: {"sessionId":"dc1a88ef-730b-4fe2-afab-0087ad1f4d72","value":{"ELEMENT":"00000000-0000-05c8-ffff-ffff000000b2","element-6066-11e4-a52e-4f735466cecf":"00000000-0000-05c8-ffff-ffff000000b2"}}
&amp#27;[38;5;32m[AndroidUiautomator2Driver@fb3b (5cabbd15)]&amp#27;[0m Responding to client with driver.findElement() result: {"element-6066-11e4-a52e-4f735466cecf":"00000000-0000-05c8-ffff-ffff000000b2","ELEMENT":"00000000-0000-05c8-ffff-ffff000000b2"}
&amp#27;[38;5;0m[HTTP]&amp#27;[0m &amp#27;[37m<-- POST /session/5cabbd15-7e20-42e4-8d48-d95ee721e291/element &amp#27;[39m&amp#27;[32m200&amp#27;[39m &amp#27;[90m776 ms - 137&amp#27;[39m
&amp#27;[38;5;0m[HTTP]&amp#27;[0m &amp#27;[90m&amp#27;[39m
&amp#27;[38;5;0m[HTTP]&amp#27;[0m &amp#27;[37m-->&amp#27;[39m &amp#27;[37mPOST&amp#27;[39m &amp#27;[37m/session/5cabbd15-7e20-42e4-8d48-d95ee721e291/element/00000000-0000-05c8-ffff-ffff000000b2/click&amp#27;[39m
&amp#27;[38;5;0m[HTTP]&amp#27;[0m &amp#27;[90m{"id":"00000000-0000-05c8-ffff-ffff000000b2"}&amp#27;[39m
&amp#27;[38;5;32m[AndroidUiautomator2Driver@fb3b (5cabbd15)]&amp#27;[0m Calling AppiumDriver.click() with args: ["00000000-0000-05c8-ffff-ffff000000b2","5cabbd15-7e20-42e4-8d48-d95ee721e291"]
&amp#27;[38;5;32m[AndroidUiautomator2Driver@fb3b (5cabbd15)]&amp#27;[0m Matched '/element/00000000-0000-05c8-ffff-ffff000000b2/click' to command name 'click'
&amp#27;[38;5;32m[AndroidUiautomator2Driver@fb3b (5cabbd15)]&amp#27;[0m Proxying [POST /element/00000000-0000-05c8-ffff-ffff000000b2/click] to [POST http://127.0.0.1:8201/session/dc1a88ef-730b-4fe2-afab-0087ad1f4d72/element/00000000-0000-05c8-ffff-ffff000000b2/click] with body: {"element":"00000000-0000-05c8-ffff-ffff000000b2"}
&amp#27;[38;5;32m[AndroidUiautomator2Driver@fb3b (5cabbd15)]&amp#27;[0m Got response with status 200: {"sessionId":"dc1a88ef-730b-4fe2-afab-0087ad1f4d72","value":null}
&amp#27;[38;5;32m[AndroidUiautomator2Driver@fb3b (5cabbd15)]&amp#27;[0m Responding to client with driver.click() result: null
&amp#27;[38;5;0m[HTTP]&amp#27;[0m &amp#27;[37m<-- POST /session/5cabbd15-7e20-42e4-8d48-d95ee721e291/element/00000000-0000-05c8-ffff-ffff000000b2/click &amp#27;[39m&amp#27;[32m200&amp#27;[39m &amp#27;[90m84 ms - 14&amp#27;[39m
&amp#27;[38;5;0m[HTTP]&amp#27;[0m &amp#27;[90m&amp#27;[39m
&amp#27;[38;5;0m[HTTP]&amp#27;[0m &amp#27;[37m-->&amp#27;[39m &amp#27;[37mGET&amp#27;[39m &amp#27;[37m/session/5cabbd15-7e20-42e4-8d48-d95ee721e291/context&amp#27;[39m
&amp#27;[38;5;0m[HTTP]&amp#27;[0m &amp#27;[90m{}&amp#27;[39m
&amp#27;[38;5;32m[AndroidUiautomator2Driver@fb3b (5cabbd15)]&amp#27;[0m Calling AppiumDriver.getCurrentContext() with args: ["5cabbd15-7e20-42e4-8d48-d95ee721e291"]
&amp#27;[38;5;32m[AndroidUiautomator2Driver@fb3b (5cabbd15)]&amp#27;[0m Responding to client with driver.getCurrentContext() result: "NATIVE_APP"
&amp#27;[38;5;0m[HTTP]&amp#27;[0m &amp#27;[37m<-- GET /session/5cabbd15-7e20-42e4-8d48-d95ee721e291/context &amp#27;[39m&amp#27;[32m200&amp#27;[39m &amp#27;[90m1 ms - 22&amp#27;[39m
&amp#27;[38;5;0m[HTTP]&amp#27;[0m &amp#27;[90m&amp#27;[39m
&amp#27;[38;5;0m[HTTP]&amp#27;[0m &amp#27;[37m-->&amp#27;[39m &amp#27;[37mPOST&amp#27;[39m &amp#27;[37m/session/5cabbd15-7e20-42e4-8d48-d95ee721e291/element&amp#27;[39m
&amp#27;[38;5;0m[HTTP]&amp#27;[0m &amp#27;[90m{"using":"accessibility id","value":"sort button"}&amp#27;[39m
&amp#27;[38;5;32m[AndroidUiautomator2Driver@fb3b (5cabbd15)]&amp#27;[0m Calling AppiumDriver.findElement() with args: ["accessibility id","sort button","5cabbd15-7e20-42e4-8d48-d95ee721e291"]
&amp#27;[38;5;32m[AndroidUiautomator2Driver@fb3b (5cabbd15)]&amp#27;[0m Valid locator strategies for this request: xpath, id, class name, accessibility id, css selector, -android uiautomator
&amp#27;[38;5;32m[AndroidUiautomator2Driver@fb3b (5cabbd15)]&amp#27;[0m Waiting up to 10000 ms for condition
&amp#27;[38;5;32m[AndroidUiautomator2Driver@fb3b (5cabbd15)]&amp#27;[0m Matched '/element' to command name 'findElement'
&amp#27;[38;5;32m[AndroidUiautomator2Driver@fb3b (5cabbd15)]&amp#27;[0m Proxying [POST /element] to [POST http://127.0.0.1:8201/session/dc1a88ef-730b-4fe2-afab-0087ad1f4d72/element] with body: {"strategy":"accessibility id","selector":"sort button","context":"","multiple":false}
&amp#27;[38;5;32m[AndroidUiautomator2Driver@fb3b (5cabbd15)]&amp#27;[0m Got response with status 404: {"sessionId":"dc1a88ef-730b-4fe2-afab-0087ad1f4d72","value":{"error":"no such element","message":"An element could not be located on the page using the given search parameters","stacktrace":"io.appium.uiautomator2.common.exceptions.ElementNotFoundException: An element could not be located on the page using the given search parameters\n\tat io.appium.uiautomator2.handler.FindElement.safeHandle(FindElement.java:63)\n\tat io.appium.uiautomator2.handler.request.SafeRequestHandler.handle(SafeRequestHandler.java:59)\n\tat io.appium.uiautomator2.server.AppiumServlet.handleRequest(AppiumServlet.java:277)\n\tat io.appium.uiautomator2.server.AppiumServlet.handleHttpRequest(AppiumServlet.java:271)\n\tat io.appium.uiautomator2.http.ServerHandler.channelRead(ServerHandler.java:77)\n\tat io.netty.channel.AbstractChannelHandlerContext.invokeChannelRead(AbstractChannelHandlerContext.java:366)\n\tat io.netty.channel.AbstractChannelHandlerContext.invokeChannelRead(AbstractChannelHandlerContext.java:352)\n\tat io.netty.chann...
&amp#27;[38;5;128m[W3C]&amp#27;[0m Matched W3C error code 'no such element' to NoSuchElementError
&amp#27;[38;5;32m[AndroidUiautomator2Driver@fb3b (5cabbd15)]&amp#27;[0m Waited for 122 ms so far
&amp#27;[38;5;32m[AndroidUiautomator2Driver@fb3b (5cabbd15)]&amp#27;[0m Matched '/element' to command name 'findElement'
&amp#27;[38;5;32m[AndroidUiautomator2Driver@fb3b (5cabbd15)]&amp#27;[0m Proxying [POST /element] to [POST http://127.0.0.1:8201/session/dc1a88ef-730b-4fe2-afab-0087ad1f4d72/element] with body: {"strategy":"accessibility id","selector":"sort button","context":"","multiple":false}
&amp#27;[38;5;32m[AndroidUiautomator2Driver@fb3b (5cabbd15)]&amp#27;[0m Got response with status 200: {"sessionId":"dc1a88ef-730b-4fe2-afab-0087ad1f4d72","value":{"ELEMENT":"00000000-0000-05c7-ffff-ffff00000026","element-6066-11e4-a52e-4f735466cecf":"00000000-0000-05c7-ffff-ffff00000026"}}
&amp#27;[38;5;32m[AndroidUiautomator2Driver@fb3b (5cabbd15)]&amp#27;[0m Responding to client with driver.findElement() result: {"element-6066-11e4-a52e-4f735466cecf":"00000000-0000-05c7-ffff-ffff00000026","ELEMENT":"00000000-0000-05c7-ffff-ffff00000026"}
&amp#27;[38;5;0m[HTTP]&amp#27;[0m &amp#27;[37m<-- POST /session/5cabbd15-7e20-42e4-8d48-d95ee721e291/element &amp#27;[39m&amp#27;[32m200&amp#27;[39m &amp#27;[90m844 ms - 137&amp#27;[39m
&amp#27;[38;5;0m[HTTP]&amp#27;[0m &amp#27;[90m&amp#27;[39m
&amp#27;[38;5;0m[HTTP]&amp#27;[0m &amp#27;[37m-->&amp#27;[39m &amp#27;[37mPOST&amp#27;[39m &amp#27;[37m/session/5cabbd15-7e20-42e4-8d48-d95ee721e291/element/00000000-0000-05c7-ffff-ffff00000026/click&amp#27;[39m
&amp#27;[38;5;0m[HTTP]&amp#27;[0m &amp#27;[90m{"id":"00000000-0000-05c7-ffff-ffff00000026"}&amp#27;[39m
&amp#27;[38;5;32m[AndroidUiautomator2Driver@fb3b (5cabbd15)]&amp#27;[0m Calling AppiumDriver.click() with args: ["00000000-0000-05c7-ffff-ffff00000026","5cabbd15-7e20-42e4-8d48-d95ee721e291"]
&amp#27;[38;5;32m[AndroidUiautomator2Driver@fb3b (5cabbd15)]&amp#27;[0m Matched '/element/00000000-0000-05c7-ffff-ffff00000026/click' to command name 'click'
&amp#27;[38;5;32m[AndroidUiautomator2Driver@fb3b (5cabbd15)]&amp#27;[0m Proxying [POST /element/00000000-0000-05c7-ffff-ffff00000026/click] to [POST http://127.0.0.1:8201/session/dc1a88ef-730b-4fe2-afab-0087ad1f4d72/element/00000000-0000-05c7-ffff-ffff00000026/click] with body: {"element":"00000000-0000-05c7-ffff-ffff00000026"}
&amp#27;[38;5;32m[AndroidUiautomator2Driver@fb3b (5cabbd15)]&amp#27;[0m Got response with status 200: {"sessionId":"dc1a88ef-730b-4fe2-afab-0087ad1f4d72","value":null}
&amp#27;[38;5;32m[AndroidUiautomator2Driver@fb3b (5cabbd15)]&amp#27;[0m Responding to client with driver.click() result: null
&amp#27;[38;5;0m[HTTP]&amp#27;[0m &amp#27;[37m<-- POST /session/5cabbd15-7e20-42e4-8d48-d95ee721e291/element/00000000-0000-05c7-ffff-ffff00000026/click &amp#27;[39m&amp#27;[32m200&amp#27;[39m &amp#27;[90m83 ms - 14&amp#27;[39m
&amp#27;[38;5;0m[HTTP]&amp#27;[0m &amp#27;[90m&amp#27;[39m
&amp#27;[38;5;0m[HTTP]&amp#27;[0m &amp#27;[37m-->&amp#27;[39m &amp#27;[37mGET&amp#27;[39m &amp#27;[37m/session/5cabbd15-7e20-42e4-8d48-d95ee721e291/context&amp#27;[39m
&amp#27;[38;5;0m[HTTP]&amp#27;[0m &amp#27;[90m{}&amp#27;[39m
&amp#27;[38;5;32m[AndroidUiautomator2Driver@fb3b (5cabbd15)]&amp#27;[0m Calling AppiumDriver.getCurrentContext() with args: ["5cabbd15-7e20-42e4-8d48-d95ee721e291"]
&amp#27;[38;5;32m[AndroidUiautomator2Driver@fb3b (5cabbd15)]&amp#27;[0m Responding to client with driver.getCurrentContext() result: "NATIVE_APP"
&amp#27;[38;5;0m[HTTP]&amp#27;[0m &amp#27;[37m<-- GET /session/5cabbd15-7e20-42e4-8d48-d95ee721e291/context &amp#27;[39m&amp#27;[32m200&amp#27;[39m &amp#27;[90m1 ms - 22&amp#27;[39m
&amp#27;[38;5;0m[HTTP]&amp#27;[0m &amp#27;[90m&amp#27;[39m
&amp#27;[38;5;0m[HTTP]&amp#27;[0m &amp#27;[37m-->&amp#27;[39m &amp#27;[37mPOST&amp#27;[39m &amp#27;[37m/session/5cabbd15-7e20-42e4-8d48-d95ee721e291/element&amp#27;[39m
&amp#27;[38;5;0m[HTTP]&amp#27;[0m &amp#27;[90m{"using":"accessibility id","value":"nameAsc"}&amp#27;[39m
&amp#27;[38;5;32m[AndroidUiautomator2Driver@fb3b (5cabbd15)]&amp#27;[0m Calling AppiumDriver.findElement() with args: ["accessibility id","nameAsc","5cabbd15-7e20-42e4-8d48-d95ee721e291"]
&amp#27;[38;5;32m[AndroidUiautomator2Driver@fb3b (5cabbd15)]&amp#27;[0m Valid locator strategies for this request: xpath, id, class name, accessibility id, css selector, -android uiautomator
&amp#27;[38;5;32m[AndroidUiautomator2Driver@fb3b (5cabbd15)]&amp#27;[0m Waiting up to 10000 ms for condition
&amp#27;[38;5;32m[AndroidUiautomator2Driver@fb3b (5cabbd15)]&amp#27;[0m Matched '/element' to command name 'findElement'
&amp#27;[38;5;32m[AndroidUiautomator2Driver@fb3b (5cabbd15)]&amp#27;[0m Proxying [POST /element] to [POST http://127.0.0.1:8201/session/dc1a88ef-730b-4fe2-afab-0087ad1f4d72/element] with body: {"strategy":"accessibility id","selector":"nameAsc","context":"","multiple":false}
&amp#27;[38;5;32m[AndroidUiautomator2Driver@fb3b (5cabbd15)]&amp#27;[0m Got response with status 404: {"sessionId":"dc1a88ef-730b-4fe2-afab-0087ad1f4d72","value":{"error":"no such element","message":"An element could not be located on the page using the given search parameters","stacktrace":"io.appium.uiautomator2.common.exceptions.ElementNotFoundException: An element could not be located on the page using the given search parameters\n\tat io.appium.uiautomator2.handler.FindElement.safeHandle(FindElement.java:63)\n\tat io.appium.uiautomator2.handler.request.SafeRequestHandler.handle(SafeRequestHandler.java:59)\n\tat io.appium.uiautomator2.server.AppiumServlet.handleRequest(AppiumServlet.java:277)\n\tat io.appium.uiautomator2.server.AppiumServlet.handleHttpRequest(AppiumServlet.java:271)\n\tat io.appium.uiautomator2.http.ServerHandler.channelRead(ServerHandler.java:77)\n\tat io.netty.channel.AbstractChannelHandlerContext.invokeChannelRead(AbstractChannelHandlerContext.java:366)\n\tat io.netty.channel.AbstractChannelHandlerContext.invokeChannelRead(AbstractChannelHandlerContext.java:352)\n\tat io.netty.chann...
&amp#27;[38;5;128m[W3C]&amp#27;[0m Matched W3C error code 'no such element' to NoSuchElementError
&amp#27;[38;5;32m[AndroidUiautomator2Driver@fb3b (5cabbd15)]&amp#27;[0m Waited for 230 ms so far
&amp#27;[38;5;32m[AndroidUiautomator2Driver@fb3b (5cabbd15)]&amp#27;[0m Matched '/element' to command name 'findElement'
&amp#27;[38;5;32m[AndroidUiautomator2Driver@fb3b (5cabbd15)]&amp#27;[0m Proxying [POST /element] to [POST http://127.0.0.1:8201/session/dc1a88ef-730b-4fe2-afab-0087ad1f4d72/element] with body: {"strategy":"accessibility id","selector":"nameAsc","context":"","multiple":false}
&amp#27;[38;5;32m[AndroidUiautomator2Driver@fb3b (5cabbd15)]&amp#27;[0m Got response with status 200: {"sessionId":"dc1a88ef-730b-4fe2-afab-0087ad1f4d72","value":{"ELEMENT":"00000000-0000-05c9-ffff-ffff000000ce","element-6066-11e4-a52e-4f735466cecf":"00000000-0000-05c9-ffff-ffff000000ce"}}
&amp#27;[38;5;32m[AndroidUiautomator2Driver@fb3b (5cabbd15)]&amp#27;[0m Responding to client with driver.findElement() result: {"element-6066-11e4-a52e-4f735466cecf":"00000000-0000-05c9-ffff-ffff000000ce","ELEMENT":"00000000-0000-05c9-ffff-ffff000000ce"}
&amp#27;[38;5;0m[HTTP]&amp#27;[0m &amp#27;[37m<-- POST /session/5cabbd15-7e20-42e4-8d48-d95ee721e291/element &amp#27;[39m&amp#27;[32m200&amp#27;[39m &amp#27;[90m852 ms - 137&amp#27;[39m
&amp#27;[38;5;0m[HTTP]&amp#27;[0m &amp#27;[90m&amp#27;[39m
&amp#27;[38;5;0m[HTTP]&amp#27;[0m &amp#27;[37m-->&amp#27;[39m &amp#27;[37mPOST&amp#27;[39m &amp#27;[37m/session/5cabbd15-7e20-42e4-8d48-d95ee721e291/element/00000000-0000-05c9-ffff-ffff000000ce/element&amp#27;[39m
&amp#27;[38;5;0m[HTTP]&amp#27;[0m &amp#27;[90m{"id":"00000000-0000-05c9-ffff-ffff000000ce","using":"accessibility id","value":"active option"}&amp#27;[39m
&amp#27;[38;5;32m[AndroidUiautomator2Driver@fb3b (5cabbd15)]&amp#27;[0m Calling AppiumDriver.findElementFromElement() with args: ["accessibility id","active option","00000000-0000-05c9-ffff-ffff000000ce","5cabbd15-7e20-42e4-8d48-d95ee721e291"]
&amp#27;[38;5;32m[AndroidUiautomator2Driver@fb3b (5cabbd15)]&amp#27;[0m Valid locator strategies for this request: xpath, id, class name, accessibility id, css selector, -android uiautomator
&amp#27;[38;5;32m[AndroidUiautomator2Driver@fb3b (5cabbd15)]&amp#27;[0m Waiting up to 10000 ms for condition
&amp#27;[38;5;32m[AndroidUiautomator2Driver@fb3b (5cabbd15)]&amp#27;[0m Matched '/element' to command name 'findElement'
&amp#27;[38;5;32m[AndroidUiautomator2Driver@fb3b (5cabbd15)]&amp#27;[0m Proxying [POST /element] to [POST http://127.0.0.1:8201/session/dc1a88ef-730b-4fe2-afab-0087ad1f4d72/element] with body: {"strategy":"accessibility id","selector":"active option","context":"00000000-0000-05c9-ffff-ffff000000ce","multiple":false}
&amp#27;[38;5;32m[AndroidUiautomator2Driver@fb3b (5cabbd15)]&amp#27;[0m Got response with status 200: {"sessionId":"dc1a88ef-730b-4fe2-afab-0087ad1f4d72","value":{"ELEMENT":"00000000-0000-05c9-ffff-ffff000000cf","element-6066-11e4-a52e-4f735466cecf":"00000000-0000-05c9-ffff-ffff000000cf"}}
&amp#27;[38;5;32m[AndroidUiautomator2Driver@fb3b (5cabbd15)]&amp#27;[0m Responding to client with driver.findElementFromElement() result: {"element-6066-11e4-a52e-4f735466cecf":"00000000-0000-05c9-ffff-ffff000000cf","ELEMENT":"00000000-0000-05c9-ffff-ffff000000cf"}
&amp#27;[38;5;0m[HTTP]&amp#27;[0m &amp#27;[37m<-- POST /session/5cabbd15-7e20-42e4-8d48-d95ee721e291/element/00000000-0000-05c9-ffff-ffff000000ce/element &amp#27;[39m&amp#27;[32m200&amp#27;[39m &amp#27;[90m51 ms - 137&amp#27;[39m
&amp#27;[38;5;0m[HTTP]&amp#27;[0m &amp#27;[90m&amp#27;[39m
&amp#27;[38;5;0m[HTTP]&amp#27;[0m &amp#27;[37m-->&amp#27;[39m &amp#27;[37mGET&amp#27;[39m &amp#27;[37m/session/5cabbd15-7e20-42e4-8d48-d95ee721e291/context&amp#27;[39m
&amp#27;[38;5;0m[HTTP]&amp#27;[0m &amp#27;[90m{}&amp#27;[39m
&amp#27;[38;5;32m[AndroidUiautomator2Driver@fb3b (5cabbd15)]&amp#27;[0m Calling AppiumDriver.getCurrentContext() with args: ["5cabbd15-7e20-42e4-8d48-d95ee721e291"]
&amp#27;[38;5;32m[AndroidUiautomator2Driver@fb3b (5cabbd15)]&amp#27;[0m Responding to client with driver.getCurrentContext() result: "NATIVE_APP"
&amp#27;[38;5;0m[HTTP]&amp#27;[0m &amp#27;[37m<-- GET /session/5cabbd15-7e20-42e4-8d48-d95ee721e291/context &amp#27;[39m&amp#27;[32m200&amp#27;[39m &amp#27;[90m1 ms - 22&amp#27;[39m
&amp#27;[38;5;0m[HTTP]&amp#27;[0m &amp#27;[90m&amp#27;[39m
&amp#27;[38;5;0m[HTTP]&amp#27;[0m &amp#27;[37m-->&amp#27;[39m &amp#27;[37mPOST&amp#27;[39m &amp#27;[37m/session/5cabbd15-7e20-42e4-8d48-d95ee721e291/element&amp#27;[39m
&amp#27;[38;5;0m[HTTP]&amp#27;[0m &amp#27;[90m{"using":"accessibility id","value":"nameAsc"}&amp#27;[39m
&amp#27;[38;5;32m[AndroidUiautomator2Driver@fb3b (5cabbd15)]&amp#27;[0m Calling AppiumDriver.findElement() with args: ["accessibility id","nameAsc","5cabbd15-7e20-42e4-8d48-d95ee721e291"]
&amp#27;[38;5;32m[AndroidUiautomator2Driver@fb3b (5cabbd15)]&amp#27;[0m Valid locator strategies for this request: xpath, id, class name, accessibility id, css selector, -android uiautomator
&amp#27;[38;5;32m[AndroidUiautomator2Driver@fb3b (5cabbd15)]&amp#27;[0m Waiting up to 10000 ms for condition
&amp#27;[38;5;32m[AndroidUiautomator2Driver@fb3b (5cabbd15)]&amp#27;[0m Matched '/element' to command name 'findElement'
&amp#27;[38;5;32m[AndroidUiautomator2Driver@fb3b (5cabbd15)]&amp#27;[0m Proxying [POST /element] to [POST http://127.0.0.1:8201/session/dc1a88ef-730b-4fe2-afab-0087ad1f4d72/element] with body: {"strategy":"accessibility id","selector":"nameAsc","context":"","multiple":false}
&amp#27;[38;5;32m[AndroidUiautomator2Driver@fb3b (5cabbd15)]&amp#27;[0m Got response with status 200: {"sessionId":"dc1a88ef-730b-4fe2-afab-0087ad1f4d72","value":{"ELEMENT":"00000000-0000-05c9-ffff-ffff000000ce","element-6066-11e4-a52e-4f735466cecf":"00000000-0000-05c9-ffff-ffff000000ce"}}
&amp#27;[38;5;32m[AndroidUiautomator2Driver@fb3b (5cabbd15)]&amp#27;[0m Responding to client with driver.findElement() result: {"element-6066-11e4-a52e-4f735466cecf":"00000000-0000-05c9-ffff-ffff000000ce","ELEMENT":"00000000-0000-05c9-ffff-ffff000000ce"}
&amp#27;[38;5;0m[HTTP]&amp#27;[0m &amp#27;[37m<-- POST /session/5cabbd15-7e20-42e4-8d48-d95ee721e291/element &amp#27;[39m&amp#27;[32m200&amp#27;[39m &amp#27;[90m72 ms - 137&amp#27;[39m
&amp#27;[38;5;0m[HTTP]&amp#27;[0m &amp#27;[90m&amp#27;[39m
&amp#27;[38;5;0m[HTTP]&amp#27;[0m &amp#27;[37m-->&amp#27;[39m &amp#27;[37mPOST&amp#27;[39m &amp#27;[37m/session/5cabbd15-7e20-42e4-8d48-d95ee721e291/element/00000000-0000-05c9-ffff-ffff000000ce/click&amp#27;[39m
&amp#27;[38;5;0m[HTTP]&amp#27;[0m &amp#27;[90m{"id":"00000000-0000-05c9-ffff-ffff000000ce"}&amp#27;[39m
&amp#27;[38;5;32m[AndroidUiautomator2Driver@fb3b (5cabbd15)]&amp#27;[0m Calling AppiumDriver.click() with args: ["00000000-0000-05c9-ffff-ffff000000ce","5cabbd15-7e20-42e4-8d48-d95ee721e291"]
&amp#27;[38;5;32m[AndroidUiautomator2Driver@fb3b (5cabbd15)]&amp#27;[0m Matched '/element/00000000-0000-05c9-ffff-ffff000000ce/click' to command name 'click'
&amp#27;[38;5;32m[AndroidUiautomator2Driver@fb3b (5cabbd15)]&amp#27;[0m Proxying [POST /element/00000000-0000-05c9-ffff-ffff000000ce/click] to [POST http://127.0.0.1:8201/session/dc1a88ef-730b-4fe2-afab-0087ad1f4d72/element/00000000-0000-05c9-ffff-ffff000000ce/click] with body: {"element":"00000000-0000-05c9-ffff-ffff000000ce"}
&amp#27;[38;5;32m[AndroidUiautomator2Driver@fb3b (5cabbd15)]&amp#27;[0m Got response with status 200: {"sessionId":"dc1a88ef-730b-4fe2-afab-0087ad1f4d72","value":null}
&amp#27;[38;5;32m[AndroidUiautomator2Driver@fb3b (5cabbd15)]&amp#27;[0m Responding to client with driver.click() result: null
&amp#27;[38;5;0m[HTTP]&amp#27;[0m &amp#27;[37m<-- POST /session/5cabbd15-7e20-42e4-8d48-d95ee721e291/element/00000000-0000-05c9-ffff-ffff000000ce/click &amp#27;[39m&amp#27;[32m200&amp#27;[39m &amp#27;[90m61 ms - 14&amp#27;[39m
&amp#27;[38;5;0m[HTTP]&amp#27;[0m &amp#27;[90m&amp#27;[39m
&amp#27;[38;5;0m[HTTP]&amp#27;[0m &amp#27;[37m-->&amp#27;[39m &amp#27;[37mGET&amp#27;[39m &amp#27;[37m/session/5cabbd15-7e20-42e4-8d48-d95ee721e291/context&amp#27;[39m
&amp#27;[38;5;0m[HTTP]&amp#27;[0m &amp#27;[90m{}&amp#27;[39m
&amp#27;[38;5;32m[AndroidUiautomator2Driver@fb3b (5cabbd15)]&amp#27;[0m Calling AppiumDriver.getCurrentContext() with args: ["5cabbd15-7e20-42e4-8d48-d95ee721e291"]
&amp#27;[38;5;32m[AndroidUiautomator2Driver@fb3b (5cabbd15)]&amp#27;[0m Responding to client with driver.getCurrentContext() result: "NATIVE_APP"
&amp#27;[38;5;0m[HTTP]&amp#27;[0m &amp#27;[37m<-- GET /session/5cabbd15-7e20-42e4-8d48-d95ee721e291/context &amp#27;[39m&amp#27;[32m200&amp#27;[39m &amp#27;[90m1 ms - 22&amp#27;[39m
&amp#27;[38;5;0m[HTTP]&amp#27;[0m &amp#27;[90m&amp#27;[39m
&amp#27;[38;5;0m[HTTP]&amp#27;[0m &amp#27;[37m-->&amp#27;[39m &amp#27;[37mPOST&amp#27;[39m &amp#27;[37m/session/5cabbd15-7e20-42e4-8d48-d95ee721e291/elements&amp#27;[39m
&amp#27;[38;5;0m[HTTP]&amp#27;[0m &amp#27;[90m{"using":"xpath","value":"//android.view.ViewGroup[@content-desc='store item']"}&amp#27;[39m
&amp#27;[38;5;32m[AndroidUiautomator2Driver@fb3b (5cabbd15)]&amp#27;[0m Calling AppiumDriver.findElements() with args: ["xpath","//android.view.ViewGroup[@content-desc='store item']","5cabbd15-7e20-42e4-8d48-d95ee721e291"]
&amp#27;[38;5;32m[AndroidUiautomator2Driver@fb3b (5cabbd15)]&amp#27;[0m Valid locator strategies for this request: xpath, id, class name, accessibility id, css selector, -android uiautomator
&amp#27;[38;5;32m[AndroidUiautomator2Driver@fb3b (5cabbd15)]&amp#27;[0m Waiting up to 10000 ms for condition
&amp#27;[38;5;32m[AndroidUiautomator2Driver@fb3b (5cabbd15)]&amp#27;[0m Matched '/elements' to command name 'findElements'
&amp#27;[38;5;32m[AndroidUiautomator2Driver@fb3b (5cabbd15)]&amp#27;[0m Proxying [POST /elements] to [POST http://127.0.0.1:8201/session/dc1a88ef-730b-4fe2-afab-0087ad1f4d72/elements] with body: {"strategy":"xpath","selector":"//android.view.ViewGroup[@content-desc='store item']","context":"","multiple":true}
&amp#27;[38;5;32m[AndroidUiautomator2Driver@fb3b (5cabbd15)]&amp#27;[0m Got response with status 200: {"sessionId":"dc1a88ef-730b-4fe2-afab-0087ad1f4d72","value":[{"ELEMENT":"00000000-0000-05c7-ffff-ffff00000032","element-6066-11e4-a52e-4f735466cecf":"00000000-0000-05c7-ffff-ffff00000032"},{"ELEMENT":"00000000-0000-05c7-ffff-ffff00000041","element-6066-11e4-a52e-4f735466cecf":"00000000-0000-05c7-ffff-ffff00000041"},{"ELEMENT":"00000000-0000-05c7-ffff-ffff00000051","element-6066-11e4-a52e-4f735466cecf":"00000000-0000-05c7-ffff-ffff00000051"},{"ELEMENT":"00000000-0000-05c7-ffff-ffff00000060","element-6066-11e4-a52e-4f735466cecf":"00000000-0000-05c7-ffff-ffff00000060"},{"ELEMENT":"00000000-0000-05c7-ffff-ffff00000070","element-6066-11e4-a52e-4f735466cecf":"00000000-0000-05c7-ffff-ffff00000070"},{"ELEMENT":"00000000-0000-05c7-ffff-ffff0000007f","element-6066-11e4-a52e-4f735466cecf":"00000000-0000-05c7-ffff-ffff0000007f"}]}
&amp#27;[38;5;32m[AndroidUiautomator2Driver@fb3b (5cabbd15)]&amp#27;[0m Responding to client with driver.findElements() result: [{"element-6066-11e4-a52e-4f735466cecf":"00000000-0000-05c7-ffff-ffff00000032","ELEMENT":"00000000-0000-05c7-ffff-ffff00000032"},{"element-6066-11e4-a52e-4f735466cecf":"00000000-0000-05c7-ffff-ffff00000041","ELEMENT":"00000000-0000-05c7-ffff-ffff00000041"},{"element-6066-11e4-a52e-4f735466cecf":"00000000-0000-05c7-ffff-ffff00000051","ELEMENT":"00000000-0000-05c7-ffff-ffff00000051"},{"element-6066-11e4-a52e-4f735466cecf":"00000000-0000-05c7-ffff-ffff00000060","ELEMENT":"00000000-0000-05c7-ffff-ffff00000060"},{"element-6066-11e4-a52e-4f735466cecf":"00000000-0000-05c7-ffff-ffff00000070","ELEMENT":"00000000-0000-05c7-ffff-ffff00000070"},{"element-6066-11e4-a52e-4f735466cecf":"00000000-0000-05c7-ffff-ffff0000007f","ELEMENT":"00000000-0000-05c7-ffff-ffff0000007f"}]
&amp#27;[38;5;0m[HTTP]&amp#27;[0m &amp#27;[37m<-- POST /session/5cabbd15-7e20-42e4-8d48-d95ee721e291/elements &amp#27;[39m&amp#27;[32m200&amp#27;[39m &amp#27;[90m1553 ms - 779&amp#27;[39m
&amp#27;[38;5;0m[HTTP]&amp#27;[0m &amp#27;[90m&amp#27;[39m
&amp#27;[38;5;0m[HTTP]&amp#27;[0m &amp#27;[37m-->&amp#27;[39m &amp#27;[37mGET&amp#27;[39m &amp#27;[37m/session/5cabbd15-7e20-42e4-8d48-d95ee721e291/context&amp#27;[39m
&amp#27;[38;5;0m[HTTP]&amp#27;[0m &amp#27;[90m{}&amp#27;[39m
&amp#27;[38;5;32m[AndroidUiautomator2Driver@fb3b (5cabbd15)]&amp#27;[0m Calling AppiumDriver.getCurrentContext() with args: ["5cabbd15-7e20-42e4-8d48-d95ee721e291"]
&amp#27;[38;5;32m[AndroidUiautomator2Driver@fb3b (5cabbd15)]&amp#27;[0m Responding to client with driver.getCurrentContext() result: "NATIVE_APP"
&amp#27;[38;5;0m[HTTP]&amp#27;[0m &amp#27;[37m<-- GET /session/5cabbd15-7e20-42e4-8d48-d95ee721e291/context &amp#27;[39m&amp#27;[32m200&amp#27;[39m &amp#27;[90m1 ms - 22&amp#27;[39m
&amp#27;[38;5;0m[HTTP]&amp#27;[0m &amp#27;[90m&amp#27;[39m
&amp#27;[38;5;0m[HTTP]&amp#27;[0m &amp#27;[37m-->&amp#27;[39m &amp#27;[37mPOST&amp#27;[39m &amp#27;[37m/session/5cabbd15-7e20-42e4-8d48-d95ee721e291/elements&amp#27;[39m
&amp#27;[38;5;0m[HTTP]&amp#27;[0m &amp#27;[90m{"using":"xpath","value":"//android.view.ViewGroup[@content-desc='store item']"}&amp#27;[39m
&amp#27;[38;5;32m[AndroidUiautomator2Driver@fb3b (5cabbd15)]&amp#27;[0m Calling AppiumDriver.findElements() with args: ["xpath","//android.view.ViewGroup[@content-desc='store item']","5cabbd15-7e20-42e4-8d48-d95ee721e291"]
&amp#27;[38;5;32m[AndroidUiautomator2Driver@fb3b (5cabbd15)]&amp#27;[0m Valid locator strategies for this request: xpath, id, class name, accessibility id, css selector, -android uiautomator
&amp#27;[38;5;32m[AndroidUiautomator2Driver@fb3b (5cabbd15)]&amp#27;[0m Waiting up to 10000 ms for condition
&amp#27;[38;5;32m[AndroidUiautomator2Driver@fb3b (5cabbd15)]&amp#27;[0m Matched '/elements' to command name 'findElements'
&amp#27;[38;5;32m[AndroidUiautomator2Driver@fb3b (5cabbd15)]&amp#27;[0m Proxying [POST /elements] to [POST http://127.0.0.1:8201/session/dc1a88ef-730b-4fe2-afab-0087ad1f4d72/elements] with body: {"strategy":"xpath","selector":"//android.view.ViewGroup[@content-desc='store item']","context":"","multiple":true}
&amp#27;[38;5;32m[AndroidUiautomator2Driver@fb3b (5cabbd15)]&amp#27;[0m Got response with status 200: {"sessionId":"dc1a88ef-730b-4fe2-afab-0087ad1f4d72","value":[{"ELEMENT":"00000000-0000-05c7-ffff-ffff00000032","element-6066-11e4-a52e-4f735466cecf":"00000000-0000-05c7-ffff-ffff00000032"},{"ELEMENT":"00000000-0000-05c7-ffff-ffff00000041","element-6066-11e4-a52e-4f735466cecf":"00000000-0000-05c7-ffff-ffff00000041"},{"ELEMENT":"00000000-0000-05c7-ffff-ffff00000051","element-6066-11e4-a52e-4f735466cecf":"00000000-0000-05c7-ffff-ffff00000051"},{"ELEMENT":"00000000-0000-05c7-ffff-ffff00000060","element-6066-11e4-a52e-4f735466cecf":"00000000-0000-05c7-ffff-ffff00000060"},{"ELEMENT":"00000000-0000-05c7-ffff-ffff00000070","element-6066-11e4-a52e-4f735466cecf":"00000000-0000-05c7-ffff-ffff00000070"},{"ELEMENT":"00000000-0000-05c7-ffff-ffff0000007f","element-6066-11e4-a52e-4f735466cecf":"00000000-0000-05c7-ffff-ffff0000007f"}]}
&amp#27;[38;5;32m[AndroidUiautomator2Driver@fb3b (5cabbd15)]&amp#27;[0m Responding to client with driver.findElements() result: [{"element-6066-11e4-a52e-4f735466cecf":"00000000-0000-05c7-ffff-ffff00000032","ELEMENT":"00000000-0000-05c7-ffff-ffff00000032"},{"element-6066-11e4-a52e-4f735466cecf":"00000000-0000-05c7-ffff-ffff00000041","ELEMENT":"00000000-0000-05c7-ffff-ffff00000041"},{"element-6066-11e4-a52e-4f735466cecf":"00000000-0000-05c7-ffff-ffff00000051","ELEMENT":"00000000-0000-05c7-ffff-ffff00000051"},{"element-6066-11e4-a52e-4f735466cecf":"00000000-0000-05c7-ffff-ffff00000060","ELEMENT":"00000000-0000-05c7-ffff-ffff00000060"},{"element-6066-11e4-a52e-4f735466cecf":"00000000-0000-05c7-ffff-ffff00000070","ELEMENT":"00000000-0000-05c7-ffff-ffff00000070"},{"element-6066-11e4-a52e-4f735466cecf":"00000000-0000-05c7-ffff-ffff0000007f","ELEMENT":"00000000-0000-05c7-ffff-ffff0000007f"}]
&amp#27;[38;5;0m[HTTP]&amp#27;[0m &amp#27;[37m<-- POST /session/5cabbd15-7e20-42e4-8d48-d95ee721e291/elements &amp#27;[39m&amp#27;[32m200&amp#27;[39m &amp#27;[90m636 ms - 779&amp#27;[39m
&amp#27;[38;5;0m[HTTP]&amp#27;[0m &amp#27;[90m&amp#27;[39m
&amp#27;[38;5;0m[HTTP]&amp#27;[0m &amp#27;[37m-->&amp#27;[39m &amp#27;[37mPOST&amp#27;[39m &amp#27;[37m/session/5cabbd15-7e20-42e4-8d48-d95ee721e291/element/00000000-0000-05c7-ffff-ffff00000032/element&amp#27;[39m
&amp#27;[38;5;0m[HTTP]&amp#27;[0m &amp#27;[90m{"id":"00000000-0000-05c7-ffff-ffff00000032","using":"xpath","value":"//android.widget.TextView[@content-desc='store item text']"}&amp#27;[39m
&amp#27;[38;5;32m[AndroidUiautomator2Driver@fb3b (5cabbd15)]&amp#27;[0m Calling AppiumDriver.findElementFromElement() with args: ["xpath","//android.widget.TextView[@content-desc='store item text']","00000000-0000-05c7-ffff-ffff00000032","5cabbd15-7e20-42e4-8d48-d95ee721e291"]
&amp#27;[38;5;32m[AndroidUiautomator2Driver@fb3b (5cabbd15)]&amp#27;[0m Valid locator strategies for this request: xpath, id, class name, accessibility id, css selector, -android uiautomator
&amp#27;[38;5;32m[AndroidUiautomator2Driver@fb3b (5cabbd15)]&amp#27;[0m Waiting up to 10000 ms for condition
&amp#27;[38;5;32m[AndroidUiautomator2Driver@fb3b (5cabbd15)]&amp#27;[0m Matched '/element' to command name 'findElement'
&amp#27;[38;5;32m[AndroidUiautomator2Driver@fb3b (5cabbd15)]&amp#27;[0m Proxying [POST /element] to [POST http://127.0.0.1:8201/session/dc1a88ef-730b-4fe2-afab-0087ad1f4d72/element] with body: {"strategy":"xpath","selector":"//android.widget.TextView[@content-desc='store item text']","context":"00000000-0000-05c7-ffff-ffff00000032","multiple":false}
&amp#27;[38;5;32m[AndroidUiautomator2Driver@fb3b (5cabbd15)]&amp#27;[0m Got response with status 200: {"sessionId":"dc1a88ef-730b-4fe2-afab-0087ad1f4d72","value":{"ELEMENT":"00000000-0000-05c7-ffff-ffff00000035","element-6066-11e4-a52e-4f735466cecf":"00000000-0000-05c7-ffff-ffff00000035"}}
&amp#27;[38;5;32m[AndroidUiautomator2Driver@fb3b (5cabbd15)]&amp#27;[0m Responding to client with driver.findElementFromElement() result: {"element-6066-11e4-a52e-4f735466cecf":"00000000-0000-05c7-ffff-ffff00000035","ELEMENT":"00000000-0000-05c7-ffff-ffff00000035"}
&amp#27;[38;5;0m[HTTP]&amp#27;[0m &amp#27;[37m<-- POST /session/5cabbd15-7e20-42e4-8d48-d95ee721e291/element/00000000-0000-05c7-ffff-ffff00000032/element &amp#27;[39m&amp#27;[32m200&amp#27;[39m &amp#27;[90m90 ms - 137&amp#27;[39m
&amp#27;[38;5;0m[HTTP]&amp#27;[0m &amp#27;[90m&amp#27;[39m
&amp#27;[38;5;0m[HTTP]&amp#27;[0m &amp#27;[37m-->&amp#27;[39m &amp#27;[37mGET&amp#27;[39m &amp#27;[37m/session/5cabbd15-7e20-42e4-8d48-d95ee721e291/element/00000000-0000-05c7-ffff-ffff00000035/text&amp#27;[39m
&amp#27;[38;5;0m[HTTP]&amp#27;[0m &amp#27;[90m{}&amp#27;[39m
&amp#27;[38;5;32m[AndroidUiautomator2Driver@fb3b (5cabbd15)]&amp#27;[0m Driver proxy active, passing request on via HTTP proxy
&amp#27;[38;5;32m[AndroidUiautomator2Driver@fb3b (5cabbd15)]&amp#27;[0m Matched '/session/5cabbd15-7e20-42e4-8d48-d95ee721e291/element/00000000-0000-05c7-ffff-ffff00000035/text' to command name 'getText'
&amp#27;[38;5;32m[AndroidUiautomator2Driver@fb3b (5cabbd15)]&amp#27;[0m Proxying [GET /session/5cabbd15-7e20-42e4-8d48-d95ee721e291/element/00000000-0000-05c7-ffff-ffff00000035/text] to [GET http://127.0.0.1:8201/session/dc1a88ef-730b-4fe2-afab-0087ad1f4d72/element/00000000-0000-05c7-ffff-ffff00000035/text] with no body
&amp#27;[38;5;32m[AndroidUiautomator2Driver@fb3b (5cabbd15)]&amp#27;[0m Got response with status 200: {"sessionId":"dc1a88ef-730b-4fe2-afab-0087ad1f4d72","value":"Sauce Labs Backpack"}
&amp#27;[38;5;32m[AndroidUiautomator2Driver@fb3b (5cabbd15)]&amp#27;[0m Replacing sessionId dc1a88ef-730b-4fe2-afab-0087ad1f4d72 with 5cabbd15-7e20-42e4-8d48-d95ee721e291
&amp#27;[38;5;0m[HTTP]&amp#27;[0m &amp#27;[37m<-- GET /session/5cabbd15-7e20-42e4-8d48-d95ee721e291/element/00000000-0000-05c7-ffff-ffff00000035/text &amp#27;[39m&amp#27;[32m200&amp#27;[39m &amp#27;[90m30 ms - 82&amp#27;[39m
&amp#27;[38;5;0m[HTTP]&amp#27;[0m &amp#27;[90m&amp#27;[39m
&amp#27;[38;5;0m[HTTP]&amp#27;[0m &amp#27;[37m-->&amp#27;[39m &amp#27;[37mGET&amp#27;[39m &amp#27;[37m/session/5cabbd15-7e20-42e4-8d48-d95ee721e291/context&amp#27;[39m
&amp#27;[38;5;0m[HTTP]&amp#27;[0m &amp#27;[90m{}&amp#27;[39m
&amp#27;[38;5;32m[AndroidUiautomator2Driver@fb3b (5cabbd15)]&amp#27;[0m Calling AppiumDriver.getCurrentContext() with args: ["5cabbd15-7e20-42e4-8d48-d95ee721e291"]
&amp#27;[38;5;32m[AndroidUiautomator2Driver@fb3b (5cabbd15)]&amp#27;[0m Responding to client with driver.getCurrentContext() result: "NATIVE_APP"
&amp#27;[38;5;0m[HTTP]&amp#27;[0m &amp#27;[37m<-- GET /session/5cabbd15-7e20-42e4-8d48-d95ee721e291/context &amp#27;[39m&amp#27;[32m200&amp#27;[39m &amp#27;[90m1 ms - 22&amp#27;[39m
&amp#27;[38;5;0m[HTTP]&amp#27;[0m &amp#27;[90m&amp#27;[39m
&amp#27;[38;5;0m[HTTP]&amp#27;[0m &amp#27;[37m-->&amp#27;[39m &amp#27;[37mPOST&amp#27;[39m &amp#27;[37m/session/5cabbd15-7e20-42e4-8d48-d95ee721e291/elements&amp#27;[39m
&amp#27;[38;5;0m[HTTP]&amp#27;[0m &amp#27;[90m{"using":"xpath","value":"//android.view.ViewGroup[@content-desc='store item']"}&amp#27;[39m
&amp#27;[38;5;32m[AndroidUiautomator2Driver@fb3b (5cabbd15)]&amp#27;[0m Calling AppiumDriver.findElements() with args: ["xpath","//android.view.ViewGroup[@content-desc='store item']","5cabbd15-7e20-42e4-8d48-d95ee721e291"]
&amp#27;[38;5;32m[AndroidUiautomator2Driver@fb3b (5cabbd15)]&amp#27;[0m Valid locator strategies for this request: xpath, id, class name, accessibility id, css selector, -android uiautomator
&amp#27;[38;5;32m[AndroidUiautomator2Driver@fb3b (5cabbd15)]&amp#27;[0m Waiting up to 10000 ms for condition
&amp#27;[38;5;32m[AndroidUiautomator2Driver@fb3b (5cabbd15)]&amp#27;[0m Matched '/elements' to command name 'findElements'
&amp#27;[38;5;32m[AndroidUiautomator2Driver@fb3b (5cabbd15)]&amp#27;[0m Proxying [POST /elements] to [POST http://127.0.0.1:8201/session/dc1a88ef-730b-4fe2-afab-0087ad1f4d72/elements] with body: {"strategy":"xpath","selector":"//android.view.ViewGroup[@content-desc='store item']","context":"","multiple":true}
&amp#27;[38;5;32m[AndroidUiautomator2Driver@fb3b (5cabbd15)]&amp#27;[0m Got response with status 200: {"sessionId":"dc1a88ef-730b-4fe2-afab-0087ad1f4d72","value":[{"ELEMENT":"00000000-0000-05c7-ffff-ffff00000032","element-6066-11e4-a52e-4f735466cecf":"00000000-0000-05c7-ffff-ffff00000032"},{"ELEMENT":"00000000-0000-05c7-ffff-ffff00000041","element-6066-11e4-a52e-4f735466cecf":"00000000-0000-05c7-ffff-ffff00000041"},{"ELEMENT":"00000000-0000-05c7-ffff-ffff00000051","element-6066-11e4-a52e-4f735466cecf":"00000000-0000-05c7-ffff-ffff00000051"},{"ELEMENT":"00000000-0000-05c7-ffff-ffff00000060","element-6066-11e4-a52e-4f735466cecf":"00000000-0000-05c7-ffff-ffff00000060"},{"ELEMENT":"00000000-0000-05c7-ffff-ffff00000070","element-6066-11e4-a52e-4f735466cecf":"00000000-0000-05c7-ffff-ffff00000070"},{"ELEMENT":"00000000-0000-05c7-ffff-ffff0000007f","element-6066-11e4-a52e-4f735466cecf":"00000000-0000-05c7-ffff-ffff0000007f"}]}
&amp#27;[38;5;32m[AndroidUiautomator2Driver@fb3b (5cabbd15)]&amp#27;[0m Responding to client with driver.findElements() result: [{"element-6066-11e4-a52e-4f735466cecf":"00000000-0000-05c7-ffff-ffff00000032","ELEMENT":"00000000-0000-05c7-ffff-ffff00000032"},{"element-6066-11e4-a52e-4f735466cecf":"00000000-0000-05c7-ffff-ffff00000041","ELEMENT":"00000000-0000-05c7-ffff-ffff00000041"},{"element-6066-11e4-a52e-4f735466cecf":"00000000-0000-05c7-ffff-ffff00000051","ELEMENT":"00000000-0000-05c7-ffff-ffff00000051"},{"element-6066-11e4-a52e-4f735466cecf":"00000000-0000-05c7-ffff-ffff00000060","ELEMENT":"00000000-0000-05c7-ffff-ffff00000060"},{"element-6066-11e4-a52e-4f735466cecf":"00000000-0000-05c7-ffff-ffff00000070","ELEMENT":"00000000-0000-05c7-ffff-ffff00000070"},{"element-6066-11e4-a52e-4f735466cecf":"00000000-0000-05c7-ffff-ffff0000007f","ELEMENT":"00000000-0000-05c7-ffff-ffff0000007f"}]
&amp#27;[38;5;0m[HTTP]&amp#27;[0m &amp#27;[37m<-- POST /session/5cabbd15-7e20-42e4-8d48-d95ee721e291/elements &amp#27;[39m&amp#27;[32m200&amp#27;[39m &amp#27;[90m859 ms - 779&amp#27;[39m
&amp#27;[38;5;0m[HTTP]&amp#27;[0m &amp#27;[90m&amp#27;[39m
&amp#27;[38;5;0m[HTTP]&amp#27;[0m &amp#27;[37m-->&amp#27;[39m &amp#27;[37mGET&amp#27;[39m &amp#27;[37m/session/5cabbd15-7e20-42e4-8d48-d95ee721e291/context&amp#27;[39m
&amp#27;[38;5;0m[HTTP]&amp#27;[0m &amp#27;[90m{}&amp#27;[39m
&amp#27;[38;5;32m[AndroidUiautomator2Driver@fb3b (5cabbd15)]&amp#27;[0m Calling AppiumDriver.getCurrentContext() with args: ["5cabbd15-7e20-42e4-8d48-d95ee721e291"]
&amp#27;[38;5;32m[AndroidUiautomator2Driver@fb3b (5cabbd15)]&amp#27;[0m Responding to client with driver.getCurrentContext() result: "NATIVE_APP"
&amp#27;[38;5;0m[HTTP]&amp#27;[0m &amp#27;[37m<-- GET /session/5cabbd15-7e20-42e4-8d48-d95ee721e291/context &amp#27;[39m&amp#27;[32m200&amp#27;[39m &amp#27;[90m1 ms - 22&amp#27;[39m
&amp#27;[38;5;0m[HTTP]&amp#27;[0m &amp#27;[90m&amp#27;[39m
&amp#27;[38;5;0m[HTTP]&amp#27;[0m &amp#27;[37m-->&amp#27;[39m &amp#27;[37mPOST&amp#27;[39m &amp#27;[37m/session/5cabbd15-7e20-42e4-8d48-d95ee721e291/elements&amp#27;[39m
&amp#27;[38;5;0m[HTTP]&amp#27;[0m &amp#27;[90m{"using":"xpath","value":"//android.view.ViewGroup[@content-desc='store item']"}&amp#27;[39m
&amp#27;[38;5;32m[AndroidUiautomator2Driver@fb3b (5cabbd15)]&amp#27;[0m Calling AppiumDriver.findElements() with args: ["xpath","//android.view.ViewGroup[@content-desc='store item']","5cabbd15-7e20-42e4-8d48-d95ee721e291"]
&amp#27;[38;5;32m[AndroidUiautomator2Driver@fb3b (5cabbd15)]&amp#27;[0m Valid locator strategies for this request: xpath, id, class name, accessibility id, css selector, -android uiautomator
&amp#27;[38;5;32m[AndroidUiautomator2Driver@fb3b (5cabbd15)]&amp#27;[0m Waiting up to 10000 ms for condition
&amp#27;[38;5;32m[AndroidUiautomator2Driver@fb3b (5cabbd15)]&amp#27;[0m Matched '/elements' to command name 'findElements'
&amp#27;[38;5;32m[AndroidUiautomator2Driver@fb3b (5cabbd15)]&amp#27;[0m Proxying [POST /elements] to [POST http://127.0.0.1:8201/session/dc1a88ef-730b-4fe2-afab-0087ad1f4d72/elements] with body: {"strategy":"xpath","selector":"//android.view.ViewGroup[@content-desc='store item']","context":"","multiple":true}
&amp#27;[38;5;32m[AndroidUiautomator2Driver@fb3b (5cabbd15)]&amp#27;[0m Got response with status 200: {"sessionId":"dc1a88ef-730b-4fe2-afab-0087ad1f4d72","value":[{"ELEMENT":"00000000-0000-05c7-ffff-ffff00000032","element-6066-11e4-a52e-4f735466cecf":"00000000-0000-05c7-ffff-ffff00000032"},{"ELEMENT":"00000000-0000-05c7-ffff-ffff00000041","element-6066-11e4-a52e-4f735466cecf":"00000000-0000-05c7-ffff-ffff00000041"},{"ELEMENT":"00000000-0000-05c7-ffff-ffff00000051","element-6066-11e4-a52e-4f735466cecf":"00000000-0000-05c7-ffff-ffff00000051"},{"ELEMENT":"00000000-0000-05c7-ffff-ffff00000060","element-6066-11e4-a52e-4f735466cecf":"00000000-0000-05c7-ffff-ffff00000060"},{"ELEMENT":"00000000-0000-05c7-ffff-ffff00000070","element-6066-11e4-a52e-4f735466cecf":"00000000-0000-05c7-ffff-ffff00000070"},{"ELEMENT":"00000000-0000-05c7-ffff-ffff0000007f","element-6066-11e4-a52e-4f735466cecf":"00000000-0000-05c7-ffff-ffff0000007f"}]}
&amp#27;[38;5;32m[AndroidUiautomator2Driver@fb3b (5cabbd15)]&amp#27;[0m Responding to client with driver.findElements() result: [{"element-6066-11e4-a52e-4f735466cecf":"00000000-0000-05c7-ffff-ffff00000032","ELEMENT":"00000000-0000-05c7-ffff-ffff00000032"},{"element-6066-11e4-a52e-4f735466cecf":"00000000-0000-05c7-ffff-ffff00000041","ELEMENT":"00000000-0000-05c7-ffff-ffff00000041"},{"element-6066-11e4-a52e-4f735466cecf":"00000000-0000-05c7-ffff-ffff00000051","ELEMENT":"00000000-0000-05c7-ffff-ffff00000051"},{"element-6066-11e4-a52e-4f735466cecf":"00000000-0000-05c7-ffff-ffff00000060","ELEMENT":"00000000-0000-05c7-ffff-ffff00000060"},{"element-6066-11e4-a52e-4f735466cecf":"00000000-0000-05c7-ffff-ffff00000070","ELEMENT":"00000000-0000-05c7-ffff-ffff00000070"},{"element-6066-11e4-a52e-4f735466cecf":"00000000-0000-05c7-ffff-ffff0000007f","ELEMENT":"00000000-0000-05c7-ffff-ffff0000007f"}]
&amp#27;[38;5;0m[HTTP]&amp#27;[0m &amp#27;[37m<-- POST /session/5cabbd15-7e20-42e4-8d48-d95ee721e291/elements &amp#27;[39m&amp#27;[32m200&amp#27;[39m &amp#27;[90m954 ms - 779&amp#27;[39m
&amp#27;[38;5;0m[HTTP]&amp#27;[0m &amp#27;[90m&amp#27;[39m
&amp#27;[38;5;0m[HTTP]&amp#27;[0m &amp#27;[37m-->&amp#27;[39m &amp#27;[37mPOST&amp#27;[39m &amp#27;[37m/session/5cabbd15-7e20-42e4-8d48-d95ee721e291/element/00000000-0000-05c7-ffff-ffff00000041/element&amp#27;[39m
&amp#27;[38;5;0m[HTTP]&amp#27;[0m &amp#27;[90m{"id":"00000000-0000-05c7-ffff-ffff00000041","using":"xpath","value":"//android.widget.TextView[@content-desc='store item text']"}&amp#27;[39m
&amp#27;[38;5;32m[AndroidUiautomator2Driver@fb3b (5cabbd15)]&amp#27;[0m Calling AppiumDriver.findElementFromElement() with args: ["xpath","//android.widget.TextView[@content-desc='store item text']","00000000-0000-05c7-ffff-ffff00000041","5cabbd15-7e20-42e4-8d48-d95ee721e291"]
&amp#27;[38;5;32m[AndroidUiautomator2Driver@fb3b (5cabbd15)]&amp#27;[0m Valid locator strategies for this request: xpath, id, class name, accessibility id, css selector, -android uiautomator
&amp#27;[38;5;32m[AndroidUiautomator2Driver@fb3b (5cabbd15)]&amp#27;[0m Waiting up to 10000 ms for condition
&amp#27;[38;5;32m[AndroidUiautomator2Driver@fb3b (5cabbd15)]&amp#27;[0m Matched '/element' to command name 'findElement'
&amp#27;[38;5;32m[AndroidUiautomator2Driver@fb3b (5cabbd15)]&amp#27;[0m Proxying [POST /element] to [POST http://127.0.0.1:8201/session/dc1a88ef-730b-4fe2-afab-0087ad1f4d72/element] with body: {"strategy":"xpath","selector":"//android.widget.TextView[@content-desc='store item text']","context":"00000000-0000-05c7-ffff-ffff00000041","multiple":false}
&amp#27;[38;5;32m[AndroidUiautomator2Driver@fb3b (5cabbd15)]&amp#27;[0m Got response with status 200: {"sessionId":"dc1a88ef-730b-4fe2-afab-0087ad1f4d72","value":{"ELEMENT":"00000000-0000-05c7-ffff-ffff00000044","element-6066-11e4-a52e-4f735466cecf":"00000000-0000-05c7-ffff-ffff00000044"}}
&amp#27;[38;5;32m[AndroidUiautomator2Driver@fb3b (5cabbd15)]&amp#27;[0m Responding to client with driver.findElementFromElement() result: {"element-6066-11e4-a52e-4f735466cecf":"00000000-0000-05c7-ffff-ffff00000044","ELEMENT":"00000000-0000-05c7-ffff-ffff00000044"}
&amp#27;[38;5;0m[HTTP]&amp#27;[0m &amp#27;[37m<-- POST /session/5cabbd15-7e20-42e4-8d48-d95ee721e291/element/00000000-0000-05c7-ffff-ffff00000041/element &amp#27;[39m&amp#27;[32m200&amp#27;[39m &amp#27;[90m94 ms - 137&amp#27;[39m
&amp#27;[38;5;0m[HTTP]&amp#27;[0m &amp#27;[90m&amp#27;[39m
&amp#27;[38;5;0m[HTTP]&amp#27;[0m &amp#27;[37m-->&amp#27;[39m &amp#27;[37mGET&amp#27;[39m &amp#27;[37m/session/5cabbd15-7e20-42e4-8d48-d95ee721e291/element/00000000-0000-05c7-ffff-ffff00000044/text&amp#27;[39m
&amp#27;[38;5;0m[HTTP]&amp#27;[0m &amp#27;[90m{}&amp#27;[39m
&amp#27;[38;5;32m[AndroidUiautomator2Driver@fb3b (5cabbd15)]&amp#27;[0m Driver proxy active, passing request on via HTTP proxy
&amp#27;[38;5;32m[AndroidUiautomator2Driver@fb3b (5cabbd15)]&amp#27;[0m Matched '/session/5cabbd15-7e20-42e4-8d48-d95ee721e291/element/00000000-0000-05c7-ffff-ffff00000044/text' to command name 'getText'
&amp#27;[38;5;32m[AndroidUiautomator2Driver@fb3b (5cabbd15)]&amp#27;[0m Proxying [GET /session/5cabbd15-7e20-42e4-8d48-d95ee721e291/element/00000000-0000-05c7-ffff-ffff00000044/text] to [GET http://127.0.0.1:8201/session/dc1a88ef-730b-4fe2-afab-0087ad1f4d72/element/00000000-0000-05c7-ffff-ffff00000044/text] with no body
&amp#27;[38;5;32m[AndroidUiautomator2Driver@fb3b (5cabbd15)]&amp#27;[0m Got response with status 200: {"sessionId":"dc1a88ef-730b-4fe2-afab-0087ad1f4d72","value":"Sauce Labs Bike Light"}
&amp#27;[38;5;32m[AndroidUiautomator2Driver@fb3b (5cabbd15)]&amp#27;[0m Replacing sessionId dc1a88ef-730b-4fe2-afab-0087ad1f4d72 with 5cabbd15-7e20-42e4-8d48-d95ee721e291
&amp#27;[38;5;0m[HTTP]&amp#27;[0m &amp#27;[37m<-- GET /session/5cabbd15-7e20-42e4-8d48-d95ee721e291/element/00000000-0000-05c7-ffff-ffff00000044/text &amp#27;[39m&amp#27;[32m200&amp#27;[39m &amp#27;[90m26 ms - 84&amp#27;[39m
&amp#27;[38;5;0m[HTTP]&amp#27;[0m &amp#27;[90m&amp#27;[39m
&amp#27;[38;5;0m[HTTP]&amp#27;[0m &amp#27;[37m-->&amp#27;[39m &amp#27;[37mGET&amp#27;[39m &amp#27;[37m/session/5cabbd15-7e20-42e4-8d48-d95ee721e291/context&amp#27;[39m
&amp#27;[38;5;0m[HTTP]&amp#27;[0m &amp#27;[90m{}&amp#27;[39m
&amp#27;[38;5;32m[AndroidUiautomator2Driver@fb3b (5cabbd15)]&amp#27;[0m Calling AppiumDriver.getCurrentContext() with args: ["5cabbd15-7e20-42e4-8d48-d95ee721e291"]
&amp#27;[38;5;32m[AndroidUiautomator2Driver@fb3b (5cabbd15)]&amp#27;[0m Responding to client with driver.getCurrentContext() result: "NATIVE_APP"
&amp#27;[38;5;0m[HTTP]&amp#27;[0m &amp#27;[37m<-- GET /session/5cabbd15-7e20-42e4-8d48-d95ee721e291/context &amp#27;[39m&amp#27;[32m200&amp#27;[39m &amp#27;[90m1 ms - 22&amp#27;[39m
&amp#27;[38;5;0m[HTTP]&amp#27;[0m &amp#27;[90m&amp#27;[39m
&amp#27;[38;5;0m[HTTP]&amp#27;[0m &amp#27;[37m-->&amp#27;[39m &amp#27;[37mPOST&amp#27;[39m &amp#27;[37m/session/5cabbd15-7e20-42e4-8d48-d95ee721e291/elements&amp#27;[39m
&amp#27;[38;5;0m[HTTP]&amp#27;[0m &amp#27;[90m{"using":"xpath","value":"//android.view.ViewGroup[@content-desc='store item']"}&amp#27;[39m
&amp#27;[38;5;32m[AndroidUiautomator2Driver@fb3b (5cabbd15)]&amp#27;[0m Calling AppiumDriver.findElements() with args: ["xpath","//android.view.ViewGroup[@content-desc='store item']","5cabbd15-7e20-42e4-8d48-d95ee721e291"]
&amp#27;[38;5;32m[AndroidUiautomator2Driver@fb3b (5cabbd15)]&amp#27;[0m Valid locator strategies for this request: xpath, id, class name, accessibility id, css selector, -android uiautomator
&amp#27;[38;5;32m[AndroidUiautomator2Driver@fb3b (5cabbd15)]&amp#27;[0m Waiting up to 10000 ms for condition
&amp#27;[38;5;32m[AndroidUiautomator2Driver@fb3b (5cabbd15)]&amp#27;[0m Matched '/elements' to command name 'findElements'
&amp#27;[38;5;32m[AndroidUiautomator2Driver@fb3b (5cabbd15)]&amp#27;[0m Proxying [POST /elements] to [POST http://127.0.0.1:8201/session/dc1a88ef-730b-4fe2-afab-0087ad1f4d72/elements] with body: {"strategy":"xpath","selector":"//android.view.ViewGroup[@content-desc='store item']","context":"","multiple":true}
&amp#27;[38;5;32m[AndroidUiautomator2Driver@fb3b (5cabbd15)]&amp#27;[0m Got response with status 200: {"sessionId":"dc1a88ef-730b-4fe2-afab-0087ad1f4d72","value":[{"ELEMENT":"00000000-0000-05c7-ffff-ffff00000032","element-6066-11e4-a52e-4f735466cecf":"00000000-0000-05c7-ffff-ffff00000032"},{"ELEMENT":"00000000-0000-05c7-ffff-ffff00000041","element-6066-11e4-a52e-4f735466cecf":"00000000-0000-05c7-ffff-ffff00000041"},{"ELEMENT":"00000000-0000-05c7-ffff-ffff00000051","element-6066-11e4-a52e-4f735466cecf":"00000000-0000-05c7-ffff-ffff00000051"},{"ELEMENT":"00000000-0000-05c7-ffff-ffff00000060","element-6066-11e4-a52e-4f735466cecf":"00000000-0000-05c7-ffff-ffff00000060"},{"ELEMENT":"00000000-0000-05c7-ffff-ffff00000070","element-6066-11e4-a52e-4f735466cecf":"00000000-0000-05c7-ffff-ffff00000070"},{"ELEMENT":"00000000-0000-05c7-ffff-ffff0000007f","element-6066-11e4-a52e-4f735466cecf":"00000000-0000-05c7-ffff-ffff0000007f"}]}
&amp#27;[38;5;32m[AndroidUiautomator2Driver@fb3b (5cabbd15)]&amp#27;[0m Responding to client with driver.findElements() result: [{"element-6066-11e4-a52e-4f735466cecf":"00000000-0000-05c7-ffff-ffff00000032","ELEMENT":"00000000-0000-05c7-ffff-ffff00000032"},{"element-6066-11e4-a52e-4f735466cecf":"00000000-0000-05c7-ffff-ffff00000041","ELEMENT":"00000000-0000-05c7-ffff-ffff00000041"},{"element-6066-11e4-a52e-4f735466cecf":"00000000-0000-05c7-ffff-ffff00000051","ELEMENT":"00000000-0000-05c7-ffff-ffff00000051"},{"element-6066-11e4-a52e-4f735466cecf":"00000000-0000-05c7-ffff-ffff00000060","ELEMENT":"00000000-0000-05c7-ffff-ffff00000060"},{"element-6066-11e4-a52e-4f735466cecf":"00000000-0000-05c7-ffff-ffff00000070","ELEMENT":"00000000-0000-05c7-ffff-ffff00000070"},{"element-6066-11e4-a52e-4f735466cecf":"00000000-0000-05c7-ffff-ffff0000007f","ELEMENT":"00000000-0000-05c7-ffff-ffff0000007f"}]
&amp#27;[38;5;0m[HTTP]&amp#27;[0m &amp#27;[37m<-- POST /session/5cabbd15-7e20-42e4-8d48-d95ee721e291/elements &amp#27;[39m&amp#27;[32m200&amp#27;[39m &amp#27;[90m684 ms - 779&amp#27;[39m
&amp#27;[38;5;0m[HTTP]&amp#27;[0m &amp#27;[90m&amp#27;[39m
&amp#27;[38;5;0m[HTTP]&amp#27;[0m &amp#27;[37m-->&amp#27;[39m &amp#27;[37mGET&amp#27;[39m &amp#27;[37m/session/5cabbd15-7e20-42e4-8d48-d95ee721e291/context&amp#27;[39m
&amp#27;[38;5;0m[HTTP]&amp#27;[0m &amp#27;[90m{}&amp#27;[39m
&amp#27;[38;5;32m[AndroidUiautomator2Driver@fb3b (5cabbd15)]&amp#27;[0m Calling AppiumDriver.getCurrentContext() with args: ["5cabbd15-7e20-42e4-8d48-d95ee721e291"]
&amp#27;[38;5;32m[AndroidUiautomator2Driver@fb3b (5cabbd15)]&amp#27;[0m Responding to client with driver.getCurrentContext() result: "NATIVE_APP"
&amp#27;[38;5;0m[HTTP]&amp#27;[0m &amp#27;[37m<-- GET /session/5cabbd15-7e20-42e4-8d48-d95ee721e291/context &amp#27;[39m&amp#27;[32m200&amp#27;[39m &amp#27;[90m1 ms - 22&amp#27;[39m
&amp#27;[38;5;0m[HTTP]&amp#27;[0m &amp#27;[90m&amp#27;[39m
&amp#27;[38;5;0m[HTTP]&amp#27;[0m &amp#27;[37m-->&amp#27;[39m &amp#27;[37mPOST&amp#27;[39m &amp#27;[37m/session/5cabbd15-7e20-42e4-8d48-d95ee721e291/elements&amp#27;[39m
&amp#27;[38;5;0m[HTTP]&amp#27;[0m &amp#27;[90m{"using":"xpath","value":"//android.view.ViewGroup[@content-desc='store item']"}&amp#27;[39m
&amp#27;[38;5;32m[AndroidUiautomator2Driver@fb3b (5cabbd15)]&amp#27;[0m Calling AppiumDriver.findElements() with args: ["xpath","//android.view.ViewGroup[@content-desc='store item']","5cabbd15-7e20-42e4-8d48-d95ee721e291"]
&amp#27;[38;5;32m[AndroidUiautomator2Driver@fb3b (5cabbd15)]&amp#27;[0m Valid locator strategies for this request: xpath, id, class name, accessibility id, css selector, -android uiautomator
&amp#27;[38;5;32m[AndroidUiautomator2Driver@fb3b (5cabbd15)]&amp#27;[0m Waiting up to 10000 ms for condition
&amp#27;[38;5;32m[AndroidUiautomator2Driver@fb3b (5cabbd15)]&amp#27;[0m Matched '/elements' to command name 'findElements'
&amp#27;[38;5;32m[AndroidUiautomator2Driver@fb3b (5cabbd15)]&amp#27;[0m Proxying [POST /elements] to [POST http://127.0.0.1:8201/session/dc1a88ef-730b-4fe2-afab-0087ad1f4d72/elements] with body: {"strategy":"xpath","selector":"//android.view.ViewGroup[@content-desc='store item']","context":"","multiple":true}
&amp#27;[38;5;32m[AndroidUiautomator2Driver@fb3b (5cabbd15)]&amp#27;[0m Got response with status 200: {"sessionId":"dc1a88ef-730b-4fe2-afab-0087ad1f4d72","value":[{"ELEMENT":"00000000-0000-05c7-ffff-ffff00000032","element-6066-11e4-a52e-4f735466cecf":"00000000-0000-05c7-ffff-ffff00000032"},{"ELEMENT":"00000000-0000-05c7-ffff-ffff00000041","element-6066-11e4-a52e-4f735466cecf":"00000000-0000-05c7-ffff-ffff00000041"},{"ELEMENT":"00000000-0000-05c7-ffff-ffff00000051","element-6066-11e4-a52e-4f735466cecf":"00000000-0000-05c7-ffff-ffff00000051"},{"ELEMENT":"00000000-0000-05c7-ffff-ffff00000060","element-6066-11e4-a52e-4f735466cecf":"00000000-0000-05c7-ffff-ffff00000060"},{"ELEMENT":"00000000-0000-05c7-ffff-ffff00000070","element-6066-11e4-a52e-4f735466cecf":"00000000-0000-05c7-ffff-ffff00000070"},{"ELEMENT":"00000000-0000-05c7-ffff-ffff0000007f","element-6066-11e4-a52e-4f735466cecf":"00000000-0000-05c7-ffff-ffff0000007f"}]}
&amp#27;[38;5;32m[AndroidUiautomator2Driver@fb3b (5cabbd15)]&amp#27;[0m Responding to client with driver.findElements() result: [{"element-6066-11e4-a52e-4f735466cecf":"00000000-0000-05c7-ffff-ffff00000032","ELEMENT":"00000000-0000-05c7-ffff-ffff00000032"},{"element-6066-11e4-a52e-4f735466cecf":"00000000-0000-05c7-ffff-ffff00000041","ELEMENT":"00000000-0000-05c7-ffff-ffff00000041"},{"element-6066-11e4-a52e-4f735466cecf":"00000000-0000-05c7-ffff-ffff00000051","ELEMENT":"00000000-0000-05c7-ffff-ffff00000051"},{"element-6066-11e4-a52e-4f735466cecf":"00000000-0000-05c7-ffff-ffff00000060","ELEMENT":"00000000-0000-05c7-ffff-ffff00000060"},{"element-6066-11e4-a52e-4f735466cecf":"00000000-0000-05c7-ffff-ffff00000070","ELEMENT":"00000000-0000-05c7-ffff-ffff00000070"},{"element-6066-11e4-a52e-4f735466cecf":"00000000-0000-05c7-ffff-ffff0000007f","ELEMENT":"00000000-0000-05c7-ffff-ffff0000007f"}]
&amp#27;[38;5;0m[HTTP]&amp#27;[0m &amp#27;[37m<-- POST /session/5cabbd15-7e20-42e4-8d48-d95ee721e291/elements &amp#27;[39m&amp#27;[32m200&amp#27;[39m &amp#27;[90m1158 ms - 779&amp#27;[39m
&amp#27;[38;5;0m[HTTP]&amp#27;[0m &amp#27;[90m&amp#27;[39m
&amp#27;[38;5;0m[HTTP]&amp#27;[0m &amp#27;[37m-->&amp#27;[39m &amp#27;[37mPOST&amp#27;[39m &amp#27;[37m/session/5cabbd15-7e20-42e4-8d48-d95ee721e291/element/00000000-0000-05c7-ffff-ffff00000051/element&amp#27;[39m
&amp#27;[38;5;0m[HTTP]&amp#27;[0m &amp#27;[90m{"id":"00000000-0000-05c7-ffff-ffff00000051","using":"xpath","value":"//android.widget.TextView[@content-desc='store item text']"}&amp#27;[39m
&amp#27;[38;5;32m[AndroidUiautomator2Driver@fb3b (5cabbd15)]&amp#27;[0m Calling AppiumDriver.findElementFromElement() with args: ["xpath","//android.widget.TextView[@content-desc='store item text']","00000000-0000-05c7-ffff-ffff00000051","5cabbd15-7e20-42e4-8d48-d95ee721e291"]
&amp#27;[38;5;32m[AndroidUiautomator2Driver@fb3b (5cabbd15)]&amp#27;[0m Valid locator strategies for this request: xpath, id, class name, accessibility id, css selector, -android uiautomator
&amp#27;[38;5;32m[AndroidUiautomator2Driver@fb3b (5cabbd15)]&amp#27;[0m Waiting up to 10000 ms for condition
&amp#27;[38;5;32m[AndroidUiautomator2Driver@fb3b (5cabbd15)]&amp#27;[0m Matched '/element' to command name 'findElement'
&amp#27;[38;5;32m[AndroidUiautomator2Driver@fb3b (5cabbd15)]&amp#27;[0m Proxying [POST /element] to [POST http://127.0.0.1:8201/session/dc1a88ef-730b-4fe2-afab-0087ad1f4d72/element] with body: {"strategy":"xpath","selector":"//android.widget.TextView[@content-desc='store item text']","context":"00000000-0000-05c7-ffff-ffff00000051","multiple":false}
&amp#27;[38;5;32m[AndroidUiautomator2Driver@fb3b (5cabbd15)]&amp#27;[0m Got response with status 200: {"sessionId":"dc1a88ef-730b-4fe2-afab-0087ad1f4d72","value":{"ELEMENT":"00000000-0000-05c7-ffff-ffff00000054","element-6066-11e4-a52e-4f735466cecf":"00000000-0000-05c7-ffff-ffff00000054"}}
&amp#27;[38;5;32m[AndroidUiautomator2Driver@fb3b (5cabbd15)]&amp#27;[0m Responding to client with driver.findElementFromElement() result: {"element-6066-11e4-a52e-4f735466cecf":"00000000-0000-05c7-ffff-ffff00000054","ELEMENT":"00000000-0000-05c7-ffff-ffff00000054"}
&amp#27;[38;5;0m[HTTP]&amp#27;[0m &amp#27;[37m<-- POST /session/5cabbd15-7e20-42e4-8d48-d95ee721e291/element/00000000-0000-05c7-ffff-ffff00000051/element &amp#27;[39m&amp#27;[32m200&amp#27;[39m &amp#27;[90m96 ms - 137&amp#27;[39m
&amp#27;[38;5;0m[HTTP]&amp#27;[0m &amp#27;[90m&amp#27;[39m
&amp#27;[38;5;0m[HTTP]&amp#27;[0m &amp#27;[37m-->&amp#27;[39m &amp#27;[37mGET&amp#27;[39m &amp#27;[37m/session/5cabbd15-7e20-42e4-8d48-d95ee721e291/element/00000000-0000-05c7-ffff-ffff00000054/text&amp#27;[39m
&amp#27;[38;5;0m[HTTP]&amp#27;[0m &amp#27;[90m{}&amp#27;[39m
&amp#27;[38;5;32m[AndroidUiautomator2Driver@fb3b (5cabbd15)]&amp#27;[0m Driver proxy active, passing request on via HTTP proxy
&amp#27;[38;5;32m[AndroidUiautomator2Driver@fb3b (5cabbd15)]&amp#27;[0m Matched '/session/5cabbd15-7e20-42e4-8d48-d95ee721e291/element/00000000-0000-05c7-ffff-ffff00000054/text' to command name 'getText'
&amp#27;[38;5;32m[AndroidUiautomator2Driver@fb3b (5cabbd15)]&amp#27;[0m Proxying [GET /session/5cabbd15-7e20-42e4-8d48-d95ee721e291/element/00000000-0000-05c7-ffff-ffff00000054/text] to [GET http://127.0.0.1:8201/session/dc1a88ef-730b-4fe2-afab-0087ad1f4d72/element/00000000-0000-05c7-ffff-ffff00000054/text] with no body
&amp#27;[38;5;32m[AndroidUiautomator2Driver@fb3b (5cabbd15)]&amp#27;[0m Got response with status 200: {"sessionId":"dc1a88ef-730b-4fe2-afab-0087ad1f4d72","value":"Sauce Labs Bolt T-Shirt"}
&amp#27;[38;5;32m[AndroidUiautomator2Driver@fb3b (5cabbd15)]&amp#27;[0m Replacing sessionId dc1a88ef-730b-4fe2-afab-0087ad1f4d72 with 5cabbd15-7e20-42e4-8d48-d95ee721e291
&amp#27;[38;5;0m[HTTP]&amp#27;[0m &amp#27;[37m<-- GET /session/5cabbd15-7e20-42e4-8d48-d95ee721e291/element/00000000-0000-05c7-ffff-ffff00000054/text &amp#27;[39m&amp#27;[32m200&amp#27;[39m &amp#27;[90m32 ms - 86&amp#27;[39m
&amp#27;[38;5;0m[HTTP]&amp#27;[0m &amp#27;[90m&amp#27;[39m
&amp#27;[38;5;0m[HTTP]&amp#27;[0m &amp#27;[37m-->&amp#27;[39m &amp#27;[37mGET&amp#27;[39m &amp#27;[37m/session/5cabbd15-7e20-42e4-8d48-d95ee721e291/context&amp#27;[39m
&amp#27;[38;5;0m[HTTP]&amp#27;[0m &amp#27;[90m{}&amp#27;[39m
&amp#27;[38;5;32m[AndroidUiautomator2Driver@fb3b (5cabbd15)]&amp#27;[0m Calling AppiumDriver.getCurrentContext() with args: ["5cabbd15-7e20-42e4-8d48-d95ee721e291"]
&amp#27;[38;5;32m[AndroidUiautomator2Driver@fb3b (5cabbd15)]&amp#27;[0m Responding to client with driver.getCurrentContext() result: "NATIVE_APP"
&amp#27;[38;5;0m[HTTP]&amp#27;[0m &amp#27;[37m<-- GET /session/5cabbd15-7e20-42e4-8d48-d95ee721e291/context &amp#27;[39m&amp#27;[32m200&amp#27;[39m &amp#27;[90m1 ms - 22&amp#27;[39m
&amp#27;[38;5;0m[HTTP]&amp#27;[0m &amp#27;[90m&amp#27;[39m
&amp#27;[38;5;0m[HTTP]&amp#27;[0m &amp#27;[37m-->&amp#27;[39m &amp#27;[37mPOST&amp#27;[39m &amp#27;[37m/session/5cabbd15-7e20-42e4-8d48-d95ee721e291/elements&amp#27;[39m
&amp#27;[38;5;0m[HTTP]&amp#27;[0m &amp#27;[90m{"using":"xpath","value":"//android.view.ViewGroup[@content-desc='store item']"}&amp#27;[39m
&amp#27;[38;5;32m[AndroidUiautomator2Driver@fb3b (5cabbd15)]&amp#27;[0m Calling AppiumDriver.findElements() with args: ["xpath","//android.view.ViewGroup[@content-desc='store item']","5cabbd15-7e20-42e4-8d48-d95ee721e291"]
&amp#27;[38;5;32m[AndroidUiautomator2Driver@fb3b (5cabbd15)]&amp#27;[0m Valid locator strategies for this request: xpath, id, class name, accessibility id, css selector, -android uiautomator
&amp#27;[38;5;32m[AndroidUiautomator2Driver@fb3b (5cabbd15)]&amp#27;[0m Waiting up to 10000 ms for condition
&amp#27;[38;5;32m[AndroidUiautomator2Driver@fb3b (5cabbd15)]&amp#27;[0m Matched '/elements' to command name 'findElements'
&amp#27;[38;5;32m[AndroidUiautomator2Driver@fb3b (5cabbd15)]&amp#27;[0m Proxying [POST /elements] to [POST http://127.0.0.1:8201/session/dc1a88ef-730b-4fe2-afab-0087ad1f4d72/elements] with body: {"strategy":"xpath","selector":"//android.view.ViewGroup[@content-desc='store item']","context":"","multiple":true}
&amp#27;[38;5;32m[AndroidUiautomator2Driver@fb3b (5cabbd15)]&amp#27;[0m Got response with status 200: {"sessionId":"dc1a88ef-730b-4fe2-afab-0087ad1f4d72","value":[{"ELEMENT":"00000000-0000-05c7-ffff-ffff00000032","element-6066-11e4-a52e-4f735466cecf":"00000000-0000-05c7-ffff-ffff00000032"},{"ELEMENT":"00000000-0000-05c7-ffff-ffff00000041","element-6066-11e4-a52e-4f735466cecf":"00000000-0000-05c7-ffff-ffff00000041"},{"ELEMENT":"00000000-0000-05c7-ffff-ffff00000051","element-6066-11e4-a52e-4f735466cecf":"00000000-0000-05c7-ffff-ffff00000051"},{"ELEMENT":"00000000-0000-05c7-ffff-ffff00000060","element-6066-11e4-a52e-4f735466cecf":"00000000-0000-05c7-ffff-ffff00000060"},{"ELEMENT":"00000000-0000-05c7-ffff-ffff00000070","element-6066-11e4-a52e-4f735466cecf":"00000000-0000-05c7-ffff-ffff00000070"},{"ELEMENT":"00000000-0000-05c7-ffff-ffff0000007f","element-6066-11e4-a52e-4f735466cecf":"00000000-0000-05c7-ffff-ffff0000007f"}]}
&amp#27;[38;5;32m[AndroidUiautomator2Driver@fb3b (5cabbd15)]&amp#27;[0m Responding to client with driver.findElements() result: [{"element-6066-11e4-a52e-4f735466cecf":"00000000-0000-05c7-ffff-ffff00000032","ELEMENT":"00000000-0000-05c7-ffff-ffff00000032"},{"element-6066-11e4-a52e-4f735466cecf":"00000000-0000-05c7-ffff-ffff00000041","ELEMENT":"00000000-0000-05c7-ffff-ffff00000041"},{"element-6066-11e4-a52e-4f735466cecf":"00000000-0000-05c7-ffff-ffff00000051","ELEMENT":"00000000-0000-05c7-ffff-ffff00000051"},{"element-6066-11e4-a52e-4f735466cecf":"00000000-0000-05c7-ffff-ffff00000060","ELEMENT":"00000000-0000-05c7-ffff-ffff00000060"},{"element-6066-11e4-a52e-4f735466cecf":"00000000-0000-05c7-ffff-ffff00000070","ELEMENT":"00000000-0000-05c7-ffff-ffff00000070"},{"element-6066-11e4-a52e-4f735466cecf":"00000000-0000-05c7-ffff-ffff0000007f","ELEMENT":"00000000-0000-05c7-ffff-ffff0000007f"}]
&amp#27;[38;5;0m[HTTP]&amp#27;[0m &amp#27;[37m<-- POST /session/5cabbd15-7e20-42e4-8d48-d95ee721e291/elements &amp#27;[39m&amp#27;[32m200&amp#27;[39m &amp#27;[90m980 ms - 779&amp#27;[39m
&amp#27;[38;5;0m[HTTP]&amp#27;[0m &amp#27;[90m&amp#27;[39m
&amp#27;[38;5;0m[HTTP]&amp#27;[0m &amp#27;[37m-->&amp#27;[39m &amp#27;[37mPOST&amp#27;[39m &amp#27;[37m/session/5cabbd15-7e20-42e4-8d48-d95ee721e291/element&amp#27;[39m
&amp#27;[38;5;0m[HTTP]&amp#27;[0m &amp#27;[90m{"using":"-android uiautomator","value":"new UiScrollable(new UiSelector().scrollable(true).instance(0)).scrollIntoView(new UiSelector().textContains(\"Â© 2024 Sauce Labs. All Rights Reserved. Terms of Service | Privacy Policy.\").instance(0))"}&amp#27;[39m
&amp#27;[38;5;32m[AndroidUiautomator2Driver@fb3b (5cabbd15)]&amp#27;[0m Calling AppiumDriver.findElement() with args: ["-android uiautomator","new UiScrollable(new UiSelector().scrollable(true).instance(0)).scrollIntoView(new UiSelector().textContains(\"Â© 2024 Sauce Labs. All Rights Reserved. Terms of Service | Privacy Policy.\").instance(0))","5cabbd15-7e20-42e4-8d48-d95ee721e291"]
&amp#27;[38;5;32m[AndroidUiautomator2Driver@fb3b (5cabbd15)]&amp#27;[0m Valid locator strategies for this request: xpath, id, class name, accessibility id, css selector, -android uiautomator
&amp#27;[38;5;32m[AndroidUiautomator2Driver@fb3b (5cabbd15)]&amp#27;[0m Waiting up to 10000 ms for condition
&amp#27;[38;5;32m[AndroidUiautomator2Driver@fb3b (5cabbd15)]&amp#27;[0m Matched '/element' to command name 'findElement'
&amp#27;[38;5;32m[AndroidUiautomator2Driver@fb3b (5cabbd15)]&amp#27;[0m Proxying [POST /element] to [POST http://127.0.0.1:8201/session/dc1a88ef-730b-4fe2-afab-0087ad1f4d72/element] with body: {"strategy":"-android uiautomator","selector":"new UiScrollable(new UiSelector().scrollable(true).instance(0)).scrollIntoView(new UiSelector().textContains(\"Â© 2024 Sauce Labs. All Rights Reserved. Terms of Service | Privacy Policy.\").instance(0))","context":"","multiple":false}
&amp#27;[38;5;32m[AndroidUiautomator2Driver@fb3b (5cabbd15)]&amp#27;[0m Got response with status 200: {"sessionId":"dc1a88ef-730b-4fe2-afab-0087ad1f4d72","value":{"ELEMENT":"00000000-0000-05c7-ffff-ffff000000e4","element-6066-11e4-a52e-4f735466cecf":"00000000-0000-05c7-ffff-ffff000000e4"}}
&amp#27;[38;5;32m[AndroidUiautomator2Driver@fb3b (5cabbd15)]&amp#27;[0m Responding to client with driver.findElement() result: {"element-6066-11e4-a52e-4f735466cecf":"00000000-0000-05c7-ffff-ffff000000e4","ELEMENT":"00000000-0000-05c7-ffff-ffff000000e4"}
&amp#27;[38;5;0m[HTTP]&amp#27;[0m &amp#27;[37m<-- POST /session/5cabbd15-7e20-42e4-8d48-d95ee721e291/element &amp#27;[39m&amp#27;[32m200&amp#27;[39m &amp#27;[90m3298 ms - 137&amp#27;[39m
&amp#27;[38;5;0m[HTTP]&amp#27;[0m &amp#27;[90m&amp#27;[39m
&amp#27;[38;5;0m[HTTP]&amp#27;[0m &amp#27;[37m-->&amp#27;[39m &amp#27;[37mGET&amp#27;[39m &amp#27;[37m/session/5cabbd15-7e20-42e4-8d48-d95ee721e291/context&amp#27;[39m
&amp#27;[38;5;0m[HTTP]&amp#27;[0m &amp#27;[90m{}&amp#27;[39m
&amp#27;[38;5;32m[AndroidUiautomator2Driver@fb3b (5cabbd15)]&amp#27;[0m Calling AppiumDriver.getCurrentContext() with args: ["5cabbd15-7e20-42e4-8d48-d95ee721e291"]
&amp#27;[38;5;32m[AndroidUiautomator2Driver@fb3b (5cabbd15)]&amp#27;[0m Responding to client with driver.getCurrentContext() result: "NATIVE_APP"
&amp#27;[38;5;0m[HTTP]&amp#27;[0m &amp#27;[37m<-- GET /session/5cabbd15-7e20-42e4-8d48-d95ee721e291/context &amp#27;[39m&amp#27;[32m200&amp#27;[39m &amp#27;[90m1 ms - 22&amp#27;[39m
&amp#27;[38;5;0m[HTTP]&amp#27;[0m &amp#27;[90m&amp#27;[39m
&amp#27;[38;5;0m[HTTP]&amp#27;[0m &amp#27;[37m-->&amp#27;[39m &amp#27;[37mPOST&amp#27;[39m &amp#27;[37m/session/5cabbd15-7e20-42e4-8d48-d95ee721e291/elements&amp#27;[39m
&amp#27;[38;5;0m[HTTP]&amp#27;[0m &amp#27;[90m{"using":"xpath","value":"//android.view.ViewGroup[@content-desc='store item']"}&amp#27;[39m
&amp#27;[38;5;32m[AndroidUiautomator2Driver@fb3b (5cabbd15)]&amp#27;[0m Calling AppiumDriver.findElements() with args: ["xpath","//android.view.ViewGroup[@content-desc='store item']","5cabbd15-7e20-42e4-8d48-d95ee721e291"]
&amp#27;[38;5;32m[AndroidUiautomator2Driver@fb3b (5cabbd15)]&amp#27;[0m Valid locator strategies for this request: xpath, id, class name, accessibility id, css selector, -android uiautomator
&amp#27;[38;5;32m[AndroidUiautomator2Driver@fb3b (5cabbd15)]&amp#27;[0m Waiting up to 10000 ms for condition
&amp#27;[38;5;32m[AndroidUiautomator2Driver@fb3b (5cabbd15)]&amp#27;[0m Matched '/elements' to command name 'findElements'
&amp#27;[38;5;32m[AndroidUiautomator2Driver@fb3b (5cabbd15)]&amp#27;[0m Proxying [POST /elements] to [POST http://127.0.0.1:8201/session/dc1a88ef-730b-4fe2-afab-0087ad1f4d72/elements] with body: {"strategy":"xpath","selector":"//android.view.ViewGroup[@content-desc='store item']","context":"","multiple":true}
&amp#27;[38;5;32m[AndroidUiautomator2Driver@fb3b (5cabbd15)]&amp#27;[0m Got response with status 200: {"sessionId":"dc1a88ef-730b-4fe2-afab-0087ad1f4d72","value":[{"ELEMENT":"00000000-0000-05c7-ffff-ffff00000032","element-6066-11e4-a52e-4f735466cecf":"00000000-0000-05c7-ffff-ffff00000032"},{"ELEMENT":"00000000-0000-05c7-ffff-ffff00000041","element-6066-11e4-a52e-4f735466cecf":"00000000-0000-05c7-ffff-ffff00000041"},{"ELEMENT":"00000000-0000-05c7-ffff-ffff00000051","element-6066-11e4-a52e-4f735466cecf":"00000000-0000-05c7-ffff-ffff00000051"},{"ELEMENT":"00000000-0000-05c7-ffff-ffff00000060","element-6066-11e4-a52e-4f735466cecf":"00000000-0000-05c7-ffff-ffff00000060"},{"ELEMENT":"00000000-0000-05c7-ffff-ffff00000070","element-6066-11e4-a52e-4f735466cecf":"00000000-0000-05c7-ffff-ffff00000070"},{"ELEMENT":"00000000-0000-05c7-ffff-ffff0000007f","element-6066-11e4-a52e-4f735466cecf":"00000000-0000-05c7-ffff-ffff0000007f"}]}
&amp#27;[38;5;32m[AndroidUiautomator2Driver@fb3b (5cabbd15)]&amp#27;[0m Responding to client with driver.findElements() result: [{"element-6066-11e4-a52e-4f735466cecf":"00000000-0000-05c7-ffff-ffff00000032","ELEMENT":"00000000-0000-05c7-ffff-ffff00000032"},{"element-6066-11e4-a52e-4f735466cecf":"00000000-0000-05c7-ffff-ffff00000041","ELEMENT":"00000000-0000-05c7-ffff-ffff00000041"},{"element-6066-11e4-a52e-4f735466cecf":"00000000-0000-05c7-ffff-ffff00000051","ELEMENT":"00000000-0000-05c7-ffff-ffff00000051"},{"element-6066-11e4-a52e-4f735466cecf":"00000000-0000-05c7-ffff-ffff00000060","ELEMENT":"00000000-0000-05c7-ffff-ffff00000060"},{"element-6066-11e4-a52e-4f735466cecf":"00000000-0000-05c7-ffff-ffff00000070","ELEMENT":"00000000-0000-05c7-ffff-ffff00000070"},{"element-6066-11e4-a52e-4f735466cecf":"00000000-0000-05c7-ffff-ffff0000007f","ELEMENT":"00000000-0000-05c7-ffff-ffff0000007f"}]
&amp#27;[38;5;0m[HTTP]&amp#27;[0m &amp#27;[37m<-- POST /session/5cabbd15-7e20-42e4-8d48-d95ee721e291/elements &amp#27;[39m&amp#27;[32m200&amp#27;[39m &amp#27;[90m526 ms - 779&amp#27;[39m
&amp#27;[38;5;0m[HTTP]&amp#27;[0m &amp#27;[90m&amp#27;[39m
&amp#27;[38;5;0m[HTTP]&amp#27;[0m &amp#27;[37m-->&amp#27;[39m &amp#27;[37mPOST&amp#27;[39m &amp#27;[37m/session/5cabbd15-7e20-42e4-8d48-d95ee721e291/element/00000000-0000-05c7-ffff-ffff00000060/element&amp#27;[39m
&amp#27;[38;5;0m[HTTP]&amp#27;[0m &amp#27;[90m{"id":"00000000-0000-05c7-ffff-ffff00000060","using":"xpath","value":"//android.widget.TextView[@content-desc='store item text']"}&amp#27;[39m
&amp#27;[38;5;32m[AndroidUiautomator2Driver@fb3b (5cabbd15)]&amp#27;[0m Calling AppiumDriver.findElementFromElement() with args: ["xpath","//android.widget.TextView[@content-desc='store item text']","00000000-0000-05c7-ffff-ffff00000060","5cabbd15-7e20-42e4-8d48-d95ee721e291"]
&amp#27;[38;5;32m[AndroidUiautomator2Driver@fb3b (5cabbd15)]&amp#27;[0m Valid locator strategies for this request: xpath, id, class name, accessibility id, css selector, -android uiautomator
&amp#27;[38;5;32m[AndroidUiautomator2Driver@fb3b (5cabbd15)]&amp#27;[0m Waiting up to 10000 ms for condition
&amp#27;[38;5;32m[AndroidUiautomator2Driver@fb3b (5cabbd15)]&amp#27;[0m Matched '/element' to command name 'findElement'
&amp#27;[38;5;32m[AndroidUiautomator2Driver@fb3b (5cabbd15)]&amp#27;[0m Proxying [POST /element] to [POST http://127.0.0.1:8201/session/dc1a88ef-730b-4fe2-afab-0087ad1f4d72/element] with body: {"strategy":"xpath","selector":"//android.widget.TextView[@content-desc='store item text']","context":"00000000-0000-05c7-ffff-ffff00000060","multiple":false}
&amp#27;[38;5;32m[AndroidUiautomator2Driver@fb3b (5cabbd15)]&amp#27;[0m Got response with status 200: {"sessionId":"dc1a88ef-730b-4fe2-afab-0087ad1f4d72","value":{"ELEMENT":"00000000-0000-05c7-ffff-ffff00000063","element-6066-11e4-a52e-4f735466cecf":"00000000-0000-05c7-ffff-ffff00000063"}}
&amp#27;[38;5;32m[AndroidUiautomator2Driver@fb3b (5cabbd15)]&amp#27;[0m Responding to client with driver.findElementFromElement() result: {"element-6066-11e4-a52e-4f735466cecf":"00000000-0000-05c7-ffff-ffff00000063","ELEMENT":"00000000-0000-05c7-ffff-ffff00000063"}
&amp#27;[38;5;0m[HTTP]&amp#27;[0m &amp#27;[37m<-- POST /session/5cabbd15-7e20-42e4-8d48-d95ee721e291/element/00000000-0000-05c7-ffff-ffff00000060/element &amp#27;[39m&amp#27;[32m200&amp#27;[39m &amp#27;[90m57 ms - 137&amp#27;[39m
&amp#27;[38;5;0m[HTTP]&amp#27;[0m &amp#27;[90m&amp#27;[39m
&amp#27;[38;5;0m[HTTP]&amp#27;[0m &amp#27;[37m-->&amp#27;[39m &amp#27;[37mGET&amp#27;[39m &amp#27;[37m/session/5cabbd15-7e20-42e4-8d48-d95ee721e291/element/00000000-0000-05c7-ffff-ffff00000063/text&amp#27;[39m
&amp#27;[38;5;0m[HTTP]&amp#27;[0m &amp#27;[90m{}&amp#27;[39m
&amp#27;[38;5;32m[AndroidUiautomator2Driver@fb3b (5cabbd15)]&amp#27;[0m Driver proxy active, passing request on via HTTP proxy
&amp#27;[38;5;32m[AndroidUiautomator2Driver@fb3b (5cabbd15)]&amp#27;[0m Matched '/session/5cabbd15-7e20-42e4-8d48-d95ee721e291/element/00000000-0000-05c7-ffff-ffff00000063/text' to command name 'getText'
&amp#27;[38;5;32m[AndroidUiautomator2Driver@fb3b (5cabbd15)]&amp#27;[0m Proxying [GET /session/5cabbd15-7e20-42e4-8d48-d95ee721e291/element/00000000-0000-05c7-ffff-ffff00000063/text] to [GET http://127.0.0.1:8201/session/dc1a88ef-730b-4fe2-afab-0087ad1f4d72/element/00000000-0000-05c7-ffff-ffff00000063/text] with no body
&amp#27;[38;5;32m[AndroidUiautomator2Driver@fb3b (5cabbd15)]&amp#27;[0m Got response with status 200: {"sessionId":"dc1a88ef-730b-4fe2-afab-0087ad1f4d72","value":"Sauce Labs Fleece Jacket"}
&amp#27;[38;5;32m[AndroidUiautomator2Driver@fb3b (5cabbd15)]&amp#27;[0m Replacing sessionId dc1a88ef-730b-4fe2-afab-0087ad1f4d72 with 5cabbd15-7e20-42e4-8d48-d95ee721e291
&amp#27;[38;5;0m[HTTP]&amp#27;[0m &amp#27;[37m<-- GET /session/5cabbd15-7e20-42e4-8d48-d95ee721e291/element/00000000-0000-05c7-ffff-ffff00000063/text &amp#27;[39m&amp#27;[32m200&amp#27;[39m &amp#27;[90m16 ms - 87&amp#27;[39m
&amp#27;[38;5;0m[HTTP]&amp#27;[0m &amp#27;[90m&amp#27;[39m
&amp#27;[38;5;0m[HTTP]&amp#27;[0m &amp#27;[37m-->&amp#27;[39m &amp#27;[37mGET&amp#27;[39m &amp#27;[37m/session/5cabbd15-7e20-42e4-8d48-d95ee721e291/context&amp#27;[39m
&amp#27;[38;5;0m[HTTP]&amp#27;[0m &amp#27;[90m{}&amp#27;[39m
&amp#27;[38;5;32m[AndroidUiautomator2Driver@fb3b (5cabbd15)]&amp#27;[0m Calling AppiumDriver.getCurrentContext() with args: ["5cabbd15-7e20-42e4-8d48-d95ee721e291"]
&amp#27;[38;5;32m[AndroidUiautomator2Driver@fb3b (5cabbd15)]&amp#27;[0m Responding to client with driver.getCurrentContext() result: "NATIVE_APP"
&amp#27;[38;5;0m[HTTP]&amp#27;[0m &amp#27;[37m<-- GET /session/5cabbd15-7e20-42e4-8d48-d95ee721e291/context &amp#27;[39m&amp#27;[32m200&amp#27;[39m &amp#27;[90m1 ms - 22&amp#27;[39m
&amp#27;[38;5;0m[HTTP]&amp#27;[0m &amp#27;[90m&amp#27;[39m
&amp#27;[38;5;0m[HTTP]&amp#27;[0m &amp#27;[37m-->&amp#27;[39m &amp#27;[37mPOST&amp#27;[39m &amp#27;[37m/session/5cabbd15-7e20-42e4-8d48-d95ee721e291/elements&amp#27;[39m
&amp#27;[38;5;0m[HTTP]&amp#27;[0m &amp#27;[90m{"using":"xpath","value":"//android.view.ViewGroup[@content-desc='store item']"}&amp#27;[39m
&amp#27;[38;5;32m[AndroidUiautomator2Driver@fb3b (5cabbd15)]&amp#27;[0m Calling AppiumDriver.findElements() with args: ["xpath","//android.view.ViewGroup[@content-desc='store item']","5cabbd15-7e20-42e4-8d48-d95ee721e291"]
&amp#27;[38;5;32m[AndroidUiautomator2Driver@fb3b (5cabbd15)]&amp#27;[0m Valid locator strategies for this request: xpath, id, class name, accessibility id, css selector, -android uiautomator
&amp#27;[38;5;32m[AndroidUiautomator2Driver@fb3b (5cabbd15)]&amp#27;[0m Waiting up to 10000 ms for condition
&amp#27;[38;5;32m[AndroidUiautomator2Driver@fb3b (5cabbd15)]&amp#27;[0m Matched '/elements' to command name 'findElements'
&amp#27;[38;5;32m[AndroidUiautomator2Driver@fb3b (5cabbd15)]&amp#27;[0m Proxying [POST /elements] to [POST http://127.0.0.1:8201/session/dc1a88ef-730b-4fe2-afab-0087ad1f4d72/elements] with body: {"strategy":"xpath","selector":"//android.view.ViewGroup[@content-desc='store item']","context":"","multiple":true}
&amp#27;[38;5;32m[AndroidUiautomator2Driver@fb3b (5cabbd15)]&amp#27;[0m Got response with status 200: {"sessionId":"dc1a88ef-730b-4fe2-afab-0087ad1f4d72","value":[{"ELEMENT":"00000000-0000-05c7-ffff-ffff00000032","element-6066-11e4-a52e-4f735466cecf":"00000000-0000-05c7-ffff-ffff00000032"},{"ELEMENT":"00000000-0000-05c7-ffff-ffff00000041","element-6066-11e4-a52e-4f735466cecf":"00000000-0000-05c7-ffff-ffff00000041"},{"ELEMENT":"00000000-0000-05c7-ffff-ffff00000051","element-6066-11e4-a52e-4f735466cecf":"00000000-0000-05c7-ffff-ffff00000051"},{"ELEMENT":"00000000-0000-05c7-ffff-ffff00000060","element-6066-11e4-a52e-4f735466cecf":"00000000-0000-05c7-ffff-ffff00000060"},{"ELEMENT":"00000000-0000-05c7-ffff-ffff00000070","element-6066-11e4-a52e-4f735466cecf":"00000000-0000-05c7-ffff-ffff00000070"},{"ELEMENT":"00000000-0000-05c7-ffff-ffff0000007f","element-6066-11e4-a52e-4f735466cecf":"00000000-0000-05c7-ffff-ffff0000007f"}]}
&amp#27;[38;5;32m[AndroidUiautomator2Driver@fb3b (5cabbd15)]&amp#27;[0m Responding to client with driver.findElements() result: [{"element-6066-11e4-a52e-4f735466cecf":"00000000-0000-05c7-ffff-ffff00000032","ELEMENT":"00000000-0000-05c7-ffff-ffff00000032"},{"element-6066-11e4-a52e-4f735466cecf":"00000000-0000-05c7-ffff-ffff00000041","ELEMENT":"00000000-0000-05c7-ffff-ffff00000041"},{"element-6066-11e4-a52e-4f735466cecf":"00000000-0000-05c7-ffff-ffff00000051","ELEMENT":"00000000-0000-05c7-ffff-ffff00000051"},{"element-6066-11e4-a52e-4f735466cecf":"00000000-0000-05c7-ffff-ffff00000060","ELEMENT":"00000000-0000-05c7-ffff-ffff00000060"},{"element-6066-11e4-a52e-4f735466cecf":"00000000-0000-05c7-ffff-ffff00000070","ELEMENT":"00000000-0000-05c7-ffff-ffff00000070"},{"element-6066-11e4-a52e-4f735466cecf":"00000000-0000-05c7-ffff-ffff0000007f","ELEMENT":"00000000-0000-05c7-ffff-ffff0000007f"}]
&amp#27;[38;5;0m[HTTP]&amp#27;[0m &amp#27;[37m<-- POST /session/5cabbd15-7e20-42e4-8d48-d95ee721e291/elements &amp#27;[39m&amp#27;[32m200&amp#27;[39m &amp#27;[90m250 ms - 779&amp#27;[39m
&amp#27;[38;5;0m[HTTP]&amp#27;[0m &amp#27;[90m&amp#27;[39m
&amp#27;[38;5;0m[HTTP]&amp#27;[0m &amp#27;[37m-->&amp#27;[39m &amp#27;[37mGET&amp#27;[39m &amp#27;[37m/session/5cabbd15-7e20-42e4-8d48-d95ee721e291/context&amp#27;[39m
&amp#27;[38;5;0m[HTTP]&amp#27;[0m &amp#27;[90m{}&amp#27;[39m
&amp#27;[38;5;32m[AndroidUiautomator2Driver@fb3b (5cabbd15)]&amp#27;[0m Calling AppiumDriver.getCurrentContext() with args: ["5cabbd15-7e20-42e4-8d48-d95ee721e291"]
&amp#27;[38;5;32m[AndroidUiautomator2Driver@fb3b (5cabbd15)]&amp#27;[0m Responding to client with driver.getCurrentContext() result: "NATIVE_APP"
&amp#27;[38;5;0m[HTTP]&amp#27;[0m &amp#27;[37m<-- GET /session/5cabbd15-7e20-42e4-8d48-d95ee721e291/context &amp#27;[39m&amp#27;[32m200&amp#27;[39m &amp#27;[90m1 ms - 22&amp#27;[39m
&amp#27;[38;5;0m[HTTP]&amp#27;[0m &amp#27;[90m&amp#27;[39m
&amp#27;[38;5;0m[HTTP]&amp#27;[0m &amp#27;[37m-->&amp#27;[39m &amp#27;[37mPOST&amp#27;[39m &amp#27;[37m/session/5cabbd15-7e20-42e4-8d48-d95ee721e291/elements&amp#27;[39m
&amp#27;[38;5;0m[HTTP]&amp#27;[0m &amp#27;[90m{"using":"xpath","value":"//android.view.ViewGroup[@content-desc='store item']"}&amp#27;[39m
&amp#27;[38;5;32m[AndroidUiautomator2Driver@fb3b (5cabbd15)]&amp#27;[0m Calling AppiumDriver.findElements() with args: ["xpath","//android.view.ViewGroup[@content-desc='store item']","5cabbd15-7e20-42e4-8d48-d95ee721e291"]
&amp#27;[38;5;32m[AndroidUiautomator2Driver@fb3b (5cabbd15)]&amp#27;[0m Valid locator strategies for this request: xpath, id, class name, accessibility id, css selector, -android uiautomator
&amp#27;[38;5;32m[AndroidUiautomator2Driver@fb3b (5cabbd15)]&amp#27;[0m Waiting up to 10000 ms for condition
&amp#27;[38;5;32m[AndroidUiautomator2Driver@fb3b (5cabbd15)]&amp#27;[0m Matched '/elements' to command name 'findElements'
&amp#27;[38;5;32m[AndroidUiautomator2Driver@fb3b (5cabbd15)]&amp#27;[0m Proxying [POST /elements] to [POST http://127.0.0.1:8201/session/dc1a88ef-730b-4fe2-afab-0087ad1f4d72/elements] with body: {"strategy":"xpath","selector":"//android.view.ViewGroup[@content-desc='store item']","context":"","multiple":true}
&amp#27;[38;5;32m[AndroidUiautomator2Driver@fb3b (5cabbd15)]&amp#27;[0m Got response with status 200: {"sessionId":"dc1a88ef-730b-4fe2-afab-0087ad1f4d72","value":[{"ELEMENT":"00000000-0000-05c7-ffff-ffff00000032","element-6066-11e4-a52e-4f735466cecf":"00000000-0000-05c7-ffff-ffff00000032"},{"ELEMENT":"00000000-0000-05c7-ffff-ffff00000041","element-6066-11e4-a52e-4f735466cecf":"00000000-0000-05c7-ffff-ffff00000041"},{"ELEMENT":"00000000-0000-05c7-ffff-ffff00000051","element-6066-11e4-a52e-4f735466cecf":"00000000-0000-05c7-ffff-ffff00000051"},{"ELEMENT":"00000000-0000-05c7-ffff-ffff00000060","element-6066-11e4-a52e-4f735466cecf":"00000000-0000-05c7-ffff-ffff00000060"},{"ELEMENT":"00000000-0000-05c7-ffff-ffff00000070","element-6066-11e4-a52e-4f735466cecf":"00000000-0000-05c7-ffff-ffff00000070"},{"ELEMENT":"00000000-0000-05c7-ffff-ffff0000007f","element-6066-11e4-a52e-4f735466cecf":"00000000-0000-05c7-ffff-ffff0000007f"}]}
&amp#27;[38;5;32m[AndroidUiautomator2Driver@fb3b (5cabbd15)]&amp#27;[0m Responding to client with driver.findElements() result: [{"element-6066-11e4-a52e-4f735466cecf":"00000000-0000-05c7-ffff-ffff00000032","ELEMENT":"00000000-0000-05c7-ffff-ffff00000032"},{"element-6066-11e4-a52e-4f735466cecf":"00000000-0000-05c7-ffff-ffff00000041","ELEMENT":"00000000-0000-05c7-ffff-ffff00000041"},{"element-6066-11e4-a52e-4f735466cecf":"00000000-0000-05c7-ffff-ffff00000051","ELEMENT":"00000000-0000-05c7-ffff-ffff00000051"},{"element-6066-11e4-a52e-4f735466cecf":"00000000-0000-05c7-ffff-ffff00000060","ELEMENT":"00000000-0000-05c7-ffff-ffff00000060"},{"element-6066-11e4-a52e-4f735466cecf":"00000000-0000-05c7-ffff-ffff00000070","ELEMENT":"00000000-0000-05c7-ffff-ffff00000070"},{"element-6066-11e4-a52e-4f735466cecf":"00000000-0000-05c7-ffff-ffff0000007f","ELEMENT":"00000000-0000-05c7-ffff-ffff0000007f"}]
&amp#27;[38;5;0m[HTTP]&amp#27;[0m &amp#27;[37m<-- POST /session/5cabbd15-7e20-42e4-8d48-d95ee721e291/elements &amp#27;[39m&amp#27;[32m200&amp#27;[39m &amp#27;[90m275 ms - 779&amp#27;[39m
&amp#27;[38;5;0m[HTTP]&amp#27;[0m &amp#27;[90m&amp#27;[39m
&amp#27;[38;5;0m[HTTP]&amp#27;[0m &amp#27;[37m-->&amp#27;[39m &amp#27;[37mPOST&amp#27;[39m &amp#27;[37m/session/5cabbd15-7e20-42e4-8d48-d95ee721e291/element/00000000-0000-05c7-ffff-ffff00000070/element&amp#27;[39m
&amp#27;[38;5;0m[HTTP]&amp#27;[0m &amp#27;[90m{"id":"00000000-0000-05c7-ffff-ffff00000070","using":"xpath","value":"//android.widget.TextView[@content-desc='store item text']"}&amp#27;[39m
&amp#27;[38;5;32m[AndroidUiautomator2Driver@fb3b (5cabbd15)]&amp#27;[0m Calling AppiumDriver.findElementFromElement() with args: ["xpath","//android.widget.TextView[@content-desc='store item text']","00000000-0000-05c7-ffff-ffff00000070","5cabbd15-7e20-42e4-8d48-d95ee721e291"]
&amp#27;[38;5;32m[AndroidUiautomator2Driver@fb3b (5cabbd15)]&amp#27;[0m Valid locator strategies for this request: xpath, id, class name, accessibility id, css selector, -android uiautomator
&amp#27;[38;5;32m[AndroidUiautomator2Driver@fb3b (5cabbd15)]&amp#27;[0m Waiting up to 10000 ms for condition
&amp#27;[38;5;32m[AndroidUiautomator2Driver@fb3b (5cabbd15)]&amp#27;[0m Matched '/element' to command name 'findElement'
&amp#27;[38;5;32m[AndroidUiautomator2Driver@fb3b (5cabbd15)]&amp#27;[0m Proxying [POST /element] to [POST http://127.0.0.1:8201/session/dc1a88ef-730b-4fe2-afab-0087ad1f4d72/element] with body: {"strategy":"xpath","selector":"//android.widget.TextView[@content-desc='store item text']","context":"00000000-0000-05c7-ffff-ffff00000070","multiple":false}
&amp#27;[38;5;32m[AndroidUiautomator2Driver@fb3b (5cabbd15)]&amp#27;[0m Got response with status 200: {"sessionId":"dc1a88ef-730b-4fe2-afab-0087ad1f4d72","value":{"ELEMENT":"00000000-0000-05c7-ffff-ffff00000073","element-6066-11e4-a52e-4f735466cecf":"00000000-0000-05c7-ffff-ffff00000073"}}
&amp#27;[38;5;32m[AndroidUiautomator2Driver@fb3b (5cabbd15)]&amp#27;[0m Responding to client with driver.findElementFromElement() result: {"element-6066-11e4-a52e-4f735466cecf":"00000000-0000-05c7-ffff-ffff00000073","ELEMENT":"00000000-0000-05c7-ffff-ffff00000073"}
&amp#27;[38;5;0m[HTTP]&amp#27;[0m &amp#27;[37m<-- POST /session/5cabbd15-7e20-42e4-8d48-d95ee721e291/element/00000000-0000-05c7-ffff-ffff00000070/element &amp#27;[39m&amp#27;[32m200&amp#27;[39m &amp#27;[90m64 ms - 137&amp#27;[39m
&amp#27;[38;5;0m[HTTP]&amp#27;[0m &amp#27;[90m&amp#27;[39m
&amp#27;[38;5;0m[HTTP]&amp#27;[0m &amp#27;[37m-->&amp#27;[39m &amp#27;[37mGET&amp#27;[39m &amp#27;[37m/session/5cabbd15-7e20-42e4-8d48-d95ee721e291/element/00000000-0000-05c7-ffff-ffff00000073/text&amp#27;[39m
&amp#27;[38;5;0m[HTTP]&amp#27;[0m &amp#27;[90m{}&amp#27;[39m
&amp#27;[38;5;32m[AndroidUiautomator2Driver@fb3b (5cabbd15)]&amp#27;[0m Driver proxy active, passing request on via HTTP proxy
&amp#27;[38;5;32m[AndroidUiautomator2Driver@fb3b (5cabbd15)]&amp#27;[0m Matched '/session/5cabbd15-7e20-42e4-8d48-d95ee721e291/element/00000000-0000-05c7-ffff-ffff00000073/text' to command name 'getText'
&amp#27;[38;5;32m[AndroidUiautomator2Driver@fb3b (5cabbd15)]&amp#27;[0m Proxying [GET /session/5cabbd15-7e20-42e4-8d48-d95ee721e291/element/00000000-0000-05c7-ffff-ffff00000073/text] to [GET http://127.0.0.1:8201/session/dc1a88ef-730b-4fe2-afab-0087ad1f4d72/element/00000000-0000-05c7-ffff-ffff00000073/text] with no body
&amp#27;[38;5;32m[AndroidUiautomator2Driver@fb3b (5cabbd15)]&amp#27;[0m Got response with status 200: {"sessionId":"dc1a88ef-730b-4fe2-afab-0087ad1f4d72","value":"Sauce Labs Onesie"}
&amp#27;[38;5;32m[AndroidUiautomator2Driver@fb3b (5cabbd15)]&amp#27;[0m Replacing sessionId dc1a88ef-730b-4fe2-afab-0087ad1f4d72 with 5cabbd15-7e20-42e4-8d48-d95ee721e291
&amp#27;[38;5;0m[HTTP]&amp#27;[0m &amp#27;[37m<-- GET /session/5cabbd15-7e20-42e4-8d48-d95ee721e291/element/00000000-0000-05c7-ffff-ffff00000073/text &amp#27;[39m&amp#27;[32m200&amp#27;[39m &amp#27;[90m14 ms - 80&amp#27;[39m
&amp#27;[38;5;0m[HTTP]&amp#27;[0m &amp#27;[90m&amp#27;[39m
&amp#27;[38;5;0m[HTTP]&amp#27;[0m &amp#27;[37m-->&amp#27;[39m &amp#27;[37mGET&amp#27;[39m &amp#27;[37m/session/5cabbd15-7e20-42e4-8d48-d95ee721e291/context&amp#27;[39m
&amp#27;[38;5;0m[HTTP]&amp#27;[0m &amp#27;[90m{}&amp#27;[39m
&amp#27;[38;5;32m[AndroidUiautomator2Driver@fb3b (5cabbd15)]&amp#27;[0m Calling AppiumDriver.getCurrentContext() with args: ["5cabbd15-7e20-42e4-8d48-d95ee721e291"]
&amp#27;[38;5;32m[AndroidUiautomator2Driver@fb3b (5cabbd15)]&amp#27;[0m Responding to client with driver.getCurrentContext() result: "NATIVE_APP"
&amp#27;[38;5;0m[HTTP]&amp#27;[0m &amp#27;[37m<-- GET /session/5cabbd15-7e20-42e4-8d48-d95ee721e291/context &amp#27;[39m&amp#27;[32m200&amp#27;[39m &amp#27;[90m1 ms - 22&amp#27;[39m
&amp#27;[38;5;0m[HTTP]&amp#27;[0m &amp#27;[90m&amp#27;[39m
&amp#27;[38;5;0m[HTTP]&amp#27;[0m &amp#27;[37m-->&amp#27;[39m &amp#27;[37mPOST&amp#27;[39m &amp#27;[37m/session/5cabbd15-7e20-42e4-8d48-d95ee721e291/elements&amp#27;[39m
&amp#27;[38;5;0m[HTTP]&amp#27;[0m &amp#27;[90m{"using":"xpath","value":"//android.view.ViewGroup[@content-desc='store item']"}&amp#27;[39m
&amp#27;[38;5;32m[AndroidUiautomator2Driver@fb3b (5cabbd15)]&amp#27;[0m Calling AppiumDriver.findElements() with args: ["xpath","//android.view.ViewGroup[@content-desc='store item']","5cabbd15-7e20-42e4-8d48-d95ee721e291"]
&amp#27;[38;5;32m[AndroidUiautomator2Driver@fb3b (5cabbd15)]&amp#27;[0m Valid locator strategies for this request: xpath, id, class name, accessibility id, css selector, -android uiautomator
&amp#27;[38;5;32m[AndroidUiautomator2Driver@fb3b (5cabbd15)]&amp#27;[0m Waiting up to 10000 ms for condition
&amp#27;[38;5;32m[AndroidUiautomator2Driver@fb3b (5cabbd15)]&amp#27;[0m Matched '/elements' to command name 'findElements'
&amp#27;[38;5;32m[AndroidUiautomator2Driver@fb3b (5cabbd15)]&amp#27;[0m Proxying [POST /elements] to [POST http://127.0.0.1:8201/session/dc1a88ef-730b-4fe2-afab-0087ad1f4d72/elements] with body: {"strategy":"xpath","selector":"//android.view.ViewGroup[@content-desc='store item']","context":"","multiple":true}
&amp#27;[38;5;32m[AndroidUiautomator2Driver@fb3b (5cabbd15)]&amp#27;[0m Got response with status 200: {"sessionId":"dc1a88ef-730b-4fe2-afab-0087ad1f4d72","value":[{"ELEMENT":"00000000-0000-05c7-ffff-ffff00000032","element-6066-11e4-a52e-4f735466cecf":"00000000-0000-05c7-ffff-ffff00000032"},{"ELEMENT":"00000000-0000-05c7-ffff-ffff00000041","element-6066-11e4-a52e-4f735466cecf":"00000000-0000-05c7-ffff-ffff00000041"},{"ELEMENT":"00000000-0000-05c7-ffff-ffff00000051","element-6066-11e4-a52e-4f735466cecf":"00000000-0000-05c7-ffff-ffff00000051"},{"ELEMENT":"00000000-0000-05c7-ffff-ffff00000060","element-6066-11e4-a52e-4f735466cecf":"00000000-0000-05c7-ffff-ffff00000060"},{"ELEMENT":"00000000-0000-05c7-ffff-ffff00000070","element-6066-11e4-a52e-4f735466cecf":"00000000-0000-05c7-ffff-ffff00000070"},{"ELEMENT":"00000000-0000-05c7-ffff-ffff0000007f","element-6066-11e4-a52e-4f735466cecf":"00000000-0000-05c7-ffff-ffff0000007f"}]}
&amp#27;[38;5;32m[AndroidUiautomator2Driver@fb3b (5cabbd15)]&amp#27;[0m Responding to client with driver.findElements() result: [{"element-6066-11e4-a52e-4f735466cecf":"00000000-0000-05c7-ffff-ffff00000032","ELEMENT":"00000000-0000-05c7-ffff-ffff00000032"},{"element-6066-11e4-a52e-4f735466cecf":"00000000-0000-05c7-ffff-ffff00000041","ELEMENT":"00000000-0000-05c7-ffff-ffff00000041"},{"element-6066-11e4-a52e-4f735466cecf":"00000000-0000-05c7-ffff-ffff00000051","ELEMENT":"00000000-0000-05c7-ffff-ffff00000051"},{"element-6066-11e4-a52e-4f735466cecf":"00000000-0000-05c7-ffff-ffff00000060","ELEMENT":"00000000-0000-05c7-ffff-ffff00000060"},{"element-6066-11e4-a52e-4f735466cecf":"00000000-0000-05c7-ffff-ffff00000070","ELEMENT":"00000000-0000-05c7-ffff-ffff00000070"},{"element-6066-11e4-a52e-4f735466cecf":"00000000-0000-05c7-ffff-ffff0000007f","ELEMENT":"00000000-0000-05c7-ffff-ffff0000007f"}]
&amp#27;[38;5;0m[HTTP]&amp#27;[0m &amp#27;[37m<-- POST /session/5cabbd15-7e20-42e4-8d48-d95ee721e291/elements &amp#27;[39m&amp#27;[32m200&amp#27;[39m &amp#27;[90m262 ms - 779&amp#27;[39m
&amp#27;[38;5;0m[HTTP]&amp#27;[0m &amp#27;[90m&amp#27;[39m
&amp#27;[38;5;0m[HTTP]&amp#27;[0m &amp#27;[37m-->&amp#27;[39m &amp#27;[37mGET&amp#27;[39m &amp#27;[37m/session/5cabbd15-7e20-42e4-8d48-d95ee721e291/context&amp#27;[39m
&amp#27;[38;5;0m[HTTP]&amp#27;[0m &amp#27;[90m{}&amp#27;[39m
&amp#27;[38;5;32m[AndroidUiautomator2Driver@fb3b (5cabbd15)]&amp#27;[0m Calling AppiumDriver.getCurrentContext() with args: ["5cabbd15-7e20-42e4-8d48-d95ee721e291"]
&amp#27;[38;5;32m[AndroidUiautomator2Driver@fb3b (5cabbd15)]&amp#27;[0m Responding to client with driver.getCurrentContext() result: "NATIVE_APP"
&amp#27;[38;5;0m[HTTP]&amp#27;[0m &amp#27;[37m<-- GET /session/5cabbd15-7e20-42e4-8d48-d95ee721e291/context &amp#27;[39m&amp#27;[32m200&amp#27;[39m &amp#27;[90m1 ms - 22&amp#27;[39m
&amp#27;[38;5;0m[HTTP]&amp#27;[0m &amp#27;[90m&amp#27;[39m
&amp#27;[38;5;0m[HTTP]&amp#27;[0m &amp#27;[37m-->&amp#27;[39m &amp#27;[37mPOST&amp#27;[39m &amp#27;[37m/session/5cabbd15-7e20-42e4-8d48-d95ee721e291/elements&amp#27;[39m
&amp#27;[38;5;0m[HTTP]&amp#27;[0m &amp#27;[90m{"using":"xpath","value":"//android.view.ViewGroup[@content-desc='store item']"}&amp#27;[39m
&amp#27;[38;5;32m[AndroidUiautomator2Driver@fb3b (5cabbd15)]&amp#27;[0m Calling AppiumDriver.findElements() with args: ["xpath","//android.view.ViewGroup[@content-desc='store item']","5cabbd15-7e20-42e4-8d48-d95ee721e291"]
&amp#27;[38;5;32m[AndroidUiautomator2Driver@fb3b (5cabbd15)]&amp#27;[0m Valid locator strategies for this request: xpath, id, class name, accessibility id, css selector, -android uiautomator
&amp#27;[38;5;32m[AndroidUiautomator2Driver@fb3b (5cabbd15)]&amp#27;[0m Waiting up to 10000 ms for condition
&amp#27;[38;5;32m[AndroidUiautomator2Driver@fb3b (5cabbd15)]&amp#27;[0m Matched '/elements' to command name 'findElements'
&amp#27;[38;5;32m[AndroidUiautomator2Driver@fb3b (5cabbd15)]&amp#27;[0m Proxying [POST /elements] to [POST http://127.0.0.1:8201/session/dc1a88ef-730b-4fe2-afab-0087ad1f4d72/elements] with body: {"strategy":"xpath","selector":"//android.view.ViewGroup[@content-desc='store item']","context":"","multiple":true}
&amp#27;[38;5;32m[AndroidUiautomator2Driver@fb3b (5cabbd15)]&amp#27;[0m Got response with status 200: {"sessionId":"dc1a88ef-730b-4fe2-afab-0087ad1f4d72","value":[{"ELEMENT":"00000000-0000-05c7-ffff-ffff00000032","element-6066-11e4-a52e-4f735466cecf":"00000000-0000-05c7-ffff-ffff00000032"},{"ELEMENT":"00000000-0000-05c7-ffff-ffff00000041","element-6066-11e4-a52e-4f735466cecf":"00000000-0000-05c7-ffff-ffff00000041"},{"ELEMENT":"00000000-0000-05c7-ffff-ffff00000051","element-6066-11e4-a52e-4f735466cecf":"00000000-0000-05c7-ffff-ffff00000051"},{"ELEMENT":"00000000-0000-05c7-ffff-ffff00000060","element-6066-11e4-a52e-4f735466cecf":"00000000-0000-05c7-ffff-ffff00000060"},{"ELEMENT":"00000000-0000-05c7-ffff-ffff00000070","element-6066-11e4-a52e-4f735466cecf":"00000000-0000-05c7-ffff-ffff00000070"},{"ELEMENT":"00000000-0000-05c7-ffff-ffff0000007f","element-6066-11e4-a52e-4f735466cecf":"00000000-0000-05c7-ffff-ffff0000007f"}]}
&amp#27;[38;5;32m[AndroidUiautomator2Driver@fb3b (5cabbd15)]&amp#27;[0m Responding to client with driver.findElements() result: [{"element-6066-11e4-a52e-4f735466cecf":"00000000-0000-05c7-ffff-ffff00000032","ELEMENT":"00000000-0000-05c7-ffff-ffff00000032"},{"element-6066-11e4-a52e-4f735466cecf":"00000000-0000-05c7-ffff-ffff00000041","ELEMENT":"00000000-0000-05c7-ffff-ffff00000041"},{"element-6066-11e4-a52e-4f735466cecf":"00000000-0000-05c7-ffff-ffff00000051","ELEMENT":"00000000-0000-05c7-ffff-ffff00000051"},{"element-6066-11e4-a52e-4f735466cecf":"00000000-0000-05c7-ffff-ffff00000060","ELEMENT":"00000000-0000-05c7-ffff-ffff00000060"},{"element-6066-11e4-a52e-4f735466cecf":"00000000-0000-05c7-ffff-ffff00000070","ELEMENT":"00000000-0000-05c7-ffff-ffff00000070"},{"element-6066-11e4-a52e-4f735466cecf":"00000000-0000-05c7-ffff-ffff0000007f","ELEMENT":"00000000-0000-05c7-ffff-ffff0000007f"}]
&amp#27;[38;5;0m[HTTP]&amp#27;[0m &amp#27;[37m<-- POST /session/5cabbd15-7e20-42e4-8d48-d95ee721e291/elements &amp#27;[39m&amp#27;[32m200&amp#27;[39m &amp#27;[90m269 ms - 779&amp#27;[39m
&amp#27;[38;5;0m[HTTP]&amp#27;[0m &amp#27;[90m&amp#27;[39m
&amp#27;[38;5;0m[HTTP]&amp#27;[0m &amp#27;[37m-->&amp#27;[39m &amp#27;[37mPOST&amp#27;[39m &amp#27;[37m/session/5cabbd15-7e20-42e4-8d48-d95ee721e291/element/00000000-0000-05c7-ffff-ffff0000007f/element&amp#27;[39m
&amp#27;[38;5;0m[HTTP]&amp#27;[0m &amp#27;[90m{"id":"00000000-0000-05c7-ffff-ffff0000007f","using":"xpath","value":"//android.widget.TextView[@content-desc='store item text']"}&amp#27;[39m
&amp#27;[38;5;32m[AndroidUiautomator2Driver@fb3b (5cabbd15)]&amp#27;[0m Calling AppiumDriver.findElementFromElement() with args: ["xpath","//android.widget.TextView[@content-desc='store item text']","00000000-0000-05c7-ffff-ffff0000007f","5cabbd15-7e20-42e4-8d48-d95ee721e291"]
&amp#27;[38;5;32m[AndroidUiautomator2Driver@fb3b (5cabbd15)]&amp#27;[0m Valid locator strategies for this request: xpath, id, class name, accessibility id, css selector, -android uiautomator
&amp#27;[38;5;32m[AndroidUiautomator2Driver@fb3b (5cabbd15)]&amp#27;[0m Waiting up to 10000 ms for condition
&amp#27;[38;5;32m[AndroidUiautomator2Driver@fb3b (5cabbd15)]&amp#27;[0m Matched '/element' to command name 'findElement'
&amp#27;[38;5;32m[AndroidUiautomator2Driver@fb3b (5cabbd15)]&amp#27;[0m Proxying [POST /element] to [POST http://127.0.0.1:8201/session/dc1a88ef-730b-4fe2-afab-0087ad1f4d72/element] with body: {"strategy":"xpath","selector":"//android.widget.TextView[@content-desc='store item text']","context":"00000000-0000-05c7-ffff-ffff0000007f","multiple":false}
&amp#27;[38;5;32m[AndroidUiautomator2Driver@fb3b (5cabbd15)]&amp#27;[0m Got response with status 200: {"sessionId":"dc1a88ef-730b-4fe2-afab-0087ad1f4d72","value":{"ELEMENT":"00000000-0000-05c7-ffff-ffff00000082","element-6066-11e4-a52e-4f735466cecf":"00000000-0000-05c7-ffff-ffff00000082"}}
&amp#27;[38;5;32m[AndroidUiautomator2Driver@fb3b (5cabbd15)]&amp#27;[0m Responding to client with driver.findElementFromElement() result: {"element-6066-11e4-a52e-4f735466cecf":"00000000-0000-05c7-ffff-ffff00000082","ELEMENT":"00000000-0000-05c7-ffff-ffff00000082"}
&amp#27;[38;5;0m[HTTP]&amp#27;[0m &amp#27;[37m<-- POST /session/5cabbd15-7e20-42e4-8d48-d95ee721e291/element/00000000-0000-05c7-ffff-ffff0000007f/element &amp#27;[39m&amp#27;[32m200&amp#27;[39m &amp#27;[90m64 ms - 137&amp#27;[39m
&amp#27;[38;5;0m[HTTP]&amp#27;[0m &amp#27;[90m&amp#27;[39m
&amp#27;[38;5;0m[HTTP]&amp#27;[0m &amp#27;[37m-->&amp#27;[39m &amp#27;[37mGET&amp#27;[39m &amp#27;[37m/session/5cabbd15-7e20-42e4-8d48-d95ee721e291/element/00000000-0000-05c7-ffff-ffff00000082/text&amp#27;[39m
&amp#27;[38;5;0m[HTTP]&amp#27;[0m &amp#27;[90m{}&amp#27;[39m
&amp#27;[38;5;32m[AndroidUiautomator2Driver@fb3b (5cabbd15)]&amp#27;[0m Driver proxy active, passing request on via HTTP proxy
&amp#27;[38;5;32m[AndroidUiautomator2Driver@fb3b (5cabbd15)]&amp#27;[0m Matched '/session/5cabbd15-7e20-42e4-8d48-d95ee721e291/element/00000000-0000-05c7-ffff-ffff00000082/text' to command name 'getText'
&amp#27;[38;5;32m[AndroidUiautomator2Driver@fb3b (5cabbd15)]&amp#27;[0m Proxying [GET /session/5cabbd15-7e20-42e4-8d48-d95ee721e291/element/00000000-0000-05c7-ffff-ffff00000082/text] to [GET http://127.0.0.1:8201/session/dc1a88ef-730b-4fe2-afab-0087ad1f4d72/element/00000000-0000-05c7-ffff-ffff00000082/text] with no body
&amp#27;[38;5;32m[AndroidUiautomator2Driver@fb3b (5cabbd15)]&amp#27;[0m Got response with status 200: {"sessionId":"dc1a88ef-730b-4fe2-afab-0087ad1f4d72","value":"Test.allTheThings() T-Shirt"}
&amp#27;[38;5;32m[AndroidUiautomator2Driver@fb3b (5cabbd15)]&amp#27;[0m Replacing sessionId dc1a88ef-730b-4fe2-afab-0087ad1f4d72 with 5cabbd15-7e20-42e4-8d48-d95ee721e291
&amp#27;[38;5;0m[HTTP]&amp#27;[0m &amp#27;[37m<-- GET /session/5cabbd15-7e20-42e4-8d48-d95ee721e291/element/00000000-0000-05c7-ffff-ffff00000082/text &amp#27;[39m&amp#27;[32m200&amp#27;[39m &amp#27;[90m20 ms - 90&amp#27;[39m
&amp#27;[38;5;0m[HTTP]&amp#27;[0m &amp#27;[90m&amp#27;[39m
&amp#27;[38;5;0m[HTTP]&amp#27;[0m &amp#27;[37m-->&amp#27;[39m &amp#27;[37mGET&amp#27;[39m &amp#27;[37m/session/5cabbd15-7e20-42e4-8d48-d95ee721e291/context&amp#27;[39m
&amp#27;[38;5;0m[HTTP]&amp#27;[0m &amp#27;[90m{}&amp#27;[39m
&amp#27;[38;5;32m[AndroidUiautomator2Driver@fb3b (5cabbd15)]&amp#27;[0m Calling AppiumDriver.getCurrentContext() with args: ["5cabbd15-7e20-42e4-8d48-d95ee721e291"]
&amp#27;[38;5;32m[AndroidUiautomator2Driver@fb3b (5cabbd15)]&amp#27;[0m Responding to client with driver.getCurrentContext() result: "NATIVE_APP"
&amp#27;[38;5;0m[HTTP]&amp#27;[0m &amp#27;[37m<-- GET /session/5cabbd15-7e20-42e4-8d48-d95ee721e291/context &amp#27;[39m&amp#27;[32m200&amp#27;[39m &amp#27;[90m1 ms - 22&amp#27;[39m
&amp#27;[38;5;0m[HTTP]&amp#27;[0m &amp#27;[90m&amp#27;[39m
&amp#27;[38;5;0m[HTTP]&amp#27;[0m &amp#27;[37m-->&amp#27;[39m &amp#27;[37mPOST&amp#27;[39m &amp#27;[37m/session/5cabbd15-7e20-42e4-8d48-d95ee721e291/elements&amp#27;[39m
&amp#27;[38;5;0m[HTTP]&amp#27;[0m &amp#27;[90m{"using":"xpath","value":"//android.view.ViewGroup[@content-desc='store item']"}&amp#27;[39m
&amp#27;[38;5;32m[AndroidUiautomator2Driver@fb3b (5cabbd15)]&amp#27;[0m Calling AppiumDriver.findElements() with args: ["xpath","//android.view.ViewGroup[@content-desc='store item']","5cabbd15-7e20-42e4-8d48-d95ee721e291"]
&amp#27;[38;5;32m[AndroidUiautomator2Driver@fb3b (5cabbd15)]&amp#27;[0m Valid locator strategies for this request: xpath, id, class name, accessibility id, css selector, -android uiautomator
&amp#27;[38;5;32m[AndroidUiautomator2Driver@fb3b (5cabbd15)]&amp#27;[0m Waiting up to 10000 ms for condition
&amp#27;[38;5;32m[AndroidUiautomator2Driver@fb3b (5cabbd15)]&amp#27;[0m Matched '/elements' to command name 'findElements'
&amp#27;[38;5;32m[AndroidUiautomator2Driver@fb3b (5cabbd15)]&amp#27;[0m Proxying [POST /elements] to [POST http://127.0.0.1:8201/session/dc1a88ef-730b-4fe2-afab-0087ad1f4d72/elements] with body: {"strategy":"xpath","selector":"//android.view.ViewGroup[@content-desc='store item']","context":"","multiple":true}
&amp#27;[38;5;32m[AndroidUiautomator2Driver@fb3b (5cabbd15)]&amp#27;[0m Got response with status 200: {"sessionId":"dc1a88ef-730b-4fe2-afab-0087ad1f4d72","value":[{"ELEMENT":"00000000-0000-05c7-ffff-ffff00000032","element-6066-11e4-a52e-4f735466cecf":"00000000-0000-05c7-ffff-ffff00000032"},{"ELEMENT":"00000000-0000-05c7-ffff-ffff00000041","element-6066-11e4-a52e-4f735466cecf":"00000000-0000-05c7-ffff-ffff00000041"},{"ELEMENT":"00000000-0000-05c7-ffff-ffff00000051","element-6066-11e4-a52e-4f735466cecf":"00000000-0000-05c7-ffff-ffff00000051"},{"ELEMENT":"00000000-0000-05c7-ffff-ffff00000060","element-6066-11e4-a52e-4f735466cecf":"00000000-0000-05c7-ffff-ffff00000060"},{"ELEMENT":"00000000-0000-05c7-ffff-ffff00000070","element-6066-11e4-a52e-4f735466cecf":"00000000-0000-05c7-ffff-ffff00000070"},{"ELEMENT":"00000000-0000-05c7-ffff-ffff0000007f","element-6066-11e4-a52e-4f735466cecf":"00000000-0000-05c7-ffff-ffff0000007f"}]}
&amp#27;[38;5;32m[AndroidUiautomator2Driver@fb3b (5cabbd15)]&amp#27;[0m Responding to client with driver.findElements() result: [{"element-6066-11e4-a52e-4f735466cecf":"00000000-0000-05c7-ffff-ffff00000032","ELEMENT":"00000000-0000-05c7-ffff-ffff00000032"},{"element-6066-11e4-a52e-4f735466cecf":"00000000-0000-05c7-ffff-ffff00000041","ELEMENT":"00000000-0000-05c7-ffff-ffff00000041"},{"element-6066-11e4-a52e-4f735466cecf":"00000000-0000-05c7-ffff-ffff00000051","ELEMENT":"00000000-0000-05c7-ffff-ffff00000051"},{"element-6066-11e4-a52e-4f735466cecf":"00000000-0000-05c7-ffff-ffff00000060","ELEMENT":"00000000-0000-05c7-ffff-ffff00000060"},{"element-6066-11e4-a52e-4f735466cecf":"00000000-0000-05c7-ffff-ffff00000070","ELEMENT":"00000000-0000-05c7-ffff-ffff00000070"},{"element-6066-11e4-a52e-4f735466cecf":"00000000-0000-05c7-ffff-ffff0000007f","ELEMENT":"00000000-0000-05c7-ffff-ffff0000007f"}]
&amp#27;[38;5;0m[HTTP]&amp#27;[0m &amp#27;[37m<-- POST /session/5cabbd15-7e20-42e4-8d48-d95ee721e291/elements &amp#27;[39m&amp#27;[32m200&amp#27;[39m &amp#27;[90m677 ms - 779&amp#27;[39m
&amp#27;[38;5;0m[HTTP]&amp#27;[0m &amp#27;[90m&amp#27;[39m
&amp#27;[38;5;0m[HTTP]&amp#27;[0m &amp#27;[37m-->&amp#27;[39m &amp#27;[37mPOST&amp#27;[39m &amp#27;[37m/session/5cabbd15-7e20-42e4-8d48-d95ee721e291/element&amp#27;[39m
&amp#27;[38;5;0m[HTTP]&amp#27;[0m &amp#27;[90m{"using":"-android uiautomator","value":"new UiScrollable(new UiSelector().scrollable(true).instance(0)).scrollToBeginning(1)"}&amp#27;[39m
&amp#27;[38;5;32m[AndroidUiautomator2Driver@fb3b (5cabbd15)]&amp#27;[0m Calling AppiumDriver.findElement() with args: ["-android uiautomator","new UiScrollable(new UiSelector().scrollable(true).instance(0)).scrollToBeginning(1)","5cabbd15-7e20-42e4-8d48-d95ee721e291"]
&amp#27;[38;5;32m[AndroidUiautomator2Driver@fb3b (5cabbd15)]&amp#27;[0m Valid locator strategies for this request: xpath, id, class name, accessibility id, css selector, -android uiautomator
&amp#27;[38;5;32m[AndroidUiautomator2Driver@fb3b (5cabbd15)]&amp#27;[0m Waiting up to 10000 ms for condition
&amp#27;[38;5;32m[AndroidUiautomator2Driver@fb3b (5cabbd15)]&amp#27;[0m Matched '/element' to command name 'findElement'
&amp#27;[38;5;32m[AndroidUiautomator2Driver@fb3b (5cabbd15)]&amp#27;[0m Proxying [POST /element] to [POST http://127.0.0.1:8201/session/dc1a88ef-730b-4fe2-afab-0087ad1f4d72/element] with body: {"strategy":"-android uiautomator","selector":"new UiScrollable(new UiSelector().scrollable(true).instance(0)).scrollToBeginning(1)","context":"","multiple":false}
&amp#27;[38;5;32m[AndroidUiautomator2Driver@fb3b (5cabbd15)]&amp#27;[0m Got response with status 200: {"sessionId":"dc1a88ef-730b-4fe2-afab-0087ad1f4d72","value":{"ELEMENT":"00000000-0000-05c7-ffff-ffff0000001d","element-6066-11e4-a52e-4f735466cecf":"00000000-0000-05c7-ffff-ffff0000001d"}}
&amp#27;[38;5;32m[AndroidUiautomator2Driver@fb3b (5cabbd15)]&amp#27;[0m Responding to client with driver.findElement() result: {"element-6066-11e4-a52e-4f735466cecf":"00000000-0000-05c7-ffff-ffff0000001d","ELEMENT":"00000000-0000-05c7-ffff-ffff0000001d"}
&amp#27;[38;5;0m[HTTP]&amp#27;[0m &amp#27;[37m<-- POST /session/5cabbd15-7e20-42e4-8d48-d95ee721e291/element &amp#27;[39m&amp#27;[32m200&amp#27;[39m &amp#27;[90m1428 ms - 137&amp#27;[39m
&amp#27;[38;5;0m[HTTP]&amp#27;[0m &amp#27;[90m&amp#27;[39m
]]></system-out>
  </testcase>
  <testcase name="AscendingPriceSortVerification" classname="testCases.TC3_CatalogueTests" time="15.598">
    <system-out><![CDATA[&amp#27;[38;5;0m[HTTP]&amp#27;[0m &amp#27;[37m-->&amp#27;[39m &amp#27;[37mGET&amp#27;[39m &amp#27;[37m/session/5cabbd15-7e20-42e4-8d48-d95ee721e291/context&amp#27;[39m
&amp#27;[38;5;0m[HTTP]&amp#27;[0m &amp#27;[90m{}&amp#27;[39m
&amp#27;[38;5;32m[AndroidUiautomator2Driver@fb3b (5cabbd15)]&amp#27;[0m Calling AppiumDriver.getCurrentContext() with args: ["5cabbd15-7e20-42e4-8d48-d95ee721e291"]
&amp#27;[38;5;32m[AndroidUiautomator2Driver@fb3b (5cabbd15)]&amp#27;[0m Responding to client with driver.getCurrentContext() result: "NATIVE_APP"
&amp#27;[38;5;0m[HTTP]&amp#27;[0m &amp#27;[37m<-- GET /session/5cabbd15-7e20-42e4-8d48-d95ee721e291/context &amp#27;[39m&amp#27;[32m200&amp#27;[39m &amp#27;[90m1 ms - 22&amp#27;[39m
&amp#27;[38;5;0m[HTTP]&amp#27;[0m &amp#27;[90m&amp#27;[39m
&amp#27;[38;5;0m[HTTP]&amp#27;[0m &amp#27;[37m-->&amp#27;[39m &amp#27;[37mPOST&amp#27;[39m &amp#27;[37m/session/5cabbd15-7e20-42e4-8d48-d95ee721e291/element&amp#27;[39m
&amp#27;[38;5;0m[HTTP]&amp#27;[0m &amp#27;[90m{"using":"accessibility id","value":"sort button"}&amp#27;[39m
&amp#27;[38;5;32m[AndroidUiautomator2Driver@fb3b (5cabbd15)]&amp#27;[0m Calling AppiumDriver.findElement() with args: ["accessibility id","sort button","5cabbd15-7e20-42e4-8d48-d95ee721e291"]
&amp#27;[38;5;32m[AndroidUiautomator2Driver@fb3b (5cabbd15)]&amp#27;[0m Valid locator strategies for this request: xpath, id, class name, accessibility id, css selector, -android uiautomator
&amp#27;[38;5;32m[AndroidUiautomator2Driver@fb3b (5cabbd15)]&amp#27;[0m Waiting up to 10000 ms for condition
&amp#27;[38;5;32m[AndroidUiautomator2Driver@fb3b (5cabbd15)]&amp#27;[0m Matched '/element' to command name 'findElement'
&amp#27;[38;5;32m[AndroidUiautomator2Driver@fb3b (5cabbd15)]&amp#27;[0m Proxying [POST /element] to [POST http://127.0.0.1:8201/session/dc1a88ef-730b-4fe2-afab-0087ad1f4d72/element] with body: {"strategy":"accessibility id","selector":"sort button","context":"","multiple":false}
&amp#27;[38;5;32m[AndroidUiautomator2Driver@fb3b (5cabbd15)]&amp#27;[0m Got response with status 200: {"sessionId":"dc1a88ef-730b-4fe2-afab-0087ad1f4d72","value":{"ELEMENT":"00000000-0000-05c7-ffff-ffff00000026","element-6066-11e4-a52e-4f735466cecf":"00000000-0000-05c7-ffff-ffff00000026"}}
&amp#27;[38;5;32m[AndroidUiautomator2Driver@fb3b (5cabbd15)]&amp#27;[0m Responding to client with driver.findElement() result: {"element-6066-11e4-a52e-4f735466cecf":"00000000-0000-05c7-ffff-ffff00000026","ELEMENT":"00000000-0000-05c7-ffff-ffff00000026"}
&amp#27;[38;5;0m[HTTP]&amp#27;[0m &amp#27;[37m<-- POST /session/5cabbd15-7e20-42e4-8d48-d95ee721e291/element &amp#27;[39m&amp#27;[32m200&amp#27;[39m &amp#27;[90m44 ms - 137&amp#27;[39m
&amp#27;[38;5;0m[HTTP]&amp#27;[0m &amp#27;[90m&amp#27;[39m
&amp#27;[38;5;0m[HTTP]&amp#27;[0m &amp#27;[37m-->&amp#27;[39m &amp#27;[37mPOST&amp#27;[39m &amp#27;[37m/session/5cabbd15-7e20-42e4-8d48-d95ee721e291/element/00000000-0000-05c7-ffff-ffff00000026/click&amp#27;[39m
&amp#27;[38;5;0m[HTTP]&amp#27;[0m &amp#27;[90m{"id":"00000000-0000-05c7-ffff-ffff00000026"}&amp#27;[39m
&amp#27;[38;5;32m[AndroidUiautomator2Driver@fb3b (5cabbd15)]&amp#27;[0m Calling AppiumDriver.click() with args: ["00000000-0000-05c7-ffff-ffff00000026","5cabbd15-7e20-42e4-8d48-d95ee721e291"]
&amp#27;[38;5;32m[AndroidUiautomator2Driver@fb3b (5cabbd15)]&amp#27;[0m Matched '/element/00000000-0000-05c7-ffff-ffff00000026/click' to command name 'click'
&amp#27;[38;5;32m[AndroidUiautomator2Driver@fb3b (5cabbd15)]&amp#27;[0m Proxying [POST /element/00000000-0000-05c7-ffff-ffff00000026/click] to [POST http://127.0.0.1:8201/session/dc1a88ef-730b-4fe2-afab-0087ad1f4d72/element/00000000-0000-05c7-ffff-ffff00000026/click] with body: {"element":"00000000-0000-05c7-ffff-ffff00000026"}
&amp#27;[38;5;32m[AndroidUiautomator2Driver@fb3b (5cabbd15)]&amp#27;[0m Got response with status 200: {"sessionId":"dc1a88ef-730b-4fe2-afab-0087ad1f4d72","value":null}
&amp#27;[38;5;32m[AndroidUiautomator2Driver@fb3b (5cabbd15)]&amp#27;[0m Responding to client with driver.click() result: null
&amp#27;[38;5;0m[HTTP]&amp#27;[0m &amp#27;[37m<-- POST /session/5cabbd15-7e20-42e4-8d48-d95ee721e291/element/00000000-0000-05c7-ffff-ffff00000026/click &amp#27;[39m&amp#27;[32m200&amp#27;[39m &amp#27;[90m38 ms - 14&amp#27;[39m
&amp#27;[38;5;0m[HTTP]&amp#27;[0m &amp#27;[90m&amp#27;[39m
&amp#27;[38;5;0m[HTTP]&amp#27;[0m &amp#27;[37m-->&amp#27;[39m &amp#27;[37mGET&amp#27;[39m &amp#27;[37m/session/5cabbd15-7e20-42e4-8d48-d95ee721e291/context&amp#27;[39m
&amp#27;[38;5;0m[HTTP]&amp#27;[0m &amp#27;[90m{}&amp#27;[39m
&amp#27;[38;5;32m[AndroidUiautomator2Driver@fb3b (5cabbd15)]&amp#27;[0m Calling AppiumDriver.getCurrentContext() with args: ["5cabbd15-7e20-42e4-8d48-d95ee721e291"]
&amp#27;[38;5;32m[AndroidUiautomator2Driver@fb3b (5cabbd15)]&amp#27;[0m Responding to client with driver.getCurrentContext() result: "NATIVE_APP"
&amp#27;[38;5;0m[HTTP]&amp#27;[0m &amp#27;[37m<-- GET /session/5cabbd15-7e20-42e4-8d48-d95ee721e291/context &amp#27;[39m&amp#27;[32m200&amp#27;[39m &amp#27;[90m1 ms - 22&amp#27;[39m
&amp#27;[38;5;0m[HTTP]&amp#27;[0m &amp#27;[90m&amp#27;[39m
&amp#27;[38;5;0m[HTTP]&amp#27;[0m &amp#27;[37m-->&amp#27;[39m &amp#27;[37mPOST&amp#27;[39m &amp#27;[37m/session/5cabbd15-7e20-42e4-8d48-d95ee721e291/element&amp#27;[39m
&amp#27;[38;5;0m[HTTP]&amp#27;[0m &amp#27;[90m{"using":"accessibility id","value":"priceAsc"}&amp#27;[39m
&amp#27;[38;5;32m[AndroidUiautomator2Driver@fb3b (5cabbd15)]&amp#27;[0m Calling AppiumDriver.findElement() with args: ["accessibility id","priceAsc","5cabbd15-7e20-42e4-8d48-d95ee721e291"]
&amp#27;[38;5;32m[AndroidUiautomator2Driver@fb3b (5cabbd15)]&amp#27;[0m Valid locator strategies for this request: xpath, id, class name, accessibility id, css selector, -android uiautomator
&amp#27;[38;5;32m[AndroidUiautomator2Driver@fb3b (5cabbd15)]&amp#27;[0m Waiting up to 10000 ms for condition
&amp#27;[38;5;32m[AndroidUiautomator2Driver@fb3b (5cabbd15)]&amp#27;[0m Matched '/element' to command name 'findElement'
&amp#27;[38;5;32m[AndroidUiautomator2Driver@fb3b (5cabbd15)]&amp#27;[0m Proxying [POST /element] to [POST http://127.0.0.1:8201/session/dc1a88ef-730b-4fe2-afab-0087ad1f4d72/element] with body: {"strategy":"accessibility id","selector":"priceAsc","context":"","multiple":false}
&amp#27;[38;5;32m[AndroidUiautomator2Driver@fb3b (5cabbd15)]&amp#27;[0m Got response with status 404: {"sessionId":"dc1a88ef-730b-4fe2-afab-0087ad1f4d72","value":{"error":"no such element","message":"An element could not be located on the page using the given search parameters","stacktrace":"io.appium.uiautomator2.common.exceptions.ElementNotFoundException: An element could not be located on the page using the given search parameters\n\tat io.appium.uiautomator2.handler.FindElement.safeHandle(FindElement.java:63)\n\tat io.appium.uiautomator2.handler.request.SafeRequestHandler.handle(SafeRequestHandler.java:59)\n\tat io.appium.uiautomator2.server.AppiumServlet.handleRequest(AppiumServlet.java:277)\n\tat io.appium.uiautomator2.server.AppiumServlet.handleHttpRequest(AppiumServlet.java:271)\n\tat io.appium.uiautomator2.http.ServerHandler.channelRead(ServerHandler.java:77)\n\tat io.netty.channel.AbstractChannelHandlerContext.invokeChannelRead(AbstractChannelHandlerContext.java:366)\n\tat io.netty.channel.AbstractChannelHandlerContext.invokeChannelRead(AbstractChannelHandlerContext.java:352)\n\tat io.netty.chann...
&amp#27;[38;5;128m[W3C]&amp#27;[0m Matched W3C error code 'no such element' to NoSuchElementError
&amp#27;[38;5;32m[AndroidUiautomator2Driver@fb3b (5cabbd15)]&amp#27;[0m Waited for 135 ms so far
&amp#27;[38;5;32m[AndroidUiautomator2Driver@fb3b (5cabbd15)]&amp#27;[0m Matched '/element' to command name 'findElement'
&amp#27;[38;5;32m[AndroidUiautomator2Driver@fb3b (5cabbd15)]&amp#27;[0m Proxying [POST /element] to [POST http://127.0.0.1:8201/session/dc1a88ef-730b-4fe2-afab-0087ad1f4d72/element] with body: {"strategy":"accessibility id","selector":"priceAsc","context":"","multiple":false}
&amp#27;[38;5;32m[AndroidUiautomator2Driver@fb3b (5cabbd15)]&amp#27;[0m Got response with status 200: {"sessionId":"dc1a88ef-730b-4fe2-afab-0087ad1f4d72","value":{"ELEMENT":"00000000-0000-05ca-ffff-ffff000000f8","element-6066-11e4-a52e-4f735466cecf":"00000000-0000-05ca-ffff-ffff000000f8"}}
&amp#27;[38;5;32m[AndroidUiautomator2Driver@fb3b (5cabbd15)]&amp#27;[0m Responding to client with driver.findElement() result: {"element-6066-11e4-a52e-4f735466cecf":"00000000-0000-05ca-ffff-ffff000000f8","ELEMENT":"00000000-0000-05ca-ffff-ffff000000f8"}
&amp#27;[38;5;0m[HTTP]&amp#27;[0m &amp#27;[37m<-- POST /session/5cabbd15-7e20-42e4-8d48-d95ee721e291/element &amp#27;[39m&amp#27;[32m200&amp#27;[39m &amp#27;[90m754 ms - 137&amp#27;[39m
&amp#27;[38;5;0m[HTTP]&amp#27;[0m &amp#27;[90m&amp#27;[39m
&amp#27;[38;5;0m[HTTP]&amp#27;[0m &amp#27;[37m-->&amp#27;[39m &amp#27;[37mPOST&amp#27;[39m &amp#27;[37m/session/5cabbd15-7e20-42e4-8d48-d95ee721e291/element/00000000-0000-05ca-ffff-ffff000000f8/click&amp#27;[39m
&amp#27;[38;5;0m[HTTP]&amp#27;[0m &amp#27;[90m{"id":"00000000-0000-05ca-ffff-ffff000000f8"}&amp#27;[39m
&amp#27;[38;5;32m[AndroidUiautomator2Driver@fb3b (5cabbd15)]&amp#27;[0m Calling AppiumDriver.click() with args: ["00000000-0000-05ca-ffff-ffff000000f8","5cabbd15-7e20-42e4-8d48-d95ee721e291"]
&amp#27;[38;5;32m[AndroidUiautomator2Driver@fb3b (5cabbd15)]&amp#27;[0m Matched '/element/00000000-0000-05ca-ffff-ffff000000f8/click' to command name 'click'
&amp#27;[38;5;32m[AndroidUiautomator2Driver@fb3b (5cabbd15)]&amp#27;[0m Proxying [POST /element/00000000-0000-05ca-ffff-ffff000000f8/click] to [POST http://127.0.0.1:8201/session/dc1a88ef-730b-4fe2-afab-0087ad1f4d72/element/00000000-0000-05ca-ffff-ffff000000f8/click] with body: {"element":"00000000-0000-05ca-ffff-ffff000000f8"}
&amp#27;[38;5;32m[AndroidUiautomator2Driver@fb3b (5cabbd15)]&amp#27;[0m Got response with status 200: {"sessionId":"dc1a88ef-730b-4fe2-afab-0087ad1f4d72","value":null}
&amp#27;[38;5;32m[AndroidUiautomator2Driver@fb3b (5cabbd15)]&amp#27;[0m Responding to client with driver.click() result: null
&amp#27;[38;5;0m[HTTP]&amp#27;[0m &amp#27;[37m<-- POST /session/5cabbd15-7e20-42e4-8d48-d95ee721e291/element/00000000-0000-05ca-ffff-ffff000000f8/click &amp#27;[39m&amp#27;[32m200&amp#27;[39m &amp#27;[90m41 ms - 14&amp#27;[39m
&amp#27;[38;5;0m[HTTP]&amp#27;[0m &amp#27;[90m&amp#27;[39m
&amp#27;[38;5;0m[HTTP]&amp#27;[0m &amp#27;[37m-->&amp#27;[39m &amp#27;[37mGET&amp#27;[39m &amp#27;[37m/session/5cabbd15-7e20-42e4-8d48-d95ee721e291/context&amp#27;[39m
&amp#27;[38;5;0m[HTTP]&amp#27;[0m &amp#27;[90m{}&amp#27;[39m
&amp#27;[38;5;32m[AndroidUiautomator2Driver@fb3b (5cabbd15)]&amp#27;[0m Calling AppiumDriver.getCurrentContext() with args: ["5cabbd15-7e20-42e4-8d48-d95ee721e291"]
&amp#27;[38;5;32m[AndroidUiautomator2Driver@fb3b (5cabbd15)]&amp#27;[0m Responding to client with driver.getCurrentContext() result: "NATIVE_APP"
&amp#27;[38;5;0m[HTTP]&amp#27;[0m &amp#27;[37m<-- GET /session/5cabbd15-7e20-42e4-8d48-d95ee721e291/context &amp#27;[39m&amp#27;[32m200&amp#27;[39m &amp#27;[90m1 ms - 22&amp#27;[39m
&amp#27;[38;5;0m[HTTP]&amp#27;[0m &amp#27;[90m&amp#27;[39m
&amp#27;[38;5;0m[HTTP]&amp#27;[0m &amp#27;[37m-->&amp#27;[39m &amp#27;[37mPOST&amp#27;[39m &amp#27;[37m/session/5cabbd15-7e20-42e4-8d48-d95ee721e291/element&amp#27;[39m
&amp#27;[38;5;0m[HTTP]&amp#27;[0m &amp#27;[90m{"using":"accessibility id","value":"sort button"}&amp#27;[39m
&amp#27;[38;5;32m[AndroidUiautomator2Driver@fb3b (5cabbd15)]&amp#27;[0m Calling AppiumDriver.findElement() with args: ["accessibility id","sort button","5cabbd15-7e20-42e4-8d48-d95ee721e291"]
&amp#27;[38;5;32m[AndroidUiautomator2Driver@fb3b (5cabbd15)]&amp#27;[0m Valid locator strategies for this request: xpath, id, class name, accessibility id, css selector, -android uiautomator
&amp#27;[38;5;32m[AndroidUiautomator2Driver@fb3b (5cabbd15)]&amp#27;[0m Waiting up to 10000 ms for condition
&amp#27;[38;5;32m[AndroidUiautomator2Driver@fb3b (5cabbd15)]&amp#27;[0m Matched '/element' to command name 'findElement'
&amp#27;[38;5;32m[AndroidUiautomator2Driver@fb3b (5cabbd15)]&amp#27;[0m Proxying [POST /element] to [POST http://127.0.0.1:8201/session/dc1a88ef-730b-4fe2-afab-0087ad1f4d72/element] with body: {"strategy":"accessibility id","selector":"sort button","context":"","multiple":false}
&amp#27;[38;5;32m[AndroidUiautomator2Driver@fb3b (5cabbd15)]&amp#27;[0m Got response with status 404: {"sessionId":"dc1a88ef-730b-4fe2-afab-0087ad1f4d72","value":{"error":"no such element","message":"An element could not be located on the page using the given search parameters","stacktrace":"io.appium.uiautomator2.common.exceptions.ElementNotFoundException: An element could not be located on the page using the given search parameters\n\tat io.appium.uiautomator2.handler.FindElement.safeHandle(FindElement.java:63)\n\tat io.appium.uiautomator2.handler.request.SafeRequestHandler.handle(SafeRequestHandler.java:59)\n\tat io.appium.uiautomator2.server.AppiumServlet.handleRequest(AppiumServlet.java:277)\n\tat io.appium.uiautomator2.server.AppiumServlet.handleHttpRequest(AppiumServlet.java:271)\n\tat io.appium.uiautomator2.http.ServerHandler.channelRead(ServerHandler.java:77)\n\tat io.netty.channel.AbstractChannelHandlerContext.invokeChannelRead(AbstractChannelHandlerContext.java:366)\n\tat io.netty.channel.AbstractChannelHandlerContext.invokeChannelRead(AbstractChannelHandlerContext.java:352)\n\tat io.netty.chann...
&amp#27;[38;5;128m[W3C]&amp#27;[0m Matched W3C error code 'no such element' to NoSuchElementError
&amp#27;[38;5;32m[AndroidUiautomator2Driver@fb3b (5cabbd15)]&amp#27;[0m Waited for 48 ms so far
&amp#27;[38;5;32m[AndroidUiautomator2Driver@fb3b (5cabbd15)]&amp#27;[0m Matched '/element' to command name 'findElement'
&amp#27;[38;5;32m[AndroidUiautomator2Driver@fb3b (5cabbd15)]&amp#27;[0m Proxying [POST /element] to [POST http://127.0.0.1:8201/session/dc1a88ef-730b-4fe2-afab-0087ad1f4d72/element] with body: {"strategy":"accessibility id","selector":"sort button","context":"","multiple":false}
&amp#27;[38;5;32m[AndroidUiautomator2Driver@fb3b (5cabbd15)]&amp#27;[0m Got response with status 200: {"sessionId":"dc1a88ef-730b-4fe2-afab-0087ad1f4d72","value":{"ELEMENT":"00000000-0000-05c7-ffff-ffff00000026","element-6066-11e4-a52e-4f735466cecf":"00000000-0000-05c7-ffff-ffff00000026"}}
&amp#27;[38;5;32m[AndroidUiautomator2Driver@fb3b (5cabbd15)]&amp#27;[0m Responding to client with driver.findElement() result: {"element-6066-11e4-a52e-4f735466cecf":"00000000-0000-05c7-ffff-ffff00000026","ELEMENT":"00000000-0000-05c7-ffff-ffff00000026"}
&amp#27;[38;5;0m[HTTP]&amp#27;[0m &amp#27;[37m<-- POST /session/5cabbd15-7e20-42e4-8d48-d95ee721e291/element &amp#27;[39m&amp#27;[32m200&amp#27;[39m &amp#27;[90m781 ms - 137&amp#27;[39m
&amp#27;[38;5;0m[HTTP]&amp#27;[0m &amp#27;[90m&amp#27;[39m
&amp#27;[38;5;0m[HTTP]&amp#27;[0m &amp#27;[37m-->&amp#27;[39m &amp#27;[37mPOST&amp#27;[39m &amp#27;[37m/session/5cabbd15-7e20-42e4-8d48-d95ee721e291/element/00000000-0000-05c7-ffff-ffff00000026/click&amp#27;[39m
&amp#27;[38;5;0m[HTTP]&amp#27;[0m &amp#27;[90m{"id":"00000000-0000-05c7-ffff-ffff00000026"}&amp#27;[39m
&amp#27;[38;5;32m[AndroidUiautomator2Driver@fb3b (5cabbd15)]&amp#27;[0m Calling AppiumDriver.click() with args: ["00000000-0000-05c7-ffff-ffff00000026","5cabbd15-7e20-42e4-8d48-d95ee721e291"]
&amp#27;[38;5;32m[AndroidUiautomator2Driver@fb3b (5cabbd15)]&amp#27;[0m Matched '/element/00000000-0000-05c7-ffff-ffff00000026/click' to command name 'click'
&amp#27;[38;5;32m[AndroidUiautomator2Driver@fb3b (5cabbd15)]&amp#27;[0m Proxying [POST /element/00000000-0000-05c7-ffff-ffff00000026/click] to [POST http://127.0.0.1:8201/session/dc1a88ef-730b-4fe2-afab-0087ad1f4d72/element/00000000-0000-05c7-ffff-ffff00000026/click] with body: {"element":"00000000-0000-05c7-ffff-ffff00000026"}
&amp#27;[38;5;32m[AndroidUiautomator2Driver@fb3b (5cabbd15)]&amp#27;[0m Got response with status 200: {"sessionId":"dc1a88ef-730b-4fe2-afab-0087ad1f4d72","value":null}
&amp#27;[38;5;32m[AndroidUiautomator2Driver@fb3b (5cabbd15)]&amp#27;[0m Responding to client with driver.click() result: null
&amp#27;[38;5;0m[HTTP]&amp#27;[0m &amp#27;[37m<-- POST /session/5cabbd15-7e20-42e4-8d48-d95ee721e291/element/00000000-0000-05c7-ffff-ffff00000026/click &amp#27;[39m&amp#27;[32m200&amp#27;[39m &amp#27;[90m55 ms - 14&amp#27;[39m
&amp#27;[38;5;0m[HTTP]&amp#27;[0m &amp#27;[90m&amp#27;[39m
&amp#27;[38;5;0m[HTTP]&amp#27;[0m &amp#27;[37m-->&amp#27;[39m &amp#27;[37mGET&amp#27;[39m &amp#27;[37m/session/5cabbd15-7e20-42e4-8d48-d95ee721e291/context&amp#27;[39m
&amp#27;[38;5;0m[HTTP]&amp#27;[0m &amp#27;[90m{}&amp#27;[39m
&amp#27;[38;5;32m[AndroidUiautomator2Driver@fb3b (5cabbd15)]&amp#27;[0m Calling AppiumDriver.getCurrentContext() with args: ["5cabbd15-7e20-42e4-8d48-d95ee721e291"]
&amp#27;[38;5;32m[AndroidUiautomator2Driver@fb3b (5cabbd15)]&amp#27;[0m Responding to client with driver.getCurrentContext() result: "NATIVE_APP"
&amp#27;[38;5;0m[HTTP]&amp#27;[0m &amp#27;[37m<-- GET /session/5cabbd15-7e20-42e4-8d48-d95ee721e291/context &amp#27;[39m&amp#27;[32m200&amp#27;[39m &amp#27;[90m1 ms - 22&amp#27;[39m
&amp#27;[38;5;0m[HTTP]&amp#27;[0m &amp#27;[90m&amp#27;[39m
&amp#27;[38;5;0m[HTTP]&amp#27;[0m &amp#27;[37m-->&amp#27;[39m &amp#27;[37mPOST&amp#27;[39m &amp#27;[37m/session/5cabbd15-7e20-42e4-8d48-d95ee721e291/element&amp#27;[39m
&amp#27;[38;5;0m[HTTP]&amp#27;[0m &amp#27;[90m{"using":"accessibility id","value":"priceAsc"}&amp#27;[39m
&amp#27;[38;5;32m[AndroidUiautomator2Driver@fb3b (5cabbd15)]&amp#27;[0m Calling AppiumDriver.findElement() with args: ["accessibility id","priceAsc","5cabbd15-7e20-42e4-8d48-d95ee721e291"]
&amp#27;[38;5;32m[AndroidUiautomator2Driver@fb3b (5cabbd15)]&amp#27;[0m Valid locator strategies for this request: xpath, id, class name, accessibility id, css selector, -android uiautomator
&amp#27;[38;5;32m[AndroidUiautomator2Driver@fb3b (5cabbd15)]&amp#27;[0m Waiting up to 10000 ms for condition
&amp#27;[38;5;32m[AndroidUiautomator2Driver@fb3b (5cabbd15)]&amp#27;[0m Matched '/element' to command name 'findElement'
&amp#27;[38;5;32m[AndroidUiautomator2Driver@fb3b (5cabbd15)]&amp#27;[0m Proxying [POST /element] to [POST http://127.0.0.1:8201/session/dc1a88ef-730b-4fe2-afab-0087ad1f4d72/element] with body: {"strategy":"accessibility id","selector":"priceAsc","context":"","multiple":false}
&amp#27;[38;5;32m[AndroidUiautomator2Driver@fb3b (5cabbd15)]&amp#27;[0m Got response with status 200: {"sessionId":"dc1a88ef-730b-4fe2-afab-0087ad1f4d72","value":{"ELEMENT":"00000000-0000-05cb-ffff-ffff00000170","element-6066-11e4-a52e-4f735466cecf":"00000000-0000-05cb-ffff-ffff00000170"}}
&amp#27;[38;5;32m[AndroidUiautomator2Driver@fb3b (5cabbd15)]&amp#27;[0m Responding to client with driver.findElement() result: {"element-6066-11e4-a52e-4f735466cecf":"00000000-0000-05cb-ffff-ffff00000170","ELEMENT":"00000000-0000-05cb-ffff-ffff00000170"}
&amp#27;[38;5;0m[HTTP]&amp#27;[0m &amp#27;[37m<-- POST /session/5cabbd15-7e20-42e4-8d48-d95ee721e291/element &amp#27;[39m&amp#27;[32m200&amp#27;[39m &amp#27;[90m806 ms - 137&amp#27;[39m
&amp#27;[38;5;0m[HTTP]&amp#27;[0m &amp#27;[90m&amp#27;[39m
&amp#27;[38;5;0m[HTTP]&amp#27;[0m &amp#27;[37m-->&amp#27;[39m &amp#27;[37mPOST&amp#27;[39m &amp#27;[37m/session/5cabbd15-7e20-42e4-8d48-d95ee721e291/element/00000000-0000-05cb-ffff-ffff00000170/element&amp#27;[39m
&amp#27;[38;5;0m[HTTP]&amp#27;[0m &amp#27;[90m{"id":"00000000-0000-05cb-ffff-ffff00000170","using":"accessibility id","value":"active option"}&amp#27;[39m
&amp#27;[38;5;32m[AndroidUiautomator2Driver@fb3b (5cabbd15)]&amp#27;[0m Calling AppiumDriver.findElementFromElement() with args: ["accessibility id","active option","00000000-0000-05cb-ffff-ffff00000170","5cabbd15-7e20-42e4-8d48-d95ee721e291"]
&amp#27;[38;5;32m[AndroidUiautomator2Driver@fb3b (5cabbd15)]&amp#27;[0m Valid locator strategies for this request: xpath, id, class name, accessibility id, css selector, -android uiautomator
&amp#27;[38;5;32m[AndroidUiautomator2Driver@fb3b (5cabbd15)]&amp#27;[0m Waiting up to 10000 ms for condition
&amp#27;[38;5;32m[AndroidUiautomator2Driver@fb3b (5cabbd15)]&amp#27;[0m Matched '/element' to command name 'findElement'
&amp#27;[38;5;32m[AndroidUiautomator2Driver@fb3b (5cabbd15)]&amp#27;[0m Proxying [POST /element] to [POST http://127.0.0.1:8201/session/dc1a88ef-730b-4fe2-afab-0087ad1f4d72/element] with body: {"strategy":"accessibility id","selector":"active option","context":"00000000-0000-05cb-ffff-ffff00000170","multiple":false}
&amp#27;[38;5;32m[AndroidUiautomator2Driver@fb3b (5cabbd15)]&amp#27;[0m Got response with status 200: {"sessionId":"dc1a88ef-730b-4fe2-afab-0087ad1f4d72","value":{"ELEMENT":"00000000-0000-05cb-ffff-ffff00000171","element-6066-11e4-a52e-4f735466cecf":"00000000-0000-05cb-ffff-ffff00000171"}}
&amp#27;[38;5;32m[AndroidUiautomator2Driver@fb3b (5cabbd15)]&amp#27;[0m Responding to client with driver.findElementFromElement() result: {"element-6066-11e4-a52e-4f735466cecf":"00000000-0000-05cb-ffff-ffff00000171","ELEMENT":"00000000-0000-05cb-ffff-ffff00000171"}
&amp#27;[38;5;0m[HTTP]&amp#27;[0m &amp#27;[37m<-- POST /session/5cabbd15-7e20-42e4-8d48-d95ee721e291/element/00000000-0000-05cb-ffff-ffff00000170/element &amp#27;[39m&amp#27;[32m200&amp#27;[39m &amp#27;[90m58 ms - 137&amp#27;[39m
&amp#27;[38;5;0m[HTTP]&amp#27;[0m &amp#27;[90m&amp#27;[39m
&amp#27;[38;5;0m[HTTP]&amp#27;[0m &amp#27;[37m-->&amp#27;[39m &amp#27;[37mGET&amp#27;[39m &amp#27;[37m/session/5cabbd15-7e20-42e4-8d48-d95ee721e291/context&amp#27;[39m
&amp#27;[38;5;0m[HTTP]&amp#27;[0m &amp#27;[90m{}&amp#27;[39m
&amp#27;[38;5;32m[AndroidUiautomator2Driver@fb3b (5cabbd15)]&amp#27;[0m Calling AppiumDriver.getCurrentContext() with args: ["5cabbd15-7e20-42e4-8d48-d95ee721e291"]
&amp#27;[38;5;32m[AndroidUiautomator2Driver@fb3b (5cabbd15)]&amp#27;[0m Responding to client with driver.getCurrentContext() result: "NATIVE_APP"
&amp#27;[38;5;0m[HTTP]&amp#27;[0m &amp#27;[37m<-- GET /session/5cabbd15-7e20-42e4-8d48-d95ee721e291/context &amp#27;[39m&amp#27;[32m200&amp#27;[39m &amp#27;[90m1 ms - 22&amp#27;[39m
&amp#27;[38;5;0m[HTTP]&amp#27;[0m &amp#27;[90m&amp#27;[39m
&amp#27;[38;5;0m[HTTP]&amp#27;[0m &amp#27;[37m-->&amp#27;[39m &amp#27;[37mPOST&amp#27;[39m &amp#27;[37m/session/5cabbd15-7e20-42e4-8d48-d95ee721e291/element&amp#27;[39m
&amp#27;[38;5;0m[HTTP]&amp#27;[0m &amp#27;[90m{"using":"accessibility id","value":"priceAsc"}&amp#27;[39m
&amp#27;[38;5;32m[AndroidUiautomator2Driver@fb3b (5cabbd15)]&amp#27;[0m Calling AppiumDriver.findElement() with args: ["accessibility id","priceAsc","5cabbd15-7e20-42e4-8d48-d95ee721e291"]
&amp#27;[38;5;32m[AndroidUiautomator2Driver@fb3b (5cabbd15)]&amp#27;[0m Valid locator strategies for this request: xpath, id, class name, accessibility id, css selector, -android uiautomator
&amp#27;[38;5;32m[AndroidUiautomator2Driver@fb3b (5cabbd15)]&amp#27;[0m Waiting up to 10000 ms for condition
&amp#27;[38;5;32m[AndroidUiautomator2Driver@fb3b (5cabbd15)]&amp#27;[0m Matched '/element' to command name 'findElement'
&amp#27;[38;5;32m[AndroidUiautomator2Driver@fb3b (5cabbd15)]&amp#27;[0m Proxying [POST /element] to [POST http://127.0.0.1:8201/session/dc1a88ef-730b-4fe2-afab-0087ad1f4d72/element] with body: {"strategy":"accessibility id","selector":"priceAsc","context":"","multiple":false}
&amp#27;[38;5;32m[AndroidUiautomator2Driver@fb3b (5cabbd15)]&amp#27;[0m Got response with status 200: {"sessionId":"dc1a88ef-730b-4fe2-afab-0087ad1f4d72","value":{"ELEMENT":"00000000-0000-05cb-ffff-ffff00000170","element-6066-11e4-a52e-4f735466cecf":"00000000-0000-05cb-ffff-ffff00000170"}}
&amp#27;[38;5;32m[AndroidUiautomator2Driver@fb3b (5cabbd15)]&amp#27;[0m Responding to client with driver.findElement() result: {"element-6066-11e4-a52e-4f735466cecf":"00000000-0000-05cb-ffff-ffff00000170","ELEMENT":"00000000-0000-05cb-ffff-ffff00000170"}
&amp#27;[38;5;0m[HTTP]&amp#27;[0m &amp#27;[37m<-- POST /session/5cabbd15-7e20-42e4-8d48-d95ee721e291/element &amp#27;[39m&amp#27;[32m200&amp#27;[39m &amp#27;[90m105 ms - 137&amp#27;[39m
&amp#27;[38;5;0m[HTTP]&amp#27;[0m &amp#27;[90m&amp#27;[39m
&amp#27;[38;5;0m[HTTP]&amp#27;[0m &amp#27;[37m-->&amp#27;[39m &amp#27;[37mPOST&amp#27;[39m &amp#27;[37m/session/5cabbd15-7e20-42e4-8d48-d95ee721e291/element/00000000-0000-05cb-ffff-ffff00000170/click&amp#27;[39m
&amp#27;[38;5;0m[HTTP]&amp#27;[0m &amp#27;[90m{"id":"00000000-0000-05cb-ffff-ffff00000170"}&amp#27;[39m
&amp#27;[38;5;32m[AndroidUiautomator2Driver@fb3b (5cabbd15)]&amp#27;[0m Calling AppiumDriver.click() with args: ["00000000-0000-05cb-ffff-ffff00000170","5cabbd15-7e20-42e4-8d48-d95ee721e291"]
&amp#27;[38;5;32m[AndroidUiautomator2Driver@fb3b (5cabbd15)]&amp#27;[0m Matched '/element/00000000-0000-05cb-ffff-ffff00000170/click' to command name 'click'
&amp#27;[38;5;32m[AndroidUiautomator2Driver@fb3b (5cabbd15)]&amp#27;[0m Proxying [POST /element/00000000-0000-05cb-ffff-ffff00000170/click] to [POST http://127.0.0.1:8201/session/dc1a88ef-730b-4fe2-afab-0087ad1f4d72/element/00000000-0000-05cb-ffff-ffff00000170/click] with body: {"element":"00000000-0000-05cb-ffff-ffff00000170"}
&amp#27;[38;5;32m[AndroidUiautomator2Driver@fb3b (5cabbd15)]&amp#27;[0m Got response with status 200: {"sessionId":"dc1a88ef-730b-4fe2-afab-0087ad1f4d72","value":null}
&amp#27;[38;5;32m[AndroidUiautomator2Driver@fb3b (5cabbd15)]&amp#27;[0m Responding to client with driver.click() result: null
&amp#27;[38;5;0m[HTTP]&amp#27;[0m &amp#27;[37m<-- POST /session/5cabbd15-7e20-42e4-8d48-d95ee721e291/element/00000000-0000-05cb-ffff-ffff00000170/click &amp#27;[39m&amp#27;[32m200&amp#27;[39m &amp#27;[90m73 ms - 14&amp#27;[39m
&amp#27;[38;5;0m[HTTP]&amp#27;[0m &amp#27;[90m&amp#27;[39m
&amp#27;[38;5;0m[HTTP]&amp#27;[0m &amp#27;[37m-->&amp#27;[39m &amp#27;[37mGET&amp#27;[39m &amp#27;[37m/session/5cabbd15-7e20-42e4-8d48-d95ee721e291/context&amp#27;[39m
&amp#27;[38;5;0m[HTTP]&amp#27;[0m &amp#27;[90m{}&amp#27;[39m
&amp#27;[38;5;32m[AndroidUiautomator2Driver@fb3b (5cabbd15)]&amp#27;[0m Calling AppiumDriver.getCurrentContext() with args: ["5cabbd15-7e20-42e4-8d48-d95ee721e291"]
&amp#27;[38;5;32m[AndroidUiautomator2Driver@fb3b (5cabbd15)]&amp#27;[0m Responding to client with driver.getCurrentContext() result: "NATIVE_APP"
&amp#27;[38;5;0m[HTTP]&amp#27;[0m &amp#27;[37m<-- GET /session/5cabbd15-7e20-42e4-8d48-d95ee721e291/context &amp#27;[39m&amp#27;[32m200&amp#27;[39m &amp#27;[90m1 ms - 22&amp#27;[39m
&amp#27;[38;5;0m[HTTP]&amp#27;[0m &amp#27;[90m&amp#27;[39m
&amp#27;[38;5;0m[HTTP]&amp#27;[0m &amp#27;[37m-->&amp#27;[39m &amp#27;[37mPOST&amp#27;[39m &amp#27;[37m/session/5cabbd15-7e20-42e4-8d48-d95ee721e291/elements&amp#27;[39m
&amp#27;[38;5;0m[HTTP]&amp#27;[0m &amp#27;[90m{"using":"xpath","value":"//android.view.ViewGroup[@content-desc='store item']"}&amp#27;[39m
&amp#27;[38;5;32m[AndroidUiautomator2Driver@fb3b (5cabbd15)]&amp#27;[0m Calling AppiumDriver.findElements() with args: ["xpath","//android.view.ViewGroup[@content-desc='store item']","5cabbd15-7e20-42e4-8d48-d95ee721e291"]
&amp#27;[38;5;32m[AndroidUiautomator2Driver@fb3b (5cabbd15)]&amp#27;[0m Valid locator strategies for this request: xpath, id, class name, accessibility id, css selector, -android uiautomator
&amp#27;[38;5;32m[AndroidUiautomator2Driver@fb3b (5cabbd15)]&amp#27;[0m Waiting up to 10000 ms for condition
&amp#27;[38;5;32m[AndroidUiautomator2Driver@fb3b (5cabbd15)]&amp#27;[0m Matched '/elements' to command name 'findElements'
&amp#27;[38;5;32m[AndroidUiautomator2Driver@fb3b (5cabbd15)]&amp#27;[0m Proxying [POST /elements] to [POST http://127.0.0.1:8201/session/dc1a88ef-730b-4fe2-afab-0087ad1f4d72/elements] with body: {"strategy":"xpath","selector":"//android.view.ViewGroup[@content-desc='store item']","context":"","multiple":true}
&amp#27;[38;5;32m[AndroidUiautomator2Driver@fb3b (5cabbd15)]&amp#27;[0m Got response with status 200: {"sessionId":"dc1a88ef-730b-4fe2-afab-0087ad1f4d72","value":[]}
&amp#27;[38;5;32m[AndroidUiautomator2Driver@fb3b (5cabbd15)]&amp#27;[0m Waited for 190 ms so far
&amp#27;[38;5;32m[AndroidUiautomator2Driver@fb3b (5cabbd15)]&amp#27;[0m Matched '/elements' to command name 'findElements'
&amp#27;[38;5;32m[AndroidUiautomator2Driver@fb3b (5cabbd15)]&amp#27;[0m Proxying [POST /elements] to [POST http://127.0.0.1:8201/session/dc1a88ef-730b-4fe2-afab-0087ad1f4d72/elements] with body: {"strategy":"xpath","selector":"//android.view.ViewGroup[@content-desc='store item']","context":"","multiple":true}
&amp#27;[38;5;32m[AndroidUiautomator2Driver@fb3b (5cabbd15)]&amp#27;[0m Got response with status 200: {"sessionId":"dc1a88ef-730b-4fe2-afab-0087ad1f4d72","value":[{"ELEMENT":"00000000-0000-05c7-ffff-ffff00000102","element-6066-11e4-a52e-4f735466cecf":"00000000-0000-05c7-ffff-ffff00000102"},{"ELEMENT":"00000000-0000-05c7-ffff-ffff00000111","element-6066-11e4-a52e-4f735466cecf":"00000000-0000-05c7-ffff-ffff00000111"},{"ELEMENT":"00000000-0000-05c7-ffff-ffff00000121","element-6066-11e4-a52e-4f735466cecf":"00000000-0000-05c7-ffff-ffff00000121"},{"ELEMENT":"00000000-0000-05c7-ffff-ffff00000130","element-6066-11e4-a52e-4f735466cecf":"00000000-0000-05c7-ffff-ffff00000130"},{"ELEMENT":"00000000-0000-05c7-ffff-ffff00000140","element-6066-11e4-a52e-4f735466cecf":"00000000-0000-05c7-ffff-ffff00000140"},{"ELEMENT":"00000000-0000-05c7-ffff-ffff0000014f","element-6066-11e4-a52e-4f735466cecf":"00000000-0000-05c7-ffff-ffff0000014f"}]}
&amp#27;[38;5;32m[AndroidUiautomator2Driver@fb3b (5cabbd15)]&amp#27;[0m Responding to client with driver.findElements() result: [{"element-6066-11e4-a52e-4f735466cecf":"00000000-0000-05c7-ffff-ffff00000102","ELEMENT":"00000000-0000-05c7-ffff-ffff00000102"},{"element-6066-11e4-a52e-4f735466cecf":"00000000-0000-05c7-ffff-ffff00000111","ELEMENT":"00000000-0000-05c7-ffff-ffff00000111"},{"element-6066-11e4-a52e-4f735466cecf":"00000000-0000-05c7-ffff-ffff00000121","ELEMENT":"00000000-0000-05c7-ffff-ffff00000121"},{"element-6066-11e4-a52e-4f735466cecf":"00000000-0000-05c7-ffff-ffff00000130","ELEMENT":"00000000-0000-05c7-ffff-ffff00000130"},{"element-6066-11e4-a52e-4f735466cecf":"00000000-0000-05c7-ffff-ffff00000140","ELEMENT":"00000000-0000-05c7-ffff-ffff00000140"},{"element-6066-11e4-a52e-4f735466cecf":"00000000-0000-05c7-ffff-ffff0000014f","ELEMENT":"00000000-0000-05c7-ffff-ffff0000014f"}]
&amp#27;[38;5;0m[HTTP]&amp#27;[0m &amp#27;[37m<-- POST /session/5cabbd15-7e20-42e4-8d48-d95ee721e291/elements &amp#27;[39m&amp#27;[32m200&amp#27;[39m &amp#27;[90m1423 ms - 779&amp#27;[39m
&amp#27;[38;5;0m[HTTP]&amp#27;[0m &amp#27;[90m&amp#27;[39m
&amp#27;[38;5;0m[HTTP]&amp#27;[0m &amp#27;[37m-->&amp#27;[39m &amp#27;[37mGET&amp#27;[39m &amp#27;[37m/session/5cabbd15-7e20-42e4-8d48-d95ee721e291/context&amp#27;[39m
&amp#27;[38;5;0m[HTTP]&amp#27;[0m &amp#27;[90m{}&amp#27;[39m
&amp#27;[38;5;32m[AndroidUiautomator2Driver@fb3b (5cabbd15)]&amp#27;[0m Calling AppiumDriver.getCurrentContext() with args: ["5cabbd15-7e20-42e4-8d48-d95ee721e291"]
&amp#27;[38;5;32m[AndroidUiautomator2Driver@fb3b (5cabbd15)]&amp#27;[0m Responding to client with driver.getCurrentContext() result: "NATIVE_APP"
&amp#27;[38;5;0m[HTTP]&amp#27;[0m &amp#27;[37m<-- GET /session/5cabbd15-7e20-42e4-8d48-d95ee721e291/context &amp#27;[39m&amp#27;[32m200&amp#27;[39m &amp#27;[90m1 ms - 22&amp#27;[39m
&amp#27;[38;5;0m[HTTP]&amp#27;[0m &amp#27;[90m&amp#27;[39m
&amp#27;[38;5;0m[HTTP]&amp#27;[0m &amp#27;[37m-->&amp#27;[39m &amp#27;[37mPOST&amp#27;[39m &amp#27;[37m/session/5cabbd15-7e20-42e4-8d48-d95ee721e291/elements&amp#27;[39m
&amp#27;[38;5;0m[HTTP]&amp#27;[0m &amp#27;[90m{"using":"xpath","value":"//android.view.ViewGroup[@content-desc='store item']"}&amp#27;[39m
&amp#27;[38;5;32m[AndroidUiautomator2Driver@fb3b (5cabbd15)]&amp#27;[0m Calling AppiumDriver.findElements() with args: ["xpath","//android.view.ViewGroup[@content-desc='store item']","5cabbd15-7e20-42e4-8d48-d95ee721e291"]
&amp#27;[38;5;32m[AndroidUiautomator2Driver@fb3b (5cabbd15)]&amp#27;[0m Valid locator strategies for this request: xpath, id, class name, accessibility id, css selector, -android uiautomator
&amp#27;[38;5;32m[AndroidUiautomator2Driver@fb3b (5cabbd15)]&amp#27;[0m Waiting up to 10000 ms for condition
&amp#27;[38;5;32m[AndroidUiautomator2Driver@fb3b (5cabbd15)]&amp#27;[0m Matched '/elements' to command name 'findElements'
&amp#27;[38;5;32m[AndroidUiautomator2Driver@fb3b (5cabbd15)]&amp#27;[0m Proxying [POST /elements] to [POST http://127.0.0.1:8201/session/dc1a88ef-730b-4fe2-afab-0087ad1f4d72/elements] with body: {"strategy":"xpath","selector":"//android.view.ViewGroup[@content-desc='store item']","context":"","multiple":true}
&amp#27;[38;5;32m[AndroidUiautomator2Driver@fb3b (5cabbd15)]&amp#27;[0m Got response with status 200: {"sessionId":"dc1a88ef-730b-4fe2-afab-0087ad1f4d72","value":[{"ELEMENT":"00000000-0000-05c7-ffff-ffff00000102","element-6066-11e4-a52e-4f735466cecf":"00000000-0000-05c7-ffff-ffff00000102"},{"ELEMENT":"00000000-0000-05c7-ffff-ffff00000111","element-6066-11e4-a52e-4f735466cecf":"00000000-0000-05c7-ffff-ffff00000111"},{"ELEMENT":"00000000-0000-05c7-ffff-ffff00000121","element-6066-11e4-a52e-4f735466cecf":"00000000-0000-05c7-ffff-ffff00000121"},{"ELEMENT":"00000000-0000-05c7-ffff-ffff00000130","element-6066-11e4-a52e-4f735466cecf":"00000000-0000-05c7-ffff-ffff00000130"},{"ELEMENT":"00000000-0000-05c7-ffff-ffff00000140","element-6066-11e4-a52e-4f735466cecf":"00000000-0000-05c7-ffff-ffff00000140"},{"ELEMENT":"00000000-0000-05c7-ffff-ffff0000014f","element-6066-11e4-a52e-4f735466cecf":"00000000-0000-05c7-ffff-ffff0000014f"}]}
&amp#27;[38;5;32m[AndroidUiautomator2Driver@fb3b (5cabbd15)]&amp#27;[0m Responding to client with driver.findElements() result: [{"element-6066-11e4-a52e-4f735466cecf":"00000000-0000-05c7-ffff-ffff00000102","ELEMENT":"00000000-0000-05c7-ffff-ffff00000102"},{"element-6066-11e4-a52e-4f735466cecf":"00000000-0000-05c7-ffff-ffff00000111","ELEMENT":"00000000-0000-05c7-ffff-ffff00000111"},{"element-6066-11e4-a52e-4f735466cecf":"00000000-0000-05c7-ffff-ffff00000121","ELEMENT":"00000000-0000-05c7-ffff-ffff00000121"},{"element-6066-11e4-a52e-4f735466cecf":"00000000-0000-05c7-ffff-ffff00000130","ELEMENT":"00000000-0000-05c7-ffff-ffff00000130"},{"element-6066-11e4-a52e-4f735466cecf":"00000000-0000-05c7-ffff-ffff00000140","ELEMENT":"00000000-0000-05c7-ffff-ffff00000140"},{"element-6066-11e4-a52e-4f735466cecf":"00000000-0000-05c7-ffff-ffff0000014f","ELEMENT":"00000000-0000-05c7-ffff-ffff0000014f"}]
&amp#27;[38;5;0m[HTTP]&amp#27;[0m &amp#27;[37m<-- POST /session/5cabbd15-7e20-42e4-8d48-d95ee721e291/elements &amp#27;[39m&amp#27;[32m200&amp#27;[39m &amp#27;[90m663 ms - 779&amp#27;[39m
&amp#27;[38;5;0m[HTTP]&amp#27;[0m &amp#27;[90m&amp#27;[39m
&amp#27;[38;5;0m[HTTP]&amp#27;[0m &amp#27;[37m-->&amp#27;[39m &amp#27;[37mPOST&amp#27;[39m &amp#27;[37m/session/5cabbd15-7e20-42e4-8d48-d95ee721e291/element/00000000-0000-05c7-ffff-ffff00000102/element&amp#27;[39m
&amp#27;[38;5;0m[HTTP]&amp#27;[0m &amp#27;[90m{"id":"00000000-0000-05c7-ffff-ffff00000102","using":"xpath","value":"//android.widget.TextView[@content-desc='store item price']"}&amp#27;[39m
&amp#27;[38;5;32m[AndroidUiautomator2Driver@fb3b (5cabbd15)]&amp#27;[0m Calling AppiumDriver.findElementFromElement() with args: ["xpath","//android.widget.TextView[@content-desc='store item price']","00000000-0000-05c7-ffff-ffff00000102","5cabbd15-7e20-42e4-8d48-d95ee721e291"]
&amp#27;[38;5;32m[AndroidUiautomator2Driver@fb3b (5cabbd15)]&amp#27;[0m Valid locator strategies for this request: xpath, id, class name, accessibility id, css selector, -android uiautomator
&amp#27;[38;5;32m[AndroidUiautomator2Driver@fb3b (5cabbd15)]&amp#27;[0m Waiting up to 10000 ms for condition
&amp#27;[38;5;32m[AndroidUiautomator2Driver@fb3b (5cabbd15)]&amp#27;[0m Matched '/element' to command name 'findElement'
&amp#27;[38;5;32m[AndroidUiautomator2Driver@fb3b (5cabbd15)]&amp#27;[0m Proxying [POST /element] to [POST http://127.0.0.1:8201/session/dc1a88ef-730b-4fe2-afab-0087ad1f4d72/element] with body: {"strategy":"xpath","selector":"//android.widget.TextView[@content-desc='store item price']","context":"00000000-0000-05c7-ffff-ffff00000102","multiple":false}
&amp#27;[38;5;32m[AndroidUiautomator2Driver@fb3b (5cabbd15)]&amp#27;[0m Got response with status 200: {"sessionId":"dc1a88ef-730b-4fe2-afab-0087ad1f4d72","value":{"ELEMENT":"00000000-0000-05c7-ffff-ffff00000106","element-6066-11e4-a52e-4f735466cecf":"00000000-0000-05c7-ffff-ffff00000106"}}
&amp#27;[38;5;32m[AndroidUiautomator2Driver@fb3b (5cabbd15)]&amp#27;[0m Responding to client with driver.findElementFromElement() result: {"element-6066-11e4-a52e-4f735466cecf":"00000000-0000-05c7-ffff-ffff00000106","ELEMENT":"00000000-0000-05c7-ffff-ffff00000106"}
&amp#27;[38;5;0m[HTTP]&amp#27;[0m &amp#27;[37m<-- POST /session/5cabbd15-7e20-42e4-8d48-d95ee721e291/element/00000000-0000-05c7-ffff-ffff00000102/element &amp#27;[39m&amp#27;[32m200&amp#27;[39m &amp#27;[90m85 ms - 137&amp#27;[39m
&amp#27;[38;5;0m[HTTP]&amp#27;[0m &amp#27;[90m&amp#27;[39m
&amp#27;[38;5;0m[HTTP]&amp#27;[0m &amp#27;[37m-->&amp#27;[39m &amp#27;[37mGET&amp#27;[39m &amp#27;[37m/session/5cabbd15-7e20-42e4-8d48-d95ee721e291/element/00000000-0000-05c7-ffff-ffff00000106/text&amp#27;[39m
&amp#27;[38;5;0m[HTTP]&amp#27;[0m &amp#27;[90m{}&amp#27;[39m
&amp#27;[38;5;32m[AndroidUiautomator2Driver@fb3b (5cabbd15)]&amp#27;[0m Driver proxy active, passing request on via HTTP proxy
&amp#27;[38;5;32m[AndroidUiautomator2Driver@fb3b (5cabbd15)]&amp#27;[0m Matched '/session/5cabbd15-7e20-42e4-8d48-d95ee721e291/element/00000000-0000-05c7-ffff-ffff00000106/text' to command name 'getText'
&amp#27;[38;5;32m[AndroidUiautomator2Driver@fb3b (5cabbd15)]&amp#27;[0m Proxying [GET /session/5cabbd15-7e20-42e4-8d48-d95ee721e291/element/00000000-0000-05c7-ffff-ffff00000106/text] to [GET http://127.0.0.1:8201/session/dc1a88ef-730b-4fe2-afab-0087ad1f4d72/element/00000000-0000-05c7-ffff-ffff00000106/text] with no body
&amp#27;[38;5;32m[AndroidUiautomator2Driver@fb3b (5cabbd15)]&amp#27;[0m Got response with status 200: {"sessionId":"dc1a88ef-730b-4fe2-afab-0087ad1f4d72","value":"$7.99"}
&amp#27;[38;5;32m[AndroidUiautomator2Driver@fb3b (5cabbd15)]&amp#27;[0m Replacing sessionId dc1a88ef-730b-4fe2-afab-0087ad1f4d72 with 5cabbd15-7e20-42e4-8d48-d95ee721e291
&amp#27;[38;5;0m[HTTP]&amp#27;[0m &amp#27;[37m<-- GET /session/5cabbd15-7e20-42e4-8d48-d95ee721e291/element/00000000-0000-05c7-ffff-ffff00000106/text &amp#27;[39m&amp#27;[32m200&amp#27;[39m &amp#27;[90m22 ms - 68&amp#27;[39m
&amp#27;[38;5;0m[HTTP]&amp#27;[0m &amp#27;[90m&amp#27;[39m
&amp#27;[38;5;0m[HTTP]&amp#27;[0m &amp#27;[37m-->&amp#27;[39m &amp#27;[37mGET&amp#27;[39m &amp#27;[37m/session/5cabbd15-7e20-42e4-8d48-d95ee721e291/context&amp#27;[39m
&amp#27;[38;5;0m[HTTP]&amp#27;[0m &amp#27;[90m{}&amp#27;[39m
&amp#27;[38;5;32m[AndroidUiautomator2Driver@fb3b (5cabbd15)]&amp#27;[0m Calling AppiumDriver.getCurrentContext() with args: ["5cabbd15-7e20-42e4-8d48-d95ee721e291"]
&amp#27;[38;5;32m[AndroidUiautomator2Driver@fb3b (5cabbd15)]&amp#27;[0m Responding to client with driver.getCurrentContext() result: "NATIVE_APP"
&amp#27;[38;5;0m[HTTP]&amp#27;[0m &amp#27;[37m<-- GET /session/5cabbd15-7e20-42e4-8d48-d95ee721e291/context &amp#27;[39m&amp#27;[32m200&amp#27;[39m &amp#27;[90m1 ms - 22&amp#27;[39m
&amp#27;[38;5;0m[HTTP]&amp#27;[0m &amp#27;[90m&amp#27;[39m
&amp#27;[38;5;0m[HTTP]&amp#27;[0m &amp#27;[37m-->&amp#27;[39m &amp#27;[37mPOST&amp#27;[39m &amp#27;[37m/session/5cabbd15-7e20-42e4-8d48-d95ee721e291/elements&amp#27;[39m
&amp#27;[38;5;0m[HTTP]&amp#27;[0m &amp#27;[90m{"using":"xpath","value":"//android.view.ViewGroup[@content-desc='store item']"}&amp#27;[39m
&amp#27;[38;5;32m[AndroidUiautomator2Driver@fb3b (5cabbd15)]&amp#27;[0m Calling AppiumDriver.findElements() with args: ["xpath","//android.view.ViewGroup[@content-desc='store item']","5cabbd15-7e20-42e4-8d48-d95ee721e291"]
&amp#27;[38;5;32m[AndroidUiautomator2Driver@fb3b (5cabbd15)]&amp#27;[0m Valid locator strategies for this request: xpath, id, class name, accessibility id, css selector, -android uiautomator
&amp#27;[38;5;32m[AndroidUiautomator2Driver@fb3b (5cabbd15)]&amp#27;[0m Waiting up to 10000 ms for condition
&amp#27;[38;5;32m[AndroidUiautomator2Driver@fb3b (5cabbd15)]&amp#27;[0m Matched '/elements' to command name 'findElements'
&amp#27;[38;5;32m[AndroidUiautomator2Driver@fb3b (5cabbd15)]&amp#27;[0m Proxying [POST /elements] to [POST http://127.0.0.1:8201/session/dc1a88ef-730b-4fe2-afab-0087ad1f4d72/elements] with body: {"strategy":"xpath","selector":"//android.view.ViewGroup[@content-desc='store item']","context":"","multiple":true}
&amp#27;[38;5;32m[AndroidUiautomator2Driver@fb3b (5cabbd15)]&amp#27;[0m Got response with status 200: {"sessionId":"dc1a88ef-730b-4fe2-afab-0087ad1f4d72","value":[{"ELEMENT":"00000000-0000-05c7-ffff-ffff00000102","element-6066-11e4-a52e-4f735466cecf":"00000000-0000-05c7-ffff-ffff00000102"},{"ELEMENT":"00000000-0000-05c7-ffff-ffff00000111","element-6066-11e4-a52e-4f735466cecf":"00000000-0000-05c7-ffff-ffff00000111"},{"ELEMENT":"00000000-0000-05c7-ffff-ffff00000121","element-6066-11e4-a52e-4f735466cecf":"00000000-0000-05c7-ffff-ffff00000121"},{"ELEMENT":"00000000-0000-05c7-ffff-ffff00000130","element-6066-11e4-a52e-4f735466cecf":"00000000-0000-05c7-ffff-ffff00000130"},{"ELEMENT":"00000000-0000-05c7-ffff-ffff00000140","element-6066-11e4-a52e-4f735466cecf":"00000000-0000-05c7-ffff-ffff00000140"},{"ELEMENT":"00000000-0000-05c7-ffff-ffff0000014f","element-6066-11e4-a52e-4f735466cecf":"00000000-0000-05c7-ffff-ffff0000014f"}]}
&amp#27;[38;5;32m[AndroidUiautomator2Driver@fb3b (5cabbd15)]&amp#27;[0m Responding to client with driver.findElements() result: [{"element-6066-11e4-a52e-4f735466cecf":"00000000-0000-05c7-ffff-ffff00000102","ELEMENT":"00000000-0000-05c7-ffff-ffff00000102"},{"element-6066-11e4-a52e-4f735466cecf":"00000000-0000-05c7-ffff-ffff00000111","ELEMENT":"00000000-0000-05c7-ffff-ffff00000111"},{"element-6066-11e4-a52e-4f735466cecf":"00000000-0000-05c7-ffff-ffff00000121","ELEMENT":"00000000-0000-05c7-ffff-ffff00000121"},{"element-6066-11e4-a52e-4f735466cecf":"00000000-0000-05c7-ffff-ffff00000130","ELEMENT":"00000000-0000-05c7-ffff-ffff00000130"},{"element-6066-11e4-a52e-4f735466cecf":"00000000-0000-05c7-ffff-ffff00000140","ELEMENT":"00000000-0000-05c7-ffff-ffff00000140"},{"element-6066-11e4-a52e-4f735466cecf":"00000000-0000-05c7-ffff-ffff0000014f","ELEMENT":"00000000-0000-05c7-ffff-ffff0000014f"}]
&amp#27;[38;5;0m[HTTP]&amp#27;[0m &amp#27;[37m<-- POST /session/5cabbd15-7e20-42e4-8d48-d95ee721e291/elements &amp#27;[39m&amp#27;[32m200&amp#27;[39m &amp#27;[90m600 ms - 779&amp#27;[39m
&amp#27;[38;5;0m[HTTP]&amp#27;[0m &amp#27;[90m&amp#27;[39m
&amp#27;[38;5;0m[HTTP]&amp#27;[0m &amp#27;[37m-->&amp#27;[39m &amp#27;[37mGET&amp#27;[39m &amp#27;[37m/session/5cabbd15-7e20-42e4-8d48-d95ee721e291/context&amp#27;[39m
&amp#27;[38;5;0m[HTTP]&amp#27;[0m &amp#27;[90m{}&amp#27;[39m
&amp#27;[38;5;32m[AndroidUiautomator2Driver@fb3b (5cabbd15)]&amp#27;[0m Calling AppiumDriver.getCurrentContext() with args: ["5cabbd15-7e20-42e4-8d48-d95ee721e291"]
&amp#27;[38;5;32m[AndroidUiautomator2Driver@fb3b (5cabbd15)]&amp#27;[0m Responding to client with driver.getCurrentContext() result: "NATIVE_APP"
&amp#27;[38;5;0m[HTTP]&amp#27;[0m &amp#27;[37m<-- GET /session/5cabbd15-7e20-42e4-8d48-d95ee721e291/context &amp#27;[39m&amp#27;[32m200&amp#27;[39m &amp#27;[90m1 ms - 22&amp#27;[39m
&amp#27;[38;5;0m[HTTP]&amp#27;[0m &amp#27;[90m&amp#27;[39m
&amp#27;[38;5;0m[HTTP]&amp#27;[0m &amp#27;[37m-->&amp#27;[39m &amp#27;[37mPOST&amp#27;[39m &amp#27;[37m/session/5cabbd15-7e20-42e4-8d48-d95ee721e291/elements&amp#27;[39m
&amp#27;[38;5;0m[HTTP]&amp#27;[0m &amp#27;[90m{"using":"xpath","value":"//android.view.ViewGroup[@content-desc='store item']"}&amp#27;[39m
&amp#27;[38;5;32m[AndroidUiautomator2Driver@fb3b (5cabbd15)]&amp#27;[0m Calling AppiumDriver.findElements() with args: ["xpath","//android.view.ViewGroup[@content-desc='store item']","5cabbd15-7e20-42e4-8d48-d95ee721e291"]
&amp#27;[38;5;32m[AndroidUiautomator2Driver@fb3b (5cabbd15)]&amp#27;[0m Valid locator strategies for this request: xpath, id, class name, accessibility id, css selector, -android uiautomator
&amp#27;[38;5;32m[AndroidUiautomator2Driver@fb3b (5cabbd15)]&amp#27;[0m Waiting up to 10000 ms for condition
&amp#27;[38;5;32m[AndroidUiautomator2Driver@fb3b (5cabbd15)]&amp#27;[0m Matched '/elements' to command name 'findElements'
&amp#27;[38;5;32m[AndroidUiautomator2Driver@fb3b (5cabbd15)]&amp#27;[0m Proxying [POST /elements] to [POST http://127.0.0.1:8201/session/dc1a88ef-730b-4fe2-afab-0087ad1f4d72/elements] with body: {"strategy":"xpath","selector":"//android.view.ViewGroup[@content-desc='store item']","context":"","multiple":true}
&amp#27;[38;5;32m[AndroidUiautomator2Driver@fb3b (5cabbd15)]&amp#27;[0m Got response with status 200: {"sessionId":"dc1a88ef-730b-4fe2-afab-0087ad1f4d72","value":[{"ELEMENT":"00000000-0000-05c7-ffff-ffff00000102","element-6066-11e4-a52e-4f735466cecf":"00000000-0000-05c7-ffff-ffff00000102"},{"ELEMENT":"00000000-0000-05c7-ffff-ffff00000111","element-6066-11e4-a52e-4f735466cecf":"00000000-0000-05c7-ffff-ffff00000111"},{"ELEMENT":"00000000-0000-05c7-ffff-ffff00000121","element-6066-11e4-a52e-4f735466cecf":"00000000-0000-05c7-ffff-ffff00000121"},{"ELEMENT":"00000000-0000-05c7-ffff-ffff00000130","element-6066-11e4-a52e-4f735466cecf":"00000000-0000-05c7-ffff-ffff00000130"},{"ELEMENT":"00000000-0000-05c7-ffff-ffff00000140","element-6066-11e4-a52e-4f735466cecf":"00000000-0000-05c7-ffff-ffff00000140"},{"ELEMENT":"00000000-0000-05c7-ffff-ffff0000014f","element-6066-11e4-a52e-4f735466cecf":"00000000-0000-05c7-ffff-ffff0000014f"}]}
&amp#27;[38;5;32m[AndroidUiautomator2Driver@fb3b (5cabbd15)]&amp#27;[0m Responding to client with driver.findElements() result: [{"element-6066-11e4-a52e-4f735466cecf":"00000000-0000-05c7-ffff-ffff00000102","ELEMENT":"00000000-0000-05c7-ffff-ffff00000102"},{"element-6066-11e4-a52e-4f735466cecf":"00000000-0000-05c7-ffff-ffff00000111","ELEMENT":"00000000-0000-05c7-ffff-ffff00000111"},{"element-6066-11e4-a52e-4f735466cecf":"00000000-0000-05c7-ffff-ffff00000121","ELEMENT":"00000000-0000-05c7-ffff-ffff00000121"},{"element-6066-11e4-a52e-4f735466cecf":"00000000-0000-05c7-ffff-ffff00000130","ELEMENT":"00000000-0000-05c7-ffff-ffff00000130"},{"element-6066-11e4-a52e-4f735466cecf":"00000000-0000-05c7-ffff-ffff00000140","ELEMENT":"00000000-0000-05c7-ffff-ffff00000140"},{"element-6066-11e4-a52e-4f735466cecf":"00000000-0000-05c7-ffff-ffff0000014f","ELEMENT":"00000000-0000-05c7-ffff-ffff0000014f"}]
&amp#27;[38;5;0m[HTTP]&amp#27;[0m &amp#27;[37m<-- POST /session/5cabbd15-7e20-42e4-8d48-d95ee721e291/elements &amp#27;[39m&amp#27;[32m200&amp#27;[39m &amp#27;[90m1213 ms - 779&amp#27;[39m
&amp#27;[38;5;0m[HTTP]&amp#27;[0m &amp#27;[90m&amp#27;[39m
&amp#27;[38;5;0m[HTTP]&amp#27;[0m &amp#27;[37m-->&amp#27;[39m &amp#27;[37mPOST&amp#27;[39m &amp#27;[37m/session/5cabbd15-7e20-42e4-8d48-d95ee721e291/element/00000000-0000-05c7-ffff-ffff00000111/element&amp#27;[39m
&amp#27;[38;5;0m[HTTP]&amp#27;[0m &amp#27;[90m{"id":"00000000-0000-05c7-ffff-ffff00000111","using":"xpath","value":"//android.widget.TextView[@content-desc='store item price']"}&amp#27;[39m
&amp#27;[38;5;32m[AndroidUiautomator2Driver@fb3b (5cabbd15)]&amp#27;[0m Calling AppiumDriver.findElementFromElement() with args: ["xpath","//android.widget.TextView[@content-desc='store item price']","00000000-0000-05c7-ffff-ffff00000111","5cabbd15-7e20-42e4-8d48-d95ee721e291"]
&amp#27;[38;5;32m[AndroidUiautomator2Driver@fb3b (5cabbd15)]&amp#27;[0m Valid locator strategies for this request: xpath, id, class name, accessibility id, css selector, -android uiautomator
&amp#27;[38;5;32m[AndroidUiautomator2Driver@fb3b (5cabbd15)]&amp#27;[0m Waiting up to 10000 ms for condition
&amp#27;[38;5;32m[AndroidUiautomator2Driver@fb3b (5cabbd15)]&amp#27;[0m Matched '/element' to command name 'findElement'
&amp#27;[38;5;32m[AndroidUiautomator2Driver@fb3b (5cabbd15)]&amp#27;[0m Proxying [POST /element] to [POST http://127.0.0.1:8201/session/dc1a88ef-730b-4fe2-afab-0087ad1f4d72/element] with body: {"strategy":"xpath","selector":"//android.widget.TextView[@content-desc='store item price']","context":"00000000-0000-05c7-ffff-ffff00000111","multiple":false}
&amp#27;[38;5;32m[AndroidUiautomator2Driver@fb3b (5cabbd15)]&amp#27;[0m Got response with status 200: {"sessionId":"dc1a88ef-730b-4fe2-afab-0087ad1f4d72","value":{"ELEMENT":"00000000-0000-05c7-ffff-ffff00000115","element-6066-11e4-a52e-4f735466cecf":"00000000-0000-05c7-ffff-ffff00000115"}}
&amp#27;[38;5;32m[AndroidUiautomator2Driver@fb3b (5cabbd15)]&amp#27;[0m Responding to client with driver.findElementFromElement() result: {"element-6066-11e4-a52e-4f735466cecf":"00000000-0000-05c7-ffff-ffff00000115","ELEMENT":"00000000-0000-05c7-ffff-ffff00000115"}
&amp#27;[38;5;0m[HTTP]&amp#27;[0m &amp#27;[37m<-- POST /session/5cabbd15-7e20-42e4-8d48-d95ee721e291/element/00000000-0000-05c7-ffff-ffff00000111/element &amp#27;[39m&amp#27;[32m200&amp#27;[39m &amp#27;[90m106 ms - 137&amp#27;[39m
&amp#27;[38;5;0m[HTTP]&amp#27;[0m &amp#27;[90m&amp#27;[39m
&amp#27;[38;5;0m[HTTP]&amp#27;[0m &amp#27;[37m-->&amp#27;[39m &amp#27;[37mGET&amp#27;[39m &amp#27;[37m/session/5cabbd15-7e20-42e4-8d48-d95ee721e291/element/00000000-0000-05c7-ffff-ffff00000115/text&amp#27;[39m
&amp#27;[38;5;0m[HTTP]&amp#27;[0m &amp#27;[90m{}&amp#27;[39m
&amp#27;[38;5;32m[AndroidUiautomator2Driver@fb3b (5cabbd15)]&amp#27;[0m Driver proxy active, passing request on via HTTP proxy
&amp#27;[38;5;32m[AndroidUiautomator2Driver@fb3b (5cabbd15)]&amp#27;[0m Matched '/session/5cabbd15-7e20-42e4-8d48-d95ee721e291/element/00000000-0000-05c7-ffff-ffff00000115/text' to command name 'getText'
&amp#27;[38;5;32m[AndroidUiautomator2Driver@fb3b (5cabbd15)]&amp#27;[0m Proxying [GET /session/5cabbd15-7e20-42e4-8d48-d95ee721e291/element/00000000-0000-05c7-ffff-ffff00000115/text] to [GET http://127.0.0.1:8201/session/dc1a88ef-730b-4fe2-afab-0087ad1f4d72/element/00000000-0000-05c7-ffff-ffff00000115/text] with no body
&amp#27;[38;5;32m[AndroidUiautomator2Driver@fb3b (5cabbd15)]&amp#27;[0m Got response with status 200: {"sessionId":"dc1a88ef-730b-4fe2-afab-0087ad1f4d72","value":"$9.99"}
&amp#27;[38;5;32m[AndroidUiautomator2Driver@fb3b (5cabbd15)]&amp#27;[0m Replacing sessionId dc1a88ef-730b-4fe2-afab-0087ad1f4d72 with 5cabbd15-7e20-42e4-8d48-d95ee721e291
&amp#27;[38;5;0m[HTTP]&amp#27;[0m &amp#27;[37m<-- GET /session/5cabbd15-7e20-42e4-8d48-d95ee721e291/element/00000000-0000-05c7-ffff-ffff00000115/text &amp#27;[39m&amp#27;[32m200&amp#27;[39m &amp#27;[90m25 ms - 68&amp#27;[39m
&amp#27;[38;5;0m[HTTP]&amp#27;[0m &amp#27;[90m&amp#27;[39m
&amp#27;[38;5;0m[HTTP]&amp#27;[0m &amp#27;[37m-->&amp#27;[39m &amp#27;[37mGET&amp#27;[39m &amp#27;[37m/session/5cabbd15-7e20-42e4-8d48-d95ee721e291/context&amp#27;[39m
&amp#27;[38;5;0m[HTTP]&amp#27;[0m &amp#27;[90m{}&amp#27;[39m
&amp#27;[38;5;32m[AndroidUiautomator2Driver@fb3b (5cabbd15)]&amp#27;[0m Calling AppiumDriver.getCurrentContext() with args: ["5cabbd15-7e20-42e4-8d48-d95ee721e291"]
&amp#27;[38;5;32m[AndroidUiautomator2Driver@fb3b (5cabbd15)]&amp#27;[0m Responding to client with driver.getCurrentContext() result: "NATIVE_APP"
&amp#27;[38;5;0m[HTTP]&amp#27;[0m &amp#27;[37m<-- GET /session/5cabbd15-7e20-42e4-8d48-d95ee721e291/context &amp#27;[39m&amp#27;[32m200&amp#27;[39m &amp#27;[90m1 ms - 22&amp#27;[39m
&amp#27;[38;5;0m[HTTP]&amp#27;[0m &amp#27;[90m&amp#27;[39m
&amp#27;[38;5;0m[HTTP]&amp#27;[0m &amp#27;[37m-->&amp#27;[39m &amp#27;[37mPOST&amp#27;[39m &amp#27;[37m/session/5cabbd15-7e20-42e4-8d48-d95ee721e291/elements&amp#27;[39m
&amp#27;[38;5;0m[HTTP]&amp#27;[0m &amp#27;[90m{"using":"xpath","value":"//android.view.ViewGroup[@content-desc='store item']"}&amp#27;[39m
&amp#27;[38;5;32m[AndroidUiautomator2Driver@fb3b (5cabbd15)]&amp#27;[0m Calling AppiumDriver.findElements() with args: ["xpath","//android.view.ViewGroup[@content-desc='store item']","5cabbd15-7e20-42e4-8d48-d95ee721e291"]
&amp#27;[38;5;32m[AndroidUiautomator2Driver@fb3b (5cabbd15)]&amp#27;[0m Valid locator strategies for this request: xpath, id, class name, accessibility id, css selector, -android uiautomator
&amp#27;[38;5;32m[AndroidUiautomator2Driver@fb3b (5cabbd15)]&amp#27;[0m Waiting up to 10000 ms for condition
&amp#27;[38;5;32m[AndroidUiautomator2Driver@fb3b (5cabbd15)]&amp#27;[0m Matched '/elements' to command name 'findElements'
&amp#27;[38;5;32m[AndroidUiautomator2Driver@fb3b (5cabbd15)]&amp#27;[0m Proxying [POST /elements] to [POST http://127.0.0.1:8201/session/dc1a88ef-730b-4fe2-afab-0087ad1f4d72/elements] with body: {"strategy":"xpath","selector":"//android.view.ViewGroup[@content-desc='store item']","context":"","multiple":true}
&amp#27;[38;5;32m[AndroidUiautomator2Driver@fb3b (5cabbd15)]&amp#27;[0m Got response with status 200: {"sessionId":"dc1a88ef-730b-4fe2-afab-0087ad1f4d72","value":[{"ELEMENT":"00000000-0000-05c7-ffff-ffff00000102","element-6066-11e4-a52e-4f735466cecf":"00000000-0000-05c7-ffff-ffff00000102"},{"ELEMENT":"00000000-0000-05c7-ffff-ffff00000111","element-6066-11e4-a52e-4f735466cecf":"00000000-0000-05c7-ffff-ffff00000111"},{"ELEMENT":"00000000-0000-05c7-ffff-ffff00000121","element-6066-11e4-a52e-4f735466cecf":"00000000-0000-05c7-ffff-ffff00000121"},{"ELEMENT":"00000000-0000-05c7-ffff-ffff00000130","element-6066-11e4-a52e-4f735466cecf":"00000000-0000-05c7-ffff-ffff00000130"},{"ELEMENT":"00000000-0000-05c7-ffff-ffff00000140","element-6066-11e4-a52e-4f735466cecf":"00000000-0000-05c7-ffff-ffff00000140"},{"ELEMENT":"00000000-0000-05c7-ffff-ffff0000014f","element-6066-11e4-a52e-4f735466cecf":"00000000-0000-05c7-ffff-ffff0000014f"}]}
&amp#27;[38;5;32m[AndroidUiautomator2Driver@fb3b (5cabbd15)]&amp#27;[0m Responding to client with driver.findElements() result: [{"element-6066-11e4-a52e-4f735466cecf":"00000000-0000-05c7-ffff-ffff00000102","ELEMENT":"00000000-0000-05c7-ffff-ffff00000102"},{"element-6066-11e4-a52e-4f735466cecf":"00000000-0000-05c7-ffff-ffff00000111","ELEMENT":"00000000-0000-05c7-ffff-ffff00000111"},{"element-6066-11e4-a52e-4f735466cecf":"00000000-0000-05c7-ffff-ffff00000121","ELEMENT":"00000000-0000-05c7-ffff-ffff00000121"},{"element-6066-11e4-a52e-4f735466cecf":"00000000-0000-05c7-ffff-ffff00000130","ELEMENT":"00000000-0000-05c7-ffff-ffff00000130"},{"element-6066-11e4-a52e-4f735466cecf":"00000000-0000-05c7-ffff-ffff00000140","ELEMENT":"00000000-0000-05c7-ffff-ffff00000140"},{"element-6066-11e4-a52e-4f735466cecf":"00000000-0000-05c7-ffff-ffff0000014f","ELEMENT":"00000000-0000-05c7-ffff-ffff0000014f"}]
&amp#27;[38;5;0m[HTTP]&amp#27;[0m &amp#27;[37m<-- POST /session/5cabbd15-7e20-42e4-8d48-d95ee721e291/elements &amp#27;[39m&amp#27;[32m200&amp#27;[39m &amp#27;[90m752 ms - 779&amp#27;[39m
&amp#27;[38;5;0m[HTTP]&amp#27;[0m &amp#27;[90m&amp#27;[39m
&amp#27;[38;5;0m[HTTP]&amp#27;[0m &amp#27;[37m-->&amp#27;[39m &amp#27;[37mGET&amp#27;[39m &amp#27;[37m/session/5cabbd15-7e20-42e4-8d48-d95ee721e291/context&amp#27;[39m
&amp#27;[38;5;0m[HTTP]&amp#27;[0m &amp#27;[90m{}&amp#27;[39m
&amp#27;[38;5;32m[AndroidUiautomator2Driver@fb3b (5cabbd15)]&amp#27;[0m Calling AppiumDriver.getCurrentContext() with args: ["5cabbd15-7e20-42e4-8d48-d95ee721e291"]
&amp#27;[38;5;32m[AndroidUiautomator2Driver@fb3b (5cabbd15)]&amp#27;[0m Responding to client with driver.getCurrentContext() result: "NATIVE_APP"
&amp#27;[38;5;0m[HTTP]&amp#27;[0m &amp#27;[37m<-- GET /session/5cabbd15-7e20-42e4-8d48-d95ee721e291/context &amp#27;[39m&amp#27;[32m200&amp#27;[39m &amp#27;[90m1 ms - 22&amp#27;[39m
&amp#27;[38;5;0m[HTTP]&amp#27;[0m &amp#27;[90m&amp#27;[39m
&amp#27;[38;5;0m[HTTP]&amp#27;[0m &amp#27;[37m-->&amp#27;[39m &amp#27;[37mPOST&amp#27;[39m &amp#27;[37m/session/5cabbd15-7e20-42e4-8d48-d95ee721e291/elements&amp#27;[39m
&amp#27;[38;5;0m[HTTP]&amp#27;[0m &amp#27;[90m{"using":"xpath","value":"//android.view.ViewGroup[@content-desc='store item']"}&amp#27;[39m
&amp#27;[38;5;32m[AndroidUiautomator2Driver@fb3b (5cabbd15)]&amp#27;[0m Calling AppiumDriver.findElements() with args: ["xpath","//android.view.ViewGroup[@content-desc='store item']","5cabbd15-7e20-42e4-8d48-d95ee721e291"]
&amp#27;[38;5;32m[AndroidUiautomator2Driver@fb3b (5cabbd15)]&amp#27;[0m Valid locator strategies for this request: xpath, id, class name, accessibility id, css selector, -android uiautomator
&amp#27;[38;5;32m[AndroidUiautomator2Driver@fb3b (5cabbd15)]&amp#27;[0m Waiting up to 10000 ms for condition
&amp#27;[38;5;32m[AndroidUiautomator2Driver@fb3b (5cabbd15)]&amp#27;[0m Matched '/elements' to command name 'findElements'
&amp#27;[38;5;32m[AndroidUiautomator2Driver@fb3b (5cabbd15)]&amp#27;[0m Proxying [POST /elements] to [POST http://127.0.0.1:8201/session/dc1a88ef-730b-4fe2-afab-0087ad1f4d72/elements] with body: {"strategy":"xpath","selector":"//android.view.ViewGroup[@content-desc='store item']","context":"","multiple":true}
&amp#27;[38;5;32m[AndroidUiautomator2Driver@fb3b (5cabbd15)]&amp#27;[0m Got response with status 200: {"sessionId":"dc1a88ef-730b-4fe2-afab-0087ad1f4d72","value":[{"ELEMENT":"00000000-0000-05c7-ffff-ffff00000102","element-6066-11e4-a52e-4f735466cecf":"00000000-0000-05c7-ffff-ffff00000102"},{"ELEMENT":"00000000-0000-05c7-ffff-ffff00000111","element-6066-11e4-a52e-4f735466cecf":"00000000-0000-05c7-ffff-ffff00000111"},{"ELEMENT":"00000000-0000-05c7-ffff-ffff00000121","element-6066-11e4-a52e-4f735466cecf":"00000000-0000-05c7-ffff-ffff00000121"},{"ELEMENT":"00000000-0000-05c7-ffff-ffff00000130","element-6066-11e4-a52e-4f735466cecf":"00000000-0000-05c7-ffff-ffff00000130"},{"ELEMENT":"00000000-0000-05c7-ffff-ffff00000140","element-6066-11e4-a52e-4f735466cecf":"00000000-0000-05c7-ffff-ffff00000140"},{"ELEMENT":"00000000-0000-05c7-ffff-ffff0000014f","element-6066-11e4-a52e-4f735466cecf":"00000000-0000-05c7-ffff-ffff0000014f"}]}
&amp#27;[38;5;32m[AndroidUiautomator2Driver@fb3b (5cabbd15)]&amp#27;[0m Responding to client with driver.findElements() result: [{"element-6066-11e4-a52e-4f735466cecf":"00000000-0000-05c7-ffff-ffff00000102","ELEMENT":"00000000-0000-05c7-ffff-ffff00000102"},{"element-6066-11e4-a52e-4f735466cecf":"00000000-0000-05c7-ffff-ffff00000111","ELEMENT":"00000000-0000-05c7-ffff-ffff00000111"},{"element-6066-11e4-a52e-4f735466cecf":"00000000-0000-05c7-ffff-ffff00000121","ELEMENT":"00000000-0000-05c7-ffff-ffff00000121"},{"element-6066-11e4-a52e-4f735466cecf":"00000000-0000-05c7-ffff-ffff00000130","ELEMENT":"00000000-0000-05c7-ffff-ffff00000130"},{"element-6066-11e4-a52e-4f735466cecf":"00000000-0000-05c7-ffff-ffff00000140","ELEMENT":"00000000-0000-05c7-ffff-ffff00000140"},{"element-6066-11e4-a52e-4f735466cecf":"00000000-0000-05c7-ffff-ffff0000014f","ELEMENT":"00000000-0000-05c7-ffff-ffff0000014f"}]
&amp#27;[38;5;0m[HTTP]&amp#27;[0m &amp#27;[37m<-- POST /session/5cabbd15-7e20-42e4-8d48-d95ee721e291/elements &amp#27;[39m&amp#27;[32m200&amp#27;[39m &amp#27;[90m775 ms - 779&amp#27;[39m
&amp#27;[38;5;0m[HTTP]&amp#27;[0m &amp#27;[90m&amp#27;[39m
&amp#27;[38;5;0m[HTTP]&amp#27;[0m &amp#27;[37m-->&amp#27;[39m &amp#27;[37mPOST&amp#27;[39m &amp#27;[37m/session/5cabbd15-7e20-42e4-8d48-d95ee721e291/element/00000000-0000-05c7-ffff-ffff00000121/element&amp#27;[39m
&amp#27;[38;5;0m[HTTP]&amp#27;[0m &amp#27;[90m{"id":"00000000-0000-05c7-ffff-ffff00000121","using":"xpath","value":"//android.widget.TextView[@content-desc='store item price']"}&amp#27;[39m
&amp#27;[38;5;32m[AndroidUiautomator2Driver@fb3b (5cabbd15)]&amp#27;[0m Calling AppiumDriver.findElementFromElement() with args: ["xpath","//android.widget.TextView[@content-desc='store item price']","00000000-0000-05c7-ffff-ffff00000121","5cabbd15-7e20-42e4-8d48-d95ee721e291"]
&amp#27;[38;5;32m[AndroidUiautomator2Driver@fb3b (5cabbd15)]&amp#27;[0m Valid locator strategies for this request: xpath, id, class name, accessibility id, css selector, -android uiautomator
&amp#27;[38;5;32m[AndroidUiautomator2Driver@fb3b (5cabbd15)]&amp#27;[0m Waiting up to 10000 ms for condition
&amp#27;[38;5;32m[AndroidUiautomator2Driver@fb3b (5cabbd15)]&amp#27;[0m Matched '/element' to command name 'findElement'
&amp#27;[38;5;32m[AndroidUiautomator2Driver@fb3b (5cabbd15)]&amp#27;[0m Proxying [POST /element] to [POST http://127.0.0.1:8201/session/dc1a88ef-730b-4fe2-afab-0087ad1f4d72/element] with body: {"strategy":"xpath","selector":"//android.widget.TextView[@content-desc='store item price']","context":"00000000-0000-05c7-ffff-ffff00000121","multiple":false}
&amp#27;[38;5;32m[AndroidUiautomator2Driver@fb3b (5cabbd15)]&amp#27;[0m Got response with status 200: {"sessionId":"dc1a88ef-730b-4fe2-afab-0087ad1f4d72","value":{"ELEMENT":"00000000-0000-05c7-ffff-ffff00000125","element-6066-11e4-a52e-4f735466cecf":"00000000-0000-05c7-ffff-ffff00000125"}}
&amp#27;[38;5;32m[AndroidUiautomator2Driver@fb3b (5cabbd15)]&amp#27;[0m Responding to client with driver.findElementFromElement() result: {"element-6066-11e4-a52e-4f735466cecf":"00000000-0000-05c7-ffff-ffff00000125","ELEMENT":"00000000-0000-05c7-ffff-ffff00000125"}
&amp#27;[38;5;0m[HTTP]&amp#27;[0m &amp#27;[37m<-- POST /session/5cabbd15-7e20-42e4-8d48-d95ee721e291/element/00000000-0000-05c7-ffff-ffff00000121/element &amp#27;[39m&amp#27;[32m200&amp#27;[39m &amp#27;[90m99 ms - 137&amp#27;[39m
&amp#27;[38;5;0m[HTTP]&amp#27;[0m &amp#27;[90m&amp#27;[39m
&amp#27;[38;5;0m[HTTP]&amp#27;[0m &amp#27;[37m-->&amp#27;[39m &amp#27;[37mGET&amp#27;[39m &amp#27;[37m/session/5cabbd15-7e20-42e4-8d48-d95ee721e291/element/00000000-0000-05c7-ffff-ffff00000125/text&amp#27;[39m
&amp#27;[38;5;0m[HTTP]&amp#27;[0m &amp#27;[90m{}&amp#27;[39m
&amp#27;[38;5;32m[AndroidUiautomator2Driver@fb3b (5cabbd15)]&amp#27;[0m Driver proxy active, passing request on via HTTP proxy
&amp#27;[38;5;32m[AndroidUiautomator2Driver@fb3b (5cabbd15)]&amp#27;[0m Matched '/session/5cabbd15-7e20-42e4-8d48-d95ee721e291/element/00000000-0000-05c7-ffff-ffff00000125/text' to command name 'getText'
&amp#27;[38;5;32m[AndroidUiautomator2Driver@fb3b (5cabbd15)]&amp#27;[0m Proxying [GET /session/5cabbd15-7e20-42e4-8d48-d95ee721e291/element/00000000-0000-05c7-ffff-ffff00000125/text] to [GET http://127.0.0.1:8201/session/dc1a88ef-730b-4fe2-afab-0087ad1f4d72/element/00000000-0000-05c7-ffff-ffff00000125/text] with no body
&amp#27;[38;5;32m[AndroidUiautomator2Driver@fb3b (5cabbd15)]&amp#27;[0m Got response with status 200: {"sessionId":"dc1a88ef-730b-4fe2-afab-0087ad1f4d72","value":"$15.99"}
&amp#27;[38;5;32m[AndroidUiautomator2Driver@fb3b (5cabbd15)]&amp#27;[0m Replacing sessionId dc1a88ef-730b-4fe2-afab-0087ad1f4d72 with 5cabbd15-7e20-42e4-8d48-d95ee721e291
&amp#27;[38;5;0m[HTTP]&amp#27;[0m &amp#27;[37m<-- GET /session/5cabbd15-7e20-42e4-8d48-d95ee721e291/element/00000000-0000-05c7-ffff-ffff00000125/text &amp#27;[39m&amp#27;[32m200&amp#27;[39m &amp#27;[90m23 ms - 69&amp#27;[39m
&amp#27;[38;5;0m[HTTP]&amp#27;[0m &amp#27;[90m&amp#27;[39m
&amp#27;[38;5;0m[HTTP]&amp#27;[0m &amp#27;[37m-->&amp#27;[39m &amp#27;[37mGET&amp#27;[39m &amp#27;[37m/session/5cabbd15-7e20-42e4-8d48-d95ee721e291/context&amp#27;[39m
&amp#27;[38;5;0m[HTTP]&amp#27;[0m &amp#27;[90m{}&amp#27;[39m
&amp#27;[38;5;32m[AndroidUiautomator2Driver@fb3b (5cabbd15)]&amp#27;[0m Calling AppiumDriver.getCurrentContext() with args: ["5cabbd15-7e20-42e4-8d48-d95ee721e291"]
&amp#27;[38;5;32m[AndroidUiautomator2Driver@fb3b (5cabbd15)]&amp#27;[0m Responding to client with driver.getCurrentContext() result: "NATIVE_APP"
&amp#27;[38;5;0m[HTTP]&amp#27;[0m &amp#27;[37m<-- GET /session/5cabbd15-7e20-42e4-8d48-d95ee721e291/context &amp#27;[39m&amp#27;[32m200&amp#27;[39m &amp#27;[90m1 ms - 22&amp#27;[39m
&amp#27;[38;5;0m[HTTP]&amp#27;[0m &amp#27;[90m&amp#27;[39m
&amp#27;[38;5;0m[HTTP]&amp#27;[0m &amp#27;[37m-->&amp#27;[39m &amp#27;[37mPOST&amp#27;[39m &amp#27;[37m/session/5cabbd15-7e20-42e4-8d48-d95ee721e291/elements&amp#27;[39m
&amp#27;[38;5;0m[HTTP]&amp#27;[0m &amp#27;[90m{"using":"xpath","value":"//android.view.ViewGroup[@content-desc='store item']"}&amp#27;[39m
&amp#27;[38;5;32m[AndroidUiautomator2Driver@fb3b (5cabbd15)]&amp#27;[0m Calling AppiumDriver.findElements() with args: ["xpath","//android.view.ViewGroup[@content-desc='store item']","5cabbd15-7e20-42e4-8d48-d95ee721e291"]
&amp#27;[38;5;32m[AndroidUiautomator2Driver@fb3b (5cabbd15)]&amp#27;[0m Valid locator strategies for this request: xpath, id, class name, accessibility id, css selector, -android uiautomator
&amp#27;[38;5;32m[AndroidUiautomator2Driver@fb3b (5cabbd15)]&amp#27;[0m Waiting up to 10000 ms for condition
&amp#27;[38;5;32m[AndroidUiautomator2Driver@fb3b (5cabbd15)]&amp#27;[0m Matched '/elements' to command name 'findElements'
&amp#27;[38;5;32m[AndroidUiautomator2Driver@fb3b (5cabbd15)]&amp#27;[0m Proxying [POST /elements] to [POST http://127.0.0.1:8201/session/dc1a88ef-730b-4fe2-afab-0087ad1f4d72/elements] with body: {"strategy":"xpath","selector":"//android.view.ViewGroup[@content-desc='store item']","context":"","multiple":true}
&amp#27;[38;5;32m[AndroidUiautomator2Driver@fb3b (5cabbd15)]&amp#27;[0m Got response with status 200: {"sessionId":"dc1a88ef-730b-4fe2-afab-0087ad1f4d72","value":[{"ELEMENT":"00000000-0000-05c7-ffff-ffff00000102","element-6066-11e4-a52e-4f735466cecf":"00000000-0000-05c7-ffff-ffff00000102"},{"ELEMENT":"00000000-0000-05c7-ffff-ffff00000111","element-6066-11e4-a52e-4f735466cecf":"00000000-0000-05c7-ffff-ffff00000111"},{"ELEMENT":"00000000-0000-05c7-ffff-ffff00000121","element-6066-11e4-a52e-4f735466cecf":"00000000-0000-05c7-ffff-ffff00000121"},{"ELEMENT":"00000000-0000-05c7-ffff-ffff00000130","element-6066-11e4-a52e-4f735466cecf":"00000000-0000-05c7-ffff-ffff00000130"},{"ELEMENT":"00000000-0000-05c7-ffff-ffff00000140","element-6066-11e4-a52e-4f735466cecf":"00000000-0000-05c7-ffff-ffff00000140"},{"ELEMENT":"00000000-0000-05c7-ffff-ffff0000014f","element-6066-11e4-a52e-4f735466cecf":"00000000-0000-05c7-ffff-ffff0000014f"}]}
&amp#27;[38;5;32m[AndroidUiautomator2Driver@fb3b (5cabbd15)]&amp#27;[0m Responding to client with driver.findElements() result: [{"element-6066-11e4-a52e-4f735466cecf":"00000000-0000-05c7-ffff-ffff00000102","ELEMENT":"00000000-0000-05c7-ffff-ffff00000102"},{"element-6066-11e4-a52e-4f735466cecf":"00000000-0000-05c7-ffff-ffff00000111","ELEMENT":"00000000-0000-05c7-ffff-ffff00000111"},{"element-6066-11e4-a52e-4f735466cecf":"00000000-0000-05c7-ffff-ffff00000121","ELEMENT":"00000000-0000-05c7-ffff-ffff00000121"},{"element-6066-11e4-a52e-4f735466cecf":"00000000-0000-05c7-ffff-ffff00000130","ELEMENT":"00000000-0000-05c7-ffff-ffff00000130"},{"element-6066-11e4-a52e-4f735466cecf":"00000000-0000-05c7-ffff-ffff00000140","ELEMENT":"00000000-0000-05c7-ffff-ffff00000140"},{"element-6066-11e4-a52e-4f735466cecf":"00000000-0000-05c7-ffff-ffff0000014f","ELEMENT":"00000000-0000-05c7-ffff-ffff0000014f"}]
&amp#27;[38;5;0m[HTTP]&amp#27;[0m &amp#27;[37m<-- POST /session/5cabbd15-7e20-42e4-8d48-d95ee721e291/elements &amp#27;[39m&amp#27;[32m200&amp#27;[39m &amp#27;[90m759 ms - 779&amp#27;[39m
&amp#27;[38;5;0m[HTTP]&amp#27;[0m &amp#27;[90m&amp#27;[39m
&amp#27;[38;5;0m[HTTP]&amp#27;[0m &amp#27;[37m-->&amp#27;[39m &amp#27;[37mPOST&amp#27;[39m &amp#27;[37m/session/5cabbd15-7e20-42e4-8d48-d95ee721e291/element&amp#27;[39m
&amp#27;[38;5;0m[HTTP]&amp#27;[0m &amp#27;[90m{"using":"-android uiautomator","value":"new UiScrollable(new UiSelector().scrollable(true).instance(0)).scrollIntoView(new UiSelector().textContains(\"Â© 2024 Sauce Labs. All Rights Reserved. Terms of Service | Privacy Policy.\").instance(0))"}&amp#27;[39m
&amp#27;[38;5;32m[AndroidUiautomator2Driver@fb3b (5cabbd15)]&amp#27;[0m Calling AppiumDriver.findElement() with args: ["-android uiautomator","new UiScrollable(new UiSelector().scrollable(true).instance(0)).scrollIntoView(new UiSelector().textContains(\"Â© 2024 Sauce Labs. All Rights Reserved. Terms of Service | Privacy Policy.\").instance(0))","5cabbd15-7e20-42e4-8d48-d95ee721e291"]
&amp#27;[38;5;32m[AndroidUiautomator2Driver@fb3b (5cabbd15)]&amp#27;[0m Valid locator strategies for this request: xpath, id, class name, accessibility id, css selector, -android uiautomator
&amp#27;[38;5;32m[AndroidUiautomator2Driver@fb3b (5cabbd15)]&amp#27;[0m Waiting up to 10000 ms for condition
&amp#27;[38;5;32m[AndroidUiautomator2Driver@fb3b (5cabbd15)]&amp#27;[0m Matched '/element' to command name 'findElement'
&amp#27;[38;5;32m[AndroidUiautomator2Driver@fb3b (5cabbd15)]&amp#27;[0m Proxying [POST /element] to [POST http://127.0.0.1:8201/session/dc1a88ef-730b-4fe2-afab-0087ad1f4d72/element] with body: {"strategy":"-android uiautomator","selector":"new UiScrollable(new UiSelector().scrollable(true).instance(0)).scrollIntoView(new UiSelector().textContains(\"Â© 2024 Sauce Labs. All Rights Reserved. Terms of Service | Privacy Policy.\").instance(0))","context":"","multiple":false}
&amp#27;[38;5;32m[AndroidUiautomator2Driver@fb3b (5cabbd15)]&amp#27;[0m Got response with status 200: {"sessionId":"dc1a88ef-730b-4fe2-afab-0087ad1f4d72","value":{"ELEMENT":"00000000-0000-05c7-ffff-ffff000000e4","element-6066-11e4-a52e-4f735466cecf":"00000000-0000-05c7-ffff-ffff000000e4"}}
&amp#27;[38;5;32m[AndroidUiautomator2Driver@fb3b (5cabbd15)]&amp#27;[0m Responding to client with driver.findElement() result: {"element-6066-11e4-a52e-4f735466cecf":"00000000-0000-05c7-ffff-ffff000000e4","ELEMENT":"00000000-0000-05c7-ffff-ffff000000e4"}
&amp#27;[38;5;0m[HTTP]&amp#27;[0m &amp#27;[37m<-- POST /session/5cabbd15-7e20-42e4-8d48-d95ee721e291/element &amp#27;[39m&amp#27;[32m200&amp#27;[39m &amp#27;[90m3032 ms - 137&amp#27;[39m
&amp#27;[38;5;0m[HTTP]&amp#27;[0m &amp#27;[90m&amp#27;[39m
&amp#27;[38;5;0m[HTTP]&amp#27;[0m &amp#27;[37m-->&amp#27;[39m &amp#27;[37mGET&amp#27;[39m &amp#27;[37m/session/5cabbd15-7e20-42e4-8d48-d95ee721e291/context&amp#27;[39m
&amp#27;[38;5;0m[HTTP]&amp#27;[0m &amp#27;[90m{}&amp#27;[39m
&amp#27;[38;5;32m[AndroidUiautomator2Driver@fb3b (5cabbd15)]&amp#27;[0m Calling AppiumDriver.getCurrentContext() with args: ["5cabbd15-7e20-42e4-8d48-d95ee721e291"]
&amp#27;[38;5;32m[AndroidUiautomator2Driver@fb3b (5cabbd15)]&amp#27;[0m Responding to client with driver.getCurrentContext() result: "NATIVE_APP"
&amp#27;[38;5;0m[HTTP]&amp#27;[0m &amp#27;[37m<-- GET /session/5cabbd15-7e20-42e4-8d48-d95ee721e291/context &amp#27;[39m&amp#27;[32m200&amp#27;[39m &amp#27;[90m1 ms - 22&amp#27;[39m
&amp#27;[38;5;0m[HTTP]&amp#27;[0m &amp#27;[90m&amp#27;[39m
&amp#27;[38;5;0m[HTTP]&amp#27;[0m &amp#27;[37m-->&amp#27;[39m &amp#27;[37mPOST&amp#27;[39m &amp#27;[37m/session/5cabbd15-7e20-42e4-8d48-d95ee721e291/elements&amp#27;[39m
&amp#27;[38;5;0m[HTTP]&amp#27;[0m &amp#27;[90m{"using":"xpath","value":"//android.view.ViewGroup[@content-desc='store item']"}&amp#27;[39m
&amp#27;[38;5;32m[AndroidUiautomator2Driver@fb3b (5cabbd15)]&amp#27;[0m Calling AppiumDriver.findElements() with args: ["xpath","//android.view.ViewGroup[@content-desc='store item']","5cabbd15-7e20-42e4-8d48-d95ee721e291"]
&amp#27;[38;5;32m[AndroidUiautomator2Driver@fb3b (5cabbd15)]&amp#27;[0m Valid locator strategies for this request: xpath, id, class name, accessibility id, css selector, -android uiautomator
&amp#27;[38;5;32m[AndroidUiautomator2Driver@fb3b (5cabbd15)]&amp#27;[0m Waiting up to 10000 ms for condition
&amp#27;[38;5;32m[AndroidUiautomator2Driver@fb3b (5cabbd15)]&amp#27;[0m Matched '/elements' to command name 'findElements'
&amp#27;[38;5;32m[AndroidUiautomator2Driver@fb3b (5cabbd15)]&amp#27;[0m Proxying [POST /elements] to [POST http://127.0.0.1:8201/session/dc1a88ef-730b-4fe2-afab-0087ad1f4d72/elements] with body: {"strategy":"xpath","selector":"//android.view.ViewGroup[@content-desc='store item']","context":"","multiple":true}
&amp#27;[38;5;32m[AndroidUiautomator2Driver@fb3b (5cabbd15)]&amp#27;[0m Got response with status 200: {"sessionId":"dc1a88ef-730b-4fe2-afab-0087ad1f4d72","value":[{"ELEMENT":"00000000-0000-05c7-ffff-ffff00000102","element-6066-11e4-a52e-4f735466cecf":"00000000-0000-05c7-ffff-ffff00000102"},{"ELEMENT":"00000000-0000-05c7-ffff-ffff00000111","element-6066-11e4-a52e-4f735466cecf":"00000000-0000-05c7-ffff-ffff00000111"},{"ELEMENT":"00000000-0000-05c7-ffff-ffff00000121","element-6066-11e4-a52e-4f735466cecf":"00000000-0000-05c7-ffff-ffff00000121"},{"ELEMENT":"00000000-0000-05c7-ffff-ffff00000130","element-6066-11e4-a52e-4f735466cecf":"00000000-0000-05c7-ffff-ffff00000130"},{"ELEMENT":"00000000-0000-05c7-ffff-ffff00000140","element-6066-11e4-a52e-4f735466cecf":"00000000-0000-05c7-ffff-ffff00000140"},{"ELEMENT":"00000000-0000-05c7-ffff-ffff0000014f","element-6066-11e4-a52e-4f735466cecf":"00000000-0000-05c7-ffff-ffff0000014f"}]}
&amp#27;[38;5;32m[AndroidUiautomator2Driver@fb3b (5cabbd15)]&amp#27;[0m Responding to client with driver.findElements() result: [{"element-6066-11e4-a52e-4f735466cecf":"00000000-0000-05c7-ffff-ffff00000102","ELEMENT":"00000000-0000-05c7-ffff-ffff00000102"},{"element-6066-11e4-a52e-4f735466cecf":"00000000-0000-05c7-ffff-ffff00000111","ELEMENT":"00000000-0000-05c7-ffff-ffff00000111"},{"element-6066-11e4-a52e-4f735466cecf":"00000000-0000-05c7-ffff-ffff00000121","ELEMENT":"00000000-0000-05c7-ffff-ffff00000121"},{"element-6066-11e4-a52e-4f735466cecf":"00000000-0000-05c7-ffff-ffff00000130","ELEMENT":"00000000-0000-05c7-ffff-ffff00000130"},{"element-6066-11e4-a52e-4f735466cecf":"00000000-0000-05c7-ffff-ffff00000140","ELEMENT":"00000000-0000-05c7-ffff-ffff00000140"},{"element-6066-11e4-a52e-4f735466cecf":"00000000-0000-05c7-ffff-ffff0000014f","ELEMENT":"00000000-0000-05c7-ffff-ffff0000014f"}]
&amp#27;[38;5;0m[HTTP]&amp#27;[0m &amp#27;[37m<-- POST /session/5cabbd15-7e20-42e4-8d48-d95ee721e291/elements &amp#27;[39m&amp#27;[32m200&amp#27;[39m &amp#27;[90m427 ms - 779&amp#27;[39m
&amp#27;[38;5;0m[HTTP]&amp#27;[0m &amp#27;[90m&amp#27;[39m
&amp#27;[38;5;0m[HTTP]&amp#27;[0m &amp#27;[37m-->&amp#27;[39m &amp#27;[37mPOST&amp#27;[39m &amp#27;[37m/session/5cabbd15-7e20-42e4-8d48-d95ee721e291/element/00000000-0000-05c7-ffff-ffff00000130/element&amp#27;[39m
&amp#27;[38;5;0m[HTTP]&amp#27;[0m &amp#27;[90m{"id":"00000000-0000-05c7-ffff-ffff00000130","using":"xpath","value":"//android.widget.TextView[@content-desc='store item price']"}&amp#27;[39m
&amp#27;[38;5;32m[AndroidUiautomator2Driver@fb3b (5cabbd15)]&amp#27;[0m Calling AppiumDriver.findElementFromElement() with args: ["xpath","//android.widget.TextView[@content-desc='store item price']","00000000-0000-05c7-ffff-ffff00000130","5cabbd15-7e20-42e4-8d48-d95ee721e291"]
&amp#27;[38;5;32m[AndroidUiautomator2Driver@fb3b (5cabbd15)]&amp#27;[0m Valid locator strategies for this request: xpath, id, class name, accessibility id, css selector, -android uiautomator
&amp#27;[38;5;32m[AndroidUiautomator2Driver@fb3b (5cabbd15)]&amp#27;[0m Waiting up to 10000 ms for condition
&amp#27;[38;5;32m[AndroidUiautomator2Driver@fb3b (5cabbd15)]&amp#27;[0m Matched '/element' to command name 'findElement'
&amp#27;[38;5;32m[AndroidUiautomator2Driver@fb3b (5cabbd15)]&amp#27;[0m Proxying [POST /element] to [POST http://127.0.0.1:8201/session/dc1a88ef-730b-4fe2-afab-0087ad1f4d72/element] with body: {"strategy":"xpath","selector":"//android.widget.TextView[@content-desc='store item price']","context":"00000000-0000-05c7-ffff-ffff00000130","multiple":false}
&amp#27;[38;5;32m[AndroidUiautomator2Driver@fb3b (5cabbd15)]&amp#27;[0m Got response with status 200: {"sessionId":"dc1a88ef-730b-4fe2-afab-0087ad1f4d72","value":{"ELEMENT":"00000000-0000-05c7-ffff-ffff00000134","element-6066-11e4-a52e-4f735466cecf":"00000000-0000-05c7-ffff-ffff00000134"}}
&amp#27;[38;5;32m[AndroidUiautomator2Driver@fb3b (5cabbd15)]&amp#27;[0m Responding to client with driver.findElementFromElement() result: {"element-6066-11e4-a52e-4f735466cecf":"00000000-0000-05c7-ffff-ffff00000134","ELEMENT":"00000000-0000-05c7-ffff-ffff00000134"}
&amp#27;[38;5;0m[HTTP]&amp#27;[0m &amp#27;[37m<-- POST /session/5cabbd15-7e20-42e4-8d48-d95ee721e291/element/00000000-0000-05c7-ffff-ffff00000130/element &amp#27;[39m&amp#27;[32m200&amp#27;[39m &amp#27;[90m51 ms - 137&amp#27;[39m
&amp#27;[38;5;0m[HTTP]&amp#27;[0m &amp#27;[90m&amp#27;[39m
&amp#27;[38;5;0m[HTTP]&amp#27;[0m &amp#27;[37m-->&amp#27;[39m &amp#27;[37mGET&amp#27;[39m &amp#27;[37m/session/5cabbd15-7e20-42e4-8d48-d95ee721e291/element/00000000-0000-05c7-ffff-ffff00000134/text&amp#27;[39m
&amp#27;[38;5;0m[HTTP]&amp#27;[0m &amp#27;[90m{}&amp#27;[39m
&amp#27;[38;5;32m[AndroidUiautomator2Driver@fb3b (5cabbd15)]&amp#27;[0m Driver proxy active, passing request on via HTTP proxy
&amp#27;[38;5;32m[AndroidUiautomator2Driver@fb3b (5cabbd15)]&amp#27;[0m Matched '/session/5cabbd15-7e20-42e4-8d48-d95ee721e291/element/00000000-0000-05c7-ffff-ffff00000134/text' to command name 'getText'
&amp#27;[38;5;32m[AndroidUiautomator2Driver@fb3b (5cabbd15)]&amp#27;[0m Proxying [GET /session/5cabbd15-7e20-42e4-8d48-d95ee721e291/element/00000000-0000-05c7-ffff-ffff00000134/text] to [GET http://127.0.0.1:8201/session/dc1a88ef-730b-4fe2-afab-0087ad1f4d72/element/00000000-0000-05c7-ffff-ffff00000134/text] with no body
&amp#27;[38;5;32m[AndroidUiautomator2Driver@fb3b (5cabbd15)]&amp#27;[0m Got response with status 200: {"sessionId":"dc1a88ef-730b-4fe2-afab-0087ad1f4d72","value":"$15.99"}
&amp#27;[38;5;32m[AndroidUiautomator2Driver@fb3b (5cabbd15)]&amp#27;[0m Replacing sessionId dc1a88ef-730b-4fe2-afab-0087ad1f4d72 with 5cabbd15-7e20-42e4-8d48-d95ee721e291
&amp#27;[38;5;0m[HTTP]&amp#27;[0m &amp#27;[37m<-- GET /session/5cabbd15-7e20-42e4-8d48-d95ee721e291/element/00000000-0000-05c7-ffff-ffff00000134/text &amp#27;[39m&amp#27;[32m200&amp#27;[39m &amp#27;[90m13 ms - 69&amp#27;[39m
&amp#27;[38;5;0m[HTTP]&amp#27;[0m &amp#27;[90m&amp#27;[39m
&amp#27;[38;5;0m[HTTP]&amp#27;[0m &amp#27;[37m-->&amp#27;[39m &amp#27;[37mGET&amp#27;[39m &amp#27;[37m/session/5cabbd15-7e20-42e4-8d48-d95ee721e291/context&amp#27;[39m
&amp#27;[38;5;0m[HTTP]&amp#27;[0m &amp#27;[90m{}&amp#27;[39m
&amp#27;[38;5;32m[AndroidUiautomator2Driver@fb3b (5cabbd15)]&amp#27;[0m Calling AppiumDriver.getCurrentContext() with args: ["5cabbd15-7e20-42e4-8d48-d95ee721e291"]
&amp#27;[38;5;32m[AndroidUiautomator2Driver@fb3b (5cabbd15)]&amp#27;[0m Responding to client with driver.getCurrentContext() result: "NATIVE_APP"
&amp#27;[38;5;0m[HTTP]&amp#27;[0m &amp#27;[37m<-- GET /session/5cabbd15-7e20-42e4-8d48-d95ee721e291/context &amp#27;[39m&amp#27;[32m200&amp#27;[39m &amp#27;[90m1 ms - 22&amp#27;[39m
&amp#27;[38;5;0m[HTTP]&amp#27;[0m &amp#27;[90m&amp#27;[39m
&amp#27;[38;5;0m[HTTP]&amp#27;[0m &amp#27;[37m-->&amp#27;[39m &amp#27;[37mPOST&amp#27;[39m &amp#27;[37m/session/5cabbd15-7e20-42e4-8d48-d95ee721e291/elements&amp#27;[39m
&amp#27;[38;5;0m[HTTP]&amp#27;[0m &amp#27;[90m{"using":"xpath","value":"//android.view.ViewGroup[@content-desc='store item']"}&amp#27;[39m
&amp#27;[38;5;32m[AndroidUiautomator2Driver@fb3b (5cabbd15)]&amp#27;[0m Calling AppiumDriver.findElements() with args: ["xpath","//android.view.ViewGroup[@content-desc='store item']","5cabbd15-7e20-42e4-8d48-d95ee721e291"]
&amp#27;[38;5;32m[AndroidUiautomator2Driver@fb3b (5cabbd15)]&amp#27;[0m Valid locator strategies for this request: xpath, id, class name, accessibility id, css selector, -android uiautomator
&amp#27;[38;5;32m[AndroidUiautomator2Driver@fb3b (5cabbd15)]&amp#27;[0m Waiting up to 10000 ms for condition
&amp#27;[38;5;32m[AndroidUiautomator2Driver@fb3b (5cabbd15)]&amp#27;[0m Matched '/elements' to command name 'findElements'
&amp#27;[38;5;32m[AndroidUiautomator2Driver@fb3b (5cabbd15)]&amp#27;[0m Proxying [POST /elements] to [POST http://127.0.0.1:8201/session/dc1a88ef-730b-4fe2-afab-0087ad1f4d72/elements] with body: {"strategy":"xpath","selector":"//android.view.ViewGroup[@content-desc='store item']","context":"","multiple":true}
&amp#27;[38;5;32m[AndroidUiautomator2Driver@fb3b (5cabbd15)]&amp#27;[0m Got response with status 200: {"sessionId":"dc1a88ef-730b-4fe2-afab-0087ad1f4d72","value":[{"ELEMENT":"00000000-0000-05c7-ffff-ffff00000102","element-6066-11e4-a52e-4f735466cecf":"00000000-0000-05c7-ffff-ffff00000102"},{"ELEMENT":"00000000-0000-05c7-ffff-ffff00000111","element-6066-11e4-a52e-4f735466cecf":"00000000-0000-05c7-ffff-ffff00000111"},{"ELEMENT":"00000000-0000-05c7-ffff-ffff00000121","element-6066-11e4-a52e-4f735466cecf":"00000000-0000-05c7-ffff-ffff00000121"},{"ELEMENT":"00000000-0000-05c7-ffff-ffff00000130","element-6066-11e4-a52e-4f735466cecf":"00000000-0000-05c7-ffff-ffff00000130"},{"ELEMENT":"00000000-0000-05c7-ffff-ffff00000140","element-6066-11e4-a52e-4f735466cecf":"00000000-0000-05c7-ffff-ffff00000140"},{"ELEMENT":"00000000-0000-05c7-ffff-ffff0000014f","element-6066-11e4-a52e-4f735466cecf":"00000000-0000-05c7-ffff-ffff0000014f"}]}
&amp#27;[38;5;32m[AndroidUiautomator2Driver@fb3b (5cabbd15)]&amp#27;[0m Responding to client with driver.findElements() result: [{"element-6066-11e4-a52e-4f735466cecf":"00000000-0000-05c7-ffff-ffff00000102","ELEMENT":"00000000-0000-05c7-ffff-ffff00000102"},{"element-6066-11e4-a52e-4f735466cecf":"00000000-0000-05c7-ffff-ffff00000111","ELEMENT":"00000000-0000-05c7-ffff-ffff00000111"},{"element-6066-11e4-a52e-4f735466cecf":"00000000-0000-05c7-ffff-ffff00000121","ELEMENT":"00000000-0000-05c7-ffff-ffff00000121"},{"element-6066-11e4-a52e-4f735466cecf":"00000000-0000-05c7-ffff-ffff00000130","ELEMENT":"00000000-0000-05c7-ffff-ffff00000130"},{"element-6066-11e4-a52e-4f735466cecf":"00000000-0000-05c7-ffff-ffff00000140","ELEMENT":"00000000-0000-05c7-ffff-ffff00000140"},{"element-6066-11e4-a52e-4f735466cecf":"00000000-0000-05c7-ffff-ffff0000014f","ELEMENT":"00000000-0000-05c7-ffff-ffff0000014f"}]
&amp#27;[38;5;0m[HTTP]&amp#27;[0m &amp#27;[37m<-- POST /session/5cabbd15-7e20-42e4-8d48-d95ee721e291/elements &amp#27;[39m&amp#27;[32m200&amp#27;[39m &amp#27;[90m247 ms - 779&amp#27;[39m
&amp#27;[38;5;0m[HTTP]&amp#27;[0m &amp#27;[90m&amp#27;[39m
&amp#27;[38;5;0m[HTTP]&amp#27;[0m &amp#27;[37m-->&amp#27;[39m &amp#27;[37mGET&amp#27;[39m &amp#27;[37m/session/5cabbd15-7e20-42e4-8d48-d95ee721e291/context&amp#27;[39m
&amp#27;[38;5;0m[HTTP]&amp#27;[0m &amp#27;[90m{}&amp#27;[39m
&amp#27;[38;5;32m[AndroidUiautomator2Driver@fb3b (5cabbd15)]&amp#27;[0m Calling AppiumDriver.getCurrentContext() with args: ["5cabbd15-7e20-42e4-8d48-d95ee721e291"]
&amp#27;[38;5;32m[AndroidUiautomator2Driver@fb3b (5cabbd15)]&amp#27;[0m Responding to client with driver.getCurrentContext() result: "NATIVE_APP"
&amp#27;[38;5;0m[HTTP]&amp#27;[0m &amp#27;[37m<-- GET /session/5cabbd15-7e20-42e4-8d48-d95ee721e291/context &amp#27;[39m&amp#27;[32m200&amp#27;[39m &amp#27;[90m1 ms - 22&amp#27;[39m
&amp#27;[38;5;0m[HTTP]&amp#27;[0m &amp#27;[90m&amp#27;[39m
&amp#27;[38;5;0m[HTTP]&amp#27;[0m &amp#27;[37m-->&amp#27;[39m &amp#27;[37mPOST&amp#27;[39m &amp#27;[37m/session/5cabbd15-7e20-42e4-8d48-d95ee721e291/elements&amp#27;[39m
&amp#27;[38;5;0m[HTTP]&amp#27;[0m &amp#27;[90m{"using":"xpath","value":"//android.view.ViewGroup[@content-desc='store item']"}&amp#27;[39m
&amp#27;[38;5;32m[AndroidUiautomator2Driver@fb3b (5cabbd15)]&amp#27;[0m Calling AppiumDriver.findElements() with args: ["xpath","//android.view.ViewGroup[@content-desc='store item']","5cabbd15-7e20-42e4-8d48-d95ee721e291"]
&amp#27;[38;5;32m[AndroidUiautomator2Driver@fb3b (5cabbd15)]&amp#27;[0m Valid locator strategies for this request: xpath, id, class name, accessibility id, css selector, -android uiautomator
&amp#27;[38;5;32m[AndroidUiautomator2Driver@fb3b (5cabbd15)]&amp#27;[0m Waiting up to 10000 ms for condition
&amp#27;[38;5;32m[AndroidUiautomator2Driver@fb3b (5cabbd15)]&amp#27;[0m Matched '/elements' to command name 'findElements'
&amp#27;[38;5;32m[AndroidUiautomator2Driver@fb3b (5cabbd15)]&amp#27;[0m Proxying [POST /elements] to [POST http://127.0.0.1:8201/session/dc1a88ef-730b-4fe2-afab-0087ad1f4d72/elements] with body: {"strategy":"xpath","selector":"//android.view.ViewGroup[@content-desc='store item']","context":"","multiple":true}
&amp#27;[38;5;32m[AndroidUiautomator2Driver@fb3b (5cabbd15)]&amp#27;[0m Got response with status 200: {"sessionId":"dc1a88ef-730b-4fe2-afab-0087ad1f4d72","value":[{"ELEMENT":"00000000-0000-05c7-ffff-ffff00000102","element-6066-11e4-a52e-4f735466cecf":"00000000-0000-05c7-ffff-ffff00000102"},{"ELEMENT":"00000000-0000-05c7-ffff-ffff00000111","element-6066-11e4-a52e-4f735466cecf":"00000000-0000-05c7-ffff-ffff00000111"},{"ELEMENT":"00000000-0000-05c7-ffff-ffff00000121","element-6066-11e4-a52e-4f735466cecf":"00000000-0000-05c7-ffff-ffff00000121"},{"ELEMENT":"00000000-0000-05c7-ffff-ffff00000130","element-6066-11e4-a52e-4f735466cecf":"00000000-0000-05c7-ffff-ffff00000130"},{"ELEMENT":"00000000-0000-05c7-ffff-ffff00000140","element-6066-11e4-a52e-4f735466cecf":"00000000-0000-05c7-ffff-ffff00000140"},{"ELEMENT":"00000000-0000-05c7-ffff-ffff0000014f","element-6066-11e4-a52e-4f735466cecf":"00000000-0000-05c7-ffff-ffff0000014f"}]}
&amp#27;[38;5;32m[AndroidUiautomator2Driver@fb3b (5cabbd15)]&amp#27;[0m Responding to client with driver.findElements() result: [{"element-6066-11e4-a52e-4f735466cecf":"00000000-0000-05c7-ffff-ffff00000102","ELEMENT":"00000000-0000-05c7-ffff-ffff00000102"},{"element-6066-11e4-a52e-4f735466cecf":"00000000-0000-05c7-ffff-ffff00000111","ELEMENT":"00000000-0000-05c7-ffff-ffff00000111"},{"element-6066-11e4-a52e-4f735466cecf":"00000000-0000-05c7-ffff-ffff00000121","ELEMENT":"00000000-0000-05c7-ffff-ffff00000121"},{"element-6066-11e4-a52e-4f735466cecf":"00000000-0000-05c7-ffff-ffff00000130","ELEMENT":"00000000-0000-05c7-ffff-ffff00000130"},{"element-6066-11e4-a52e-4f735466cecf":"00000000-0000-05c7-ffff-ffff00000140","ELEMENT":"00000000-0000-05c7-ffff-ffff00000140"},{"element-6066-11e4-a52e-4f735466cecf":"00000000-0000-05c7-ffff-ffff0000014f","ELEMENT":"00000000-0000-05c7-ffff-ffff0000014f"}]
&amp#27;[38;5;0m[HTTP]&amp#27;[0m &amp#27;[37m<-- POST /session/5cabbd15-7e20-42e4-8d48-d95ee721e291/elements &amp#27;[39m&amp#27;[32m200&amp#27;[39m &amp#27;[90m239 ms - 779&amp#27;[39m
&amp#27;[38;5;0m[HTTP]&amp#27;[0m &amp#27;[90m&amp#27;[39m
&amp#27;[38;5;0m[HTTP]&amp#27;[0m &amp#27;[37m-->&amp#27;[39m &amp#27;[37mPOST&amp#27;[39m &amp#27;[37m/session/5cabbd15-7e20-42e4-8d48-d95ee721e291/element/00000000-0000-05c7-ffff-ffff00000140/element&amp#27;[39m
&amp#27;[38;5;0m[HTTP]&amp#27;[0m &amp#27;[90m{"id":"00000000-0000-05c7-ffff-ffff00000140","using":"xpath","value":"//android.widget.TextView[@content-desc='store item price']"}&amp#27;[39m
&amp#27;[38;5;32m[AndroidUiautomator2Driver@fb3b (5cabbd15)]&amp#27;[0m Calling AppiumDriver.findElementFromElement() with args: ["xpath","//android.widget.TextView[@content-desc='store item price']","00000000-0000-05c7-ffff-ffff00000140","5cabbd15-7e20-42e4-8d48-d95ee721e291"]
&amp#27;[38;5;32m[AndroidUiautomator2Driver@fb3b (5cabbd15)]&amp#27;[0m Valid locator strategies for this request: xpath, id, class name, accessibility id, css selector, -android uiautomator
&amp#27;[38;5;32m[AndroidUiautomator2Driver@fb3b (5cabbd15)]&amp#27;[0m Waiting up to 10000 ms for condition
&amp#27;[38;5;32m[AndroidUiautomator2Driver@fb3b (5cabbd15)]&amp#27;[0m Matched '/element' to command name 'findElement'
&amp#27;[38;5;32m[AndroidUiautomator2Driver@fb3b (5cabbd15)]&amp#27;[0m Proxying [POST /element] to [POST http://127.0.0.1:8201/session/dc1a88ef-730b-4fe2-afab-0087ad1f4d72/element] with body: {"strategy":"xpath","selector":"//android.widget.TextView[@content-desc='store item price']","context":"00000000-0000-05c7-ffff-ffff00000140","multiple":false}
&amp#27;[38;5;32m[AndroidUiautomator2Driver@fb3b (5cabbd15)]&amp#27;[0m Got response with status 200: {"sessionId":"dc1a88ef-730b-4fe2-afab-0087ad1f4d72","value":{"ELEMENT":"00000000-0000-05c7-ffff-ffff00000144","element-6066-11e4-a52e-4f735466cecf":"00000000-0000-05c7-ffff-ffff00000144"}}
&amp#27;[38;5;32m[AndroidUiautomator2Driver@fb3b (5cabbd15)]&amp#27;[0m Responding to client with driver.findElementFromElement() result: {"element-6066-11e4-a52e-4f735466cecf":"00000000-0000-05c7-ffff-ffff00000144","ELEMENT":"00000000-0000-05c7-ffff-ffff00000144"}
&amp#27;[38;5;0m[HTTP]&amp#27;[0m &amp#27;[37m<-- POST /session/5cabbd15-7e20-42e4-8d48-d95ee721e291/element/00000000-0000-05c7-ffff-ffff00000140/element &amp#27;[39m&amp#27;[32m200&amp#27;[39m &amp#27;[90m50 ms - 137&amp#27;[39m
&amp#27;[38;5;0m[HTTP]&amp#27;[0m &amp#27;[90m&amp#27;[39m
&amp#27;[38;5;0m[HTTP]&amp#27;[0m &amp#27;[37m-->&amp#27;[39m &amp#27;[37mGET&amp#27;[39m &amp#27;[37m/session/5cabbd15-7e20-42e4-8d48-d95ee721e291/element/00000000-0000-05c7-ffff-ffff00000144/text&amp#27;[39m
&amp#27;[38;5;0m[HTTP]&amp#27;[0m &amp#27;[90m{}&amp#27;[39m
&amp#27;[38;5;32m[AndroidUiautomator2Driver@fb3b (5cabbd15)]&amp#27;[0m Driver proxy active, passing request on via HTTP proxy
&amp#27;[38;5;32m[AndroidUiautomator2Driver@fb3b (5cabbd15)]&amp#27;[0m Matched '/session/5cabbd15-7e20-42e4-8d48-d95ee721e291/element/00000000-0000-05c7-ffff-ffff00000144/text' to command name 'getText'
&amp#27;[38;5;32m[AndroidUiautomator2Driver@fb3b (5cabbd15)]&amp#27;[0m Proxying [GET /session/5cabbd15-7e20-42e4-8d48-d95ee721e291/element/00000000-0000-05c7-ffff-ffff00000144/text] to [GET http://127.0.0.1:8201/session/dc1a88ef-730b-4fe2-afab-0087ad1f4d72/element/00000000-0000-05c7-ffff-ffff00000144/text] with no body
&amp#27;[38;5;32m[AndroidUiautomator2Driver@fb3b (5cabbd15)]&amp#27;[0m Got response with status 200: {"sessionId":"dc1a88ef-730b-4fe2-afab-0087ad1f4d72","value":"$29.99"}
&amp#27;[38;5;32m[AndroidUiautomator2Driver@fb3b (5cabbd15)]&amp#27;[0m Replacing sessionId dc1a88ef-730b-4fe2-afab-0087ad1f4d72 with 5cabbd15-7e20-42e4-8d48-d95ee721e291
&amp#27;[38;5;0m[HTTP]&amp#27;[0m &amp#27;[37m<-- GET /session/5cabbd15-7e20-42e4-8d48-d95ee721e291/element/00000000-0000-05c7-ffff-ffff00000144/text &amp#27;[39m&amp#27;[32m200&amp#27;[39m &amp#27;[90m11 ms - 69&amp#27;[39m
&amp#27;[38;5;0m[HTTP]&amp#27;[0m &amp#27;[90m&amp#27;[39m
&amp#27;[38;5;0m[HTTP]&amp#27;[0m &amp#27;[37m-->&amp#27;[39m &amp#27;[37mGET&amp#27;[39m &amp#27;[37m/session/5cabbd15-7e20-42e4-8d48-d95ee721e291/context&amp#27;[39m
&amp#27;[38;5;0m[HTTP]&amp#27;[0m &amp#27;[90m{}&amp#27;[39m
&amp#27;[38;5;32m[AndroidUiautomator2Driver@fb3b (5cabbd15)]&amp#27;[0m Calling AppiumDriver.getCurrentContext() with args: ["5cabbd15-7e20-42e4-8d48-d95ee721e291"]
&amp#27;[38;5;32m[AndroidUiautomator2Driver@fb3b (5cabbd15)]&amp#27;[0m Responding to client with driver.getCurrentContext() result: "NATIVE_APP"
&amp#27;[38;5;0m[HTTP]&amp#27;[0m &amp#27;[37m<-- GET /session/5cabbd15-7e20-42e4-8d48-d95ee721e291/context &amp#27;[39m&amp#27;[32m200&amp#27;[39m &amp#27;[90m1 ms - 22&amp#27;[39m
&amp#27;[38;5;0m[HTTP]&amp#27;[0m &amp#27;[90m&amp#27;[39m
&amp#27;[38;5;0m[HTTP]&amp#27;[0m &amp#27;[37m-->&amp#27;[39m &amp#27;[37mPOST&amp#27;[39m &amp#27;[37m/session/5cabbd15-7e20-42e4-8d48-d95ee721e291/elements&amp#27;[39m
&amp#27;[38;5;0m[HTTP]&amp#27;[0m &amp#27;[90m{"using":"xpath","value":"//android.view.ViewGroup[@content-desc='store item']"}&amp#27;[39m
&amp#27;[38;5;32m[AndroidUiautomator2Driver@fb3b (5cabbd15)]&amp#27;[0m Calling AppiumDriver.findElements() with args: ["xpath","//android.view.ViewGroup[@content-desc='store item']","5cabbd15-7e20-42e4-8d48-d95ee721e291"]
&amp#27;[38;5;32m[AndroidUiautomator2Driver@fb3b (5cabbd15)]&amp#27;[0m Valid locator strategies for this request: xpath, id, class name, accessibility id, css selector, -android uiautomator
&amp#27;[38;5;32m[AndroidUiautomator2Driver@fb3b (5cabbd15)]&amp#27;[0m Waiting up to 10000 ms for condition
&amp#27;[38;5;32m[AndroidUiautomator2Driver@fb3b (5cabbd15)]&amp#27;[0m Matched '/elements' to command name 'findElements'
&amp#27;[38;5;32m[AndroidUiautomator2Driver@fb3b (5cabbd15)]&amp#27;[0m Proxying [POST /elements] to [POST http://127.0.0.1:8201/session/dc1a88ef-730b-4fe2-afab-0087ad1f4d72/elements] with body: {"strategy":"xpath","selector":"//android.view.ViewGroup[@content-desc='store item']","context":"","multiple":true}
&amp#27;[38;5;32m[AndroidUiautomator2Driver@fb3b (5cabbd15)]&amp#27;[0m Got response with status 200: {"sessionId":"dc1a88ef-730b-4fe2-afab-0087ad1f4d72","value":[{"ELEMENT":"00000000-0000-05c7-ffff-ffff00000102","element-6066-11e4-a52e-4f735466cecf":"00000000-0000-05c7-ffff-ffff00000102"},{"ELEMENT":"00000000-0000-05c7-ffff-ffff00000111","element-6066-11e4-a52e-4f735466cecf":"00000000-0000-05c7-ffff-ffff00000111"},{"ELEMENT":"00000000-0000-05c7-ffff-ffff00000121","element-6066-11e4-a52e-4f735466cecf":"00000000-0000-05c7-ffff-ffff00000121"},{"ELEMENT":"00000000-0000-05c7-ffff-ffff00000130","element-6066-11e4-a52e-4f735466cecf":"00000000-0000-05c7-ffff-ffff00000130"},{"ELEMENT":"00000000-0000-05c7-ffff-ffff00000140","element-6066-11e4-a52e-4f735466cecf":"00000000-0000-05c7-ffff-ffff00000140"},{"ELEMENT":"00000000-0000-05c7-ffff-ffff0000014f","element-6066-11e4-a52e-4f735466cecf":"00000000-0000-05c7-ffff-ffff0000014f"}]}
&amp#27;[38;5;32m[AndroidUiautomator2Driver@fb3b (5cabbd15)]&amp#27;[0m Responding to client with driver.findElements() result: [{"element-6066-11e4-a52e-4f735466cecf":"00000000-0000-05c7-ffff-ffff00000102","ELEMENT":"00000000-0000-05c7-ffff-ffff00000102"},{"element-6066-11e4-a52e-4f735466cecf":"00000000-0000-05c7-ffff-ffff00000111","ELEMENT":"00000000-0000-05c7-ffff-ffff00000111"},{"element-6066-11e4-a52e-4f735466cecf":"00000000-0000-05c7-ffff-ffff00000121","ELEMENT":"00000000-0000-05c7-ffff-ffff00000121"},{"element-6066-11e4-a52e-4f735466cecf":"00000000-0000-05c7-ffff-ffff00000130","ELEMENT":"00000000-0000-05c7-ffff-ffff00000130"},{"element-6066-11e4-a52e-4f735466cecf":"00000000-0000-05c7-ffff-ffff00000140","ELEMENT":"00000000-0000-05c7-ffff-ffff00000140"},{"element-6066-11e4-a52e-4f735466cecf":"00000000-0000-05c7-ffff-ffff0000014f","ELEMENT":"00000000-0000-05c7-ffff-ffff0000014f"}]
&amp#27;[38;5;0m[HTTP]&amp#27;[0m &amp#27;[37m<-- POST /session/5cabbd15-7e20-42e4-8d48-d95ee721e291/elements &amp#27;[39m&amp#27;[32m200&amp#27;[39m &amp#27;[90m253 ms - 779&amp#27;[39m
&amp#27;[38;5;0m[HTTP]&amp#27;[0m &amp#27;[90m&amp#27;[39m
&amp#27;[38;5;0m[HTTP]&amp#27;[0m &amp#27;[37m-->&amp#27;[39m &amp#27;[37mGET&amp#27;[39m &amp#27;[37m/session/5cabbd15-7e20-42e4-8d48-d95ee721e291/context&amp#27;[39m
&amp#27;[38;5;0m[HTTP]&amp#27;[0m &amp#27;[90m{}&amp#27;[39m
&amp#27;[38;5;32m[AndroidUiautomator2Driver@fb3b (5cabbd15)]&amp#27;[0m Calling AppiumDriver.getCurrentContext() with args: ["5cabbd15-7e20-42e4-8d48-d95ee721e291"]
&amp#27;[38;5;32m[AndroidUiautomator2Driver@fb3b (5cabbd15)]&amp#27;[0m Responding to client with driver.getCurrentContext() result: "NATIVE_APP"
&amp#27;[38;5;0m[HTTP]&amp#27;[0m &amp#27;[37m<-- GET /session/5cabbd15-7e20-42e4-8d48-d95ee721e291/context &amp#27;[39m&amp#27;[32m200&amp#27;[39m &amp#27;[90m1 ms - 22&amp#27;[39m
&amp#27;[38;5;0m[HTTP]&amp#27;[0m &amp#27;[90m&amp#27;[39m
&amp#27;[38;5;0m[HTTP]&amp#27;[0m &amp#27;[37m-->&amp#27;[39m &amp#27;[37mPOST&amp#27;[39m &amp#27;[37m/session/5cabbd15-7e20-42e4-8d48-d95ee721e291/elements&amp#27;[39m
&amp#27;[38;5;0m[HTTP]&amp#27;[0m &amp#27;[90m{"using":"xpath","value":"//android.view.ViewGroup[@content-desc='store item']"}&amp#27;[39m
&amp#27;[38;5;32m[AndroidUiautomator2Driver@fb3b (5cabbd15)]&amp#27;[0m Calling AppiumDriver.findElements() with args: ["xpath","//android.view.ViewGroup[@content-desc='store item']","5cabbd15-7e20-42e4-8d48-d95ee721e291"]
&amp#27;[38;5;32m[AndroidUiautomator2Driver@fb3b (5cabbd15)]&amp#27;[0m Valid locator strategies for this request: xpath, id, class name, accessibility id, css selector, -android uiautomator
&amp#27;[38;5;32m[AndroidUiautomator2Driver@fb3b (5cabbd15)]&amp#27;[0m Waiting up to 10000 ms for condition
&amp#27;[38;5;32m[AndroidUiautomator2Driver@fb3b (5cabbd15)]&amp#27;[0m Matched '/elements' to command name 'findElements'
&amp#27;[38;5;32m[AndroidUiautomator2Driver@fb3b (5cabbd15)]&amp#27;[0m Proxying [POST /elements] to [POST http://127.0.0.1:8201/session/dc1a88ef-730b-4fe2-afab-0087ad1f4d72/elements] with body: {"strategy":"xpath","selector":"//android.view.ViewGroup[@content-desc='store item']","context":"","multiple":true}
&amp#27;[38;5;32m[AndroidUiautomator2Driver@fb3b (5cabbd15)]&amp#27;[0m Got response with status 200: {"sessionId":"dc1a88ef-730b-4fe2-afab-0087ad1f4d72","value":[{"ELEMENT":"00000000-0000-05c7-ffff-ffff00000102","element-6066-11e4-a52e-4f735466cecf":"00000000-0000-05c7-ffff-ffff00000102"},{"ELEMENT":"00000000-0000-05c7-ffff-ffff00000111","element-6066-11e4-a52e-4f735466cecf":"00000000-0000-05c7-ffff-ffff00000111"},{"ELEMENT":"00000000-0000-05c7-ffff-ffff00000121","element-6066-11e4-a52e-4f735466cecf":"00000000-0000-05c7-ffff-ffff00000121"},{"ELEMENT":"00000000-0000-05c7-ffff-ffff00000130","element-6066-11e4-a52e-4f735466cecf":"00000000-0000-05c7-ffff-ffff00000130"},{"ELEMENT":"00000000-0000-05c7-ffff-ffff00000140","element-6066-11e4-a52e-4f735466cecf":"00000000-0000-05c7-ffff-ffff00000140"},{"ELEMENT":"00000000-0000-05c7-ffff-ffff0000014f","element-6066-11e4-a52e-4f735466cecf":"00000000-0000-05c7-ffff-ffff0000014f"}]}
&amp#27;[38;5;32m[AndroidUiautomator2Driver@fb3b (5cabbd15)]&amp#27;[0m Responding to client with driver.findElements() result: [{"element-6066-11e4-a52e-4f735466cecf":"00000000-0000-05c7-ffff-ffff00000102","ELEMENT":"00000000-0000-05c7-ffff-ffff00000102"},{"element-6066-11e4-a52e-4f735466cecf":"00000000-0000-05c7-ffff-ffff00000111","ELEMENT":"00000000-0000-05c7-ffff-ffff00000111"},{"element-6066-11e4-a52e-4f735466cecf":"00000000-0000-05c7-ffff-ffff00000121","ELEMENT":"00000000-0000-05c7-ffff-ffff00000121"},{"element-6066-11e4-a52e-4f735466cecf":"00000000-0000-05c7-ffff-ffff00000130","ELEMENT":"00000000-0000-05c7-ffff-ffff00000130"},{"element-6066-11e4-a52e-4f735466cecf":"00000000-0000-05c7-ffff-ffff00000140","ELEMENT":"00000000-0000-05c7-ffff-ffff00000140"},{"element-6066-11e4-a52e-4f735466cecf":"00000000-0000-05c7-ffff-ffff0000014f","ELEMENT":"00000000-0000-05c7-ffff-ffff0000014f"}]
&amp#27;[38;5;0m[HTTP]&amp#27;[0m &amp#27;[37m<-- POST /session/5cabbd15-7e20-42e4-8d48-d95ee721e291/elements &amp#27;[39m&amp#27;[32m200&amp#27;[39m &amp#27;[90m244 ms - 779&amp#27;[39m
&amp#27;[38;5;0m[HTTP]&amp#27;[0m &amp#27;[90m&amp#27;[39m
&amp#27;[38;5;0m[HTTP]&amp#27;[0m &amp#27;[37m-->&amp#27;[39m &amp#27;[37mPOST&amp#27;[39m &amp#27;[37m/session/5cabbd15-7e20-42e4-8d48-d95ee721e291/element/00000000-0000-05c7-ffff-ffff0000014f/element&amp#27;[39m
&amp#27;[38;5;0m[HTTP]&amp#27;[0m &amp#27;[90m{"id":"00000000-0000-05c7-ffff-ffff0000014f","using":"xpath","value":"//android.widget.TextView[@content-desc='store item price']"}&amp#27;[39m
&amp#27;[38;5;32m[AndroidUiautomator2Driver@fb3b (5cabbd15)]&amp#27;[0m Calling AppiumDriver.findElementFromElement() with args: ["xpath","//android.widget.TextView[@content-desc='store item price']","00000000-0000-05c7-ffff-ffff0000014f","5cabbd15-7e20-42e4-8d48-d95ee721e291"]
&amp#27;[38;5;32m[AndroidUiautomator2Driver@fb3b (5cabbd15)]&amp#27;[0m Valid locator strategies for this request: xpath, id, class name, accessibility id, css selector, -android uiautomator
&amp#27;[38;5;32m[AndroidUiautomator2Driver@fb3b (5cabbd15)]&amp#27;[0m Waiting up to 10000 ms for condition
&amp#27;[38;5;32m[AndroidUiautomator2Driver@fb3b (5cabbd15)]&amp#27;[0m Matched '/element' to command name 'findElement'
&amp#27;[38;5;32m[AndroidUiautomator2Driver@fb3b (5cabbd15)]&amp#27;[0m Proxying [POST /element] to [POST http://127.0.0.1:8201/session/dc1a88ef-730b-4fe2-afab-0087ad1f4d72/element] with body: {"strategy":"xpath","selector":"//android.widget.TextView[@content-desc='store item price']","context":"00000000-0000-05c7-ffff-ffff0000014f","multiple":false}
&amp#27;[38;5;32m[AndroidUiautomator2Driver@fb3b (5cabbd15)]&amp#27;[0m Got response with status 200: {"sessionId":"dc1a88ef-730b-4fe2-afab-0087ad1f4d72","value":{"ELEMENT":"00000000-0000-05c7-ffff-ffff00000153","element-6066-11e4-a52e-4f735466cecf":"00000000-0000-05c7-ffff-ffff00000153"}}
&amp#27;[38;5;32m[AndroidUiautomator2Driver@fb3b (5cabbd15)]&amp#27;[0m Responding to client with driver.findElementFromElement() result: {"element-6066-11e4-a52e-4f735466cecf":"00000000-0000-05c7-ffff-ffff00000153","ELEMENT":"00000000-0000-05c7-ffff-ffff00000153"}
&amp#27;[38;5;0m[HTTP]&amp#27;[0m &amp#27;[37m<-- POST /session/5cabbd15-7e20-42e4-8d48-d95ee721e291/element/00000000-0000-05c7-ffff-ffff0000014f/element &amp#27;[39m&amp#27;[32m200&amp#27;[39m &amp#27;[90m45 ms - 137&amp#27;[39m
&amp#27;[38;5;0m[HTTP]&amp#27;[0m &amp#27;[90m&amp#27;[39m
&amp#27;[38;5;0m[HTTP]&amp#27;[0m &amp#27;[37m-->&amp#27;[39m &amp#27;[37mGET&amp#27;[39m &amp#27;[37m/session/5cabbd15-7e20-42e4-8d48-d95ee721e291/element/00000000-0000-05c7-ffff-ffff00000153/text&amp#27;[39m
&amp#27;[38;5;0m[HTTP]&amp#27;[0m &amp#27;[90m{}&amp#27;[39m
&amp#27;[38;5;32m[AndroidUiautomator2Driver@fb3b (5cabbd15)]&amp#27;[0m Driver proxy active, passing request on via HTTP proxy
&amp#27;[38;5;32m[AndroidUiautomator2Driver@fb3b (5cabbd15)]&amp#27;[0m Matched '/session/5cabbd15-7e20-42e4-8d48-d95ee721e291/element/00000000-0000-05c7-ffff-ffff00000153/text' to command name 'getText'
&amp#27;[38;5;32m[AndroidUiautomator2Driver@fb3b (5cabbd15)]&amp#27;[0m Proxying [GET /session/5cabbd15-7e20-42e4-8d48-d95ee721e291/element/00000000-0000-05c7-ffff-ffff00000153/text] to [GET http://127.0.0.1:8201/session/dc1a88ef-730b-4fe2-afab-0087ad1f4d72/element/00000000-0000-05c7-ffff-ffff00000153/text] with no body
&amp#27;[38;5;32m[AndroidUiautomator2Driver@fb3b (5cabbd15)]&amp#27;[0m Got response with status 200: {"sessionId":"dc1a88ef-730b-4fe2-afab-0087ad1f4d72","value":"$49.99"}
&amp#27;[38;5;32m[AndroidUiautomator2Driver@fb3b (5cabbd15)]&amp#27;[0m Replacing sessionId dc1a88ef-730b-4fe2-afab-0087ad1f4d72 with 5cabbd15-7e20-42e4-8d48-d95ee721e291
&amp#27;[38;5;0m[HTTP]&amp#27;[0m &amp#27;[37m<-- GET /session/5cabbd15-7e20-42e4-8d48-d95ee721e291/element/00000000-0000-05c7-ffff-ffff00000153/text &amp#27;[39m&amp#27;[32m200&amp#27;[39m &amp#27;[90m13 ms - 69&amp#27;[39m
&amp#27;[38;5;0m[HTTP]&amp#27;[0m &amp#27;[90m&amp#27;[39m
&amp#27;[38;5;0m[HTTP]&amp#27;[0m &amp#27;[37m-->&amp#27;[39m &amp#27;[37mGET&amp#27;[39m &amp#27;[37m/session/5cabbd15-7e20-42e4-8d48-d95ee721e291/context&amp#27;[39m
&amp#27;[38;5;0m[HTTP]&amp#27;[0m &amp#27;[90m{}&amp#27;[39m
&amp#27;[38;5;32m[AndroidUiautomator2Driver@fb3b (5cabbd15)]&amp#27;[0m Calling AppiumDriver.getCurrentContext() with args: ["5cabbd15-7e20-42e4-8d48-d95ee721e291"]
&amp#27;[38;5;32m[AndroidUiautomator2Driver@fb3b (5cabbd15)]&amp#27;[0m Responding to client with driver.getCurrentContext() result: "NATIVE_APP"
&amp#27;[38;5;0m[HTTP]&amp#27;[0m &amp#27;[37m<-- GET /session/5cabbd15-7e20-42e4-8d48-d95ee721e291/context &amp#27;[39m&amp#27;[32m200&amp#27;[39m &amp#27;[90m1 ms - 22&amp#27;[39m
&amp#27;[38;5;0m[HTTP]&amp#27;[0m &amp#27;[90m&amp#27;[39m
&amp#27;[38;5;0m[HTTP]&amp#27;[0m &amp#27;[37m-->&amp#27;[39m &amp#27;[37mPOST&amp#27;[39m &amp#27;[37m/session/5cabbd15-7e20-42e4-8d48-d95ee721e291/elements&amp#27;[39m
&amp#27;[38;5;0m[HTTP]&amp#27;[0m &amp#27;[90m{"using":"xpath","value":"//android.view.ViewGroup[@content-desc='store item']"}&amp#27;[39m
&amp#27;[38;5;32m[AndroidUiautomator2Driver@fb3b (5cabbd15)]&amp#27;[0m Calling AppiumDriver.findElements() with args: ["xpath","//android.view.ViewGroup[@content-desc='store item']","5cabbd15-7e20-42e4-8d48-d95ee721e291"]
&amp#27;[38;5;32m[AndroidUiautomator2Driver@fb3b (5cabbd15)]&amp#27;[0m Valid locator strategies for this request: xpath, id, class name, accessibility id, css selector, -android uiautomator
&amp#27;[38;5;32m[AndroidUiautomator2Driver@fb3b (5cabbd15)]&amp#27;[0m Waiting up to 10000 ms for condition
&amp#27;[38;5;32m[AndroidUiautomator2Driver@fb3b (5cabbd15)]&amp#27;[0m Matched '/elements' to command name 'findElements'
&amp#27;[38;5;32m[AndroidUiautomator2Driver@fb3b (5cabbd15)]&amp#27;[0m Proxying [POST /elements] to [POST http://127.0.0.1:8201/session/dc1a88ef-730b-4fe2-afab-0087ad1f4d72/elements] with body: {"strategy":"xpath","selector":"//android.view.ViewGroup[@content-desc='store item']","context":"","multiple":true}
&amp#27;[38;5;32m[AndroidUiautomator2Driver@fb3b (5cabbd15)]&amp#27;[0m Got response with status 200: {"sessionId":"dc1a88ef-730b-4fe2-afab-0087ad1f4d72","value":[{"ELEMENT":"00000000-0000-05c7-ffff-ffff00000102","element-6066-11e4-a52e-4f735466cecf":"00000000-0000-05c7-ffff-ffff00000102"},{"ELEMENT":"00000000-0000-05c7-ffff-ffff00000111","element-6066-11e4-a52e-4f735466cecf":"00000000-0000-05c7-ffff-ffff00000111"},{"ELEMENT":"00000000-0000-05c7-ffff-ffff00000121","element-6066-11e4-a52e-4f735466cecf":"00000000-0000-05c7-ffff-ffff00000121"},{"ELEMENT":"00000000-0000-05c7-ffff-ffff00000130","element-6066-11e4-a52e-4f735466cecf":"00000000-0000-05c7-ffff-ffff00000130"},{"ELEMENT":"00000000-0000-05c7-ffff-ffff00000140","element-6066-11e4-a52e-4f735466cecf":"00000000-0000-05c7-ffff-ffff00000140"},{"ELEMENT":"00000000-0000-05c7-ffff-ffff0000014f","element-6066-11e4-a52e-4f735466cecf":"00000000-0000-05c7-ffff-ffff0000014f"}]}
&amp#27;[38;5;32m[AndroidUiautomator2Driver@fb3b (5cabbd15)]&amp#27;[0m Responding to client with driver.findElements() result: [{"element-6066-11e4-a52e-4f735466cecf":"00000000-0000-05c7-ffff-ffff00000102","ELEMENT":"00000000-0000-05c7-ffff-ffff00000102"},{"element-6066-11e4-a52e-4f735466cecf":"00000000-0000-05c7-ffff-ffff00000111","ELEMENT":"00000000-0000-05c7-ffff-ffff00000111"},{"element-6066-11e4-a52e-4f735466cecf":"00000000-0000-05c7-ffff-ffff00000121","ELEMENT":"00000000-0000-05c7-ffff-ffff00000121"},{"element-6066-11e4-a52e-4f735466cecf":"00000000-0000-05c7-ffff-ffff00000130","ELEMENT":"00000000-0000-05c7-ffff-ffff00000130"},{"element-6066-11e4-a52e-4f735466cecf":"00000000-0000-05c7-ffff-ffff00000140","ELEMENT":"00000000-0000-05c7-ffff-ffff00000140"},{"element-6066-11e4-a52e-4f735466cecf":"00000000-0000-05c7-ffff-ffff0000014f","ELEMENT":"00000000-0000-05c7-ffff-ffff0000014f"}]
&amp#27;[38;5;0m[HTTP]&amp#27;[0m &amp#27;[37m<-- POST /session/5cabbd15-7e20-42e4-8d48-d95ee721e291/elements &amp#27;[39m&amp#27;[32m200&amp#27;[39m &amp#27;[90m245 ms - 779&amp#27;[39m
&amp#27;[38;5;0m[HTTP]&amp#27;[0m &amp#27;[90m&amp#27;[39m
&amp#27;[38;5;0m[HTTP]&amp#27;[0m &amp#27;[37m-->&amp#27;[39m &amp#27;[37mPOST&amp#27;[39m &amp#27;[37m/session/5cabbd15-7e20-42e4-8d48-d95ee721e291/element&amp#27;[39m
&amp#27;[38;5;0m[HTTP]&amp#27;[0m &amp#27;[90m{"using":"-android uiautomator","value":"new UiScrollable(new UiSelector().scrollable(true).instance(0)).scrollToBeginning(1)"}&amp#27;[39m
&amp#27;[38;5;32m[AndroidUiautomator2Driver@fb3b (5cabbd15)]&amp#27;[0m Calling AppiumDriver.findElement() with args: ["-android uiautomator","new UiScrollable(new UiSelector().scrollable(true).instance(0)).scrollToBeginning(1)","5cabbd15-7e20-42e4-8d48-d95ee721e291"]
&amp#27;[38;5;32m[AndroidUiautomator2Driver@fb3b (5cabbd15)]&amp#27;[0m Valid locator strategies for this request: xpath, id, class name, accessibility id, css selector, -android uiautomator
&amp#27;[38;5;32m[AndroidUiautomator2Driver@fb3b (5cabbd15)]&amp#27;[0m Waiting up to 10000 ms for condition
&amp#27;[38;5;32m[AndroidUiautomator2Driver@fb3b (5cabbd15)]&amp#27;[0m Matched '/element' to command name 'findElement'
&amp#27;[38;5;32m[AndroidUiautomator2Driver@fb3b (5cabbd15)]&amp#27;[0m Proxying [POST /element] to [POST http://127.0.0.1:8201/session/dc1a88ef-730b-4fe2-afab-0087ad1f4d72/element] with body: {"strategy":"-android uiautomator","selector":"new UiScrollable(new UiSelector().scrollable(true).instance(0)).scrollToBeginning(1)","context":"","multiple":false}
&amp#27;[38;5;32m[AndroidUiautomator2Driver@fb3b (5cabbd15)]&amp#27;[0m Got response with status 200: {"sessionId":"dc1a88ef-730b-4fe2-afab-0087ad1f4d72","value":{"ELEMENT":"00000000-0000-05c7-ffff-ffff0000001d","element-6066-11e4-a52e-4f735466cecf":"00000000-0000-05c7-ffff-ffff0000001d"}}
&amp#27;[38;5;32m[AndroidUiautomator2Driver@fb3b (5cabbd15)]&amp#27;[0m Responding to client with driver.findElement() result: {"element-6066-11e4-a52e-4f735466cecf":"00000000-0000-05c7-ffff-ffff0000001d","ELEMENT":"00000000-0000-05c7-ffff-ffff0000001d"}
&amp#27;[38;5;0m[HTTP]&amp#27;[0m &amp#27;[37m<-- POST /session/5cabbd15-7e20-42e4-8d48-d95ee721e291/element &amp#27;[39m&amp#27;[32m200&amp#27;[39m &amp#27;[90m1337 ms - 137&amp#27;[39m
&amp#27;[38;5;0m[HTTP]&amp#27;[0m &amp#27;[90m&amp#27;[39m
]]></system-out>
  </testcase>
  <testcase name="DescendingNameSortVerification" classname="testCases.TC3_CatalogueTests" time="15.767">
    <system-out><![CDATA[&amp#27;[38;5;0m[HTTP]&amp#27;[0m &amp#27;[37m-->&amp#27;[39m &amp#27;[37mGET&amp#27;[39m &amp#27;[37m/session/5cabbd15-7e20-42e4-8d48-d95ee721e291/context&amp#27;[39m
&amp#27;[38;5;0m[HTTP]&amp#27;[0m &amp#27;[90m{}&amp#27;[39m
&amp#27;[38;5;32m[AndroidUiautomator2Driver@fb3b (5cabbd15)]&amp#27;[0m Calling AppiumDriver.getCurrentContext() with args: ["5cabbd15-7e20-42e4-8d48-d95ee721e291"]
&amp#27;[38;5;32m[AndroidUiautomator2Driver@fb3b (5cabbd15)]&amp#27;[0m Responding to client with driver.getCurrentContext() result: "NATIVE_APP"
&amp#27;[38;5;0m[HTTP]&amp#27;[0m &amp#27;[37m<-- GET /session/5cabbd15-7e20-42e4-8d48-d95ee721e291/context &amp#27;[39m&amp#27;[32m200&amp#27;[39m &amp#27;[90m1 ms - 22&amp#27;[39m
&amp#27;[38;5;0m[HTTP]&amp#27;[0m &amp#27;[90m&amp#27;[39m
&amp#27;[38;5;0m[HTTP]&amp#27;[0m &amp#27;[37m-->&amp#27;[39m &amp#27;[37mPOST&amp#27;[39m &amp#27;[37m/session/5cabbd15-7e20-42e4-8d48-d95ee721e291/element&amp#27;[39m
&amp#27;[38;5;0m[HTTP]&amp#27;[0m &amp#27;[90m{"using":"accessibility id","value":"sort button"}&amp#27;[39m
&amp#27;[38;5;32m[AndroidUiautomator2Driver@fb3b (5cabbd15)]&amp#27;[0m Calling AppiumDriver.findElement() with args: ["accessibility id","sort button","5cabbd15-7e20-42e4-8d48-d95ee721e291"]
&amp#27;[38;5;32m[AndroidUiautomator2Driver@fb3b (5cabbd15)]&amp#27;[0m Valid locator strategies for this request: xpath, id, class name, accessibility id, css selector, -android uiautomator
&amp#27;[38;5;32m[AndroidUiautomator2Driver@fb3b (5cabbd15)]&amp#27;[0m Waiting up to 10000 ms for condition
&amp#27;[38;5;32m[AndroidUiautomator2Driver@fb3b (5cabbd15)]&amp#27;[0m Matched '/element' to command name 'findElement'
&amp#27;[38;5;32m[AndroidUiautomator2Driver@fb3b (5cabbd15)]&amp#27;[0m Proxying [POST /element] to [POST http://127.0.0.1:8201/session/dc1a88ef-730b-4fe2-afab-0087ad1f4d72/element] with body: {"strategy":"accessibility id","selector":"sort button","context":"","multiple":false}
&amp#27;[38;5;32m[AndroidUiautomator2Driver@fb3b (5cabbd15)]&amp#27;[0m Got response with status 200: {"sessionId":"dc1a88ef-730b-4fe2-afab-0087ad1f4d72","value":{"ELEMENT":"00000000-0000-05c7-ffff-ffff00000026","element-6066-11e4-a52e-4f735466cecf":"00000000-0000-05c7-ffff-ffff00000026"}}
&amp#27;[38;5;32m[AndroidUiautomator2Driver@fb3b (5cabbd15)]&amp#27;[0m Responding to client with driver.findElement() result: {"element-6066-11e4-a52e-4f735466cecf":"00000000-0000-05c7-ffff-ffff00000026","ELEMENT":"00000000-0000-05c7-ffff-ffff00000026"}
&amp#27;[38;5;0m[HTTP]&amp#27;[0m &amp#27;[37m<-- POST /session/5cabbd15-7e20-42e4-8d48-d95ee721e291/element &amp#27;[39m&amp#27;[32m200&amp#27;[39m &amp#27;[90m39 ms - 137&amp#27;[39m
&amp#27;[38;5;0m[HTTP]&amp#27;[0m &amp#27;[90m&amp#27;[39m
&amp#27;[38;5;0m[HTTP]&amp#27;[0m &amp#27;[37m-->&amp#27;[39m &amp#27;[37mPOST&amp#27;[39m &amp#27;[37m/session/5cabbd15-7e20-42e4-8d48-d95ee721e291/element/00000000-0000-05c7-ffff-ffff00000026/click&amp#27;[39m
&amp#27;[38;5;0m[HTTP]&amp#27;[0m &amp#27;[90m{"id":"00000000-0000-05c7-ffff-ffff00000026"}&amp#27;[39m
&amp#27;[38;5;32m[AndroidUiautomator2Driver@fb3b (5cabbd15)]&amp#27;[0m Calling AppiumDriver.click() with args: ["00000000-0000-05c7-ffff-ffff00000026","5cabbd15-7e20-42e4-8d48-d95ee721e291"]
&amp#27;[38;5;32m[AndroidUiautomator2Driver@fb3b (5cabbd15)]&amp#27;[0m Matched '/element/00000000-0000-05c7-ffff-ffff00000026/click' to command name 'click'
&amp#27;[38;5;32m[AndroidUiautomator2Driver@fb3b (5cabbd15)]&amp#27;[0m Proxying [POST /element/00000000-0000-05c7-ffff-ffff00000026/click] to [POST http://127.0.0.1:8201/session/dc1a88ef-730b-4fe2-afab-0087ad1f4d72/element/00000000-0000-05c7-ffff-ffff00000026/click] with body: {"element":"00000000-0000-05c7-ffff-ffff00000026"}
&amp#27;[38;5;32m[AndroidUiautomator2Driver@fb3b (5cabbd15)]&amp#27;[0m Got response with status 200: {"sessionId":"dc1a88ef-730b-4fe2-afab-0087ad1f4d72","value":null}
&amp#27;[38;5;32m[AndroidUiautomator2Driver@fb3b (5cabbd15)]&amp#27;[0m Responding to client with driver.click() result: null
&amp#27;[38;5;0m[HTTP]&amp#27;[0m &amp#27;[37m<-- POST /session/5cabbd15-7e20-42e4-8d48-d95ee721e291/element/00000000-0000-05c7-ffff-ffff00000026/click &amp#27;[39m&amp#27;[32m200&amp#27;[39m &amp#27;[90m36 ms - 14&amp#27;[39m
&amp#27;[38;5;0m[HTTP]&amp#27;[0m &amp#27;[90m&amp#27;[39m
&amp#27;[38;5;0m[HTTP]&amp#27;[0m &amp#27;[37m-->&amp#27;[39m &amp#27;[37mGET&amp#27;[39m &amp#27;[37m/session/5cabbd15-7e20-42e4-8d48-d95ee721e291/context&amp#27;[39m
&amp#27;[38;5;0m[HTTP]&amp#27;[0m &amp#27;[90m{}&amp#27;[39m
&amp#27;[38;5;32m[AndroidUiautomator2Driver@fb3b (5cabbd15)]&amp#27;[0m Calling AppiumDriver.getCurrentContext() with args: ["5cabbd15-7e20-42e4-8d48-d95ee721e291"]
&amp#27;[38;5;32m[AndroidUiautomator2Driver@fb3b (5cabbd15)]&amp#27;[0m Responding to client with driver.getCurrentContext() result: "NATIVE_APP"
&amp#27;[38;5;0m[HTTP]&amp#27;[0m &amp#27;[37m<-- GET /session/5cabbd15-7e20-42e4-8d48-d95ee721e291/context &amp#27;[39m&amp#27;[32m200&amp#27;[39m &amp#27;[90m1 ms - 22&amp#27;[39m
&amp#27;[38;5;0m[HTTP]&amp#27;[0m &amp#27;[90m&amp#27;[39m
&amp#27;[38;5;0m[HTTP]&amp#27;[0m &amp#27;[37m-->&amp#27;[39m &amp#27;[37mPOST&amp#27;[39m &amp#27;[37m/session/5cabbd15-7e20-42e4-8d48-d95ee721e291/element&amp#27;[39m
&amp#27;[38;5;0m[HTTP]&amp#27;[0m &amp#27;[90m{"using":"accessibility id","value":"nameDesc"}&amp#27;[39m
&amp#27;[38;5;32m[AndroidUiautomator2Driver@fb3b (5cabbd15)]&amp#27;[0m Calling AppiumDriver.findElement() with args: ["accessibility id","nameDesc","5cabbd15-7e20-42e4-8d48-d95ee721e291"]
&amp#27;[38;5;32m[AndroidUiautomator2Driver@fb3b (5cabbd15)]&amp#27;[0m Valid locator strategies for this request: xpath, id, class name, accessibility id, css selector, -android uiautomator
&amp#27;[38;5;32m[AndroidUiautomator2Driver@fb3b (5cabbd15)]&amp#27;[0m Waiting up to 10000 ms for condition
&amp#27;[38;5;32m[AndroidUiautomator2Driver@fb3b (5cabbd15)]&amp#27;[0m Matched '/element' to command name 'findElement'
&amp#27;[38;5;32m[AndroidUiautomator2Driver@fb3b (5cabbd15)]&amp#27;[0m Proxying [POST /element] to [POST http://127.0.0.1:8201/session/dc1a88ef-730b-4fe2-afab-0087ad1f4d72/element] with body: {"strategy":"accessibility id","selector":"nameDesc","context":"","multiple":false}
&amp#27;[38;5;32m[AndroidUiautomator2Driver@fb3b (5cabbd15)]&amp#27;[0m Got response with status 404: {"sessionId":"dc1a88ef-730b-4fe2-afab-0087ad1f4d72","value":{"error":"no such element","message":"An element could not be located on the page using the given search parameters","stacktrace":"io.appium.uiautomator2.common.exceptions.ElementNotFoundException: An element could not be located on the page using the given search parameters\n\tat io.appium.uiautomator2.handler.FindElement.safeHandle(FindElement.java:63)\n\tat io.appium.uiautomator2.handler.request.SafeRequestHandler.handle(SafeRequestHandler.java:59)\n\tat io.appium.uiautomator2.server.AppiumServlet.handleRequest(AppiumServlet.java:277)\n\tat io.appium.uiautomator2.server.AppiumServlet.handleHttpRequest(AppiumServlet.java:271)\n\tat io.appium.uiautomator2.http.ServerHandler.channelRead(ServerHandler.java:77)\n\tat io.netty.channel.AbstractChannelHandlerContext.invokeChannelRead(AbstractChannelHandlerContext.java:366)\n\tat io.netty.channel.AbstractChannelHandlerContext.invokeChannelRead(AbstractChannelHandlerContext.java:352)\n\tat io.netty.chann...
&amp#27;[38;5;128m[W3C]&amp#27;[0m Matched W3C error code 'no such element' to NoSuchElementError
&amp#27;[38;5;32m[AndroidUiautomator2Driver@fb3b (5cabbd15)]&amp#27;[0m Waited for 104 ms so far
&amp#27;[38;5;32m[AndroidUiautomator2Driver@fb3b (5cabbd15)]&amp#27;[0m Matched '/element' to command name 'findElement'
&amp#27;[38;5;32m[AndroidUiautomator2Driver@fb3b (5cabbd15)]&amp#27;[0m Proxying [POST /element] to [POST http://127.0.0.1:8201/session/dc1a88ef-730b-4fe2-afab-0087ad1f4d72/element] with body: {"strategy":"accessibility id","selector":"nameDesc","context":"","multiple":false}
&amp#27;[38;5;32m[AndroidUiautomator2Driver@fb3b (5cabbd15)]&amp#27;[0m Got response with status 200: {"sessionId":"dc1a88ef-730b-4fe2-afab-0087ad1f4d72","value":{"ELEMENT":"00000000-0000-05cc-ffff-ffff00000188","element-6066-11e4-a52e-4f735466cecf":"00000000-0000-05cc-ffff-ffff00000188"}}
&amp#27;[38;5;32m[AndroidUiautomator2Driver@fb3b (5cabbd15)]&amp#27;[0m Responding to client with driver.findElement() result: {"element-6066-11e4-a52e-4f735466cecf":"00000000-0000-05cc-ffff-ffff00000188","ELEMENT":"00000000-0000-05cc-ffff-ffff00000188"}
&amp#27;[38;5;0m[HTTP]&amp#27;[0m &amp#27;[37m<-- POST /session/5cabbd15-7e20-42e4-8d48-d95ee721e291/element &amp#27;[39m&amp#27;[32m200&amp#27;[39m &amp#27;[90m633 ms - 137&amp#27;[39m
&amp#27;[38;5;0m[HTTP]&amp#27;[0m &amp#27;[90m&amp#27;[39m
&amp#27;[38;5;0m[HTTP]&amp#27;[0m &amp#27;[37m-->&amp#27;[39m &amp#27;[37mPOST&amp#27;[39m &amp#27;[37m/session/5cabbd15-7e20-42e4-8d48-d95ee721e291/element/00000000-0000-05cc-ffff-ffff00000188/click&amp#27;[39m
&amp#27;[38;5;0m[HTTP]&amp#27;[0m &amp#27;[90m{"id":"00000000-0000-05cc-ffff-ffff00000188"}&amp#27;[39m
&amp#27;[38;5;32m[AndroidUiautomator2Driver@fb3b (5cabbd15)]&amp#27;[0m Calling AppiumDriver.click() with args: ["00000000-0000-05cc-ffff-ffff00000188","5cabbd15-7e20-42e4-8d48-d95ee721e291"]
&amp#27;[38;5;32m[AndroidUiautomator2Driver@fb3b (5cabbd15)]&amp#27;[0m Matched '/element/00000000-0000-05cc-ffff-ffff00000188/click' to command name 'click'
&amp#27;[38;5;32m[AndroidUiautomator2Driver@fb3b (5cabbd15)]&amp#27;[0m Proxying [POST /element/00000000-0000-05cc-ffff-ffff00000188/click] to [POST http://127.0.0.1:8201/session/dc1a88ef-730b-4fe2-afab-0087ad1f4d72/element/00000000-0000-05cc-ffff-ffff00000188/click] with body: {"element":"00000000-0000-05cc-ffff-ffff00000188"}
&amp#27;[38;5;32m[AndroidUiautomator2Driver@fb3b (5cabbd15)]&amp#27;[0m Got response with status 200: {"sessionId":"dc1a88ef-730b-4fe2-afab-0087ad1f4d72","value":null}
&amp#27;[38;5;32m[AndroidUiautomator2Driver@fb3b (5cabbd15)]&amp#27;[0m Responding to client with driver.click() result: null
&amp#27;[38;5;0m[HTTP]&amp#27;[0m &amp#27;[37m<-- POST /session/5cabbd15-7e20-42e4-8d48-d95ee721e291/element/00000000-0000-05cc-ffff-ffff00000188/click &amp#27;[39m&amp#27;[32m200&amp#27;[39m &amp#27;[90m49 ms - 14&amp#27;[39m
&amp#27;[38;5;0m[HTTP]&amp#27;[0m &amp#27;[90m&amp#27;[39m
&amp#27;[38;5;0m[HTTP]&amp#27;[0m &amp#27;[37m-->&amp#27;[39m &amp#27;[37mGET&amp#27;[39m &amp#27;[37m/session/5cabbd15-7e20-42e4-8d48-d95ee721e291/context&amp#27;[39m
&amp#27;[38;5;0m[HTTP]&amp#27;[0m &amp#27;[90m{}&amp#27;[39m
&amp#27;[38;5;32m[AndroidUiautomator2Driver@fb3b (5cabbd15)]&amp#27;[0m Calling AppiumDriver.getCurrentContext() with args: ["5cabbd15-7e20-42e4-8d48-d95ee721e291"]
&amp#27;[38;5;32m[AndroidUiautomator2Driver@fb3b (5cabbd15)]&amp#27;[0m Responding to client with driver.getCurrentContext() result: "NATIVE_APP"
&amp#27;[38;5;0m[HTTP]&amp#27;[0m &amp#27;[37m<-- GET /session/5cabbd15-7e20-42e4-8d48-d95ee721e291/context &amp#27;[39m&amp#27;[32m200&amp#27;[39m &amp#27;[90m1 ms - 22&amp#27;[39m
&amp#27;[38;5;0m[HTTP]&amp#27;[0m &amp#27;[90m&amp#27;[39m
&amp#27;[38;5;0m[HTTP]&amp#27;[0m &amp#27;[37m-->&amp#27;[39m &amp#27;[37mPOST&amp#27;[39m &amp#27;[37m/session/5cabbd15-7e20-42e4-8d48-d95ee721e291/element&amp#27;[39m
&amp#27;[38;5;0m[HTTP]&amp#27;[0m &amp#27;[90m{"using":"accessibility id","value":"sort button"}&amp#27;[39m
&amp#27;[38;5;32m[AndroidUiautomator2Driver@fb3b (5cabbd15)]&amp#27;[0m Calling AppiumDriver.findElement() with args: ["accessibility id","sort button","5cabbd15-7e20-42e4-8d48-d95ee721e291"]
&amp#27;[38;5;32m[AndroidUiautomator2Driver@fb3b (5cabbd15)]&amp#27;[0m Valid locator strategies for this request: xpath, id, class name, accessibility id, css selector, -android uiautomator
&amp#27;[38;5;32m[AndroidUiautomator2Driver@fb3b (5cabbd15)]&amp#27;[0m Waiting up to 10000 ms for condition
&amp#27;[38;5;32m[AndroidUiautomator2Driver@fb3b (5cabbd15)]&amp#27;[0m Matched '/element' to command name 'findElement'
&amp#27;[38;5;32m[AndroidUiautomator2Driver@fb3b (5cabbd15)]&amp#27;[0m Proxying [POST /element] to [POST http://127.0.0.1:8201/session/dc1a88ef-730b-4fe2-afab-0087ad1f4d72/element] with body: {"strategy":"accessibility id","selector":"sort button","context":"","multiple":false}
&amp#27;[38;5;32m[AndroidUiautomator2Driver@fb3b (5cabbd15)]&amp#27;[0m Got response with status 404: {"sessionId":"dc1a88ef-730b-4fe2-afab-0087ad1f4d72","value":{"error":"no such element","message":"An element could not be located on the page using the given search parameters","stacktrace":"io.appium.uiautomator2.common.exceptions.ElementNotFoundException: An element could not be located on the page using the given search parameters\n\tat io.appium.uiautomator2.handler.FindElement.safeHandle(FindElement.java:63)\n\tat io.appium.uiautomator2.handler.request.SafeRequestHandler.handle(SafeRequestHandler.java:59)\n\tat io.appium.uiautomator2.server.AppiumServlet.handleRequest(AppiumServlet.java:277)\n\tat io.appium.uiautomator2.server.AppiumServlet.handleHttpRequest(AppiumServlet.java:271)\n\tat io.appium.uiautomator2.http.ServerHandler.channelRead(ServerHandler.java:77)\n\tat io.netty.channel.AbstractChannelHandlerContext.invokeChannelRead(AbstractChannelHandlerContext.java:366)\n\tat io.netty.channel.AbstractChannelHandlerContext.invokeChannelRead(AbstractChannelHandlerContext.java:352)\n\tat io.netty.chann...
&amp#27;[38;5;128m[W3C]&amp#27;[0m Matched W3C error code 'no such element' to NoSuchElementError
&amp#27;[38;5;32m[AndroidUiautomator2Driver@fb3b (5cabbd15)]&amp#27;[0m Waited for 39 ms so far
&amp#27;[38;5;32m[AndroidUiautomator2Driver@fb3b (5cabbd15)]&amp#27;[0m Matched '/element' to command name 'findElement'
&amp#27;[38;5;32m[AndroidUiautomator2Driver@fb3b (5cabbd15)]&amp#27;[0m Proxying [POST /element] to [POST http://127.0.0.1:8201/session/dc1a88ef-730b-4fe2-afab-0087ad1f4d72/element] with body: {"strategy":"accessibility id","selector":"sort button","context":"","multiple":false}
&amp#27;[38;5;32m[AndroidUiautomator2Driver@fb3b (5cabbd15)]&amp#27;[0m Got response with status 200: {"sessionId":"dc1a88ef-730b-4fe2-afab-0087ad1f4d72","value":{"ELEMENT":"00000000-0000-05c7-ffff-ffff00000026","element-6066-11e4-a52e-4f735466cecf":"00000000-0000-05c7-ffff-ffff00000026"}}
&amp#27;[38;5;32m[AndroidUiautomator2Driver@fb3b (5cabbd15)]&amp#27;[0m Responding to client with driver.findElement() result: {"element-6066-11e4-a52e-4f735466cecf":"00000000-0000-05c7-ffff-ffff00000026","ELEMENT":"00000000-0000-05c7-ffff-ffff00000026"}
&amp#27;[38;5;0m[HTTP]&amp#27;[0m &amp#27;[37m<-- POST /session/5cabbd15-7e20-42e4-8d48-d95ee721e291/element &amp#27;[39m&amp#27;[32m200&amp#27;[39m &amp#27;[90m765 ms - 137&amp#27;[39m
&amp#27;[38;5;0m[HTTP]&amp#27;[0m &amp#27;[90m&amp#27;[39m
&amp#27;[38;5;0m[HTTP]&amp#27;[0m &amp#27;[37m-->&amp#27;[39m &amp#27;[37mPOST&amp#27;[39m &amp#27;[37m/session/5cabbd15-7e20-42e4-8d48-d95ee721e291/element/00000000-0000-05c7-ffff-ffff00000026/click&amp#27;[39m
&amp#27;[38;5;0m[HTTP]&amp#27;[0m &amp#27;[90m{"id":"00000000-0000-05c7-ffff-ffff00000026"}&amp#27;[39m
&amp#27;[38;5;32m[AndroidUiautomator2Driver@fb3b (5cabbd15)]&amp#27;[0m Calling AppiumDriver.click() with args: ["00000000-0000-05c7-ffff-ffff00000026","5cabbd15-7e20-42e4-8d48-d95ee721e291"]
&amp#27;[38;5;32m[AndroidUiautomator2Driver@fb3b (5cabbd15)]&amp#27;[0m Matched '/element/00000000-0000-05c7-ffff-ffff00000026/click' to command name 'click'
&amp#27;[38;5;32m[AndroidUiautomator2Driver@fb3b (5cabbd15)]&amp#27;[0m Proxying [POST /element/00000000-0000-05c7-ffff-ffff00000026/click] to [POST http://127.0.0.1:8201/session/dc1a88ef-730b-4fe2-afab-0087ad1f4d72/element/00000000-0000-05c7-ffff-ffff00000026/click] with body: {"element":"00000000-0000-05c7-ffff-ffff00000026"}
&amp#27;[38;5;32m[AndroidUiautomator2Driver@fb3b (5cabbd15)]&amp#27;[0m Got response with status 200: {"sessionId":"dc1a88ef-730b-4fe2-afab-0087ad1f4d72","value":null}
&amp#27;[38;5;32m[AndroidUiautomator2Driver@fb3b (5cabbd15)]&amp#27;[0m Responding to client with driver.click() result: null
&amp#27;[38;5;0m[HTTP]&amp#27;[0m &amp#27;[37m<-- POST /session/5cabbd15-7e20-42e4-8d48-d95ee721e291/element/00000000-0000-05c7-ffff-ffff00000026/click &amp#27;[39m&amp#27;[32m200&amp#27;[39m &amp#27;[90m47 ms - 14&amp#27;[39m
&amp#27;[38;5;0m[HTTP]&amp#27;[0m &amp#27;[90m&amp#27;[39m
&amp#27;[38;5;0m[HTTP]&amp#27;[0m &amp#27;[37m-->&amp#27;[39m &amp#27;[37mGET&amp#27;[39m &amp#27;[37m/session/5cabbd15-7e20-42e4-8d48-d95ee721e291/context&amp#27;[39m
&amp#27;[38;5;0m[HTTP]&amp#27;[0m &amp#27;[90m{}&amp#27;[39m
&amp#27;[38;5;32m[AndroidUiautomator2Driver@fb3b (5cabbd15)]&amp#27;[0m Calling AppiumDriver.getCurrentContext() with args: ["5cabbd15-7e20-42e4-8d48-d95ee721e291"]
&amp#27;[38;5;32m[AndroidUiautomator2Driver@fb3b (5cabbd15)]&amp#27;[0m Responding to client with driver.getCurrentContext() result: "NATIVE_APP"
&amp#27;[38;5;0m[HTTP]&amp#27;[0m &amp#27;[37m<-- GET /session/5cabbd15-7e20-42e4-8d48-d95ee721e291/context &amp#27;[39m&amp#27;[32m200&amp#27;[39m &amp#27;[90m1 ms - 22&amp#27;[39m
&amp#27;[38;5;0m[HTTP]&amp#27;[0m &amp#27;[90m&amp#27;[39m
&amp#27;[38;5;0m[HTTP]&amp#27;[0m &amp#27;[37m-->&amp#27;[39m &amp#27;[37mPOST&amp#27;[39m &amp#27;[37m/session/5cabbd15-7e20-42e4-8d48-d95ee721e291/element&amp#27;[39m
&amp#27;[38;5;0m[HTTP]&amp#27;[0m &amp#27;[90m{"using":"accessibility id","value":"nameDesc"}&amp#27;[39m
&amp#27;[38;5;32m[AndroidUiautomator2Driver@fb3b (5cabbd15)]&amp#27;[0m Calling AppiumDriver.findElement() with args: ["accessibility id","nameDesc","5cabbd15-7e20-42e4-8d48-d95ee721e291"]
&amp#27;[38;5;32m[AndroidUiautomator2Driver@fb3b (5cabbd15)]&amp#27;[0m Valid locator strategies for this request: xpath, id, class name, accessibility id, css selector, -android uiautomator
&amp#27;[38;5;32m[AndroidUiautomator2Driver@fb3b (5cabbd15)]&amp#27;[0m Waiting up to 10000 ms for condition
&amp#27;[38;5;32m[AndroidUiautomator2Driver@fb3b (5cabbd15)]&amp#27;[0m Matched '/element' to command name 'findElement'
&amp#27;[38;5;32m[AndroidUiautomator2Driver@fb3b (5cabbd15)]&amp#27;[0m Proxying [POST /element] to [POST http://127.0.0.1:8201/session/dc1a88ef-730b-4fe2-afab-0087ad1f4d72/element] with body: {"strategy":"accessibility id","selector":"nameDesc","context":"","multiple":false}
&amp#27;[38;5;32m[AndroidUiautomator2Driver@fb3b (5cabbd15)]&amp#27;[0m Got response with status 200: {"sessionId":"dc1a88ef-730b-4fe2-afab-0087ad1f4d72","value":{"ELEMENT":"00000000-0000-05cd-ffff-ffff00000201","element-6066-11e4-a52e-4f735466cecf":"00000000-0000-05cd-ffff-ffff00000201"}}
&amp#27;[38;5;32m[AndroidUiautomator2Driver@fb3b (5cabbd15)]&amp#27;[0m Responding to client with driver.findElement() result: {"element-6066-11e4-a52e-4f735466cecf":"00000000-0000-05cd-ffff-ffff00000201","ELEMENT":"00000000-0000-05cd-ffff-ffff00000201"}
&amp#27;[38;5;0m[HTTP]&amp#27;[0m &amp#27;[37m<-- POST /session/5cabbd15-7e20-42e4-8d48-d95ee721e291/element &amp#27;[39m&amp#27;[32m200&amp#27;[39m &amp#27;[90m760 ms - 137&amp#27;[39m
&amp#27;[38;5;0m[HTTP]&amp#27;[0m &amp#27;[90m&amp#27;[39m
&amp#27;[38;5;0m[HTTP]&amp#27;[0m &amp#27;[37m-->&amp#27;[39m &amp#27;[37mPOST&amp#27;[39m &amp#27;[37m/session/5cabbd15-7e20-42e4-8d48-d95ee721e291/element/00000000-0000-05cd-ffff-ffff00000201/element&amp#27;[39m
&amp#27;[38;5;0m[HTTP]&amp#27;[0m &amp#27;[90m{"id":"00000000-0000-05cd-ffff-ffff00000201","using":"accessibility id","value":"active option"}&amp#27;[39m
&amp#27;[38;5;32m[AndroidUiautomator2Driver@fb3b (5cabbd15)]&amp#27;[0m Calling AppiumDriver.findElementFromElement() with args: ["accessibility id","active option","00000000-0000-05cd-ffff-ffff00000201","5cabbd15-7e20-42e4-8d48-d95ee721e291"]
&amp#27;[38;5;32m[AndroidUiautomator2Driver@fb3b (5cabbd15)]&amp#27;[0m Valid locator strategies for this request: xpath, id, class name, accessibility id, css selector, -android uiautomator
&amp#27;[38;5;32m[AndroidUiautomator2Driver@fb3b (5cabbd15)]&amp#27;[0m Waiting up to 10000 ms for condition
&amp#27;[38;5;32m[AndroidUiautomator2Driver@fb3b (5cabbd15)]&amp#27;[0m Matched '/element' to command name 'findElement'
&amp#27;[38;5;32m[AndroidUiautomator2Driver@fb3b (5cabbd15)]&amp#27;[0m Proxying [POST /element] to [POST http://127.0.0.1:8201/session/dc1a88ef-730b-4fe2-afab-0087ad1f4d72/element] with body: {"strategy":"accessibility id","selector":"active option","context":"00000000-0000-05cd-ffff-ffff00000201","multiple":false}
&amp#27;[38;5;32m[AndroidUiautomator2Driver@fb3b (5cabbd15)]&amp#27;[0m Got response with status 200: {"sessionId":"dc1a88ef-730b-4fe2-afab-0087ad1f4d72","value":{"ELEMENT":"00000000-0000-05cd-ffff-ffff00000202","element-6066-11e4-a52e-4f735466cecf":"00000000-0000-05cd-ffff-ffff00000202"}}
&amp#27;[38;5;32m[AndroidUiautomator2Driver@fb3b (5cabbd15)]&amp#27;[0m Responding to client with driver.findElementFromElement() result: {"element-6066-11e4-a52e-4f735466cecf":"00000000-0000-05cd-ffff-ffff00000202","ELEMENT":"00000000-0000-05cd-ffff-ffff00000202"}
&amp#27;[38;5;0m[HTTP]&amp#27;[0m &amp#27;[37m<-- POST /session/5cabbd15-7e20-42e4-8d48-d95ee721e291/element/00000000-0000-05cd-ffff-ffff00000201/element &amp#27;[39m&amp#27;[32m200&amp#27;[39m &amp#27;[90m83 ms - 137&amp#27;[39m
&amp#27;[38;5;0m[HTTP]&amp#27;[0m &amp#27;[90m&amp#27;[39m
&amp#27;[38;5;0m[HTTP]&amp#27;[0m &amp#27;[37m-->&amp#27;[39m &amp#27;[37mGET&amp#27;[39m &amp#27;[37m/session/5cabbd15-7e20-42e4-8d48-d95ee721e291/context&amp#27;[39m
&amp#27;[38;5;0m[HTTP]&amp#27;[0m &amp#27;[90m{}&amp#27;[39m
&amp#27;[38;5;32m[AndroidUiautomator2Driver@fb3b (5cabbd15)]&amp#27;[0m Calling AppiumDriver.getCurrentContext() with args: ["5cabbd15-7e20-42e4-8d48-d95ee721e291"]
&amp#27;[38;5;32m[AndroidUiautomator2Driver@fb3b (5cabbd15)]&amp#27;[0m Responding to client with driver.getCurrentContext() result: "NATIVE_APP"
&amp#27;[38;5;0m[HTTP]&amp#27;[0m &amp#27;[37m<-- GET /session/5cabbd15-7e20-42e4-8d48-d95ee721e291/context &amp#27;[39m&amp#27;[32m200&amp#27;[39m &amp#27;[90m1 ms - 22&amp#27;[39m
&amp#27;[38;5;0m[HTTP]&amp#27;[0m &amp#27;[90m&amp#27;[39m
&amp#27;[38;5;0m[HTTP]&amp#27;[0m &amp#27;[37m-->&amp#27;[39m &amp#27;[37mPOST&amp#27;[39m &amp#27;[37m/session/5cabbd15-7e20-42e4-8d48-d95ee721e291/element&amp#27;[39m
&amp#27;[38;5;0m[HTTP]&amp#27;[0m &amp#27;[90m{"using":"accessibility id","value":"nameDesc"}&amp#27;[39m
&amp#27;[38;5;32m[AndroidUiautomator2Driver@fb3b (5cabbd15)]&amp#27;[0m Calling AppiumDriver.findElement() with args: ["accessibility id","nameDesc","5cabbd15-7e20-42e4-8d48-d95ee721e291"]
&amp#27;[38;5;32m[AndroidUiautomator2Driver@fb3b (5cabbd15)]&amp#27;[0m Valid locator strategies for this request: xpath, id, class name, accessibility id, css selector, -android uiautomator
&amp#27;[38;5;32m[AndroidUiautomator2Driver@fb3b (5cabbd15)]&amp#27;[0m Waiting up to 10000 ms for condition
&amp#27;[38;5;32m[AndroidUiautomator2Driver@fb3b (5cabbd15)]&amp#27;[0m Matched '/element' to command name 'findElement'
&amp#27;[38;5;32m[AndroidUiautomator2Driver@fb3b (5cabbd15)]&amp#27;[0m Proxying [POST /element] to [POST http://127.0.0.1:8201/session/dc1a88ef-730b-4fe2-afab-0087ad1f4d72/element] with body: {"strategy":"accessibility id","selector":"nameDesc","context":"","multiple":false}
&amp#27;[38;5;32m[AndroidUiautomator2Driver@fb3b (5cabbd15)]&amp#27;[0m Got response with status 200: {"sessionId":"dc1a88ef-730b-4fe2-afab-0087ad1f4d72","value":{"ELEMENT":"00000000-0000-05cd-ffff-ffff00000201","element-6066-11e4-a52e-4f735466cecf":"00000000-0000-05cd-ffff-ffff00000201"}}
&amp#27;[38;5;32m[AndroidUiautomator2Driver@fb3b (5cabbd15)]&amp#27;[0m Responding to client with driver.findElement() result: {"element-6066-11e4-a52e-4f735466cecf":"00000000-0000-05cd-ffff-ffff00000201","ELEMENT":"00000000-0000-05cd-ffff-ffff00000201"}
&amp#27;[38;5;0m[HTTP]&amp#27;[0m &amp#27;[37m<-- POST /session/5cabbd15-7e20-42e4-8d48-d95ee721e291/element &amp#27;[39m&amp#27;[32m200&amp#27;[39m &amp#27;[90m81 ms - 137&amp#27;[39m
&amp#27;[38;5;0m[HTTP]&amp#27;[0m &amp#27;[90m&amp#27;[39m
&amp#27;[38;5;0m[HTTP]&amp#27;[0m &amp#27;[37m-->&amp#27;[39m &amp#27;[37mPOST&amp#27;[39m &amp#27;[37m/session/5cabbd15-7e20-42e4-8d48-d95ee721e291/element/00000000-0000-05cd-ffff-ffff00000201/click&amp#27;[39m
&amp#27;[38;5;0m[HTTP]&amp#27;[0m &amp#27;[90m{"id":"00000000-0000-05cd-ffff-ffff00000201"}&amp#27;[39m
&amp#27;[38;5;32m[AndroidUiautomator2Driver@fb3b (5cabbd15)]&amp#27;[0m Calling AppiumDriver.click() with args: ["00000000-0000-05cd-ffff-ffff00000201","5cabbd15-7e20-42e4-8d48-d95ee721e291"]
&amp#27;[38;5;32m[AndroidUiautomator2Driver@fb3b (5cabbd15)]&amp#27;[0m Matched '/element/00000000-0000-05cd-ffff-ffff00000201/click' to command name 'click'
&amp#27;[38;5;32m[AndroidUiautomator2Driver@fb3b (5cabbd15)]&amp#27;[0m Proxying [POST /element/00000000-0000-05cd-ffff-ffff00000201/click] to [POST http://127.0.0.1:8201/session/dc1a88ef-730b-4fe2-afab-0087ad1f4d72/element/00000000-0000-05cd-ffff-ffff00000201/click] with body: {"element":"00000000-0000-05cd-ffff-ffff00000201"}
&amp#27;[38;5;32m[AndroidUiautomator2Driver@fb3b (5cabbd15)]&amp#27;[0m Got response with status 200: {"sessionId":"dc1a88ef-730b-4fe2-afab-0087ad1f4d72","value":null}
&amp#27;[38;5;32m[AndroidUiautomator2Driver@fb3b (5cabbd15)]&amp#27;[0m Responding to client with driver.click() result: null
&amp#27;[38;5;0m[HTTP]&amp#27;[0m &amp#27;[37m<-- POST /session/5cabbd15-7e20-42e4-8d48-d95ee721e291/element/00000000-0000-05cd-ffff-ffff00000201/click &amp#27;[39m&amp#27;[32m200&amp#27;[39m &amp#27;[90m72 ms - 14&amp#27;[39m
&amp#27;[38;5;0m[HTTP]&amp#27;[0m &amp#27;[90m&amp#27;[39m
&amp#27;[38;5;0m[HTTP]&amp#27;[0m &amp#27;[37m-->&amp#27;[39m &amp#27;[37mGET&amp#27;[39m &amp#27;[37m/session/5cabbd15-7e20-42e4-8d48-d95ee721e291/context&amp#27;[39m
&amp#27;[38;5;0m[HTTP]&amp#27;[0m &amp#27;[90m{}&amp#27;[39m
&amp#27;[38;5;32m[AndroidUiautomator2Driver@fb3b (5cabbd15)]&amp#27;[0m Calling AppiumDriver.getCurrentContext() with args: ["5cabbd15-7e20-42e4-8d48-d95ee721e291"]
&amp#27;[38;5;32m[AndroidUiautomator2Driver@fb3b (5cabbd15)]&amp#27;[0m Responding to client with driver.getCurrentContext() result: "NATIVE_APP"
&amp#27;[38;5;0m[HTTP]&amp#27;[0m &amp#27;[37m<-- GET /session/5cabbd15-7e20-42e4-8d48-d95ee721e291/context &amp#27;[39m&amp#27;[32m200&amp#27;[39m &amp#27;[90m1 ms - 22&amp#27;[39m
&amp#27;[38;5;0m[HTTP]&amp#27;[0m &amp#27;[90m&amp#27;[39m
&amp#27;[38;5;0m[HTTP]&amp#27;[0m &amp#27;[37m-->&amp#27;[39m &amp#27;[37mPOST&amp#27;[39m &amp#27;[37m/session/5cabbd15-7e20-42e4-8d48-d95ee721e291/elements&amp#27;[39m
&amp#27;[38;5;0m[HTTP]&amp#27;[0m &amp#27;[90m{"using":"xpath","value":"//android.view.ViewGroup[@content-desc='store item']"}&amp#27;[39m
&amp#27;[38;5;32m[AndroidUiautomator2Driver@fb3b (5cabbd15)]&amp#27;[0m Calling AppiumDriver.findElements() with args: ["xpath","//android.view.ViewGroup[@content-desc='store item']","5cabbd15-7e20-42e4-8d48-d95ee721e291"]
&amp#27;[38;5;32m[AndroidUiautomator2Driver@fb3b (5cabbd15)]&amp#27;[0m Valid locator strategies for this request: xpath, id, class name, accessibility id, css selector, -android uiautomator
&amp#27;[38;5;32m[AndroidUiautomator2Driver@fb3b (5cabbd15)]&amp#27;[0m Waiting up to 10000 ms for condition
&amp#27;[38;5;32m[AndroidUiautomator2Driver@fb3b (5cabbd15)]&amp#27;[0m Matched '/elements' to command name 'findElements'
&amp#27;[38;5;32m[AndroidUiautomator2Driver@fb3b (5cabbd15)]&amp#27;[0m Proxying [POST /elements] to [POST http://127.0.0.1:8201/session/dc1a88ef-730b-4fe2-afab-0087ad1f4d72/elements] with body: {"strategy":"xpath","selector":"//android.view.ViewGroup[@content-desc='store item']","context":"","multiple":true}
&amp#27;[38;5;32m[AndroidUiautomator2Driver@fb3b (5cabbd15)]&amp#27;[0m Got response with status 200: {"sessionId":"dc1a88ef-730b-4fe2-afab-0087ad1f4d72","value":[]}
&amp#27;[38;5;32m[AndroidUiautomator2Driver@fb3b (5cabbd15)]&amp#27;[0m Waited for 172 ms so far
&amp#27;[38;5;32m[AndroidUiautomator2Driver@fb3b (5cabbd15)]&amp#27;[0m Matched '/elements' to command name 'findElements'
&amp#27;[38;5;32m[AndroidUiautomator2Driver@fb3b (5cabbd15)]&amp#27;[0m Proxying [POST /elements] to [POST http://127.0.0.1:8201/session/dc1a88ef-730b-4fe2-afab-0087ad1f4d72/elements] with body: {"strategy":"xpath","selector":"//android.view.ViewGroup[@content-desc='store item']","context":"","multiple":true}
&amp#27;[38;5;32m[AndroidUiautomator2Driver@fb3b (5cabbd15)]&amp#27;[0m Got response with status 200: {"sessionId":"dc1a88ef-730b-4fe2-afab-0087ad1f4d72","value":[{"ELEMENT":"00000000-0000-05c7-ffff-ffff00000197","element-6066-11e4-a52e-4f735466cecf":"00000000-0000-05c7-ffff-ffff00000197"},{"ELEMENT":"00000000-0000-05c7-ffff-ffff000001a6","element-6066-11e4-a52e-4f735466cecf":"00000000-0000-05c7-ffff-ffff000001a6"},{"ELEMENT":"00000000-0000-05c7-ffff-ffff000001b6","element-6066-11e4-a52e-4f735466cecf":"00000000-0000-05c7-ffff-ffff000001b6"},{"ELEMENT":"00000000-0000-05c7-ffff-ffff000001c5","element-6066-11e4-a52e-4f735466cecf":"00000000-0000-05c7-ffff-ffff000001c5"},{"ELEMENT":"00000000-0000-05c7-ffff-ffff000001d5","element-6066-11e4-a52e-4f735466cecf":"00000000-0000-05c7-ffff-ffff000001d5"},{"ELEMENT":"00000000-0000-05c7-ffff-ffff000001e4","element-6066-11e4-a52e-4f735466cecf":"00000000-0000-05c7-ffff-ffff000001e4"}]}
&amp#27;[38;5;32m[AndroidUiautomator2Driver@fb3b (5cabbd15)]&amp#27;[0m Responding to client with driver.findElements() result: [{"element-6066-11e4-a52e-4f735466cecf":"00000000-0000-05c7-ffff-ffff00000197","ELEMENT":"00000000-0000-05c7-ffff-ffff00000197"},{"element-6066-11e4-a52e-4f735466cecf":"00000000-0000-05c7-ffff-ffff000001a6","ELEMENT":"00000000-0000-05c7-ffff-ffff000001a6"},{"element-6066-11e4-a52e-4f735466cecf":"00000000-0000-05c7-ffff-ffff000001b6","ELEMENT":"00000000-0000-05c7-ffff-ffff000001b6"},{"element-6066-11e4-a52e-4f735466cecf":"00000000-0000-05c7-ffff-ffff000001c5","ELEMENT":"00000000-0000-05c7-ffff-ffff000001c5"},{"element-6066-11e4-a52e-4f735466cecf":"00000000-0000-05c7-ffff-ffff000001d5","ELEMENT":"00000000-0000-05c7-ffff-ffff000001d5"},{"element-6066-11e4-a52e-4f735466cecf":"00000000-0000-05c7-ffff-ffff000001e4","ELEMENT":"00000000-0000-05c7-ffff-ffff000001e4"}]
&amp#27;[38;5;0m[HTTP]&amp#27;[0m &amp#27;[37m<-- POST /session/5cabbd15-7e20-42e4-8d48-d95ee721e291/elements &amp#27;[39m&amp#27;[32m200&amp#27;[39m &amp#27;[90m1316 ms - 779&amp#27;[39m
&amp#27;[38;5;0m[HTTP]&amp#27;[0m &amp#27;[90m&amp#27;[39m
&amp#27;[38;5;0m[HTTP]&amp#27;[0m &amp#27;[37m-->&amp#27;[39m &amp#27;[37mGET&amp#27;[39m &amp#27;[37m/session/5cabbd15-7e20-42e4-8d48-d95ee721e291/context&amp#27;[39m
&amp#27;[38;5;0m[HTTP]&amp#27;[0m &amp#27;[90m{}&amp#27;[39m
&amp#27;[38;5;32m[AndroidUiautomator2Driver@fb3b (5cabbd15)]&amp#27;[0m Calling AppiumDriver.getCurrentContext() with args: ["5cabbd15-7e20-42e4-8d48-d95ee721e291"]
&amp#27;[38;5;32m[AndroidUiautomator2Driver@fb3b (5cabbd15)]&amp#27;[0m Responding to client with driver.getCurrentContext() result: "NATIVE_APP"
&amp#27;[38;5;0m[HTTP]&amp#27;[0m &amp#27;[37m<-- GET /session/5cabbd15-7e20-42e4-8d48-d95ee721e291/context &amp#27;[39m&amp#27;[32m200&amp#27;[39m &amp#27;[90m1 ms - 22&amp#27;[39m
&amp#27;[38;5;0m[HTTP]&amp#27;[0m &amp#27;[90m&amp#27;[39m
&amp#27;[38;5;0m[HTTP]&amp#27;[0m &amp#27;[37m-->&amp#27;[39m &amp#27;[37mPOST&amp#27;[39m &amp#27;[37m/session/5cabbd15-7e20-42e4-8d48-d95ee721e291/elements&amp#27;[39m
&amp#27;[38;5;0m[HTTP]&amp#27;[0m &amp#27;[90m{"using":"xpath","value":"//android.view.ViewGroup[@content-desc='store item']"}&amp#27;[39m
&amp#27;[38;5;32m[AndroidUiautomator2Driver@fb3b (5cabbd15)]&amp#27;[0m Calling AppiumDriver.findElements() with args: ["xpath","//android.view.ViewGroup[@content-desc='store item']","5cabbd15-7e20-42e4-8d48-d95ee721e291"]
&amp#27;[38;5;32m[AndroidUiautomator2Driver@fb3b (5cabbd15)]&amp#27;[0m Valid locator strategies for this request: xpath, id, class name, accessibility id, css selector, -android uiautomator
&amp#27;[38;5;32m[AndroidUiautomator2Driver@fb3b (5cabbd15)]&amp#27;[0m Waiting up to 10000 ms for condition
&amp#27;[38;5;32m[AndroidUiautomator2Driver@fb3b (5cabbd15)]&amp#27;[0m Matched '/elements' to command name 'findElements'
&amp#27;[38;5;32m[AndroidUiautomator2Driver@fb3b (5cabbd15)]&amp#27;[0m Proxying [POST /elements] to [POST http://127.0.0.1:8201/session/dc1a88ef-730b-4fe2-afab-0087ad1f4d72/elements] with body: {"strategy":"xpath","selector":"//android.view.ViewGroup[@content-desc='store item']","context":"","multiple":true}
&amp#27;[38;5;32m[AndroidUiautomator2Driver@fb3b (5cabbd15)]&amp#27;[0m Got response with status 200: {"sessionId":"dc1a88ef-730b-4fe2-afab-0087ad1f4d72","value":[{"ELEMENT":"00000000-0000-05c7-ffff-ffff00000197","element-6066-11e4-a52e-4f735466cecf":"00000000-0000-05c7-ffff-ffff00000197"},{"ELEMENT":"00000000-0000-05c7-ffff-ffff000001a6","element-6066-11e4-a52e-4f735466cecf":"00000000-0000-05c7-ffff-ffff000001a6"},{"ELEMENT":"00000000-0000-05c7-ffff-ffff000001b6","element-6066-11e4-a52e-4f735466cecf":"00000000-0000-05c7-ffff-ffff000001b6"},{"ELEMENT":"00000000-0000-05c7-ffff-ffff000001c5","element-6066-11e4-a52e-4f735466cecf":"00000000-0000-05c7-ffff-ffff000001c5"},{"ELEMENT":"00000000-0000-05c7-ffff-ffff000001d5","element-6066-11e4-a52e-4f735466cecf":"00000000-0000-05c7-ffff-ffff000001d5"},{"ELEMENT":"00000000-0000-05c7-ffff-ffff000001e4","element-6066-11e4-a52e-4f735466cecf":"00000000-0000-05c7-ffff-ffff000001e4"}]}
&amp#27;[38;5;32m[AndroidUiautomator2Driver@fb3b (5cabbd15)]&amp#27;[0m Responding to client with driver.findElements() result: [{"element-6066-11e4-a52e-4f735466cecf":"00000000-0000-05c7-ffff-ffff00000197","ELEMENT":"00000000-0000-05c7-ffff-ffff00000197"},{"element-6066-11e4-a52e-4f735466cecf":"00000000-0000-05c7-ffff-ffff000001a6","ELEMENT":"00000000-0000-05c7-ffff-ffff000001a6"},{"element-6066-11e4-a52e-4f735466cecf":"00000000-0000-05c7-ffff-ffff000001b6","ELEMENT":"00000000-0000-05c7-ffff-ffff000001b6"},{"element-6066-11e4-a52e-4f735466cecf":"00000000-0000-05c7-ffff-ffff000001c5","ELEMENT":"00000000-0000-05c7-ffff-ffff000001c5"},{"element-6066-11e4-a52e-4f735466cecf":"00000000-0000-05c7-ffff-ffff000001d5","ELEMENT":"00000000-0000-05c7-ffff-ffff000001d5"},{"element-6066-11e4-a52e-4f735466cecf":"00000000-0000-05c7-ffff-ffff000001e4","ELEMENT":"00000000-0000-05c7-ffff-ffff000001e4"}]
&amp#27;[38;5;0m[HTTP]&amp#27;[0m &amp#27;[37m<-- POST /session/5cabbd15-7e20-42e4-8d48-d95ee721e291/elements &amp#27;[39m&amp#27;[32m200&amp#27;[39m &amp#27;[90m610 ms - 779&amp#27;[39m
&amp#27;[38;5;0m[HTTP]&amp#27;[0m &amp#27;[90m&amp#27;[39m
&amp#27;[38;5;0m[HTTP]&amp#27;[0m &amp#27;[37m-->&amp#27;[39m &amp#27;[37mPOST&amp#27;[39m &amp#27;[37m/session/5cabbd15-7e20-42e4-8d48-d95ee721e291/element/00000000-0000-05c7-ffff-ffff00000197/element&amp#27;[39m
&amp#27;[38;5;0m[HTTP]&amp#27;[0m &amp#27;[90m{"id":"00000000-0000-05c7-ffff-ffff00000197","using":"xpath","value":"//android.widget.TextView[@content-desc='store item text']"}&amp#27;[39m
&amp#27;[38;5;32m[AndroidUiautomator2Driver@fb3b (5cabbd15)]&amp#27;[0m Calling AppiumDriver.findElementFromElement() with args: ["xpath","//android.widget.TextView[@content-desc='store item text']","00000000-0000-05c7-ffff-ffff00000197","5cabbd15-7e20-42e4-8d48-d95ee721e291"]
&amp#27;[38;5;32m[AndroidUiautomator2Driver@fb3b (5cabbd15)]&amp#27;[0m Valid locator strategies for this request: xpath, id, class name, accessibility id, css selector, -android uiautomator
&amp#27;[38;5;32m[AndroidUiautomator2Driver@fb3b (5cabbd15)]&amp#27;[0m Waiting up to 10000 ms for condition
&amp#27;[38;5;32m[AndroidUiautomator2Driver@fb3b (5cabbd15)]&amp#27;[0m Matched '/element' to command name 'findElement'
&amp#27;[38;5;32m[AndroidUiautomator2Driver@fb3b (5cabbd15)]&amp#27;[0m Proxying [POST /element] to [POST http://127.0.0.1:8201/session/dc1a88ef-730b-4fe2-afab-0087ad1f4d72/element] with body: {"strategy":"xpath","selector":"//android.widget.TextView[@content-desc='store item text']","context":"00000000-0000-05c7-ffff-ffff00000197","multiple":false}
&amp#27;[38;5;32m[AndroidUiautomator2Driver@fb3b (5cabbd15)]&amp#27;[0m Got response with status 200: {"sessionId":"dc1a88ef-730b-4fe2-afab-0087ad1f4d72","value":{"ELEMENT":"00000000-0000-05c7-ffff-ffff0000019a","element-6066-11e4-a52e-4f735466cecf":"00000000-0000-05c7-ffff-ffff0000019a"}}
&amp#27;[38;5;32m[AndroidUiautomator2Driver@fb3b (5cabbd15)]&amp#27;[0m Responding to client with driver.findElementFromElement() result: {"element-6066-11e4-a52e-4f735466cecf":"00000000-0000-05c7-ffff-ffff0000019a","ELEMENT":"00000000-0000-05c7-ffff-ffff0000019a"}
&amp#27;[38;5;0m[HTTP]&amp#27;[0m &amp#27;[37m<-- POST /session/5cabbd15-7e20-42e4-8d48-d95ee721e291/element/00000000-0000-05c7-ffff-ffff00000197/element &amp#27;[39m&amp#27;[32m200&amp#27;[39m &amp#27;[90m76 ms - 137&amp#27;[39m
&amp#27;[38;5;0m[HTTP]&amp#27;[0m &amp#27;[90m&amp#27;[39m
&amp#27;[38;5;0m[HTTP]&amp#27;[0m &amp#27;[37m-->&amp#27;[39m &amp#27;[37mGET&amp#27;[39m &amp#27;[37m/session/5cabbd15-7e20-42e4-8d48-d95ee721e291/element/00000000-0000-05c7-ffff-ffff0000019a/text&amp#27;[39m
&amp#27;[38;5;0m[HTTP]&amp#27;[0m &amp#27;[90m{}&amp#27;[39m
&amp#27;[38;5;32m[AndroidUiautomator2Driver@fb3b (5cabbd15)]&amp#27;[0m Driver proxy active, passing request on via HTTP proxy
&amp#27;[38;5;32m[AndroidUiautomator2Driver@fb3b (5cabbd15)]&amp#27;[0m Matched '/session/5cabbd15-7e20-42e4-8d48-d95ee721e291/element/00000000-0000-05c7-ffff-ffff0000019a/text' to command name 'getText'
&amp#27;[38;5;32m[AndroidUiautomator2Driver@fb3b (5cabbd15)]&amp#27;[0m Proxying [GET /session/5cabbd15-7e20-42e4-8d48-d95ee721e291/element/00000000-0000-05c7-ffff-ffff0000019a/text] to [GET http://127.0.0.1:8201/session/dc1a88ef-730b-4fe2-afab-0087ad1f4d72/element/00000000-0000-05c7-ffff-ffff0000019a/text] with no body
&amp#27;[38;5;32m[AndroidUiautomator2Driver@fb3b (5cabbd15)]&amp#27;[0m Got response with status 200: {"sessionId":"dc1a88ef-730b-4fe2-afab-0087ad1f4d72","value":"Test.allTheThings() T-Shirt"}
&amp#27;[38;5;32m[AndroidUiautomator2Driver@fb3b (5cabbd15)]&amp#27;[0m Replacing sessionId dc1a88ef-730b-4fe2-afab-0087ad1f4d72 with 5cabbd15-7e20-42e4-8d48-d95ee721e291
&amp#27;[38;5;0m[HTTP]&amp#27;[0m &amp#27;[37m<-- GET /session/5cabbd15-7e20-42e4-8d48-d95ee721e291/element/00000000-0000-05c7-ffff-ffff0000019a/text &amp#27;[39m&amp#27;[32m200&amp#27;[39m &amp#27;[90m21 ms - 90&amp#27;[39m
&amp#27;[38;5;0m[HTTP]&amp#27;[0m &amp#27;[90m&amp#27;[39m
&amp#27;[38;5;0m[HTTP]&amp#27;[0m &amp#27;[37m-->&amp#27;[39m &amp#27;[37mGET&amp#27;[39m &amp#27;[37m/session/5cabbd15-7e20-42e4-8d48-d95ee721e291/context&amp#27;[39m
&amp#27;[38;5;0m[HTTP]&amp#27;[0m &amp#27;[90m{}&amp#27;[39m
&amp#27;[38;5;32m[AndroidUiautomator2Driver@fb3b (5cabbd15)]&amp#27;[0m Calling AppiumDriver.getCurrentContext() with args: ["5cabbd15-7e20-42e4-8d48-d95ee721e291"]
&amp#27;[38;5;32m[AndroidUiautomator2Driver@fb3b (5cabbd15)]&amp#27;[0m Responding to client with driver.getCurrentContext() result: "NATIVE_APP"
&amp#27;[38;5;0m[HTTP]&amp#27;[0m &amp#27;[37m<-- GET /session/5cabbd15-7e20-42e4-8d48-d95ee721e291/context &amp#27;[39m&amp#27;[32m200&amp#27;[39m &amp#27;[90m1 ms - 22&amp#27;[39m
&amp#27;[38;5;0m[HTTP]&amp#27;[0m &amp#27;[90m&amp#27;[39m
&amp#27;[38;5;0m[HTTP]&amp#27;[0m &amp#27;[37m-->&amp#27;[39m &amp#27;[37mPOST&amp#27;[39m &amp#27;[37m/session/5cabbd15-7e20-42e4-8d48-d95ee721e291/elements&amp#27;[39m
&amp#27;[38;5;0m[HTTP]&amp#27;[0m &amp#27;[90m{"using":"xpath","value":"//android.view.ViewGroup[@content-desc='store item']"}&amp#27;[39m
&amp#27;[38;5;32m[AndroidUiautomator2Driver@fb3b (5cabbd15)]&amp#27;[0m Calling AppiumDriver.findElements() with args: ["xpath","//android.view.ViewGroup[@content-desc='store item']","5cabbd15-7e20-42e4-8d48-d95ee721e291"]
&amp#27;[38;5;32m[AndroidUiautomator2Driver@fb3b (5cabbd15)]&amp#27;[0m Valid locator strategies for this request: xpath, id, class name, accessibility id, css selector, -android uiautomator
&amp#27;[38;5;32m[AndroidUiautomator2Driver@fb3b (5cabbd15)]&amp#27;[0m Waiting up to 10000 ms for condition
&amp#27;[38;5;32m[AndroidUiautomator2Driver@fb3b (5cabbd15)]&amp#27;[0m Matched '/elements' to command name 'findElements'
&amp#27;[38;5;32m[AndroidUiautomator2Driver@fb3b (5cabbd15)]&amp#27;[0m Proxying [POST /elements] to [POST http://127.0.0.1:8201/session/dc1a88ef-730b-4fe2-afab-0087ad1f4d72/elements] with body: {"strategy":"xpath","selector":"//android.view.ViewGroup[@content-desc='store item']","context":"","multiple":true}
&amp#27;[38;5;32m[AndroidUiautomator2Driver@fb3b (5cabbd15)]&amp#27;[0m Got response with status 200: {"sessionId":"dc1a88ef-730b-4fe2-afab-0087ad1f4d72","value":[{"ELEMENT":"00000000-0000-05c7-ffff-ffff00000197","element-6066-11e4-a52e-4f735466cecf":"00000000-0000-05c7-ffff-ffff00000197"},{"ELEMENT":"00000000-0000-05c7-ffff-ffff000001a6","element-6066-11e4-a52e-4f735466cecf":"00000000-0000-05c7-ffff-ffff000001a6"},{"ELEMENT":"00000000-0000-05c7-ffff-ffff000001b6","element-6066-11e4-a52e-4f735466cecf":"00000000-0000-05c7-ffff-ffff000001b6"},{"ELEMENT":"00000000-0000-05c7-ffff-ffff000001c5","element-6066-11e4-a52e-4f735466cecf":"00000000-0000-05c7-ffff-ffff000001c5"},{"ELEMENT":"00000000-0000-05c7-ffff-ffff000001d5","element-6066-11e4-a52e-4f735466cecf":"00000000-0000-05c7-ffff-ffff000001d5"},{"ELEMENT":"00000000-0000-05c7-ffff-ffff000001e4","element-6066-11e4-a52e-4f735466cecf":"00000000-0000-05c7-ffff-ffff000001e4"}]}
&amp#27;[38;5;32m[AndroidUiautomator2Driver@fb3b (5cabbd15)]&amp#27;[0m Responding to client with driver.findElements() result: [{"element-6066-11e4-a52e-4f735466cecf":"00000000-0000-05c7-ffff-ffff00000197","ELEMENT":"00000000-0000-05c7-ffff-ffff00000197"},{"element-6066-11e4-a52e-4f735466cecf":"00000000-0000-05c7-ffff-ffff000001a6","ELEMENT":"00000000-0000-05c7-ffff-ffff000001a6"},{"element-6066-11e4-a52e-4f735466cecf":"00000000-0000-05c7-ffff-ffff000001b6","ELEMENT":"00000000-0000-05c7-ffff-ffff000001b6"},{"element-6066-11e4-a52e-4f735466cecf":"00000000-0000-05c7-ffff-ffff000001c5","ELEMENT":"00000000-0000-05c7-ffff-ffff000001c5"},{"element-6066-11e4-a52e-4f735466cecf":"00000000-0000-05c7-ffff-ffff000001d5","ELEMENT":"00000000-0000-05c7-ffff-ffff000001d5"},{"element-6066-11e4-a52e-4f735466cecf":"00000000-0000-05c7-ffff-ffff000001e4","ELEMENT":"00000000-0000-05c7-ffff-ffff000001e4"}]
&amp#27;[38;5;0m[HTTP]&amp#27;[0m &amp#27;[37m<-- POST /session/5cabbd15-7e20-42e4-8d48-d95ee721e291/elements &amp#27;[39m&amp#27;[32m200&amp#27;[39m &amp#27;[90m677 ms - 779&amp#27;[39m
&amp#27;[38;5;0m[HTTP]&amp#27;[0m &amp#27;[90m&amp#27;[39m
&amp#27;[38;5;0m[HTTP]&amp#27;[0m &amp#27;[37m-->&amp#27;[39m &amp#27;[37mGET&amp#27;[39m &amp#27;[37m/session/5cabbd15-7e20-42e4-8d48-d95ee721e291/context&amp#27;[39m
&amp#27;[38;5;0m[HTTP]&amp#27;[0m &amp#27;[90m{}&amp#27;[39m
&amp#27;[38;5;32m[AndroidUiautomator2Driver@fb3b (5cabbd15)]&amp#27;[0m Calling AppiumDriver.getCurrentContext() with args: ["5cabbd15-7e20-42e4-8d48-d95ee721e291"]
&amp#27;[38;5;32m[AndroidUiautomator2Driver@fb3b (5cabbd15)]&amp#27;[0m Responding to client with driver.getCurrentContext() result: "NATIVE_APP"
&amp#27;[38;5;0m[HTTP]&amp#27;[0m &amp#27;[37m<-- GET /session/5cabbd15-7e20-42e4-8d48-d95ee721e291/context &amp#27;[39m&amp#27;[32m200&amp#27;[39m &amp#27;[90m1 ms - 22&amp#27;[39m
&amp#27;[38;5;0m[HTTP]&amp#27;[0m &amp#27;[90m&amp#27;[39m
&amp#27;[38;5;0m[HTTP]&amp#27;[0m &amp#27;[37m-->&amp#27;[39m &amp#27;[37mPOST&amp#27;[39m &amp#27;[37m/session/5cabbd15-7e20-42e4-8d48-d95ee721e291/elements&amp#27;[39m
&amp#27;[38;5;0m[HTTP]&amp#27;[0m &amp#27;[90m{"using":"xpath","value":"//android.view.ViewGroup[@content-desc='store item']"}&amp#27;[39m
&amp#27;[38;5;32m[AndroidUiautomator2Driver@fb3b (5cabbd15)]&amp#27;[0m Calling AppiumDriver.findElements() with args: ["xpath","//android.view.ViewGroup[@content-desc='store item']","5cabbd15-7e20-42e4-8d48-d95ee721e291"]
&amp#27;[38;5;32m[AndroidUiautomator2Driver@fb3b (5cabbd15)]&amp#27;[0m Valid locator strategies for this request: xpath, id, class name, accessibility id, css selector, -android uiautomator
&amp#27;[38;5;32m[AndroidUiautomator2Driver@fb3b (5cabbd15)]&amp#27;[0m Waiting up to 10000 ms for condition
&amp#27;[38;5;32m[AndroidUiautomator2Driver@fb3b (5cabbd15)]&amp#27;[0m Matched '/elements' to command name 'findElements'
&amp#27;[38;5;32m[AndroidUiautomator2Driver@fb3b (5cabbd15)]&amp#27;[0m Proxying [POST /elements] to [POST http://127.0.0.1:8201/session/dc1a88ef-730b-4fe2-afab-0087ad1f4d72/elements] with body: {"strategy":"xpath","selector":"//android.view.ViewGroup[@content-desc='store item']","context":"","multiple":true}
&amp#27;[38;5;32m[AndroidUiautomator2Driver@fb3b (5cabbd15)]&amp#27;[0m Got response with status 200: {"sessionId":"dc1a88ef-730b-4fe2-afab-0087ad1f4d72","value":[{"ELEMENT":"00000000-0000-05c7-ffff-ffff00000197","element-6066-11e4-a52e-4f735466cecf":"00000000-0000-05c7-ffff-ffff00000197"},{"ELEMENT":"00000000-0000-05c7-ffff-ffff000001a6","element-6066-11e4-a52e-4f735466cecf":"00000000-0000-05c7-ffff-ffff000001a6"},{"ELEMENT":"00000000-0000-05c7-ffff-ffff000001b6","element-6066-11e4-a52e-4f735466cecf":"00000000-0000-05c7-ffff-ffff000001b6"},{"ELEMENT":"00000000-0000-05c7-ffff-ffff000001c5","element-6066-11e4-a52e-4f735466cecf":"00000000-0000-05c7-ffff-ffff000001c5"},{"ELEMENT":"00000000-0000-05c7-ffff-ffff000001d5","element-6066-11e4-a52e-4f735466cecf":"00000000-0000-05c7-ffff-ffff000001d5"},{"ELEMENT":"00000000-0000-05c7-ffff-ffff000001e4","element-6066-11e4-a52e-4f735466cecf":"00000000-0000-05c7-ffff-ffff000001e4"}]}
&amp#27;[38;5;32m[AndroidUiautomator2Driver@fb3b (5cabbd15)]&amp#27;[0m Responding to client with driver.findElements() result: [{"element-6066-11e4-a52e-4f735466cecf":"00000000-0000-05c7-ffff-ffff00000197","ELEMENT":"00000000-0000-05c7-ffff-ffff00000197"},{"element-6066-11e4-a52e-4f735466cecf":"00000000-0000-05c7-ffff-ffff000001a6","ELEMENT":"00000000-0000-05c7-ffff-ffff000001a6"},{"element-6066-11e4-a52e-4f735466cecf":"00000000-0000-05c7-ffff-ffff000001b6","ELEMENT":"00000000-0000-05c7-ffff-ffff000001b6"},{"element-6066-11e4-a52e-4f735466cecf":"00000000-0000-05c7-ffff-ffff000001c5","ELEMENT":"00000000-0000-05c7-ffff-ffff000001c5"},{"element-6066-11e4-a52e-4f735466cecf":"00000000-0000-05c7-ffff-ffff000001d5","ELEMENT":"00000000-0000-05c7-ffff-ffff000001d5"},{"element-6066-11e4-a52e-4f735466cecf":"00000000-0000-05c7-ffff-ffff000001e4","ELEMENT":"00000000-0000-05c7-ffff-ffff000001e4"}]
&amp#27;[38;5;0m[HTTP]&amp#27;[0m &amp#27;[37m<-- POST /session/5cabbd15-7e20-42e4-8d48-d95ee721e291/elements &amp#27;[39m&amp#27;[32m200&amp#27;[39m &amp#27;[90m634 ms - 779&amp#27;[39m
&amp#27;[38;5;0m[HTTP]&amp#27;[0m &amp#27;[90m&amp#27;[39m
&amp#27;[38;5;0m[HTTP]&amp#27;[0m &amp#27;[37m-->&amp#27;[39m &amp#27;[37mPOST&amp#27;[39m &amp#27;[37m/session/5cabbd15-7e20-42e4-8d48-d95ee721e291/element/00000000-0000-05c7-ffff-ffff000001a6/element&amp#27;[39m
&amp#27;[38;5;0m[HTTP]&amp#27;[0m &amp#27;[90m{"id":"00000000-0000-05c7-ffff-ffff000001a6","using":"xpath","value":"//android.widget.TextView[@content-desc='store item text']"}&amp#27;[39m
&amp#27;[38;5;32m[AndroidUiautomator2Driver@fb3b (5cabbd15)]&amp#27;[0m Calling AppiumDriver.findElementFromElement() with args: ["xpath","//android.widget.TextView[@content-desc='store item text']","00000000-0000-05c7-ffff-ffff000001a6","5cabbd15-7e20-42e4-8d48-d95ee721e291"]
&amp#27;[38;5;32m[AndroidUiautomator2Driver@fb3b (5cabbd15)]&amp#27;[0m Valid locator strategies for this request: xpath, id, class name, accessibility id, css selector, -android uiautomator
&amp#27;[38;5;32m[AndroidUiautomator2Driver@fb3b (5cabbd15)]&amp#27;[0m Waiting up to 10000 ms for condition
&amp#27;[38;5;32m[AndroidUiautomator2Driver@fb3b (5cabbd15)]&amp#27;[0m Matched '/element' to command name 'findElement'
&amp#27;[38;5;32m[AndroidUiautomator2Driver@fb3b (5cabbd15)]&amp#27;[0m Proxying [POST /element] to [POST http://127.0.0.1:8201/session/dc1a88ef-730b-4fe2-afab-0087ad1f4d72/element] with body: {"strategy":"xpath","selector":"//android.widget.TextView[@content-desc='store item text']","context":"00000000-0000-05c7-ffff-ffff000001a6","multiple":false}
&amp#27;[38;5;32m[AndroidUiautomator2Driver@fb3b (5cabbd15)]&amp#27;[0m Got response with status 200: {"sessionId":"dc1a88ef-730b-4fe2-afab-0087ad1f4d72","value":{"ELEMENT":"00000000-0000-05c7-ffff-ffff000001a9","element-6066-11e4-a52e-4f735466cecf":"00000000-0000-05c7-ffff-ffff000001a9"}}
&amp#27;[38;5;32m[AndroidUiautomator2Driver@fb3b (5cabbd15)]&amp#27;[0m Responding to client with driver.findElementFromElement() result: {"element-6066-11e4-a52e-4f735466cecf":"00000000-0000-05c7-ffff-ffff000001a9","ELEMENT":"00000000-0000-05c7-ffff-ffff000001a9"}
&amp#27;[38;5;0m[HTTP]&amp#27;[0m &amp#27;[37m<-- POST /session/5cabbd15-7e20-42e4-8d48-d95ee721e291/element/00000000-0000-05c7-ffff-ffff000001a6/element &amp#27;[39m&amp#27;[32m200&amp#27;[39m &amp#27;[90m82 ms - 137&amp#27;[39m
&amp#27;[38;5;0m[HTTP]&amp#27;[0m &amp#27;[90m&amp#27;[39m
&amp#27;[38;5;0m[HTTP]&amp#27;[0m &amp#27;[37m-->&amp#27;[39m &amp#27;[37mGET&amp#27;[39m &amp#27;[37m/session/5cabbd15-7e20-42e4-8d48-d95ee721e291/element/00000000-0000-05c7-ffff-ffff000001a9/text&amp#27;[39m
&amp#27;[38;5;0m[HTTP]&amp#27;[0m &amp#27;[90m{}&amp#27;[39m
&amp#27;[38;5;32m[AndroidUiautomator2Driver@fb3b (5cabbd15)]&amp#27;[0m Driver proxy active, passing request on via HTTP proxy
&amp#27;[38;5;32m[AndroidUiautomator2Driver@fb3b (5cabbd15)]&amp#27;[0m Matched '/session/5cabbd15-7e20-42e4-8d48-d95ee721e291/element/00000000-0000-05c7-ffff-ffff000001a9/text' to command name 'getText'
&amp#27;[38;5;32m[AndroidUiautomator2Driver@fb3b (5cabbd15)]&amp#27;[0m Proxying [GET /session/5cabbd15-7e20-42e4-8d48-d95ee721e291/element/00000000-0000-05c7-ffff-ffff000001a9/text] to [GET http://127.0.0.1:8201/session/dc1a88ef-730b-4fe2-afab-0087ad1f4d72/element/00000000-0000-05c7-ffff-ffff000001a9/text] with no body
&amp#27;[38;5;32m[AndroidUiautomator2Driver@fb3b (5cabbd15)]&amp#27;[0m Got response with status 200: {"sessionId":"dc1a88ef-730b-4fe2-afab-0087ad1f4d72","value":"Sauce Labs Onesie"}
&amp#27;[38;5;32m[AndroidUiautomator2Driver@fb3b (5cabbd15)]&amp#27;[0m Replacing sessionId dc1a88ef-730b-4fe2-afab-0087ad1f4d72 with 5cabbd15-7e20-42e4-8d48-d95ee721e291
&amp#27;[38;5;0m[HTTP]&amp#27;[0m &amp#27;[37m<-- GET /session/5cabbd15-7e20-42e4-8d48-d95ee721e291/element/00000000-0000-05c7-ffff-ffff000001a9/text &amp#27;[39m&amp#27;[32m200&amp#27;[39m &amp#27;[90m27 ms - 80&amp#27;[39m
&amp#27;[38;5;0m[HTTP]&amp#27;[0m &amp#27;[90m&amp#27;[39m
&amp#27;[38;5;0m[HTTP]&amp#27;[0m &amp#27;[37m-->&amp#27;[39m &amp#27;[37mGET&amp#27;[39m &amp#27;[37m/session/5cabbd15-7e20-42e4-8d48-d95ee721e291/context&amp#27;[39m
&amp#27;[38;5;0m[HTTP]&amp#27;[0m &amp#27;[90m{}&amp#27;[39m
&amp#27;[38;5;32m[AndroidUiautomator2Driver@fb3b (5cabbd15)]&amp#27;[0m Calling AppiumDriver.getCurrentContext() with args: ["5cabbd15-7e20-42e4-8d48-d95ee721e291"]
&amp#27;[38;5;32m[AndroidUiautomator2Driver@fb3b (5cabbd15)]&amp#27;[0m Responding to client with driver.getCurrentContext() result: "NATIVE_APP"
&amp#27;[38;5;0m[HTTP]&amp#27;[0m &amp#27;[37m<-- GET /session/5cabbd15-7e20-42e4-8d48-d95ee721e291/context &amp#27;[39m&amp#27;[32m200&amp#27;[39m &amp#27;[90m1 ms - 22&amp#27;[39m
&amp#27;[38;5;0m[HTTP]&amp#27;[0m &amp#27;[90m&amp#27;[39m
&amp#27;[38;5;0m[HTTP]&amp#27;[0m &amp#27;[37m-->&amp#27;[39m &amp#27;[37mPOST&amp#27;[39m &amp#27;[37m/session/5cabbd15-7e20-42e4-8d48-d95ee721e291/elements&amp#27;[39m
&amp#27;[38;5;0m[HTTP]&amp#27;[0m &amp#27;[90m{"using":"xpath","value":"//android.view.ViewGroup[@content-desc='store item']"}&amp#27;[39m
&amp#27;[38;5;32m[AndroidUiautomator2Driver@fb3b (5cabbd15)]&amp#27;[0m Calling AppiumDriver.findElements() with args: ["xpath","//android.view.ViewGroup[@content-desc='store item']","5cabbd15-7e20-42e4-8d48-d95ee721e291"]
&amp#27;[38;5;32m[AndroidUiautomator2Driver@fb3b (5cabbd15)]&amp#27;[0m Valid locator strategies for this request: xpath, id, class name, accessibility id, css selector, -android uiautomator
&amp#27;[38;5;32m[AndroidUiautomator2Driver@fb3b (5cabbd15)]&amp#27;[0m Waiting up to 10000 ms for condition
&amp#27;[38;5;32m[AndroidUiautomator2Driver@fb3b (5cabbd15)]&amp#27;[0m Matched '/elements' to command name 'findElements'
&amp#27;[38;5;32m[AndroidUiautomator2Driver@fb3b (5cabbd15)]&amp#27;[0m Proxying [POST /elements] to [POST http://127.0.0.1:8201/session/dc1a88ef-730b-4fe2-afab-0087ad1f4d72/elements] with body: {"strategy":"xpath","selector":"//android.view.ViewGroup[@content-desc='store item']","context":"","multiple":true}
&amp#27;[38;5;32m[AndroidUiautomator2Driver@fb3b (5cabbd15)]&amp#27;[0m Got response with status 200: {"sessionId":"dc1a88ef-730b-4fe2-afab-0087ad1f4d72","value":[{"ELEMENT":"00000000-0000-05c7-ffff-ffff00000197","element-6066-11e4-a52e-4f735466cecf":"00000000-0000-05c7-ffff-ffff00000197"},{"ELEMENT":"00000000-0000-05c7-ffff-ffff000001a6","element-6066-11e4-a52e-4f735466cecf":"00000000-0000-05c7-ffff-ffff000001a6"},{"ELEMENT":"00000000-0000-05c7-ffff-ffff000001b6","element-6066-11e4-a52e-4f735466cecf":"00000000-0000-05c7-ffff-ffff000001b6"},{"ELEMENT":"00000000-0000-05c7-ffff-ffff000001c5","element-6066-11e4-a52e-4f735466cecf":"00000000-0000-05c7-ffff-ffff000001c5"},{"ELEMENT":"00000000-0000-05c7-ffff-ffff000001d5","element-6066-11e4-a52e-4f735466cecf":"00000000-0000-05c7-ffff-ffff000001d5"},{"ELEMENT":"00000000-0000-05c7-ffff-ffff000001e4","element-6066-11e4-a52e-4f735466cecf":"00000000-0000-05c7-ffff-ffff000001e4"}]}
&amp#27;[38;5;32m[AndroidUiautomator2Driver@fb3b (5cabbd15)]&amp#27;[0m Responding to client with driver.findElements() result: [{"element-6066-11e4-a52e-4f735466cecf":"00000000-0000-05c7-ffff-ffff00000197","ELEMENT":"00000000-0000-05c7-ffff-ffff00000197"},{"element-6066-11e4-a52e-4f735466cecf":"00000000-0000-05c7-ffff-ffff000001a6","ELEMENT":"00000000-0000-05c7-ffff-ffff000001a6"},{"element-6066-11e4-a52e-4f735466cecf":"00000000-0000-05c7-ffff-ffff000001b6","ELEMENT":"00000000-0000-05c7-ffff-ffff000001b6"},{"element-6066-11e4-a52e-4f735466cecf":"00000000-0000-05c7-ffff-ffff000001c5","ELEMENT":"00000000-0000-05c7-ffff-ffff000001c5"},{"element-6066-11e4-a52e-4f735466cecf":"00000000-0000-05c7-ffff-ffff000001d5","ELEMENT":"00000000-0000-05c7-ffff-ffff000001d5"},{"element-6066-11e4-a52e-4f735466cecf":"00000000-0000-05c7-ffff-ffff000001e4","ELEMENT":"00000000-0000-05c7-ffff-ffff000001e4"}]
&amp#27;[38;5;0m[HTTP]&amp#27;[0m &amp#27;[37m<-- POST /session/5cabbd15-7e20-42e4-8d48-d95ee721e291/elements &amp#27;[39m&amp#27;[32m200&amp#27;[39m &amp#27;[90m743 ms - 779&amp#27;[39m
&amp#27;[38;5;0m[HTTP]&amp#27;[0m &amp#27;[90m&amp#27;[39m
&amp#27;[38;5;0m[HTTP]&amp#27;[0m &amp#27;[37m-->&amp#27;[39m &amp#27;[37mGET&amp#27;[39m &amp#27;[37m/session/5cabbd15-7e20-42e4-8d48-d95ee721e291/context&amp#27;[39m
&amp#27;[38;5;0m[HTTP]&amp#27;[0m &amp#27;[90m{}&amp#27;[39m
&amp#27;[38;5;32m[AndroidUiautomator2Driver@fb3b (5cabbd15)]&amp#27;[0m Calling AppiumDriver.getCurrentContext() with args: ["5cabbd15-7e20-42e4-8d48-d95ee721e291"]
&amp#27;[38;5;32m[AndroidUiautomator2Driver@fb3b (5cabbd15)]&amp#27;[0m Responding to client with driver.getCurrentContext() result: "NATIVE_APP"
&amp#27;[38;5;0m[HTTP]&amp#27;[0m &amp#27;[37m<-- GET /session/5cabbd15-7e20-42e4-8d48-d95ee721e291/context &amp#27;[39m&amp#27;[32m200&amp#27;[39m &amp#27;[90m1 ms - 22&amp#27;[39m
&amp#27;[38;5;0m[HTTP]&amp#27;[0m &amp#27;[90m&amp#27;[39m
&amp#27;[38;5;0m[HTTP]&amp#27;[0m &amp#27;[37m-->&amp#27;[39m &amp#27;[37mPOST&amp#27;[39m &amp#27;[37m/session/5cabbd15-7e20-42e4-8d48-d95ee721e291/elements&amp#27;[39m
&amp#27;[38;5;0m[HTTP]&amp#27;[0m &amp#27;[90m{"using":"xpath","value":"//android.view.ViewGroup[@content-desc='store item']"}&amp#27;[39m
&amp#27;[38;5;32m[AndroidUiautomator2Driver@fb3b (5cabbd15)]&amp#27;[0m Calling AppiumDriver.findElements() with args: ["xpath","//android.view.ViewGroup[@content-desc='store item']","5cabbd15-7e20-42e4-8d48-d95ee721e291"]
&amp#27;[38;5;32m[AndroidUiautomator2Driver@fb3b (5cabbd15)]&amp#27;[0m Valid locator strategies for this request: xpath, id, class name, accessibility id, css selector, -android uiautomator
&amp#27;[38;5;32m[AndroidUiautomator2Driver@fb3b (5cabbd15)]&amp#27;[0m Waiting up to 10000 ms for condition
&amp#27;[38;5;32m[AndroidUiautomator2Driver@fb3b (5cabbd15)]&amp#27;[0m Matched '/elements' to command name 'findElements'
&amp#27;[38;5;32m[AndroidUiautomator2Driver@fb3b (5cabbd15)]&amp#27;[0m Proxying [POST /elements] to [POST http://127.0.0.1:8201/session/dc1a88ef-730b-4fe2-afab-0087ad1f4d72/elements] with body: {"strategy":"xpath","selector":"//android.view.ViewGroup[@content-desc='store item']","context":"","multiple":true}
&amp#27;[38;5;32m[AndroidUiautomator2Driver@fb3b (5cabbd15)]&amp#27;[0m Got response with status 200: {"sessionId":"dc1a88ef-730b-4fe2-afab-0087ad1f4d72","value":[{"ELEMENT":"00000000-0000-05c7-ffff-ffff00000197","element-6066-11e4-a52e-4f735466cecf":"00000000-0000-05c7-ffff-ffff00000197"},{"ELEMENT":"00000000-0000-05c7-ffff-ffff000001a6","element-6066-11e4-a52e-4f735466cecf":"00000000-0000-05c7-ffff-ffff000001a6"},{"ELEMENT":"00000000-0000-05c7-ffff-ffff000001b6","element-6066-11e4-a52e-4f735466cecf":"00000000-0000-05c7-ffff-ffff000001b6"},{"ELEMENT":"00000000-0000-05c7-ffff-ffff000001c5","element-6066-11e4-a52e-4f735466cecf":"00000000-0000-05c7-ffff-ffff000001c5"},{"ELEMENT":"00000000-0000-05c7-ffff-ffff000001d5","element-6066-11e4-a52e-4f735466cecf":"00000000-0000-05c7-ffff-ffff000001d5"},{"ELEMENT":"00000000-0000-05c7-ffff-ffff000001e4","element-6066-11e4-a52e-4f735466cecf":"00000000-0000-05c7-ffff-ffff000001e4"}]}
&amp#27;[38;5;32m[AndroidUiautomator2Driver@fb3b (5cabbd15)]&amp#27;[0m Responding to client with driver.findElements() result: [{"element-6066-11e4-a52e-4f735466cecf":"00000000-0000-05c7-ffff-ffff00000197","ELEMENT":"00000000-0000-05c7-ffff-ffff00000197"},{"element-6066-11e4-a52e-4f735466cecf":"00000000-0000-05c7-ffff-ffff000001a6","ELEMENT":"00000000-0000-05c7-ffff-ffff000001a6"},{"element-6066-11e4-a52e-4f735466cecf":"00000000-0000-05c7-ffff-ffff000001b6","ELEMENT":"00000000-0000-05c7-ffff-ffff000001b6"},{"element-6066-11e4-a52e-4f735466cecf":"00000000-0000-05c7-ffff-ffff000001c5","ELEMENT":"00000000-0000-05c7-ffff-ffff000001c5"},{"element-6066-11e4-a52e-4f735466cecf":"00000000-0000-05c7-ffff-ffff000001d5","ELEMENT":"00000000-0000-05c7-ffff-ffff000001d5"},{"element-6066-11e4-a52e-4f735466cecf":"00000000-0000-05c7-ffff-ffff000001e4","ELEMENT":"00000000-0000-05c7-ffff-ffff000001e4"}]
&amp#27;[38;5;0m[HTTP]&amp#27;[0m &amp#27;[37m<-- POST /session/5cabbd15-7e20-42e4-8d48-d95ee721e291/elements &amp#27;[39m&amp#27;[32m200&amp#27;[39m &amp#27;[90m836 ms - 779&amp#27;[39m
&amp#27;[38;5;0m[HTTP]&amp#27;[0m &amp#27;[90m&amp#27;[39m
&amp#27;[38;5;0m[HTTP]&amp#27;[0m &amp#27;[37m-->&amp#27;[39m &amp#27;[37mPOST&amp#27;[39m &amp#27;[37m/session/5cabbd15-7e20-42e4-8d48-d95ee721e291/element/00000000-0000-05c7-ffff-ffff000001b6/element&amp#27;[39m
&amp#27;[38;5;0m[HTTP]&amp#27;[0m &amp#27;[90m{"id":"00000000-0000-05c7-ffff-ffff000001b6","using":"xpath","value":"//android.widget.TextView[@content-desc='store item text']"}&amp#27;[39m
&amp#27;[38;5;32m[AndroidUiautomator2Driver@fb3b (5cabbd15)]&amp#27;[0m Calling AppiumDriver.findElementFromElement() with args: ["xpath","//android.widget.TextView[@content-desc='store item text']","00000000-0000-05c7-ffff-ffff000001b6","5cabbd15-7e20-42e4-8d48-d95ee721e291"]
&amp#27;[38;5;32m[AndroidUiautomator2Driver@fb3b (5cabbd15)]&amp#27;[0m Valid locator strategies for this request: xpath, id, class name, accessibility id, css selector, -android uiautomator
&amp#27;[38;5;32m[AndroidUiautomator2Driver@fb3b (5cabbd15)]&amp#27;[0m Waiting up to 10000 ms for condition
&amp#27;[38;5;32m[AndroidUiautomator2Driver@fb3b (5cabbd15)]&amp#27;[0m Matched '/element' to command name 'findElement'
&amp#27;[38;5;32m[AndroidUiautomator2Driver@fb3b (5cabbd15)]&amp#27;[0m Proxying [POST /element] to [POST http://127.0.0.1:8201/session/dc1a88ef-730b-4fe2-afab-0087ad1f4d72/element] with body: {"strategy":"xpath","selector":"//android.widget.TextView[@content-desc='store item text']","context":"00000000-0000-05c7-ffff-ffff000001b6","multiple":false}
&amp#27;[38;5;32m[AndroidUiautomator2Driver@fb3b (5cabbd15)]&amp#27;[0m Got response with status 200: {"sessionId":"dc1a88ef-730b-4fe2-afab-0087ad1f4d72","value":{"ELEMENT":"00000000-0000-05c7-ffff-ffff000001b9","element-6066-11e4-a52e-4f735466cecf":"00000000-0000-05c7-ffff-ffff000001b9"}}
&amp#27;[38;5;32m[AndroidUiautomator2Driver@fb3b (5cabbd15)]&amp#27;[0m Responding to client with driver.findElementFromElement() result: {"element-6066-11e4-a52e-4f735466cecf":"00000000-0000-05c7-ffff-ffff000001b9","ELEMENT":"00000000-0000-05c7-ffff-ffff000001b9"}
&amp#27;[38;5;0m[HTTP]&amp#27;[0m &amp#27;[37m<-- POST /session/5cabbd15-7e20-42e4-8d48-d95ee721e291/element/00000000-0000-05c7-ffff-ffff000001b6/element &amp#27;[39m&amp#27;[32m200&amp#27;[39m &amp#27;[90m121 ms - 137&amp#27;[39m
&amp#27;[38;5;0m[HTTP]&amp#27;[0m &amp#27;[90m&amp#27;[39m
&amp#27;[38;5;0m[HTTP]&amp#27;[0m &amp#27;[37m-->&amp#27;[39m &amp#27;[37mGET&amp#27;[39m &amp#27;[37m/session/5cabbd15-7e20-42e4-8d48-d95ee721e291/element/00000000-0000-05c7-ffff-ffff000001b9/text&amp#27;[39m
&amp#27;[38;5;0m[HTTP]&amp#27;[0m &amp#27;[90m{}&amp#27;[39m
&amp#27;[38;5;32m[AndroidUiautomator2Driver@fb3b (5cabbd15)]&amp#27;[0m Driver proxy active, passing request on via HTTP proxy
&amp#27;[38;5;32m[AndroidUiautomator2Driver@fb3b (5cabbd15)]&amp#27;[0m Matched '/session/5cabbd15-7e20-42e4-8d48-d95ee721e291/element/00000000-0000-05c7-ffff-ffff000001b9/text' to command name 'getText'
&amp#27;[38;5;32m[AndroidUiautomator2Driver@fb3b (5cabbd15)]&amp#27;[0m Proxying [GET /session/5cabbd15-7e20-42e4-8d48-d95ee721e291/element/00000000-0000-05c7-ffff-ffff000001b9/text] to [GET http://127.0.0.1:8201/session/dc1a88ef-730b-4fe2-afab-0087ad1f4d72/element/00000000-0000-05c7-ffff-ffff000001b9/text] with no body
&amp#27;[38;5;32m[AndroidUiautomator2Driver@fb3b (5cabbd15)]&amp#27;[0m Got response with status 200: {"sessionId":"dc1a88ef-730b-4fe2-afab-0087ad1f4d72","value":"Sauce Labs Fleece Jacket"}
&amp#27;[38;5;32m[AndroidUiautomator2Driver@fb3b (5cabbd15)]&amp#27;[0m Replacing sessionId dc1a88ef-730b-4fe2-afab-0087ad1f4d72 with 5cabbd15-7e20-42e4-8d48-d95ee721e291
&amp#27;[38;5;0m[HTTP]&amp#27;[0m &amp#27;[37m<-- GET /session/5cabbd15-7e20-42e4-8d48-d95ee721e291/element/00000000-0000-05c7-ffff-ffff000001b9/text &amp#27;[39m&amp#27;[32m200&amp#27;[39m &amp#27;[90m31 ms - 87&amp#27;[39m
&amp#27;[38;5;0m[HTTP]&amp#27;[0m &amp#27;[90m&amp#27;[39m
&amp#27;[38;5;0m[HTTP]&amp#27;[0m &amp#27;[37m-->&amp#27;[39m &amp#27;[37mGET&amp#27;[39m &amp#27;[37m/session/5cabbd15-7e20-42e4-8d48-d95ee721e291/context&amp#27;[39m
&amp#27;[38;5;0m[HTTP]&amp#27;[0m &amp#27;[90m{}&amp#27;[39m
&amp#27;[38;5;32m[AndroidUiautomator2Driver@fb3b (5cabbd15)]&amp#27;[0m Calling AppiumDriver.getCurrentContext() with args: ["5cabbd15-7e20-42e4-8d48-d95ee721e291"]
&amp#27;[38;5;32m[AndroidUiautomator2Driver@fb3b (5cabbd15)]&amp#27;[0m Responding to client with driver.getCurrentContext() result: "NATIVE_APP"
&amp#27;[38;5;0m[HTTP]&amp#27;[0m &amp#27;[37m<-- GET /session/5cabbd15-7e20-42e4-8d48-d95ee721e291/context &amp#27;[39m&amp#27;[32m200&amp#27;[39m &amp#27;[90m1 ms - 22&amp#27;[39m
&amp#27;[38;5;0m[HTTP]&amp#27;[0m &amp#27;[90m&amp#27;[39m
&amp#27;[38;5;0m[HTTP]&amp#27;[0m &amp#27;[37m-->&amp#27;[39m &amp#27;[37mPOST&amp#27;[39m &amp#27;[37m/session/5cabbd15-7e20-42e4-8d48-d95ee721e291/elements&amp#27;[39m
&amp#27;[38;5;0m[HTTP]&amp#27;[0m &amp#27;[90m{"using":"xpath","value":"//android.view.ViewGroup[@content-desc='store item']"}&amp#27;[39m
&amp#27;[38;5;32m[AndroidUiautomator2Driver@fb3b (5cabbd15)]&amp#27;[0m Calling AppiumDriver.findElements() with args: ["xpath","//android.view.ViewGroup[@content-desc='store item']","5cabbd15-7e20-42e4-8d48-d95ee721e291"]
&amp#27;[38;5;32m[AndroidUiautomator2Driver@fb3b (5cabbd15)]&amp#27;[0m Valid locator strategies for this request: xpath, id, class name, accessibility id, css selector, -android uiautomator
&amp#27;[38;5;32m[AndroidUiautomator2Driver@fb3b (5cabbd15)]&amp#27;[0m Waiting up to 10000 ms for condition
&amp#27;[38;5;32m[AndroidUiautomator2Driver@fb3b (5cabbd15)]&amp#27;[0m Matched '/elements' to command name 'findElements'
&amp#27;[38;5;32m[AndroidUiautomator2Driver@fb3b (5cabbd15)]&amp#27;[0m Proxying [POST /elements] to [POST http://127.0.0.1:8201/session/dc1a88ef-730b-4fe2-afab-0087ad1f4d72/elements] with body: {"strategy":"xpath","selector":"//android.view.ViewGroup[@content-desc='store item']","context":"","multiple":true}
&amp#27;[38;5;32m[AndroidUiautomator2Driver@fb3b (5cabbd15)]&amp#27;[0m Got response with status 200: {"sessionId":"dc1a88ef-730b-4fe2-afab-0087ad1f4d72","value":[{"ELEMENT":"00000000-0000-05c7-ffff-ffff00000197","element-6066-11e4-a52e-4f735466cecf":"00000000-0000-05c7-ffff-ffff00000197"},{"ELEMENT":"00000000-0000-05c7-ffff-ffff000001a6","element-6066-11e4-a52e-4f735466cecf":"00000000-0000-05c7-ffff-ffff000001a6"},{"ELEMENT":"00000000-0000-05c7-ffff-ffff000001b6","element-6066-11e4-a52e-4f735466cecf":"00000000-0000-05c7-ffff-ffff000001b6"},{"ELEMENT":"00000000-0000-05c7-ffff-ffff000001c5","element-6066-11e4-a52e-4f735466cecf":"00000000-0000-05c7-ffff-ffff000001c5"},{"ELEMENT":"00000000-0000-05c7-ffff-ffff000001d5","element-6066-11e4-a52e-4f735466cecf":"00000000-0000-05c7-ffff-ffff000001d5"},{"ELEMENT":"00000000-0000-05c7-ffff-ffff000001e4","element-6066-11e4-a52e-4f735466cecf":"00000000-0000-05c7-ffff-ffff000001e4"}]}
&amp#27;[38;5;32m[AndroidUiautomator2Driver@fb3b (5cabbd15)]&amp#27;[0m Responding to client with driver.findElements() result: [{"element-6066-11e4-a52e-4f735466cecf":"00000000-0000-05c7-ffff-ffff00000197","ELEMENT":"00000000-0000-05c7-ffff-ffff00000197"},{"element-6066-11e4-a52e-4f735466cecf":"00000000-0000-05c7-ffff-ffff000001a6","ELEMENT":"00000000-0000-05c7-ffff-ffff000001a6"},{"element-6066-11e4-a52e-4f735466cecf":"00000000-0000-05c7-ffff-ffff000001b6","ELEMENT":"00000000-0000-05c7-ffff-ffff000001b6"},{"element-6066-11e4-a52e-4f735466cecf":"00000000-0000-05c7-ffff-ffff000001c5","ELEMENT":"00000000-0000-05c7-ffff-ffff000001c5"},{"element-6066-11e4-a52e-4f735466cecf":"00000000-0000-05c7-ffff-ffff000001d5","ELEMENT":"00000000-0000-05c7-ffff-ffff000001d5"},{"element-6066-11e4-a52e-4f735466cecf":"00000000-0000-05c7-ffff-ffff000001e4","ELEMENT":"00000000-0000-05c7-ffff-ffff000001e4"}]
&amp#27;[38;5;0m[HTTP]&amp#27;[0m &amp#27;[37m<-- POST /session/5cabbd15-7e20-42e4-8d48-d95ee721e291/elements &amp#27;[39m&amp#27;[32m200&amp#27;[39m &amp#27;[90m709 ms - 779&amp#27;[39m
&amp#27;[38;5;0m[HTTP]&amp#27;[0m &amp#27;[90m&amp#27;[39m
&amp#27;[38;5;0m[HTTP]&amp#27;[0m &amp#27;[37m-->&amp#27;[39m &amp#27;[37mPOST&amp#27;[39m &amp#27;[37m/session/5cabbd15-7e20-42e4-8d48-d95ee721e291/element&amp#27;[39m
&amp#27;[38;5;0m[HTTP]&amp#27;[0m &amp#27;[90m{"using":"-android uiautomator","value":"new UiScrollable(new UiSelector().scrollable(true).instance(0)).scrollIntoView(new UiSelector().textContains(\"Â© 2024 Sauce Labs. All Rights Reserved. Terms of Service | Privacy Policy.\").instance(0))"}&amp#27;[39m
&amp#27;[38;5;32m[AndroidUiautomator2Driver@fb3b (5cabbd15)]&amp#27;[0m Calling AppiumDriver.findElement() with args: ["-android uiautomator","new UiScrollable(new UiSelector().scrollable(true).instance(0)).scrollIntoView(new UiSelector().textContains(\"Â© 2024 Sauce Labs. All Rights Reserved. Terms of Service | Privacy Policy.\").instance(0))","5cabbd15-7e20-42e4-8d48-d95ee721e291"]
&amp#27;[38;5;32m[AndroidUiautomator2Driver@fb3b (5cabbd15)]&amp#27;[0m Valid locator strategies for this request: xpath, id, class name, accessibility id, css selector, -android uiautomator
&amp#27;[38;5;32m[AndroidUiautomator2Driver@fb3b (5cabbd15)]&amp#27;[0m Waiting up to 10000 ms for condition
&amp#27;[38;5;32m[AndroidUiautomator2Driver@fb3b (5cabbd15)]&amp#27;[0m Matched '/element' to command name 'findElement'
&amp#27;[38;5;32m[AndroidUiautomator2Driver@fb3b (5cabbd15)]&amp#27;[0m Proxying [POST /element] to [POST http://127.0.0.1:8201/session/dc1a88ef-730b-4fe2-afab-0087ad1f4d72/element] with body: {"strategy":"-android uiautomator","selector":"new UiScrollable(new UiSelector().scrollable(true).instance(0)).scrollIntoView(new UiSelector().textContains(\"Â© 2024 Sauce Labs. All Rights Reserved. Terms of Service | Privacy Policy.\").instance(0))","context":"","multiple":false}
&amp#27;[38;5;32m[AndroidUiautomator2Driver@fb3b (5cabbd15)]&amp#27;[0m Got response with status 200: {"sessionId":"dc1a88ef-730b-4fe2-afab-0087ad1f4d72","value":{"ELEMENT":"00000000-0000-05c7-ffff-ffff000000e4","element-6066-11e4-a52e-4f735466cecf":"00000000-0000-05c7-ffff-ffff000000e4"}}
&amp#27;[38;5;32m[AndroidUiautomator2Driver@fb3b (5cabbd15)]&amp#27;[0m Responding to client with driver.findElement() result: {"element-6066-11e4-a52e-4f735466cecf":"00000000-0000-05c7-ffff-ffff000000e4","ELEMENT":"00000000-0000-05c7-ffff-ffff000000e4"}
&amp#27;[38;5;0m[HTTP]&amp#27;[0m &amp#27;[37m<-- POST /session/5cabbd15-7e20-42e4-8d48-d95ee721e291/element &amp#27;[39m&amp#27;[32m200&amp#27;[39m &amp#27;[90m3043 ms - 137&amp#27;[39m
&amp#27;[38;5;0m[HTTP]&amp#27;[0m &amp#27;[90m&amp#27;[39m
&amp#27;[38;5;0m[HTTP]&amp#27;[0m &amp#27;[37m-->&amp#27;[39m &amp#27;[37mGET&amp#27;[39m &amp#27;[37m/session/5cabbd15-7e20-42e4-8d48-d95ee721e291/context&amp#27;[39m
&amp#27;[38;5;0m[HTTP]&amp#27;[0m &amp#27;[90m{}&amp#27;[39m
&amp#27;[38;5;32m[AndroidUiautomator2Driver@fb3b (5cabbd15)]&amp#27;[0m Calling AppiumDriver.getCurrentContext() with args: ["5cabbd15-7e20-42e4-8d48-d95ee721e291"]
&amp#27;[38;5;32m[AndroidUiautomator2Driver@fb3b (5cabbd15)]&amp#27;[0m Responding to client with driver.getCurrentContext() result: "NATIVE_APP"
&amp#27;[38;5;0m[HTTP]&amp#27;[0m &amp#27;[37m<-- GET /session/5cabbd15-7e20-42e4-8d48-d95ee721e291/context &amp#27;[39m&amp#27;[32m200&amp#27;[39m &amp#27;[90m1 ms - 22&amp#27;[39m
&amp#27;[38;5;0m[HTTP]&amp#27;[0m &amp#27;[90m&amp#27;[39m
&amp#27;[38;5;0m[HTTP]&amp#27;[0m &amp#27;[37m-->&amp#27;[39m &amp#27;[37mPOST&amp#27;[39m &amp#27;[37m/session/5cabbd15-7e20-42e4-8d48-d95ee721e291/elements&amp#27;[39m
&amp#27;[38;5;0m[HTTP]&amp#27;[0m &amp#27;[90m{"using":"xpath","value":"//android.view.ViewGroup[@content-desc='store item']"}&amp#27;[39m
&amp#27;[38;5;32m[AndroidUiautomator2Driver@fb3b (5cabbd15)]&amp#27;[0m Calling AppiumDriver.findElements() with args: ["xpath","//android.view.ViewGroup[@content-desc='store item']","5cabbd15-7e20-42e4-8d48-d95ee721e291"]
&amp#27;[38;5;32m[AndroidUiautomator2Driver@fb3b (5cabbd15)]&amp#27;[0m Valid locator strategies for this request: xpath, id, class name, accessibility id, css selector, -android uiautomator
&amp#27;[38;5;32m[AndroidUiautomator2Driver@fb3b (5cabbd15)]&amp#27;[0m Waiting up to 10000 ms for condition
&amp#27;[38;5;32m[AndroidUiautomator2Driver@fb3b (5cabbd15)]&amp#27;[0m Matched '/elements' to command name 'findElements'
&amp#27;[38;5;32m[AndroidUiautomator2Driver@fb3b (5cabbd15)]&amp#27;[0m Proxying [POST /elements] to [POST http://127.0.0.1:8201/session/dc1a88ef-730b-4fe2-afab-0087ad1f4d72/elements] with body: {"strategy":"xpath","selector":"//android.view.ViewGroup[@content-desc='store item']","context":"","multiple":true}
&amp#27;[38;5;32m[AndroidUiautomator2Driver@fb3b (5cabbd15)]&amp#27;[0m Got response with status 200: {"sessionId":"dc1a88ef-730b-4fe2-afab-0087ad1f4d72","value":[{"ELEMENT":"00000000-0000-05c7-ffff-ffff00000197","element-6066-11e4-a52e-4f735466cecf":"00000000-0000-05c7-ffff-ffff00000197"},{"ELEMENT":"00000000-0000-05c7-ffff-ffff000001a6","element-6066-11e4-a52e-4f735466cecf":"00000000-0000-05c7-ffff-ffff000001a6"},{"ELEMENT":"00000000-0000-05c7-ffff-ffff000001b6","element-6066-11e4-a52e-4f735466cecf":"00000000-0000-05c7-ffff-ffff000001b6"},{"ELEMENT":"00000000-0000-05c7-ffff-ffff000001c5","element-6066-11e4-a52e-4f735466cecf":"00000000-0000-05c7-ffff-ffff000001c5"},{"ELEMENT":"00000000-0000-05c7-ffff-ffff000001d5","element-6066-11e4-a52e-4f735466cecf":"00000000-0000-05c7-ffff-ffff000001d5"},{"ELEMENT":"00000000-0000-05c7-ffff-ffff000001e4","element-6066-11e4-a52e-4f735466cecf":"00000000-0000-05c7-ffff-ffff000001e4"}]}
&amp#27;[38;5;32m[AndroidUiautomator2Driver@fb3b (5cabbd15)]&amp#27;[0m Responding to client with driver.findElements() result: [{"element-6066-11e4-a52e-4f735466cecf":"00000000-0000-05c7-ffff-ffff00000197","ELEMENT":"00000000-0000-05c7-ffff-ffff00000197"},{"element-6066-11e4-a52e-4f735466cecf":"00000000-0000-05c7-ffff-ffff000001a6","ELEMENT":"00000000-0000-05c7-ffff-ffff000001a6"},{"element-6066-11e4-a52e-4f735466cecf":"00000000-0000-05c7-ffff-ffff000001b6","ELEMENT":"00000000-0000-05c7-ffff-ffff000001b6"},{"element-6066-11e4-a52e-4f735466cecf":"00000000-0000-05c7-ffff-ffff000001c5","ELEMENT":"00000000-0000-05c7-ffff-ffff000001c5"},{"element-6066-11e4-a52e-4f735466cecf":"00000000-0000-05c7-ffff-ffff000001d5","ELEMENT":"00000000-0000-05c7-ffff-ffff000001d5"},{"element-6066-11e4-a52e-4f735466cecf":"00000000-0000-05c7-ffff-ffff000001e4","ELEMENT":"00000000-0000-05c7-ffff-ffff000001e4"}]
&amp#27;[38;5;0m[HTTP]&amp#27;[0m &amp#27;[37m<-- POST /session/5cabbd15-7e20-42e4-8d48-d95ee721e291/elements &amp#27;[39m&amp#27;[32m200&amp#27;[39m &amp#27;[90m453 ms - 779&amp#27;[39m
&amp#27;[38;5;0m[HTTP]&amp#27;[0m &amp#27;[90m&amp#27;[39m
&amp#27;[38;5;0m[HTTP]&amp#27;[0m &amp#27;[37m-->&amp#27;[39m &amp#27;[37mPOST&amp#27;[39m &amp#27;[37m/session/5cabbd15-7e20-42e4-8d48-d95ee721e291/element/00000000-0000-05c7-ffff-ffff000001c5/element&amp#27;[39m
&amp#27;[38;5;0m[HTTP]&amp#27;[0m &amp#27;[90m{"id":"00000000-0000-05c7-ffff-ffff000001c5","using":"xpath","value":"//android.widget.TextView[@content-desc='store item text']"}&amp#27;[39m
&amp#27;[38;5;32m[AndroidUiautomator2Driver@fb3b (5cabbd15)]&amp#27;[0m Calling AppiumDriver.findElementFromElement() with args: ["xpath","//android.widget.TextView[@content-desc='store item text']","00000000-0000-05c7-ffff-ffff000001c5","5cabbd15-7e20-42e4-8d48-d95ee721e291"]
&amp#27;[38;5;32m[AndroidUiautomator2Driver@fb3b (5cabbd15)]&amp#27;[0m Valid locator strategies for this request: xpath, id, class name, accessibility id, css selector, -android uiautomator
&amp#27;[38;5;32m[AndroidUiautomator2Driver@fb3b (5cabbd15)]&amp#27;[0m Waiting up to 10000 ms for condition
&amp#27;[38;5;32m[AndroidUiautomator2Driver@fb3b (5cabbd15)]&amp#27;[0m Matched '/element' to command name 'findElement'
&amp#27;[38;5;32m[AndroidUiautomator2Driver@fb3b (5cabbd15)]&amp#27;[0m Proxying [POST /element] to [POST http://127.0.0.1:8201/session/dc1a88ef-730b-4fe2-afab-0087ad1f4d72/element] with body: {"strategy":"xpath","selector":"//android.widget.TextView[@content-desc='store item text']","context":"00000000-0000-05c7-ffff-ffff000001c5","multiple":false}
&amp#27;[38;5;32m[AndroidUiautomator2Driver@fb3b (5cabbd15)]&amp#27;[0m Got response with status 200: {"sessionId":"dc1a88ef-730b-4fe2-afab-0087ad1f4d72","value":{"ELEMENT":"00000000-0000-05c7-ffff-ffff000001c8","element-6066-11e4-a52e-4f735466cecf":"00000000-0000-05c7-ffff-ffff000001c8"}}
&amp#27;[38;5;32m[AndroidUiautomator2Driver@fb3b (5cabbd15)]&amp#27;[0m Responding to client with driver.findElementFromElement() result: {"element-6066-11e4-a52e-4f735466cecf":"00000000-0000-05c7-ffff-ffff000001c8","ELEMENT":"00000000-0000-05c7-ffff-ffff000001c8"}
&amp#27;[38;5;0m[HTTP]&amp#27;[0m &amp#27;[37m<-- POST /session/5cabbd15-7e20-42e4-8d48-d95ee721e291/element/00000000-0000-05c7-ffff-ffff000001c5/element &amp#27;[39m&amp#27;[32m200&amp#27;[39m &amp#27;[90m47 ms - 137&amp#27;[39m
&amp#27;[38;5;0m[HTTP]&amp#27;[0m &amp#27;[90m&amp#27;[39m
&amp#27;[38;5;0m[HTTP]&amp#27;[0m &amp#27;[37m-->&amp#27;[39m &amp#27;[37mGET&amp#27;[39m &amp#27;[37m/session/5cabbd15-7e20-42e4-8d48-d95ee721e291/element/00000000-0000-05c7-ffff-ffff000001c8/text&amp#27;[39m
&amp#27;[38;5;0m[HTTP]&amp#27;[0m &amp#27;[90m{}&amp#27;[39m
&amp#27;[38;5;32m[AndroidUiautomator2Driver@fb3b (5cabbd15)]&amp#27;[0m Driver proxy active, passing request on via HTTP proxy
&amp#27;[38;5;32m[AndroidUiautomator2Driver@fb3b (5cabbd15)]&amp#27;[0m Matched '/session/5cabbd15-7e20-42e4-8d48-d95ee721e291/element/00000000-0000-05c7-ffff-ffff000001c8/text' to command name 'getText'
&amp#27;[38;5;32m[AndroidUiautomator2Driver@fb3b (5cabbd15)]&amp#27;[0m Proxying [GET /session/5cabbd15-7e20-42e4-8d48-d95ee721e291/element/00000000-0000-05c7-ffff-ffff000001c8/text] to [GET http://127.0.0.1:8201/session/dc1a88ef-730b-4fe2-afab-0087ad1f4d72/element/00000000-0000-05c7-ffff-ffff000001c8/text] with no body
&amp#27;[38;5;32m[AndroidUiautomator2Driver@fb3b (5cabbd15)]&amp#27;[0m Got response with status 200: {"sessionId":"dc1a88ef-730b-4fe2-afab-0087ad1f4d72","value":"Sauce Labs Bolt T-Shirt"}
&amp#27;[38;5;32m[AndroidUiautomator2Driver@fb3b (5cabbd15)]&amp#27;[0m Replacing sessionId dc1a88ef-730b-4fe2-afab-0087ad1f4d72 with 5cabbd15-7e20-42e4-8d48-d95ee721e291
&amp#27;[38;5;0m[HTTP]&amp#27;[0m &amp#27;[37m<-- GET /session/5cabbd15-7e20-42e4-8d48-d95ee721e291/element/00000000-0000-05c7-ffff-ffff000001c8/text &amp#27;[39m&amp#27;[32m200&amp#27;[39m &amp#27;[90m12 ms - 86&amp#27;[39m
&amp#27;[38;5;0m[HTTP]&amp#27;[0m &amp#27;[90m&amp#27;[39m
&amp#27;[38;5;0m[HTTP]&amp#27;[0m &amp#27;[37m-->&amp#27;[39m &amp#27;[37mGET&amp#27;[39m &amp#27;[37m/session/5cabbd15-7e20-42e4-8d48-d95ee721e291/context&amp#27;[39m
&amp#27;[38;5;0m[HTTP]&amp#27;[0m &amp#27;[90m{}&amp#27;[39m
&amp#27;[38;5;32m[AndroidUiautomator2Driver@fb3b (5cabbd15)]&amp#27;[0m Calling AppiumDriver.getCurrentContext() with args: ["5cabbd15-7e20-42e4-8d48-d95ee721e291"]
&amp#27;[38;5;32m[AndroidUiautomator2Driver@fb3b (5cabbd15)]&amp#27;[0m Responding to client with driver.getCurrentContext() result: "NATIVE_APP"
&amp#27;[38;5;0m[HTTP]&amp#27;[0m &amp#27;[37m<-- GET /session/5cabbd15-7e20-42e4-8d48-d95ee721e291/context &amp#27;[39m&amp#27;[32m200&amp#27;[39m &amp#27;[90m1 ms - 22&amp#27;[39m
&amp#27;[38;5;0m[HTTP]&amp#27;[0m &amp#27;[90m&amp#27;[39m
&amp#27;[38;5;0m[HTTP]&amp#27;[0m &amp#27;[37m-->&amp#27;[39m &amp#27;[37mPOST&amp#27;[39m &amp#27;[37m/session/5cabbd15-7e20-42e4-8d48-d95ee721e291/elements&amp#27;[39m
&amp#27;[38;5;0m[HTTP]&amp#27;[0m &amp#27;[90m{"using":"xpath","value":"//android.view.ViewGroup[@content-desc='store item']"}&amp#27;[39m
&amp#27;[38;5;32m[AndroidUiautomator2Driver@fb3b (5cabbd15)]&amp#27;[0m Calling AppiumDriver.findElements() with args: ["xpath","//android.view.ViewGroup[@content-desc='store item']","5cabbd15-7e20-42e4-8d48-d95ee721e291"]
&amp#27;[38;5;32m[AndroidUiautomator2Driver@fb3b (5cabbd15)]&amp#27;[0m Valid locator strategies for this request: xpath, id, class name, accessibility id, css selector, -android uiautomator
&amp#27;[38;5;32m[AndroidUiautomator2Driver@fb3b (5cabbd15)]&amp#27;[0m Waiting up to 10000 ms for condition
&amp#27;[38;5;32m[AndroidUiautomator2Driver@fb3b (5cabbd15)]&amp#27;[0m Matched '/elements' to command name 'findElements'
&amp#27;[38;5;32m[AndroidUiautomator2Driver@fb3b (5cabbd15)]&amp#27;[0m Proxying [POST /elements] to [POST http://127.0.0.1:8201/session/dc1a88ef-730b-4fe2-afab-0087ad1f4d72/elements] with body: {"strategy":"xpath","selector":"//android.view.ViewGroup[@content-desc='store item']","context":"","multiple":true}
&amp#27;[38;5;32m[AndroidUiautomator2Driver@fb3b (5cabbd15)]&amp#27;[0m Got response with status 200: {"sessionId":"dc1a88ef-730b-4fe2-afab-0087ad1f4d72","value":[{"ELEMENT":"00000000-0000-05c7-ffff-ffff00000197","element-6066-11e4-a52e-4f735466cecf":"00000000-0000-05c7-ffff-ffff00000197"},{"ELEMENT":"00000000-0000-05c7-ffff-ffff000001a6","element-6066-11e4-a52e-4f735466cecf":"00000000-0000-05c7-ffff-ffff000001a6"},{"ELEMENT":"00000000-0000-05c7-ffff-ffff000001b6","element-6066-11e4-a52e-4f735466cecf":"00000000-0000-05c7-ffff-ffff000001b6"},{"ELEMENT":"00000000-0000-05c7-ffff-ffff000001c5","element-6066-11e4-a52e-4f735466cecf":"00000000-0000-05c7-ffff-ffff000001c5"},{"ELEMENT":"00000000-0000-05c7-ffff-ffff000001d5","element-6066-11e4-a52e-4f735466cecf":"00000000-0000-05c7-ffff-ffff000001d5"},{"ELEMENT":"00000000-0000-05c7-ffff-ffff000001e4","element-6066-11e4-a52e-4f735466cecf":"00000000-0000-05c7-ffff-ffff000001e4"}]}
&amp#27;[38;5;32m[AndroidUiautomator2Driver@fb3b (5cabbd15)]&amp#27;[0m Responding to client with driver.findElements() result: [{"element-6066-11e4-a52e-4f735466cecf":"00000000-0000-05c7-ffff-ffff00000197","ELEMENT":"00000000-0000-05c7-ffff-ffff00000197"},{"element-6066-11e4-a52e-4f735466cecf":"00000000-0000-05c7-ffff-ffff000001a6","ELEMENT":"00000000-0000-05c7-ffff-ffff000001a6"},{"element-6066-11e4-a52e-4f735466cecf":"00000000-0000-05c7-ffff-ffff000001b6","ELEMENT":"00000000-0000-05c7-ffff-ffff000001b6"},{"element-6066-11e4-a52e-4f735466cecf":"00000000-0000-05c7-ffff-ffff000001c5","ELEMENT":"00000000-0000-05c7-ffff-ffff000001c5"},{"element-6066-11e4-a52e-4f735466cecf":"00000000-0000-05c7-ffff-ffff000001d5","ELEMENT":"00000000-0000-05c7-ffff-ffff000001d5"},{"element-6066-11e4-a52e-4f735466cecf":"00000000-0000-05c7-ffff-ffff000001e4","ELEMENT":"00000000-0000-05c7-ffff-ffff000001e4"}]
&amp#27;[38;5;0m[HTTP]&amp#27;[0m &amp#27;[37m<-- POST /session/5cabbd15-7e20-42e4-8d48-d95ee721e291/elements &amp#27;[39m&amp#27;[32m200&amp#27;[39m &amp#27;[90m232 ms - 779&amp#27;[39m
&amp#27;[38;5;0m[HTTP]&amp#27;[0m &amp#27;[90m&amp#27;[39m
&amp#27;[38;5;0m[HTTP]&amp#27;[0m &amp#27;[37m-->&amp#27;[39m &amp#27;[37mGET&amp#27;[39m &amp#27;[37m/session/5cabbd15-7e20-42e4-8d48-d95ee721e291/context&amp#27;[39m
&amp#27;[38;5;0m[HTTP]&amp#27;[0m &amp#27;[90m{}&amp#27;[39m
&amp#27;[38;5;32m[AndroidUiautomator2Driver@fb3b (5cabbd15)]&amp#27;[0m Calling AppiumDriver.getCurrentContext() with args: ["5cabbd15-7e20-42e4-8d48-d95ee721e291"]
&amp#27;[38;5;32m[AndroidUiautomator2Driver@fb3b (5cabbd15)]&amp#27;[0m Responding to client with driver.getCurrentContext() result: "NATIVE_APP"
&amp#27;[38;5;0m[HTTP]&amp#27;[0m &amp#27;[37m<-- GET /session/5cabbd15-7e20-42e4-8d48-d95ee721e291/context &amp#27;[39m&amp#27;[32m200&amp#27;[39m &amp#27;[90m0 ms - 22&amp#27;[39m
&amp#27;[38;5;0m[HTTP]&amp#27;[0m &amp#27;[90m&amp#27;[39m
&amp#27;[38;5;0m[HTTP]&amp#27;[0m &amp#27;[37m-->&amp#27;[39m &amp#27;[37mPOST&amp#27;[39m &amp#27;[37m/session/5cabbd15-7e20-42e4-8d48-d95ee721e291/elements&amp#27;[39m
&amp#27;[38;5;0m[HTTP]&amp#27;[0m &amp#27;[90m{"using":"xpath","value":"//android.view.ViewGroup[@content-desc='store item']"}&amp#27;[39m
&amp#27;[38;5;32m[AndroidUiautomator2Driver@fb3b (5cabbd15)]&amp#27;[0m Calling AppiumDriver.findElements() with args: ["xpath","//android.view.ViewGroup[@content-desc='store item']","5cabbd15-7e20-42e4-8d48-d95ee721e291"]
&amp#27;[38;5;32m[AndroidUiautomator2Driver@fb3b (5cabbd15)]&amp#27;[0m Valid locator strategies for this request: xpath, id, class name, accessibility id, css selector, -android uiautomator
&amp#27;[38;5;32m[AndroidUiautomator2Driver@fb3b (5cabbd15)]&amp#27;[0m Waiting up to 10000 ms for condition
&amp#27;[38;5;32m[AndroidUiautomator2Driver@fb3b (5cabbd15)]&amp#27;[0m Matched '/elements' to command name 'findElements'
&amp#27;[38;5;32m[AndroidUiautomator2Driver@fb3b (5cabbd15)]&amp#27;[0m Proxying [POST /elements] to [POST http://127.0.0.1:8201/session/dc1a88ef-730b-4fe2-afab-0087ad1f4d72/elements] with body: {"strategy":"xpath","selector":"//android.view.ViewGroup[@content-desc='store item']","context":"","multiple":true}
&amp#27;[38;5;32m[AndroidUiautomator2Driver@fb3b (5cabbd15)]&amp#27;[0m Got response with status 200: {"sessionId":"dc1a88ef-730b-4fe2-afab-0087ad1f4d72","value":[{"ELEMENT":"00000000-0000-05c7-ffff-ffff00000197","element-6066-11e4-a52e-4f735466cecf":"00000000-0000-05c7-ffff-ffff00000197"},{"ELEMENT":"00000000-0000-05c7-ffff-ffff000001a6","element-6066-11e4-a52e-4f735466cecf":"00000000-0000-05c7-ffff-ffff000001a6"},{"ELEMENT":"00000000-0000-05c7-ffff-ffff000001b6","element-6066-11e4-a52e-4f735466cecf":"00000000-0000-05c7-ffff-ffff000001b6"},{"ELEMENT":"00000000-0000-05c7-ffff-ffff000001c5","element-6066-11e4-a52e-4f735466cecf":"00000000-0000-05c7-ffff-ffff000001c5"},{"ELEMENT":"00000000-0000-05c7-ffff-ffff000001d5","element-6066-11e4-a52e-4f735466cecf":"00000000-0000-05c7-ffff-ffff000001d5"},{"ELEMENT":"00000000-0000-05c7-ffff-ffff000001e4","element-6066-11e4-a52e-4f735466cecf":"00000000-0000-05c7-ffff-ffff000001e4"}]}
&amp#27;[38;5;32m[AndroidUiautomator2Driver@fb3b (5cabbd15)]&amp#27;[0m Responding to client with driver.findElements() result: [{"element-6066-11e4-a52e-4f735466cecf":"00000000-0000-05c7-ffff-ffff00000197","ELEMENT":"00000000-0000-05c7-ffff-ffff00000197"},{"element-6066-11e4-a52e-4f735466cecf":"00000000-0000-05c7-ffff-ffff000001a6","ELEMENT":"00000000-0000-05c7-ffff-ffff000001a6"},{"element-6066-11e4-a52e-4f735466cecf":"00000000-0000-05c7-ffff-ffff000001b6","ELEMENT":"00000000-0000-05c7-ffff-ffff000001b6"},{"element-6066-11e4-a52e-4f735466cecf":"00000000-0000-05c7-ffff-ffff000001c5","ELEMENT":"00000000-0000-05c7-ffff-ffff000001c5"},{"element-6066-11e4-a52e-4f735466cecf":"00000000-0000-05c7-ffff-ffff000001d5","ELEMENT":"00000000-0000-05c7-ffff-ffff000001d5"},{"element-6066-11e4-a52e-4f735466cecf":"00000000-0000-05c7-ffff-ffff000001e4","ELEMENT":"00000000-0000-05c7-ffff-ffff000001e4"}]
&amp#27;[38;5;0m[HTTP]&amp#27;[0m &amp#27;[37m<-- POST /session/5cabbd15-7e20-42e4-8d48-d95ee721e291/elements &amp#27;[39m&amp#27;[32m200&amp#27;[39m &amp#27;[90m226 ms - 779&amp#27;[39m
&amp#27;[38;5;0m[HTTP]&amp#27;[0m &amp#27;[90m&amp#27;[39m
&amp#27;[38;5;0m[HTTP]&amp#27;[0m &amp#27;[37m-->&amp#27;[39m &amp#27;[37mPOST&amp#27;[39m &amp#27;[37m/session/5cabbd15-7e20-42e4-8d48-d95ee721e291/element/00000000-0000-05c7-ffff-ffff000001d5/element&amp#27;[39m
&amp#27;[38;5;0m[HTTP]&amp#27;[0m &amp#27;[90m{"id":"00000000-0000-05c7-ffff-ffff000001d5","using":"xpath","value":"//android.widget.TextView[@content-desc='store item text']"}&amp#27;[39m
&amp#27;[38;5;32m[AndroidUiautomator2Driver@fb3b (5cabbd15)]&amp#27;[0m Calling AppiumDriver.findElementFromElement() with args: ["xpath","//android.widget.TextView[@content-desc='store item text']","00000000-0000-05c7-ffff-ffff000001d5","5cabbd15-7e20-42e4-8d48-d95ee721e291"]
&amp#27;[38;5;32m[AndroidUiautomator2Driver@fb3b (5cabbd15)]&amp#27;[0m Valid locator strategies for this request: xpath, id, class name, accessibility id, css selector, -android uiautomator
&amp#27;[38;5;32m[AndroidUiautomator2Driver@fb3b (5cabbd15)]&amp#27;[0m Waiting up to 10000 ms for condition
&amp#27;[38;5;32m[AndroidUiautomator2Driver@fb3b (5cabbd15)]&amp#27;[0m Matched '/element' to command name 'findElement'
&amp#27;[38;5;32m[AndroidUiautomator2Driver@fb3b (5cabbd15)]&amp#27;[0m Proxying [POST /element] to [POST http://127.0.0.1:8201/session/dc1a88ef-730b-4fe2-afab-0087ad1f4d72/element] with body: {"strategy":"xpath","selector":"//android.widget.TextView[@content-desc='store item text']","context":"00000000-0000-05c7-ffff-ffff000001d5","multiple":false}
&amp#27;[38;5;32m[AndroidUiautomator2Driver@fb3b (5cabbd15)]&amp#27;[0m Got response with status 200: {"sessionId":"dc1a88ef-730b-4fe2-afab-0087ad1f4d72","value":{"ELEMENT":"00000000-0000-05c7-ffff-ffff000001d8","element-6066-11e4-a52e-4f735466cecf":"00000000-0000-05c7-ffff-ffff000001d8"}}
&amp#27;[38;5;32m[AndroidUiautomator2Driver@fb3b (5cabbd15)]&amp#27;[0m Responding to client with driver.findElementFromElement() result: {"element-6066-11e4-a52e-4f735466cecf":"00000000-0000-05c7-ffff-ffff000001d8","ELEMENT":"00000000-0000-05c7-ffff-ffff000001d8"}
&amp#27;[38;5;0m[HTTP]&amp#27;[0m &amp#27;[37m<-- POST /session/5cabbd15-7e20-42e4-8d48-d95ee721e291/element/00000000-0000-05c7-ffff-ffff000001d5/element &amp#27;[39m&amp#27;[32m200&amp#27;[39m &amp#27;[90m522 ms - 137&amp#27;[39m
&amp#27;[38;5;0m[HTTP]&amp#27;[0m &amp#27;[90m&amp#27;[39m
&amp#27;[38;5;0m[HTTP]&amp#27;[0m &amp#27;[37m-->&amp#27;[39m &amp#27;[37mGET&amp#27;[39m &amp#27;[37m/session/5cabbd15-7e20-42e4-8d48-d95ee721e291/element/00000000-0000-05c7-ffff-ffff000001d8/text&amp#27;[39m
&amp#27;[38;5;0m[HTTP]&amp#27;[0m &amp#27;[90m{}&amp#27;[39m
&amp#27;[38;5;32m[AndroidUiautomator2Driver@fb3b (5cabbd15)]&amp#27;[0m Driver proxy active, passing request on via HTTP proxy
&amp#27;[38;5;32m[AndroidUiautomator2Driver@fb3b (5cabbd15)]&amp#27;[0m Matched '/session/5cabbd15-7e20-42e4-8d48-d95ee721e291/element/00000000-0000-05c7-ffff-ffff000001d8/text' to command name 'getText'
&amp#27;[38;5;32m[AndroidUiautomator2Driver@fb3b (5cabbd15)]&amp#27;[0m Proxying [GET /session/5cabbd15-7e20-42e4-8d48-d95ee721e291/element/00000000-0000-05c7-ffff-ffff000001d8/text] to [GET http://127.0.0.1:8201/session/dc1a88ef-730b-4fe2-afab-0087ad1f4d72/element/00000000-0000-05c7-ffff-ffff000001d8/text] with no body
&amp#27;[38;5;32m[AndroidUiautomator2Driver@fb3b (5cabbd15)]&amp#27;[0m Got response with status 200: {"sessionId":"dc1a88ef-730b-4fe2-afab-0087ad1f4d72","value":"Sauce Labs Bike Light"}
&amp#27;[38;5;32m[AndroidUiautomator2Driver@fb3b (5cabbd15)]&amp#27;[0m Replacing sessionId dc1a88ef-730b-4fe2-afab-0087ad1f4d72 with 5cabbd15-7e20-42e4-8d48-d95ee721e291
&amp#27;[38;5;0m[HTTP]&amp#27;[0m &amp#27;[37m<-- GET /session/5cabbd15-7e20-42e4-8d48-d95ee721e291/element/00000000-0000-05c7-ffff-ffff000001d8/text &amp#27;[39m&amp#27;[32m200&amp#27;[39m &amp#27;[90m12 ms - 84&amp#27;[39m
&amp#27;[38;5;0m[HTTP]&amp#27;[0m &amp#27;[90m&amp#27;[39m
&amp#27;[38;5;0m[HTTP]&amp#27;[0m &amp#27;[37m-->&amp#27;[39m &amp#27;[37mGET&amp#27;[39m &amp#27;[37m/session/5cabbd15-7e20-42e4-8d48-d95ee721e291/context&amp#27;[39m
&amp#27;[38;5;0m[HTTP]&amp#27;[0m &amp#27;[90m{}&amp#27;[39m
&amp#27;[38;5;32m[AndroidUiautomator2Driver@fb3b (5cabbd15)]&amp#27;[0m Calling AppiumDriver.getCurrentContext() with args: ["5cabbd15-7e20-42e4-8d48-d95ee721e291"]
&amp#27;[38;5;32m[AndroidUiautomator2Driver@fb3b (5cabbd15)]&amp#27;[0m Responding to client with driver.getCurrentContext() result: "NATIVE_APP"
&amp#27;[38;5;0m[HTTP]&amp#27;[0m &amp#27;[37m<-- GET /session/5cabbd15-7e20-42e4-8d48-d95ee721e291/context &amp#27;[39m&amp#27;[32m200&amp#27;[39m &amp#27;[90m1 ms - 22&amp#27;[39m
&amp#27;[38;5;0m[HTTP]&amp#27;[0m &amp#27;[90m&amp#27;[39m
&amp#27;[38;5;0m[HTTP]&amp#27;[0m &amp#27;[37m-->&amp#27;[39m &amp#27;[37mPOST&amp#27;[39m &amp#27;[37m/session/5cabbd15-7e20-42e4-8d48-d95ee721e291/elements&amp#27;[39m
&amp#27;[38;5;0m[HTTP]&amp#27;[0m &amp#27;[90m{"using":"xpath","value":"//android.view.ViewGroup[@content-desc='store item']"}&amp#27;[39m
&amp#27;[38;5;32m[AndroidUiautomator2Driver@fb3b (5cabbd15)]&amp#27;[0m Calling AppiumDriver.findElements() with args: ["xpath","//android.view.ViewGroup[@content-desc='store item']","5cabbd15-7e20-42e4-8d48-d95ee721e291"]
&amp#27;[38;5;32m[AndroidUiautomator2Driver@fb3b (5cabbd15)]&amp#27;[0m Valid locator strategies for this request: xpath, id, class name, accessibility id, css selector, -android uiautomator
&amp#27;[38;5;32m[AndroidUiautomator2Driver@fb3b (5cabbd15)]&amp#27;[0m Waiting up to 10000 ms for condition
&amp#27;[38;5;32m[AndroidUiautomator2Driver@fb3b (5cabbd15)]&amp#27;[0m Matched '/elements' to command name 'findElements'
&amp#27;[38;5;32m[AndroidUiautomator2Driver@fb3b (5cabbd15)]&amp#27;[0m Proxying [POST /elements] to [POST http://127.0.0.1:8201/session/dc1a88ef-730b-4fe2-afab-0087ad1f4d72/elements] with body: {"strategy":"xpath","selector":"//android.view.ViewGroup[@content-desc='store item']","context":"","multiple":true}
&amp#27;[38;5;32m[AndroidUiautomator2Driver@fb3b (5cabbd15)]&amp#27;[0m Got response with status 200: {"sessionId":"dc1a88ef-730b-4fe2-afab-0087ad1f4d72","value":[{"ELEMENT":"00000000-0000-05c7-ffff-ffff00000197","element-6066-11e4-a52e-4f735466cecf":"00000000-0000-05c7-ffff-ffff00000197"},{"ELEMENT":"00000000-0000-05c7-ffff-ffff000001a6","element-6066-11e4-a52e-4f735466cecf":"00000000-0000-05c7-ffff-ffff000001a6"},{"ELEMENT":"00000000-0000-05c7-ffff-ffff000001b6","element-6066-11e4-a52e-4f735466cecf":"00000000-0000-05c7-ffff-ffff000001b6"},{"ELEMENT":"00000000-0000-05c7-ffff-ffff000001c5","element-6066-11e4-a52e-4f735466cecf":"00000000-0000-05c7-ffff-ffff000001c5"},{"ELEMENT":"00000000-0000-05c7-ffff-ffff000001d5","element-6066-11e4-a52e-4f735466cecf":"00000000-0000-05c7-ffff-ffff000001d5"},{"ELEMENT":"00000000-0000-05c7-ffff-ffff000001e4","element-6066-11e4-a52e-4f735466cecf":"00000000-0000-05c7-ffff-ffff000001e4"}]}
&amp#27;[38;5;32m[AndroidUiautomator2Driver@fb3b (5cabbd15)]&amp#27;[0m Responding to client with driver.findElements() result: [{"element-6066-11e4-a52e-4f735466cecf":"00000000-0000-05c7-ffff-ffff00000197","ELEMENT":"00000000-0000-05c7-ffff-ffff00000197"},{"element-6066-11e4-a52e-4f735466cecf":"00000000-0000-05c7-ffff-ffff000001a6","ELEMENT":"00000000-0000-05c7-ffff-ffff000001a6"},{"element-6066-11e4-a52e-4f735466cecf":"00000000-0000-05c7-ffff-ffff000001b6","ELEMENT":"00000000-0000-05c7-ffff-ffff000001b6"},{"element-6066-11e4-a52e-4f735466cecf":"00000000-0000-05c7-ffff-ffff000001c5","ELEMENT":"00000000-0000-05c7-ffff-ffff000001c5"},{"element-6066-11e4-a52e-4f735466cecf":"00000000-0000-05c7-ffff-ffff000001d5","ELEMENT":"00000000-0000-05c7-ffff-ffff000001d5"},{"element-6066-11e4-a52e-4f735466cecf":"00000000-0000-05c7-ffff-ffff000001e4","ELEMENT":"00000000-0000-05c7-ffff-ffff000001e4"}]
&amp#27;[38;5;0m[HTTP]&amp#27;[0m &amp#27;[37m<-- POST /session/5cabbd15-7e20-42e4-8d48-d95ee721e291/elements &amp#27;[39m&amp#27;[32m200&amp#27;[39m &amp#27;[90m228 ms - 779&amp#27;[39m
&amp#27;[38;5;0m[HTTP]&amp#27;[0m &amp#27;[90m&amp#27;[39m
&amp#27;[38;5;0m[HTTP]&amp#27;[0m &amp#27;[37m-->&amp#27;[39m &amp#27;[37mGET&amp#27;[39m &amp#27;[37m/session/5cabbd15-7e20-42e4-8d48-d95ee721e291/context&amp#27;[39m
&amp#27;[38;5;0m[HTTP]&amp#27;[0m &amp#27;[90m{}&amp#27;[39m
&amp#27;[38;5;32m[AndroidUiautomator2Driver@fb3b (5cabbd15)]&amp#27;[0m Calling AppiumDriver.getCurrentContext() with args: ["5cabbd15-7e20-42e4-8d48-d95ee721e291"]
&amp#27;[38;5;32m[AndroidUiautomator2Driver@fb3b (5cabbd15)]&amp#27;[0m Responding to client with driver.getCurrentContext() result: "NATIVE_APP"
&amp#27;[38;5;0m[HTTP]&amp#27;[0m &amp#27;[37m<-- GET /session/5cabbd15-7e20-42e4-8d48-d95ee721e291/context &amp#27;[39m&amp#27;[32m200&amp#27;[39m &amp#27;[90m1 ms - 22&amp#27;[39m
&amp#27;[38;5;0m[HTTP]&amp#27;[0m &amp#27;[90m&amp#27;[39m
&amp#27;[38;5;0m[HTTP]&amp#27;[0m &amp#27;[37m-->&amp#27;[39m &amp#27;[37mPOST&amp#27;[39m &amp#27;[37m/session/5cabbd15-7e20-42e4-8d48-d95ee721e291/elements&amp#27;[39m
&amp#27;[38;5;0m[HTTP]&amp#27;[0m &amp#27;[90m{"using":"xpath","value":"//android.view.ViewGroup[@content-desc='store item']"}&amp#27;[39m
&amp#27;[38;5;32m[AndroidUiautomator2Driver@fb3b (5cabbd15)]&amp#27;[0m Calling AppiumDriver.findElements() with args: ["xpath","//android.view.ViewGroup[@content-desc='store item']","5cabbd15-7e20-42e4-8d48-d95ee721e291"]
&amp#27;[38;5;32m[AndroidUiautomator2Driver@fb3b (5cabbd15)]&amp#27;[0m Valid locator strategies for this request: xpath, id, class name, accessibility id, css selector, -android uiautomator
&amp#27;[38;5;32m[AndroidUiautomator2Driver@fb3b (5cabbd15)]&amp#27;[0m Waiting up to 10000 ms for condition
&amp#27;[38;5;32m[AndroidUiautomator2Driver@fb3b (5cabbd15)]&amp#27;[0m Matched '/elements' to command name 'findElements'
&amp#27;[38;5;32m[AndroidUiautomator2Driver@fb3b (5cabbd15)]&amp#27;[0m Proxying [POST /elements] to [POST http://127.0.0.1:8201/session/dc1a88ef-730b-4fe2-afab-0087ad1f4d72/elements] with body: {"strategy":"xpath","selector":"//android.view.ViewGroup[@content-desc='store item']","context":"","multiple":true}
&amp#27;[38;5;32m[AndroidUiautomator2Driver@fb3b (5cabbd15)]&amp#27;[0m Got response with status 200: {"sessionId":"dc1a88ef-730b-4fe2-afab-0087ad1f4d72","value":[{"ELEMENT":"00000000-0000-05c7-ffff-ffff00000197","element-6066-11e4-a52e-4f735466cecf":"00000000-0000-05c7-ffff-ffff00000197"},{"ELEMENT":"00000000-0000-05c7-ffff-ffff000001a6","element-6066-11e4-a52e-4f735466cecf":"00000000-0000-05c7-ffff-ffff000001a6"},{"ELEMENT":"00000000-0000-05c7-ffff-ffff000001b6","element-6066-11e4-a52e-4f735466cecf":"00000000-0000-05c7-ffff-ffff000001b6"},{"ELEMENT":"00000000-0000-05c7-ffff-ffff000001c5","element-6066-11e4-a52e-4f735466cecf":"00000000-0000-05c7-ffff-ffff000001c5"},{"ELEMENT":"00000000-0000-05c7-ffff-ffff000001d5","element-6066-11e4-a52e-4f735466cecf":"00000000-0000-05c7-ffff-ffff000001d5"},{"ELEMENT":"00000000-0000-05c7-ffff-ffff000001e4","element-6066-11e4-a52e-4f735466cecf":"00000000-0000-05c7-ffff-ffff000001e4"}]}
&amp#27;[38;5;32m[AndroidUiautomator2Driver@fb3b (5cabbd15)]&amp#27;[0m Responding to client with driver.findElements() result: [{"element-6066-11e4-a52e-4f735466cecf":"00000000-0000-05c7-ffff-ffff00000197","ELEMENT":"00000000-0000-05c7-ffff-ffff00000197"},{"element-6066-11e4-a52e-4f735466cecf":"00000000-0000-05c7-ffff-ffff000001a6","ELEMENT":"00000000-0000-05c7-ffff-ffff000001a6"},{"element-6066-11e4-a52e-4f735466cecf":"00000000-0000-05c7-ffff-ffff000001b6","ELEMENT":"00000000-0000-05c7-ffff-ffff000001b6"},{"element-6066-11e4-a52e-4f735466cecf":"00000000-0000-05c7-ffff-ffff000001c5","ELEMENT":"00000000-0000-05c7-ffff-ffff000001c5"},{"element-6066-11e4-a52e-4f735466cecf":"00000000-0000-05c7-ffff-ffff000001d5","ELEMENT":"00000000-0000-05c7-ffff-ffff000001d5"},{"element-6066-11e4-a52e-4f735466cecf":"00000000-0000-05c7-ffff-ffff000001e4","ELEMENT":"00000000-0000-05c7-ffff-ffff000001e4"}]
&amp#27;[38;5;0m[HTTP]&amp#27;[0m &amp#27;[37m<-- POST /session/5cabbd15-7e20-42e4-8d48-d95ee721e291/elements &amp#27;[39m&amp#27;[32m200&amp#27;[39m &amp#27;[90m263 ms - 779&amp#27;[39m
&amp#27;[38;5;0m[HTTP]&amp#27;[0m &amp#27;[90m&amp#27;[39m
&amp#27;[38;5;0m[HTTP]&amp#27;[0m &amp#27;[37m-->&amp#27;[39m &amp#27;[37mPOST&amp#27;[39m &amp#27;[37m/session/5cabbd15-7e20-42e4-8d48-d95ee721e291/element/00000000-0000-05c7-ffff-ffff000001e4/element&amp#27;[39m
&amp#27;[38;5;0m[HTTP]&amp#27;[0m &amp#27;[90m{"id":"00000000-0000-05c7-ffff-ffff000001e4","using":"xpath","value":"//android.widget.TextView[@content-desc='store item text']"}&amp#27;[39m
&amp#27;[38;5;32m[AndroidUiautomator2Driver@fb3b (5cabbd15)]&amp#27;[0m Calling AppiumDriver.findElementFromElement() with args: ["xpath","//android.widget.TextView[@content-desc='store item text']","00000000-0000-05c7-ffff-ffff000001e4","5cabbd15-7e20-42e4-8d48-d95ee721e291"]
&amp#27;[38;5;32m[AndroidUiautomator2Driver@fb3b (5cabbd15)]&amp#27;[0m Valid locator strategies for this request: xpath, id, class name, accessibility id, css selector, -android uiautomator
&amp#27;[38;5;32m[AndroidUiautomator2Driver@fb3b (5cabbd15)]&amp#27;[0m Waiting up to 10000 ms for condition
&amp#27;[38;5;32m[AndroidUiautomator2Driver@fb3b (5cabbd15)]&amp#27;[0m Matched '/element' to command name 'findElement'
&amp#27;[38;5;32m[AndroidUiautomator2Driver@fb3b (5cabbd15)]&amp#27;[0m Proxying [POST /element] to [POST http://127.0.0.1:8201/session/dc1a88ef-730b-4fe2-afab-0087ad1f4d72/element] with body: {"strategy":"xpath","selector":"//android.widget.TextView[@content-desc='store item text']","context":"00000000-0000-05c7-ffff-ffff000001e4","multiple":false}
&amp#27;[38;5;32m[AndroidUiautomator2Driver@fb3b (5cabbd15)]&amp#27;[0m Got response with status 200: {"sessionId":"dc1a88ef-730b-4fe2-afab-0087ad1f4d72","value":{"ELEMENT":"00000000-0000-05c7-ffff-ffff000001e7","element-6066-11e4-a52e-4f735466cecf":"00000000-0000-05c7-ffff-ffff000001e7"}}
&amp#27;[38;5;32m[AndroidUiautomator2Driver@fb3b (5cabbd15)]&amp#27;[0m Responding to client with driver.findElementFromElement() result: {"element-6066-11e4-a52e-4f735466cecf":"00000000-0000-05c7-ffff-ffff000001e7","ELEMENT":"00000000-0000-05c7-ffff-ffff000001e7"}
&amp#27;[38;5;0m[HTTP]&amp#27;[0m &amp#27;[37m<-- POST /session/5cabbd15-7e20-42e4-8d48-d95ee721e291/element/00000000-0000-05c7-ffff-ffff000001e4/element &amp#27;[39m&amp#27;[32m200&amp#27;[39m &amp#27;[90m76 ms - 137&amp#27;[39m
&amp#27;[38;5;0m[HTTP]&amp#27;[0m &amp#27;[90m&amp#27;[39m
&amp#27;[38;5;0m[HTTP]&amp#27;[0m &amp#27;[37m-->&amp#27;[39m &amp#27;[37mGET&amp#27;[39m &amp#27;[37m/session/5cabbd15-7e20-42e4-8d48-d95ee721e291/element/00000000-0000-05c7-ffff-ffff000001e7/text&amp#27;[39m
&amp#27;[38;5;0m[HTTP]&amp#27;[0m &amp#27;[90m{}&amp#27;[39m
&amp#27;[38;5;32m[AndroidUiautomator2Driver@fb3b (5cabbd15)]&amp#27;[0m Driver proxy active, passing request on via HTTP proxy
&amp#27;[38;5;32m[AndroidUiautomator2Driver@fb3b (5cabbd15)]&amp#27;[0m Matched '/session/5cabbd15-7e20-42e4-8d48-d95ee721e291/element/00000000-0000-05c7-ffff-ffff000001e7/text' to command name 'getText'
&amp#27;[38;5;32m[AndroidUiautomator2Driver@fb3b (5cabbd15)]&amp#27;[0m Proxying [GET /session/5cabbd15-7e20-42e4-8d48-d95ee721e291/element/00000000-0000-05c7-ffff-ffff000001e7/text] to [GET http://127.0.0.1:8201/session/dc1a88ef-730b-4fe2-afab-0087ad1f4d72/element/00000000-0000-05c7-ffff-ffff000001e7/text] with no body
&amp#27;[38;5;32m[AndroidUiautomator2Driver@fb3b (5cabbd15)]&amp#27;[0m Got response with status 200: {"sessionId":"dc1a88ef-730b-4fe2-afab-0087ad1f4d72","value":"Sauce Labs Backpack"}
&amp#27;[38;5;32m[AndroidUiautomator2Driver@fb3b (5cabbd15)]&amp#27;[0m Replacing sessionId dc1a88ef-730b-4fe2-afab-0087ad1f4d72 with 5cabbd15-7e20-42e4-8d48-d95ee721e291
&amp#27;[38;5;0m[HTTP]&amp#27;[0m &amp#27;[37m<-- GET /session/5cabbd15-7e20-42e4-8d48-d95ee721e291/element/00000000-0000-05c7-ffff-ffff000001e7/text &amp#27;[39m&amp#27;[32m200&amp#27;[39m &amp#27;[90m21 ms - 82&amp#27;[39m
&amp#27;[38;5;0m[HTTP]&amp#27;[0m &amp#27;[90m&amp#27;[39m
&amp#27;[38;5;0m[HTTP]&amp#27;[0m &amp#27;[37m-->&amp#27;[39m &amp#27;[37mGET&amp#27;[39m &amp#27;[37m/session/5cabbd15-7e20-42e4-8d48-d95ee721e291/context&amp#27;[39m
&amp#27;[38;5;0m[HTTP]&amp#27;[0m &amp#27;[90m{}&amp#27;[39m
&amp#27;[38;5;32m[AndroidUiautomator2Driver@fb3b (5cabbd15)]&amp#27;[0m Calling AppiumDriver.getCurrentContext() with args: ["5cabbd15-7e20-42e4-8d48-d95ee721e291"]
&amp#27;[38;5;32m[AndroidUiautomator2Driver@fb3b (5cabbd15)]&amp#27;[0m Responding to client with driver.getCurrentContext() result: "NATIVE_APP"
&amp#27;[38;5;0m[HTTP]&amp#27;[0m &amp#27;[37m<-- GET /session/5cabbd15-7e20-42e4-8d48-d95ee721e291/context &amp#27;[39m&amp#27;[32m200&amp#27;[39m &amp#27;[90m1 ms - 22&amp#27;[39m
&amp#27;[38;5;0m[HTTP]&amp#27;[0m &amp#27;[90m&amp#27;[39m
&amp#27;[38;5;0m[HTTP]&amp#27;[0m &amp#27;[37m-->&amp#27;[39m &amp#27;[37mPOST&amp#27;[39m &amp#27;[37m/session/5cabbd15-7e20-42e4-8d48-d95ee721e291/elements&amp#27;[39m
&amp#27;[38;5;0m[HTTP]&amp#27;[0m &amp#27;[90m{"using":"xpath","value":"//android.view.ViewGroup[@content-desc='store item']"}&amp#27;[39m
&amp#27;[38;5;32m[AndroidUiautomator2Driver@fb3b (5cabbd15)]&amp#27;[0m Calling AppiumDriver.findElements() with args: ["xpath","//android.view.ViewGroup[@content-desc='store item']","5cabbd15-7e20-42e4-8d48-d95ee721e291"]
&amp#27;[38;5;32m[AndroidUiautomator2Driver@fb3b (5cabbd15)]&amp#27;[0m Valid locator strategies for this request: xpath, id, class name, accessibility id, css selector, -android uiautomator
&amp#27;[38;5;32m[AndroidUiautomator2Driver@fb3b (5cabbd15)]&amp#27;[0m Waiting up to 10000 ms for condition
&amp#27;[38;5;32m[AndroidUiautomator2Driver@fb3b (5cabbd15)]&amp#27;[0m Matched '/elements' to command name 'findElements'
&amp#27;[38;5;32m[AndroidUiautomator2Driver@fb3b (5cabbd15)]&amp#27;[0m Proxying [POST /elements] to [POST http://127.0.0.1:8201/session/dc1a88ef-730b-4fe2-afab-0087ad1f4d72/elements] with body: {"strategy":"xpath","selector":"//android.view.ViewGroup[@content-desc='store item']","context":"","multiple":true}
&amp#27;[38;5;32m[AndroidUiautomator2Driver@fb3b (5cabbd15)]&amp#27;[0m Got response with status 200: {"sessionId":"dc1a88ef-730b-4fe2-afab-0087ad1f4d72","value":[{"ELEMENT":"00000000-0000-05c7-ffff-ffff00000197","element-6066-11e4-a52e-4f735466cecf":"00000000-0000-05c7-ffff-ffff00000197"},{"ELEMENT":"00000000-0000-05c7-ffff-ffff000001a6","element-6066-11e4-a52e-4f735466cecf":"00000000-0000-05c7-ffff-ffff000001a6"},{"ELEMENT":"00000000-0000-05c7-ffff-ffff000001b6","element-6066-11e4-a52e-4f735466cecf":"00000000-0000-05c7-ffff-ffff000001b6"},{"ELEMENT":"00000000-0000-05c7-ffff-ffff000001c5","element-6066-11e4-a52e-4f735466cecf":"00000000-0000-05c7-ffff-ffff000001c5"},{"ELEMENT":"00000000-0000-05c7-ffff-ffff000001d5","element-6066-11e4-a52e-4f735466cecf":"00000000-0000-05c7-ffff-ffff000001d5"},{"ELEMENT":"00000000-0000-05c7-ffff-ffff000001e4","element-6066-11e4-a52e-4f735466cecf":"00000000-0000-05c7-ffff-ffff000001e4"}]}
&amp#27;[38;5;32m[AndroidUiautomator2Driver@fb3b (5cabbd15)]&amp#27;[0m Responding to client with driver.findElements() result: [{"element-6066-11e4-a52e-4f735466cecf":"00000000-0000-05c7-ffff-ffff00000197","ELEMENT":"00000000-0000-05c7-ffff-ffff00000197"},{"element-6066-11e4-a52e-4f735466cecf":"00000000-0000-05c7-ffff-ffff000001a6","ELEMENT":"00000000-0000-05c7-ffff-ffff000001a6"},{"element-6066-11e4-a52e-4f735466cecf":"00000000-0000-05c7-ffff-ffff000001b6","ELEMENT":"00000000-0000-05c7-ffff-ffff000001b6"},{"element-6066-11e4-a52e-4f735466cecf":"00000000-0000-05c7-ffff-ffff000001c5","ELEMENT":"00000000-0000-05c7-ffff-ffff000001c5"},{"element-6066-11e4-a52e-4f735466cecf":"00000000-0000-05c7-ffff-ffff000001d5","ELEMENT":"00000000-0000-05c7-ffff-ffff000001d5"},{"element-6066-11e4-a52e-4f735466cecf":"00000000-0000-05c7-ffff-ffff000001e4","ELEMENT":"00000000-0000-05c7-ffff-ffff000001e4"}]
&amp#27;[38;5;0m[HTTP]&amp#27;[0m &amp#27;[37m<-- POST /session/5cabbd15-7e20-42e4-8d48-d95ee721e291/elements &amp#27;[39m&amp#27;[32m200&amp#27;[39m &amp#27;[90m737 ms - 779&amp#27;[39m
&amp#27;[38;5;0m[HTTP]&amp#27;[0m &amp#27;[90m&amp#27;[39m
&amp#27;[38;5;0m[HTTP]&amp#27;[0m &amp#27;[37m-->&amp#27;[39m &amp#27;[37mPOST&amp#27;[39m &amp#27;[37m/session/5cabbd15-7e20-42e4-8d48-d95ee721e291/element&amp#27;[39m
&amp#27;[38;5;0m[HTTP]&amp#27;[0m &amp#27;[90m{"using":"-android uiautomator","value":"new UiScrollable(new UiSelector().scrollable(true).instance(0)).scrollToBeginning(1)"}&amp#27;[39m
&amp#27;[38;5;32m[AndroidUiautomator2Driver@fb3b (5cabbd15)]&amp#27;[0m Calling AppiumDriver.findElement() with args: ["-android uiautomator","new UiScrollable(new UiSelector().scrollable(true).instance(0)).scrollToBeginning(1)","5cabbd15-7e20-42e4-8d48-d95ee721e291"]
&amp#27;[38;5;32m[AndroidUiautomator2Driver@fb3b (5cabbd15)]&amp#27;[0m Valid locator strategies for this request: xpath, id, class name, accessibility id, css selector, -android uiautomator
&amp#27;[38;5;32m[AndroidUiautomator2Driver@fb3b (5cabbd15)]&amp#27;[0m Waiting up to 10000 ms for condition
&amp#27;[38;5;32m[AndroidUiautomator2Driver@fb3b (5cabbd15)]&amp#27;[0m Matched '/element' to command name 'findElement'
&amp#27;[38;5;32m[AndroidUiautomator2Driver@fb3b (5cabbd15)]&amp#27;[0m Proxying [POST /element] to [POST http://127.0.0.1:8201/session/dc1a88ef-730b-4fe2-afab-0087ad1f4d72/element] with body: {"strategy":"-android uiautomator","selector":"new UiScrollable(new UiSelector().scrollable(true).instance(0)).scrollToBeginning(1)","context":"","multiple":false}
&amp#27;[38;5;32m[AndroidUiautomator2Driver@fb3b (5cabbd15)]&amp#27;[0m Got response with status 200: {"sessionId":"dc1a88ef-730b-4fe2-afab-0087ad1f4d72","value":{"ELEMENT":"00000000-0000-05c7-ffff-ffff0000001d","element-6066-11e4-a52e-4f735466cecf":"00000000-0000-05c7-ffff-ffff0000001d"}}
&amp#27;[38;5;32m[AndroidUiautomator2Driver@fb3b (5cabbd15)]&amp#27;[0m Responding to client with driver.findElement() result: {"element-6066-11e4-a52e-4f735466cecf":"00000000-0000-05c7-ffff-ffff0000001d","ELEMENT":"00000000-0000-05c7-ffff-ffff0000001d"}
&amp#27;[38;5;0m[HTTP]&amp#27;[0m &amp#27;[37m<-- POST /session/5cabbd15-7e20-42e4-8d48-d95ee721e291/element &amp#27;[39m&amp#27;[32m200&amp#27;[39m &amp#27;[90m1360 ms - 137&amp#27;[39m
&amp#27;[38;5;0m[HTTP]&amp#27;[0m &amp#27;[90m&amp#27;[39m
]]></system-out>
  </testcase>
  <testcase name="DescendingPriceSortVerification" classname="testCases.TC3_CatalogueTests" time="14.151">
    <system-out><![CDATA[&amp#27;[38;5;0m[HTTP]&amp#27;[0m &amp#27;[37m-->&amp#27;[39m &amp#27;[37mGET&amp#27;[39m &amp#27;[37m/session/5cabbd15-7e20-42e4-8d48-d95ee721e291/context&amp#27;[39m
&amp#27;[38;5;0m[HTTP]&amp#27;[0m &amp#27;[90m{}&amp#27;[39m
&amp#27;[38;5;32m[AndroidUiautomator2Driver@fb3b (5cabbd15)]&amp#27;[0m Calling AppiumDriver.getCurrentContext() with args: ["5cabbd15-7e20-42e4-8d48-d95ee721e291"]
&amp#27;[38;5;32m[AndroidUiautomator2Driver@fb3b (5cabbd15)]&amp#27;[0m Responding to client with driver.getCurrentContext() result: "NATIVE_APP"
&amp#27;[38;5;0m[HTTP]&amp#27;[0m &amp#27;[37m<-- GET /session/5cabbd15-7e20-42e4-8d48-d95ee721e291/context &amp#27;[39m&amp#27;[32m200&amp#27;[39m &amp#27;[90m1 ms - 22&amp#27;[39m
&amp#27;[38;5;0m[HTTP]&amp#27;[0m &amp#27;[90m&amp#27;[39m
&amp#27;[38;5;0m[HTTP]&amp#27;[0m &amp#27;[37m-->&amp#27;[39m &amp#27;[37mPOST&amp#27;[39m &amp#27;[37m/session/5cabbd15-7e20-42e4-8d48-d95ee721e291/element&amp#27;[39m
&amp#27;[38;5;0m[HTTP]&amp#27;[0m &amp#27;[90m{"using":"accessibility id","value":"sort button"}&amp#27;[39m
&amp#27;[38;5;32m[AndroidUiautomator2Driver@fb3b (5cabbd15)]&amp#27;[0m Calling AppiumDriver.findElement() with args: ["accessibility id","sort button","5cabbd15-7e20-42e4-8d48-d95ee721e291"]
&amp#27;[38;5;32m[AndroidUiautomator2Driver@fb3b (5cabbd15)]&amp#27;[0m Valid locator strategies for this request: xpath, id, class name, accessibility id, css selector, -android uiautomator
&amp#27;[38;5;32m[AndroidUiautomator2Driver@fb3b (5cabbd15)]&amp#27;[0m Waiting up to 10000 ms for condition
&amp#27;[38;5;32m[AndroidUiautomator2Driver@fb3b (5cabbd15)]&amp#27;[0m Matched '/element' to command name 'findElement'
&amp#27;[38;5;32m[AndroidUiautomator2Driver@fb3b (5cabbd15)]&amp#27;[0m Proxying [POST /element] to [POST http://127.0.0.1:8201/session/dc1a88ef-730b-4fe2-afab-0087ad1f4d72/element] with body: {"strategy":"accessibility id","selector":"sort button","context":"","multiple":false}
&amp#27;[38;5;32m[AndroidUiautomator2Driver@fb3b (5cabbd15)]&amp#27;[0m Got response with status 200: {"sessionId":"dc1a88ef-730b-4fe2-afab-0087ad1f4d72","value":{"ELEMENT":"00000000-0000-05c7-ffff-ffff00000026","element-6066-11e4-a52e-4f735466cecf":"00000000-0000-05c7-ffff-ffff00000026"}}
&amp#27;[38;5;32m[AndroidUiautomator2Driver@fb3b (5cabbd15)]&amp#27;[0m Responding to client with driver.findElement() result: {"element-6066-11e4-a52e-4f735466cecf":"00000000-0000-05c7-ffff-ffff00000026","ELEMENT":"00000000-0000-05c7-ffff-ffff00000026"}
&amp#27;[38;5;0m[HTTP]&amp#27;[0m &amp#27;[37m<-- POST /session/5cabbd15-7e20-42e4-8d48-d95ee721e291/element &amp#27;[39m&amp#27;[32m200&amp#27;[39m &amp#27;[90m41 ms - 137&amp#27;[39m
&amp#27;[38;5;0m[HTTP]&amp#27;[0m &amp#27;[90m&amp#27;[39m
&amp#27;[38;5;0m[HTTP]&amp#27;[0m &amp#27;[37m-->&amp#27;[39m &amp#27;[37mPOST&amp#27;[39m &amp#27;[37m/session/5cabbd15-7e20-42e4-8d48-d95ee721e291/element/00000000-0000-05c7-ffff-ffff00000026/click&amp#27;[39m
&amp#27;[38;5;0m[HTTP]&amp#27;[0m &amp#27;[90m{"id":"00000000-0000-05c7-ffff-ffff00000026"}&amp#27;[39m
&amp#27;[38;5;32m[AndroidUiautomator2Driver@fb3b (5cabbd15)]&amp#27;[0m Calling AppiumDriver.click() with args: ["00000000-0000-05c7-ffff-ffff00000026","5cabbd15-7e20-42e4-8d48-d95ee721e291"]
&amp#27;[38;5;32m[AndroidUiautomator2Driver@fb3b (5cabbd15)]&amp#27;[0m Matched '/element/00000000-0000-05c7-ffff-ffff00000026/click' to command name 'click'
&amp#27;[38;5;32m[AndroidUiautomator2Driver@fb3b (5cabbd15)]&amp#27;[0m Proxying [POST /element/00000000-0000-05c7-ffff-ffff00000026/click] to [POST http://127.0.0.1:8201/session/dc1a88ef-730b-4fe2-afab-0087ad1f4d72/element/00000000-0000-05c7-ffff-ffff00000026/click] with body: {"element":"00000000-0000-05c7-ffff-ffff00000026"}
&amp#27;[38;5;32m[AndroidUiautomator2Driver@fb3b (5cabbd15)]&amp#27;[0m Got response with status 200: {"sessionId":"dc1a88ef-730b-4fe2-afab-0087ad1f4d72","value":null}
&amp#27;[38;5;32m[AndroidUiautomator2Driver@fb3b (5cabbd15)]&amp#27;[0m Responding to client with driver.click() result: null
&amp#27;[38;5;0m[HTTP]&amp#27;[0m &amp#27;[37m<-- POST /session/5cabbd15-7e20-42e4-8d48-d95ee721e291/element/00000000-0000-05c7-ffff-ffff00000026/click &amp#27;[39m&amp#27;[32m200&amp#27;[39m &amp#27;[90m39 ms - 14&amp#27;[39m
&amp#27;[38;5;0m[HTTP]&amp#27;[0m &amp#27;[90m&amp#27;[39m
&amp#27;[38;5;0m[HTTP]&amp#27;[0m &amp#27;[37m-->&amp#27;[39m &amp#27;[37mGET&amp#27;[39m &amp#27;[37m/session/5cabbd15-7e20-42e4-8d48-d95ee721e291/context&amp#27;[39m
&amp#27;[38;5;0m[HTTP]&amp#27;[0m &amp#27;[90m{}&amp#27;[39m
&amp#27;[38;5;32m[AndroidUiautomator2Driver@fb3b (5cabbd15)]&amp#27;[0m Calling AppiumDriver.getCurrentContext() with args: ["5cabbd15-7e20-42e4-8d48-d95ee721e291"]
&amp#27;[38;5;32m[AndroidUiautomator2Driver@fb3b (5cabbd15)]&amp#27;[0m Responding to client with driver.getCurrentContext() result: "NATIVE_APP"
&amp#27;[38;5;0m[HTTP]&amp#27;[0m &amp#27;[37m<-- GET /session/5cabbd15-7e20-42e4-8d48-d95ee721e291/context &amp#27;[39m&amp#27;[32m200&amp#27;[39m &amp#27;[90m1 ms - 22&amp#27;[39m
&amp#27;[38;5;0m[HTTP]&amp#27;[0m &amp#27;[90m&amp#27;[39m
&amp#27;[38;5;0m[HTTP]&amp#27;[0m &amp#27;[37m-->&amp#27;[39m &amp#27;[37mPOST&amp#27;[39m &amp#27;[37m/session/5cabbd15-7e20-42e4-8d48-d95ee721e291/element&amp#27;[39m
&amp#27;[38;5;0m[HTTP]&amp#27;[0m &amp#27;[90m{"using":"accessibility id","value":"priceDesc"}&amp#27;[39m
&amp#27;[38;5;32m[AndroidUiautomator2Driver@fb3b (5cabbd15)]&amp#27;[0m Calling AppiumDriver.findElement() with args: ["accessibility id","priceDesc","5cabbd15-7e20-42e4-8d48-d95ee721e291"]
&amp#27;[38;5;32m[AndroidUiautomator2Driver@fb3b (5cabbd15)]&amp#27;[0m Valid locator strategies for this request: xpath, id, class name, accessibility id, css selector, -android uiautomator
&amp#27;[38;5;32m[AndroidUiautomator2Driver@fb3b (5cabbd15)]&amp#27;[0m Waiting up to 10000 ms for condition
&amp#27;[38;5;32m[AndroidUiautomator2Driver@fb3b (5cabbd15)]&amp#27;[0m Matched '/element' to command name 'findElement'
&amp#27;[38;5;32m[AndroidUiautomator2Driver@fb3b (5cabbd15)]&amp#27;[0m Proxying [POST /element] to [POST http://127.0.0.1:8201/session/dc1a88ef-730b-4fe2-afab-0087ad1f4d72/element] with body: {"strategy":"accessibility id","selector":"priceDesc","context":"","multiple":false}
&amp#27;[38;5;32m[AndroidUiautomator2Driver@fb3b (5cabbd15)]&amp#27;[0m Got response with status 404: {"sessionId":"dc1a88ef-730b-4fe2-afab-0087ad1f4d72","value":{"error":"no such element","message":"An element could not be located on the page using the given search parameters","stacktrace":"io.appium.uiautomator2.common.exceptions.ElementNotFoundException: An element could not be located on the page using the given search parameters\n\tat io.appium.uiautomator2.handler.FindElement.safeHandle(FindElement.java:63)\n\tat io.appium.uiautomator2.handler.request.SafeRequestHandler.handle(SafeRequestHandler.java:59)\n\tat io.appium.uiautomator2.server.AppiumServlet.handleRequest(AppiumServlet.java:277)\n\tat io.appium.uiautomator2.server.AppiumServlet.handleHttpRequest(AppiumServlet.java:271)\n\tat io.appium.uiautomator2.http.ServerHandler.channelRead(ServerHandler.java:77)\n\tat io.netty.channel.AbstractChannelHandlerContext.invokeChannelRead(AbstractChannelHandlerContext.java:366)\n\tat io.netty.channel.AbstractChannelHandlerContext.invokeChannelRead(AbstractChannelHandlerContext.java:352)\n\tat io.netty.chann...
&amp#27;[38;5;128m[W3C]&amp#27;[0m Matched W3C error code 'no such element' to NoSuchElementError
&amp#27;[38;5;32m[AndroidUiautomator2Driver@fb3b (5cabbd15)]&amp#27;[0m Waited for 85 ms so far
&amp#27;[38;5;32m[AndroidUiautomator2Driver@fb3b (5cabbd15)]&amp#27;[0m Matched '/element' to command name 'findElement'
&amp#27;[38;5;32m[AndroidUiautomator2Driver@fb3b (5cabbd15)]&amp#27;[0m Proxying [POST /element] to [POST http://127.0.0.1:8201/session/dc1a88ef-730b-4fe2-afab-0087ad1f4d72/element] with body: {"strategy":"accessibility id","selector":"priceDesc","context":"","multiple":false}
&amp#27;[38;5;32m[AndroidUiautomator2Driver@fb3b (5cabbd15)]&amp#27;[0m Got response with status 200: {"sessionId":"dc1a88ef-730b-4fe2-afab-0087ad1f4d72","value":{"ELEMENT":"00000000-0000-05ce-ffff-ffff00000226","element-6066-11e4-a52e-4f735466cecf":"00000000-0000-05ce-ffff-ffff00000226"}}
&amp#27;[38;5;32m[AndroidUiautomator2Driver@fb3b (5cabbd15)]&amp#27;[0m Responding to client with driver.findElement() result: {"element-6066-11e4-a52e-4f735466cecf":"00000000-0000-05ce-ffff-ffff00000226","ELEMENT":"00000000-0000-05ce-ffff-ffff00000226"}
&amp#27;[38;5;0m[HTTP]&amp#27;[0m &amp#27;[37m<-- POST /session/5cabbd15-7e20-42e4-8d48-d95ee721e291/element &amp#27;[39m&amp#27;[32m200&amp#27;[39m &amp#27;[90m623 ms - 137&amp#27;[39m
&amp#27;[38;5;0m[HTTP]&amp#27;[0m &amp#27;[90m&amp#27;[39m
&amp#27;[38;5;0m[HTTP]&amp#27;[0m &amp#27;[37m-->&amp#27;[39m &amp#27;[37mPOST&amp#27;[39m &amp#27;[37m/session/5cabbd15-7e20-42e4-8d48-d95ee721e291/element/00000000-0000-05ce-ffff-ffff00000226/click&amp#27;[39m
&amp#27;[38;5;0m[HTTP]&amp#27;[0m &amp#27;[90m{"id":"00000000-0000-05ce-ffff-ffff00000226"}&amp#27;[39m
&amp#27;[38;5;32m[AndroidUiautomator2Driver@fb3b (5cabbd15)]&amp#27;[0m Calling AppiumDriver.click() with args: ["00000000-0000-05ce-ffff-ffff00000226","5cabbd15-7e20-42e4-8d48-d95ee721e291"]
&amp#27;[38;5;32m[AndroidUiautomator2Driver@fb3b (5cabbd15)]&amp#27;[0m Matched '/element/00000000-0000-05ce-ffff-ffff00000226/click' to command name 'click'
&amp#27;[38;5;32m[AndroidUiautomator2Driver@fb3b (5cabbd15)]&amp#27;[0m Proxying [POST /element/00000000-0000-05ce-ffff-ffff00000226/click] to [POST http://127.0.0.1:8201/session/dc1a88ef-730b-4fe2-afab-0087ad1f4d72/element/00000000-0000-05ce-ffff-ffff00000226/click] with body: {"element":"00000000-0000-05ce-ffff-ffff00000226"}
&amp#27;[38;5;32m[AndroidUiautomator2Driver@fb3b (5cabbd15)]&amp#27;[0m Got response with status 200: {"sessionId":"dc1a88ef-730b-4fe2-afab-0087ad1f4d72","value":null}
&amp#27;[38;5;32m[AndroidUiautomator2Driver@fb3b (5cabbd15)]&amp#27;[0m Responding to client with driver.click() result: null
&amp#27;[38;5;0m[HTTP]&amp#27;[0m &amp#27;[37m<-- POST /session/5cabbd15-7e20-42e4-8d48-d95ee721e291/element/00000000-0000-05ce-ffff-ffff00000226/click &amp#27;[39m&amp#27;[32m200&amp#27;[39m &amp#27;[90m37 ms - 14&amp#27;[39m
&amp#27;[38;5;0m[HTTP]&amp#27;[0m &amp#27;[90m&amp#27;[39m
&amp#27;[38;5;0m[HTTP]&amp#27;[0m &amp#27;[37m-->&amp#27;[39m &amp#27;[37mGET&amp#27;[39m &amp#27;[37m/session/5cabbd15-7e20-42e4-8d48-d95ee721e291/context&amp#27;[39m
&amp#27;[38;5;0m[HTTP]&amp#27;[0m &amp#27;[90m{}&amp#27;[39m
&amp#27;[38;5;32m[AndroidUiautomator2Driver@fb3b (5cabbd15)]&amp#27;[0m Calling AppiumDriver.getCurrentContext() with args: ["5cabbd15-7e20-42e4-8d48-d95ee721e291"]
&amp#27;[38;5;32m[AndroidUiautomator2Driver@fb3b (5cabbd15)]&amp#27;[0m Responding to client with driver.getCurrentContext() result: "NATIVE_APP"
&amp#27;[38;5;0m[HTTP]&amp#27;[0m &amp#27;[37m<-- GET /session/5cabbd15-7e20-42e4-8d48-d95ee721e291/context &amp#27;[39m&amp#27;[32m200&amp#27;[39m &amp#27;[90m1 ms - 22&amp#27;[39m
&amp#27;[38;5;0m[HTTP]&amp#27;[0m &amp#27;[90m&amp#27;[39m
&amp#27;[38;5;0m[HTTP]&amp#27;[0m &amp#27;[37m-->&amp#27;[39m &amp#27;[37mPOST&amp#27;[39m &amp#27;[37m/session/5cabbd15-7e20-42e4-8d48-d95ee721e291/element&amp#27;[39m
&amp#27;[38;5;0m[HTTP]&amp#27;[0m &amp#27;[90m{"using":"accessibility id","value":"sort button"}&amp#27;[39m
&amp#27;[38;5;32m[AndroidUiautomator2Driver@fb3b (5cabbd15)]&amp#27;[0m Calling AppiumDriver.findElement() with args: ["accessibility id","sort button","5cabbd15-7e20-42e4-8d48-d95ee721e291"]
&amp#27;[38;5;32m[AndroidUiautomator2Driver@fb3b (5cabbd15)]&amp#27;[0m Valid locator strategies for this request: xpath, id, class name, accessibility id, css selector, -android uiautomator
&amp#27;[38;5;32m[AndroidUiautomator2Driver@fb3b (5cabbd15)]&amp#27;[0m Waiting up to 10000 ms for condition
&amp#27;[38;5;32m[AndroidUiautomator2Driver@fb3b (5cabbd15)]&amp#27;[0m Matched '/element' to command name 'findElement'
&amp#27;[38;5;32m[AndroidUiautomator2Driver@fb3b (5cabbd15)]&amp#27;[0m Proxying [POST /element] to [POST http://127.0.0.1:8201/session/dc1a88ef-730b-4fe2-afab-0087ad1f4d72/element] with body: {"strategy":"accessibility id","selector":"sort button","context":"","multiple":false}
&amp#27;[38;5;32m[AndroidUiautomator2Driver@fb3b (5cabbd15)]&amp#27;[0m Got response with status 404: {"sessionId":"dc1a88ef-730b-4fe2-afab-0087ad1f4d72","value":{"error":"no such element","message":"An element could not be located on the page using the given search parameters","stacktrace":"io.appium.uiautomator2.common.exceptions.ElementNotFoundException: An element could not be located on the page using the given search parameters\n\tat io.appium.uiautomator2.handler.FindElement.safeHandle(FindElement.java:63)\n\tat io.appium.uiautomator2.handler.request.SafeRequestHandler.handle(SafeRequestHandler.java:59)\n\tat io.appium.uiautomator2.server.AppiumServlet.handleRequest(AppiumServlet.java:277)\n\tat io.appium.uiautomator2.server.AppiumServlet.handleHttpRequest(AppiumServlet.java:271)\n\tat io.appium.uiautomator2.http.ServerHandler.channelRead(ServerHandler.java:77)\n\tat io.netty.channel.AbstractChannelHandlerContext.invokeChannelRead(AbstractChannelHandlerContext.java:366)\n\tat io.netty.channel.AbstractChannelHandlerContext.invokeChannelRead(AbstractChannelHandlerContext.java:352)\n\tat io.netty.chann...
&amp#27;[38;5;128m[W3C]&amp#27;[0m Matched W3C error code 'no such element' to NoSuchElementError
&amp#27;[38;5;32m[AndroidUiautomator2Driver@fb3b (5cabbd15)]&amp#27;[0m Waited for 46 ms so far
&amp#27;[38;5;32m[AndroidUiautomator2Driver@fb3b (5cabbd15)]&amp#27;[0m Matched '/element' to command name 'findElement'
&amp#27;[38;5;32m[AndroidUiautomator2Driver@fb3b (5cabbd15)]&amp#27;[0m Proxying [POST /element] to [POST http://127.0.0.1:8201/session/dc1a88ef-730b-4fe2-afab-0087ad1f4d72/element] with body: {"strategy":"accessibility id","selector":"sort button","context":"","multiple":false}
&amp#27;[38;5;32m[AndroidUiautomator2Driver@fb3b (5cabbd15)]&amp#27;[0m Got response with status 200: {"sessionId":"dc1a88ef-730b-4fe2-afab-0087ad1f4d72","value":{"ELEMENT":"00000000-0000-05c7-ffff-ffff00000026","element-6066-11e4-a52e-4f735466cecf":"00000000-0000-05c7-ffff-ffff00000026"}}
&amp#27;[38;5;32m[AndroidUiautomator2Driver@fb3b (5cabbd15)]&amp#27;[0m Responding to client with driver.findElement() result: {"element-6066-11e4-a52e-4f735466cecf":"00000000-0000-05c7-ffff-ffff00000026","ELEMENT":"00000000-0000-05c7-ffff-ffff00000026"}
&amp#27;[38;5;0m[HTTP]&amp#27;[0m &amp#27;[37m<-- POST /session/5cabbd15-7e20-42e4-8d48-d95ee721e291/element &amp#27;[39m&amp#27;[32m200&amp#27;[39m &amp#27;[90m721 ms - 137&amp#27;[39m
&amp#27;[38;5;0m[HTTP]&amp#27;[0m &amp#27;[90m&amp#27;[39m
&amp#27;[38;5;0m[HTTP]&amp#27;[0m &amp#27;[37m-->&amp#27;[39m &amp#27;[37mPOST&amp#27;[39m &amp#27;[37m/session/5cabbd15-7e20-42e4-8d48-d95ee721e291/element/00000000-0000-05c7-ffff-ffff00000026/click&amp#27;[39m
&amp#27;[38;5;0m[HTTP]&amp#27;[0m &amp#27;[90m{"id":"00000000-0000-05c7-ffff-ffff00000026"}&amp#27;[39m
&amp#27;[38;5;32m[AndroidUiautomator2Driver@fb3b (5cabbd15)]&amp#27;[0m Calling AppiumDriver.click() with args: ["00000000-0000-05c7-ffff-ffff00000026","5cabbd15-7e20-42e4-8d48-d95ee721e291"]
&amp#27;[38;5;32m[AndroidUiautomator2Driver@fb3b (5cabbd15)]&amp#27;[0m Matched '/element/00000000-0000-05c7-ffff-ffff00000026/click' to command name 'click'
&amp#27;[38;5;32m[AndroidUiautomator2Driver@fb3b (5cabbd15)]&amp#27;[0m Proxying [POST /element/00000000-0000-05c7-ffff-ffff00000026/click] to [POST http://127.0.0.1:8201/session/dc1a88ef-730b-4fe2-afab-0087ad1f4d72/element/00000000-0000-05c7-ffff-ffff00000026/click] with body: {"element":"00000000-0000-05c7-ffff-ffff00000026"}
&amp#27;[38;5;32m[AndroidUiautomator2Driver@fb3b (5cabbd15)]&amp#27;[0m Got response with status 200: {"sessionId":"dc1a88ef-730b-4fe2-afab-0087ad1f4d72","value":null}
&amp#27;[38;5;32m[AndroidUiautomator2Driver@fb3b (5cabbd15)]&amp#27;[0m Responding to client with driver.click() result: null
&amp#27;[38;5;0m[HTTP]&amp#27;[0m &amp#27;[37m<-- POST /session/5cabbd15-7e20-42e4-8d48-d95ee721e291/element/00000000-0000-05c7-ffff-ffff00000026/click &amp#27;[39m&amp#27;[32m200&amp#27;[39m &amp#27;[90m45 ms - 14&amp#27;[39m
&amp#27;[38;5;0m[HTTP]&amp#27;[0m &amp#27;[90m&amp#27;[39m
&amp#27;[38;5;0m[HTTP]&amp#27;[0m &amp#27;[37m-->&amp#27;[39m &amp#27;[37mGET&amp#27;[39m &amp#27;[37m/session/5cabbd15-7e20-42e4-8d48-d95ee721e291/context&amp#27;[39m
&amp#27;[38;5;0m[HTTP]&amp#27;[0m &amp#27;[90m{}&amp#27;[39m
&amp#27;[38;5;32m[AndroidUiautomator2Driver@fb3b (5cabbd15)]&amp#27;[0m Calling AppiumDriver.getCurrentContext() with args: ["5cabbd15-7e20-42e4-8d48-d95ee721e291"]
&amp#27;[38;5;32m[AndroidUiautomator2Driver@fb3b (5cabbd15)]&amp#27;[0m Responding to client with driver.getCurrentContext() result: "NATIVE_APP"
&amp#27;[38;5;0m[HTTP]&amp#27;[0m &amp#27;[37m<-- GET /session/5cabbd15-7e20-42e4-8d48-d95ee721e291/context &amp#27;[39m&amp#27;[32m200&amp#27;[39m &amp#27;[90m0 ms - 22&amp#27;[39m
&amp#27;[38;5;0m[HTTP]&amp#27;[0m &amp#27;[90m&amp#27;[39m
&amp#27;[38;5;0m[HTTP]&amp#27;[0m &amp#27;[37m-->&amp#27;[39m &amp#27;[37mPOST&amp#27;[39m &amp#27;[37m/session/5cabbd15-7e20-42e4-8d48-d95ee721e291/element&amp#27;[39m
&amp#27;[38;5;0m[HTTP]&amp#27;[0m &amp#27;[90m{"using":"accessibility id","value":"priceDesc"}&amp#27;[39m
&amp#27;[38;5;32m[AndroidUiautomator2Driver@fb3b (5cabbd15)]&amp#27;[0m Calling AppiumDriver.findElement() with args: ["accessibility id","priceDesc","5cabbd15-7e20-42e4-8d48-d95ee721e291"]
&amp#27;[38;5;32m[AndroidUiautomator2Driver@fb3b (5cabbd15)]&amp#27;[0m Valid locator strategies for this request: xpath, id, class name, accessibility id, css selector, -android uiautomator
&amp#27;[38;5;32m[AndroidUiautomator2Driver@fb3b (5cabbd15)]&amp#27;[0m Waiting up to 10000 ms for condition
&amp#27;[38;5;32m[AndroidUiautomator2Driver@fb3b (5cabbd15)]&amp#27;[0m Matched '/element' to command name 'findElement'
&amp#27;[38;5;32m[AndroidUiautomator2Driver@fb3b (5cabbd15)]&amp#27;[0m Proxying [POST /element] to [POST http://127.0.0.1:8201/session/dc1a88ef-730b-4fe2-afab-0087ad1f4d72/element] with body: {"strategy":"accessibility id","selector":"priceDesc","context":"","multiple":false}
&amp#27;[38;5;32m[AndroidUiautomator2Driver@fb3b (5cabbd15)]&amp#27;[0m Got response with status 200: {"sessionId":"dc1a88ef-730b-4fe2-afab-0087ad1f4d72","value":{"ELEMENT":"00000000-0000-05cf-ffff-ffff0000029e","element-6066-11e4-a52e-4f735466cecf":"00000000-0000-05cf-ffff-ffff0000029e"}}
&amp#27;[38;5;32m[AndroidUiautomator2Driver@fb3b (5cabbd15)]&amp#27;[0m Responding to client with driver.findElement() result: {"element-6066-11e4-a52e-4f735466cecf":"00000000-0000-05cf-ffff-ffff0000029e","ELEMENT":"00000000-0000-05cf-ffff-ffff0000029e"}
&amp#27;[38;5;0m[HTTP]&amp#27;[0m &amp#27;[37m<-- POST /session/5cabbd15-7e20-42e4-8d48-d95ee721e291/element &amp#27;[39m&amp#27;[32m200&amp#27;[39m &amp#27;[90m680 ms - 137&amp#27;[39m
&amp#27;[38;5;0m[HTTP]&amp#27;[0m &amp#27;[90m&amp#27;[39m
&amp#27;[38;5;0m[HTTP]&amp#27;[0m &amp#27;[37m-->&amp#27;[39m &amp#27;[37mPOST&amp#27;[39m &amp#27;[37m/session/5cabbd15-7e20-42e4-8d48-d95ee721e291/element/00000000-0000-05cf-ffff-ffff0000029e/element&amp#27;[39m
&amp#27;[38;5;0m[HTTP]&amp#27;[0m &amp#27;[90m{"id":"00000000-0000-05cf-ffff-ffff0000029e","using":"accessibility id","value":"active option"}&amp#27;[39m
&amp#27;[38;5;32m[AndroidUiautomator2Driver@fb3b (5cabbd15)]&amp#27;[0m Calling AppiumDriver.findElementFromElement() with args: ["accessibility id","active option","00000000-0000-05cf-ffff-ffff0000029e","5cabbd15-7e20-42e4-8d48-d95ee721e291"]
&amp#27;[38;5;32m[AndroidUiautomator2Driver@fb3b (5cabbd15)]&amp#27;[0m Valid locator strategies for this request: xpath, id, class name, accessibility id, css selector, -android uiautomator
&amp#27;[38;5;32m[AndroidUiautomator2Driver@fb3b (5cabbd15)]&amp#27;[0m Waiting up to 10000 ms for condition
&amp#27;[38;5;32m[AndroidUiautomator2Driver@fb3b (5cabbd15)]&amp#27;[0m Matched '/element' to command name 'findElement'
&amp#27;[38;5;32m[AndroidUiautomator2Driver@fb3b (5cabbd15)]&amp#27;[0m Proxying [POST /element] to [POST http://127.0.0.1:8201/session/dc1a88ef-730b-4fe2-afab-0087ad1f4d72/element] with body: {"strategy":"accessibility id","selector":"active option","context":"00000000-0000-05cf-ffff-ffff0000029e","multiple":false}
&amp#27;[38;5;32m[AndroidUiautomator2Driver@fb3b (5cabbd15)]&amp#27;[0m Got response with status 200: {"sessionId":"dc1a88ef-730b-4fe2-afab-0087ad1f4d72","value":{"ELEMENT":"00000000-0000-05cf-ffff-ffff0000029f","element-6066-11e4-a52e-4f735466cecf":"00000000-0000-05cf-ffff-ffff0000029f"}}
&amp#27;[38;5;32m[AndroidUiautomator2Driver@fb3b (5cabbd15)]&amp#27;[0m Responding to client with driver.findElementFromElement() result: {"element-6066-11e4-a52e-4f735466cecf":"00000000-0000-05cf-ffff-ffff0000029f","ELEMENT":"00000000-0000-05cf-ffff-ffff0000029f"}
&amp#27;[38;5;0m[HTTP]&amp#27;[0m &amp#27;[37m<-- POST /session/5cabbd15-7e20-42e4-8d48-d95ee721e291/element/00000000-0000-05cf-ffff-ffff0000029e/element &amp#27;[39m&amp#27;[32m200&amp#27;[39m &amp#27;[90m47 ms - 137&amp#27;[39m
&amp#27;[38;5;0m[HTTP]&amp#27;[0m &amp#27;[90m&amp#27;[39m
&amp#27;[38;5;0m[HTTP]&amp#27;[0m &amp#27;[37m-->&amp#27;[39m &amp#27;[37mGET&amp#27;[39m &amp#27;[37m/session/5cabbd15-7e20-42e4-8d48-d95ee721e291/context&amp#27;[39m
&amp#27;[38;5;0m[HTTP]&amp#27;[0m &amp#27;[90m{}&amp#27;[39m
&amp#27;[38;5;32m[AndroidUiautomator2Driver@fb3b (5cabbd15)]&amp#27;[0m Calling AppiumDriver.getCurrentContext() with args: ["5cabbd15-7e20-42e4-8d48-d95ee721e291"]
&amp#27;[38;5;32m[AndroidUiautomator2Driver@fb3b (5cabbd15)]&amp#27;[0m Responding to client with driver.getCurrentContext() result: "NATIVE_APP"
&amp#27;[38;5;0m[HTTP]&amp#27;[0m &amp#27;[37m<-- GET /session/5cabbd15-7e20-42e4-8d48-d95ee721e291/context &amp#27;[39m&amp#27;[32m200&amp#27;[39m &amp#27;[90m1 ms - 22&amp#27;[39m
&amp#27;[38;5;0m[HTTP]&amp#27;[0m &amp#27;[90m&amp#27;[39m
&amp#27;[38;5;0m[HTTP]&amp#27;[0m &amp#27;[37m-->&amp#27;[39m &amp#27;[37mPOST&amp#27;[39m &amp#27;[37m/session/5cabbd15-7e20-42e4-8d48-d95ee721e291/element&amp#27;[39m
&amp#27;[38;5;0m[HTTP]&amp#27;[0m &amp#27;[90m{"using":"accessibility id","value":"priceDesc"}&amp#27;[39m
&amp#27;[38;5;32m[AndroidUiautomator2Driver@fb3b (5cabbd15)]&amp#27;[0m Calling AppiumDriver.findElement() with args: ["accessibility id","priceDesc","5cabbd15-7e20-42e4-8d48-d95ee721e291"]
&amp#27;[38;5;32m[AndroidUiautomator2Driver@fb3b (5cabbd15)]&amp#27;[0m Valid locator strategies for this request: xpath, id, class name, accessibility id, css selector, -android uiautomator
&amp#27;[38;5;32m[AndroidUiautomator2Driver@fb3b (5cabbd15)]&amp#27;[0m Waiting up to 10000 ms for condition
&amp#27;[38;5;32m[AndroidUiautomator2Driver@fb3b (5cabbd15)]&amp#27;[0m Matched '/element' to command name 'findElement'
&amp#27;[38;5;32m[AndroidUiautomator2Driver@fb3b (5cabbd15)]&amp#27;[0m Proxying [POST /element] to [POST http://127.0.0.1:8201/session/dc1a88ef-730b-4fe2-afab-0087ad1f4d72/element] with body: {"strategy":"accessibility id","selector":"priceDesc","context":"","multiple":false}
&amp#27;[38;5;32m[AndroidUiautomator2Driver@fb3b (5cabbd15)]&amp#27;[0m Got response with status 200: {"sessionId":"dc1a88ef-730b-4fe2-afab-0087ad1f4d72","value":{"ELEMENT":"00000000-0000-05cf-ffff-ffff0000029e","element-6066-11e4-a52e-4f735466cecf":"00000000-0000-05cf-ffff-ffff0000029e"}}
&amp#27;[38;5;32m[AndroidUiautomator2Driver@fb3b (5cabbd15)]&amp#27;[0m Responding to client with driver.findElement() result: {"element-6066-11e4-a52e-4f735466cecf":"00000000-0000-05cf-ffff-ffff0000029e","ELEMENT":"00000000-0000-05cf-ffff-ffff0000029e"}
&amp#27;[38;5;0m[HTTP]&amp#27;[0m &amp#27;[37m<-- POST /session/5cabbd15-7e20-42e4-8d48-d95ee721e291/element &amp#27;[39m&amp#27;[32m200&amp#27;[39m &amp#27;[90m111 ms - 137&amp#27;[39m
&amp#27;[38;5;0m[HTTP]&amp#27;[0m &amp#27;[90m&amp#27;[39m
&amp#27;[38;5;0m[HTTP]&amp#27;[0m &amp#27;[37m-->&amp#27;[39m &amp#27;[37mPOST&amp#27;[39m &amp#27;[37m/session/5cabbd15-7e20-42e4-8d48-d95ee721e291/element/00000000-0000-05cf-ffff-ffff0000029e/click&amp#27;[39m
&amp#27;[38;5;0m[HTTP]&amp#27;[0m &amp#27;[90m{"id":"00000000-0000-05cf-ffff-ffff0000029e"}&amp#27;[39m
&amp#27;[38;5;32m[AndroidUiautomator2Driver@fb3b (5cabbd15)]&amp#27;[0m Calling AppiumDriver.click() with args: ["00000000-0000-05cf-ffff-ffff0000029e","5cabbd15-7e20-42e4-8d48-d95ee721e291"]
&amp#27;[38;5;32m[AndroidUiautomator2Driver@fb3b (5cabbd15)]&amp#27;[0m Matched '/element/00000000-0000-05cf-ffff-ffff0000029e/click' to command name 'click'
&amp#27;[38;5;32m[AndroidUiautomator2Driver@fb3b (5cabbd15)]&amp#27;[0m Proxying [POST /element/00000000-0000-05cf-ffff-ffff0000029e/click] to [POST http://127.0.0.1:8201/session/dc1a88ef-730b-4fe2-afab-0087ad1f4d72/element/00000000-0000-05cf-ffff-ffff0000029e/click] with body: {"element":"00000000-0000-05cf-ffff-ffff0000029e"}
&amp#27;[38;5;32m[AndroidUiautomator2Driver@fb3b (5cabbd15)]&amp#27;[0m Got response with status 200: {"sessionId":"dc1a88ef-730b-4fe2-afab-0087ad1f4d72","value":null}
&amp#27;[38;5;32m[AndroidUiautomator2Driver@fb3b (5cabbd15)]&amp#27;[0m Responding to client with driver.click() result: null
&amp#27;[38;5;0m[HTTP]&amp#27;[0m &amp#27;[37m<-- POST /session/5cabbd15-7e20-42e4-8d48-d95ee721e291/element/00000000-0000-05cf-ffff-ffff0000029e/click &amp#27;[39m&amp#27;[32m200&amp#27;[39m &amp#27;[90m54 ms - 14&amp#27;[39m
&amp#27;[38;5;0m[HTTP]&amp#27;[0m &amp#27;[90m&amp#27;[39m
&amp#27;[38;5;0m[HTTP]&amp#27;[0m &amp#27;[37m-->&amp#27;[39m &amp#27;[37mGET&amp#27;[39m &amp#27;[37m/session/5cabbd15-7e20-42e4-8d48-d95ee721e291/context&amp#27;[39m
&amp#27;[38;5;0m[HTTP]&amp#27;[0m &amp#27;[90m{}&amp#27;[39m
&amp#27;[38;5;32m[AndroidUiautomator2Driver@fb3b (5cabbd15)]&amp#27;[0m Calling AppiumDriver.getCurrentContext() with args: ["5cabbd15-7e20-42e4-8d48-d95ee721e291"]
&amp#27;[38;5;32m[AndroidUiautomator2Driver@fb3b (5cabbd15)]&amp#27;[0m Responding to client with driver.getCurrentContext() result: "NATIVE_APP"
&amp#27;[38;5;0m[HTTP]&amp#27;[0m &amp#27;[37m<-- GET /session/5cabbd15-7e20-42e4-8d48-d95ee721e291/context &amp#27;[39m&amp#27;[32m200&amp#27;[39m &amp#27;[90m1 ms - 22&amp#27;[39m
&amp#27;[38;5;0m[HTTP]&amp#27;[0m &amp#27;[90m&amp#27;[39m
&amp#27;[38;5;0m[HTTP]&amp#27;[0m &amp#27;[37m-->&amp#27;[39m &amp#27;[37mPOST&amp#27;[39m &amp#27;[37m/session/5cabbd15-7e20-42e4-8d48-d95ee721e291/elements&amp#27;[39m
&amp#27;[38;5;0m[HTTP]&amp#27;[0m &amp#27;[90m{"using":"xpath","value":"//android.view.ViewGroup[@content-desc='store item']"}&amp#27;[39m
&amp#27;[38;5;32m[AndroidUiautomator2Driver@fb3b (5cabbd15)]&amp#27;[0m Calling AppiumDriver.findElements() with args: ["xpath","//android.view.ViewGroup[@content-desc='store item']","5cabbd15-7e20-42e4-8d48-d95ee721e291"]
&amp#27;[38;5;32m[AndroidUiautomator2Driver@fb3b (5cabbd15)]&amp#27;[0m Valid locator strategies for this request: xpath, id, class name, accessibility id, css selector, -android uiautomator
&amp#27;[38;5;32m[AndroidUiautomator2Driver@fb3b (5cabbd15)]&amp#27;[0m Waiting up to 10000 ms for condition
&amp#27;[38;5;32m[AndroidUiautomator2Driver@fb3b (5cabbd15)]&amp#27;[0m Matched '/elements' to command name 'findElements'
&amp#27;[38;5;32m[AndroidUiautomator2Driver@fb3b (5cabbd15)]&amp#27;[0m Proxying [POST /elements] to [POST http://127.0.0.1:8201/session/dc1a88ef-730b-4fe2-afab-0087ad1f4d72/elements] with body: {"strategy":"xpath","selector":"//android.view.ViewGroup[@content-desc='store item']","context":"","multiple":true}
&amp#27;[38;5;32m[AndroidUiautomator2Driver@fb3b (5cabbd15)]&amp#27;[0m Got response with status 200: {"sessionId":"dc1a88ef-730b-4fe2-afab-0087ad1f4d72","value":[]}
&amp#27;[38;5;32m[AndroidUiautomator2Driver@fb3b (5cabbd15)]&amp#27;[0m Waited for 200 ms so far
&amp#27;[38;5;32m[AndroidUiautomator2Driver@fb3b (5cabbd15)]&amp#27;[0m Matched '/elements' to command name 'findElements'
&amp#27;[38;5;32m[AndroidUiautomator2Driver@fb3b (5cabbd15)]&amp#27;[0m Proxying [POST /elements] to [POST http://127.0.0.1:8201/session/dc1a88ef-730b-4fe2-afab-0087ad1f4d72/elements] with body: {"strategy":"xpath","selector":"//android.view.ViewGroup[@content-desc='store item']","context":"","multiple":true}
&amp#27;[38;5;32m[AndroidUiautomator2Driver@fb3b (5cabbd15)]&amp#27;[0m Got response with status 200: {"sessionId":"dc1a88ef-730b-4fe2-afab-0087ad1f4d72","value":[{"ELEMENT":"00000000-0000-05c7-ffff-ffff0000022c","element-6066-11e4-a52e-4f735466cecf":"00000000-0000-05c7-ffff-ffff0000022c"},{"ELEMENT":"00000000-0000-05c7-ffff-ffff0000023b","element-6066-11e4-a52e-4f735466cecf":"00000000-0000-05c7-ffff-ffff0000023b"},{"ELEMENT":"00000000-0000-05c7-ffff-ffff0000024b","element-6066-11e4-a52e-4f735466cecf":"00000000-0000-05c7-ffff-ffff0000024b"},{"ELEMENT":"00000000-0000-05c7-ffff-ffff0000025a","element-6066-11e4-a52e-4f735466cecf":"00000000-0000-05c7-ffff-ffff0000025a"},{"ELEMENT":"00000000-0000-05c7-ffff-ffff0000026a","element-6066-11e4-a52e-4f735466cecf":"00000000-0000-05c7-ffff-ffff0000026a"},{"ELEMENT":"00000000-0000-05c7-ffff-ffff00000279","element-6066-11e4-a52e-4f735466cecf":"00000000-0000-05c7-ffff-ffff00000279"}]}
&amp#27;[38;5;32m[AndroidUiautomator2Driver@fb3b (5cabbd15)]&amp#27;[0m Responding to client with driver.findElements() result: [{"element-6066-11e4-a52e-4f735466cecf":"00000000-0000-05c7-ffff-ffff0000022c","ELEMENT":"00000000-0000-05c7-ffff-ffff0000022c"},{"element-6066-11e4-a52e-4f735466cecf":"00000000-0000-05c7-ffff-ffff0000023b","ELEMENT":"00000000-0000-05c7-ffff-ffff0000023b"},{"element-6066-11e4-a52e-4f735466cecf":"00000000-0000-05c7-ffff-ffff0000024b","ELEMENT":"00000000-0000-05c7-ffff-ffff0000024b"},{"element-6066-11e4-a52e-4f735466cecf":"00000000-0000-05c7-ffff-ffff0000025a","ELEMENT":"00000000-0000-05c7-ffff-ffff0000025a"},{"element-6066-11e4-a52e-4f735466cecf":"00000000-0000-05c7-ffff-ffff0000026a","ELEMENT":"00000000-0000-05c7-ffff-ffff0000026a"},{"element-6066-11e4-a52e-4f735466cecf":"00000000-0000-05c7-ffff-ffff00000279","ELEMENT":"00000000-0000-05c7-ffff-ffff00000279"}]
&amp#27;[38;5;0m[HTTP]&amp#27;[0m &amp#27;[37m<-- POST /session/5cabbd15-7e20-42e4-8d48-d95ee721e291/elements &amp#27;[39m&amp#27;[32m200&amp#27;[39m &amp#27;[90m1463 ms - 779&amp#27;[39m
&amp#27;[38;5;0m[HTTP]&amp#27;[0m &amp#27;[90m&amp#27;[39m
&amp#27;[38;5;0m[HTTP]&amp#27;[0m &amp#27;[37m-->&amp#27;[39m &amp#27;[37mGET&amp#27;[39m &amp#27;[37m/session/5cabbd15-7e20-42e4-8d48-d95ee721e291/context&amp#27;[39m
&amp#27;[38;5;0m[HTTP]&amp#27;[0m &amp#27;[90m{}&amp#27;[39m
&amp#27;[38;5;32m[AndroidUiautomator2Driver@fb3b (5cabbd15)]&amp#27;[0m Calling AppiumDriver.getCurrentContext() with args: ["5cabbd15-7e20-42e4-8d48-d95ee721e291"]
&amp#27;[38;5;32m[AndroidUiautomator2Driver@fb3b (5cabbd15)]&amp#27;[0m Responding to client with driver.getCurrentContext() result: "NATIVE_APP"
&amp#27;[38;5;0m[HTTP]&amp#27;[0m &amp#27;[37m<-- GET /session/5cabbd15-7e20-42e4-8d48-d95ee721e291/context &amp#27;[39m&amp#27;[32m200&amp#27;[39m &amp#27;[90m1 ms - 22&amp#27;[39m
&amp#27;[38;5;0m[HTTP]&amp#27;[0m &amp#27;[90m&amp#27;[39m
&amp#27;[38;5;0m[HTTP]&amp#27;[0m &amp#27;[37m-->&amp#27;[39m &amp#27;[37mPOST&amp#27;[39m &amp#27;[37m/session/5cabbd15-7e20-42e4-8d48-d95ee721e291/elements&amp#27;[39m
&amp#27;[38;5;0m[HTTP]&amp#27;[0m &amp#27;[90m{"using":"xpath","value":"//android.view.ViewGroup[@content-desc='store item']"}&amp#27;[39m
&amp#27;[38;5;32m[AndroidUiautomator2Driver@fb3b (5cabbd15)]&amp#27;[0m Calling AppiumDriver.findElements() with args: ["xpath","//android.view.ViewGroup[@content-desc='store item']","5cabbd15-7e20-42e4-8d48-d95ee721e291"]
&amp#27;[38;5;32m[AndroidUiautomator2Driver@fb3b (5cabbd15)]&amp#27;[0m Valid locator strategies for this request: xpath, id, class name, accessibility id, css selector, -android uiautomator
&amp#27;[38;5;32m[AndroidUiautomator2Driver@fb3b (5cabbd15)]&amp#27;[0m Waiting up to 10000 ms for condition
&amp#27;[38;5;32m[AndroidUiautomator2Driver@fb3b (5cabbd15)]&amp#27;[0m Matched '/elements' to command name 'findElements'
&amp#27;[38;5;32m[AndroidUiautomator2Driver@fb3b (5cabbd15)]&amp#27;[0m Proxying [POST /elements] to [POST http://127.0.0.1:8201/session/dc1a88ef-730b-4fe2-afab-0087ad1f4d72/elements] with body: {"strategy":"xpath","selector":"//android.view.ViewGroup[@content-desc='store item']","context":"","multiple":true}
&amp#27;[38;5;32m[AndroidUiautomator2Driver@fb3b (5cabbd15)]&amp#27;[0m Got response with status 200: {"sessionId":"dc1a88ef-730b-4fe2-afab-0087ad1f4d72","value":[{"ELEMENT":"00000000-0000-05c7-ffff-ffff0000022c","element-6066-11e4-a52e-4f735466cecf":"00000000-0000-05c7-ffff-ffff0000022c"},{"ELEMENT":"00000000-0000-05c7-ffff-ffff0000023b","element-6066-11e4-a52e-4f735466cecf":"00000000-0000-05c7-ffff-ffff0000023b"},{"ELEMENT":"00000000-0000-05c7-ffff-ffff0000024b","element-6066-11e4-a52e-4f735466cecf":"00000000-0000-05c7-ffff-ffff0000024b"},{"ELEMENT":"00000000-0000-05c7-ffff-ffff0000025a","element-6066-11e4-a52e-4f735466cecf":"00000000-0000-05c7-ffff-ffff0000025a"},{"ELEMENT":"00000000-0000-05c7-ffff-ffff0000026a","element-6066-11e4-a52e-4f735466cecf":"00000000-0000-05c7-ffff-ffff0000026a"},{"ELEMENT":"00000000-0000-05c7-ffff-ffff00000279","element-6066-11e4-a52e-4f735466cecf":"00000000-0000-05c7-ffff-ffff00000279"}]}
&amp#27;[38;5;32m[AndroidUiautomator2Driver@fb3b (5cabbd15)]&amp#27;[0m Responding to client with driver.findElements() result: [{"element-6066-11e4-a52e-4f735466cecf":"00000000-0000-05c7-ffff-ffff0000022c","ELEMENT":"00000000-0000-05c7-ffff-ffff0000022c"},{"element-6066-11e4-a52e-4f735466cecf":"00000000-0000-05c7-ffff-ffff0000023b","ELEMENT":"00000000-0000-05c7-ffff-ffff0000023b"},{"element-6066-11e4-a52e-4f735466cecf":"00000000-0000-05c7-ffff-ffff0000024b","ELEMENT":"00000000-0000-05c7-ffff-ffff0000024b"},{"element-6066-11e4-a52e-4f735466cecf":"00000000-0000-05c7-ffff-ffff0000025a","ELEMENT":"00000000-0000-05c7-ffff-ffff0000025a"},{"element-6066-11e4-a52e-4f735466cecf":"00000000-0000-05c7-ffff-ffff0000026a","ELEMENT":"00000000-0000-05c7-ffff-ffff0000026a"},{"element-6066-11e4-a52e-4f735466cecf":"00000000-0000-05c7-ffff-ffff00000279","ELEMENT":"00000000-0000-05c7-ffff-ffff00000279"}]
&amp#27;[38;5;0m[HTTP]&amp#27;[0m &amp#27;[37m<-- POST /session/5cabbd15-7e20-42e4-8d48-d95ee721e291/elements &amp#27;[39m&amp#27;[32m200&amp#27;[39m &amp#27;[90m587 ms - 779&amp#27;[39m
&amp#27;[38;5;0m[HTTP]&amp#27;[0m &amp#27;[90m&amp#27;[39m
&amp#27;[38;5;0m[HTTP]&amp#27;[0m &amp#27;[37m-->&amp#27;[39m &amp#27;[37mPOST&amp#27;[39m &amp#27;[37m/session/5cabbd15-7e20-42e4-8d48-d95ee721e291/element/00000000-0000-05c7-ffff-ffff0000022c/element&amp#27;[39m
&amp#27;[38;5;0m[HTTP]&amp#27;[0m &amp#27;[90m{"id":"00000000-0000-05c7-ffff-ffff0000022c","using":"xpath","value":"//android.widget.TextView[@content-desc='store item price']"}&amp#27;[39m
&amp#27;[38;5;32m[AndroidUiautomator2Driver@fb3b (5cabbd15)]&amp#27;[0m Calling AppiumDriver.findElementFromElement() with args: ["xpath","//android.widget.TextView[@content-desc='store item price']","00000000-0000-05c7-ffff-ffff0000022c","5cabbd15-7e20-42e4-8d48-d95ee721e291"]
&amp#27;[38;5;32m[AndroidUiautomator2Driver@fb3b (5cabbd15)]&amp#27;[0m Valid locator strategies for this request: xpath, id, class name, accessibility id, css selector, -android uiautomator
&amp#27;[38;5;32m[AndroidUiautomator2Driver@fb3b (5cabbd15)]&amp#27;[0m Waiting up to 10000 ms for condition
&amp#27;[38;5;32m[AndroidUiautomator2Driver@fb3b (5cabbd15)]&amp#27;[0m Matched '/element' to command name 'findElement'
&amp#27;[38;5;32m[AndroidUiautomator2Driver@fb3b (5cabbd15)]&amp#27;[0m Proxying [POST /element] to [POST http://127.0.0.1:8201/session/dc1a88ef-730b-4fe2-afab-0087ad1f4d72/element] with body: {"strategy":"xpath","selector":"//android.widget.TextView[@content-desc='store item price']","context":"00000000-0000-05c7-ffff-ffff0000022c","multiple":false}
&amp#27;[38;5;32m[AndroidUiautomator2Driver@fb3b (5cabbd15)]&amp#27;[0m Got response with status 200: {"sessionId":"dc1a88ef-730b-4fe2-afab-0087ad1f4d72","value":{"ELEMENT":"00000000-0000-05c7-ffff-ffff00000230","element-6066-11e4-a52e-4f735466cecf":"00000000-0000-05c7-ffff-ffff00000230"}}
&amp#27;[38;5;32m[AndroidUiautomator2Driver@fb3b (5cabbd15)]&amp#27;[0m Responding to client with driver.findElementFromElement() result: {"element-6066-11e4-a52e-4f735466cecf":"00000000-0000-05c7-ffff-ffff00000230","ELEMENT":"00000000-0000-05c7-ffff-ffff00000230"}
&amp#27;[38;5;0m[HTTP]&amp#27;[0m &amp#27;[37m<-- POST /session/5cabbd15-7e20-42e4-8d48-d95ee721e291/element/00000000-0000-05c7-ffff-ffff0000022c/element &amp#27;[39m&amp#27;[32m200&amp#27;[39m &amp#27;[90m75 ms - 137&amp#27;[39m
&amp#27;[38;5;0m[HTTP]&amp#27;[0m &amp#27;[90m&amp#27;[39m
&amp#27;[38;5;0m[HTTP]&amp#27;[0m &amp#27;[37m-->&amp#27;[39m &amp#27;[37mGET&amp#27;[39m &amp#27;[37m/session/5cabbd15-7e20-42e4-8d48-d95ee721e291/element/00000000-0000-05c7-ffff-ffff00000230/text&amp#27;[39m
&amp#27;[38;5;0m[HTTP]&amp#27;[0m &amp#27;[90m{}&amp#27;[39m
&amp#27;[38;5;32m[AndroidUiautomator2Driver@fb3b (5cabbd15)]&amp#27;[0m Driver proxy active, passing request on via HTTP proxy
&amp#27;[38;5;32m[AndroidUiautomator2Driver@fb3b (5cabbd15)]&amp#27;[0m Matched '/session/5cabbd15-7e20-42e4-8d48-d95ee721e291/element/00000000-0000-05c7-ffff-ffff00000230/text' to command name 'getText'
&amp#27;[38;5;32m[AndroidUiautomator2Driver@fb3b (5cabbd15)]&amp#27;[0m Proxying [GET /session/5cabbd15-7e20-42e4-8d48-d95ee721e291/element/00000000-0000-05c7-ffff-ffff00000230/text] to [GET http://127.0.0.1:8201/session/dc1a88ef-730b-4fe2-afab-0087ad1f4d72/element/00000000-0000-05c7-ffff-ffff00000230/text] with no body
&amp#27;[38;5;32m[AndroidUiautomator2Driver@fb3b (5cabbd15)]&amp#27;[0m Got response with status 200: {"sessionId":"dc1a88ef-730b-4fe2-afab-0087ad1f4d72","value":"$49.99"}
&amp#27;[38;5;32m[AndroidUiautomator2Driver@fb3b (5cabbd15)]&amp#27;[0m Replacing sessionId dc1a88ef-730b-4fe2-afab-0087ad1f4d72 with 5cabbd15-7e20-42e4-8d48-d95ee721e291
&amp#27;[38;5;0m[HTTP]&amp#27;[0m &amp#27;[37m<-- GET /session/5cabbd15-7e20-42e4-8d48-d95ee721e291/element/00000000-0000-05c7-ffff-ffff00000230/text &amp#27;[39m&amp#27;[32m200&amp#27;[39m &amp#27;[90m21 ms - 69&amp#27;[39m
&amp#27;[38;5;0m[HTTP]&amp#27;[0m &amp#27;[90m&amp#27;[39m
&amp#27;[38;5;0m[HTTP]&amp#27;[0m &amp#27;[37m-->&amp#27;[39m &amp#27;[37mGET&amp#27;[39m &amp#27;[37m/session/5cabbd15-7e20-42e4-8d48-d95ee721e291/context&amp#27;[39m
&amp#27;[38;5;0m[HTTP]&amp#27;[0m &amp#27;[90m{}&amp#27;[39m
&amp#27;[38;5;32m[AndroidUiautomator2Driver@fb3b (5cabbd15)]&amp#27;[0m Calling AppiumDriver.getCurrentContext() with args: ["5cabbd15-7e20-42e4-8d48-d95ee721e291"]
&amp#27;[38;5;32m[AndroidUiautomator2Driver@fb3b (5cabbd15)]&amp#27;[0m Responding to client with driver.getCurrentContext() result: "NATIVE_APP"
&amp#27;[38;5;0m[HTTP]&amp#27;[0m &amp#27;[37m<-- GET /session/5cabbd15-7e20-42e4-8d48-d95ee721e291/context &amp#27;[39m&amp#27;[32m200&amp#27;[39m &amp#27;[90m1 ms - 22&amp#27;[39m
&amp#27;[38;5;0m[HTTP]&amp#27;[0m &amp#27;[90m&amp#27;[39m
&amp#27;[38;5;0m[HTTP]&amp#27;[0m &amp#27;[37m-->&amp#27;[39m &amp#27;[37mPOST&amp#27;[39m &amp#27;[37m/session/5cabbd15-7e20-42e4-8d48-d95ee721e291/elements&amp#27;[39m
&amp#27;[38;5;0m[HTTP]&amp#27;[0m &amp#27;[90m{"using":"xpath","value":"//android.view.ViewGroup[@content-desc='store item']"}&amp#27;[39m
&amp#27;[38;5;32m[AndroidUiautomator2Driver@fb3b (5cabbd15)]&amp#27;[0m Calling AppiumDriver.findElements() with args: ["xpath","//android.view.ViewGroup[@content-desc='store item']","5cabbd15-7e20-42e4-8d48-d95ee721e291"]
&amp#27;[38;5;32m[AndroidUiautomator2Driver@fb3b (5cabbd15)]&amp#27;[0m Valid locator strategies for this request: xpath, id, class name, accessibility id, css selector, -android uiautomator
&amp#27;[38;5;32m[AndroidUiautomator2Driver@fb3b (5cabbd15)]&amp#27;[0m Waiting up to 10000 ms for condition
&amp#27;[38;5;32m[AndroidUiautomator2Driver@fb3b (5cabbd15)]&amp#27;[0m Matched '/elements' to command name 'findElements'
&amp#27;[38;5;32m[AndroidUiautomator2Driver@fb3b (5cabbd15)]&amp#27;[0m Proxying [POST /elements] to [POST http://127.0.0.1:8201/session/dc1a88ef-730b-4fe2-afab-0087ad1f4d72/elements] with body: {"strategy":"xpath","selector":"//android.view.ViewGroup[@content-desc='store item']","context":"","multiple":true}
&amp#27;[38;5;32m[AndroidUiautomator2Driver@fb3b (5cabbd15)]&amp#27;[0m Got response with status 200: {"sessionId":"dc1a88ef-730b-4fe2-afab-0087ad1f4d72","value":[{"ELEMENT":"00000000-0000-05c7-ffff-ffff0000022c","element-6066-11e4-a52e-4f735466cecf":"00000000-0000-05c7-ffff-ffff0000022c"},{"ELEMENT":"00000000-0000-05c7-ffff-ffff0000023b","element-6066-11e4-a52e-4f735466cecf":"00000000-0000-05c7-ffff-ffff0000023b"},{"ELEMENT":"00000000-0000-05c7-ffff-ffff0000024b","element-6066-11e4-a52e-4f735466cecf":"00000000-0000-05c7-ffff-ffff0000024b"},{"ELEMENT":"00000000-0000-05c7-ffff-ffff0000025a","element-6066-11e4-a52e-4f735466cecf":"00000000-0000-05c7-ffff-ffff0000025a"},{"ELEMENT":"00000000-0000-05c7-ffff-ffff0000026a","element-6066-11e4-a52e-4f735466cecf":"00000000-0000-05c7-ffff-ffff0000026a"},{"ELEMENT":"00000000-0000-05c7-ffff-ffff00000279","element-6066-11e4-a52e-4f735466cecf":"00000000-0000-05c7-ffff-ffff00000279"}]}
&amp#27;[38;5;32m[AndroidUiautomator2Driver@fb3b (5cabbd15)]&amp#27;[0m Responding to client with driver.findElements() result: [{"element-6066-11e4-a52e-4f735466cecf":"00000000-0000-05c7-ffff-ffff0000022c","ELEMENT":"00000000-0000-05c7-ffff-ffff0000022c"},{"element-6066-11e4-a52e-4f735466cecf":"00000000-0000-05c7-ffff-ffff0000023b","ELEMENT":"00000000-0000-05c7-ffff-ffff0000023b"},{"element-6066-11e4-a52e-4f735466cecf":"00000000-0000-05c7-ffff-ffff0000024b","ELEMENT":"00000000-0000-05c7-ffff-ffff0000024b"},{"element-6066-11e4-a52e-4f735466cecf":"00000000-0000-05c7-ffff-ffff0000025a","ELEMENT":"00000000-0000-05c7-ffff-ffff0000025a"},{"element-6066-11e4-a52e-4f735466cecf":"00000000-0000-05c7-ffff-ffff0000026a","ELEMENT":"00000000-0000-05c7-ffff-ffff0000026a"},{"element-6066-11e4-a52e-4f735466cecf":"00000000-0000-05c7-ffff-ffff00000279","ELEMENT":"00000000-0000-05c7-ffff-ffff00000279"}]
&amp#27;[38;5;0m[HTTP]&amp#27;[0m &amp#27;[37m<-- POST /session/5cabbd15-7e20-42e4-8d48-d95ee721e291/elements &amp#27;[39m&amp#27;[32m200&amp#27;[39m &amp#27;[90m605 ms - 779&amp#27;[39m
&amp#27;[38;5;0m[HTTP]&amp#27;[0m &amp#27;[90m&amp#27;[39m
&amp#27;[38;5;0m[HTTP]&amp#27;[0m &amp#27;[37m-->&amp#27;[39m &amp#27;[37mGET&amp#27;[39m &amp#27;[37m/session/5cabbd15-7e20-42e4-8d48-d95ee721e291/context&amp#27;[39m
&amp#27;[38;5;0m[HTTP]&amp#27;[0m &amp#27;[90m{}&amp#27;[39m
&amp#27;[38;5;32m[AndroidUiautomator2Driver@fb3b (5cabbd15)]&amp#27;[0m Calling AppiumDriver.getCurrentContext() with args: ["5cabbd15-7e20-42e4-8d48-d95ee721e291"]
&amp#27;[38;5;32m[AndroidUiautomator2Driver@fb3b (5cabbd15)]&amp#27;[0m Responding to client with driver.getCurrentContext() result: "NATIVE_APP"
&amp#27;[38;5;0m[HTTP]&amp#27;[0m &amp#27;[37m<-- GET /session/5cabbd15-7e20-42e4-8d48-d95ee721e291/context &amp#27;[39m&amp#27;[32m200&amp#27;[39m &amp#27;[90m1 ms - 22&amp#27;[39m
&amp#27;[38;5;0m[HTTP]&amp#27;[0m &amp#27;[90m&amp#27;[39m
&amp#27;[38;5;0m[HTTP]&amp#27;[0m &amp#27;[37m-->&amp#27;[39m &amp#27;[37mPOST&amp#27;[39m &amp#27;[37m/session/5cabbd15-7e20-42e4-8d48-d95ee721e291/elements&amp#27;[39m
&amp#27;[38;5;0m[HTTP]&amp#27;[0m &amp#27;[90m{"using":"xpath","value":"//android.view.ViewGroup[@content-desc='store item']"}&amp#27;[39m
&amp#27;[38;5;32m[AndroidUiautomator2Driver@fb3b (5cabbd15)]&amp#27;[0m Calling AppiumDriver.findElements() with args: ["xpath","//android.view.ViewGroup[@content-desc='store item']","5cabbd15-7e20-42e4-8d48-d95ee721e291"]
&amp#27;[38;5;32m[AndroidUiautomator2Driver@fb3b (5cabbd15)]&amp#27;[0m Valid locator strategies for this request: xpath, id, class name, accessibility id, css selector, -android uiautomator
&amp#27;[38;5;32m[AndroidUiautomator2Driver@fb3b (5cabbd15)]&amp#27;[0m Waiting up to 10000 ms for condition
&amp#27;[38;5;32m[AndroidUiautomator2Driver@fb3b (5cabbd15)]&amp#27;[0m Matched '/elements' to command name 'findElements'
&amp#27;[38;5;32m[AndroidUiautomator2Driver@fb3b (5cabbd15)]&amp#27;[0m Proxying [POST /elements] to [POST http://127.0.0.1:8201/session/dc1a88ef-730b-4fe2-afab-0087ad1f4d72/elements] with body: {"strategy":"xpath","selector":"//android.view.ViewGroup[@content-desc='store item']","context":"","multiple":true}
&amp#27;[38;5;32m[AndroidUiautomator2Driver@fb3b (5cabbd15)]&amp#27;[0m Got response with status 200: {"sessionId":"dc1a88ef-730b-4fe2-afab-0087ad1f4d72","value":[{"ELEMENT":"00000000-0000-05c7-ffff-ffff0000022c","element-6066-11e4-a52e-4f735466cecf":"00000000-0000-05c7-ffff-ffff0000022c"},{"ELEMENT":"00000000-0000-05c7-ffff-ffff0000023b","element-6066-11e4-a52e-4f735466cecf":"00000000-0000-05c7-ffff-ffff0000023b"},{"ELEMENT":"00000000-0000-05c7-ffff-ffff0000024b","element-6066-11e4-a52e-4f735466cecf":"00000000-0000-05c7-ffff-ffff0000024b"},{"ELEMENT":"00000000-0000-05c7-ffff-ffff0000025a","element-6066-11e4-a52e-4f735466cecf":"00000000-0000-05c7-ffff-ffff0000025a"},{"ELEMENT":"00000000-0000-05c7-ffff-ffff0000026a","element-6066-11e4-a52e-4f735466cecf":"00000000-0000-05c7-ffff-ffff0000026a"},{"ELEMENT":"00000000-0000-05c7-ffff-ffff00000279","element-6066-11e4-a52e-4f735466cecf":"00000000-0000-05c7-ffff-ffff00000279"}]}
&amp#27;[38;5;32m[AndroidUiautomator2Driver@fb3b (5cabbd15)]&amp#27;[0m Responding to client with driver.findElements() result: [{"element-6066-11e4-a52e-4f735466cecf":"00000000-0000-05c7-ffff-ffff0000022c","ELEMENT":"00000000-0000-05c7-ffff-ffff0000022c"},{"element-6066-11e4-a52e-4f735466cecf":"00000000-0000-05c7-ffff-ffff0000023b","ELEMENT":"00000000-0000-05c7-ffff-ffff0000023b"},{"element-6066-11e4-a52e-4f735466cecf":"00000000-0000-05c7-ffff-ffff0000024b","ELEMENT":"00000000-0000-05c7-ffff-ffff0000024b"},{"element-6066-11e4-a52e-4f735466cecf":"00000000-0000-05c7-ffff-ffff0000025a","ELEMENT":"00000000-0000-05c7-ffff-ffff0000025a"},{"element-6066-11e4-a52e-4f735466cecf":"00000000-0000-05c7-ffff-ffff0000026a","ELEMENT":"00000000-0000-05c7-ffff-ffff0000026a"},{"element-6066-11e4-a52e-4f735466cecf":"00000000-0000-05c7-ffff-ffff00000279","ELEMENT":"00000000-0000-05c7-ffff-ffff00000279"}]
&amp#27;[38;5;0m[HTTP]&amp#27;[0m &amp#27;[37m<-- POST /session/5cabbd15-7e20-42e4-8d48-d95ee721e291/elements &amp#27;[39m&amp#27;[32m200&amp#27;[39m &amp#27;[90m587 ms - 779&amp#27;[39m
&amp#27;[38;5;0m[HTTP]&amp#27;[0m &amp#27;[90m&amp#27;[39m
&amp#27;[38;5;0m[HTTP]&amp#27;[0m &amp#27;[37m-->&amp#27;[39m &amp#27;[37mPOST&amp#27;[39m &amp#27;[37m/session/5cabbd15-7e20-42e4-8d48-d95ee721e291/element/00000000-0000-05c7-ffff-ffff0000023b/element&amp#27;[39m
&amp#27;[38;5;0m[HTTP]&amp#27;[0m &amp#27;[90m{"id":"00000000-0000-05c7-ffff-ffff0000023b","using":"xpath","value":"//android.widget.TextView[@content-desc='store item price']"}&amp#27;[39m
&amp#27;[38;5;32m[AndroidUiautomator2Driver@fb3b (5cabbd15)]&amp#27;[0m Calling AppiumDriver.findElementFromElement() with args: ["xpath","//android.widget.TextView[@content-desc='store item price']","00000000-0000-05c7-ffff-ffff0000023b","5cabbd15-7e20-42e4-8d48-d95ee721e291"]
&amp#27;[38;5;32m[AndroidUiautomator2Driver@fb3b (5cabbd15)]&amp#27;[0m Valid locator strategies for this request: xpath, id, class name, accessibility id, css selector, -android uiautomator
&amp#27;[38;5;32m[AndroidUiautomator2Driver@fb3b (5cabbd15)]&amp#27;[0m Waiting up to 10000 ms for condition
&amp#27;[38;5;32m[AndroidUiautomator2Driver@fb3b (5cabbd15)]&amp#27;[0m Matched '/element' to command name 'findElement'
&amp#27;[38;5;32m[AndroidUiautomator2Driver@fb3b (5cabbd15)]&amp#27;[0m Proxying [POST /element] to [POST http://127.0.0.1:8201/session/dc1a88ef-730b-4fe2-afab-0087ad1f4d72/element] with body: {"strategy":"xpath","selector":"//android.widget.TextView[@content-desc='store item price']","context":"00000000-0000-05c7-ffff-ffff0000023b","multiple":false}
&amp#27;[38;5;32m[AndroidUiautomator2Driver@fb3b (5cabbd15)]&amp#27;[0m Got response with status 200: {"sessionId":"dc1a88ef-730b-4fe2-afab-0087ad1f4d72","value":{"ELEMENT":"00000000-0000-05c7-ffff-ffff0000023f","element-6066-11e4-a52e-4f735466cecf":"00000000-0000-05c7-ffff-ffff0000023f"}}
&amp#27;[38;5;32m[AndroidUiautomator2Driver@fb3b (5cabbd15)]&amp#27;[0m Responding to client with driver.findElementFromElement() result: {"element-6066-11e4-a52e-4f735466cecf":"00000000-0000-05c7-ffff-ffff0000023f","ELEMENT":"00000000-0000-05c7-ffff-ffff0000023f"}
&amp#27;[38;5;0m[HTTP]&amp#27;[0m &amp#27;[37m<-- POST /session/5cabbd15-7e20-42e4-8d48-d95ee721e291/element/00000000-0000-05c7-ffff-ffff0000023b/element &amp#27;[39m&amp#27;[32m200&amp#27;[39m &amp#27;[90m84 ms - 137&amp#27;[39m
&amp#27;[38;5;0m[HTTP]&amp#27;[0m &amp#27;[90m&amp#27;[39m
&amp#27;[38;5;0m[HTTP]&amp#27;[0m &amp#27;[37m-->&amp#27;[39m &amp#27;[37mGET&amp#27;[39m &amp#27;[37m/session/5cabbd15-7e20-42e4-8d48-d95ee721e291/element/00000000-0000-05c7-ffff-ffff0000023f/text&amp#27;[39m
&amp#27;[38;5;0m[HTTP]&amp#27;[0m &amp#27;[90m{}&amp#27;[39m
&amp#27;[38;5;32m[AndroidUiautomator2Driver@fb3b (5cabbd15)]&amp#27;[0m Driver proxy active, passing request on via HTTP proxy
&amp#27;[38;5;32m[AndroidUiautomator2Driver@fb3b (5cabbd15)]&amp#27;[0m Matched '/session/5cabbd15-7e20-42e4-8d48-d95ee721e291/element/00000000-0000-05c7-ffff-ffff0000023f/text' to command name 'getText'
&amp#27;[38;5;32m[AndroidUiautomator2Driver@fb3b (5cabbd15)]&amp#27;[0m Proxying [GET /session/5cabbd15-7e20-42e4-8d48-d95ee721e291/element/00000000-0000-05c7-ffff-ffff0000023f/text] to [GET http://127.0.0.1:8201/session/dc1a88ef-730b-4fe2-afab-0087ad1f4d72/element/00000000-0000-05c7-ffff-ffff0000023f/text] with no body
&amp#27;[38;5;32m[AndroidUiautomator2Driver@fb3b (5cabbd15)]&amp#27;[0m Got response with status 200: {"sessionId":"dc1a88ef-730b-4fe2-afab-0087ad1f4d72","value":"$29.99"}
&amp#27;[38;5;32m[AndroidUiautomator2Driver@fb3b (5cabbd15)]&amp#27;[0m Replacing sessionId dc1a88ef-730b-4fe2-afab-0087ad1f4d72 with 5cabbd15-7e20-42e4-8d48-d95ee721e291
&amp#27;[38;5;0m[HTTP]&amp#27;[0m &amp#27;[37m<-- GET /session/5cabbd15-7e20-42e4-8d48-d95ee721e291/element/00000000-0000-05c7-ffff-ffff0000023f/text &amp#27;[39m&amp#27;[32m200&amp#27;[39m &amp#27;[90m36 ms - 69&amp#27;[39m
&amp#27;[38;5;0m[HTTP]&amp#27;[0m &amp#27;[90m&amp#27;[39m
&amp#27;[38;5;0m[HTTP]&amp#27;[0m &amp#27;[37m-->&amp#27;[39m &amp#27;[37mGET&amp#27;[39m &amp#27;[37m/session/5cabbd15-7e20-42e4-8d48-d95ee721e291/context&amp#27;[39m
&amp#27;[38;5;0m[HTTP]&amp#27;[0m &amp#27;[90m{}&amp#27;[39m
&amp#27;[38;5;32m[AndroidUiautomator2Driver@fb3b (5cabbd15)]&amp#27;[0m Calling AppiumDriver.getCurrentContext() with args: ["5cabbd15-7e20-42e4-8d48-d95ee721e291"]
&amp#27;[38;5;32m[AndroidUiautomator2Driver@fb3b (5cabbd15)]&amp#27;[0m Responding to client with driver.getCurrentContext() result: "NATIVE_APP"
&amp#27;[38;5;0m[HTTP]&amp#27;[0m &amp#27;[37m<-- GET /session/5cabbd15-7e20-42e4-8d48-d95ee721e291/context &amp#27;[39m&amp#27;[32m200&amp#27;[39m &amp#27;[90m1 ms - 22&amp#27;[39m
&amp#27;[38;5;0m[HTTP]&amp#27;[0m &amp#27;[90m&amp#27;[39m
&amp#27;[38;5;0m[HTTP]&amp#27;[0m &amp#27;[37m-->&amp#27;[39m &amp#27;[37mPOST&amp#27;[39m &amp#27;[37m/session/5cabbd15-7e20-42e4-8d48-d95ee721e291/elements&amp#27;[39m
&amp#27;[38;5;0m[HTTP]&amp#27;[0m &amp#27;[90m{"using":"xpath","value":"//android.view.ViewGroup[@content-desc='store item']"}&amp#27;[39m
&amp#27;[38;5;32m[AndroidUiautomator2Driver@fb3b (5cabbd15)]&amp#27;[0m Calling AppiumDriver.findElements() with args: ["xpath","//android.view.ViewGroup[@content-desc='store item']","5cabbd15-7e20-42e4-8d48-d95ee721e291"]
&amp#27;[38;5;32m[AndroidUiautomator2Driver@fb3b (5cabbd15)]&amp#27;[0m Valid locator strategies for this request: xpath, id, class name, accessibility id, css selector, -android uiautomator
&amp#27;[38;5;32m[AndroidUiautomator2Driver@fb3b (5cabbd15)]&amp#27;[0m Waiting up to 10000 ms for condition
&amp#27;[38;5;32m[AndroidUiautomator2Driver@fb3b (5cabbd15)]&amp#27;[0m Matched '/elements' to command name 'findElements'
&amp#27;[38;5;32m[AndroidUiautomator2Driver@fb3b (5cabbd15)]&amp#27;[0m Proxying [POST /elements] to [POST http://127.0.0.1:8201/session/dc1a88ef-730b-4fe2-afab-0087ad1f4d72/elements] with body: {"strategy":"xpath","selector":"//android.view.ViewGroup[@content-desc='store item']","context":"","multiple":true}
&amp#27;[38;5;32m[AndroidUiautomator2Driver@fb3b (5cabbd15)]&amp#27;[0m Got response with status 200: {"sessionId":"dc1a88ef-730b-4fe2-afab-0087ad1f4d72","value":[{"ELEMENT":"00000000-0000-05c7-ffff-ffff0000022c","element-6066-11e4-a52e-4f735466cecf":"00000000-0000-05c7-ffff-ffff0000022c"},{"ELEMENT":"00000000-0000-05c7-ffff-ffff0000023b","element-6066-11e4-a52e-4f735466cecf":"00000000-0000-05c7-ffff-ffff0000023b"},{"ELEMENT":"00000000-0000-05c7-ffff-ffff0000024b","element-6066-11e4-a52e-4f735466cecf":"00000000-0000-05c7-ffff-ffff0000024b"},{"ELEMENT":"00000000-0000-05c7-ffff-ffff0000025a","element-6066-11e4-a52e-4f735466cecf":"00000000-0000-05c7-ffff-ffff0000025a"},{"ELEMENT":"00000000-0000-05c7-ffff-ffff0000026a","element-6066-11e4-a52e-4f735466cecf":"00000000-0000-05c7-ffff-ffff0000026a"},{"ELEMENT":"00000000-0000-05c7-ffff-ffff00000279","element-6066-11e4-a52e-4f735466cecf":"00000000-0000-05c7-ffff-ffff00000279"}]}
&amp#27;[38;5;32m[AndroidUiautomator2Driver@fb3b (5cabbd15)]&amp#27;[0m Responding to client with driver.findElements() result: [{"element-6066-11e4-a52e-4f735466cecf":"00000000-0000-05c7-ffff-ffff0000022c","ELEMENT":"00000000-0000-05c7-ffff-ffff0000022c"},{"element-6066-11e4-a52e-4f735466cecf":"00000000-0000-05c7-ffff-ffff0000023b","ELEMENT":"00000000-0000-05c7-ffff-ffff0000023b"},{"element-6066-11e4-a52e-4f735466cecf":"00000000-0000-05c7-ffff-ffff0000024b","ELEMENT":"00000000-0000-05c7-ffff-ffff0000024b"},{"element-6066-11e4-a52e-4f735466cecf":"00000000-0000-05c7-ffff-ffff0000025a","ELEMENT":"00000000-0000-05c7-ffff-ffff0000025a"},{"element-6066-11e4-a52e-4f735466cecf":"00000000-0000-05c7-ffff-ffff0000026a","ELEMENT":"00000000-0000-05c7-ffff-ffff0000026a"},{"element-6066-11e4-a52e-4f735466cecf":"00000000-0000-05c7-ffff-ffff00000279","ELEMENT":"00000000-0000-05c7-ffff-ffff00000279"}]
&amp#27;[38;5;0m[HTTP]&amp#27;[0m &amp#27;[37m<-- POST /session/5cabbd15-7e20-42e4-8d48-d95ee721e291/elements &amp#27;[39m&amp#27;[32m200&amp#27;[39m &amp#27;[90m552 ms - 779&amp#27;[39m
&amp#27;[38;5;0m[HTTP]&amp#27;[0m &amp#27;[90m&amp#27;[39m
&amp#27;[38;5;0m[HTTP]&amp#27;[0m &amp#27;[37m-->&amp#27;[39m &amp#27;[37mGET&amp#27;[39m &amp#27;[37m/session/5cabbd15-7e20-42e4-8d48-d95ee721e291/context&amp#27;[39m
&amp#27;[38;5;0m[HTTP]&amp#27;[0m &amp#27;[90m{}&amp#27;[39m
&amp#27;[38;5;32m[AndroidUiautomator2Driver@fb3b (5cabbd15)]&amp#27;[0m Calling AppiumDriver.getCurrentContext() with args: ["5cabbd15-7e20-42e4-8d48-d95ee721e291"]
&amp#27;[38;5;32m[AndroidUiautomator2Driver@fb3b (5cabbd15)]&amp#27;[0m Responding to client with driver.getCurrentContext() result: "NATIVE_APP"
&amp#27;[38;5;0m[HTTP]&amp#27;[0m &amp#27;[37m<-- GET /session/5cabbd15-7e20-42e4-8d48-d95ee721e291/context &amp#27;[39m&amp#27;[32m200&amp#27;[39m &amp#27;[90m1 ms - 22&amp#27;[39m
&amp#27;[38;5;0m[HTTP]&amp#27;[0m &amp#27;[90m&amp#27;[39m
&amp#27;[38;5;0m[HTTP]&amp#27;[0m &amp#27;[37m-->&amp#27;[39m &amp#27;[37mPOST&amp#27;[39m &amp#27;[37m/session/5cabbd15-7e20-42e4-8d48-d95ee721e291/elements&amp#27;[39m
&amp#27;[38;5;0m[HTTP]&amp#27;[0m &amp#27;[90m{"using":"xpath","value":"//android.view.ViewGroup[@content-desc='store item']"}&amp#27;[39m
&amp#27;[38;5;32m[AndroidUiautomator2Driver@fb3b (5cabbd15)]&amp#27;[0m Calling AppiumDriver.findElements() with args: ["xpath","//android.view.ViewGroup[@content-desc='store item']","5cabbd15-7e20-42e4-8d48-d95ee721e291"]
&amp#27;[38;5;32m[AndroidUiautomator2Driver@fb3b (5cabbd15)]&amp#27;[0m Valid locator strategies for this request: xpath, id, class name, accessibility id, css selector, -android uiautomator
&amp#27;[38;5;32m[AndroidUiautomator2Driver@fb3b (5cabbd15)]&amp#27;[0m Waiting up to 10000 ms for condition
&amp#27;[38;5;32m[AndroidUiautomator2Driver@fb3b (5cabbd15)]&amp#27;[0m Matched '/elements' to command name 'findElements'
&amp#27;[38;5;32m[AndroidUiautomator2Driver@fb3b (5cabbd15)]&amp#27;[0m Proxying [POST /elements] to [POST http://127.0.0.1:8201/session/dc1a88ef-730b-4fe2-afab-0087ad1f4d72/elements] with body: {"strategy":"xpath","selector":"//android.view.ViewGroup[@content-desc='store item']","context":"","multiple":true}
&amp#27;[38;5;32m[AndroidUiautomator2Driver@fb3b (5cabbd15)]&amp#27;[0m Got response with status 200: {"sessionId":"dc1a88ef-730b-4fe2-afab-0087ad1f4d72","value":[{"ELEMENT":"00000000-0000-05c7-ffff-ffff0000022c","element-6066-11e4-a52e-4f735466cecf":"00000000-0000-05c7-ffff-ffff0000022c"},{"ELEMENT":"00000000-0000-05c7-ffff-ffff0000023b","element-6066-11e4-a52e-4f735466cecf":"00000000-0000-05c7-ffff-ffff0000023b"},{"ELEMENT":"00000000-0000-05c7-ffff-ffff0000024b","element-6066-11e4-a52e-4f735466cecf":"00000000-0000-05c7-ffff-ffff0000024b"},{"ELEMENT":"00000000-0000-05c7-ffff-ffff0000025a","element-6066-11e4-a52e-4f735466cecf":"00000000-0000-05c7-ffff-ffff0000025a"},{"ELEMENT":"00000000-0000-05c7-ffff-ffff0000026a","element-6066-11e4-a52e-4f735466cecf":"00000000-0000-05c7-ffff-ffff0000026a"},{"ELEMENT":"00000000-0000-05c7-ffff-ffff00000279","element-6066-11e4-a52e-4f735466cecf":"00000000-0000-05c7-ffff-ffff00000279"}]}
&amp#27;[38;5;32m[AndroidUiautomator2Driver@fb3b (5cabbd15)]&amp#27;[0m Responding to client with driver.findElements() result: [{"element-6066-11e4-a52e-4f735466cecf":"00000000-0000-05c7-ffff-ffff0000022c","ELEMENT":"00000000-0000-05c7-ffff-ffff0000022c"},{"element-6066-11e4-a52e-4f735466cecf":"00000000-0000-05c7-ffff-ffff0000023b","ELEMENT":"00000000-0000-05c7-ffff-ffff0000023b"},{"element-6066-11e4-a52e-4f735466cecf":"00000000-0000-05c7-ffff-ffff0000024b","ELEMENT":"00000000-0000-05c7-ffff-ffff0000024b"},{"element-6066-11e4-a52e-4f735466cecf":"00000000-0000-05c7-ffff-ffff0000025a","ELEMENT":"00000000-0000-05c7-ffff-ffff0000025a"},{"element-6066-11e4-a52e-4f735466cecf":"00000000-0000-05c7-ffff-ffff0000026a","ELEMENT":"00000000-0000-05c7-ffff-ffff0000026a"},{"element-6066-11e4-a52e-4f735466cecf":"00000000-0000-05c7-ffff-ffff00000279","ELEMENT":"00000000-0000-05c7-ffff-ffff00000279"}]
&amp#27;[38;5;0m[HTTP]&amp#27;[0m &amp#27;[37m<-- POST /session/5cabbd15-7e20-42e4-8d48-d95ee721e291/elements &amp#27;[39m&amp#27;[32m200&amp#27;[39m &amp#27;[90m791 ms - 779&amp#27;[39m
&amp#27;[38;5;0m[HTTP]&amp#27;[0m &amp#27;[90m&amp#27;[39m
&amp#27;[38;5;0m[HTTP]&amp#27;[0m &amp#27;[37m-->&amp#27;[39m &amp#27;[37mPOST&amp#27;[39m &amp#27;[37m/session/5cabbd15-7e20-42e4-8d48-d95ee721e291/element/00000000-0000-05c7-ffff-ffff0000024b/element&amp#27;[39m
&amp#27;[38;5;0m[HTTP]&amp#27;[0m &amp#27;[90m{"id":"00000000-0000-05c7-ffff-ffff0000024b","using":"xpath","value":"//android.widget.TextView[@content-desc='store item price']"}&amp#27;[39m
&amp#27;[38;5;32m[AndroidUiautomator2Driver@fb3b (5cabbd15)]&amp#27;[0m Calling AppiumDriver.findElementFromElement() with args: ["xpath","//android.widget.TextView[@content-desc='store item price']","00000000-0000-05c7-ffff-ffff0000024b","5cabbd15-7e20-42e4-8d48-d95ee721e291"]
&amp#27;[38;5;32m[AndroidUiautomator2Driver@fb3b (5cabbd15)]&amp#27;[0m Valid locator strategies for this request: xpath, id, class name, accessibility id, css selector, -android uiautomator
&amp#27;[38;5;32m[AndroidUiautomator2Driver@fb3b (5cabbd15)]&amp#27;[0m Waiting up to 10000 ms for condition
&amp#27;[38;5;32m[AndroidUiautomator2Driver@fb3b (5cabbd15)]&amp#27;[0m Matched '/element' to command name 'findElement'
&amp#27;[38;5;32m[AndroidUiautomator2Driver@fb3b (5cabbd15)]&amp#27;[0m Proxying [POST /element] to [POST http://127.0.0.1:8201/session/dc1a88ef-730b-4fe2-afab-0087ad1f4d72/element] with body: {"strategy":"xpath","selector":"//android.widget.TextView[@content-desc='store item price']","context":"00000000-0000-05c7-ffff-ffff0000024b","multiple":false}
&amp#27;[38;5;32m[AndroidUiautomator2Driver@fb3b (5cabbd15)]&amp#27;[0m Got response with status 200: {"sessionId":"dc1a88ef-730b-4fe2-afab-0087ad1f4d72","value":{"ELEMENT":"00000000-0000-05c7-ffff-ffff0000024f","element-6066-11e4-a52e-4f735466cecf":"00000000-0000-05c7-ffff-ffff0000024f"}}
&amp#27;[38;5;32m[AndroidUiautomator2Driver@fb3b (5cabbd15)]&amp#27;[0m Responding to client with driver.findElementFromElement() result: {"element-6066-11e4-a52e-4f735466cecf":"00000000-0000-05c7-ffff-ffff0000024f","ELEMENT":"00000000-0000-05c7-ffff-ffff0000024f"}
&amp#27;[38;5;0m[HTTP]&amp#27;[0m &amp#27;[37m<-- POST /session/5cabbd15-7e20-42e4-8d48-d95ee721e291/element/00000000-0000-05c7-ffff-ffff0000024b/element &amp#27;[39m&amp#27;[32m200&amp#27;[39m &amp#27;[90m105 ms - 137&amp#27;[39m
&amp#27;[38;5;0m[HTTP]&amp#27;[0m &amp#27;[90m&amp#27;[39m
&amp#27;[38;5;0m[HTTP]&amp#27;[0m &amp#27;[37m-->&amp#27;[39m &amp#27;[37mGET&amp#27;[39m &amp#27;[37m/session/5cabbd15-7e20-42e4-8d48-d95ee721e291/element/00000000-0000-05c7-ffff-ffff0000024f/text&amp#27;[39m
&amp#27;[38;5;0m[HTTP]&amp#27;[0m &amp#27;[90m{}&amp#27;[39m
&amp#27;[38;5;32m[AndroidUiautomator2Driver@fb3b (5cabbd15)]&amp#27;[0m Driver proxy active, passing request on via HTTP proxy
&amp#27;[38;5;32m[AndroidUiautomator2Driver@fb3b (5cabbd15)]&amp#27;[0m Matched '/session/5cabbd15-7e20-42e4-8d48-d95ee721e291/element/00000000-0000-05c7-ffff-ffff0000024f/text' to command name 'getText'
&amp#27;[38;5;32m[AndroidUiautomator2Driver@fb3b (5cabbd15)]&amp#27;[0m Proxying [GET /session/5cabbd15-7e20-42e4-8d48-d95ee721e291/element/00000000-0000-05c7-ffff-ffff0000024f/text] to [GET http://127.0.0.1:8201/session/dc1a88ef-730b-4fe2-afab-0087ad1f4d72/element/00000000-0000-05c7-ffff-ffff0000024f/text] with no body
&amp#27;[38;5;32m[AndroidUiautomator2Driver@fb3b (5cabbd15)]&amp#27;[0m Got response with status 200: {"sessionId":"dc1a88ef-730b-4fe2-afab-0087ad1f4d72","value":"$15.99"}
&amp#27;[38;5;32m[AndroidUiautomator2Driver@fb3b (5cabbd15)]&amp#27;[0m Replacing sessionId dc1a88ef-730b-4fe2-afab-0087ad1f4d72 with 5cabbd15-7e20-42e4-8d48-d95ee721e291
&amp#27;[38;5;0m[HTTP]&amp#27;[0m &amp#27;[37m<-- GET /session/5cabbd15-7e20-42e4-8d48-d95ee721e291/element/00000000-0000-05c7-ffff-ffff0000024f/text &amp#27;[39m&amp#27;[32m200&amp#27;[39m &amp#27;[90m25 ms - 69&amp#27;[39m
&amp#27;[38;5;0m[HTTP]&amp#27;[0m &amp#27;[90m&amp#27;[39m
&amp#27;[38;5;0m[HTTP]&amp#27;[0m &amp#27;[37m-->&amp#27;[39m &amp#27;[37mGET&amp#27;[39m &amp#27;[37m/session/5cabbd15-7e20-42e4-8d48-d95ee721e291/context&amp#27;[39m
&amp#27;[38;5;0m[HTTP]&amp#27;[0m &amp#27;[90m{}&amp#27;[39m
&amp#27;[38;5;32m[AndroidUiautomator2Driver@fb3b (5cabbd15)]&amp#27;[0m Calling AppiumDriver.getCurrentContext() with args: ["5cabbd15-7e20-42e4-8d48-d95ee721e291"]
&amp#27;[38;5;32m[AndroidUiautomator2Driver@fb3b (5cabbd15)]&amp#27;[0m Responding to client with driver.getCurrentContext() result: "NATIVE_APP"
&amp#27;[38;5;0m[HTTP]&amp#27;[0m &amp#27;[37m<-- GET /session/5cabbd15-7e20-42e4-8d48-d95ee721e291/context &amp#27;[39m&amp#27;[32m200&amp#27;[39m &amp#27;[90m1 ms - 22&amp#27;[39m
&amp#27;[38;5;0m[HTTP]&amp#27;[0m &amp#27;[90m&amp#27;[39m
&amp#27;[38;5;0m[HTTP]&amp#27;[0m &amp#27;[37m-->&amp#27;[39m &amp#27;[37mPOST&amp#27;[39m &amp#27;[37m/session/5cabbd15-7e20-42e4-8d48-d95ee721e291/elements&amp#27;[39m
&amp#27;[38;5;0m[HTTP]&amp#27;[0m &amp#27;[90m{"using":"xpath","value":"//android.view.ViewGroup[@content-desc='store item']"}&amp#27;[39m
&amp#27;[38;5;32m[AndroidUiautomator2Driver@fb3b (5cabbd15)]&amp#27;[0m Calling AppiumDriver.findElements() with args: ["xpath","//android.view.ViewGroup[@content-desc='store item']","5cabbd15-7e20-42e4-8d48-d95ee721e291"]
&amp#27;[38;5;32m[AndroidUiautomator2Driver@fb3b (5cabbd15)]&amp#27;[0m Valid locator strategies for this request: xpath, id, class name, accessibility id, css selector, -android uiautomator
&amp#27;[38;5;32m[AndroidUiautomator2Driver@fb3b (5cabbd15)]&amp#27;[0m Waiting up to 10000 ms for condition
&amp#27;[38;5;32m[AndroidUiautomator2Driver@fb3b (5cabbd15)]&amp#27;[0m Matched '/elements' to command name 'findElements'
&amp#27;[38;5;32m[AndroidUiautomator2Driver@fb3b (5cabbd15)]&amp#27;[0m Proxying [POST /elements] to [POST http://127.0.0.1:8201/session/dc1a88ef-730b-4fe2-afab-0087ad1f4d72/elements] with body: {"strategy":"xpath","selector":"//android.view.ViewGroup[@content-desc='store item']","context":"","multiple":true}
&amp#27;[38;5;32m[AndroidUiautomator2Driver@fb3b (5cabbd15)]&amp#27;[0m Got response with status 200: {"sessionId":"dc1a88ef-730b-4fe2-afab-0087ad1f4d72","value":[{"ELEMENT":"00000000-0000-05c7-ffff-ffff0000022c","element-6066-11e4-a52e-4f735466cecf":"00000000-0000-05c7-ffff-ffff0000022c"},{"ELEMENT":"00000000-0000-05c7-ffff-ffff0000023b","element-6066-11e4-a52e-4f735466cecf":"00000000-0000-05c7-ffff-ffff0000023b"},{"ELEMENT":"00000000-0000-05c7-ffff-ffff0000024b","element-6066-11e4-a52e-4f735466cecf":"00000000-0000-05c7-ffff-ffff0000024b"},{"ELEMENT":"00000000-0000-05c7-ffff-ffff0000025a","element-6066-11e4-a52e-4f735466cecf":"00000000-0000-05c7-ffff-ffff0000025a"},{"ELEMENT":"00000000-0000-05c7-ffff-ffff0000026a","element-6066-11e4-a52e-4f735466cecf":"00000000-0000-05c7-ffff-ffff0000026a"},{"ELEMENT":"00000000-0000-05c7-ffff-ffff00000279","element-6066-11e4-a52e-4f735466cecf":"00000000-0000-05c7-ffff-ffff00000279"}]}
&amp#27;[38;5;32m[AndroidUiautomator2Driver@fb3b (5cabbd15)]&amp#27;[0m Responding to client with driver.findElements() result: [{"element-6066-11e4-a52e-4f735466cecf":"00000000-0000-05c7-ffff-ffff0000022c","ELEMENT":"00000000-0000-05c7-ffff-ffff0000022c"},{"element-6066-11e4-a52e-4f735466cecf":"00000000-0000-05c7-ffff-ffff0000023b","ELEMENT":"00000000-0000-05c7-ffff-ffff0000023b"},{"element-6066-11e4-a52e-4f735466cecf":"00000000-0000-05c7-ffff-ffff0000024b","ELEMENT":"00000000-0000-05c7-ffff-ffff0000024b"},{"element-6066-11e4-a52e-4f735466cecf":"00000000-0000-05c7-ffff-ffff0000025a","ELEMENT":"00000000-0000-05c7-ffff-ffff0000025a"},{"element-6066-11e4-a52e-4f735466cecf":"00000000-0000-05c7-ffff-ffff0000026a","ELEMENT":"00000000-0000-05c7-ffff-ffff0000026a"},{"element-6066-11e4-a52e-4f735466cecf":"00000000-0000-05c7-ffff-ffff00000279","ELEMENT":"00000000-0000-05c7-ffff-ffff00000279"}]
&amp#27;[38;5;0m[HTTP]&amp#27;[0m &amp#27;[37m<-- POST /session/5cabbd15-7e20-42e4-8d48-d95ee721e291/elements &amp#27;[39m&amp#27;[32m200&amp#27;[39m &amp#27;[90m735 ms - 779&amp#27;[39m
&amp#27;[38;5;0m[HTTP]&amp#27;[0m &amp#27;[90m&amp#27;[39m
&amp#27;[38;5;0m[HTTP]&amp#27;[0m &amp#27;[37m-->&amp#27;[39m &amp#27;[37mPOST&amp#27;[39m &amp#27;[37m/session/5cabbd15-7e20-42e4-8d48-d95ee721e291/element&amp#27;[39m
&amp#27;[38;5;0m[HTTP]&amp#27;[0m &amp#27;[90m{"using":"-android uiautomator","value":"new UiScrollable(new UiSelector().scrollable(true).instance(0)).scrollIntoView(new UiSelector().textContains(\"Â© 2024 Sauce Labs. All Rights Reserved. Terms of Service | Privacy Policy.\").instance(0))"}&amp#27;[39m
&amp#27;[38;5;32m[AndroidUiautomator2Driver@fb3b (5cabbd15)]&amp#27;[0m Calling AppiumDriver.findElement() with args: ["-android uiautomator","new UiScrollable(new UiSelector().scrollable(true).instance(0)).scrollIntoView(new UiSelector().textContains(\"Â© 2024 Sauce Labs. All Rights Reserved. Terms of Service | Privacy Policy.\").instance(0))","5cabbd15-7e20-42e4-8d48-d95ee721e291"]
&amp#27;[38;5;32m[AndroidUiautomator2Driver@fb3b (5cabbd15)]&amp#27;[0m Valid locator strategies for this request: xpath, id, class name, accessibility id, css selector, -android uiautomator
&amp#27;[38;5;32m[AndroidUiautomator2Driver@fb3b (5cabbd15)]&amp#27;[0m Waiting up to 10000 ms for condition
&amp#27;[38;5;32m[AndroidUiautomator2Driver@fb3b (5cabbd15)]&amp#27;[0m Matched '/element' to command name 'findElement'
&amp#27;[38;5;32m[AndroidUiautomator2Driver@fb3b (5cabbd15)]&amp#27;[0m Proxying [POST /element] to [POST http://127.0.0.1:8201/session/dc1a88ef-730b-4fe2-afab-0087ad1f4d72/element] with body: {"strategy":"-android uiautomator","selector":"new UiScrollable(new UiSelector().scrollable(true).instance(0)).scrollIntoView(new UiSelector().textContains(\"Â© 2024 Sauce Labs. All Rights Reserved. Terms of Service | Privacy Policy.\").instance(0))","context":"","multiple":false}
&amp#27;[38;5;32m[AndroidUiautomator2Driver@fb3b (5cabbd15)]&amp#27;[0m Got response with status 200: {"sessionId":"dc1a88ef-730b-4fe2-afab-0087ad1f4d72","value":{"ELEMENT":"00000000-0000-05c7-ffff-ffff000000e4","element-6066-11e4-a52e-4f735466cecf":"00000000-0000-05c7-ffff-ffff000000e4"}}
&amp#27;[38;5;32m[AndroidUiautomator2Driver@fb3b (5cabbd15)]&amp#27;[0m Responding to client with driver.findElement() result: {"element-6066-11e4-a52e-4f735466cecf":"00000000-0000-05c7-ffff-ffff000000e4","ELEMENT":"00000000-0000-05c7-ffff-ffff000000e4"}
&amp#27;[38;5;0m[HTTP]&amp#27;[0m &amp#27;[37m<-- POST /session/5cabbd15-7e20-42e4-8d48-d95ee721e291/element &amp#27;[39m&amp#27;[32m200&amp#27;[39m &amp#27;[90m3045 ms - 137&amp#27;[39m
&amp#27;[38;5;0m[HTTP]&amp#27;[0m &amp#27;[90m&amp#27;[39m
&amp#27;[38;5;0m[HTTP]&amp#27;[0m &amp#27;[37m-->&amp#27;[39m &amp#27;[37mGET&amp#27;[39m &amp#27;[37m/session/5cabbd15-7e20-42e4-8d48-d95ee721e291/context&amp#27;[39m
&amp#27;[38;5;0m[HTTP]&amp#27;[0m &amp#27;[90m{}&amp#27;[39m
&amp#27;[38;5;32m[AndroidUiautomator2Driver@fb3b (5cabbd15)]&amp#27;[0m Calling AppiumDriver.getCurrentContext() with args: ["5cabbd15-7e20-42e4-8d48-d95ee721e291"]
&amp#27;[38;5;32m[AndroidUiautomator2Driver@fb3b (5cabbd15)]&amp#27;[0m Responding to client with driver.getCurrentContext() result: "NATIVE_APP"
&amp#27;[38;5;0m[HTTP]&amp#27;[0m &amp#27;[37m<-- GET /session/5cabbd15-7e20-42e4-8d48-d95ee721e291/context &amp#27;[39m&amp#27;[32m200&amp#27;[39m &amp#27;[90m1 ms - 22&amp#27;[39m
&amp#27;[38;5;0m[HTTP]&amp#27;[0m &amp#27;[90m&amp#27;[39m
&amp#27;[38;5;0m[HTTP]&amp#27;[0m &amp#27;[37m-->&amp#27;[39m &amp#27;[37mPOST&amp#27;[39m &amp#27;[37m/session/5cabbd15-7e20-42e4-8d48-d95ee721e291/elements&amp#27;[39m
&amp#27;[38;5;0m[HTTP]&amp#27;[0m &amp#27;[90m{"using":"xpath","value":"//android.view.ViewGroup[@content-desc='store item']"}&amp#27;[39m
&amp#27;[38;5;32m[AndroidUiautomator2Driver@fb3b (5cabbd15)]&amp#27;[0m Calling AppiumDriver.findElements() with args: ["xpath","//android.view.ViewGroup[@content-desc='store item']","5cabbd15-7e20-42e4-8d48-d95ee721e291"]
&amp#27;[38;5;32m[AndroidUiautomator2Driver@fb3b (5cabbd15)]&amp#27;[0m Valid locator strategies for this request: xpath, id, class name, accessibility id, css selector, -android uiautomator
&amp#27;[38;5;32m[AndroidUiautomator2Driver@fb3b (5cabbd15)]&amp#27;[0m Waiting up to 10000 ms for condition
&amp#27;[38;5;32m[AndroidUiautomator2Driver@fb3b (5cabbd15)]&amp#27;[0m Matched '/elements' to command name 'findElements'
&amp#27;[38;5;32m[AndroidUiautomator2Driver@fb3b (5cabbd15)]&amp#27;[0m Proxying [POST /elements] to [POST http://127.0.0.1:8201/session/dc1a88ef-730b-4fe2-afab-0087ad1f4d72/elements] with body: {"strategy":"xpath","selector":"//android.view.ViewGroup[@content-desc='store item']","context":"","multiple":true}
&amp#27;[38;5;32m[AndroidUiautomator2Driver@fb3b (5cabbd15)]&amp#27;[0m Got response with status 200: {"sessionId":"dc1a88ef-730b-4fe2-afab-0087ad1f4d72","value":[{"ELEMENT":"00000000-0000-05c7-ffff-ffff0000022c","element-6066-11e4-a52e-4f735466cecf":"00000000-0000-05c7-ffff-ffff0000022c"},{"ELEMENT":"00000000-0000-05c7-ffff-ffff0000023b","element-6066-11e4-a52e-4f735466cecf":"00000000-0000-05c7-ffff-ffff0000023b"},{"ELEMENT":"00000000-0000-05c7-ffff-ffff0000024b","element-6066-11e4-a52e-4f735466cecf":"00000000-0000-05c7-ffff-ffff0000024b"},{"ELEMENT":"00000000-0000-05c7-ffff-ffff0000025a","element-6066-11e4-a52e-4f735466cecf":"00000000-0000-05c7-ffff-ffff0000025a"},{"ELEMENT":"00000000-0000-05c7-ffff-ffff0000026a","element-6066-11e4-a52e-4f735466cecf":"00000000-0000-05c7-ffff-ffff0000026a"},{"ELEMENT":"00000000-0000-05c7-ffff-ffff00000279","element-6066-11e4-a52e-4f735466cecf":"00000000-0000-05c7-ffff-ffff00000279"}]}
&amp#27;[38;5;32m[AndroidUiautomator2Driver@fb3b (5cabbd15)]&amp#27;[0m Responding to client with driver.findElements() result: [{"element-6066-11e4-a52e-4f735466cecf":"00000000-0000-05c7-ffff-ffff0000022c","ELEMENT":"00000000-0000-05c7-ffff-ffff0000022c"},{"element-6066-11e4-a52e-4f735466cecf":"00000000-0000-05c7-ffff-ffff0000023b","ELEMENT":"00000000-0000-05c7-ffff-ffff0000023b"},{"element-6066-11e4-a52e-4f735466cecf":"00000000-0000-05c7-ffff-ffff0000024b","ELEMENT":"00000000-0000-05c7-ffff-ffff0000024b"},{"element-6066-11e4-a52e-4f735466cecf":"00000000-0000-05c7-ffff-ffff0000025a","ELEMENT":"00000000-0000-05c7-ffff-ffff0000025a"},{"element-6066-11e4-a52e-4f735466cecf":"00000000-0000-05c7-ffff-ffff0000026a","ELEMENT":"00000000-0000-05c7-ffff-ffff0000026a"},{"element-6066-11e4-a52e-4f735466cecf":"00000000-0000-05c7-ffff-ffff00000279","ELEMENT":"00000000-0000-05c7-ffff-ffff00000279"}]
&amp#27;[38;5;0m[HTTP]&amp#27;[0m &amp#27;[37m<-- POST /session/5cabbd15-7e20-42e4-8d48-d95ee721e291/elements &amp#27;[39m&amp#27;[32m200&amp#27;[39m &amp#27;[90m456 ms - 779&amp#27;[39m
&amp#27;[38;5;0m[HTTP]&amp#27;[0m &amp#27;[90m&amp#27;[39m
&amp#27;[38;5;0m[HTTP]&amp#27;[0m &amp#27;[37m-->&amp#27;[39m &amp#27;[37mPOST&amp#27;[39m &amp#27;[37m/session/5cabbd15-7e20-42e4-8d48-d95ee721e291/element/00000000-0000-05c7-ffff-ffff0000025a/element&amp#27;[39m
&amp#27;[38;5;0m[HTTP]&amp#27;[0m &amp#27;[90m{"id":"00000000-0000-05c7-ffff-ffff0000025a","using":"xpath","value":"//android.widget.TextView[@content-desc='store item price']"}&amp#27;[39m
&amp#27;[38;5;32m[AndroidUiautomator2Driver@fb3b (5cabbd15)]&amp#27;[0m Calling AppiumDriver.findElementFromElement() with args: ["xpath","//android.widget.TextView[@content-desc='store item price']","00000000-0000-05c7-ffff-ffff0000025a","5cabbd15-7e20-42e4-8d48-d95ee721e291"]
&amp#27;[38;5;32m[AndroidUiautomator2Driver@fb3b (5cabbd15)]&amp#27;[0m Valid locator strategies for this request: xpath, id, class name, accessibility id, css selector, -android uiautomator
&amp#27;[38;5;32m[AndroidUiautomator2Driver@fb3b (5cabbd15)]&amp#27;[0m Waiting up to 10000 ms for condition
&amp#27;[38;5;32m[AndroidUiautomator2Driver@fb3b (5cabbd15)]&amp#27;[0m Matched '/element' to command name 'findElement'
&amp#27;[38;5;32m[AndroidUiautomator2Driver@fb3b (5cabbd15)]&amp#27;[0m Proxying [POST /element] to [POST http://127.0.0.1:8201/session/dc1a88ef-730b-4fe2-afab-0087ad1f4d72/element] with body: {"strategy":"xpath","selector":"//android.widget.TextView[@content-desc='store item price']","context":"00000000-0000-05c7-ffff-ffff0000025a","multiple":false}
&amp#27;[38;5;32m[AndroidUiautomator2Driver@fb3b (5cabbd15)]&amp#27;[0m Got response with status 200: {"sessionId":"dc1a88ef-730b-4fe2-afab-0087ad1f4d72","value":{"ELEMENT":"00000000-0000-05c7-ffff-ffff0000025e","element-6066-11e4-a52e-4f735466cecf":"00000000-0000-05c7-ffff-ffff0000025e"}}
&amp#27;[38;5;32m[AndroidUiautomator2Driver@fb3b (5cabbd15)]&amp#27;[0m Responding to client with driver.findElementFromElement() result: {"element-6066-11e4-a52e-4f735466cecf":"00000000-0000-05c7-ffff-ffff0000025e","ELEMENT":"00000000-0000-05c7-ffff-ffff0000025e"}
&amp#27;[38;5;0m[HTTP]&amp#27;[0m &amp#27;[37m<-- POST /session/5cabbd15-7e20-42e4-8d48-d95ee721e291/element/00000000-0000-05c7-ffff-ffff0000025a/element &amp#27;[39m&amp#27;[32m200&amp#27;[39m &amp#27;[90m46 ms - 137&amp#27;[39m
&amp#27;[38;5;0m[HTTP]&amp#27;[0m &amp#27;[90m&amp#27;[39m
&amp#27;[38;5;0m[HTTP]&amp#27;[0m &amp#27;[37m-->&amp#27;[39m &amp#27;[37mGET&amp#27;[39m &amp#27;[37m/session/5cabbd15-7e20-42e4-8d48-d95ee721e291/element/00000000-0000-05c7-ffff-ffff0000025e/text&amp#27;[39m
&amp#27;[38;5;0m[HTTP]&amp#27;[0m &amp#27;[90m{}&amp#27;[39m
&amp#27;[38;5;32m[AndroidUiautomator2Driver@fb3b (5cabbd15)]&amp#27;[0m Driver proxy active, passing request on via HTTP proxy
&amp#27;[38;5;32m[AndroidUiautomator2Driver@fb3b (5cabbd15)]&amp#27;[0m Matched '/session/5cabbd15-7e20-42e4-8d48-d95ee721e291/element/00000000-0000-05c7-ffff-ffff0000025e/text' to command name 'getText'
&amp#27;[38;5;32m[AndroidUiautomator2Driver@fb3b (5cabbd15)]&amp#27;[0m Proxying [GET /session/5cabbd15-7e20-42e4-8d48-d95ee721e291/element/00000000-0000-05c7-ffff-ffff0000025e/text] to [GET http://127.0.0.1:8201/session/dc1a88ef-730b-4fe2-afab-0087ad1f4d72/element/00000000-0000-05c7-ffff-ffff0000025e/text] with no body
&amp#27;[38;5;32m[AndroidUiautomator2Driver@fb3b (5cabbd15)]&amp#27;[0m Got response with status 200: {"sessionId":"dc1a88ef-730b-4fe2-afab-0087ad1f4d72","value":"$15.99"}
&amp#27;[38;5;32m[AndroidUiautomator2Driver@fb3b (5cabbd15)]&amp#27;[0m Replacing sessionId dc1a88ef-730b-4fe2-afab-0087ad1f4d72 with 5cabbd15-7e20-42e4-8d48-d95ee721e291
&amp#27;[38;5;0m[HTTP]&amp#27;[0m &amp#27;[37m<-- GET /session/5cabbd15-7e20-42e4-8d48-d95ee721e291/element/00000000-0000-05c7-ffff-ffff0000025e/text &amp#27;[39m&amp#27;[32m200&amp#27;[39m &amp#27;[90m13 ms - 69&amp#27;[39m
&amp#27;[38;5;0m[HTTP]&amp#27;[0m &amp#27;[90m&amp#27;[39m
&amp#27;[38;5;0m[HTTP]&amp#27;[0m &amp#27;[37m-->&amp#27;[39m &amp#27;[37mGET&amp#27;[39m &amp#27;[37m/session/5cabbd15-7e20-42e4-8d48-d95ee721e291/context&amp#27;[39m
&amp#27;[38;5;0m[HTTP]&amp#27;[0m &amp#27;[90m{}&amp#27;[39m
&amp#27;[38;5;32m[AndroidUiautomator2Driver@fb3b (5cabbd15)]&amp#27;[0m Calling AppiumDriver.getCurrentContext() with args: ["5cabbd15-7e20-42e4-8d48-d95ee721e291"]
&amp#27;[38;5;32m[AndroidUiautomator2Driver@fb3b (5cabbd15)]&amp#27;[0m Responding to client with driver.getCurrentContext() result: "NATIVE_APP"
&amp#27;[38;5;0m[HTTP]&amp#27;[0m &amp#27;[37m<-- GET /session/5cabbd15-7e20-42e4-8d48-d95ee721e291/context &amp#27;[39m&amp#27;[32m200&amp#27;[39m &amp#27;[90m0 ms - 22&amp#27;[39m
&amp#27;[38;5;0m[HTTP]&amp#27;[0m &amp#27;[90m&amp#27;[39m
&amp#27;[38;5;0m[HTTP]&amp#27;[0m &amp#27;[37m-->&amp#27;[39m &amp#27;[37mPOST&amp#27;[39m &amp#27;[37m/session/5cabbd15-7e20-42e4-8d48-d95ee721e291/elements&amp#27;[39m
&amp#27;[38;5;0m[HTTP]&amp#27;[0m &amp#27;[90m{"using":"xpath","value":"//android.view.ViewGroup[@content-desc='store item']"}&amp#27;[39m
&amp#27;[38;5;32m[AndroidUiautomator2Driver@fb3b (5cabbd15)]&amp#27;[0m Calling AppiumDriver.findElements() with args: ["xpath","//android.view.ViewGroup[@content-desc='store item']","5cabbd15-7e20-42e4-8d48-d95ee721e291"]
&amp#27;[38;5;32m[AndroidUiautomator2Driver@fb3b (5cabbd15)]&amp#27;[0m Valid locator strategies for this request: xpath, id, class name, accessibility id, css selector, -android uiautomator
&amp#27;[38;5;32m[AndroidUiautomator2Driver@fb3b (5cabbd15)]&amp#27;[0m Waiting up to 10000 ms for condition
&amp#27;[38;5;32m[AndroidUiautomator2Driver@fb3b (5cabbd15)]&amp#27;[0m Matched '/elements' to command name 'findElements'
&amp#27;[38;5;32m[AndroidUiautomator2Driver@fb3b (5cabbd15)]&amp#27;[0m Proxying [POST /elements] to [POST http://127.0.0.1:8201/session/dc1a88ef-730b-4fe2-afab-0087ad1f4d72/elements] with body: {"strategy":"xpath","selector":"//android.view.ViewGroup[@content-desc='store item']","context":"","multiple":true}
&amp#27;[38;5;32m[AndroidUiautomator2Driver@fb3b (5cabbd15)]&amp#27;[0m Got response with status 200: {"sessionId":"dc1a88ef-730b-4fe2-afab-0087ad1f4d72","value":[{"ELEMENT":"00000000-0000-05c7-ffff-ffff0000022c","element-6066-11e4-a52e-4f735466cecf":"00000000-0000-05c7-ffff-ffff0000022c"},{"ELEMENT":"00000000-0000-05c7-ffff-ffff0000023b","element-6066-11e4-a52e-4f735466cecf":"00000000-0000-05c7-ffff-ffff0000023b"},{"ELEMENT":"00000000-0000-05c7-ffff-ffff0000024b","element-6066-11e4-a52e-4f735466cecf":"00000000-0000-05c7-ffff-ffff0000024b"},{"ELEMENT":"00000000-0000-05c7-ffff-ffff0000025a","element-6066-11e4-a52e-4f735466cecf":"00000000-0000-05c7-ffff-ffff0000025a"},{"ELEMENT":"00000000-0000-05c7-ffff-ffff0000026a","element-6066-11e4-a52e-4f735466cecf":"00000000-0000-05c7-ffff-ffff0000026a"},{"ELEMENT":"00000000-0000-05c7-ffff-ffff00000279","element-6066-11e4-a52e-4f735466cecf":"00000000-0000-05c7-ffff-ffff00000279"}]}
&amp#27;[38;5;32m[AndroidUiautomator2Driver@fb3b (5cabbd15)]&amp#27;[0m Responding to client with driver.findElements() result: [{"element-6066-11e4-a52e-4f735466cecf":"00000000-0000-05c7-ffff-ffff0000022c","ELEMENT":"00000000-0000-05c7-ffff-ffff0000022c"},{"element-6066-11e4-a52e-4f735466cecf":"00000000-0000-05c7-ffff-ffff0000023b","ELEMENT":"00000000-0000-05c7-ffff-ffff0000023b"},{"element-6066-11e4-a52e-4f735466cecf":"00000000-0000-05c7-ffff-ffff0000024b","ELEMENT":"00000000-0000-05c7-ffff-ffff0000024b"},{"element-6066-11e4-a52e-4f735466cecf":"00000000-0000-05c7-ffff-ffff0000025a","ELEMENT":"00000000-0000-05c7-ffff-ffff0000025a"},{"element-6066-11e4-a52e-4f735466cecf":"00000000-0000-05c7-ffff-ffff0000026a","ELEMENT":"00000000-0000-05c7-ffff-ffff0000026a"},{"element-6066-11e4-a52e-4f735466cecf":"00000000-0000-05c7-ffff-ffff00000279","ELEMENT":"00000000-0000-05c7-ffff-ffff00000279"}]
&amp#27;[38;5;0m[HTTP]&amp#27;[0m &amp#27;[37m<-- POST /session/5cabbd15-7e20-42e4-8d48-d95ee721e291/elements &amp#27;[39m&amp#27;[32m200&amp#27;[39m &amp#27;[90m223 ms - 779&amp#27;[39m
&amp#27;[38;5;0m[HTTP]&amp#27;[0m &amp#27;[90m&amp#27;[39m
&amp#27;[38;5;0m[HTTP]&amp#27;[0m &amp#27;[37m-->&amp#27;[39m &amp#27;[37mGET&amp#27;[39m &amp#27;[37m/session/5cabbd15-7e20-42e4-8d48-d95ee721e291/context&amp#27;[39m
&amp#27;[38;5;0m[HTTP]&amp#27;[0m &amp#27;[90m{}&amp#27;[39m
&amp#27;[38;5;32m[AndroidUiautomator2Driver@fb3b (5cabbd15)]&amp#27;[0m Calling AppiumDriver.getCurrentContext() with args: ["5cabbd15-7e20-42e4-8d48-d95ee721e291"]
&amp#27;[38;5;32m[AndroidUiautomator2Driver@fb3b (5cabbd15)]&amp#27;[0m Responding to client with driver.getCurrentContext() result: "NATIVE_APP"
&amp#27;[38;5;0m[HTTP]&amp#27;[0m &amp#27;[37m<-- GET /session/5cabbd15-7e20-42e4-8d48-d95ee721e291/context &amp#27;[39m&amp#27;[32m200&amp#27;[39m &amp#27;[90m1 ms - 22&amp#27;[39m
&amp#27;[38;5;0m[HTTP]&amp#27;[0m &amp#27;[90m&amp#27;[39m
&amp#27;[38;5;0m[HTTP]&amp#27;[0m &amp#27;[37m-->&amp#27;[39m &amp#27;[37mPOST&amp#27;[39m &amp#27;[37m/session/5cabbd15-7e20-42e4-8d48-d95ee721e291/elements&amp#27;[39m
&amp#27;[38;5;0m[HTTP]&amp#27;[0m &amp#27;[90m{"using":"xpath","value":"//android.view.ViewGroup[@content-desc='store item']"}&amp#27;[39m
&amp#27;[38;5;32m[AndroidUiautomator2Driver@fb3b (5cabbd15)]&amp#27;[0m Calling AppiumDriver.findElements() with args: ["xpath","//android.view.ViewGroup[@content-desc='store item']","5cabbd15-7e20-42e4-8d48-d95ee721e291"]
&amp#27;[38;5;32m[AndroidUiautomator2Driver@fb3b (5cabbd15)]&amp#27;[0m Valid locator strategies for this request: xpath, id, class name, accessibility id, css selector, -android uiautomator
&amp#27;[38;5;32m[AndroidUiautomator2Driver@fb3b (5cabbd15)]&amp#27;[0m Waiting up to 10000 ms for condition
&amp#27;[38;5;32m[AndroidUiautomator2Driver@fb3b (5cabbd15)]&amp#27;[0m Matched '/elements' to command name 'findElements'
&amp#27;[38;5;32m[AndroidUiautomator2Driver@fb3b (5cabbd15)]&amp#27;[0m Proxying [POST /elements] to [POST http://127.0.0.1:8201/session/dc1a88ef-730b-4fe2-afab-0087ad1f4d72/elements] with body: {"strategy":"xpath","selector":"//android.view.ViewGroup[@content-desc='store item']","context":"","multiple":true}
&amp#27;[38;5;32m[AndroidUiautomator2Driver@fb3b (5cabbd15)]&amp#27;[0m Got response with status 200: {"sessionId":"dc1a88ef-730b-4fe2-afab-0087ad1f4d72","value":[{"ELEMENT":"00000000-0000-05c7-ffff-ffff0000022c","element-6066-11e4-a52e-4f735466cecf":"00000000-0000-05c7-ffff-ffff0000022c"},{"ELEMENT":"00000000-0000-05c7-ffff-ffff0000023b","element-6066-11e4-a52e-4f735466cecf":"00000000-0000-05c7-ffff-ffff0000023b"},{"ELEMENT":"00000000-0000-05c7-ffff-ffff0000024b","element-6066-11e4-a52e-4f735466cecf":"00000000-0000-05c7-ffff-ffff0000024b"},{"ELEMENT":"00000000-0000-05c7-ffff-ffff0000025a","element-6066-11e4-a52e-4f735466cecf":"00000000-0000-05c7-ffff-ffff0000025a"},{"ELEMENT":"00000000-0000-05c7-ffff-ffff0000026a","element-6066-11e4-a52e-4f735466cecf":"00000000-0000-05c7-ffff-ffff0000026a"},{"ELEMENT":"00000000-0000-05c7-ffff-ffff00000279","element-6066-11e4-a52e-4f735466cecf":"00000000-0000-05c7-ffff-ffff00000279"}]}
&amp#27;[38;5;32m[AndroidUiautomator2Driver@fb3b (5cabbd15)]&amp#27;[0m Responding to client with driver.findElements() result: [{"element-6066-11e4-a52e-4f735466cecf":"00000000-0000-05c7-ffff-ffff0000022c","ELEMENT":"00000000-0000-05c7-ffff-ffff0000022c"},{"element-6066-11e4-a52e-4f735466cecf":"00000000-0000-05c7-ffff-ffff0000023b","ELEMENT":"00000000-0000-05c7-ffff-ffff0000023b"},{"element-6066-11e4-a52e-4f735466cecf":"00000000-0000-05c7-ffff-ffff0000024b","ELEMENT":"00000000-0000-05c7-ffff-ffff0000024b"},{"element-6066-11e4-a52e-4f735466cecf":"00000000-0000-05c7-ffff-ffff0000025a","ELEMENT":"00000000-0000-05c7-ffff-ffff0000025a"},{"element-6066-11e4-a52e-4f735466cecf":"00000000-0000-05c7-ffff-ffff0000026a","ELEMENT":"00000000-0000-05c7-ffff-ffff0000026a"},{"element-6066-11e4-a52e-4f735466cecf":"00000000-0000-05c7-ffff-ffff00000279","ELEMENT":"00000000-0000-05c7-ffff-ffff00000279"}]
&amp#27;[38;5;0m[HTTP]&amp#27;[0m &amp#27;[37m<-- POST /session/5cabbd15-7e20-42e4-8d48-d95ee721e291/elements &amp#27;[39m&amp#27;[32m200&amp#27;[39m &amp#27;[90m217 ms - 779&amp#27;[39m
&amp#27;[38;5;0m[HTTP]&amp#27;[0m &amp#27;[90m&amp#27;[39m
&amp#27;[38;5;0m[HTTP]&amp#27;[0m &amp#27;[37m-->&amp#27;[39m &amp#27;[37mPOST&amp#27;[39m &amp#27;[37m/session/5cabbd15-7e20-42e4-8d48-d95ee721e291/element/00000000-0000-05c7-ffff-ffff0000026a/element&amp#27;[39m
&amp#27;[38;5;0m[HTTP]&amp#27;[0m &amp#27;[90m{"id":"00000000-0000-05c7-ffff-ffff0000026a","using":"xpath","value":"//android.widget.TextView[@content-desc='store item price']"}&amp#27;[39m
&amp#27;[38;5;32m[AndroidUiautomator2Driver@fb3b (5cabbd15)]&amp#27;[0m Calling AppiumDriver.findElementFromElement() with args: ["xpath","//android.widget.TextView[@content-desc='store item price']","00000000-0000-05c7-ffff-ffff0000026a","5cabbd15-7e20-42e4-8d48-d95ee721e291"]
&amp#27;[38;5;32m[AndroidUiautomator2Driver@fb3b (5cabbd15)]&amp#27;[0m Valid locator strategies for this request: xpath, id, class name, accessibility id, css selector, -android uiautomator
&amp#27;[38;5;32m[AndroidUiautomator2Driver@fb3b (5cabbd15)]&amp#27;[0m Waiting up to 10000 ms for condition
&amp#27;[38;5;32m[AndroidUiautomator2Driver@fb3b (5cabbd15)]&amp#27;[0m Matched '/element' to command name 'findElement'
&amp#27;[38;5;32m[AndroidUiautomator2Driver@fb3b (5cabbd15)]&amp#27;[0m Proxying [POST /element] to [POST http://127.0.0.1:8201/session/dc1a88ef-730b-4fe2-afab-0087ad1f4d72/element] with body: {"strategy":"xpath","selector":"//android.widget.TextView[@content-desc='store item price']","context":"00000000-0000-05c7-ffff-ffff0000026a","multiple":false}
&amp#27;[38;5;32m[AndroidUiautomator2Driver@fb3b (5cabbd15)]&amp#27;[0m Got response with status 200: {"sessionId":"dc1a88ef-730b-4fe2-afab-0087ad1f4d72","value":{"ELEMENT":"00000000-0000-05c7-ffff-ffff0000026e","element-6066-11e4-a52e-4f735466cecf":"00000000-0000-05c7-ffff-ffff0000026e"}}
&amp#27;[38;5;32m[AndroidUiautomator2Driver@fb3b (5cabbd15)]&amp#27;[0m Responding to client with driver.findElementFromElement() result: {"element-6066-11e4-a52e-4f735466cecf":"00000000-0000-05c7-ffff-ffff0000026e","ELEMENT":"00000000-0000-05c7-ffff-ffff0000026e"}
&amp#27;[38;5;0m[HTTP]&amp#27;[0m &amp#27;[37m<-- POST /session/5cabbd15-7e20-42e4-8d48-d95ee721e291/element/00000000-0000-05c7-ffff-ffff0000026a/element &amp#27;[39m&amp#27;[32m200&amp#27;[39m &amp#27;[90m57 ms - 137&amp#27;[39m
&amp#27;[38;5;0m[HTTP]&amp#27;[0m &amp#27;[90m&amp#27;[39m
&amp#27;[38;5;0m[HTTP]&amp#27;[0m &amp#27;[37m-->&amp#27;[39m &amp#27;[37mGET&amp#27;[39m &amp#27;[37m/session/5cabbd15-7e20-42e4-8d48-d95ee721e291/element/00000000-0000-05c7-ffff-ffff0000026e/text&amp#27;[39m
&amp#27;[38;5;0m[HTTP]&amp#27;[0m &amp#27;[90m{}&amp#27;[39m
&amp#27;[38;5;32m[AndroidUiautomator2Driver@fb3b (5cabbd15)]&amp#27;[0m Driver proxy active, passing request on via HTTP proxy
&amp#27;[38;5;32m[AndroidUiautomator2Driver@fb3b (5cabbd15)]&amp#27;[0m Matched '/session/5cabbd15-7e20-42e4-8d48-d95ee721e291/element/00000000-0000-05c7-ffff-ffff0000026e/text' to command name 'getText'
&amp#27;[38;5;32m[AndroidUiautomator2Driver@fb3b (5cabbd15)]&amp#27;[0m Proxying [GET /session/5cabbd15-7e20-42e4-8d48-d95ee721e291/element/00000000-0000-05c7-ffff-ffff0000026e/text] to [GET http://127.0.0.1:8201/session/dc1a88ef-730b-4fe2-afab-0087ad1f4d72/element/00000000-0000-05c7-ffff-ffff0000026e/text] with no body
&amp#27;[38;5;32m[AndroidUiautomator2Driver@fb3b (5cabbd15)]&amp#27;[0m Got response with status 200: {"sessionId":"dc1a88ef-730b-4fe2-afab-0087ad1f4d72","value":"$9.99"}
&amp#27;[38;5;32m[AndroidUiautomator2Driver@fb3b (5cabbd15)]&amp#27;[0m Replacing sessionId dc1a88ef-730b-4fe2-afab-0087ad1f4d72 with 5cabbd15-7e20-42e4-8d48-d95ee721e291
&amp#27;[38;5;0m[HTTP]&amp#27;[0m &amp#27;[37m<-- GET /session/5cabbd15-7e20-42e4-8d48-d95ee721e291/element/00000000-0000-05c7-ffff-ffff0000026e/text &amp#27;[39m&amp#27;[32m200&amp#27;[39m &amp#27;[90m11 ms - 68&amp#27;[39m
&amp#27;[38;5;0m[HTTP]&amp#27;[0m &amp#27;[90m&amp#27;[39m
&amp#27;[38;5;0m[HTTP]&amp#27;[0m &amp#27;[37m-->&amp#27;[39m &amp#27;[37mGET&amp#27;[39m &amp#27;[37m/session/5cabbd15-7e20-42e4-8d48-d95ee721e291/context&amp#27;[39m
&amp#27;[38;5;0m[HTTP]&amp#27;[0m &amp#27;[90m{}&amp#27;[39m
&amp#27;[38;5;32m[AndroidUiautomator2Driver@fb3b (5cabbd15)]&amp#27;[0m Calling AppiumDriver.getCurrentContext() with args: ["5cabbd15-7e20-42e4-8d48-d95ee721e291"]
&amp#27;[38;5;32m[AndroidUiautomator2Driver@fb3b (5cabbd15)]&amp#27;[0m Responding to client with driver.getCurrentContext() result: "NATIVE_APP"
&amp#27;[38;5;0m[HTTP]&amp#27;[0m &amp#27;[37m<-- GET /session/5cabbd15-7e20-42e4-8d48-d95ee721e291/context &amp#27;[39m&amp#27;[32m200&amp#27;[39m &amp#27;[90m1 ms - 22&amp#27;[39m
&amp#27;[38;5;0m[HTTP]&amp#27;[0m &amp#27;[90m&amp#27;[39m
&amp#27;[38;5;0m[HTTP]&amp#27;[0m &amp#27;[37m-->&amp#27;[39m &amp#27;[37mPOST&amp#27;[39m &amp#27;[37m/session/5cabbd15-7e20-42e4-8d48-d95ee721e291/elements&amp#27;[39m
&amp#27;[38;5;0m[HTTP]&amp#27;[0m &amp#27;[90m{"using":"xpath","value":"//android.view.ViewGroup[@content-desc='store item']"}&amp#27;[39m
&amp#27;[38;5;32m[AndroidUiautomator2Driver@fb3b (5cabbd15)]&amp#27;[0m Calling AppiumDriver.findElements() with args: ["xpath","//android.view.ViewGroup[@content-desc='store item']","5cabbd15-7e20-42e4-8d48-d95ee721e291"]
&amp#27;[38;5;32m[AndroidUiautomator2Driver@fb3b (5cabbd15)]&amp#27;[0m Valid locator strategies for this request: xpath, id, class name, accessibility id, css selector, -android uiautomator
&amp#27;[38;5;32m[AndroidUiautomator2Driver@fb3b (5cabbd15)]&amp#27;[0m Waiting up to 10000 ms for condition
&amp#27;[38;5;32m[AndroidUiautomator2Driver@fb3b (5cabbd15)]&amp#27;[0m Matched '/elements' to command name 'findElements'
&amp#27;[38;5;32m[AndroidUiautomator2Driver@fb3b (5cabbd15)]&amp#27;[0m Proxying [POST /elements] to [POST http://127.0.0.1:8201/session/dc1a88ef-730b-4fe2-afab-0087ad1f4d72/elements] with body: {"strategy":"xpath","selector":"//android.view.ViewGroup[@content-desc='store item']","context":"","multiple":true}
&amp#27;[38;5;32m[AndroidUiautomator2Driver@fb3b (5cabbd15)]&amp#27;[0m Got response with status 200: {"sessionId":"dc1a88ef-730b-4fe2-afab-0087ad1f4d72","value":[{"ELEMENT":"00000000-0000-05c7-ffff-ffff0000022c","element-6066-11e4-a52e-4f735466cecf":"00000000-0000-05c7-ffff-ffff0000022c"},{"ELEMENT":"00000000-0000-05c7-ffff-ffff0000023b","element-6066-11e4-a52e-4f735466cecf":"00000000-0000-05c7-ffff-ffff0000023b"},{"ELEMENT":"00000000-0000-05c7-ffff-ffff0000024b","element-6066-11e4-a52e-4f735466cecf":"00000000-0000-05c7-ffff-ffff0000024b"},{"ELEMENT":"00000000-0000-05c7-ffff-ffff0000025a","element-6066-11e4-a52e-4f735466cecf":"00000000-0000-05c7-ffff-ffff0000025a"},{"ELEMENT":"00000000-0000-05c7-ffff-ffff0000026a","element-6066-11e4-a52e-4f735466cecf":"00000000-0000-05c7-ffff-ffff0000026a"},{"ELEMENT":"00000000-0000-05c7-ffff-ffff00000279","element-6066-11e4-a52e-4f735466cecf":"00000000-0000-05c7-ffff-ffff00000279"}]}
&amp#27;[38;5;32m[AndroidUiautomator2Driver@fb3b (5cabbd15)]&amp#27;[0m Responding to client with driver.findElements() result: [{"element-6066-11e4-a52e-4f735466cecf":"00000000-0000-05c7-ffff-ffff0000022c","ELEMENT":"00000000-0000-05c7-ffff-ffff0000022c"},{"element-6066-11e4-a52e-4f735466cecf":"00000000-0000-05c7-ffff-ffff0000023b","ELEMENT":"00000000-0000-05c7-ffff-ffff0000023b"},{"element-6066-11e4-a52e-4f735466cecf":"00000000-0000-05c7-ffff-ffff0000024b","ELEMENT":"00000000-0000-05c7-ffff-ffff0000024b"},{"element-6066-11e4-a52e-4f735466cecf":"00000000-0000-05c7-ffff-ffff0000025a","ELEMENT":"00000000-0000-05c7-ffff-ffff0000025a"},{"element-6066-11e4-a52e-4f735466cecf":"00000000-0000-05c7-ffff-ffff0000026a","ELEMENT":"00000000-0000-05c7-ffff-ffff0000026a"},{"element-6066-11e4-a52e-4f735466cecf":"00000000-0000-05c7-ffff-ffff00000279","ELEMENT":"00000000-0000-05c7-ffff-ffff00000279"}]
&amp#27;[38;5;0m[HTTP]&amp#27;[0m &amp#27;[37m<-- POST /session/5cabbd15-7e20-42e4-8d48-d95ee721e291/elements &amp#27;[39m&amp#27;[32m200&amp#27;[39m &amp#27;[90m201 ms - 779&amp#27;[39m
&amp#27;[38;5;0m[HTTP]&amp#27;[0m &amp#27;[90m&amp#27;[39m
&amp#27;[38;5;0m[HTTP]&amp#27;[0m &amp#27;[37m-->&amp#27;[39m &amp#27;[37mGET&amp#27;[39m &amp#27;[37m/session/5cabbd15-7e20-42e4-8d48-d95ee721e291/context&amp#27;[39m
&amp#27;[38;5;0m[HTTP]&amp#27;[0m &amp#27;[90m{}&amp#27;[39m
&amp#27;[38;5;32m[AndroidUiautomator2Driver@fb3b (5cabbd15)]&amp#27;[0m Calling AppiumDriver.getCurrentContext() with args: ["5cabbd15-7e20-42e4-8d48-d95ee721e291"]
&amp#27;[38;5;32m[AndroidUiautomator2Driver@fb3b (5cabbd15)]&amp#27;[0m Responding to client with driver.getCurrentContext() result: "NATIVE_APP"
&amp#27;[38;5;0m[HTTP]&amp#27;[0m &amp#27;[37m<-- GET /session/5cabbd15-7e20-42e4-8d48-d95ee721e291/context &amp#27;[39m&amp#27;[32m200&amp#27;[39m &amp#27;[90m1 ms - 22&amp#27;[39m
&amp#27;[38;5;0m[HTTP]&amp#27;[0m &amp#27;[90m&amp#27;[39m
&amp#27;[38;5;0m[HTTP]&amp#27;[0m &amp#27;[37m-->&amp#27;[39m &amp#27;[37mPOST&amp#27;[39m &amp#27;[37m/session/5cabbd15-7e20-42e4-8d48-d95ee721e291/elements&amp#27;[39m
&amp#27;[38;5;0m[HTTP]&amp#27;[0m &amp#27;[90m{"using":"xpath","value":"//android.view.ViewGroup[@content-desc='store item']"}&amp#27;[39m
&amp#27;[38;5;32m[AndroidUiautomator2Driver@fb3b (5cabbd15)]&amp#27;[0m Calling AppiumDriver.findElements() with args: ["xpath","//android.view.ViewGroup[@content-desc='store item']","5cabbd15-7e20-42e4-8d48-d95ee721e291"]
&amp#27;[38;5;32m[AndroidUiautomator2Driver@fb3b (5cabbd15)]&amp#27;[0m Valid locator strategies for this request: xpath, id, class name, accessibility id, css selector, -android uiautomator
&amp#27;[38;5;32m[AndroidUiautomator2Driver@fb3b (5cabbd15)]&amp#27;[0m Waiting up to 10000 ms for condition
&amp#27;[38;5;32m[AndroidUiautomator2Driver@fb3b (5cabbd15)]&amp#27;[0m Matched '/elements' to command name 'findElements'
&amp#27;[38;5;32m[AndroidUiautomator2Driver@fb3b (5cabbd15)]&amp#27;[0m Proxying [POST /elements] to [POST http://127.0.0.1:8201/session/dc1a88ef-730b-4fe2-afab-0087ad1f4d72/elements] with body: {"strategy":"xpath","selector":"//android.view.ViewGroup[@content-desc='store item']","context":"","multiple":true}
&amp#27;[38;5;32m[AndroidUiautomator2Driver@fb3b (5cabbd15)]&amp#27;[0m Got response with status 200: {"sessionId":"dc1a88ef-730b-4fe2-afab-0087ad1f4d72","value":[{"ELEMENT":"00000000-0000-05c7-ffff-ffff0000022c","element-6066-11e4-a52e-4f735466cecf":"00000000-0000-05c7-ffff-ffff0000022c"},{"ELEMENT":"00000000-0000-05c7-ffff-ffff0000023b","element-6066-11e4-a52e-4f735466cecf":"00000000-0000-05c7-ffff-ffff0000023b"},{"ELEMENT":"00000000-0000-05c7-ffff-ffff0000024b","element-6066-11e4-a52e-4f735466cecf":"00000000-0000-05c7-ffff-ffff0000024b"},{"ELEMENT":"00000000-0000-05c7-ffff-ffff0000025a","element-6066-11e4-a52e-4f735466cecf":"00000000-0000-05c7-ffff-ffff0000025a"},{"ELEMENT":"00000000-0000-05c7-ffff-ffff0000026a","element-6066-11e4-a52e-4f735466cecf":"00000000-0000-05c7-ffff-ffff0000026a"},{"ELEMENT":"00000000-0000-05c7-ffff-ffff00000279","element-6066-11e4-a52e-4f735466cecf":"00000000-0000-05c7-ffff-ffff00000279"}]}
&amp#27;[38;5;32m[AndroidUiautomator2Driver@fb3b (5cabbd15)]&amp#27;[0m Responding to client with driver.findElements() result: [{"element-6066-11e4-a52e-4f735466cecf":"00000000-0000-05c7-ffff-ffff0000022c","ELEMENT":"00000000-0000-05c7-ffff-ffff0000022c"},{"element-6066-11e4-a52e-4f735466cecf":"00000000-0000-05c7-ffff-ffff0000023b","ELEMENT":"00000000-0000-05c7-ffff-ffff0000023b"},{"element-6066-11e4-a52e-4f735466cecf":"00000000-0000-05c7-ffff-ffff0000024b","ELEMENT":"00000000-0000-05c7-ffff-ffff0000024b"},{"element-6066-11e4-a52e-4f735466cecf":"00000000-0000-05c7-ffff-ffff0000025a","ELEMENT":"00000000-0000-05c7-ffff-ffff0000025a"},{"element-6066-11e4-a52e-4f735466cecf":"00000000-0000-05c7-ffff-ffff0000026a","ELEMENT":"00000000-0000-05c7-ffff-ffff0000026a"},{"element-6066-11e4-a52e-4f735466cecf":"00000000-0000-05c7-ffff-ffff00000279","ELEMENT":"00000000-0000-05c7-ffff-ffff00000279"}]
&amp#27;[38;5;0m[HTTP]&amp#27;[0m &amp#27;[37m<-- POST /session/5cabbd15-7e20-42e4-8d48-d95ee721e291/elements &amp#27;[39m&amp#27;[32m200&amp#27;[39m &amp#27;[90m223 ms - 779&amp#27;[39m
&amp#27;[38;5;0m[HTTP]&amp#27;[0m &amp#27;[90m&amp#27;[39m
&amp#27;[38;5;0m[HTTP]&amp#27;[0m &amp#27;[37m-->&amp#27;[39m &amp#27;[37mPOST&amp#27;[39m &amp#27;[37m/session/5cabbd15-7e20-42e4-8d48-d95ee721e291/element/00000000-0000-05c7-ffff-ffff00000279/element&amp#27;[39m
&amp#27;[38;5;0m[HTTP]&amp#27;[0m &amp#27;[90m{"id":"00000000-0000-05c7-ffff-ffff00000279","using":"xpath","value":"//android.widget.TextView[@content-desc='store item price']"}&amp#27;[39m
&amp#27;[38;5;32m[AndroidUiautomator2Driver@fb3b (5cabbd15)]&amp#27;[0m Calling AppiumDriver.findElementFromElement() with args: ["xpath","//android.widget.TextView[@content-desc='store item price']","00000000-0000-05c7-ffff-ffff00000279","5cabbd15-7e20-42e4-8d48-d95ee721e291"]
&amp#27;[38;5;32m[AndroidUiautomator2Driver@fb3b (5cabbd15)]&amp#27;[0m Valid locator strategies for this request: xpath, id, class name, accessibility id, css selector, -android uiautomator
&amp#27;[38;5;32m[AndroidUiautomator2Driver@fb3b (5cabbd15)]&amp#27;[0m Waiting up to 10000 ms for condition
&amp#27;[38;5;32m[AndroidUiautomator2Driver@fb3b (5cabbd15)]&amp#27;[0m Matched '/element' to command name 'findElement'
&amp#27;[38;5;32m[AndroidUiautomator2Driver@fb3b (5cabbd15)]&amp#27;[0m Proxying [POST /element] to [POST http://127.0.0.1:8201/session/dc1a88ef-730b-4fe2-afab-0087ad1f4d72/element] with body: {"strategy":"xpath","selector":"//android.widget.TextView[@content-desc='store item price']","context":"00000000-0000-05c7-ffff-ffff00000279","multiple":false}
&amp#27;[38;5;32m[AndroidUiautomator2Driver@fb3b (5cabbd15)]&amp#27;[0m Got response with status 200: {"sessionId":"dc1a88ef-730b-4fe2-afab-0087ad1f4d72","value":{"ELEMENT":"00000000-0000-05c7-ffff-ffff0000027d","element-6066-11e4-a52e-4f735466cecf":"00000000-0000-05c7-ffff-ffff0000027d"}}
&amp#27;[38;5;32m[AndroidUiautomator2Driver@fb3b (5cabbd15)]&amp#27;[0m Responding to client with driver.findElementFromElement() result: {"element-6066-11e4-a52e-4f735466cecf":"00000000-0000-05c7-ffff-ffff0000027d","ELEMENT":"00000000-0000-05c7-ffff-ffff0000027d"}
&amp#27;[38;5;0m[HTTP]&amp#27;[0m &amp#27;[37m<-- POST /session/5cabbd15-7e20-42e4-8d48-d95ee721e291/element/00000000-0000-05c7-ffff-ffff00000279/element &amp#27;[39m&amp#27;[32m200&amp#27;[39m &amp#27;[90m48 ms - 137&amp#27;[39m
&amp#27;[38;5;0m[HTTP]&amp#27;[0m &amp#27;[90m&amp#27;[39m
&amp#27;[38;5;0m[HTTP]&amp#27;[0m &amp#27;[37m-->&amp#27;[39m &amp#27;[37mGET&amp#27;[39m &amp#27;[37m/session/5cabbd15-7e20-42e4-8d48-d95ee721e291/element/00000000-0000-05c7-ffff-ffff0000027d/text&amp#27;[39m
&amp#27;[38;5;0m[HTTP]&amp#27;[0m &amp#27;[90m{}&amp#27;[39m
&amp#27;[38;5;32m[AndroidUiautomator2Driver@fb3b (5cabbd15)]&amp#27;[0m Driver proxy active, passing request on via HTTP proxy
&amp#27;[38;5;32m[AndroidUiautomator2Driver@fb3b (5cabbd15)]&amp#27;[0m Matched '/session/5cabbd15-7e20-42e4-8d48-d95ee721e291/element/00000000-0000-05c7-ffff-ffff0000027d/text' to command name 'getText'
&amp#27;[38;5;32m[AndroidUiautomator2Driver@fb3b (5cabbd15)]&amp#27;[0m Proxying [GET /session/5cabbd15-7e20-42e4-8d48-d95ee721e291/element/00000000-0000-05c7-ffff-ffff0000027d/text] to [GET http://127.0.0.1:8201/session/dc1a88ef-730b-4fe2-afab-0087ad1f4d72/element/00000000-0000-05c7-ffff-ffff0000027d/text] with no body
&amp#27;[38;5;32m[AndroidUiautomator2Driver@fb3b (5cabbd15)]&amp#27;[0m Got response with status 200: {"sessionId":"dc1a88ef-730b-4fe2-afab-0087ad1f4d72","value":"$7.99"}
&amp#27;[38;5;32m[AndroidUiautomator2Driver@fb3b (5cabbd15)]&amp#27;[0m Replacing sessionId dc1a88ef-730b-4fe2-afab-0087ad1f4d72 with 5cabbd15-7e20-42e4-8d48-d95ee721e291
&amp#27;[38;5;0m[HTTP]&amp#27;[0m &amp#27;[37m<-- GET /session/5cabbd15-7e20-42e4-8d48-d95ee721e291/element/00000000-0000-05c7-ffff-ffff0000027d/text &amp#27;[39m&amp#27;[32m200&amp#27;[39m &amp#27;[90m10 ms - 68&amp#27;[39m
&amp#27;[38;5;0m[HTTP]&amp#27;[0m &amp#27;[90m&amp#27;[39m
&amp#27;[38;5;0m[HTTP]&amp#27;[0m &amp#27;[37m-->&amp#27;[39m &amp#27;[37mGET&amp#27;[39m &amp#27;[37m/session/5cabbd15-7e20-42e4-8d48-d95ee721e291/context&amp#27;[39m
&amp#27;[38;5;0m[HTTP]&amp#27;[0m &amp#27;[90m{}&amp#27;[39m
&amp#27;[38;5;32m[AndroidUiautomator2Driver@fb3b (5cabbd15)]&amp#27;[0m Calling AppiumDriver.getCurrentContext() with args: ["5cabbd15-7e20-42e4-8d48-d95ee721e291"]
&amp#27;[38;5;32m[AndroidUiautomator2Driver@fb3b (5cabbd15)]&amp#27;[0m Responding to client with driver.getCurrentContext() result: "NATIVE_APP"
&amp#27;[38;5;0m[HTTP]&amp#27;[0m &amp#27;[37m<-- GET /session/5cabbd15-7e20-42e4-8d48-d95ee721e291/context &amp#27;[39m&amp#27;[32m200&amp#27;[39m &amp#27;[90m1 ms - 22&amp#27;[39m
&amp#27;[38;5;0m[HTTP]&amp#27;[0m &amp#27;[90m&amp#27;[39m
&amp#27;[38;5;0m[HTTP]&amp#27;[0m &amp#27;[37m-->&amp#27;[39m &amp#27;[37mPOST&amp#27;[39m &amp#27;[37m/session/5cabbd15-7e20-42e4-8d48-d95ee721e291/elements&amp#27;[39m
&amp#27;[38;5;0m[HTTP]&amp#27;[0m &amp#27;[90m{"using":"xpath","value":"//android.view.ViewGroup[@content-desc='store item']"}&amp#27;[39m
&amp#27;[38;5;32m[AndroidUiautomator2Driver@fb3b (5cabbd15)]&amp#27;[0m Calling AppiumDriver.findElements() with args: ["xpath","//android.view.ViewGroup[@content-desc='store item']","5cabbd15-7e20-42e4-8d48-d95ee721e291"]
&amp#27;[38;5;32m[AndroidUiautomator2Driver@fb3b (5cabbd15)]&amp#27;[0m Valid locator strategies for this request: xpath, id, class name, accessibility id, css selector, -android uiautomator
&amp#27;[38;5;32m[AndroidUiautomator2Driver@fb3b (5cabbd15)]&amp#27;[0m Waiting up to 10000 ms for condition
&amp#27;[38;5;32m[AndroidUiautomator2Driver@fb3b (5cabbd15)]&amp#27;[0m Matched '/elements' to command name 'findElements'
&amp#27;[38;5;32m[AndroidUiautomator2Driver@fb3b (5cabbd15)]&amp#27;[0m Proxying [POST /elements] to [POST http://127.0.0.1:8201/session/dc1a88ef-730b-4fe2-afab-0087ad1f4d72/elements] with body: {"strategy":"xpath","selector":"//android.view.ViewGroup[@content-desc='store item']","context":"","multiple":true}
&amp#27;[38;5;32m[AndroidUiautomator2Driver@fb3b (5cabbd15)]&amp#27;[0m Got response with status 200: {"sessionId":"dc1a88ef-730b-4fe2-afab-0087ad1f4d72","value":[{"ELEMENT":"00000000-0000-05c7-ffff-ffff0000022c","element-6066-11e4-a52e-4f735466cecf":"00000000-0000-05c7-ffff-ffff0000022c"},{"ELEMENT":"00000000-0000-05c7-ffff-ffff0000023b","element-6066-11e4-a52e-4f735466cecf":"00000000-0000-05c7-ffff-ffff0000023b"},{"ELEMENT":"00000000-0000-05c7-ffff-ffff0000024b","element-6066-11e4-a52e-4f735466cecf":"00000000-0000-05c7-ffff-ffff0000024b"},{"ELEMENT":"00000000-0000-05c7-ffff-ffff0000025a","element-6066-11e4-a52e-4f735466cecf":"00000000-0000-05c7-ffff-ffff0000025a"},{"ELEMENT":"00000000-0000-05c7-ffff-ffff0000026a","element-6066-11e4-a52e-4f735466cecf":"00000000-0000-05c7-ffff-ffff0000026a"},{"ELEMENT":"00000000-0000-05c7-ffff-ffff00000279","element-6066-11e4-a52e-4f735466cecf":"00000000-0000-05c7-ffff-ffff00000279"}]}
&amp#27;[38;5;32m[AndroidUiautomator2Driver@fb3b (5cabbd15)]&amp#27;[0m Responding to client with driver.findElements() result: [{"element-6066-11e4-a52e-4f735466cecf":"00000000-0000-05c7-ffff-ffff0000022c","ELEMENT":"00000000-0000-05c7-ffff-ffff0000022c"},{"element-6066-11e4-a52e-4f735466cecf":"00000000-0000-05c7-ffff-ffff0000023b","ELEMENT":"00000000-0000-05c7-ffff-ffff0000023b"},{"element-6066-11e4-a52e-4f735466cecf":"00000000-0000-05c7-ffff-ffff0000024b","ELEMENT":"00000000-0000-05c7-ffff-ffff0000024b"},{"element-6066-11e4-a52e-4f735466cecf":"00000000-0000-05c7-ffff-ffff0000025a","ELEMENT":"00000000-0000-05c7-ffff-ffff0000025a"},{"element-6066-11e4-a52e-4f735466cecf":"00000000-0000-05c7-ffff-ffff0000026a","ELEMENT":"00000000-0000-05c7-ffff-ffff0000026a"},{"element-6066-11e4-a52e-4f735466cecf":"00000000-0000-05c7-ffff-ffff00000279","ELEMENT":"00000000-0000-05c7-ffff-ffff00000279"}]
&amp#27;[38;5;0m[HTTP]&amp#27;[0m &amp#27;[37m<-- POST /session/5cabbd15-7e20-42e4-8d48-d95ee721e291/elements &amp#27;[39m&amp#27;[32m200&amp#27;[39m &amp#27;[90m216 ms - 779&amp#27;[39m
&amp#27;[38;5;0m[HTTP]&amp#27;[0m &amp#27;[90m&amp#27;[39m
&amp#27;[38;5;0m[HTTP]&amp#27;[0m &amp#27;[37m-->&amp#27;[39m &amp#27;[37mPOST&amp#27;[39m &amp#27;[37m/session/5cabbd15-7e20-42e4-8d48-d95ee721e291/element&amp#27;[39m
&amp#27;[38;5;0m[HTTP]&amp#27;[0m &amp#27;[90m{"using":"-android uiautomator","value":"new UiScrollable(new UiSelector().scrollable(true).instance(0)).scrollToBeginning(1)"}&amp#27;[39m
&amp#27;[38;5;32m[AndroidUiautomator2Driver@fb3b (5cabbd15)]&amp#27;[0m Calling AppiumDriver.findElement() with args: ["-android uiautomator","new UiScrollable(new UiSelector().scrollable(true).instance(0)).scrollToBeginning(1)","5cabbd15-7e20-42e4-8d48-d95ee721e291"]
&amp#27;[38;5;32m[AndroidUiautomator2Driver@fb3b (5cabbd15)]&amp#27;[0m Valid locator strategies for this request: xpath, id, class name, accessibility id, css selector, -android uiautomator
&amp#27;[38;5;32m[AndroidUiautomator2Driver@fb3b (5cabbd15)]&amp#27;[0m Waiting up to 10000 ms for condition
&amp#27;[38;5;32m[AndroidUiautomator2Driver@fb3b (5cabbd15)]&amp#27;[0m Matched '/element' to command name 'findElement'
&amp#27;[38;5;32m[AndroidUiautomator2Driver@fb3b (5cabbd15)]&amp#27;[0m Proxying [POST /element] to [POST http://127.0.0.1:8201/session/dc1a88ef-730b-4fe2-afab-0087ad1f4d72/element] with body: {"strategy":"-android uiautomator","selector":"new UiScrollable(new UiSelector().scrollable(true).instance(0)).scrollToBeginning(1)","context":"","multiple":false}
&amp#27;[38;5;32m[AndroidUiautomator2Driver@fb3b (5cabbd15)]&amp#27;[0m Got response with status 200: {"sessionId":"dc1a88ef-730b-4fe2-afab-0087ad1f4d72","value":{"ELEMENT":"00000000-0000-05c7-ffff-ffff0000001d","element-6066-11e4-a52e-4f735466cecf":"00000000-0000-05c7-ffff-ffff0000001d"}}
&amp#27;[38;5;32m[AndroidUiautomator2Driver@fb3b (5cabbd15)]&amp#27;[0m Responding to client with driver.findElement() result: {"element-6066-11e4-a52e-4f735466cecf":"00000000-0000-05c7-ffff-ffff0000001d","ELEMENT":"00000000-0000-05c7-ffff-ffff0000001d"}
&amp#27;[38;5;0m[HTTP]&amp#27;[0m &amp#27;[37m<-- POST /session/5cabbd15-7e20-42e4-8d48-d95ee721e291/element &amp#27;[39m&amp#27;[32m200&amp#27;[39m &amp#27;[90m1234 ms - 137&amp#27;[39m
&amp#27;[38;5;0m[HTTP]&amp#27;[0m &amp#27;[90m&amp#27;[39m
]]></system-out>
  </testcase>
  <testcase name="FooterVerification" classname="testCases.TC3_CatalogueTests" time="3.814">
    <system-out><![CDATA[&amp#27;[38;5;0m[HTTP]&amp#27;[0m &amp#27;[37m-->&amp#27;[39m &amp#27;[37mPOST&amp#27;[39m &amp#27;[37m/session/5cabbd15-7e20-42e4-8d48-d95ee721e291/element&amp#27;[39m
&amp#27;[38;5;0m[HTTP]&amp#27;[0m &amp#27;[90m{"using":"-android uiautomator","value":"new UiScrollable(new UiSelector().scrollable(true).instance(0)).scrollIntoView(new UiSelector().textContains(\"Â© 2024 Sauce Labs. All Rights Reserved. Terms of Service | Privacy Policy.\").instance(0))"}&amp#27;[39m
&amp#27;[38;5;32m[AndroidUiautomator2Driver@fb3b (5cabbd15)]&amp#27;[0m Calling AppiumDriver.findElement() with args: ["-android uiautomator","new UiScrollable(new UiSelector().scrollable(true).instance(0)).scrollIntoView(new UiSelector().textContains(\"Â© 2024 Sauce Labs. All Rights Reserved. Terms of Service | Privacy Policy.\").instance(0))","5cabbd15-7e20-42e4-8d48-d95ee721e291"]
&amp#27;[38;5;32m[AndroidUiautomator2Driver@fb3b (5cabbd15)]&amp#27;[0m Valid locator strategies for this request: xpath, id, class name, accessibility id, css selector, -android uiautomator
&amp#27;[38;5;32m[AndroidUiautomator2Driver@fb3b (5cabbd15)]&amp#27;[0m Waiting up to 10000 ms for condition
&amp#27;[38;5;32m[AndroidUiautomator2Driver@fb3b (5cabbd15)]&amp#27;[0m Matched '/element' to command name 'findElement'
&amp#27;[38;5;32m[AndroidUiautomator2Driver@fb3b (5cabbd15)]&amp#27;[0m Proxying [POST /element] to [POST http://127.0.0.1:8201/session/dc1a88ef-730b-4fe2-afab-0087ad1f4d72/element] with body: {"strategy":"-android uiautomator","selector":"new UiScrollable(new UiSelector().scrollable(true).instance(0)).scrollIntoView(new UiSelector().textContains(\"Â© 2024 Sauce Labs. All Rights Reserved. Terms of Service | Privacy Policy.\").instance(0))","context":"","multiple":false}
&amp#27;[38;5;32m[AndroidUiautomator2Driver@fb3b (5cabbd15)]&amp#27;[0m Got response with status 200: {"sessionId":"dc1a88ef-730b-4fe2-afab-0087ad1f4d72","value":{"ELEMENT":"00000000-0000-05c7-ffff-ffff000000e4","element-6066-11e4-a52e-4f735466cecf":"00000000-0000-05c7-ffff-ffff000000e4"}}
&amp#27;[38;5;32m[AndroidUiautomator2Driver@fb3b (5cabbd15)]&amp#27;[0m Responding to client with driver.findElement() result: {"element-6066-11e4-a52e-4f735466cecf":"00000000-0000-05c7-ffff-ffff000000e4","ELEMENT":"00000000-0000-05c7-ffff-ffff000000e4"}
&amp#27;[38;5;0m[HTTP]&amp#27;[0m &amp#27;[37m<-- POST /session/5cabbd15-7e20-42e4-8d48-d95ee721e291/element &amp#27;[39m&amp#27;[32m200&amp#27;[39m &amp#27;[90m2542 ms - 137&amp#27;[39m
&amp#27;[38;5;0m[HTTP]&amp#27;[0m &amp#27;[90m&amp#27;[39m
&amp#27;[38;5;0m[HTTP]&amp#27;[0m &amp#27;[37m-->&amp#27;[39m &amp#27;[37mGET&amp#27;[39m &amp#27;[37m/session/5cabbd15-7e20-42e4-8d48-d95ee721e291/context&amp#27;[39m
&amp#27;[38;5;0m[HTTP]&amp#27;[0m &amp#27;[90m{}&amp#27;[39m
&amp#27;[38;5;32m[AndroidUiautomator2Driver@fb3b (5cabbd15)]&amp#27;[0m Calling AppiumDriver.getCurrentContext() with args: ["5cabbd15-7e20-42e4-8d48-d95ee721e291"]
&amp#27;[38;5;32m[AndroidUiautomator2Driver@fb3b (5cabbd15)]&amp#27;[0m Responding to client with driver.getCurrentContext() result: "NATIVE_APP"
&amp#27;[38;5;0m[HTTP]&amp#27;[0m &amp#27;[37m<-- GET /session/5cabbd15-7e20-42e4-8d48-d95ee721e291/context &amp#27;[39m&amp#27;[32m200&amp#27;[39m &amp#27;[90m1 ms - 22&amp#27;[39m
&amp#27;[38;5;0m[HTTP]&amp#27;[0m &amp#27;[90m&amp#27;[39m
&amp#27;[38;5;0m[HTTP]&amp#27;[0m &amp#27;[37m-->&amp#27;[39m &amp#27;[37mPOST&amp#27;[39m &amp#27;[37m/session/5cabbd15-7e20-42e4-8d48-d95ee721e291/element&amp#27;[39m
&amp#27;[38;5;0m[HTTP]&amp#27;[0m &amp#27;[90m{"using":"xpath","value":"//android.widget.TextView[contains(@text,'Terms')]"}&amp#27;[39m
&amp#27;[38;5;32m[AndroidUiautomator2Driver@fb3b (5cabbd15)]&amp#27;[0m Calling AppiumDriver.findElement() with args: ["xpath","//android.widget.TextView[contains(@text,'Terms')]","5cabbd15-7e20-42e4-8d48-d95ee721e291"]
&amp#27;[38;5;32m[AndroidUiautomator2Driver@fb3b (5cabbd15)]&amp#27;[0m Valid locator strategies for this request: xpath, id, class name, accessibility id, css selector, -android uiautomator
&amp#27;[38;5;32m[AndroidUiautomator2Driver@fb3b (5cabbd15)]&amp#27;[0m Waiting up to 10000 ms for condition
&amp#27;[38;5;32m[AndroidUiautomator2Driver@fb3b (5cabbd15)]&amp#27;[0m Matched '/element' to command name 'findElement'
&amp#27;[38;5;32m[AndroidUiautomator2Driver@fb3b (5cabbd15)]&amp#27;[0m Proxying [POST /element] to [POST http://127.0.0.1:8201/session/dc1a88ef-730b-4fe2-afab-0087ad1f4d72/element] with body: {"strategy":"xpath","selector":"//android.widget.TextView[contains(@text,'Terms')]","context":"","multiple":false}
&amp#27;[38;5;32m[AndroidUiautomator2Driver@fb3b (5cabbd15)]&amp#27;[0m Got response with status 200: {"sessionId":"dc1a88ef-730b-4fe2-afab-0087ad1f4d72","value":{"ELEMENT":"00000000-0000-05c7-ffff-ffff000000e4","element-6066-11e4-a52e-4f735466cecf":"00000000-0000-05c7-ffff-ffff000000e4"}}
&amp#27;[38;5;32m[AndroidUiautomator2Driver@fb3b (5cabbd15)]&amp#27;[0m Responding to client with driver.findElement() result: {"element-6066-11e4-a52e-4f735466cecf":"00000000-0000-05c7-ffff-ffff000000e4","ELEMENT":"00000000-0000-05c7-ffff-ffff000000e4"}
&amp#27;[38;5;0m[HTTP]&amp#27;[0m &amp#27;[37m<-- POST /session/5cabbd15-7e20-42e4-8d48-d95ee721e291/element &amp#27;[39m&amp#27;[32m200&amp#27;[39m &amp#27;[90m432 ms - 137&amp#27;[39m
&amp#27;[38;5;0m[HTTP]&amp#27;[0m &amp#27;[90m&amp#27;[39m
&amp#27;[38;5;0m[HTTP]&amp#27;[0m &amp#27;[37m-->&amp#27;[39m &amp#27;[37mGET&amp#27;[39m &amp#27;[37m/session/5cabbd15-7e20-42e4-8d48-d95ee721e291/element/00000000-0000-05c7-ffff-ffff000000e4/text&amp#27;[39m
&amp#27;[38;5;0m[HTTP]&amp#27;[0m &amp#27;[90m{}&amp#27;[39m
&amp#27;[38;5;32m[AndroidUiautomator2Driver@fb3b (5cabbd15)]&amp#27;[0m Driver proxy active, passing request on via HTTP proxy
&amp#27;[38;5;32m[AndroidUiautomator2Driver@fb3b (5cabbd15)]&amp#27;[0m Matched '/session/5cabbd15-7e20-42e4-8d48-d95ee721e291/element/00000000-0000-05c7-ffff-ffff000000e4/text' to command name 'getText'
&amp#27;[38;5;32m[AndroidUiautomator2Driver@fb3b (5cabbd15)]&amp#27;[0m Proxying [GET /session/5cabbd15-7e20-42e4-8d48-d95ee721e291/element/00000000-0000-05c7-ffff-ffff000000e4/text] to [GET http://127.0.0.1:8201/session/dc1a88ef-730b-4fe2-afab-0087ad1f4d72/element/00000000-0000-05c7-ffff-ffff000000e4/text] with no body
&amp#27;[38;5;32m[AndroidUiautomator2Driver@fb3b (5cabbd15)]&amp#27;[0m Got response with status 200: {"sessionId":"dc1a88ef-730b-4fe2-afab-0087ad1f4d72","value":"Â© 2024 Sauce Labs. All Rights Reserved. Terms of Service | Privacy Policy."}
&amp#27;[38;5;32m[AndroidUiautomator2Driver@fb3b (5cabbd15)]&amp#27;[0m Replacing sessionId dc1a88ef-730b-4fe2-afab-0087ad1f4d72 with 5cabbd15-7e20-42e4-8d48-d95ee721e291
&amp#27;[38;5;0m[HTTP]&amp#27;[0m &amp#27;[37m<-- GET /session/5cabbd15-7e20-42e4-8d48-d95ee721e291/element/00000000-0000-05c7-ffff-ffff000000e4/text &amp#27;[39m&amp#27;[32m200&amp#27;[39m &amp#27;[90m14 ms - 138&amp#27;[39m
&amp#27;[38;5;0m[HTTP]&amp#27;[0m &amp#27;[90m&amp#27;[39m
&amp#27;[38;5;0m[HTTP]&amp#27;[0m &amp#27;[37m-->&amp#27;[39m &amp#27;[37mGET&amp#27;[39m &amp#27;[37m/session/5cabbd15-7e20-42e4-8d48-d95ee721e291/context&amp#27;[39m
&amp#27;[38;5;0m[HTTP]&amp#27;[0m &amp#27;[90m{}&amp#27;[39m
&amp#27;[38;5;32m[AndroidUiautomator2Driver@fb3b (5cabbd15)]&amp#27;[0m Calling AppiumDriver.getCurrentContext() with args: ["5cabbd15-7e20-42e4-8d48-d95ee721e291"]
&amp#27;[38;5;32m[AndroidUiautomator2Driver@fb3b (5cabbd15)]&amp#27;[0m Responding to client with driver.getCurrentContext() result: "NATIVE_APP"
&amp#27;[38;5;0m[HTTP]&amp#27;[0m &amp#27;[37m<-- GET /session/5cabbd15-7e20-42e4-8d48-d95ee721e291/context &amp#27;[39m&amp#27;[32m200&amp#27;[39m &amp#27;[90m1 ms - 22&amp#27;[39m
&amp#27;[38;5;0m[HTTP]&amp#27;[0m &amp#27;[90m&amp#27;[39m
&amp#27;[38;5;0m[HTTP]&amp#27;[0m &amp#27;[37m-->&amp#27;[39m &amp#27;[37mPOST&amp#27;[39m &amp#27;[37m/session/5cabbd15-7e20-42e4-8d48-d95ee721e291/element&amp#27;[39m
&amp#27;[38;5;0m[HTTP]&amp#27;[0m &amp#27;[90m{"using":"xpath","value":"//android.widget.TextView[contains(@text,'Terms')]/parent::android.view.ViewGroup"}&amp#27;[39m
&amp#27;[38;5;32m[AndroidUiautomator2Driver@fb3b (5cabbd15)]&amp#27;[0m Calling AppiumDriver.findElement() with args: ["xpath","//android.widget.TextView[contains(@text,'Terms')]/parent::android.view.ViewGroup","5cabbd15-7e20-42e4-8d48-d95ee721e291"]
&amp#27;[38;5;32m[AndroidUiautomator2Driver@fb3b (5cabbd15)]&amp#27;[0m Valid locator strategies for this request: xpath, id, class name, accessibility id, css selector, -android uiautomator
&amp#27;[38;5;32m[AndroidUiautomator2Driver@fb3b (5cabbd15)]&amp#27;[0m Waiting up to 10000 ms for condition
&amp#27;[38;5;32m[AndroidUiautomator2Driver@fb3b (5cabbd15)]&amp#27;[0m Matched '/element' to command name 'findElement'
&amp#27;[38;5;32m[AndroidUiautomator2Driver@fb3b (5cabbd15)]&amp#27;[0m Proxying [POST /element] to [POST http://127.0.0.1:8201/session/dc1a88ef-730b-4fe2-afab-0087ad1f4d72/element] with body: {"strategy":"xpath","selector":"//android.widget.TextView[contains(@text,'Terms')]/parent::android.view.ViewGroup","context":"","multiple":false}
&amp#27;[38;5;32m[AndroidUiautomator2Driver@fb3b (5cabbd15)]&amp#27;[0m Got response with status 200: {"sessionId":"dc1a88ef-730b-4fe2-afab-0087ad1f4d72","value":{"ELEMENT":"00000000-0000-05c7-ffff-ffff000000e0","element-6066-11e4-a52e-4f735466cecf":"00000000-0000-05c7-ffff-ffff000000e0"}}
&amp#27;[38;5;32m[AndroidUiautomator2Driver@fb3b (5cabbd15)]&amp#27;[0m Responding to client with driver.findElement() result: {"element-6066-11e4-a52e-4f735466cecf":"00000000-0000-05c7-ffff-ffff000000e0","ELEMENT":"00000000-0000-05c7-ffff-ffff000000e0"}
&amp#27;[38;5;0m[HTTP]&amp#27;[0m &amp#27;[37m<-- POST /session/5cabbd15-7e20-42e4-8d48-d95ee721e291/element &amp#27;[39m&amp#27;[32m200&amp#27;[39m &amp#27;[90m209 ms - 137&amp#27;[39m
&amp#27;[38;5;0m[HTTP]&amp#27;[0m &amp#27;[90m&amp#27;[39m
&amp#27;[38;5;0m[HTTP]&amp#27;[0m &amp#27;[37m-->&amp#27;[39m &amp#27;[37mPOST&amp#27;[39m &amp#27;[37m/session/5cabbd15-7e20-42e4-8d48-d95ee721e291/element/00000000-0000-05c7-ffff-ffff000000e0/element&amp#27;[39m
&amp#27;[38;5;0m[HTTP]&amp#27;[0m &amp#27;[90m{"id":"00000000-0000-05c7-ffff-ffff000000e0","using":"xpath","value":"//android.widget.ImageView[1]"}&amp#27;[39m
&amp#27;[38;5;32m[AndroidUiautomator2Driver@fb3b (5cabbd15)]&amp#27;[0m Calling AppiumDriver.findElementFromElement() with args: ["xpath","//android.widget.ImageView[1]","00000000-0000-05c7-ffff-ffff000000e0","5cabbd15-7e20-42e4-8d48-d95ee721e291"]
&amp#27;[38;5;32m[AndroidUiautomator2Driver@fb3b (5cabbd15)]&amp#27;[0m Valid locator strategies for this request: xpath, id, class name, accessibility id, css selector, -android uiautomator
&amp#27;[38;5;32m[AndroidUiautomator2Driver@fb3b (5cabbd15)]&amp#27;[0m Waiting up to 10000 ms for condition
&amp#27;[38;5;32m[AndroidUiautomator2Driver@fb3b (5cabbd15)]&amp#27;[0m Matched '/element' to command name 'findElement'
&amp#27;[38;5;32m[AndroidUiautomator2Driver@fb3b (5cabbd15)]&amp#27;[0m Proxying [POST /element] to [POST http://127.0.0.1:8201/session/dc1a88ef-730b-4fe2-afab-0087ad1f4d72/element] with body: {"strategy":"xpath","selector":"//android.widget.ImageView[1]","context":"00000000-0000-05c7-ffff-ffff000000e0","multiple":false}
&amp#27;[38;5;32m[AndroidUiautomator2Driver@fb3b (5cabbd15)]&amp#27;[0m Got response with status 200: {"sessionId":"dc1a88ef-730b-4fe2-afab-0087ad1f4d72","value":{"ELEMENT":"00000000-0000-05c7-ffff-ffff000000e1","element-6066-11e4-a52e-4f735466cecf":"00000000-0000-05c7-ffff-ffff000000e1"}}
&amp#27;[38;5;32m[AndroidUiautomator2Driver@fb3b (5cabbd15)]&amp#27;[0m Responding to client with driver.findElementFromElement() result: {"element-6066-11e4-a52e-4f735466cecf":"00000000-0000-05c7-ffff-ffff000000e1","ELEMENT":"00000000-0000-05c7-ffff-ffff000000e1"}
&amp#27;[38;5;0m[HTTP]&amp#27;[0m &amp#27;[37m<-- POST /session/5cabbd15-7e20-42e4-8d48-d95ee721e291/element/00000000-0000-05c7-ffff-ffff000000e0/element &amp#27;[39m&amp#27;[32m200&amp#27;[39m &amp#27;[90m40 ms - 137&amp#27;[39m
&amp#27;[38;5;0m[HTTP]&amp#27;[0m &amp#27;[90m&amp#27;[39m
&amp#27;[38;5;0m[HTTP]&amp#27;[0m &amp#27;[37m-->&amp#27;[39m &amp#27;[37mGET&amp#27;[39m &amp#27;[37m/session/5cabbd15-7e20-42e4-8d48-d95ee721e291/element/00000000-0000-05c7-ffff-ffff000000e1/displayed&amp#27;[39m
&amp#27;[38;5;0m[HTTP]&amp#27;[0m &amp#27;[90m{}&amp#27;[39m
&amp#27;[38;5;32m[AndroidUiautomator2Driver@fb3b (5cabbd15)]&amp#27;[0m Calling AppiumDriver.elementDisplayed() with args: ["00000000-0000-05c7-ffff-ffff000000e1","5cabbd15-7e20-42e4-8d48-d95ee721e291"]
&amp#27;[38;5;32m[AndroidUiautomator2Driver@fb3b (5cabbd15)]&amp#27;[0m Matched '/element/00000000-0000-05c7-ffff-ffff000000e1/attribute/displayed' to command name 'getAttribute'
&amp#27;[38;5;32m[AndroidUiautomator2Driver@fb3b (5cabbd15)]&amp#27;[0m Proxying [GET /element/00000000-0000-05c7-ffff-ffff000000e1/attribute/displayed] to [GET http://127.0.0.1:8201/session/dc1a88ef-730b-4fe2-afab-0087ad1f4d72/element/00000000-0000-05c7-ffff-ffff000000e1/attribute/displayed] with no body
&amp#27;[38;5;32m[AndroidUiautomator2Driver@fb3b (5cabbd15)]&amp#27;[0m Got response with status 200: {"sessionId":"dc1a88ef-730b-4fe2-afab-0087ad1f4d72","value":"true"}
&amp#27;[38;5;32m[AndroidUiautomator2Driver@fb3b (5cabbd15)]&amp#27;[0m Responding to client with driver.elementDisplayed() result: true
&amp#27;[38;5;0m[HTTP]&amp#27;[0m &amp#27;[37m<-- GET /session/5cabbd15-7e20-42e4-8d48-d95ee721e291/element/00000000-0000-05c7-ffff-ffff000000e1/displayed &amp#27;[39m&amp#27;[32m200&amp#27;[39m &amp#27;[90m10 ms - 14&amp#27;[39m
&amp#27;[38;5;0m[HTTP]&amp#27;[0m &amp#27;[90m&amp#27;[39m
&amp#27;[38;5;0m[HTTP]&amp#27;[0m &amp#27;[37m-->&amp#27;[39m &amp#27;[37mGET&amp#27;[39m &amp#27;[37m/session/5cabbd15-7e20-42e4-8d48-d95ee721e291/context&amp#27;[39m
&amp#27;[38;5;0m[HTTP]&amp#27;[0m &amp#27;[90m{}&amp#27;[39m
&amp#27;[38;5;32m[AndroidUiautomator2Driver@fb3b (5cabbd15)]&amp#27;[0m Calling AppiumDriver.getCurrentContext() with args: ["5cabbd15-7e20-42e4-8d48-d95ee721e291"]
&amp#27;[38;5;32m[AndroidUiautomator2Driver@fb3b (5cabbd15)]&amp#27;[0m Responding to client with driver.getCurrentContext() result: "NATIVE_APP"
&amp#27;[38;5;0m[HTTP]&amp#27;[0m &amp#27;[37m<-- GET /session/5cabbd15-7e20-42e4-8d48-d95ee721e291/context &amp#27;[39m&amp#27;[32m200&amp#27;[39m &amp#27;[90m0 ms - 22&amp#27;[39m
&amp#27;[38;5;0m[HTTP]&amp#27;[0m &amp#27;[90m&amp#27;[39m
&amp#27;[38;5;0m[HTTP]&amp#27;[0m &amp#27;[37m-->&amp#27;[39m &amp#27;[37mPOST&amp#27;[39m &amp#27;[37m/session/5cabbd15-7e20-42e4-8d48-d95ee721e291/element&amp#27;[39m
&amp#27;[38;5;0m[HTTP]&amp#27;[0m &amp#27;[90m{"using":"xpath","value":"//android.widget.TextView[contains(@text,'Terms')]/parent::android.view.ViewGroup"}&amp#27;[39m
&amp#27;[38;5;32m[AndroidUiautomator2Driver@fb3b (5cabbd15)]&amp#27;[0m Calling AppiumDriver.findElement() with args: ["xpath","//android.widget.TextView[contains(@text,'Terms')]/parent::android.view.ViewGroup","5cabbd15-7e20-42e4-8d48-d95ee721e291"]
&amp#27;[38;5;32m[AndroidUiautomator2Driver@fb3b (5cabbd15)]&amp#27;[0m Valid locator strategies for this request: xpath, id, class name, accessibility id, css selector, -android uiautomator
&amp#27;[38;5;32m[AndroidUiautomator2Driver@fb3b (5cabbd15)]&amp#27;[0m Waiting up to 10000 ms for condition
&amp#27;[38;5;32m[AndroidUiautomator2Driver@fb3b (5cabbd15)]&amp#27;[0m Matched '/element' to command name 'findElement'
&amp#27;[38;5;32m[AndroidUiautomator2Driver@fb3b (5cabbd15)]&amp#27;[0m Proxying [POST /element] to [POST http://127.0.0.1:8201/session/dc1a88ef-730b-4fe2-afab-0087ad1f4d72/element] with body: {"strategy":"xpath","selector":"//android.widget.TextView[contains(@text,'Terms')]/parent::android.view.ViewGroup","context":"","multiple":false}
&amp#27;[38;5;32m[AndroidUiautomator2Driver@fb3b (5cabbd15)]&amp#27;[0m Got response with status 200: {"sessionId":"dc1a88ef-730b-4fe2-afab-0087ad1f4d72","value":{"ELEMENT":"00000000-0000-05c7-ffff-ffff000000e0","element-6066-11e4-a52e-4f735466cecf":"00000000-0000-05c7-ffff-ffff000000e0"}}
&amp#27;[38;5;32m[AndroidUiautomator2Driver@fb3b (5cabbd15)]&amp#27;[0m Responding to client with driver.findElement() result: {"element-6066-11e4-a52e-4f735466cecf":"00000000-0000-05c7-ffff-ffff000000e0","ELEMENT":"00000000-0000-05c7-ffff-ffff000000e0"}
&amp#27;[38;5;0m[HTTP]&amp#27;[0m &amp#27;[37m<-- POST /session/5cabbd15-7e20-42e4-8d48-d95ee721e291/element &amp#27;[39m&amp#27;[32m200&amp#27;[39m &amp#27;[90m223 ms - 137&amp#27;[39m
&amp#27;[38;5;0m[HTTP]&amp#27;[0m &amp#27;[90m&amp#27;[39m
&amp#27;[38;5;0m[HTTP]&amp#27;[0m &amp#27;[37m-->&amp#27;[39m &amp#27;[37mPOST&amp#27;[39m &amp#27;[37m/session/5cabbd15-7e20-42e4-8d48-d95ee721e291/element/00000000-0000-05c7-ffff-ffff000000e0/element&amp#27;[39m
&amp#27;[38;5;0m[HTTP]&amp#27;[0m &amp#27;[90m{"id":"00000000-0000-05c7-ffff-ffff000000e0","using":"xpath","value":"//android.widget.ImageView[2]"}&amp#27;[39m
&amp#27;[38;5;32m[AndroidUiautomator2Driver@fb3b (5cabbd15)]&amp#27;[0m Calling AppiumDriver.findElementFromElement() with args: ["xpath","//android.widget.ImageView[2]","00000000-0000-05c7-ffff-ffff000000e0","5cabbd15-7e20-42e4-8d48-d95ee721e291"]
&amp#27;[38;5;32m[AndroidUiautomator2Driver@fb3b (5cabbd15)]&amp#27;[0m Valid locator strategies for this request: xpath, id, class name, accessibility id, css selector, -android uiautomator
&amp#27;[38;5;32m[AndroidUiautomator2Driver@fb3b (5cabbd15)]&amp#27;[0m Waiting up to 10000 ms for condition
&amp#27;[38;5;32m[AndroidUiautomator2Driver@fb3b (5cabbd15)]&amp#27;[0m Matched '/element' to command name 'findElement'
&amp#27;[38;5;32m[AndroidUiautomator2Driver@fb3b (5cabbd15)]&amp#27;[0m Proxying [POST /element] to [POST http://127.0.0.1:8201/session/dc1a88ef-730b-4fe2-afab-0087ad1f4d72/element] with body: {"strategy":"xpath","selector":"//android.widget.ImageView[2]","context":"00000000-0000-05c7-ffff-ffff000000e0","multiple":false}
&amp#27;[38;5;32m[AndroidUiautomator2Driver@fb3b (5cabbd15)]&amp#27;[0m Got response with status 200: {"sessionId":"dc1a88ef-730b-4fe2-afab-0087ad1f4d72","value":{"ELEMENT":"00000000-0000-05c7-ffff-ffff000000e2","element-6066-11e4-a52e-4f735466cecf":"00000000-0000-05c7-ffff-ffff000000e2"}}
&amp#27;[38;5;32m[AndroidUiautomator2Driver@fb3b (5cabbd15)]&amp#27;[0m Responding to client with driver.findElementFromElement() result: {"element-6066-11e4-a52e-4f735466cecf":"00000000-0000-05c7-ffff-ffff000000e2","ELEMENT":"00000000-0000-05c7-ffff-ffff000000e2"}
&amp#27;[38;5;0m[HTTP]&amp#27;[0m &amp#27;[37m<-- POST /session/5cabbd15-7e20-42e4-8d48-d95ee721e291/element/00000000-0000-05c7-ffff-ffff000000e0/element &amp#27;[39m&amp#27;[32m200&amp#27;[39m &amp#27;[90m45 ms - 137&amp#27;[39m
&amp#27;[38;5;0m[HTTP]&amp#27;[0m &amp#27;[90m&amp#27;[39m
&amp#27;[38;5;0m[HTTP]&amp#27;[0m &amp#27;[37m-->&amp#27;[39m &amp#27;[37mGET&amp#27;[39m &amp#27;[37m/session/5cabbd15-7e20-42e4-8d48-d95ee721e291/element/00000000-0000-05c7-ffff-ffff000000e2/displayed&amp#27;[39m
&amp#27;[38;5;0m[HTTP]&amp#27;[0m &amp#27;[90m{}&amp#27;[39m
&amp#27;[38;5;32m[AndroidUiautomator2Driver@fb3b (5cabbd15)]&amp#27;[0m Calling AppiumDriver.elementDisplayed() with args: ["00000000-0000-05c7-ffff-ffff000000e2","5cabbd15-7e20-42e4-8d48-d95ee721e291"]
&amp#27;[38;5;32m[AndroidUiautomator2Driver@fb3b (5cabbd15)]&amp#27;[0m Matched '/element/00000000-0000-05c7-ffff-ffff000000e2/attribute/displayed' to command name 'getAttribute'
&amp#27;[38;5;32m[AndroidUiautomator2Driver@fb3b (5cabbd15)]&amp#27;[0m Proxying [GET /element/00000000-0000-05c7-ffff-ffff000000e2/attribute/displayed] to [GET http://127.0.0.1:8201/session/dc1a88ef-730b-4fe2-afab-0087ad1f4d72/element/00000000-0000-05c7-ffff-ffff000000e2/attribute/displayed] with no body
&amp#27;[38;5;32m[AndroidUiautomator2Driver@fb3b (5cabbd15)]&amp#27;[0m Got response with status 200: {"sessionId":"dc1a88ef-730b-4fe2-afab-0087ad1f4d72","value":"true"}
&amp#27;[38;5;32m[AndroidUiautomator2Driver@fb3b (5cabbd15)]&amp#27;[0m Responding to client with driver.elementDisplayed() result: true
&amp#27;[38;5;0m[HTTP]&amp#27;[0m &amp#27;[37m<-- GET /session/5cabbd15-7e20-42e4-8d48-d95ee721e291/element/00000000-0000-05c7-ffff-ffff000000e2/displayed &amp#27;[39m&amp#27;[32m200&amp#27;[39m &amp#27;[90m12 ms - 14&amp#27;[39m
&amp#27;[38;5;0m[HTTP]&amp#27;[0m &amp#27;[90m&amp#27;[39m
&amp#27;[38;5;0m[HTTP]&amp#27;[0m &amp#27;[37m-->&amp#27;[39m &amp#27;[37mGET&amp#27;[39m &amp#27;[37m/session/5cabbd15-7e20-42e4-8d48-d95ee721e291/context&amp#27;[39m
&amp#27;[38;5;0m[HTTP]&amp#27;[0m &amp#27;[90m{}&amp#27;[39m
&amp#27;[38;5;32m[AndroidUiautomator2Driver@fb3b (5cabbd15)]&amp#27;[0m Calling AppiumDriver.getCurrentContext() with args: ["5cabbd15-7e20-42e4-8d48-d95ee721e291"]
&amp#27;[38;5;32m[AndroidUiautomator2Driver@fb3b (5cabbd15)]&amp#27;[0m Responding to client with driver.getCurrentContext() result: "NATIVE_APP"
&amp#27;[38;5;0m[HTTP]&amp#27;[0m &amp#27;[37m<-- GET /session/5cabbd15-7e20-42e4-8d48-d95ee721e291/context &amp#27;[39m&amp#27;[32m200&amp#27;[39m &amp#27;[90m1 ms - 22&amp#27;[39m
&amp#27;[38;5;0m[HTTP]&amp#27;[0m &amp#27;[90m&amp#27;[39m
&amp#27;[38;5;0m[HTTP]&amp#27;[0m &amp#27;[37m-->&amp#27;[39m &amp#27;[37mPOST&amp#27;[39m &amp#27;[37m/session/5cabbd15-7e20-42e4-8d48-d95ee721e291/element&amp#27;[39m
&amp#27;[38;5;0m[HTTP]&amp#27;[0m &amp#27;[90m{"using":"xpath","value":"//android.widget.TextView[contains(@text,'Terms')]/parent::android.view.ViewGroup"}&amp#27;[39m
&amp#27;[38;5;32m[AndroidUiautomator2Driver@fb3b (5cabbd15)]&amp#27;[0m Calling AppiumDriver.findElement() with args: ["xpath","//android.widget.TextView[contains(@text,'Terms')]/parent::android.view.ViewGroup","5cabbd15-7e20-42e4-8d48-d95ee721e291"]
&amp#27;[38;5;32m[AndroidUiautomator2Driver@fb3b (5cabbd15)]&amp#27;[0m Valid locator strategies for this request: xpath, id, class name, accessibility id, css selector, -android uiautomator
&amp#27;[38;5;32m[AndroidUiautomator2Driver@fb3b (5cabbd15)]&amp#27;[0m Waiting up to 10000 ms for condition
&amp#27;[38;5;32m[AndroidUiautomator2Driver@fb3b (5cabbd15)]&amp#27;[0m Matched '/element' to command name 'findElement'
&amp#27;[38;5;32m[AndroidUiautomator2Driver@fb3b (5cabbd15)]&amp#27;[0m Proxying [POST /element] to [POST http://127.0.0.1:8201/session/dc1a88ef-730b-4fe2-afab-0087ad1f4d72/element] with body: {"strategy":"xpath","selector":"//android.widget.TextView[contains(@text,'Terms')]/parent::android.view.ViewGroup","context":"","multiple":false}
&amp#27;[38;5;32m[AndroidUiautomator2Driver@fb3b (5cabbd15)]&amp#27;[0m Got response with status 200: {"sessionId":"dc1a88ef-730b-4fe2-afab-0087ad1f4d72","value":{"ELEMENT":"00000000-0000-05c7-ffff-ffff000000e0","element-6066-11e4-a52e-4f735466cecf":"00000000-0000-05c7-ffff-ffff000000e0"}}
&amp#27;[38;5;32m[AndroidUiautomator2Driver@fb3b (5cabbd15)]&amp#27;[0m Responding to client with driver.findElement() result: {"element-6066-11e4-a52e-4f735466cecf":"00000000-0000-05c7-ffff-ffff000000e0","ELEMENT":"00000000-0000-05c7-ffff-ffff000000e0"}
&amp#27;[38;5;0m[HTTP]&amp#27;[0m &amp#27;[37m<-- POST /session/5cabbd15-7e20-42e4-8d48-d95ee721e291/element &amp#27;[39m&amp#27;[32m200&amp#27;[39m &amp#27;[90m214 ms - 137&amp#27;[39m
&amp#27;[38;5;0m[HTTP]&amp#27;[0m &amp#27;[90m&amp#27;[39m
&amp#27;[38;5;0m[HTTP]&amp#27;[0m &amp#27;[37m-->&amp#27;[39m &amp#27;[37mPOST&amp#27;[39m &amp#27;[37m/session/5cabbd15-7e20-42e4-8d48-d95ee721e291/element/00000000-0000-05c7-ffff-ffff000000e0/element&amp#27;[39m
&amp#27;[38;5;0m[HTTP]&amp#27;[0m &amp#27;[90m{"id":"00000000-0000-05c7-ffff-ffff000000e0","using":"xpath","value":"//android.widget.ImageView[3]"}&amp#27;[39m
&amp#27;[38;5;32m[AndroidUiautomator2Driver@fb3b (5cabbd15)]&amp#27;[0m Calling AppiumDriver.findElementFromElement() with args: ["xpath","//android.widget.ImageView[3]","00000000-0000-05c7-ffff-ffff000000e0","5cabbd15-7e20-42e4-8d48-d95ee721e291"]
&amp#27;[38;5;32m[AndroidUiautomator2Driver@fb3b (5cabbd15)]&amp#27;[0m Valid locator strategies for this request: xpath, id, class name, accessibility id, css selector, -android uiautomator
&amp#27;[38;5;32m[AndroidUiautomator2Driver@fb3b (5cabbd15)]&amp#27;[0m Waiting up to 10000 ms for condition
&amp#27;[38;5;32m[AndroidUiautomator2Driver@fb3b (5cabbd15)]&amp#27;[0m Matched '/element' to command name 'findElement'
&amp#27;[38;5;32m[AndroidUiautomator2Driver@fb3b (5cabbd15)]&amp#27;[0m Proxying [POST /element] to [POST http://127.0.0.1:8201/session/dc1a88ef-730b-4fe2-afab-0087ad1f4d72/element] with body: {"strategy":"xpath","selector":"//android.widget.ImageView[3]","context":"00000000-0000-05c7-ffff-ffff000000e0","multiple":false}
&amp#27;[38;5;32m[AndroidUiautomator2Driver@fb3b (5cabbd15)]&amp#27;[0m Got response with status 200: {"sessionId":"dc1a88ef-730b-4fe2-afab-0087ad1f4d72","value":{"ELEMENT":"00000000-0000-05c7-ffff-ffff000000e3","element-6066-11e4-a52e-4f735466cecf":"00000000-0000-05c7-ffff-ffff000000e3"}}
&amp#27;[38;5;32m[AndroidUiautomator2Driver@fb3b (5cabbd15)]&amp#27;[0m Responding to client with driver.findElementFromElement() result: {"element-6066-11e4-a52e-4f735466cecf":"00000000-0000-05c7-ffff-ffff000000e3","ELEMENT":"00000000-0000-05c7-ffff-ffff000000e3"}
&amp#27;[38;5;0m[HTTP]&amp#27;[0m &amp#27;[37m<-- POST /session/5cabbd15-7e20-42e4-8d48-d95ee721e291/element/00000000-0000-05c7-ffff-ffff000000e0/element &amp#27;[39m&amp#27;[32m200&amp#27;[39m &amp#27;[90m39 ms - 137&amp#27;[39m
&amp#27;[38;5;0m[HTTP]&amp#27;[0m &amp#27;[90m&amp#27;[39m
&amp#27;[38;5;0m[HTTP]&amp#27;[0m &amp#27;[37m-->&amp#27;[39m &amp#27;[37mGET&amp#27;[39m &amp#27;[37m/session/5cabbd15-7e20-42e4-8d48-d95ee721e291/element/00000000-0000-05c7-ffff-ffff000000e3/displayed&amp#27;[39m
&amp#27;[38;5;0m[HTTP]&amp#27;[0m &amp#27;[90m{}&amp#27;[39m
&amp#27;[38;5;32m[AndroidUiautomator2Driver@fb3b (5cabbd15)]&amp#27;[0m Calling AppiumDriver.elementDisplayed() with args: ["00000000-0000-05c7-ffff-ffff000000e3","5cabbd15-7e20-42e4-8d48-d95ee721e291"]
&amp#27;[38;5;32m[AndroidUiautomator2Driver@fb3b (5cabbd15)]&amp#27;[0m Matched '/element/00000000-0000-05c7-ffff-ffff000000e3/attribute/displayed' to command name 'getAttribute'
&amp#27;[38;5;32m[AndroidUiautomator2Driver@fb3b (5cabbd15)]&amp#27;[0m Proxying [GET /element/00000000-0000-05c7-ffff-ffff000000e3/attribute/displayed] to [GET http://127.0.0.1:8201/session/dc1a88ef-730b-4fe2-afab-0087ad1f4d72/element/00000000-0000-05c7-ffff-ffff000000e3/attribute/displayed] with no body
&amp#27;[38;5;32m[AndroidUiautomator2Driver@fb3b (5cabbd15)]&amp#27;[0m Got response with status 200: {"sessionId":"dc1a88ef-730b-4fe2-afab-0087ad1f4d72","value":"true"}
&amp#27;[38;5;32m[AndroidUiautomator2Driver@fb3b (5cabbd15)]&amp#27;[0m Responding to client with driver.elementDisplayed() result: true
&amp#27;[38;5;0m[HTTP]&amp#27;[0m &amp#27;[37m<-- GET /session/5cabbd15-7e20-42e4-8d48-d95ee721e291/element/00000000-0000-05c7-ffff-ffff000000e3/displayed &amp#27;[39m&amp#27;[32m200&amp#27;[39m &amp#27;[90m10 ms - 14&amp#27;[39m
&amp#27;[38;5;0m[HTTP]&amp#27;[0m &amp#27;[90m&amp#27;[39m
]]></system-out>
  </testcase>
  <testcase name="ProductRatingVerification" classname="testCases.TC3_CatalogueTests" time="10.164">
    <system-out><![CDATA[&amp#27;[38;5;0m[HTTP]&amp#27;[0m &amp#27;[37m-->&amp#27;[39m &amp#27;[37mGET&amp#27;[39m &amp#27;[37m/session/5cabbd15-7e20-42e4-8d48-d95ee721e291/context&amp#27;[39m
&amp#27;[38;5;0m[HTTP]&amp#27;[0m &amp#27;[90m{}&amp#27;[39m
&amp#27;[38;5;32m[AndroidUiautomator2Driver@fb3b (5cabbd15)]&amp#27;[0m Calling AppiumDriver.getCurrentContext() with args: ["5cabbd15-7e20-42e4-8d48-d95ee721e291"]
&amp#27;[38;5;32m[AndroidUiautomator2Driver@fb3b (5cabbd15)]&amp#27;[0m Responding to client with driver.getCurrentContext() result: "NATIVE_APP"
&amp#27;[38;5;0m[HTTP]&amp#27;[0m &amp#27;[37m<-- GET /session/5cabbd15-7e20-42e4-8d48-d95ee721e291/context &amp#27;[39m&amp#27;[32m200&amp#27;[39m &amp#27;[90m1 ms - 22&amp#27;[39m
&amp#27;[38;5;0m[HTTP]&amp#27;[0m &amp#27;[90m&amp#27;[39m
&amp#27;[38;5;0m[HTTP]&amp#27;[0m &amp#27;[37m-->&amp#27;[39m &amp#27;[37mPOST&amp#27;[39m &amp#27;[37m/session/5cabbd15-7e20-42e4-8d48-d95ee721e291/elements&amp#27;[39m
&amp#27;[38;5;0m[HTTP]&amp#27;[0m &amp#27;[90m{"using":"xpath","value":"//android.view.ViewGroup[@content-desc='store item']"}&amp#27;[39m
&amp#27;[38;5;32m[AndroidUiautomator2Driver@fb3b (5cabbd15)]&amp#27;[0m Calling AppiumDriver.findElements() with args: ["xpath","//android.view.ViewGroup[@content-desc='store item']","5cabbd15-7e20-42e4-8d48-d95ee721e291"]
&amp#27;[38;5;32m[AndroidUiautomator2Driver@fb3b (5cabbd15)]&amp#27;[0m Valid locator strategies for this request: xpath, id, class name, accessibility id, css selector, -android uiautomator
&amp#27;[38;5;32m[AndroidUiautomator2Driver@fb3b (5cabbd15)]&amp#27;[0m Waiting up to 10000 ms for condition
&amp#27;[38;5;32m[AndroidUiautomator2Driver@fb3b (5cabbd15)]&amp#27;[0m Matched '/elements' to command name 'findElements'
&amp#27;[38;5;32m[AndroidUiautomator2Driver@fb3b (5cabbd15)]&amp#27;[0m Proxying [POST /elements] to [POST http://127.0.0.1:8201/session/dc1a88ef-730b-4fe2-afab-0087ad1f4d72/elements] with body: {"strategy":"xpath","selector":"//android.view.ViewGroup[@content-desc='store item']","context":"","multiple":true}
&amp#27;[38;5;32m[AndroidUiautomator2Driver@fb3b (5cabbd15)]&amp#27;[0m Got response with status 200: {"sessionId":"dc1a88ef-730b-4fe2-afab-0087ad1f4d72","value":[{"ELEMENT":"00000000-0000-05c7-ffff-ffff0000022c","element-6066-11e4-a52e-4f735466cecf":"00000000-0000-05c7-ffff-ffff0000022c"},{"ELEMENT":"00000000-0000-05c7-ffff-ffff0000023b","element-6066-11e4-a52e-4f735466cecf":"00000000-0000-05c7-ffff-ffff0000023b"},{"ELEMENT":"00000000-0000-05c7-ffff-ffff0000024b","element-6066-11e4-a52e-4f735466cecf":"00000000-0000-05c7-ffff-ffff0000024b"},{"ELEMENT":"00000000-0000-05c7-ffff-ffff0000025a","element-6066-11e4-a52e-4f735466cecf":"00000000-0000-05c7-ffff-ffff0000025a"},{"ELEMENT":"00000000-0000-05c7-ffff-ffff0000026a","element-6066-11e4-a52e-4f735466cecf":"00000000-0000-05c7-ffff-ffff0000026a"},{"ELEMENT":"00000000-0000-05c7-ffff-ffff00000279","element-6066-11e4-a52e-4f735466cecf":"00000000-0000-05c7-ffff-ffff00000279"}]}
&amp#27;[38;5;32m[AndroidUiautomator2Driver@fb3b (5cabbd15)]&amp#27;[0m Responding to client with driver.findElements() result: [{"element-6066-11e4-a52e-4f735466cecf":"00000000-0000-05c7-ffff-ffff0000022c","ELEMENT":"00000000-0000-05c7-ffff-ffff0000022c"},{"element-6066-11e4-a52e-4f735466cecf":"00000000-0000-05c7-ffff-ffff0000023b","ELEMENT":"00000000-0000-05c7-ffff-ffff0000023b"},{"element-6066-11e4-a52e-4f735466cecf":"00000000-0000-05c7-ffff-ffff0000024b","ELEMENT":"00000000-0000-05c7-ffff-ffff0000024b"},{"element-6066-11e4-a52e-4f735466cecf":"00000000-0000-05c7-ffff-ffff0000025a","ELEMENT":"00000000-0000-05c7-ffff-ffff0000025a"},{"element-6066-11e4-a52e-4f735466cecf":"00000000-0000-05c7-ffff-ffff0000026a","ELEMENT":"00000000-0000-05c7-ffff-ffff0000026a"},{"element-6066-11e4-a52e-4f735466cecf":"00000000-0000-05c7-ffff-ffff00000279","ELEMENT":"00000000-0000-05c7-ffff-ffff00000279"}]
&amp#27;[38;5;0m[HTTP]&amp#27;[0m &amp#27;[37m<-- POST /session/5cabbd15-7e20-42e4-8d48-d95ee721e291/elements &amp#27;[39m&amp#27;[32m200&amp#27;[39m &amp#27;[90m220 ms - 779&amp#27;[39m
&amp#27;[38;5;0m[HTTP]&amp#27;[0m &amp#27;[90m&amp#27;[39m
&amp#27;[38;5;0m[HTTP]&amp#27;[0m &amp#27;[37m-->&amp#27;[39m &amp#27;[37mPOST&amp#27;[39m &amp#27;[37m/session/5cabbd15-7e20-42e4-8d48-d95ee721e291/element/00000000-0000-05c7-ffff-ffff0000022c/element&amp#27;[39m
&amp#27;[38;5;0m[HTTP]&amp#27;[0m &amp#27;[90m{"id":"00000000-0000-05c7-ffff-ffff0000022c","using":"xpath","value":"//android.view.ViewGroup[@content-desc='review star 1']"}&amp#27;[39m
&amp#27;[38;5;32m[AndroidUiautomator2Driver@fb3b (5cabbd15)]&amp#27;[0m Calling AppiumDriver.findElementFromElement() with args: ["xpath","//android.view.ViewGroup[@content-desc='review star 1']","00000000-0000-05c7-ffff-ffff0000022c","5cabbd15-7e20-42e4-8d48-d95ee721e291"]
&amp#27;[38;5;32m[AndroidUiautomator2Driver@fb3b (5cabbd15)]&amp#27;[0m Valid locator strategies for this request: xpath, id, class name, accessibility id, css selector, -android uiautomator
&amp#27;[38;5;32m[AndroidUiautomator2Driver@fb3b (5cabbd15)]&amp#27;[0m Waiting up to 10000 ms for condition
&amp#27;[38;5;32m[AndroidUiautomator2Driver@fb3b (5cabbd15)]&amp#27;[0m Matched '/element' to command name 'findElement'
&amp#27;[38;5;32m[AndroidUiautomator2Driver@fb3b (5cabbd15)]&amp#27;[0m Proxying [POST /element] to [POST http://127.0.0.1:8201/session/dc1a88ef-730b-4fe2-afab-0087ad1f4d72/element] with body: {"strategy":"xpath","selector":"//android.view.ViewGroup[@content-desc='review star 1']","context":"00000000-0000-05c7-ffff-ffff0000022c","multiple":false}
&amp#27;[38;5;32m[AndroidUiautomator2Driver@fb3b (5cabbd15)]&amp#27;[0m Got response with status 200: {"sessionId":"dc1a88ef-730b-4fe2-afab-0087ad1f4d72","value":{"ELEMENT":"00000000-0000-05c7-ffff-ffff00000231","element-6066-11e4-a52e-4f735466cecf":"00000000-0000-05c7-ffff-ffff00000231"}}
&amp#27;[38;5;32m[AndroidUiautomator2Driver@fb3b (5cabbd15)]&amp#27;[0m Responding to client with driver.findElementFromElement() result: {"element-6066-11e4-a52e-4f735466cecf":"00000000-0000-05c7-ffff-ffff00000231","ELEMENT":"00000000-0000-05c7-ffff-ffff00000231"}
&amp#27;[38;5;0m[HTTP]&amp#27;[0m &amp#27;[37m<-- POST /session/5cabbd15-7e20-42e4-8d48-d95ee721e291/element/00000000-0000-05c7-ffff-ffff0000022c/element &amp#27;[39m&amp#27;[32m200&amp#27;[39m &amp#27;[90m45 ms - 137&amp#27;[39m
&amp#27;[38;5;0m[HTTP]&amp#27;[0m &amp#27;[90m&amp#27;[39m
&amp#27;[38;5;0m[HTTP]&amp#27;[0m &amp#27;[37m-->&amp#27;[39m &amp#27;[37mPOST&amp#27;[39m &amp#27;[37m/session/5cabbd15-7e20-42e4-8d48-d95ee721e291/element/00000000-0000-05c7-ffff-ffff00000231/click&amp#27;[39m
&amp#27;[38;5;0m[HTTP]&amp#27;[0m &amp#27;[90m{"id":"00000000-0000-05c7-ffff-ffff00000231"}&amp#27;[39m
&amp#27;[38;5;32m[AndroidUiautomator2Driver@fb3b (5cabbd15)]&amp#27;[0m Calling AppiumDriver.click() with args: ["00000000-0000-05c7-ffff-ffff00000231","5cabbd15-7e20-42e4-8d48-d95ee721e291"]
&amp#27;[38;5;32m[AndroidUiautomator2Driver@fb3b (5cabbd15)]&amp#27;[0m Matched '/element/00000000-0000-05c7-ffff-ffff00000231/click' to command name 'click'
&amp#27;[38;5;32m[AndroidUiautomator2Driver@fb3b (5cabbd15)]&amp#27;[0m Proxying [POST /element/00000000-0000-05c7-ffff-ffff00000231/click] to [POST http://127.0.0.1:8201/session/dc1a88ef-730b-4fe2-afab-0087ad1f4d72/element/00000000-0000-05c7-ffff-ffff00000231/click] with body: {"element":"00000000-0000-05c7-ffff-ffff00000231"}
&amp#27;[38;5;32m[AndroidUiautomator2Driver@fb3b (5cabbd15)]&amp#27;[0m Got response with status 200: {"sessionId":"dc1a88ef-730b-4fe2-afab-0087ad1f4d72","value":null}
&amp#27;[38;5;32m[AndroidUiautomator2Driver@fb3b (5cabbd15)]&amp#27;[0m Responding to client with driver.click() result: null
&amp#27;[38;5;0m[HTTP]&amp#27;[0m &amp#27;[37m<-- POST /session/5cabbd15-7e20-42e4-8d48-d95ee721e291/element/00000000-0000-05c7-ffff-ffff00000231/click &amp#27;[39m&amp#27;[32m200&amp#27;[39m &amp#27;[90m49 ms - 14&amp#27;[39m
&amp#27;[38;5;0m[HTTP]&amp#27;[0m &amp#27;[90m&amp#27;[39m
&amp#27;[38;5;0m[HTTP]&amp#27;[0m &amp#27;[37m-->&amp#27;[39m &amp#27;[37mGET&amp#27;[39m &amp#27;[37m/session/5cabbd15-7e20-42e4-8d48-d95ee721e291/context&amp#27;[39m
&amp#27;[38;5;0m[HTTP]&amp#27;[0m &amp#27;[90m{}&amp#27;[39m
&amp#27;[38;5;32m[AndroidUiautomator2Driver@fb3b (5cabbd15)]&amp#27;[0m Calling AppiumDriver.getCurrentContext() with args: ["5cabbd15-7e20-42e4-8d48-d95ee721e291"]
&amp#27;[38;5;32m[AndroidUiautomator2Driver@fb3b (5cabbd15)]&amp#27;[0m Responding to client with driver.getCurrentContext() result: "NATIVE_APP"
&amp#27;[38;5;0m[HTTP]&amp#27;[0m &amp#27;[37m<-- GET /session/5cabbd15-7e20-42e4-8d48-d95ee721e291/context &amp#27;[39m&amp#27;[32m200&amp#27;[39m &amp#27;[90m1 ms - 22&amp#27;[39m
&amp#27;[38;5;0m[HTTP]&amp#27;[0m &amp#27;[90m&amp#27;[39m
&amp#27;[38;5;0m[HTTP]&amp#27;[0m &amp#27;[37m-->&amp#27;[39m &amp#27;[37mPOST&amp#27;[39m &amp#27;[37m/session/5cabbd15-7e20-42e4-8d48-d95ee721e291/element&amp#27;[39m
&amp#27;[38;5;0m[HTTP]&amp#27;[0m &amp#27;[90m{"using":"class name","value":"android.widget.TextView"}&amp#27;[39m
&amp#27;[38;5;32m[AndroidUiautomator2Driver@fb3b (5cabbd15)]&amp#27;[0m Calling AppiumDriver.findElement() with args: ["class name","android.widget.TextView","5cabbd15-7e20-42e4-8d48-d95ee721e291"]
&amp#27;[38;5;32m[AndroidUiautomator2Driver@fb3b (5cabbd15)]&amp#27;[0m Valid locator strategies for this request: xpath, id, class name, accessibility id, css selector, -android uiautomator
&amp#27;[38;5;32m[AndroidUiautomator2Driver@fb3b (5cabbd15)]&amp#27;[0m Waiting up to 10000 ms for condition
&amp#27;[38;5;32m[AndroidUiautomator2Driver@fb3b (5cabbd15)]&amp#27;[0m Matched '/element' to command name 'findElement'
&amp#27;[38;5;32m[AndroidUiautomator2Driver@fb3b (5cabbd15)]&amp#27;[0m Proxying [POST /element] to [POST http://127.0.0.1:8201/session/dc1a88ef-730b-4fe2-afab-0087ad1f4d72/element] with body: {"strategy":"class name","selector":"android.widget.TextView","context":"","multiple":false}
&amp#27;[38;5;32m[AndroidUiautomator2Driver@fb3b (5cabbd15)]&amp#27;[0m Got response with status 404: {"sessionId":"dc1a88ef-730b-4fe2-afab-0087ad1f4d72","value":{"error":"no such element","message":"An element could not be located on the page using the given search parameters","stacktrace":"io.appium.uiautomator2.common.exceptions.ElementNotFoundException: An element could not be located on the page using the given search parameters\n\tat io.appium.uiautomator2.handler.FindElement.safeHandle(FindElement.java:63)\n\tat io.appium.uiautomator2.handler.request.SafeRequestHandler.handle(SafeRequestHandler.java:59)\n\tat io.appium.uiautomator2.server.AppiumServlet.handleRequest(AppiumServlet.java:277)\n\tat io.appium.uiautomator2.server.AppiumServlet.handleHttpRequest(AppiumServlet.java:271)\n\tat io.appium.uiautomator2.http.ServerHandler.channelRead(ServerHandler.java:77)\n\tat io.netty.channel.AbstractChannelHandlerContext.invokeChannelRead(AbstractChannelHandlerContext.java:366)\n\tat io.netty.channel.AbstractChannelHandlerContext.invokeChannelRead(AbstractChannelHandlerContext.java:352)\n\tat io.netty.chann...
&amp#27;[38;5;128m[W3C]&amp#27;[0m Matched W3C error code 'no such element' to NoSuchElementError
&amp#27;[38;5;32m[AndroidUiautomator2Driver@fb3b (5cabbd15)]&amp#27;[0m Waited for 68 ms so far
&amp#27;[38;5;32m[AndroidUiautomator2Driver@fb3b (5cabbd15)]&amp#27;[0m Matched '/element' to command name 'findElement'
&amp#27;[38;5;32m[AndroidUiautomator2Driver@fb3b (5cabbd15)]&amp#27;[0m Proxying [POST /element] to [POST http://127.0.0.1:8201/session/dc1a88ef-730b-4fe2-afab-0087ad1f4d72/element] with body: {"strategy":"class name","selector":"android.widget.TextView","context":"","multiple":false}
&amp#27;[38;5;32m[AndroidUiautomator2Driver@fb3b (5cabbd15)]&amp#27;[0m Got response with status 200: {"sessionId":"dc1a88ef-730b-4fe2-afab-0087ad1f4d72","value":{"ELEMENT":"00000000-0000-05d0-ffff-ffff000002ad","element-6066-11e4-a52e-4f735466cecf":"00000000-0000-05d0-ffff-ffff000002ad"}}
&amp#27;[38;5;32m[AndroidUiautomator2Driver@fb3b (5cabbd15)]&amp#27;[0m Responding to client with driver.findElement() result: {"element-6066-11e4-a52e-4f735466cecf":"00000000-0000-05d0-ffff-ffff000002ad","ELEMENT":"00000000-0000-05d0-ffff-ffff000002ad"}
&amp#27;[38;5;0m[HTTP]&amp#27;[0m &amp#27;[37m<-- POST /session/5cabbd15-7e20-42e4-8d48-d95ee721e291/element &amp#27;[39m&amp#27;[32m200&amp#27;[39m &amp#27;[90m618 ms - 137&amp#27;[39m
&amp#27;[38;5;0m[HTTP]&amp#27;[0m &amp#27;[90m&amp#27;[39m
&amp#27;[38;5;0m[HTTP]&amp#27;[0m &amp#27;[37m-->&amp#27;[39m &amp#27;[37mGET&amp#27;[39m &amp#27;[37m/session/5cabbd15-7e20-42e4-8d48-d95ee721e291/element/00000000-0000-05d0-ffff-ffff000002ad/text&amp#27;[39m
&amp#27;[38;5;0m[HTTP]&amp#27;[0m &amp#27;[90m{}&amp#27;[39m
&amp#27;[38;5;32m[AndroidUiautomator2Driver@fb3b (5cabbd15)]&amp#27;[0m Driver proxy active, passing request on via HTTP proxy
&amp#27;[38;5;32m[AndroidUiautomator2Driver@fb3b (5cabbd15)]&amp#27;[0m Matched '/session/5cabbd15-7e20-42e4-8d48-d95ee721e291/element/00000000-0000-05d0-ffff-ffff000002ad/text' to command name 'getText'
&amp#27;[38;5;32m[AndroidUiautomator2Driver@fb3b (5cabbd15)]&amp#27;[0m Proxying [GET /session/5cabbd15-7e20-42e4-8d48-d95ee721e291/element/00000000-0000-05d0-ffff-ffff000002ad/text] to [GET http://127.0.0.1:8201/session/dc1a88ef-730b-4fe2-afab-0087ad1f4d72/element/00000000-0000-05d0-ffff-ffff000002ad/text] with no body
&amp#27;[38;5;32m[AndroidUiautomator2Driver@fb3b (5cabbd15)]&amp#27;[0m Got response with status 200: {"sessionId":"dc1a88ef-730b-4fe2-afab-0087ad1f4d72","value":"Thank you for submitting your review!"}
&amp#27;[38;5;32m[AndroidUiautomator2Driver@fb3b (5cabbd15)]&amp#27;[0m Replacing sessionId dc1a88ef-730b-4fe2-afab-0087ad1f4d72 with 5cabbd15-7e20-42e4-8d48-d95ee721e291
&amp#27;[38;5;0m[HTTP]&amp#27;[0m &amp#27;[37m<-- GET /session/5cabbd15-7e20-42e4-8d48-d95ee721e291/element/00000000-0000-05d0-ffff-ffff000002ad/text &amp#27;[39m&amp#27;[32m200&amp#27;[39m &amp#27;[90m26 ms - 100&amp#27;[39m
&amp#27;[38;5;0m[HTTP]&amp#27;[0m &amp#27;[90m&amp#27;[39m
&amp#27;[38;5;0m[HTTP]&amp#27;[0m &amp#27;[37m-->&amp#27;[39m &amp#27;[37mGET&amp#27;[39m &amp#27;[37m/session/5cabbd15-7e20-42e4-8d48-d95ee721e291/context&amp#27;[39m
&amp#27;[38;5;0m[HTTP]&amp#27;[0m &amp#27;[90m{}&amp#27;[39m
&amp#27;[38;5;32m[AndroidUiautomator2Driver@fb3b (5cabbd15)]&amp#27;[0m Calling AppiumDriver.getCurrentContext() with args: ["5cabbd15-7e20-42e4-8d48-d95ee721e291"]
&amp#27;[38;5;32m[AndroidUiautomator2Driver@fb3b (5cabbd15)]&amp#27;[0m Responding to client with driver.getCurrentContext() result: "NATIVE_APP"
&amp#27;[38;5;0m[HTTP]&amp#27;[0m &amp#27;[37m<-- GET /session/5cabbd15-7e20-42e4-8d48-d95ee721e291/context &amp#27;[39m&amp#27;[32m200&amp#27;[39m &amp#27;[90m1 ms - 22&amp#27;[39m
&amp#27;[38;5;0m[HTTP]&amp#27;[0m &amp#27;[90m&amp#27;[39m
&amp#27;[38;5;0m[HTTP]&amp#27;[0m &amp#27;[37m-->&amp#27;[39m &amp#27;[37mPOST&amp#27;[39m &amp#27;[37m/session/5cabbd15-7e20-42e4-8d48-d95ee721e291/element&amp#27;[39m
&amp#27;[38;5;0m[HTTP]&amp#27;[0m &amp#27;[90m{"using":"accessibility id","value":"Close Modal button"}&amp#27;[39m
&amp#27;[38;5;32m[AndroidUiautomator2Driver@fb3b (5cabbd15)]&amp#27;[0m Calling AppiumDriver.findElement() with args: ["accessibility id","Close Modal button","5cabbd15-7e20-42e4-8d48-d95ee721e291"]
&amp#27;[38;5;32m[AndroidUiautomator2Driver@fb3b (5cabbd15)]&amp#27;[0m Valid locator strategies for this request: xpath, id, class name, accessibility id, css selector, -android uiautomator
&amp#27;[38;5;32m[AndroidUiautomator2Driver@fb3b (5cabbd15)]&amp#27;[0m Waiting up to 10000 ms for condition
&amp#27;[38;5;32m[AndroidUiautomator2Driver@fb3b (5cabbd15)]&amp#27;[0m Matched '/element' to command name 'findElement'
&amp#27;[38;5;32m[AndroidUiautomator2Driver@fb3b (5cabbd15)]&amp#27;[0m Proxying [POST /element] to [POST http://127.0.0.1:8201/session/dc1a88ef-730b-4fe2-afab-0087ad1f4d72/element] with body: {"strategy":"accessibility id","selector":"Close Modal button","context":"","multiple":false}
&amp#27;[38;5;32m[AndroidUiautomator2Driver@fb3b (5cabbd15)]&amp#27;[0m Got response with status 200: {"sessionId":"dc1a88ef-730b-4fe2-afab-0087ad1f4d72","value":{"ELEMENT":"00000000-0000-05d0-ffff-ffff000002ae","element-6066-11e4-a52e-4f735466cecf":"00000000-0000-05d0-ffff-ffff000002ae"}}
&amp#27;[38;5;32m[AndroidUiautomator2Driver@fb3b (5cabbd15)]&amp#27;[0m Responding to client with driver.findElement() result: {"element-6066-11e4-a52e-4f735466cecf":"00000000-0000-05d0-ffff-ffff000002ae","ELEMENT":"00000000-0000-05d0-ffff-ffff000002ae"}
&amp#27;[38;5;0m[HTTP]&amp#27;[0m &amp#27;[37m<-- POST /session/5cabbd15-7e20-42e4-8d48-d95ee721e291/element &amp#27;[39m&amp#27;[32m200&amp#27;[39m &amp#27;[90m52 ms - 137&amp#27;[39m
&amp#27;[38;5;0m[HTTP]&amp#27;[0m &amp#27;[90m&amp#27;[39m
&amp#27;[38;5;0m[HTTP]&amp#27;[0m &amp#27;[37m-->&amp#27;[39m &amp#27;[37mPOST&amp#27;[39m &amp#27;[37m/session/5cabbd15-7e20-42e4-8d48-d95ee721e291/element/00000000-0000-05d0-ffff-ffff000002ae/click&amp#27;[39m
&amp#27;[38;5;0m[HTTP]&amp#27;[0m &amp#27;[90m{"id":"00000000-0000-05d0-ffff-ffff000002ae"}&amp#27;[39m
&amp#27;[38;5;32m[AndroidUiautomator2Driver@fb3b (5cabbd15)]&amp#27;[0m Calling AppiumDriver.click() with args: ["00000000-0000-05d0-ffff-ffff000002ae","5cabbd15-7e20-42e4-8d48-d95ee721e291"]
&amp#27;[38;5;32m[AndroidUiautomator2Driver@fb3b (5cabbd15)]&amp#27;[0m Matched '/element/00000000-0000-05d0-ffff-ffff000002ae/click' to command name 'click'
&amp#27;[38;5;32m[AndroidUiautomator2Driver@fb3b (5cabbd15)]&amp#27;[0m Proxying [POST /element/00000000-0000-05d0-ffff-ffff000002ae/click] to [POST http://127.0.0.1:8201/session/dc1a88ef-730b-4fe2-afab-0087ad1f4d72/element/00000000-0000-05d0-ffff-ffff000002ae/click] with body: {"element":"00000000-0000-05d0-ffff-ffff000002ae"}
&amp#27;[38;5;32m[AndroidUiautomator2Driver@fb3b (5cabbd15)]&amp#27;[0m Got response with status 200: {"sessionId":"dc1a88ef-730b-4fe2-afab-0087ad1f4d72","value":null}
&amp#27;[38;5;32m[AndroidUiautomator2Driver@fb3b (5cabbd15)]&amp#27;[0m Responding to client with driver.click() result: null
&amp#27;[38;5;0m[HTTP]&amp#27;[0m &amp#27;[37m<-- POST /session/5cabbd15-7e20-42e4-8d48-d95ee721e291/element/00000000-0000-05d0-ffff-ffff000002ae/click &amp#27;[39m&amp#27;[32m200&amp#27;[39m &amp#27;[90m50 ms - 14&amp#27;[39m
&amp#27;[38;5;0m[HTTP]&amp#27;[0m &amp#27;[90m&amp#27;[39m
&amp#27;[38;5;0m[HTTP]&amp#27;[0m &amp#27;[37m-->&amp#27;[39m &amp#27;[37mGET&amp#27;[39m &amp#27;[37m/session/5cabbd15-7e20-42e4-8d48-d95ee721e291/context&amp#27;[39m
&amp#27;[38;5;0m[HTTP]&amp#27;[0m &amp#27;[90m{}&amp#27;[39m
&amp#27;[38;5;32m[AndroidUiautomator2Driver@fb3b (5cabbd15)]&amp#27;[0m Calling AppiumDriver.getCurrentContext() with args: ["5cabbd15-7e20-42e4-8d48-d95ee721e291"]
&amp#27;[38;5;32m[AndroidUiautomator2Driver@fb3b (5cabbd15)]&amp#27;[0m Responding to client with driver.getCurrentContext() result: "NATIVE_APP"
&amp#27;[38;5;0m[HTTP]&amp#27;[0m &amp#27;[37m<-- GET /session/5cabbd15-7e20-42e4-8d48-d95ee721e291/context &amp#27;[39m&amp#27;[32m200&amp#27;[39m &amp#27;[90m1 ms - 22&amp#27;[39m
&amp#27;[38;5;0m[HTTP]&amp#27;[0m &amp#27;[90m&amp#27;[39m
&amp#27;[38;5;0m[HTTP]&amp#27;[0m &amp#27;[37m-->&amp#27;[39m &amp#27;[37mPOST&amp#27;[39m &amp#27;[37m/session/5cabbd15-7e20-42e4-8d48-d95ee721e291/elements&amp#27;[39m
&amp#27;[38;5;0m[HTTP]&amp#27;[0m &amp#27;[90m{"using":"xpath","value":"//android.view.ViewGroup[@content-desc='store item']"}&amp#27;[39m
&amp#27;[38;5;32m[AndroidUiautomator2Driver@fb3b (5cabbd15)]&amp#27;[0m Calling AppiumDriver.findElements() with args: ["xpath","//android.view.ViewGroup[@content-desc='store item']","5cabbd15-7e20-42e4-8d48-d95ee721e291"]
&amp#27;[38;5;32m[AndroidUiautomator2Driver@fb3b (5cabbd15)]&amp#27;[0m Valid locator strategies for this request: xpath, id, class name, accessibility id, css selector, -android uiautomator
&amp#27;[38;5;32m[AndroidUiautomator2Driver@fb3b (5cabbd15)]&amp#27;[0m Waiting up to 10000 ms for condition
&amp#27;[38;5;32m[AndroidUiautomator2Driver@fb3b (5cabbd15)]&amp#27;[0m Matched '/elements' to command name 'findElements'
&amp#27;[38;5;32m[AndroidUiautomator2Driver@fb3b (5cabbd15)]&amp#27;[0m Proxying [POST /elements] to [POST http://127.0.0.1:8201/session/dc1a88ef-730b-4fe2-afab-0087ad1f4d72/elements] with body: {"strategy":"xpath","selector":"//android.view.ViewGroup[@content-desc='store item']","context":"","multiple":true}
&amp#27;[38;5;32m[AndroidUiautomator2Driver@fb3b (5cabbd15)]&amp#27;[0m Got response with status 200: {"sessionId":"dc1a88ef-730b-4fe2-afab-0087ad1f4d72","value":[]}
&amp#27;[38;5;32m[AndroidUiautomator2Driver@fb3b (5cabbd15)]&amp#27;[0m Waited for 132 ms so far
&amp#27;[38;5;32m[AndroidUiautomator2Driver@fb3b (5cabbd15)]&amp#27;[0m Matched '/elements' to command name 'findElements'
&amp#27;[38;5;32m[AndroidUiautomator2Driver@fb3b (5cabbd15)]&amp#27;[0m Proxying [POST /elements] to [POST http://127.0.0.1:8201/session/dc1a88ef-730b-4fe2-afab-0087ad1f4d72/elements] with body: {"strategy":"xpath","selector":"//android.view.ViewGroup[@content-desc='store item']","context":"","multiple":true}
&amp#27;[38;5;32m[AndroidUiautomator2Driver@fb3b (5cabbd15)]&amp#27;[0m Got response with status 200: {"sessionId":"dc1a88ef-730b-4fe2-afab-0087ad1f4d72","value":[{"ELEMENT":"00000000-0000-05c7-ffff-ffff0000022c","element-6066-11e4-a52e-4f735466cecf":"00000000-0000-05c7-ffff-ffff0000022c"},{"ELEMENT":"00000000-0000-05c7-ffff-ffff0000023b","element-6066-11e4-a52e-4f735466cecf":"00000000-0000-05c7-ffff-ffff0000023b"},{"ELEMENT":"00000000-0000-05c7-ffff-ffff0000024b","element-6066-11e4-a52e-4f735466cecf":"00000000-0000-05c7-ffff-ffff0000024b"},{"ELEMENT":"00000000-0000-05c7-ffff-ffff0000025a","element-6066-11e4-a52e-4f735466cecf":"00000000-0000-05c7-ffff-ffff0000025a"},{"ELEMENT":"00000000-0000-05c7-ffff-ffff0000026a","element-6066-11e4-a52e-4f735466cecf":"00000000-0000-05c7-ffff-ffff0000026a"},{"ELEMENT":"00000000-0000-05c7-ffff-ffff00000279","element-6066-11e4-a52e-4f735466cecf":"00000000-0000-05c7-ffff-ffff00000279"}]}
&amp#27;[38;5;32m[AndroidUiautomator2Driver@fb3b (5cabbd15)]&amp#27;[0m Responding to client with driver.findElements() result: [{"element-6066-11e4-a52e-4f735466cecf":"00000000-0000-05c7-ffff-ffff0000022c","ELEMENT":"00000000-0000-05c7-ffff-ffff0000022c"},{"element-6066-11e4-a52e-4f735466cecf":"00000000-0000-05c7-ffff-ffff0000023b","ELEMENT":"00000000-0000-05c7-ffff-ffff0000023b"},{"element-6066-11e4-a52e-4f735466cecf":"00000000-0000-05c7-ffff-ffff0000024b","ELEMENT":"00000000-0000-05c7-ffff-ffff0000024b"},{"element-6066-11e4-a52e-4f735466cecf":"00000000-0000-05c7-ffff-ffff0000025a","ELEMENT":"00000000-0000-05c7-ffff-ffff0000025a"},{"element-6066-11e4-a52e-4f735466cecf":"00000000-0000-05c7-ffff-ffff0000026a","ELEMENT":"00000000-0000-05c7-ffff-ffff0000026a"},{"element-6066-11e4-a52e-4f735466cecf":"00000000-0000-05c7-ffff-ffff00000279","ELEMENT":"00000000-0000-05c7-ffff-ffff00000279"}]
&amp#27;[38;5;0m[HTTP]&amp#27;[0m &amp#27;[37m<-- POST /session/5cabbd15-7e20-42e4-8d48-d95ee721e291/elements &amp#27;[39m&amp#27;[32m200&amp#27;[39m &amp#27;[90m1191 ms - 779&amp#27;[39m
&amp#27;[38;5;0m[HTTP]&amp#27;[0m &amp#27;[90m&amp#27;[39m
&amp#27;[38;5;0m[HTTP]&amp#27;[0m &amp#27;[37m-->&amp#27;[39m &amp#27;[37mPOST&amp#27;[39m &amp#27;[37m/session/5cabbd15-7e20-42e4-8d48-d95ee721e291/element/00000000-0000-05c7-ffff-ffff0000022c/element&amp#27;[39m
&amp#27;[38;5;0m[HTTP]&amp#27;[0m &amp#27;[90m{"id":"00000000-0000-05c7-ffff-ffff0000022c","using":"xpath","value":"//android.view.ViewGroup[@content-desc='review star 2']"}&amp#27;[39m
&amp#27;[38;5;32m[AndroidUiautomator2Driver@fb3b (5cabbd15)]&amp#27;[0m Calling AppiumDriver.findElementFromElement() with args: ["xpath","//android.view.ViewGroup[@content-desc='review star 2']","00000000-0000-05c7-ffff-ffff0000022c","5cabbd15-7e20-42e4-8d48-d95ee721e291"]
&amp#27;[38;5;32m[AndroidUiautomator2Driver@fb3b (5cabbd15)]&amp#27;[0m Valid locator strategies for this request: xpath, id, class name, accessibility id, css selector, -android uiautomator
&amp#27;[38;5;32m[AndroidUiautomator2Driver@fb3b (5cabbd15)]&amp#27;[0m Waiting up to 10000 ms for condition
&amp#27;[38;5;32m[AndroidUiautomator2Driver@fb3b (5cabbd15)]&amp#27;[0m Matched '/element' to command name 'findElement'
&amp#27;[38;5;32m[AndroidUiautomator2Driver@fb3b (5cabbd15)]&amp#27;[0m Proxying [POST /element] to [POST http://127.0.0.1:8201/session/dc1a88ef-730b-4fe2-afab-0087ad1f4d72/element] with body: {"strategy":"xpath","selector":"//android.view.ViewGroup[@content-desc='review star 2']","context":"00000000-0000-05c7-ffff-ffff0000022c","multiple":false}
&amp#27;[38;5;32m[AndroidUiautomator2Driver@fb3b (5cabbd15)]&amp#27;[0m Got response with status 200: {"sessionId":"dc1a88ef-730b-4fe2-afab-0087ad1f4d72","value":{"ELEMENT":"00000000-0000-05c7-ffff-ffff00000233","element-6066-11e4-a52e-4f735466cecf":"00000000-0000-05c7-ffff-ffff00000233"}}
&amp#27;[38;5;32m[AndroidUiautomator2Driver@fb3b (5cabbd15)]&amp#27;[0m Responding to client with driver.findElementFromElement() result: {"element-6066-11e4-a52e-4f735466cecf":"00000000-0000-05c7-ffff-ffff00000233","ELEMENT":"00000000-0000-05c7-ffff-ffff00000233"}
&amp#27;[38;5;0m[HTTP]&amp#27;[0m &amp#27;[37m<-- POST /session/5cabbd15-7e20-42e4-8d48-d95ee721e291/element/00000000-0000-05c7-ffff-ffff0000022c/element &amp#27;[39m&amp#27;[32m200&amp#27;[39m &amp#27;[90m73 ms - 137&amp#27;[39m
&amp#27;[38;5;0m[HTTP]&amp#27;[0m &amp#27;[90m&amp#27;[39m
&amp#27;[38;5;0m[HTTP]&amp#27;[0m &amp#27;[37m-->&amp#27;[39m &amp#27;[37mPOST&amp#27;[39m &amp#27;[37m/session/5cabbd15-7e20-42e4-8d48-d95ee721e291/element/00000000-0000-05c7-ffff-ffff00000233/click&amp#27;[39m
&amp#27;[38;5;0m[HTTP]&amp#27;[0m &amp#27;[90m{"id":"00000000-0000-05c7-ffff-ffff00000233"}&amp#27;[39m
&amp#27;[38;5;32m[AndroidUiautomator2Driver@fb3b (5cabbd15)]&amp#27;[0m Calling AppiumDriver.click() with args: ["00000000-0000-05c7-ffff-ffff00000233","5cabbd15-7e20-42e4-8d48-d95ee721e291"]
&amp#27;[38;5;32m[AndroidUiautomator2Driver@fb3b (5cabbd15)]&amp#27;[0m Matched '/element/00000000-0000-05c7-ffff-ffff00000233/click' to command name 'click'
&amp#27;[38;5;32m[AndroidUiautomator2Driver@fb3b (5cabbd15)]&amp#27;[0m Proxying [POST /element/00000000-0000-05c7-ffff-ffff00000233/click] to [POST http://127.0.0.1:8201/session/dc1a88ef-730b-4fe2-afab-0087ad1f4d72/element/00000000-0000-05c7-ffff-ffff00000233/click] with body: {"element":"00000000-0000-05c7-ffff-ffff00000233"}
&amp#27;[38;5;32m[AndroidUiautomator2Driver@fb3b (5cabbd15)]&amp#27;[0m Got response with status 200: {"sessionId":"dc1a88ef-730b-4fe2-afab-0087ad1f4d72","value":null}
&amp#27;[38;5;32m[AndroidUiautomator2Driver@fb3b (5cabbd15)]&amp#27;[0m Responding to client with driver.click() result: null
&amp#27;[38;5;0m[HTTP]&amp#27;[0m &amp#27;[37m<-- POST /session/5cabbd15-7e20-42e4-8d48-d95ee721e291/element/00000000-0000-05c7-ffff-ffff00000233/click &amp#27;[39m&amp#27;[32m200&amp#27;[39m &amp#27;[90m45 ms - 14&amp#27;[39m
&amp#27;[38;5;0m[HTTP]&amp#27;[0m &amp#27;[90m&amp#27;[39m
&amp#27;[38;5;0m[HTTP]&amp#27;[0m &amp#27;[37m-->&amp#27;[39m &amp#27;[37mGET&amp#27;[39m &amp#27;[37m/session/5cabbd15-7e20-42e4-8d48-d95ee721e291/context&amp#27;[39m
&amp#27;[38;5;0m[HTTP]&amp#27;[0m &amp#27;[90m{}&amp#27;[39m
&amp#27;[38;5;32m[AndroidUiautomator2Driver@fb3b (5cabbd15)]&amp#27;[0m Calling AppiumDriver.getCurrentContext() with args: ["5cabbd15-7e20-42e4-8d48-d95ee721e291"]
&amp#27;[38;5;32m[AndroidUiautomator2Driver@fb3b (5cabbd15)]&amp#27;[0m Responding to client with driver.getCurrentContext() result: "NATIVE_APP"
&amp#27;[38;5;0m[HTTP]&amp#27;[0m &amp#27;[37m<-- GET /session/5cabbd15-7e20-42e4-8d48-d95ee721e291/context &amp#27;[39m&amp#27;[32m200&amp#27;[39m &amp#27;[90m1 ms - 22&amp#27;[39m
&amp#27;[38;5;0m[HTTP]&amp#27;[0m &amp#27;[90m&amp#27;[39m
&amp#27;[38;5;0m[HTTP]&amp#27;[0m &amp#27;[37m-->&amp#27;[39m &amp#27;[37mPOST&amp#27;[39m &amp#27;[37m/session/5cabbd15-7e20-42e4-8d48-d95ee721e291/element&amp#27;[39m
&amp#27;[38;5;0m[HTTP]&amp#27;[0m &amp#27;[90m{"using":"class name","value":"android.widget.TextView"}&amp#27;[39m
&amp#27;[38;5;32m[AndroidUiautomator2Driver@fb3b (5cabbd15)]&amp#27;[0m Calling AppiumDriver.findElement() with args: ["class name","android.widget.TextView","5cabbd15-7e20-42e4-8d48-d95ee721e291"]
&amp#27;[38;5;32m[AndroidUiautomator2Driver@fb3b (5cabbd15)]&amp#27;[0m Valid locator strategies for this request: xpath, id, class name, accessibility id, css selector, -android uiautomator
&amp#27;[38;5;32m[AndroidUiautomator2Driver@fb3b (5cabbd15)]&amp#27;[0m Waiting up to 10000 ms for condition
&amp#27;[38;5;32m[AndroidUiautomator2Driver@fb3b (5cabbd15)]&amp#27;[0m Matched '/element' to command name 'findElement'
&amp#27;[38;5;32m[AndroidUiautomator2Driver@fb3b (5cabbd15)]&amp#27;[0m Proxying [POST /element] to [POST http://127.0.0.1:8201/session/dc1a88ef-730b-4fe2-afab-0087ad1f4d72/element] with body: {"strategy":"class name","selector":"android.widget.TextView","context":"","multiple":false}
&amp#27;[38;5;32m[AndroidUiautomator2Driver@fb3b (5cabbd15)]&amp#27;[0m Got response with status 404: {"sessionId":"dc1a88ef-730b-4fe2-afab-0087ad1f4d72","value":{"error":"no such element","message":"An element could not be located on the page using the given search parameters","stacktrace":"io.appium.uiautomator2.common.exceptions.ElementNotFoundException: An element could not be located on the page using the given search parameters\n\tat io.appium.uiautomator2.handler.FindElement.safeHandle(FindElement.java:63)\n\tat io.appium.uiautomator2.handler.request.SafeRequestHandler.handle(SafeRequestHandler.java:59)\n\tat io.appium.uiautomator2.server.AppiumServlet.handleRequest(AppiumServlet.java:277)\n\tat io.appium.uiautomator2.server.AppiumServlet.handleHttpRequest(AppiumServlet.java:271)\n\tat io.appium.uiautomator2.http.ServerHandler.channelRead(ServerHandler.java:77)\n\tat io.netty.channel.AbstractChannelHandlerContext.invokeChannelRead(AbstractChannelHandlerContext.java:366)\n\tat io.netty.channel.AbstractChannelHandlerContext.invokeChannelRead(AbstractChannelHandlerContext.java:352)\n\tat io.netty.chann...
&amp#27;[38;5;128m[W3C]&amp#27;[0m Matched W3C error code 'no such element' to NoSuchElementError
&amp#27;[38;5;32m[AndroidUiautomator2Driver@fb3b (5cabbd15)]&amp#27;[0m Waited for 85 ms so far
&amp#27;[38;5;32m[AndroidUiautomator2Driver@fb3b (5cabbd15)]&amp#27;[0m Matched '/element' to command name 'findElement'
&amp#27;[38;5;32m[AndroidUiautomator2Driver@fb3b (5cabbd15)]&amp#27;[0m Proxying [POST /element] to [POST http://127.0.0.1:8201/session/dc1a88ef-730b-4fe2-afab-0087ad1f4d72/element] with body: {"strategy":"class name","selector":"android.widget.TextView","context":"","multiple":false}
&amp#27;[38;5;32m[AndroidUiautomator2Driver@fb3b (5cabbd15)]&amp#27;[0m Got response with status 200: {"sessionId":"dc1a88ef-730b-4fe2-afab-0087ad1f4d72","value":{"ELEMENT":"00000000-0000-05d1-ffff-ffff000002ba","element-6066-11e4-a52e-4f735466cecf":"00000000-0000-05d1-ffff-ffff000002ba"}}
&amp#27;[38;5;32m[AndroidUiautomator2Driver@fb3b (5cabbd15)]&amp#27;[0m Responding to client with driver.findElement() result: {"element-6066-11e4-a52e-4f735466cecf":"00000000-0000-05d1-ffff-ffff000002ba","ELEMENT":"00000000-0000-05d1-ffff-ffff000002ba"}
&amp#27;[38;5;0m[HTTP]&amp#27;[0m &amp#27;[37m<-- POST /session/5cabbd15-7e20-42e4-8d48-d95ee721e291/element &amp#27;[39m&amp#27;[32m200&amp#27;[39m &amp#27;[90m692 ms - 137&amp#27;[39m
&amp#27;[38;5;0m[HTTP]&amp#27;[0m &amp#27;[90m&amp#27;[39m
&amp#27;[38;5;0m[HTTP]&amp#27;[0m &amp#27;[37m-->&amp#27;[39m &amp#27;[37mGET&amp#27;[39m &amp#27;[37m/session/5cabbd15-7e20-42e4-8d48-d95ee721e291/element/00000000-0000-05d1-ffff-ffff000002ba/text&amp#27;[39m
&amp#27;[38;5;0m[HTTP]&amp#27;[0m &amp#27;[90m{}&amp#27;[39m
&amp#27;[38;5;32m[AndroidUiautomator2Driver@fb3b (5cabbd15)]&amp#27;[0m Driver proxy active, passing request on via HTTP proxy
&amp#27;[38;5;32m[AndroidUiautomator2Driver@fb3b (5cabbd15)]&amp#27;[0m Matched '/session/5cabbd15-7e20-42e4-8d48-d95ee721e291/element/00000000-0000-05d1-ffff-ffff000002ba/text' to command name 'getText'
&amp#27;[38;5;32m[AndroidUiautomator2Driver@fb3b (5cabbd15)]&amp#27;[0m Proxying [GET /session/5cabbd15-7e20-42e4-8d48-d95ee721e291/element/00000000-0000-05d1-ffff-ffff000002ba/text] to [GET http://127.0.0.1:8201/session/dc1a88ef-730b-4fe2-afab-0087ad1f4d72/element/00000000-0000-05d1-ffff-ffff000002ba/text] with no body
&amp#27;[38;5;32m[AndroidUiautomator2Driver@fb3b (5cabbd15)]&amp#27;[0m Got response with status 200: {"sessionId":"dc1a88ef-730b-4fe2-afab-0087ad1f4d72","value":"Thank you for submitting your review!"}
&amp#27;[38;5;32m[AndroidUiautomator2Driver@fb3b (5cabbd15)]&amp#27;[0m Replacing sessionId dc1a88ef-730b-4fe2-afab-0087ad1f4d72 with 5cabbd15-7e20-42e4-8d48-d95ee721e291
&amp#27;[38;5;0m[HTTP]&amp#27;[0m &amp#27;[37m<-- GET /session/5cabbd15-7e20-42e4-8d48-d95ee721e291/element/00000000-0000-05d1-ffff-ffff000002ba/text &amp#27;[39m&amp#27;[32m200&amp#27;[39m &amp#27;[90m26 ms - 100&amp#27;[39m
&amp#27;[38;5;0m[HTTP]&amp#27;[0m &amp#27;[90m&amp#27;[39m
&amp#27;[38;5;0m[HTTP]&amp#27;[0m &amp#27;[37m-->&amp#27;[39m &amp#27;[37mGET&amp#27;[39m &amp#27;[37m/session/5cabbd15-7e20-42e4-8d48-d95ee721e291/context&amp#27;[39m
&amp#27;[38;5;0m[HTTP]&amp#27;[0m &amp#27;[90m{}&amp#27;[39m
&amp#27;[38;5;32m[AndroidUiautomator2Driver@fb3b (5cabbd15)]&amp#27;[0m Calling AppiumDriver.getCurrentContext() with args: ["5cabbd15-7e20-42e4-8d48-d95ee721e291"]
&amp#27;[38;5;32m[AndroidUiautomator2Driver@fb3b (5cabbd15)]&amp#27;[0m Responding to client with driver.getCurrentContext() result: "NATIVE_APP"
&amp#27;[38;5;0m[HTTP]&amp#27;[0m &amp#27;[37m<-- GET /session/5cabbd15-7e20-42e4-8d48-d95ee721e291/context &amp#27;[39m&amp#27;[32m200&amp#27;[39m &amp#27;[90m1 ms - 22&amp#27;[39m
&amp#27;[38;5;0m[HTTP]&amp#27;[0m &amp#27;[90m&amp#27;[39m
&amp#27;[38;5;0m[HTTP]&amp#27;[0m &amp#27;[37m-->&amp#27;[39m &amp#27;[37mPOST&amp#27;[39m &amp#27;[37m/session/5cabbd15-7e20-42e4-8d48-d95ee721e291/element&amp#27;[39m
&amp#27;[38;5;0m[HTTP]&amp#27;[0m &amp#27;[90m{"using":"accessibility id","value":"Close Modal button"}&amp#27;[39m
&amp#27;[38;5;32m[AndroidUiautomator2Driver@fb3b (5cabbd15)]&amp#27;[0m Calling AppiumDriver.findElement() with args: ["accessibility id","Close Modal button","5cabbd15-7e20-42e4-8d48-d95ee721e291"]
&amp#27;[38;5;32m[AndroidUiautomator2Driver@fb3b (5cabbd15)]&amp#27;[0m Valid locator strategies for this request: xpath, id, class name, accessibility id, css selector, -android uiautomator
&amp#27;[38;5;32m[AndroidUiautomator2Driver@fb3b (5cabbd15)]&amp#27;[0m Waiting up to 10000 ms for condition
&amp#27;[38;5;32m[AndroidUiautomator2Driver@fb3b (5cabbd15)]&amp#27;[0m Matched '/element' to command name 'findElement'
&amp#27;[38;5;32m[AndroidUiautomator2Driver@fb3b (5cabbd15)]&amp#27;[0m Proxying [POST /element] to [POST http://127.0.0.1:8201/session/dc1a88ef-730b-4fe2-afab-0087ad1f4d72/element] with body: {"strategy":"accessibility id","selector":"Close Modal button","context":"","multiple":false}
&amp#27;[38;5;32m[AndroidUiautomator2Driver@fb3b (5cabbd15)]&amp#27;[0m Got response with status 200: {"sessionId":"dc1a88ef-730b-4fe2-afab-0087ad1f4d72","value":{"ELEMENT":"00000000-0000-05d1-ffff-ffff000002bb","element-6066-11e4-a52e-4f735466cecf":"00000000-0000-05d1-ffff-ffff000002bb"}}
&amp#27;[38;5;32m[AndroidUiautomator2Driver@fb3b (5cabbd15)]&amp#27;[0m Responding to client with driver.findElement() result: {"element-6066-11e4-a52e-4f735466cecf":"00000000-0000-05d1-ffff-ffff000002bb","ELEMENT":"00000000-0000-05d1-ffff-ffff000002bb"}
&amp#27;[38;5;0m[HTTP]&amp#27;[0m &amp#27;[37m<-- POST /session/5cabbd15-7e20-42e4-8d48-d95ee721e291/element &amp#27;[39m&amp#27;[32m200&amp#27;[39m &amp#27;[90m42 ms - 137&amp#27;[39m
&amp#27;[38;5;0m[HTTP]&amp#27;[0m &amp#27;[90m&amp#27;[39m
&amp#27;[38;5;0m[HTTP]&amp#27;[0m &amp#27;[37m-->&amp#27;[39m &amp#27;[37mPOST&amp#27;[39m &amp#27;[37m/session/5cabbd15-7e20-42e4-8d48-d95ee721e291/element/00000000-0000-05d1-ffff-ffff000002bb/click&amp#27;[39m
&amp#27;[38;5;0m[HTTP]&amp#27;[0m &amp#27;[90m{"id":"00000000-0000-05d1-ffff-ffff000002bb"}&amp#27;[39m
&amp#27;[38;5;32m[AndroidUiautomator2Driver@fb3b (5cabbd15)]&amp#27;[0m Calling AppiumDriver.click() with args: ["00000000-0000-05d1-ffff-ffff000002bb","5cabbd15-7e20-42e4-8d48-d95ee721e291"]
&amp#27;[38;5;32m[AndroidUiautomator2Driver@fb3b (5cabbd15)]&amp#27;[0m Matched '/element/00000000-0000-05d1-ffff-ffff000002bb/click' to command name 'click'
&amp#27;[38;5;32m[AndroidUiautomator2Driver@fb3b (5cabbd15)]&amp#27;[0m Proxying [POST /element/00000000-0000-05d1-ffff-ffff000002bb/click] to [POST http://127.0.0.1:8201/session/dc1a88ef-730b-4fe2-afab-0087ad1f4d72/element/00000000-0000-05d1-ffff-ffff000002bb/click] with body: {"element":"00000000-0000-05d1-ffff-ffff000002bb"}
&amp#27;[38;5;32m[AndroidUiautomator2Driver@fb3b (5cabbd15)]&amp#27;[0m Got response with status 200: {"sessionId":"dc1a88ef-730b-4fe2-afab-0087ad1f4d72","value":null}
&amp#27;[38;5;32m[AndroidUiautomator2Driver@fb3b (5cabbd15)]&amp#27;[0m Responding to client with driver.click() result: null
&amp#27;[38;5;0m[HTTP]&amp#27;[0m &amp#27;[37m<-- POST /session/5cabbd15-7e20-42e4-8d48-d95ee721e291/element/00000000-0000-05d1-ffff-ffff000002bb/click &amp#27;[39m&amp#27;[32m200&amp#27;[39m &amp#27;[90m49 ms - 14&amp#27;[39m
&amp#27;[38;5;0m[HTTP]&amp#27;[0m &amp#27;[90m&amp#27;[39m
&amp#27;[38;5;0m[HTTP]&amp#27;[0m &amp#27;[37m-->&amp#27;[39m &amp#27;[37mGET&amp#27;[39m &amp#27;[37m/session/5cabbd15-7e20-42e4-8d48-d95ee721e291/context&amp#27;[39m
&amp#27;[38;5;0m[HTTP]&amp#27;[0m &amp#27;[90m{}&amp#27;[39m
&amp#27;[38;5;32m[AndroidUiautomator2Driver@fb3b (5cabbd15)]&amp#27;[0m Calling AppiumDriver.getCurrentContext() with args: ["5cabbd15-7e20-42e4-8d48-d95ee721e291"]
&amp#27;[38;5;32m[AndroidUiautomator2Driver@fb3b (5cabbd15)]&amp#27;[0m Responding to client with driver.getCurrentContext() result: "NATIVE_APP"
&amp#27;[38;5;0m[HTTP]&amp#27;[0m &amp#27;[37m<-- GET /session/5cabbd15-7e20-42e4-8d48-d95ee721e291/context &amp#27;[39m&amp#27;[32m200&amp#27;[39m &amp#27;[90m1 ms - 22&amp#27;[39m
&amp#27;[38;5;0m[HTTP]&amp#27;[0m &amp#27;[90m&amp#27;[39m
&amp#27;[38;5;0m[HTTP]&amp#27;[0m &amp#27;[37m-->&amp#27;[39m &amp#27;[37mPOST&amp#27;[39m &amp#27;[37m/session/5cabbd15-7e20-42e4-8d48-d95ee721e291/elements&amp#27;[39m
&amp#27;[38;5;0m[HTTP]&amp#27;[0m &amp#27;[90m{"using":"xpath","value":"//android.view.ViewGroup[@content-desc='store item']"}&amp#27;[39m
&amp#27;[38;5;32m[AndroidUiautomator2Driver@fb3b (5cabbd15)]&amp#27;[0m Calling AppiumDriver.findElements() with args: ["xpath","//android.view.ViewGroup[@content-desc='store item']","5cabbd15-7e20-42e4-8d48-d95ee721e291"]
&amp#27;[38;5;32m[AndroidUiautomator2Driver@fb3b (5cabbd15)]&amp#27;[0m Valid locator strategies for this request: xpath, id, class name, accessibility id, css selector, -android uiautomator
&amp#27;[38;5;32m[AndroidUiautomator2Driver@fb3b (5cabbd15)]&amp#27;[0m Waiting up to 10000 ms for condition
&amp#27;[38;5;32m[AndroidUiautomator2Driver@fb3b (5cabbd15)]&amp#27;[0m Matched '/elements' to command name 'findElements'
&amp#27;[38;5;32m[AndroidUiautomator2Driver@fb3b (5cabbd15)]&amp#27;[0m Proxying [POST /elements] to [POST http://127.0.0.1:8201/session/dc1a88ef-730b-4fe2-afab-0087ad1f4d72/elements] with body: {"strategy":"xpath","selector":"//android.view.ViewGroup[@content-desc='store item']","context":"","multiple":true}
&amp#27;[38;5;32m[AndroidUiautomator2Driver@fb3b (5cabbd15)]&amp#27;[0m Got response with status 200: {"sessionId":"dc1a88ef-730b-4fe2-afab-0087ad1f4d72","value":[]}
&amp#27;[38;5;32m[AndroidUiautomator2Driver@fb3b (5cabbd15)]&amp#27;[0m Waited for 131 ms so far
&amp#27;[38;5;32m[AndroidUiautomator2Driver@fb3b (5cabbd15)]&amp#27;[0m Matched '/elements' to command name 'findElements'
&amp#27;[38;5;32m[AndroidUiautomator2Driver@fb3b (5cabbd15)]&amp#27;[0m Proxying [POST /elements] to [POST http://127.0.0.1:8201/session/dc1a88ef-730b-4fe2-afab-0087ad1f4d72/elements] with body: {"strategy":"xpath","selector":"//android.view.ViewGroup[@content-desc='store item']","context":"","multiple":true}
&amp#27;[38;5;32m[AndroidUiautomator2Driver@fb3b (5cabbd15)]&amp#27;[0m Got response with status 200: {"sessionId":"dc1a88ef-730b-4fe2-afab-0087ad1f4d72","value":[{"ELEMENT":"00000000-0000-05c7-ffff-ffff0000022c","element-6066-11e4-a52e-4f735466cecf":"00000000-0000-05c7-ffff-ffff0000022c"},{"ELEMENT":"00000000-0000-05c7-ffff-ffff0000023b","element-6066-11e4-a52e-4f735466cecf":"00000000-0000-05c7-ffff-ffff0000023b"},{"ELEMENT":"00000000-0000-05c7-ffff-ffff0000024b","element-6066-11e4-a52e-4f735466cecf":"00000000-0000-05c7-ffff-ffff0000024b"},{"ELEMENT":"00000000-0000-05c7-ffff-ffff0000025a","element-6066-11e4-a52e-4f735466cecf":"00000000-0000-05c7-ffff-ffff0000025a"},{"ELEMENT":"00000000-0000-05c7-ffff-ffff0000026a","element-6066-11e4-a52e-4f735466cecf":"00000000-0000-05c7-ffff-ffff0000026a"},{"ELEMENT":"00000000-0000-05c7-ffff-ffff00000279","element-6066-11e4-a52e-4f735466cecf":"00000000-0000-05c7-ffff-ffff00000279"}]}
&amp#27;[38;5;32m[AndroidUiautomator2Driver@fb3b (5cabbd15)]&amp#27;[0m Responding to client with driver.findElements() result: [{"element-6066-11e4-a52e-4f735466cecf":"00000000-0000-05c7-ffff-ffff0000022c","ELEMENT":"00000000-0000-05c7-ffff-ffff0000022c"},{"element-6066-11e4-a52e-4f735466cecf":"00000000-0000-05c7-ffff-ffff0000023b","ELEMENT":"00000000-0000-05c7-ffff-ffff0000023b"},{"element-6066-11e4-a52e-4f735466cecf":"00000000-0000-05c7-ffff-ffff0000024b","ELEMENT":"00000000-0000-05c7-ffff-ffff0000024b"},{"element-6066-11e4-a52e-4f735466cecf":"00000000-0000-05c7-ffff-ffff0000025a","ELEMENT":"00000000-0000-05c7-ffff-ffff0000025a"},{"element-6066-11e4-a52e-4f735466cecf":"00000000-0000-05c7-ffff-ffff0000026a","ELEMENT":"00000000-0000-05c7-ffff-ffff0000026a"},{"element-6066-11e4-a52e-4f735466cecf":"00000000-0000-05c7-ffff-ffff00000279","ELEMENT":"00000000-0000-05c7-ffff-ffff00000279"}]
&amp#27;[38;5;0m[HTTP]&amp#27;[0m &amp#27;[37m<-- POST /session/5cabbd15-7e20-42e4-8d48-d95ee721e291/elements &amp#27;[39m&amp#27;[32m200&amp#27;[39m &amp#27;[90m1309 ms - 779&amp#27;[39m
&amp#27;[38;5;0m[HTTP]&amp#27;[0m &amp#27;[90m&amp#27;[39m
&amp#27;[38;5;0m[HTTP]&amp#27;[0m &amp#27;[37m-->&amp#27;[39m &amp#27;[37mPOST&amp#27;[39m &amp#27;[37m/session/5cabbd15-7e20-42e4-8d48-d95ee721e291/element/00000000-0000-05c7-ffff-ffff0000022c/element&amp#27;[39m
&amp#27;[38;5;0m[HTTP]&amp#27;[0m &amp#27;[90m{"id":"00000000-0000-05c7-ffff-ffff0000022c","using":"xpath","value":"//android.view.ViewGroup[@content-desc='review star 3']"}&amp#27;[39m
&amp#27;[38;5;32m[AndroidUiautomator2Driver@fb3b (5cabbd15)]&amp#27;[0m Calling AppiumDriver.findElementFromElement() with args: ["xpath","//android.view.ViewGroup[@content-desc='review star 3']","00000000-0000-05c7-ffff-ffff0000022c","5cabbd15-7e20-42e4-8d48-d95ee721e291"]
&amp#27;[38;5;32m[AndroidUiautomator2Driver@fb3b (5cabbd15)]&amp#27;[0m Valid locator strategies for this request: xpath, id, class name, accessibility id, css selector, -android uiautomator
&amp#27;[38;5;32m[AndroidUiautomator2Driver@fb3b (5cabbd15)]&amp#27;[0m Waiting up to 10000 ms for condition
&amp#27;[38;5;32m[AndroidUiautomator2Driver@fb3b (5cabbd15)]&amp#27;[0m Matched '/element' to command name 'findElement'
&amp#27;[38;5;32m[AndroidUiautomator2Driver@fb3b (5cabbd15)]&amp#27;[0m Proxying [POST /element] to [POST http://127.0.0.1:8201/session/dc1a88ef-730b-4fe2-afab-0087ad1f4d72/element] with body: {"strategy":"xpath","selector":"//android.view.ViewGroup[@content-desc='review star 3']","context":"00000000-0000-05c7-ffff-ffff0000022c","multiple":false}
&amp#27;[38;5;32m[AndroidUiautomator2Driver@fb3b (5cabbd15)]&amp#27;[0m Got response with status 200: {"sessionId":"dc1a88ef-730b-4fe2-afab-0087ad1f4d72","value":{"ELEMENT":"00000000-0000-05c7-ffff-ffff00000235","element-6066-11e4-a52e-4f735466cecf":"00000000-0000-05c7-ffff-ffff00000235"}}
&amp#27;[38;5;32m[AndroidUiautomator2Driver@fb3b (5cabbd15)]&amp#27;[0m Responding to client with driver.findElementFromElement() result: {"element-6066-11e4-a52e-4f735466cecf":"00000000-0000-05c7-ffff-ffff00000235","ELEMENT":"00000000-0000-05c7-ffff-ffff00000235"}
&amp#27;[38;5;0m[HTTP]&amp#27;[0m &amp#27;[37m<-- POST /session/5cabbd15-7e20-42e4-8d48-d95ee721e291/element/00000000-0000-05c7-ffff-ffff0000022c/element &amp#27;[39m&amp#27;[32m200&amp#27;[39m &amp#27;[90m76 ms - 137&amp#27;[39m
&amp#27;[38;5;0m[HTTP]&amp#27;[0m &amp#27;[90m&amp#27;[39m
&amp#27;[38;5;0m[HTTP]&amp#27;[0m &amp#27;[37m-->&amp#27;[39m &amp#27;[37mPOST&amp#27;[39m &amp#27;[37m/session/5cabbd15-7e20-42e4-8d48-d95ee721e291/element/00000000-0000-05c7-ffff-ffff00000235/click&amp#27;[39m
&amp#27;[38;5;0m[HTTP]&amp#27;[0m &amp#27;[90m{"id":"00000000-0000-05c7-ffff-ffff00000235"}&amp#27;[39m
&amp#27;[38;5;32m[AndroidUiautomator2Driver@fb3b (5cabbd15)]&amp#27;[0m Calling AppiumDriver.click() with args: ["00000000-0000-05c7-ffff-ffff00000235","5cabbd15-7e20-42e4-8d48-d95ee721e291"]
&amp#27;[38;5;32m[AndroidUiautomator2Driver@fb3b (5cabbd15)]&amp#27;[0m Matched '/element/00000000-0000-05c7-ffff-ffff00000235/click' to command name 'click'
&amp#27;[38;5;32m[AndroidUiautomator2Driver@fb3b (5cabbd15)]&amp#27;[0m Proxying [POST /element/00000000-0000-05c7-ffff-ffff00000235/click] to [POST http://127.0.0.1:8201/session/dc1a88ef-730b-4fe2-afab-0087ad1f4d72/element/00000000-0000-05c7-ffff-ffff00000235/click] with body: {"element":"00000000-0000-05c7-ffff-ffff00000235"}
&amp#27;[38;5;32m[AndroidUiautomator2Driver@fb3b (5cabbd15)]&amp#27;[0m Got response with status 200: {"sessionId":"dc1a88ef-730b-4fe2-afab-0087ad1f4d72","value":null}
&amp#27;[38;5;32m[AndroidUiautomator2Driver@fb3b (5cabbd15)]&amp#27;[0m Responding to client with driver.click() result: null
&amp#27;[38;5;0m[HTTP]&amp#27;[0m &amp#27;[37m<-- POST /session/5cabbd15-7e20-42e4-8d48-d95ee721e291/element/00000000-0000-05c7-ffff-ffff00000235/click &amp#27;[39m&amp#27;[32m200&amp#27;[39m &amp#27;[90m754 ms - 14&amp#27;[39m
&amp#27;[38;5;0m[HTTP]&amp#27;[0m &amp#27;[90m&amp#27;[39m
&amp#27;[38;5;0m[HTTP]&amp#27;[0m &amp#27;[37m-->&amp#27;[39m &amp#27;[37mGET&amp#27;[39m &amp#27;[37m/session/5cabbd15-7e20-42e4-8d48-d95ee721e291/context&amp#27;[39m
&amp#27;[38;5;0m[HTTP]&amp#27;[0m &amp#27;[90m{}&amp#27;[39m
&amp#27;[38;5;32m[AndroidUiautomator2Driver@fb3b (5cabbd15)]&amp#27;[0m Calling AppiumDriver.getCurrentContext() with args: ["5cabbd15-7e20-42e4-8d48-d95ee721e291"]
&amp#27;[38;5;32m[AndroidUiautomator2Driver@fb3b (5cabbd15)]&amp#27;[0m Responding to client with driver.getCurrentContext() result: "NATIVE_APP"
&amp#27;[38;5;0m[HTTP]&amp#27;[0m &amp#27;[37m<-- GET /session/5cabbd15-7e20-42e4-8d48-d95ee721e291/context &amp#27;[39m&amp#27;[32m200&amp#27;[39m &amp#27;[90m1 ms - 22&amp#27;[39m
&amp#27;[38;5;0m[HTTP]&amp#27;[0m &amp#27;[90m&amp#27;[39m
&amp#27;[38;5;0m[HTTP]&amp#27;[0m &amp#27;[37m-->&amp#27;[39m &amp#27;[37mPOST&amp#27;[39m &amp#27;[37m/session/5cabbd15-7e20-42e4-8d48-d95ee721e291/element&amp#27;[39m
&amp#27;[38;5;0m[HTTP]&amp#27;[0m &amp#27;[90m{"using":"class name","value":"android.widget.TextView"}&amp#27;[39m
&amp#27;[38;5;32m[AndroidUiautomator2Driver@fb3b (5cabbd15)]&amp#27;[0m Calling AppiumDriver.findElement() with args: ["class name","android.widget.TextView","5cabbd15-7e20-42e4-8d48-d95ee721e291"]
&amp#27;[38;5;32m[AndroidUiautomator2Driver@fb3b (5cabbd15)]&amp#27;[0m Valid locator strategies for this request: xpath, id, class name, accessibility id, css selector, -android uiautomator
&amp#27;[38;5;32m[AndroidUiautomator2Driver@fb3b (5cabbd15)]&amp#27;[0m Waiting up to 10000 ms for condition
&amp#27;[38;5;32m[AndroidUiautomator2Driver@fb3b (5cabbd15)]&amp#27;[0m Matched '/element' to command name 'findElement'
&amp#27;[38;5;32m[AndroidUiautomator2Driver@fb3b (5cabbd15)]&amp#27;[0m Proxying [POST /element] to [POST http://127.0.0.1:8201/session/dc1a88ef-730b-4fe2-afab-0087ad1f4d72/element] with body: {"strategy":"class name","selector":"android.widget.TextView","context":"","multiple":false}
&amp#27;[38;5;32m[AndroidUiautomator2Driver@fb3b (5cabbd15)]&amp#27;[0m Got response with status 200: {"sessionId":"dc1a88ef-730b-4fe2-afab-0087ad1f4d72","value":{"ELEMENT":"00000000-0000-05d2-ffff-ffff000002c7","element-6066-11e4-a52e-4f735466cecf":"00000000-0000-05d2-ffff-ffff000002c7"}}
&amp#27;[38;5;32m[AndroidUiautomator2Driver@fb3b (5cabbd15)]&amp#27;[0m Responding to client with driver.findElement() result: {"element-6066-11e4-a52e-4f735466cecf":"00000000-0000-05d2-ffff-ffff000002c7","ELEMENT":"00000000-0000-05d2-ffff-ffff000002c7"}
&amp#27;[38;5;0m[HTTP]&amp#27;[0m &amp#27;[37m<-- POST /session/5cabbd15-7e20-42e4-8d48-d95ee721e291/element &amp#27;[39m&amp#27;[32m200&amp#27;[39m &amp#27;[90m46 ms - 137&amp#27;[39m
&amp#27;[38;5;0m[HTTP]&amp#27;[0m &amp#27;[90m&amp#27;[39m
&amp#27;[38;5;0m[HTTP]&amp#27;[0m &amp#27;[37m-->&amp#27;[39m &amp#27;[37mGET&amp#27;[39m &amp#27;[37m/session/5cabbd15-7e20-42e4-8d48-d95ee721e291/element/00000000-0000-05d2-ffff-ffff000002c7/text&amp#27;[39m
&amp#27;[38;5;0m[HTTP]&amp#27;[0m &amp#27;[90m{}&amp#27;[39m
&amp#27;[38;5;32m[AndroidUiautomator2Driver@fb3b (5cabbd15)]&amp#27;[0m Driver proxy active, passing request on via HTTP proxy
&amp#27;[38;5;32m[AndroidUiautomator2Driver@fb3b (5cabbd15)]&amp#27;[0m Matched '/session/5cabbd15-7e20-42e4-8d48-d95ee721e291/element/00000000-0000-05d2-ffff-ffff000002c7/text' to command name 'getText'
&amp#27;[38;5;32m[AndroidUiautomator2Driver@fb3b (5cabbd15)]&amp#27;[0m Proxying [GET /session/5cabbd15-7e20-42e4-8d48-d95ee721e291/element/00000000-0000-05d2-ffff-ffff000002c7/text] to [GET http://127.0.0.1:8201/session/dc1a88ef-730b-4fe2-afab-0087ad1f4d72/element/00000000-0000-05d2-ffff-ffff000002c7/text] with no body
&amp#27;[38;5;32m[AndroidUiautomator2Driver@fb3b (5cabbd15)]&amp#27;[0m Got response with status 200: {"sessionId":"dc1a88ef-730b-4fe2-afab-0087ad1f4d72","value":"Thank you for submitting your review!"}
&amp#27;[38;5;32m[AndroidUiautomator2Driver@fb3b (5cabbd15)]&amp#27;[0m Replacing sessionId dc1a88ef-730b-4fe2-afab-0087ad1f4d72 with 5cabbd15-7e20-42e4-8d48-d95ee721e291
&amp#27;[38;5;0m[HTTP]&amp#27;[0m &amp#27;[37m<-- GET /session/5cabbd15-7e20-42e4-8d48-d95ee721e291/element/00000000-0000-05d2-ffff-ffff000002c7/text &amp#27;[39m&amp#27;[32m200&amp#27;[39m &amp#27;[90m27 ms - 100&amp#27;[39m
&amp#27;[38;5;0m[HTTP]&amp#27;[0m &amp#27;[90m&amp#27;[39m
&amp#27;[38;5;0m[HTTP]&amp#27;[0m &amp#27;[37m-->&amp#27;[39m &amp#27;[37mGET&amp#27;[39m &amp#27;[37m/session/5cabbd15-7e20-42e4-8d48-d95ee721e291/context&amp#27;[39m
&amp#27;[38;5;0m[HTTP]&amp#27;[0m &amp#27;[90m{}&amp#27;[39m
&amp#27;[38;5;32m[AndroidUiautomator2Driver@fb3b (5cabbd15)]&amp#27;[0m Calling AppiumDriver.getCurrentContext() with args: ["5cabbd15-7e20-42e4-8d48-d95ee721e291"]
&amp#27;[38;5;32m[AndroidUiautomator2Driver@fb3b (5cabbd15)]&amp#27;[0m Responding to client with driver.getCurrentContext() result: "NATIVE_APP"
&amp#27;[38;5;0m[HTTP]&amp#27;[0m &amp#27;[37m<-- GET /session/5cabbd15-7e20-42e4-8d48-d95ee721e291/context &amp#27;[39m&amp#27;[32m200&amp#27;[39m &amp#27;[90m1 ms - 22&amp#27;[39m
&amp#27;[38;5;0m[HTTP]&amp#27;[0m &amp#27;[90m&amp#27;[39m
&amp#27;[38;5;0m[HTTP]&amp#27;[0m &amp#27;[37m-->&amp#27;[39m &amp#27;[37mPOST&amp#27;[39m &amp#27;[37m/session/5cabbd15-7e20-42e4-8d48-d95ee721e291/element&amp#27;[39m
&amp#27;[38;5;0m[HTTP]&amp#27;[0m &amp#27;[90m{"using":"accessibility id","value":"Close Modal button"}&amp#27;[39m
&amp#27;[38;5;32m[AndroidUiautomator2Driver@fb3b (5cabbd15)]&amp#27;[0m Calling AppiumDriver.findElement() with args: ["accessibility id","Close Modal button","5cabbd15-7e20-42e4-8d48-d95ee721e291"]
&amp#27;[38;5;32m[AndroidUiautomator2Driver@fb3b (5cabbd15)]&amp#27;[0m Valid locator strategies for this request: xpath, id, class name, accessibility id, css selector, -android uiautomator
&amp#27;[38;5;32m[AndroidUiautomator2Driver@fb3b (5cabbd15)]&amp#27;[0m Waiting up to 10000 ms for condition
&amp#27;[38;5;32m[AndroidUiautomator2Driver@fb3b (5cabbd15)]&amp#27;[0m Matched '/element' to command name 'findElement'
&amp#27;[38;5;32m[AndroidUiautomator2Driver@fb3b (5cabbd15)]&amp#27;[0m Proxying [POST /element] to [POST http://127.0.0.1:8201/session/dc1a88ef-730b-4fe2-afab-0087ad1f4d72/element] with body: {"strategy":"accessibility id","selector":"Close Modal button","context":"","multiple":false}
&amp#27;[38;5;32m[AndroidUiautomator2Driver@fb3b (5cabbd15)]&amp#27;[0m Got response with status 200: {"sessionId":"dc1a88ef-730b-4fe2-afab-0087ad1f4d72","value":{"ELEMENT":"00000000-0000-05d2-ffff-ffff000002c8","element-6066-11e4-a52e-4f735466cecf":"00000000-0000-05d2-ffff-ffff000002c8"}}
&amp#27;[38;5;32m[AndroidUiautomator2Driver@fb3b (5cabbd15)]&amp#27;[0m Responding to client with driver.findElement() result: {"element-6066-11e4-a52e-4f735466cecf":"00000000-0000-05d2-ffff-ffff000002c8","ELEMENT":"00000000-0000-05d2-ffff-ffff000002c8"}
&amp#27;[38;5;0m[HTTP]&amp#27;[0m &amp#27;[37m<-- POST /session/5cabbd15-7e20-42e4-8d48-d95ee721e291/element &amp#27;[39m&amp#27;[32m200&amp#27;[39m &amp#27;[90m52 ms - 137&amp#27;[39m
&amp#27;[38;5;0m[HTTP]&amp#27;[0m &amp#27;[90m&amp#27;[39m
&amp#27;[38;5;0m[HTTP]&amp#27;[0m &amp#27;[37m-->&amp#27;[39m &amp#27;[37mPOST&amp#27;[39m &amp#27;[37m/session/5cabbd15-7e20-42e4-8d48-d95ee721e291/element/00000000-0000-05d2-ffff-ffff000002c8/click&amp#27;[39m
&amp#27;[38;5;0m[HTTP]&amp#27;[0m &amp#27;[90m{"id":"00000000-0000-05d2-ffff-ffff000002c8"}&amp#27;[39m
&amp#27;[38;5;32m[AndroidUiautomator2Driver@fb3b (5cabbd15)]&amp#27;[0m Calling AppiumDriver.click() with args: ["00000000-0000-05d2-ffff-ffff000002c8","5cabbd15-7e20-42e4-8d48-d95ee721e291"]
&amp#27;[38;5;32m[AndroidUiautomator2Driver@fb3b (5cabbd15)]&amp#27;[0m Matched '/element/00000000-0000-05d2-ffff-ffff000002c8/click' to command name 'click'
&amp#27;[38;5;32m[AndroidUiautomator2Driver@fb3b (5cabbd15)]&amp#27;[0m Proxying [POST /element/00000000-0000-05d2-ffff-ffff000002c8/click] to [POST http://127.0.0.1:8201/session/dc1a88ef-730b-4fe2-afab-0087ad1f4d72/element/00000000-0000-05d2-ffff-ffff000002c8/click] with body: {"element":"00000000-0000-05d2-ffff-ffff000002c8"}
&amp#27;[38;5;32m[AndroidUiautomator2Driver@fb3b (5cabbd15)]&amp#27;[0m Got response with status 200: {"sessionId":"dc1a88ef-730b-4fe2-afab-0087ad1f4d72","value":null}
&amp#27;[38;5;32m[AndroidUiautomator2Driver@fb3b (5cabbd15)]&amp#27;[0m Responding to client with driver.click() result: null
&amp#27;[38;5;0m[HTTP]&amp#27;[0m &amp#27;[37m<-- POST /session/5cabbd15-7e20-42e4-8d48-d95ee721e291/element/00000000-0000-05d2-ffff-ffff000002c8/click &amp#27;[39m&amp#27;[32m200&amp#27;[39m &amp#27;[90m60 ms - 14&amp#27;[39m
&amp#27;[38;5;0m[HTTP]&amp#27;[0m &amp#27;[90m&amp#27;[39m
&amp#27;[38;5;0m[HTTP]&amp#27;[0m &amp#27;[37m-->&amp#27;[39m &amp#27;[37mGET&amp#27;[39m &amp#27;[37m/session/5cabbd15-7e20-42e4-8d48-d95ee721e291/context&amp#27;[39m
&amp#27;[38;5;0m[HTTP]&amp#27;[0m &amp#27;[90m{}&amp#27;[39m
&amp#27;[38;5;32m[AndroidUiautomator2Driver@fb3b (5cabbd15)]&amp#27;[0m Calling AppiumDriver.getCurrentContext() with args: ["5cabbd15-7e20-42e4-8d48-d95ee721e291"]
&amp#27;[38;5;32m[AndroidUiautomator2Driver@fb3b (5cabbd15)]&amp#27;[0m Responding to client with driver.getCurrentContext() result: "NATIVE_APP"
&amp#27;[38;5;0m[HTTP]&amp#27;[0m &amp#27;[37m<-- GET /session/5cabbd15-7e20-42e4-8d48-d95ee721e291/context &amp#27;[39m&amp#27;[32m200&amp#27;[39m &amp#27;[90m1 ms - 22&amp#27;[39m
&amp#27;[38;5;0m[HTTP]&amp#27;[0m &amp#27;[90m&amp#27;[39m
&amp#27;[38;5;0m[HTTP]&amp#27;[0m &amp#27;[37m-->&amp#27;[39m &amp#27;[37mPOST&amp#27;[39m &amp#27;[37m/session/5cabbd15-7e20-42e4-8d48-d95ee721e291/elements&amp#27;[39m
&amp#27;[38;5;0m[HTTP]&amp#27;[0m &amp#27;[90m{"using":"xpath","value":"//android.view.ViewGroup[@content-desc='store item']"}&amp#27;[39m
&amp#27;[38;5;32m[AndroidUiautomator2Driver@fb3b (5cabbd15)]&amp#27;[0m Calling AppiumDriver.findElements() with args: ["xpath","//android.view.ViewGroup[@content-desc='store item']","5cabbd15-7e20-42e4-8d48-d95ee721e291"]
&amp#27;[38;5;32m[AndroidUiautomator2Driver@fb3b (5cabbd15)]&amp#27;[0m Valid locator strategies for this request: xpath, id, class name, accessibility id, css selector, -android uiautomator
&amp#27;[38;5;32m[AndroidUiautomator2Driver@fb3b (5cabbd15)]&amp#27;[0m Waiting up to 10000 ms for condition
&amp#27;[38;5;32m[AndroidUiautomator2Driver@fb3b (5cabbd15)]&amp#27;[0m Matched '/elements' to command name 'findElements'
&amp#27;[38;5;32m[AndroidUiautomator2Driver@fb3b (5cabbd15)]&amp#27;[0m Proxying [POST /elements] to [POST http://127.0.0.1:8201/session/dc1a88ef-730b-4fe2-afab-0087ad1f4d72/elements] with body: {"strategy":"xpath","selector":"//android.view.ViewGroup[@content-desc='store item']","context":"","multiple":true}
&amp#27;[38;5;32m[AndroidUiautomator2Driver@fb3b (5cabbd15)]&amp#27;[0m Got response with status 200: {"sessionId":"dc1a88ef-730b-4fe2-afab-0087ad1f4d72","value":[]}
&amp#27;[38;5;32m[AndroidUiautomator2Driver@fb3b (5cabbd15)]&amp#27;[0m Waited for 117 ms so far
&amp#27;[38;5;32m[AndroidUiautomator2Driver@fb3b (5cabbd15)]&amp#27;[0m Matched '/elements' to command name 'findElements'
&amp#27;[38;5;32m[AndroidUiautomator2Driver@fb3b (5cabbd15)]&amp#27;[0m Proxying [POST /elements] to [POST http://127.0.0.1:8201/session/dc1a88ef-730b-4fe2-afab-0087ad1f4d72/elements] with body: {"strategy":"xpath","selector":"//android.view.ViewGroup[@content-desc='store item']","context":"","multiple":true}
&amp#27;[38;5;32m[AndroidUiautomator2Driver@fb3b (5cabbd15)]&amp#27;[0m Got response with status 200: {"sessionId":"dc1a88ef-730b-4fe2-afab-0087ad1f4d72","value":[{"ELEMENT":"00000000-0000-05c7-ffff-ffff0000022c","element-6066-11e4-a52e-4f735466cecf":"00000000-0000-05c7-ffff-ffff0000022c"},{"ELEMENT":"00000000-0000-05c7-ffff-ffff0000023b","element-6066-11e4-a52e-4f735466cecf":"00000000-0000-05c7-ffff-ffff0000023b"},{"ELEMENT":"00000000-0000-05c7-ffff-ffff0000024b","element-6066-11e4-a52e-4f735466cecf":"00000000-0000-05c7-ffff-ffff0000024b"},{"ELEMENT":"00000000-0000-05c7-ffff-ffff0000025a","element-6066-11e4-a52e-4f735466cecf":"00000000-0000-05c7-ffff-ffff0000025a"},{"ELEMENT":"00000000-0000-05c7-ffff-ffff0000026a","element-6066-11e4-a52e-4f735466cecf":"00000000-0000-05c7-ffff-ffff0000026a"},{"ELEMENT":"00000000-0000-05c7-ffff-ffff00000279","element-6066-11e4-a52e-4f735466cecf":"00000000-0000-05c7-ffff-ffff00000279"}]}
&amp#27;[38;5;32m[AndroidUiautomator2Driver@fb3b (5cabbd15)]&amp#27;[0m Responding to client with driver.findElements() result: [{"element-6066-11e4-a52e-4f735466cecf":"00000000-0000-05c7-ffff-ffff0000022c","ELEMENT":"00000000-0000-05c7-ffff-ffff0000022c"},{"element-6066-11e4-a52e-4f735466cecf":"00000000-0000-05c7-ffff-ffff0000023b","ELEMENT":"00000000-0000-05c7-ffff-ffff0000023b"},{"element-6066-11e4-a52e-4f735466cecf":"00000000-0000-05c7-ffff-ffff0000024b","ELEMENT":"00000000-0000-05c7-ffff-ffff0000024b"},{"element-6066-11e4-a52e-4f735466cecf":"00000000-0000-05c7-ffff-ffff0000025a","ELEMENT":"00000000-0000-05c7-ffff-ffff0000025a"},{"element-6066-11e4-a52e-4f735466cecf":"00000000-0000-05c7-ffff-ffff0000026a","ELEMENT":"00000000-0000-05c7-ffff-ffff0000026a"},{"element-6066-11e4-a52e-4f735466cecf":"00000000-0000-05c7-ffff-ffff00000279","ELEMENT":"00000000-0000-05c7-ffff-ffff00000279"}]
&amp#27;[38;5;0m[HTTP]&amp#27;[0m &amp#27;[37m<-- POST /session/5cabbd15-7e20-42e4-8d48-d95ee721e291/elements &amp#27;[39m&amp#27;[32m200&amp#27;[39m &amp#27;[90m1311 ms - 779&amp#27;[39m
&amp#27;[38;5;0m[HTTP]&amp#27;[0m &amp#27;[90m&amp#27;[39m
&amp#27;[38;5;0m[HTTP]&amp#27;[0m &amp#27;[37m-->&amp#27;[39m &amp#27;[37mPOST&amp#27;[39m &amp#27;[37m/session/5cabbd15-7e20-42e4-8d48-d95ee721e291/element/00000000-0000-05c7-ffff-ffff0000022c/element&amp#27;[39m
&amp#27;[38;5;0m[HTTP]&amp#27;[0m &amp#27;[90m{"id":"00000000-0000-05c7-ffff-ffff0000022c","using":"xpath","value":"//android.view.ViewGroup[@content-desc='review star 4']"}&amp#27;[39m
&amp#27;[38;5;32m[AndroidUiautomator2Driver@fb3b (5cabbd15)]&amp#27;[0m Calling AppiumDriver.findElementFromElement() with args: ["xpath","//android.view.ViewGroup[@content-desc='review star 4']","00000000-0000-05c7-ffff-ffff0000022c","5cabbd15-7e20-42e4-8d48-d95ee721e291"]
&amp#27;[38;5;32m[AndroidUiautomator2Driver@fb3b (5cabbd15)]&amp#27;[0m Valid locator strategies for this request: xpath, id, class name, accessibility id, css selector, -android uiautomator
&amp#27;[38;5;32m[AndroidUiautomator2Driver@fb3b (5cabbd15)]&amp#27;[0m Waiting up to 10000 ms for condition
&amp#27;[38;5;32m[AndroidUiautomator2Driver@fb3b (5cabbd15)]&amp#27;[0m Matched '/element' to command name 'findElement'
&amp#27;[38;5;32m[AndroidUiautomator2Driver@fb3b (5cabbd15)]&amp#27;[0m Proxying [POST /element] to [POST http://127.0.0.1:8201/session/dc1a88ef-730b-4fe2-afab-0087ad1f4d72/element] with body: {"strategy":"xpath","selector":"//android.view.ViewGroup[@content-desc='review star 4']","context":"00000000-0000-05c7-ffff-ffff0000022c","multiple":false}
&amp#27;[38;5;32m[AndroidUiautomator2Driver@fb3b (5cabbd15)]&amp#27;[0m Got response with status 200: {"sessionId":"dc1a88ef-730b-4fe2-afab-0087ad1f4d72","value":{"ELEMENT":"00000000-0000-05c7-ffff-ffff00000237","element-6066-11e4-a52e-4f735466cecf":"00000000-0000-05c7-ffff-ffff00000237"}}
&amp#27;[38;5;32m[AndroidUiautomator2Driver@fb3b (5cabbd15)]&amp#27;[0m Responding to client with driver.findElementFromElement() result: {"element-6066-11e4-a52e-4f735466cecf":"00000000-0000-05c7-ffff-ffff00000237","ELEMENT":"00000000-0000-05c7-ffff-ffff00000237"}
&amp#27;[38;5;0m[HTTP]&amp#27;[0m &amp#27;[37m<-- POST /session/5cabbd15-7e20-42e4-8d48-d95ee721e291/element/00000000-0000-05c7-ffff-ffff0000022c/element &amp#27;[39m&amp#27;[32m200&amp#27;[39m &amp#27;[90m70 ms - 137&amp#27;[39m
&amp#27;[38;5;0m[HTTP]&amp#27;[0m &amp#27;[90m&amp#27;[39m
&amp#27;[38;5;0m[HTTP]&amp#27;[0m &amp#27;[37m-->&amp#27;[39m &amp#27;[37mPOST&amp#27;[39m &amp#27;[37m/session/5cabbd15-7e20-42e4-8d48-d95ee721e291/element/00000000-0000-05c7-ffff-ffff00000237/click&amp#27;[39m
&amp#27;[38;5;0m[HTTP]&amp#27;[0m &amp#27;[90m{"id":"00000000-0000-05c7-ffff-ffff00000237"}&amp#27;[39m
&amp#27;[38;5;32m[AndroidUiautomator2Driver@fb3b (5cabbd15)]&amp#27;[0m Calling AppiumDriver.click() with args: ["00000000-0000-05c7-ffff-ffff00000237","5cabbd15-7e20-42e4-8d48-d95ee721e291"]
&amp#27;[38;5;32m[AndroidUiautomator2Driver@fb3b (5cabbd15)]&amp#27;[0m Matched '/element/00000000-0000-05c7-ffff-ffff00000237/click' to command name 'click'
&amp#27;[38;5;32m[AndroidUiautomator2Driver@fb3b (5cabbd15)]&amp#27;[0m Proxying [POST /element/00000000-0000-05c7-ffff-ffff00000237/click] to [POST http://127.0.0.1:8201/session/dc1a88ef-730b-4fe2-afab-0087ad1f4d72/element/00000000-0000-05c7-ffff-ffff00000237/click] with body: {"element":"00000000-0000-05c7-ffff-ffff00000237"}
&amp#27;[38;5;32m[AndroidUiautomator2Driver@fb3b (5cabbd15)]&amp#27;[0m Got response with status 200: {"sessionId":"dc1a88ef-730b-4fe2-afab-0087ad1f4d72","value":null}
&amp#27;[38;5;32m[AndroidUiautomator2Driver@fb3b (5cabbd15)]&amp#27;[0m Responding to client with driver.click() result: null
&amp#27;[38;5;0m[HTTP]&amp#27;[0m &amp#27;[37m<-- POST /session/5cabbd15-7e20-42e4-8d48-d95ee721e291/element/00000000-0000-05c7-ffff-ffff00000237/click &amp#27;[39m&amp#27;[32m200&amp#27;[39m &amp#27;[90m79 ms - 14&amp#27;[39m
&amp#27;[38;5;0m[HTTP]&amp#27;[0m &amp#27;[90m&amp#27;[39m
&amp#27;[38;5;0m[HTTP]&amp#27;[0m &amp#27;[37m-->&amp#27;[39m &amp#27;[37mGET&amp#27;[39m &amp#27;[37m/session/5cabbd15-7e20-42e4-8d48-d95ee721e291/context&amp#27;[39m
&amp#27;[38;5;0m[HTTP]&amp#27;[0m &amp#27;[90m{}&amp#27;[39m
&amp#27;[38;5;32m[AndroidUiautomator2Driver@fb3b (5cabbd15)]&amp#27;[0m Calling AppiumDriver.getCurrentContext() with args: ["5cabbd15-7e20-42e4-8d48-d95ee721e291"]
&amp#27;[38;5;32m[AndroidUiautomator2Driver@fb3b (5cabbd15)]&amp#27;[0m Responding to client with driver.getCurrentContext() result: "NATIVE_APP"
&amp#27;[38;5;0m[HTTP]&amp#27;[0m &amp#27;[37m<-- GET /session/5cabbd15-7e20-42e4-8d48-d95ee721e291/context &amp#27;[39m&amp#27;[32m200&amp#27;[39m &amp#27;[90m0 ms - 22&amp#27;[39m
&amp#27;[38;5;0m[HTTP]&amp#27;[0m &amp#27;[90m&amp#27;[39m
&amp#27;[38;5;0m[HTTP]&amp#27;[0m &amp#27;[37m-->&amp#27;[39m &amp#27;[37mPOST&amp#27;[39m &amp#27;[37m/session/5cabbd15-7e20-42e4-8d48-d95ee721e291/element&amp#27;[39m
&amp#27;[38;5;0m[HTTP]&amp#27;[0m &amp#27;[90m{"using":"class name","value":"android.widget.TextView"}&amp#27;[39m
&amp#27;[38;5;32m[AndroidUiautomator2Driver@fb3b (5cabbd15)]&amp#27;[0m Calling AppiumDriver.findElement() with args: ["class name","android.widget.TextView","5cabbd15-7e20-42e4-8d48-d95ee721e291"]
&amp#27;[38;5;32m[AndroidUiautomator2Driver@fb3b (5cabbd15)]&amp#27;[0m Valid locator strategies for this request: xpath, id, class name, accessibility id, css selector, -android uiautomator
&amp#27;[38;5;32m[AndroidUiautomator2Driver@fb3b (5cabbd15)]&amp#27;[0m Waiting up to 10000 ms for condition
&amp#27;[38;5;32m[AndroidUiautomator2Driver@fb3b (5cabbd15)]&amp#27;[0m Matched '/element' to command name 'findElement'
&amp#27;[38;5;32m[AndroidUiautomator2Driver@fb3b (5cabbd15)]&amp#27;[0m Proxying [POST /element] to [POST http://127.0.0.1:8201/session/dc1a88ef-730b-4fe2-afab-0087ad1f4d72/element] with body: {"strategy":"class name","selector":"android.widget.TextView","context":"","multiple":false}
&amp#27;[38;5;32m[AndroidUiautomator2Driver@fb3b (5cabbd15)]&amp#27;[0m Got response with status 200: {"sessionId":"dc1a88ef-730b-4fe2-afab-0087ad1f4d72","value":{"ELEMENT":"00000000-0000-05d3-ffff-ffff000002d4","element-6066-11e4-a52e-4f735466cecf":"00000000-0000-05d3-ffff-ffff000002d4"}}
&amp#27;[38;5;32m[AndroidUiautomator2Driver@fb3b (5cabbd15)]&amp#27;[0m Responding to client with driver.findElement() result: {"element-6066-11e4-a52e-4f735466cecf":"00000000-0000-05d3-ffff-ffff000002d4","ELEMENT":"00000000-0000-05d3-ffff-ffff000002d4"}
&amp#27;[38;5;0m[HTTP]&amp#27;[0m &amp#27;[37m<-- POST /session/5cabbd15-7e20-42e4-8d48-d95ee721e291/element &amp#27;[39m&amp#27;[32m200&amp#27;[39m &amp#27;[90m722 ms - 137&amp#27;[39m
&amp#27;[38;5;0m[HTTP]&amp#27;[0m &amp#27;[90m&amp#27;[39m
&amp#27;[38;5;0m[HTTP]&amp#27;[0m &amp#27;[37m-->&amp#27;[39m &amp#27;[37mGET&amp#27;[39m &amp#27;[37m/session/5cabbd15-7e20-42e4-8d48-d95ee721e291/element/00000000-0000-05d3-ffff-ffff000002d4/text&amp#27;[39m
&amp#27;[38;5;0m[HTTP]&amp#27;[0m &amp#27;[90m{}&amp#27;[39m
&amp#27;[38;5;32m[AndroidUiautomator2Driver@fb3b (5cabbd15)]&amp#27;[0m Driver proxy active, passing request on via HTTP proxy
&amp#27;[38;5;32m[AndroidUiautomator2Driver@fb3b (5cabbd15)]&amp#27;[0m Matched '/session/5cabbd15-7e20-42e4-8d48-d95ee721e291/element/00000000-0000-05d3-ffff-ffff000002d4/text' to command name 'getText'
&amp#27;[38;5;32m[AndroidUiautomator2Driver@fb3b (5cabbd15)]&amp#27;[0m Proxying [GET /session/5cabbd15-7e20-42e4-8d48-d95ee721e291/element/00000000-0000-05d3-ffff-ffff000002d4/text] to [GET http://127.0.0.1:8201/session/dc1a88ef-730b-4fe2-afab-0087ad1f4d72/element/00000000-0000-05d3-ffff-ffff000002d4/text] with no body
&amp#27;[38;5;32m[AndroidUiautomator2Driver@fb3b (5cabbd15)]&amp#27;[0m Got response with status 200: {"sessionId":"dc1a88ef-730b-4fe2-afab-0087ad1f4d72","value":"Thank you for submitting your review!"}
&amp#27;[38;5;32m[AndroidUiautomator2Driver@fb3b (5cabbd15)]&amp#27;[0m Replacing sessionId dc1a88ef-730b-4fe2-afab-0087ad1f4d72 with 5cabbd15-7e20-42e4-8d48-d95ee721e291
&amp#27;[38;5;0m[HTTP]&amp#27;[0m &amp#27;[37m<-- GET /session/5cabbd15-7e20-42e4-8d48-d95ee721e291/element/00000000-0000-05d3-ffff-ffff000002d4/text &amp#27;[39m&amp#27;[32m200&amp#27;[39m &amp#27;[90m38 ms - 100&amp#27;[39m
&amp#27;[38;5;0m[HTTP]&amp#27;[0m &amp#27;[90m&amp#27;[39m
&amp#27;[38;5;0m[HTTP]&amp#27;[0m &amp#27;[37m-->&amp#27;[39m &amp#27;[37mGET&amp#27;[39m &amp#27;[37m/session/5cabbd15-7e20-42e4-8d48-d95ee721e291/context&amp#27;[39m
&amp#27;[38;5;0m[HTTP]&amp#27;[0m &amp#27;[90m{}&amp#27;[39m
&amp#27;[38;5;32m[AndroidUiautomator2Driver@fb3b (5cabbd15)]&amp#27;[0m Calling AppiumDriver.getCurrentContext() with args: ["5cabbd15-7e20-42e4-8d48-d95ee721e291"]
&amp#27;[38;5;32m[AndroidUiautomator2Driver@fb3b (5cabbd15)]&amp#27;[0m Responding to client with driver.getCurrentContext() result: "NATIVE_APP"
&amp#27;[38;5;0m[HTTP]&amp#27;[0m &amp#27;[37m<-- GET /session/5cabbd15-7e20-42e4-8d48-d95ee721e291/context &amp#27;[39m&amp#27;[32m200&amp#27;[39m &amp#27;[90m1 ms - 22&amp#27;[39m
&amp#27;[38;5;0m[HTTP]&amp#27;[0m &amp#27;[90m&amp#27;[39m
&amp#27;[38;5;0m[HTTP]&amp#27;[0m &amp#27;[37m-->&amp#27;[39m &amp#27;[37mPOST&amp#27;[39m &amp#27;[37m/session/5cabbd15-7e20-42e4-8d48-d95ee721e291/element&amp#27;[39m
&amp#27;[38;5;0m[HTTP]&amp#27;[0m &amp#27;[90m{"using":"accessibility id","value":"Close Modal button"}&amp#27;[39m
&amp#27;[38;5;32m[AndroidUiautomator2Driver@fb3b (5cabbd15)]&amp#27;[0m Calling AppiumDriver.findElement() with args: ["accessibility id","Close Modal button","5cabbd15-7e20-42e4-8d48-d95ee721e291"]
&amp#27;[38;5;32m[AndroidUiautomator2Driver@fb3b (5cabbd15)]&amp#27;[0m Valid locator strategies for this request: xpath, id, class name, accessibility id, css selector, -android uiautomator
&amp#27;[38;5;32m[AndroidUiautomator2Driver@fb3b (5cabbd15)]&amp#27;[0m Waiting up to 10000 ms for condition
&amp#27;[38;5;32m[AndroidUiautomator2Driver@fb3b (5cabbd15)]&amp#27;[0m Matched '/element' to command name 'findElement'
&amp#27;[38;5;32m[AndroidUiautomator2Driver@fb3b (5cabbd15)]&amp#27;[0m Proxying [POST /element] to [POST http://127.0.0.1:8201/session/dc1a88ef-730b-4fe2-afab-0087ad1f4d72/element] with body: {"strategy":"accessibility id","selector":"Close Modal button","context":"","multiple":false}
&amp#27;[38;5;32m[AndroidUiautomator2Driver@fb3b (5cabbd15)]&amp#27;[0m Got response with status 200: {"sessionId":"dc1a88ef-730b-4fe2-afab-0087ad1f4d72","value":{"ELEMENT":"00000000-0000-05d3-ffff-ffff000002d5","element-6066-11e4-a52e-4f735466cecf":"00000000-0000-05d3-ffff-ffff000002d5"}}
&amp#27;[38;5;32m[AndroidUiautomator2Driver@fb3b (5cabbd15)]&amp#27;[0m Responding to client with driver.findElement() result: {"element-6066-11e4-a52e-4f735466cecf":"00000000-0000-05d3-ffff-ffff000002d5","ELEMENT":"00000000-0000-05d3-ffff-ffff000002d5"}
&amp#27;[38;5;0m[HTTP]&amp#27;[0m &amp#27;[37m<-- POST /session/5cabbd15-7e20-42e4-8d48-d95ee721e291/element &amp#27;[39m&amp#27;[32m200&amp#27;[39m &amp#27;[90m58 ms - 137&amp#27;[39m
&amp#27;[38;5;0m[HTTP]&amp#27;[0m &amp#27;[90m&amp#27;[39m
&amp#27;[38;5;0m[HTTP]&amp#27;[0m &amp#27;[37m-->&amp#27;[39m &amp#27;[37mPOST&amp#27;[39m &amp#27;[37m/session/5cabbd15-7e20-42e4-8d48-d95ee721e291/element/00000000-0000-05d3-ffff-ffff000002d5/click&amp#27;[39m
&amp#27;[38;5;0m[HTTP]&amp#27;[0m &amp#27;[90m{"id":"00000000-0000-05d3-ffff-ffff000002d5"}&amp#27;[39m
&amp#27;[38;5;32m[AndroidUiautomator2Driver@fb3b (5cabbd15)]&amp#27;[0m Calling AppiumDriver.click() with args: ["00000000-0000-05d3-ffff-ffff000002d5","5cabbd15-7e20-42e4-8d48-d95ee721e291"]
&amp#27;[38;5;32m[AndroidUiautomator2Driver@fb3b (5cabbd15)]&amp#27;[0m Matched '/element/00000000-0000-05d3-ffff-ffff000002d5/click' to command name 'click'
&amp#27;[38;5;32m[AndroidUiautomator2Driver@fb3b (5cabbd15)]&amp#27;[0m Proxying [POST /element/00000000-0000-05d3-ffff-ffff000002d5/click] to [POST http://127.0.0.1:8201/session/dc1a88ef-730b-4fe2-afab-0087ad1f4d72/element/00000000-0000-05d3-ffff-ffff000002d5/click] with body: {"element":"00000000-0000-05d3-ffff-ffff000002d5"}
&amp#27;[38;5;32m[AndroidUiautomator2Driver@fb3b (5cabbd15)]&amp#27;[0m Got response with status 200: {"sessionId":"dc1a88ef-730b-4fe2-afab-0087ad1f4d72","value":null}
&amp#27;[38;5;32m[AndroidUiautomator2Driver@fb3b (5cabbd15)]&amp#27;[0m Responding to client with driver.click() result: null
&amp#27;[38;5;0m[HTTP]&amp#27;[0m &amp#27;[37m<-- POST /session/5cabbd15-7e20-42e4-8d48-d95ee721e291/element/00000000-0000-05d3-ffff-ffff000002d5/click &amp#27;[39m&amp#27;[32m200&amp#27;[39m &amp#27;[90m60 ms - 14&amp#27;[39m
&amp#27;[38;5;0m[HTTP]&amp#27;[0m &amp#27;[90m&amp#27;[39m
&amp#27;[38;5;0m[HTTP]&amp#27;[0m &amp#27;[37m-->&amp#27;[39m &amp#27;[37mGET&amp#27;[39m &amp#27;[37m/session/5cabbd15-7e20-42e4-8d48-d95ee721e291/context&amp#27;[39m
&amp#27;[38;5;0m[HTTP]&amp#27;[0m &amp#27;[90m{}&amp#27;[39m
&amp#27;[38;5;32m[AndroidUiautomator2Driver@fb3b (5cabbd15)]&amp#27;[0m Calling AppiumDriver.getCurrentContext() with args: ["5cabbd15-7e20-42e4-8d48-d95ee721e291"]
&amp#27;[38;5;32m[AndroidUiautomator2Driver@fb3b (5cabbd15)]&amp#27;[0m Responding to client with driver.getCurrentContext() result: "NATIVE_APP"
&amp#27;[38;5;0m[HTTP]&amp#27;[0m &amp#27;[37m<-- GET /session/5cabbd15-7e20-42e4-8d48-d95ee721e291/context &amp#27;[39m&amp#27;[32m200&amp#27;[39m &amp#27;[90m0 ms - 22&amp#27;[39m
&amp#27;[38;5;0m[HTTP]&amp#27;[0m &amp#27;[90m&amp#27;[39m
&amp#27;[38;5;0m[HTTP]&amp#27;[0m &amp#27;[37m-->&amp#27;[39m &amp#27;[37mPOST&amp#27;[39m &amp#27;[37m/session/5cabbd15-7e20-42e4-8d48-d95ee721e291/elements&amp#27;[39m
&amp#27;[38;5;0m[HTTP]&amp#27;[0m &amp#27;[90m{"using":"xpath","value":"//android.view.ViewGroup[@content-desc='store item']"}&amp#27;[39m
&amp#27;[38;5;32m[AndroidUiautomator2Driver@fb3b (5cabbd15)]&amp#27;[0m Calling AppiumDriver.findElements() with args: ["xpath","//android.view.ViewGroup[@content-desc='store item']","5cabbd15-7e20-42e4-8d48-d95ee721e291"]
&amp#27;[38;5;32m[AndroidUiautomator2Driver@fb3b (5cabbd15)]&amp#27;[0m Valid locator strategies for this request: xpath, id, class name, accessibility id, css selector, -android uiautomator
&amp#27;[38;5;32m[AndroidUiautomator2Driver@fb3b (5cabbd15)]&amp#27;[0m Waiting up to 10000 ms for condition
&amp#27;[38;5;32m[AndroidUiautomator2Driver@fb3b (5cabbd15)]&amp#27;[0m Matched '/elements' to command name 'findElements'
&amp#27;[38;5;32m[AndroidUiautomator2Driver@fb3b (5cabbd15)]&amp#27;[0m Proxying [POST /elements] to [POST http://127.0.0.1:8201/session/dc1a88ef-730b-4fe2-afab-0087ad1f4d72/elements] with body: {"strategy":"xpath","selector":"//android.view.ViewGroup[@content-desc='store item']","context":"","multiple":true}
&amp#27;[38;5;32m[AndroidUiautomator2Driver@fb3b (5cabbd15)]&amp#27;[0m Got response with status 200: {"sessionId":"dc1a88ef-730b-4fe2-afab-0087ad1f4d72","value":[]}
&amp#27;[38;5;32m[AndroidUiautomator2Driver@fb3b (5cabbd15)]&amp#27;[0m Waited for 155 ms so far
&amp#27;[38;5;32m[AndroidUiautomator2Driver@fb3b (5cabbd15)]&amp#27;[0m Matched '/elements' to command name 'findElements'
&amp#27;[38;5;32m[AndroidUiautomator2Driver@fb3b (5cabbd15)]&amp#27;[0m Proxying [POST /elements] to [POST http://127.0.0.1:8201/session/dc1a88ef-730b-4fe2-afab-0087ad1f4d72/elements] with body: {"strategy":"xpath","selector":"//android.view.ViewGroup[@content-desc='store item']","context":"","multiple":true}
&amp#27;[38;5;32m[AndroidUiautomator2Driver@fb3b (5cabbd15)]&amp#27;[0m Got response with status 200: {"sessionId":"dc1a88ef-730b-4fe2-afab-0087ad1f4d72","value":[{"ELEMENT":"00000000-0000-05c7-ffff-ffff0000022c","element-6066-11e4-a52e-4f735466cecf":"00000000-0000-05c7-ffff-ffff0000022c"},{"ELEMENT":"00000000-0000-05c7-ffff-ffff0000023b","element-6066-11e4-a52e-4f735466cecf":"00000000-0000-05c7-ffff-ffff0000023b"},{"ELEMENT":"00000000-0000-05c7-ffff-ffff0000024b","element-6066-11e4-a52e-4f735466cecf":"00000000-0000-05c7-ffff-ffff0000024b"},{"ELEMENT":"00000000-0000-05c7-ffff-ffff0000025a","element-6066-11e4-a52e-4f735466cecf":"00000000-0000-05c7-ffff-ffff0000025a"},{"ELEMENT":"00000000-0000-05c7-ffff-ffff0000026a","element-6066-11e4-a52e-4f735466cecf":"00000000-0000-05c7-ffff-ffff0000026a"},{"ELEMENT":"00000000-0000-05c7-ffff-ffff00000279","element-6066-11e4-a52e-4f735466cecf":"00000000-0000-05c7-ffff-ffff00000279"}]}
&amp#27;[38;5;32m[AndroidUiautomator2Driver@fb3b (5cabbd15)]&amp#27;[0m Responding to client with driver.findElements() result: [{"element-6066-11e4-a52e-4f735466cecf":"00000000-0000-05c7-ffff-ffff0000022c","ELEMENT":"00000000-0000-05c7-ffff-ffff0000022c"},{"element-6066-11e4-a52e-4f735466cecf":"00000000-0000-05c7-ffff-ffff0000023b","ELEMENT":"00000000-0000-05c7-ffff-ffff0000023b"},{"element-6066-11e4-a52e-4f735466cecf":"00000000-0000-05c7-ffff-ffff0000024b","ELEMENT":"00000000-0000-05c7-ffff-ffff0000024b"},{"element-6066-11e4-a52e-4f735466cecf":"00000000-0000-05c7-ffff-ffff0000025a","ELEMENT":"00000000-0000-05c7-ffff-ffff0000025a"},{"element-6066-11e4-a52e-4f735466cecf":"00000000-0000-05c7-ffff-ffff0000026a","ELEMENT":"00000000-0000-05c7-ffff-ffff0000026a"},{"element-6066-11e4-a52e-4f735466cecf":"00000000-0000-05c7-ffff-ffff00000279","ELEMENT":"00000000-0000-05c7-ffff-ffff00000279"}]
&amp#27;[38;5;0m[HTTP]&amp#27;[0m &amp#27;[37m<-- POST /session/5cabbd15-7e20-42e4-8d48-d95ee721e291/elements &amp#27;[39m&amp#27;[32m200&amp#27;[39m &amp#27;[90m1309 ms - 779&amp#27;[39m
&amp#27;[38;5;0m[HTTP]&amp#27;[0m &amp#27;[90m&amp#27;[39m
&amp#27;[38;5;0m[HTTP]&amp#27;[0m &amp#27;[37m-->&amp#27;[39m &amp#27;[37mPOST&amp#27;[39m &amp#27;[37m/session/5cabbd15-7e20-42e4-8d48-d95ee721e291/element/00000000-0000-05c7-ffff-ffff0000022c/element&amp#27;[39m
&amp#27;[38;5;0m[HTTP]&amp#27;[0m &amp#27;[90m{"id":"00000000-0000-05c7-ffff-ffff0000022c","using":"xpath","value":"//android.view.ViewGroup[@content-desc='review star 5']"}&amp#27;[39m
&amp#27;[38;5;32m[AndroidUiautomator2Driver@fb3b (5cabbd15)]&amp#27;[0m Calling AppiumDriver.findElementFromElement() with args: ["xpath","//android.view.ViewGroup[@content-desc='review star 5']","00000000-0000-05c7-ffff-ffff0000022c","5cabbd15-7e20-42e4-8d48-d95ee721e291"]
&amp#27;[38;5;32m[AndroidUiautomator2Driver@fb3b (5cabbd15)]&amp#27;[0m Valid locator strategies for this request: xpath, id, class name, accessibility id, css selector, -android uiautomator
&amp#27;[38;5;32m[AndroidUiautomator2Driver@fb3b (5cabbd15)]&amp#27;[0m Waiting up to 10000 ms for condition
&amp#27;[38;5;32m[AndroidUiautomator2Driver@fb3b (5cabbd15)]&amp#27;[0m Matched '/element' to command name 'findElement'
&amp#27;[38;5;32m[AndroidUiautomator2Driver@fb3b (5cabbd15)]&amp#27;[0m Proxying [POST /element] to [POST http://127.0.0.1:8201/session/dc1a88ef-730b-4fe2-afab-0087ad1f4d72/element] with body: {"strategy":"xpath","selector":"//android.view.ViewGroup[@content-desc='review star 5']","context":"00000000-0000-05c7-ffff-ffff0000022c","multiple":false}
&amp#27;[38;5;32m[AndroidUiautomator2Driver@fb3b (5cabbd15)]&amp#27;[0m Got response with status 200: {"sessionId":"dc1a88ef-730b-4fe2-afab-0087ad1f4d72","value":{"ELEMENT":"00000000-0000-05c7-ffff-ffff00000239","element-6066-11e4-a52e-4f735466cecf":"00000000-0000-05c7-ffff-ffff00000239"}}
&amp#27;[38;5;32m[AndroidUiautomator2Driver@fb3b (5cabbd15)]&amp#27;[0m Responding to client with driver.findElementFromElement() result: {"element-6066-11e4-a52e-4f735466cecf":"00000000-0000-05c7-ffff-ffff00000239","ELEMENT":"00000000-0000-05c7-ffff-ffff00000239"}
&amp#27;[38;5;0m[HTTP]&amp#27;[0m &amp#27;[37m<-- POST /session/5cabbd15-7e20-42e4-8d48-d95ee721e291/element/00000000-0000-05c7-ffff-ffff0000022c/element &amp#27;[39m&amp#27;[32m200&amp#27;[39m &amp#27;[90m81 ms - 137&amp#27;[39m
&amp#27;[38;5;0m[HTTP]&amp#27;[0m &amp#27;[90m&amp#27;[39m
&amp#27;[38;5;0m[HTTP]&amp#27;[0m &amp#27;[37m-->&amp#27;[39m &amp#27;[37mPOST&amp#27;[39m &amp#27;[37m/session/5cabbd15-7e20-42e4-8d48-d95ee721e291/element/00000000-0000-05c7-ffff-ffff00000239/click&amp#27;[39m
&amp#27;[38;5;0m[HTTP]&amp#27;[0m &amp#27;[90m{"id":"00000000-0000-05c7-ffff-ffff00000239"}&amp#27;[39m
&amp#27;[38;5;32m[AndroidUiautomator2Driver@fb3b (5cabbd15)]&amp#27;[0m Calling AppiumDriver.click() with args: ["00000000-0000-05c7-ffff-ffff00000239","5cabbd15-7e20-42e4-8d48-d95ee721e291"]
&amp#27;[38;5;32m[AndroidUiautomator2Driver@fb3b (5cabbd15)]&amp#27;[0m Matched '/element/00000000-0000-05c7-ffff-ffff00000239/click' to command name 'click'
&amp#27;[38;5;32m[AndroidUiautomator2Driver@fb3b (5cabbd15)]&amp#27;[0m Proxying [POST /element/00000000-0000-05c7-ffff-ffff00000239/click] to [POST http://127.0.0.1:8201/session/dc1a88ef-730b-4fe2-afab-0087ad1f4d72/element/00000000-0000-05c7-ffff-ffff00000239/click] with body: {"element":"00000000-0000-05c7-ffff-ffff00000239"}
&amp#27;[38;5;32m[AndroidUiautomator2Driver@fb3b (5cabbd15)]&amp#27;[0m Got response with status 200: {"sessionId":"dc1a88ef-730b-4fe2-afab-0087ad1f4d72","value":null}
&amp#27;[38;5;32m[AndroidUiautomator2Driver@fb3b (5cabbd15)]&amp#27;[0m Responding to client with driver.click() result: null
&amp#27;[38;5;0m[HTTP]&amp#27;[0m &amp#27;[37m<-- POST /session/5cabbd15-7e20-42e4-8d48-d95ee721e291/element/00000000-0000-05c7-ffff-ffff00000239/click &amp#27;[39m&amp#27;[32m200&amp#27;[39m &amp#27;[90m65 ms - 14&amp#27;[39m
&amp#27;[38;5;0m[HTTP]&amp#27;[0m &amp#27;[90m&amp#27;[39m
&amp#27;[38;5;0m[HTTP]&amp#27;[0m &amp#27;[37m-->&amp#27;[39m &amp#27;[37mGET&amp#27;[39m &amp#27;[37m/session/5cabbd15-7e20-42e4-8d48-d95ee721e291/context&amp#27;[39m
&amp#27;[38;5;0m[HTTP]&amp#27;[0m &amp#27;[90m{}&amp#27;[39m
&amp#27;[38;5;32m[AndroidUiautomator2Driver@fb3b (5cabbd15)]&amp#27;[0m Calling AppiumDriver.getCurrentContext() with args: ["5cabbd15-7e20-42e4-8d48-d95ee721e291"]
&amp#27;[38;5;32m[AndroidUiautomator2Driver@fb3b (5cabbd15)]&amp#27;[0m Responding to client with driver.getCurrentContext() result: "NATIVE_APP"
&amp#27;[38;5;0m[HTTP]&amp#27;[0m &amp#27;[37m<-- GET /session/5cabbd15-7e20-42e4-8d48-d95ee721e291/context &amp#27;[39m&amp#27;[32m200&amp#27;[39m &amp#27;[90m0 ms - 22&amp#27;[39m
&amp#27;[38;5;0m[HTTP]&amp#27;[0m &amp#27;[90m&amp#27;[39m
&amp#27;[38;5;0m[HTTP]&amp#27;[0m &amp#27;[37m-->&amp#27;[39m &amp#27;[37mPOST&amp#27;[39m &amp#27;[37m/session/5cabbd15-7e20-42e4-8d48-d95ee721e291/element&amp#27;[39m
&amp#27;[38;5;0m[HTTP]&amp#27;[0m &amp#27;[90m{"using":"class name","value":"android.widget.TextView"}&amp#27;[39m
&amp#27;[38;5;32m[AndroidUiautomator2Driver@fb3b (5cabbd15)]&amp#27;[0m Calling AppiumDriver.findElement() with args: ["class name","android.widget.TextView","5cabbd15-7e20-42e4-8d48-d95ee721e291"]
&amp#27;[38;5;32m[AndroidUiautomator2Driver@fb3b (5cabbd15)]&amp#27;[0m Valid locator strategies for this request: xpath, id, class name, accessibility id, css selector, -android uiautomator
&amp#27;[38;5;32m[AndroidUiautomator2Driver@fb3b (5cabbd15)]&amp#27;[0m Waiting up to 10000 ms for condition
&amp#27;[38;5;32m[AndroidUiautomator2Driver@fb3b (5cabbd15)]&amp#27;[0m Matched '/element' to command name 'findElement'
&amp#27;[38;5;32m[AndroidUiautomator2Driver@fb3b (5cabbd15)]&amp#27;[0m Proxying [POST /element] to [POST http://127.0.0.1:8201/session/dc1a88ef-730b-4fe2-afab-0087ad1f4d72/element] with body: {"strategy":"class name","selector":"android.widget.TextView","context":"","multiple":false}
&amp#27;[38;5;32m[AndroidUiautomator2Driver@fb3b (5cabbd15)]&amp#27;[0m Got response with status 404: {"sessionId":"dc1a88ef-730b-4fe2-afab-0087ad1f4d72","value":{"error":"no such element","message":"An element could not be located on the page using the given search parameters","stacktrace":"io.appium.uiautomator2.common.exceptions.ElementNotFoundException: An element could not be located on the page using the given search parameters\n\tat io.appium.uiautomator2.handler.FindElement.safeHandle(FindElement.java:63)\n\tat io.appium.uiautomator2.handler.request.SafeRequestHandler.handle(SafeRequestHandler.java:59)\n\tat io.appium.uiautomator2.server.AppiumServlet.handleRequest(AppiumServlet.java:277)\n\tat io.appium.uiautomator2.server.AppiumServlet.handleHttpRequest(AppiumServlet.java:271)\n\tat io.appium.uiautomator2.http.ServerHandler.channelRead(ServerHandler.java:77)\n\tat io.netty.channel.AbstractChannelHandlerContext.invokeChannelRead(AbstractChannelHandlerContext.java:366)\n\tat io.netty.channel.AbstractChannelHandlerContext.invokeChannelRead(AbstractChannelHandlerContext.java:352)\n\tat io.netty.chann...
&amp#27;[38;5;128m[W3C]&amp#27;[0m Matched W3C error code 'no such element' to NoSuchElementError
&amp#27;[38;5;32m[AndroidUiautomator2Driver@fb3b (5cabbd15)]&amp#27;[0m Waited for 78 ms so far
&amp#27;[38;5;32m[AndroidUiautomator2Driver@fb3b (5cabbd15)]&amp#27;[0m Matched '/element' to command name 'findElement'
&amp#27;[38;5;32m[AndroidUiautomator2Driver@fb3b (5cabbd15)]&amp#27;[0m Proxying [POST /element] to [POST http://127.0.0.1:8201/session/dc1a88ef-730b-4fe2-afab-0087ad1f4d72/element] with body: {"strategy":"class name","selector":"android.widget.TextView","context":"","multiple":false}
&amp#27;[38;5;32m[AndroidUiautomator2Driver@fb3b (5cabbd15)]&amp#27;[0m Got response with status 200: {"sessionId":"dc1a88ef-730b-4fe2-afab-0087ad1f4d72","value":{"ELEMENT":"00000000-0000-05d4-ffff-ffff000002e1","element-6066-11e4-a52e-4f735466cecf":"00000000-0000-05d4-ffff-ffff000002e1"}}
&amp#27;[38;5;32m[AndroidUiautomator2Driver@fb3b (5cabbd15)]&amp#27;[0m Responding to client with driver.findElement() result: {"element-6066-11e4-a52e-4f735466cecf":"00000000-0000-05d4-ffff-ffff000002e1","ELEMENT":"00000000-0000-05d4-ffff-ffff000002e1"}
&amp#27;[38;5;0m[HTTP]&amp#27;[0m &amp#27;[37m<-- POST /session/5cabbd15-7e20-42e4-8d48-d95ee721e291/element &amp#27;[39m&amp#27;[32m200&amp#27;[39m &amp#27;[90m667 ms - 137&amp#27;[39m
&amp#27;[38;5;0m[HTTP]&amp#27;[0m &amp#27;[90m&amp#27;[39m
&amp#27;[38;5;0m[HTTP]&amp#27;[0m &amp#27;[37m-->&amp#27;[39m &amp#27;[37mGET&amp#27;[39m &amp#27;[37m/session/5cabbd15-7e20-42e4-8d48-d95ee721e291/element/00000000-0000-05d4-ffff-ffff000002e1/text&amp#27;[39m
&amp#27;[38;5;0m[HTTP]&amp#27;[0m &amp#27;[90m{}&amp#27;[39m
&amp#27;[38;5;32m[AndroidUiautomator2Driver@fb3b (5cabbd15)]&amp#27;[0m Driver proxy active, passing request on via HTTP proxy
&amp#27;[38;5;32m[AndroidUiautomator2Driver@fb3b (5cabbd15)]&amp#27;[0m Matched '/session/5cabbd15-7e20-42e4-8d48-d95ee721e291/element/00000000-0000-05d4-ffff-ffff000002e1/text' to command name 'getText'
&amp#27;[38;5;32m[AndroidUiautomator2Driver@fb3b (5cabbd15)]&amp#27;[0m Proxying [GET /session/5cabbd15-7e20-42e4-8d48-d95ee721e291/element/00000000-0000-05d4-ffff-ffff000002e1/text] to [GET http://127.0.0.1:8201/session/dc1a88ef-730b-4fe2-afab-0087ad1f4d72/element/00000000-0000-05d4-ffff-ffff000002e1/text] with no body
&amp#27;[38;5;32m[AndroidUiautomator2Driver@fb3b (5cabbd15)]&amp#27;[0m Got response with status 200: {"sessionId":"dc1a88ef-730b-4fe2-afab-0087ad1f4d72","value":"Thank you for submitting your review!"}
&amp#27;[38;5;32m[AndroidUiautomator2Driver@fb3b (5cabbd15)]&amp#27;[0m Replacing sessionId dc1a88ef-730b-4fe2-afab-0087ad1f4d72 with 5cabbd15-7e20-42e4-8d48-d95ee721e291
&amp#27;[38;5;0m[HTTP]&amp#27;[0m &amp#27;[37m<-- GET /session/5cabbd15-7e20-42e4-8d48-d95ee721e291/element/00000000-0000-05d4-ffff-ffff000002e1/text &amp#27;[39m&amp#27;[32m200&amp#27;[39m &amp#27;[90m21 ms - 100&amp#27;[39m
&amp#27;[38;5;0m[HTTP]&amp#27;[0m &amp#27;[90m&amp#27;[39m
&amp#27;[38;5;0m[HTTP]&amp#27;[0m &amp#27;[37m-->&amp#27;[39m &amp#27;[37mGET&amp#27;[39m &amp#27;[37m/session/5cabbd15-7e20-42e4-8d48-d95ee721e291/context&amp#27;[39m
&amp#27;[38;5;0m[HTTP]&amp#27;[0m &amp#27;[90m{}&amp#27;[39m
&amp#27;[38;5;32m[AndroidUiautomator2Driver@fb3b (5cabbd15)]&amp#27;[0m Calling AppiumDriver.getCurrentContext() with args: ["5cabbd15-7e20-42e4-8d48-d95ee721e291"]
&amp#27;[38;5;32m[AndroidUiautomator2Driver@fb3b (5cabbd15)]&amp#27;[0m Responding to client with driver.getCurrentContext() result: "NATIVE_APP"
&amp#27;[38;5;0m[HTTP]&amp#27;[0m &amp#27;[37m<-- GET /session/5cabbd15-7e20-42e4-8d48-d95ee721e291/context &amp#27;[39m&amp#27;[32m200&amp#27;[39m &amp#27;[90m0 ms - 22&amp#27;[39m
&amp#27;[38;5;0m[HTTP]&amp#27;[0m &amp#27;[90m&amp#27;[39m
&amp#27;[38;5;0m[HTTP]&amp#27;[0m &amp#27;[37m-->&amp#27;[39m &amp#27;[37mPOST&amp#27;[39m &amp#27;[37m/session/5cabbd15-7e20-42e4-8d48-d95ee721e291/element&amp#27;[39m
&amp#27;[38;5;0m[HTTP]&amp#27;[0m &amp#27;[90m{"using":"accessibility id","value":"Close Modal button"}&amp#27;[39m
&amp#27;[38;5;32m[AndroidUiautomator2Driver@fb3b (5cabbd15)]&amp#27;[0m Calling AppiumDriver.findElement() with args: ["accessibility id","Close Modal button","5cabbd15-7e20-42e4-8d48-d95ee721e291"]
&amp#27;[38;5;32m[AndroidUiautomator2Driver@fb3b (5cabbd15)]&amp#27;[0m Valid locator strategies for this request: xpath, id, class name, accessibility id, css selector, -android uiautomator
&amp#27;[38;5;32m[AndroidUiautomator2Driver@fb3b (5cabbd15)]&amp#27;[0m Waiting up to 10000 ms for condition
&amp#27;[38;5;32m[AndroidUiautomator2Driver@fb3b (5cabbd15)]&amp#27;[0m Matched '/element' to command name 'findElement'
&amp#27;[38;5;32m[AndroidUiautomator2Driver@fb3b (5cabbd15)]&amp#27;[0m Proxying [POST /element] to [POST http://127.0.0.1:8201/session/dc1a88ef-730b-4fe2-afab-0087ad1f4d72/element] with body: {"strategy":"accessibility id","selector":"Close Modal button","context":"","multiple":false}
&amp#27;[38;5;32m[AndroidUiautomator2Driver@fb3b (5cabbd15)]&amp#27;[0m Got response with status 200: {"sessionId":"dc1a88ef-730b-4fe2-afab-0087ad1f4d72","value":{"ELEMENT":"00000000-0000-05d4-ffff-ffff000002e2","element-6066-11e4-a52e-4f735466cecf":"00000000-0000-05d4-ffff-ffff000002e2"}}
&amp#27;[38;5;32m[AndroidUiautomator2Driver@fb3b (5cabbd15)]&amp#27;[0m Responding to client with driver.findElement() result: {"element-6066-11e4-a52e-4f735466cecf":"00000000-0000-05d4-ffff-ffff000002e2","ELEMENT":"00000000-0000-05d4-ffff-ffff000002e2"}
&amp#27;[38;5;0m[HTTP]&amp#27;[0m &amp#27;[37m<-- POST /session/5cabbd15-7e20-42e4-8d48-d95ee721e291/element &amp#27;[39m&amp#27;[32m200&amp#27;[39m &amp#27;[90m44 ms - 137&amp#27;[39m
&amp#27;[38;5;0m[HTTP]&amp#27;[0m &amp#27;[90m&amp#27;[39m
&amp#27;[38;5;0m[HTTP]&amp#27;[0m &amp#27;[37m-->&amp#27;[39m &amp#27;[37mPOST&amp#27;[39m &amp#27;[37m/session/5cabbd15-7e20-42e4-8d48-d95ee721e291/element/00000000-0000-05d4-ffff-ffff000002e2/click&amp#27;[39m
&amp#27;[38;5;0m[HTTP]&amp#27;[0m &amp#27;[90m{"id":"00000000-0000-05d4-ffff-ffff000002e2"}&amp#27;[39m
&amp#27;[38;5;32m[AndroidUiautomator2Driver@fb3b (5cabbd15)]&amp#27;[0m Calling AppiumDriver.click() with args: ["00000000-0000-05d4-ffff-ffff000002e2","5cabbd15-7e20-42e4-8d48-d95ee721e291"]
&amp#27;[38;5;32m[AndroidUiautomator2Driver@fb3b (5cabbd15)]&amp#27;[0m Matched '/element/00000000-0000-05d4-ffff-ffff000002e2/click' to command name 'click'
&amp#27;[38;5;32m[AndroidUiautomator2Driver@fb3b (5cabbd15)]&amp#27;[0m Proxying [POST /element/00000000-0000-05d4-ffff-ffff000002e2/click] to [POST http://127.0.0.1:8201/session/dc1a88ef-730b-4fe2-afab-0087ad1f4d72/element/00000000-0000-05d4-ffff-ffff000002e2/click] with body: {"element":"00000000-0000-05d4-ffff-ffff000002e2"}
&amp#27;[38;5;32m[AndroidUiautomator2Driver@fb3b (5cabbd15)]&amp#27;[0m Got response with status 200: {"sessionId":"dc1a88ef-730b-4fe2-afab-0087ad1f4d72","value":null}
&amp#27;[38;5;32m[AndroidUiautomator2Driver@fb3b (5cabbd15)]&amp#27;[0m Responding to client with driver.click() result: null
&amp#27;[38;5;0m[HTTP]&amp#27;[0m &amp#27;[37m<-- POST /session/5cabbd15-7e20-42e4-8d48-d95ee721e291/element/00000000-0000-05d4-ffff-ffff000002e2/click &amp#27;[39m&amp#27;[32m200&amp#27;[39m &amp#27;[90m64 ms - 14&amp#27;[39m
&amp#27;[38;5;0m[HTTP]&amp#27;[0m &amp#27;[90m&amp#27;[39m
]]></system-out>
  </testcase>
</testsuite>