<?xml version="1.0" encoding="UTF-8"?>
<!-- Generated by org.testng.reporters.JUnitReportReporter -->
<testsuite hostname="DESKTOP-AIR39DC" failures="0" tests="2" name="testCases.TC2_MenuFeatures" time="40.508" errors="0" timestamp="2024-02-05T21:40:09 PST" skipped="0">
  <testcase classname="testCases.TC2_MenuFeatures" name="WebviewTest" time="26.917"/>
  <testcase classname="testCases.TC2_MenuFeatures" name="AboutPageVerification" time="13.591"/>
</testsuite> <!-- testCases.TC2_MenuFeatures -->
