<?xml version="1.0" encoding="UTF-8"?>
<!-- Generated by org.testng.reporters.JUnitReportReporter -->
<testsuite hostname="DESKTOP-AIR39DC" failures="0" tests="1" name="testCases.TC2_MenuFeatures" time="13.090" errors="0" timestamp="2024-03-21T15:36:13 PDT" skipped="0">
  <testcase classname="testCases.TC2_MenuFeatures" name="GeoLocationVerification" time="13.090"/>
</testsuite> <!-- testCases.TC2_MenuFeatures -->
