<?xml version="1.0" encoding="UTF-8"?>
<!-- Generated by org.testng.reporters.JUnitReportReporter -->
<testsuite hostname="DESKTOP-AIR39DC" failures="0" tests="1" name="testCases.TC1_MakePurchase" time="39.386" errors="0" timestamp="2024-01-06T19:52:49 PST" skipped="0">
  <testcase classname="testCases.TC1_MakePurchase" name="SanityPurchase" time="39.386"/>
</testsuite> <!-- testCases.TC1_MakePurchase -->
