<?xml version="1.0" encoding="UTF-8"?>
<!-- Generated by org.testng.reporters.JUnitReportReporter -->
<testsuite hostname="DESKTOP-AIR39DC" failures="0" tests="1" name="testCases.TC2_MenuFeatures" time="28.833" errors="0" timestamp="2024-03-09T13:59:57 PST" skipped="0">
  <testcase classname="testCases.TC2_MenuFeatures" name="WebviewTest" time="28.833"/>
</testsuite> <!-- testCases.TC2_MenuFeatures -->
