<?xml version="1.0" encoding="UTF-8"?>
<!-- Generated by org.testng.reporters.JUnitReportReporter -->
<testsuite hostname="DESKTOP-AIR39DC" failures="0" tests="1" name="testCases.TC1_MakePurchase" time="6.975" errors="0" timestamp="2024-01-25T14:50:46 PST" skipped="0">
  <testcase classname="testCases.TC1_MakePurchase" name="getText" time="6.975"/>
</testsuite> <!-- testCases.TC1_MakePurchase -->
