<?xml version="1.0" encoding="UTF-8"?>
<!-- Generated by org.testng.reporters.JUnitReportReporter -->
<testsuite hostname="DESKTOP-AIR39DC" failures="0" tests="2" name="testCases.TC4_LoginTests" time="23.177" errors="0" timestamp="2024-04-11T14:00:22 PDT" skipped="0">
  <testcase classname="testCases.TC4_LoginTests" name="LogoutVerification" time="10.281"/>
  <testcase classname="testCases.TC4_LoginTests" name="LoginVerification" time="12.896"/>
</testsuite> <!-- testCases.TC4_LoginTests -->
