<?xml version="1.0" encoding="UTF-8"?>
<!-- Generated by org.testng.reporters.JUnitReportReporter -->
<testsuite hostname="DESKTOP-AIR39DC" failures="0" tests="2" name="testCases.TC5_LoginTestsNegative" time="20.414" errors="0" timestamp="2024-04-11T14:46:11 PDT" skipped="0">
  <testcase classname="testCases.TC5_LoginTestsNegative" name="LoginWithUsernameNoPasswordVerification" time="9.694"/>
  <testcase classname="testCases.TC5_LoginTestsNegative" name="LoginWithPasswordNoUserNameVerification" time="10.720"/>
</testsuite> <!-- testCases.TC5_LoginTestsNegative -->
