<?xml version="1.0" encoding="UTF-8"?>
<!-- Generated by org.testng.reporters.JUnitReportReporter -->
<testsuite hostname="DESKTOP-AIR39DC" failures="0" tests="1" name="testCases.TestClass1" time="2.750" errors="0" timestamp="2024-01-24T21:05:37 PST" skipped="0">
  <testcase classname="testCases.TestClass1" name="print123" time="2.750"/>
</testsuite> <!-- testCases.TestClass1 -->
