<?xml version="1.0" encoding="UTF-8"?>
<!-- Generated by org.testng.reporters.JUnitReportReporter -->
<testsuite hostname="DESKTOP-AIR39DC" failures="0" tests="1" name="testCases.TC3_CatalogueTests" time="5.668" errors="0" timestamp="2024-01-28T14:06:25 PST" skipped="0">
  <testcase classname="testCases.TC3_CatalogueTests" name="FooterVerification" time="5.668"/>
</testsuite> <!-- testCases.TC3_CatalogueTests -->
