<?xml version="1.0" encoding="UTF-8"?>
<!-- Generated by org.testng.reporters.JUnitReportReporter -->
<testsuite hostname="DESKTOP-AIR39DC" failures="0" tests="2" name="testCases.TC4_LoginTestsPositive" time="23.293" errors="0" timestamp="2024-04-11T14:19:31 PDT" skipped="0">
  <testcase classname="testCases.TC4_LoginTestsPositive" name="LoginVerification" time="12.500"/>
  <testcase classname="testCases.TC4_LoginTestsPositive" name="LogoutVerification" time="10.793"/>
</testsuite> <!-- testCases.TC4_LoginTestsPositive -->
