<?xml version="1.0" encoding="UTF-8"?>
<!-- Generated by org.testng.reporters.JUnitReportReporter -->
<testsuite hostname="DESKTOP-AIR39DC" failures="0" tests="3" name="testCases.TC1_MakePurchase" time="182.886" errors="0" timestamp="2024-02-05T14:06:52 PST" skipped="0">
  <testcase classname="testCases.TC1_MakePurchase" name="SanityPurchase" time="64.310"/>
  <testcase classname="testCases.TC1_MakePurchase" name="SanityPurchaseNotLoggedIn" time="60.784"/>
  <testcase classname="testCases.TC1_MakePurchase" name="ReviewOrderVerification" time="57.792"/>
</testsuite> <!-- testCases.TC1_MakePurchase -->
