<?xml version="1.0" encoding="UTF-8"?>
<!-- Generated by org.testng.reporters.JUnitReportReporter -->
<testsuite hostname="DESKTOP-AIR39DC" failures="0" tests="1" name="testCases.TC1_MakePurchase" time="55.601" errors="0" timestamp="2024-01-09T14:45:51 PST" skipped="0">
  <testcase classname="testCases.TC1_MakePurchase" name="SanityPurchaseNotLoggedIn" time="55.601"/>
</testsuite> <!-- testCases.TC1_MakePurchase -->
