<?xml version="1.0" encoding="UTF-8"?>
<!-- Generated by org.testng.reporters.JUnitReportReporter -->
<testsuite hostname="DESKTOP-AIR39DC" failures="0" tests="2" name="testCases.TC2_MenuFeatures" time="47.987" errors="0" timestamp="2024-01-24T15:55:44 PST" skipped="0">
  <testcase classname="testCases.TC2_MenuFeatures" name="LoginVerification" time="17.296"/>
  <testcase classname="testCases.TC2_MenuFeatures" name="ResetAppVerification" time="30.691"/>
</testsuite> <!-- testCases.TC2_MenuFeatures -->
