<?xml version="1.0" encoding="UTF-8"?>
<!-- Generated by org.testng.reporters.JUnitReportReporter -->
<testsuite hostname="DESKTOP-AIR39DC" failures="0" tests="1" name="testCases.TC1_MakePurchase" time="38.752" errors="0" timestamp="2024-01-07T11:40:41 PST" skipped="0">
  <testcase classname="testCases.TC1_MakePurchase" name="SanityPurchase" time="38.752"/>
</testsuite> <!-- testCases.TC1_MakePurchase -->
