<?xml version="1.0" encoding="UTF-8"?>
<!-- Generated by org.testng.reporters.JUnitReportReporter -->
<testsuite hostname="DESKTOP-AIR39DC" failures="0" tests="1" name="testCases.TestClass1" time="3.787" errors="0" timestamp="2024-02-03T20:35:55 PST" skipped="0">
  <testcase classname="testCases.TestClass1" name="test" time="3.787"/>
</testsuite> <!-- testCases.TestClass1 -->
