<?xml version="1.0" encoding="UTF-8"?>
<!-- Generated by org.testng.reporters.JUnitReportReporter -->
<testsuite hostname="DESKTOP-AIR39DC" failures="0" tests="2" name="testCases.TestClass2" time="0.003" errors="0" timestamp="2024-02-03T16:44:12 PST" skipped="0">
  <testcase classname="testCases.TestClass2" name="openpage1" time="0.001"/>
  <testcase classname="testCases.TestClass2" name="openpage" time="0.002"/>
</testsuite> <!-- testCases.TestClass2 -->
