<?xml version="1.0" encoding="UTF-8"?>
<!-- Generated by org.testng.reporters.JUnitReportReporter -->
<testsuite hostname="DESKTOP-AIR39DC" failures="0" tests="1" name="testCases.TC2_MenuFeatures" time="30.215" errors="0" timestamp="2024-01-20T16:58:09 PST" skipped="0">
  <testcase classname="testCases.TC2_MenuFeatures" name="ResetAppVerification" time="30.215"/>
</testsuite> <!-- testCases.TC2_MenuFeatures -->
