<?xml version="1.0" encoding="UTF-8"?>
<!-- Generated by org.testng.reporters.JUnitReportReporter -->
<testsuite hostname="DESKTOP-AIR39DC" failures="0" tests="6" name="testCases.TC5_LoginTestsNegative" time="66.821" errors="0" timestamp="2024-04-11T14:19:31 PDT" skipped="0">
  <testcase classname="testCases.TC5_LoginTestsNegative" name="LoginLockedAccountVerification" time="12.020"/>
  <testcase classname="testCases.TC5_LoginTestsNegative" name="LoginWithPasswordNoUserNameVerification" time="10.663"/>
  <testcase classname="testCases.TC5_LoginTestsNegative" name="LoginInvalidUsernameAndPasswordVerification" time="10.414"/>
  <testcase classname="testCases.TC5_LoginTestsNegative" name="LoginInvalidUsernameAndPasswordVerification" time="11.591"/>
  <testcase classname="testCases.TC5_LoginTestsNegative" name="LoginInvalidUsernameAndPasswordVerification" time="11.737"/>
  <testcase classname="testCases.TC5_LoginTestsNegative" name="LoginWithUsernameNoPasswordVerification" time="10.396"/>
</testsuite> <!-- testCases.TC5_LoginTestsNegative -->
