<?xml version="1.0" encoding="UTF-8"?>
<!-- Generated by org.testng.reporters.JUnitReportReporter -->
<testsuite hostname="DESKTOP-AIR39DC" failures="0" tests="1" name="testCases.TC2_MenuFeatures" time="13.216" errors="0" timestamp="2024-01-19T13:30:20 PST" skipped="0">
  <testcase classname="testCases.TC2_MenuFeatures" name="AboutPageVerification" time="13.216"/>
</testsuite> <!-- testCases.TC2_MenuFeatures -->
