<?xml version="1.0" encoding="UTF-8"?>
<!-- Generated by org.testng.reporters.JUnitReportReporter -->
<testsuite hostname="DESKTOP-AIR39DC" failures="0" tests="1" name="testCases.TC2_MenuFeatures" time="16.566" errors="0" timestamp="2024-01-22T17:56:21 PST" skipped="0">
  <testcase classname="testCases.TC2_MenuFeatures" name="LoginVerification" time="16.566"/>
</testsuite> <!-- testCases.TC2_MenuFeatures -->
