<?xml version="1.0" encoding="UTF-8"?>
<!-- Generated by org.testng.reporters.JUnitReportReporter -->
<testsuite hostname="DESKTOP-AIR39DC" failures="0" tests="1" name="testCases.TC1_MakePurchase" time="63.009" errors="0" timestamp="2024-01-11T15:35:02 PST" skipped="0">
  <testcase classname="testCases.TC1_MakePurchase" name="ReviewOrderVerification" time="63.009"/>
</testsuite> <!-- testCases.TC1_MakePurchase -->
