<?xml version="1.0" encoding="UTF-8"?>
<!-- Generated by org.testng.reporters.JUnitReportReporter -->
<testsuite hostname="DESKTOP-AIR39DC" failures="0" tests="1" name="testCases.TC1_MakePurchase" time="12.543" errors="0" timestamp="2024-01-06T13:51:38 PST" skipped="0">
  <testcase classname="testCases.TC1_MakePurchase" name="SanityPurchase" time="12.543"/>
</testsuite> <!-- testCases.TC1_MakePurchase -->
