<?xml version="1.0" encoding="UTF-8"?>
<!-- Generated by org.testng.reporters.JUnitReportReporter -->
<testsuite hostname="DESKTOP-AIR39DC" failures="0" tests="1" name="testCases.TC4_LoginTests" time="10.527" errors="0" timestamp="2024-04-09T15:46:20 PDT" skipped="0">
  <testcase classname="testCases.TC4_LoginTests" name="LoginLockedAccountVerification" time="10.527"/>
</testsuite> <!-- testCases.TC4_LoginTests -->
