<?xml version="1.0" encoding="UTF-8"?>
<!-- Generated by org.testng.reporters.JUnitReportReporter -->
<testsuite hostname="DESKTOP-AIR39DC" failures="0" tests="1" name="testUtils.BaseTest" time="16.247" errors="0" timestamp="2024-01-05T13:57:38 PST" skipped="0">
  <testcase classname="testUtils.BaseTest" name="ConfigureAppium" time="16.247"/>
</testsuite> <!-- testUtils.BaseTest -->
