<?xml version="1.0" encoding="UTF-8"?>
<!-- Generated by org.testng.reporters.JUnitReportReporter -->
<testsuite hostname="DESKTOP-AIR39DC" failures="0" tests="4" name="testCases.TC3_CatalogueTests" time="64.423" errors="0" timestamp="2024-02-05T14:19:02 PST" skipped="0">
  <testcase classname="testCases.TC3_CatalogueTests" name="AscendingNameSortVerification" time="20.371"/>
  <testcase classname="testCases.TC3_CatalogueTests" name="AscendingPriceSortVerification" time="14.764"/>
  <testcase classname="testCases.TC3_CatalogueTests" name="DescendingNameSortVerification" time="15.391"/>
  <testcase classname="testCases.TC3_CatalogueTests" name="DescendingPriceSortVerification" time="13.897"/>
</testsuite> <!-- testCases.TC3_CatalogueTests -->
