<?xml version="1.0" encoding="UTF-8"?>
<!-- Generated by org.testng.reporters.JUnitReportReporter -->
<testsuite hostname="DESKTOP-AIR39DC" failures="0" tests="1" name="testCases.TC2_MenuFeatures" time="32.286" errors="0" timestamp="2024-01-18T19:19:52 PST" skipped="0">
  <testcase classname="testCases.TC2_MenuFeatures" name="WebViewTest" time="32.286"/>
</testsuite> <!-- testCases.TC2_MenuFeatures -->
