<?xml version="1.0" encoding="UTF-8"?>
<!-- Generated by org.testng.reporters.JUnitReportReporter -->
<testsuite hostname="DESKTOP-AIR39DC" failures="0" tests="6" name="testCases.TC3_CatalogueTests" time="77.068" errors="0" timestamp="2024-02-05T21:50:28 PST" skipped="0">
  <testcase classname="testCases.TC3_CatalogueTests" name="FooterVerification" time="3.814"/>
  <testcase classname="testCases.TC3_CatalogueTests" name="AscendingPriceSortVerification" time="15.598"/>
  <testcase classname="testCases.TC3_CatalogueTests" name="DescendingPriceSortVerification" time="14.151"/>
  <testcase classname="testCases.TC3_CatalogueTests" name="DescendingNameSortVerification" time="15.768"/>
  <testcase classname="testCases.TC3_CatalogueTests" name="ProductRatingVerification" time="10.164"/>
  <testcase classname="testCases.TC3_CatalogueTests" name="AscendingNameSortVerification" time="17.573"/>
</testsuite> <!-- testCases.TC3_CatalogueTests -->
