<?xml version="1.0" encoding="UTF-8"?>
<!-- Generated by org.testng.reporters.JUnitReportReporter -->
<testsuite hostname="DESKTOP-AIR39DC" failures="0" tests="4" name="testCases.TC2_MenuFeatures" time="87.490" errors="0" timestamp="2024-02-05T21:50:28 PST" skipped="0">
  <testcase classname="testCases.TC2_MenuFeatures" name="ResetAppVerification" time="29.659"/>
  <testcase classname="testCases.TC2_MenuFeatures" name="LoginVerification" time="18.391"/>
  <testcase classname="testCases.TC2_MenuFeatures" name="AboutPageVerification" time="13.258"/>
  <testcase classname="testCases.TC2_MenuFeatures" name="WebviewTest" time="26.182"/>
</testsuite> <!-- testCases.TC2_MenuFeatures -->
