<?xml version="1.0" encoding="UTF-8"?>
<!-- Generated by org.testng.reporters.JUnitReportReporter -->
<testsuite hostname="DESKTOP-AIR39DC" failures="0" tests="3" name="testCases.TC1_MakePurchase" time="186.689" errors="0" timestamp="2024-02-05T21:50:28 PST" skipped="0">
  <testcase classname="testCases.TC1_MakePurchase" name="SanityPurchase" time="62.290"/>
  <testcase classname="testCases.TC1_MakePurchase" name="SanityPurchaseNotLoggedIn" time="60.944"/>
  <testcase classname="testCases.TC1_MakePurchase" name="ReviewOrderVerification" time="63.455"/>
</testsuite> <!-- testCases.TC1_MakePurchase -->
